[2022-08-29T12:35:12.993-0400] {taskinstance.py:1171} INFO - Dependencies all met for <TaskInstance: example_bash_operator.this_will_skip scheduled__2022-08-28T00:00:00+00:00 [queued]>
[2022-08-29T12:35:13.008-0400] {taskinstance.py:1171} INFO - Dependencies all met for <TaskInstance: example_bash_operator.this_will_skip scheduled__2022-08-28T00:00:00+00:00 [queued]>
[2022-08-29T12:35:13.009-0400] {taskinstance.py:1368} INFO - 
--------------------------------------------------------------------------------
[2022-08-29T12:35:13.009-0400] {taskinstance.py:1369} INFO - Starting attempt 1 of 1
[2022-08-29T12:35:13.009-0400] {taskinstance.py:1370} INFO - 
--------------------------------------------------------------------------------
[2022-08-29T12:35:13.039-0400] {taskinstance.py:1389} INFO - Executing <Task(BashOperator): this_will_skip> on 2022-08-28 00:00:00+00:00
[2022-08-29T12:35:13.042-0400] {standard_task_runner.py:52} INFO - Started process 524 to run task
[2022-08-29T12:35:13.046-0400] {standard_task_runner.py:79} INFO - Running: ['airflow', 'tasks', 'run', 'example_bash_operator', 'this_will_skip', 'scheduled__2022-08-28T00:00:00+00:00', '--job-id', '6', '--raw', '--subdir', '/home/augenz/PycharmProjects/airflow/.env_airflow/lib/python3.9/site-packages/airflow/example_dags/example_bash_operator.py', '--cfg-path', '/run/user/1000/app/com.jetbrains.PyCharm-Community/tmpx4hg0mh_', '--error-file', '/run/user/1000/app/com.jetbrains.PyCharm-Community/tmpxf87v3vs']
[2022-08-29T12:35:13.047-0400] {standard_task_runner.py:80} INFO - Job 6: Subtask this_will_skip
[2022-08-29T12:35:13.222-0400] {task_command.py:371} INFO - Running <TaskInstance: example_bash_operator.this_will_skip scheduled__2022-08-28T00:00:00+00:00 [running]> on host pop-os.localdomain
[2022-08-29T12:35:13.436-0400] {taskinstance.py:1581} INFO - Exporting the following env vars:
AIRFLOW_CTX_DAG_OWNER=airflow
AIRFLOW_CTX_DAG_ID=example_bash_operator
AIRFLOW_CTX_TASK_ID=this_will_skip
AIRFLOW_CTX_EXECUTION_DATE=2022-08-28T00:00:00+00:00
AIRFLOW_CTX_TRY_NUMBER=1
AIRFLOW_CTX_DAG_RUN_ID=scheduled__2022-08-28T00:00:00+00:00
[2022-08-29T12:35:13.438-0400] {subprocess.py:62} INFO - Tmp dir root location: 
 /run/user/1000/app/com.jetbrains.PyCharm-Community
[2022-08-29T12:35:13.439-0400] {subprocess.py:74} INFO - Running command: ['/usr/bin/bash', '-c', 'echo "hello world"; exit 99;']
[2022-08-29T12:35:13.447-0400] {subprocess.py:85} INFO - Output:
[2022-08-29T12:35:13.452-0400] {subprocess.py:92} INFO - hello world
[2022-08-29T12:35:13.452-0400] {subprocess.py:96} INFO - Command exited with return code 99
[2022-08-29T12:35:13.453-0400] {taskinstance.py:1490} INFO - Bash command returned exit code 99. Skipping.
[2022-08-29T12:35:13.487-0400] {taskinstance.py:1407} INFO - Marking task as SKIPPED. dag_id=example_bash_operator, task_id=this_will_skip, execution_date=20220828T000000, start_date=20220829T163512, end_date=20220829T163513
[2022-08-29T12:35:13.539-0400] {local_task_job.py:156} INFO - Task exited with return code 0
[2022-08-29T12:35:13.647-0400] {local_task_job.py:279} INFO - 0 downstream tasks scheduled from follow-on schedule check
