[2022-08-29T22:13:26.316-0400] {processor.py:153} INFO - Started process (PID=17318) to work on /home/augenz/PycharmProjects/airflow/dags/dag_with_postgres_operator_v03.py
[2022-08-29T22:13:26.317-0400] {processor.py:640} INFO - Processing file /home/augenz/PycharmProjects/airflow/dags/dag_with_postgres_operator_v03.py for tasks to queue
[2022-08-29T22:13:26.317-0400] {logging_mixin.py:115} INFO - [2022-08-29T22:13:26.317-0400] {dagbag.py:508} INFO - Filling up the DagBag from /home/augenz/PycharmProjects/airflow/dags/dag_with_postgres_operator_v03.py
[2022-08-29T22:13:26.360-0400] {logging_mixin.py:115} INFO - [2022-08-29T22:13:26.359-0400] {dagbag.py:321} ERROR - Failed to import: /home/augenz/PycharmProjects/airflow/dags/dag_with_postgres_operator_v03.py
Traceback (most recent call last):
  File "/home/augenz/PycharmProjects/airflow/.env_airflow/lib/python3.9/site-packages/airflow/models/dagbag.py", line 318, in parse
    loader.exec_module(new_module)
  File "<frozen importlib._bootstrap_external>", line 850, in exec_module
  File "<frozen importlib._bootstrap>", line 228, in _call_with_frames_removed
  File "/home/augenz/PycharmProjects/airflow/dags/dag_with_postgres_operator_v03.py", line 38, in <module>
    task3 = PostgresOperator(
  File "/home/augenz/PycharmProjects/airflow/.env_airflow/lib/python3.9/site-packages/airflow/models/baseoperator.py", line 373, in apply_defaults
    raise AirflowException(f"missing keyword argument {missing_args.pop()!r}")
airflow.exceptions.AirflowException: missing keyword argument 'sql'
[2022-08-29T22:13:26.361-0400] {processor.py:652} WARNING - No viable dags retrieved from /home/augenz/PycharmProjects/airflow/dags/dag_with_postgres_operator_v03.py
[2022-08-29T22:13:26.446-0400] {processor.py:161} INFO - Processing /home/augenz/PycharmProjects/airflow/dags/dag_with_postgres_operator_v03.py took 0.134 seconds
[2022-08-29T22:13:56.684-0400] {processor.py:153} INFO - Started process (PID=17351) to work on /home/augenz/PycharmProjects/airflow/dags/dag_with_postgres_operator_v03.py
[2022-08-29T22:13:56.688-0400] {processor.py:640} INFO - Processing file /home/augenz/PycharmProjects/airflow/dags/dag_with_postgres_operator_v03.py for tasks to queue
[2022-08-29T22:13:56.689-0400] {logging_mixin.py:115} INFO - [2022-08-29T22:13:56.689-0400] {dagbag.py:508} INFO - Filling up the DagBag from /home/augenz/PycharmProjects/airflow/dags/dag_with_postgres_operator_v03.py
[2022-08-29T22:13:56.734-0400] {logging_mixin.py:115} INFO - [2022-08-29T22:13:56.732-0400] {dagbag.py:321} ERROR - Failed to import: /home/augenz/PycharmProjects/airflow/dags/dag_with_postgres_operator_v03.py
Traceback (most recent call last):
  File "/home/augenz/PycharmProjects/airflow/.env_airflow/lib/python3.9/site-packages/airflow/models/dagbag.py", line 318, in parse
    loader.exec_module(new_module)
  File "<frozen importlib._bootstrap_external>", line 850, in exec_module
  File "<frozen importlib._bootstrap>", line 228, in _call_with_frames_removed
  File "/home/augenz/PycharmProjects/airflow/dags/dag_with_postgres_operator_v03.py", line 38, in <module>
    task3 = PostgresOperator(
  File "/home/augenz/PycharmProjects/airflow/.env_airflow/lib/python3.9/site-packages/airflow/models/baseoperator.py", line 373, in apply_defaults
    raise AirflowException(f"missing keyword argument {missing_args.pop()!r}")
airflow.exceptions.AirflowException: missing keyword argument 'sql'
[2022-08-29T22:13:56.734-0400] {processor.py:652} WARNING - No viable dags retrieved from /home/augenz/PycharmProjects/airflow/dags/dag_with_postgres_operator_v03.py
[2022-08-29T22:13:56.818-0400] {processor.py:161} INFO - Processing /home/augenz/PycharmProjects/airflow/dags/dag_with_postgres_operator_v03.py took 0.139 seconds
[2022-08-29T22:14:26.983-0400] {processor.py:153} INFO - Started process (PID=17388) to work on /home/augenz/PycharmProjects/airflow/dags/dag_with_postgres_operator_v03.py
[2022-08-29T22:14:26.991-0400] {processor.py:640} INFO - Processing file /home/augenz/PycharmProjects/airflow/dags/dag_with_postgres_operator_v03.py for tasks to queue
[2022-08-29T22:14:26.992-0400] {logging_mixin.py:115} INFO - [2022-08-29T22:14:26.992-0400] {dagbag.py:508} INFO - Filling up the DagBag from /home/augenz/PycharmProjects/airflow/dags/dag_with_postgres_operator_v03.py
[2022-08-29T22:14:27.031-0400] {logging_mixin.py:115} INFO - [2022-08-29T22:14:27.030-0400] {dagbag.py:321} ERROR - Failed to import: /home/augenz/PycharmProjects/airflow/dags/dag_with_postgres_operator_v03.py
Traceback (most recent call last):
  File "/home/augenz/PycharmProjects/airflow/.env_airflow/lib/python3.9/site-packages/airflow/models/dagbag.py", line 318, in parse
    loader.exec_module(new_module)
  File "<frozen importlib._bootstrap_external>", line 850, in exec_module
  File "<frozen importlib._bootstrap>", line 228, in _call_with_frames_removed
  File "/home/augenz/PycharmProjects/airflow/dags/dag_with_postgres_operator_v03.py", line 38, in <module>
    task3 = PostgresOperator(
  File "/home/augenz/PycharmProjects/airflow/.env_airflow/lib/python3.9/site-packages/airflow/models/baseoperator.py", line 373, in apply_defaults
    raise AirflowException(f"missing keyword argument {missing_args.pop()!r}")
airflow.exceptions.AirflowException: missing keyword argument 'sql'
[2022-08-29T22:14:27.032-0400] {processor.py:652} WARNING - No viable dags retrieved from /home/augenz/PycharmProjects/airflow/dags/dag_with_postgres_operator_v03.py
[2022-08-29T22:14:27.098-0400] {processor.py:161} INFO - Processing /home/augenz/PycharmProjects/airflow/dags/dag_with_postgres_operator_v03.py took 0.119 seconds
[2022-08-29T22:14:57.300-0400] {processor.py:153} INFO - Started process (PID=17414) to work on /home/augenz/PycharmProjects/airflow/dags/dag_with_postgres_operator_v03.py
[2022-08-29T22:14:57.309-0400] {processor.py:640} INFO - Processing file /home/augenz/PycharmProjects/airflow/dags/dag_with_postgres_operator_v03.py for tasks to queue
[2022-08-29T22:14:57.310-0400] {logging_mixin.py:115} INFO - [2022-08-29T22:14:57.310-0400] {dagbag.py:508} INFO - Filling up the DagBag from /home/augenz/PycharmProjects/airflow/dags/dag_with_postgres_operator_v03.py
[2022-08-29T22:14:57.366-0400] {processor.py:650} INFO - DAG(s) dict_keys(['dag_with_postgres_operator_v03']) retrieved from /home/augenz/PycharmProjects/airflow/dags/dag_with_postgres_operator_v03.py
[2022-08-29T22:14:57.578-0400] {logging_mixin.py:115} INFO - [2022-08-29T22:14:57.578-0400] {manager.py:508} INFO - Created Permission View: can edit on DAG:dag_with_postgres_operator_v03
[2022-08-29T22:14:57.620-0400] {logging_mixin.py:115} INFO - [2022-08-29T22:14:57.619-0400] {manager.py:508} INFO - Created Permission View: can delete on DAG:dag_with_postgres_operator_v03
[2022-08-29T22:14:57.653-0400] {logging_mixin.py:115} INFO - [2022-08-29T22:14:57.653-0400] {manager.py:508} INFO - Created Permission View: can read on DAG:dag_with_postgres_operator_v03
[2022-08-29T22:14:57.654-0400] {logging_mixin.py:115} INFO - [2022-08-29T22:14:57.654-0400] {dag.py:2429} INFO - Sync 1 DAGs
[2022-08-29T22:14:57.670-0400] {logging_mixin.py:115} INFO - [2022-08-29T22:14:57.669-0400] {dag.py:2448} INFO - Creating ORM DAG for dag_with_postgres_operator_v03
[2022-08-29T22:14:57.696-0400] {logging_mixin.py:115} INFO - [2022-08-29T22:14:57.696-0400] {dag.py:2977} INFO - Setting next_dagrun for dag_with_postgres_operator_v03 to 2022-08-29T00:00:00+00:00, run_after=2022-08-30T00:00:00+00:00
[2022-08-29T22:14:57.770-0400] {processor.py:161} INFO - Processing /home/augenz/PycharmProjects/airflow/dags/dag_with_postgres_operator_v03.py took 0.474 seconds
[2022-08-29T22:15:28.591-0400] {processor.py:153} INFO - Started process (PID=17435) to work on /home/augenz/PycharmProjects/airflow/dags/dag_with_postgres_operator_v03.py
[2022-08-29T22:15:28.596-0400] {processor.py:640} INFO - Processing file /home/augenz/PycharmProjects/airflow/dags/dag_with_postgres_operator_v03.py for tasks to queue
[2022-08-29T22:15:28.597-0400] {logging_mixin.py:115} INFO - [2022-08-29T22:15:28.597-0400] {dagbag.py:508} INFO - Filling up the DagBag from /home/augenz/PycharmProjects/airflow/dags/dag_with_postgres_operator_v03.py
[2022-08-29T22:15:28.650-0400] {processor.py:650} INFO - DAG(s) dict_keys(['dag_with_postgres_operator_v03']) retrieved from /home/augenz/PycharmProjects/airflow/dags/dag_with_postgres_operator_v03.py
[2022-08-29T22:15:28.703-0400] {logging_mixin.py:115} INFO - [2022-08-29T22:15:28.703-0400] {dag.py:2429} INFO - Sync 1 DAGs
[2022-08-29T22:15:28.749-0400] {logging_mixin.py:115} INFO - [2022-08-29T22:15:28.748-0400] {dag.py:2977} INFO - Setting next_dagrun for dag_with_postgres_operator_v03 to 2022-08-29T00:00:00+00:00, run_after=2022-08-30T00:00:00+00:00
[2022-08-29T22:15:28.822-0400] {processor.py:161} INFO - Processing /home/augenz/PycharmProjects/airflow/dags/dag_with_postgres_operator_v03.py took 0.238 seconds
[2022-08-29T22:15:58.935-0400] {processor.py:153} INFO - Started process (PID=17456) to work on /home/augenz/PycharmProjects/airflow/dags/dag_with_postgres_operator_v03.py
[2022-08-29T22:15:58.939-0400] {processor.py:640} INFO - Processing file /home/augenz/PycharmProjects/airflow/dags/dag_with_postgres_operator_v03.py for tasks to queue
[2022-08-29T22:15:58.941-0400] {logging_mixin.py:115} INFO - [2022-08-29T22:15:58.940-0400] {dagbag.py:508} INFO - Filling up the DagBag from /home/augenz/PycharmProjects/airflow/dags/dag_with_postgres_operator_v03.py
[2022-08-29T22:15:58.998-0400] {processor.py:650} INFO - DAG(s) dict_keys(['dag_with_postgres_operator_v03']) retrieved from /home/augenz/PycharmProjects/airflow/dags/dag_with_postgres_operator_v03.py
[2022-08-29T22:15:59.048-0400] {logging_mixin.py:115} INFO - [2022-08-29T22:15:59.048-0400] {dag.py:2429} INFO - Sync 1 DAGs
[2022-08-29T22:15:59.090-0400] {logging_mixin.py:115} INFO - [2022-08-29T22:15:59.090-0400] {dag.py:2977} INFO - Setting next_dagrun for dag_with_postgres_operator_v03 to 2022-08-29T00:00:00+00:00, run_after=2022-08-30T00:00:00+00:00
[2022-08-29T22:15:59.145-0400] {processor.py:161} INFO - Processing /home/augenz/PycharmProjects/airflow/dags/dag_with_postgres_operator_v03.py took 0.216 seconds
[2022-08-29T22:16:29.319-0400] {processor.py:153} INFO - Started process (PID=17478) to work on /home/augenz/PycharmProjects/airflow/dags/dag_with_postgres_operator_v03.py
[2022-08-29T22:16:29.323-0400] {processor.py:640} INFO - Processing file /home/augenz/PycharmProjects/airflow/dags/dag_with_postgres_operator_v03.py for tasks to queue
[2022-08-29T22:16:29.324-0400] {logging_mixin.py:115} INFO - [2022-08-29T22:16:29.324-0400] {dagbag.py:508} INFO - Filling up the DagBag from /home/augenz/PycharmProjects/airflow/dags/dag_with_postgres_operator_v03.py
[2022-08-29T22:16:29.375-0400] {processor.py:650} INFO - DAG(s) dict_keys(['dag_with_postgres_operator_v03']) retrieved from /home/augenz/PycharmProjects/airflow/dags/dag_with_postgres_operator_v03.py
[2022-08-29T22:16:29.425-0400] {logging_mixin.py:115} INFO - [2022-08-29T22:16:29.425-0400] {dag.py:2429} INFO - Sync 1 DAGs
[2022-08-29T22:16:29.465-0400] {logging_mixin.py:115} INFO - [2022-08-29T22:16:29.464-0400] {dag.py:2977} INFO - Setting next_dagrun for dag_with_postgres_operator_v03 to 2022-08-29T00:00:00+00:00, run_after=2022-08-30T00:00:00+00:00
[2022-08-29T22:16:29.500-0400] {processor.py:161} INFO - Processing /home/augenz/PycharmProjects/airflow/dags/dag_with_postgres_operator_v03.py took 0.187 seconds
[2022-08-29T22:16:59.793-0400] {processor.py:153} INFO - Started process (PID=17500) to work on /home/augenz/PycharmProjects/airflow/dags/dag_with_postgres_operator_v03.py
[2022-08-29T22:16:59.798-0400] {processor.py:640} INFO - Processing file /home/augenz/PycharmProjects/airflow/dags/dag_with_postgres_operator_v03.py for tasks to queue
[2022-08-29T22:16:59.799-0400] {logging_mixin.py:115} INFO - [2022-08-29T22:16:59.799-0400] {dagbag.py:508} INFO - Filling up the DagBag from /home/augenz/PycharmProjects/airflow/dags/dag_with_postgres_operator_v03.py
[2022-08-29T22:16:59.849-0400] {processor.py:650} INFO - DAG(s) dict_keys(['dag_with_postgres_operator_v03']) retrieved from /home/augenz/PycharmProjects/airflow/dags/dag_with_postgres_operator_v03.py
[2022-08-29T22:16:59.901-0400] {logging_mixin.py:115} INFO - [2022-08-29T22:16:59.901-0400] {dag.py:2429} INFO - Sync 1 DAGs
[2022-08-29T22:16:59.940-0400] {logging_mixin.py:115} INFO - [2022-08-29T22:16:59.940-0400] {dag.py:2977} INFO - Setting next_dagrun for dag_with_postgres_operator_v03 to 2022-08-29T00:00:00+00:00, run_after=2022-08-30T00:00:00+00:00
[2022-08-29T22:16:59.979-0400] {processor.py:161} INFO - Processing /home/augenz/PycharmProjects/airflow/dags/dag_with_postgres_operator_v03.py took 0.190 seconds
[2022-08-29T22:17:30.517-0400] {processor.py:153} INFO - Started process (PID=17521) to work on /home/augenz/PycharmProjects/airflow/dags/dag_with_postgres_operator_v03.py
[2022-08-29T22:17:30.522-0400] {processor.py:640} INFO - Processing file /home/augenz/PycharmProjects/airflow/dags/dag_with_postgres_operator_v03.py for tasks to queue
[2022-08-29T22:17:30.523-0400] {logging_mixin.py:115} INFO - [2022-08-29T22:17:30.523-0400] {dagbag.py:508} INFO - Filling up the DagBag from /home/augenz/PycharmProjects/airflow/dags/dag_with_postgres_operator_v03.py
[2022-08-29T22:17:30.595-0400] {processor.py:650} INFO - DAG(s) dict_keys(['dag_with_postgres_operator_v03']) retrieved from /home/augenz/PycharmProjects/airflow/dags/dag_with_postgres_operator_v03.py
[2022-08-29T22:17:30.649-0400] {logging_mixin.py:115} INFO - [2022-08-29T22:17:30.648-0400] {dag.py:2429} INFO - Sync 1 DAGs
[2022-08-29T22:17:30.690-0400] {logging_mixin.py:115} INFO - [2022-08-29T22:17:30.690-0400] {dag.py:2977} INFO - Setting next_dagrun for dag_with_postgres_operator_v03 to 2022-08-29T00:00:00+00:00, run_after=2022-08-30T00:00:00+00:00
[2022-08-29T22:17:30.752-0400] {processor.py:161} INFO - Processing /home/augenz/PycharmProjects/airflow/dags/dag_with_postgres_operator_v03.py took 0.241 seconds
[2022-08-29T22:18:01.273-0400] {processor.py:153} INFO - Started process (PID=17542) to work on /home/augenz/PycharmProjects/airflow/dags/dag_with_postgres_operator_v03.py
[2022-08-29T22:18:01.278-0400] {processor.py:640} INFO - Processing file /home/augenz/PycharmProjects/airflow/dags/dag_with_postgres_operator_v03.py for tasks to queue
[2022-08-29T22:18:01.279-0400] {logging_mixin.py:115} INFO - [2022-08-29T22:18:01.279-0400] {dagbag.py:508} INFO - Filling up the DagBag from /home/augenz/PycharmProjects/airflow/dags/dag_with_postgres_operator_v03.py
[2022-08-29T22:18:01.330-0400] {processor.py:650} INFO - DAG(s) dict_keys(['dag_with_postgres_operator_v03']) retrieved from /home/augenz/PycharmProjects/airflow/dags/dag_with_postgres_operator_v03.py
[2022-08-29T22:18:01.379-0400] {logging_mixin.py:115} INFO - [2022-08-29T22:18:01.378-0400] {dag.py:2429} INFO - Sync 1 DAGs
[2022-08-29T22:18:01.417-0400] {logging_mixin.py:115} INFO - [2022-08-29T22:18:01.417-0400] {dag.py:2977} INFO - Setting next_dagrun for dag_with_postgres_operator_v03 to 2022-08-29T00:00:00+00:00, run_after=2022-08-30T00:00:00+00:00
[2022-08-29T22:18:01.474-0400] {processor.py:161} INFO - Processing /home/augenz/PycharmProjects/airflow/dags/dag_with_postgres_operator_v03.py took 0.207 seconds
[2022-08-29T22:18:32.054-0400] {processor.py:153} INFO - Started process (PID=17564) to work on /home/augenz/PycharmProjects/airflow/dags/dag_with_postgres_operator_v03.py
[2022-08-29T22:18:32.058-0400] {processor.py:640} INFO - Processing file /home/augenz/PycharmProjects/airflow/dags/dag_with_postgres_operator_v03.py for tasks to queue
[2022-08-29T22:18:32.060-0400] {logging_mixin.py:115} INFO - [2022-08-29T22:18:32.059-0400] {dagbag.py:508} INFO - Filling up the DagBag from /home/augenz/PycharmProjects/airflow/dags/dag_with_postgres_operator_v03.py
[2022-08-29T22:18:32.113-0400] {processor.py:650} INFO - DAG(s) dict_keys(['dag_with_postgres_operator_v03']) retrieved from /home/augenz/PycharmProjects/airflow/dags/dag_with_postgres_operator_v03.py
[2022-08-29T22:18:32.170-0400] {logging_mixin.py:115} INFO - [2022-08-29T22:18:32.170-0400] {dag.py:2429} INFO - Sync 1 DAGs
[2022-08-29T22:18:32.212-0400] {logging_mixin.py:115} INFO - [2022-08-29T22:18:32.212-0400] {dag.py:2977} INFO - Setting next_dagrun for dag_with_postgres_operator_v03 to 2022-08-29T00:00:00+00:00, run_after=2022-08-30T00:00:00+00:00
[2022-08-29T22:18:32.294-0400] {processor.py:161} INFO - Processing /home/augenz/PycharmProjects/airflow/dags/dag_with_postgres_operator_v03.py took 0.245 seconds
[2022-08-29T22:19:03.057-0400] {processor.py:153} INFO - Started process (PID=17586) to work on /home/augenz/PycharmProjects/airflow/dags/dag_with_postgres_operator_v03.py
[2022-08-29T22:19:03.062-0400] {processor.py:640} INFO - Processing file /home/augenz/PycharmProjects/airflow/dags/dag_with_postgres_operator_v03.py for tasks to queue
[2022-08-29T22:19:03.063-0400] {logging_mixin.py:115} INFO - [2022-08-29T22:19:03.063-0400] {dagbag.py:508} INFO - Filling up the DagBag from /home/augenz/PycharmProjects/airflow/dags/dag_with_postgres_operator_v03.py
[2022-08-29T22:19:03.121-0400] {processor.py:650} INFO - DAG(s) dict_keys(['dag_with_postgres_operator_v03']) retrieved from /home/augenz/PycharmProjects/airflow/dags/dag_with_postgres_operator_v03.py
[2022-08-29T22:19:03.177-0400] {logging_mixin.py:115} INFO - [2022-08-29T22:19:03.177-0400] {dag.py:2429} INFO - Sync 1 DAGs
[2022-08-29T22:19:03.215-0400] {logging_mixin.py:115} INFO - [2022-08-29T22:19:03.214-0400] {dag.py:2977} INFO - Setting next_dagrun for dag_with_postgres_operator_v03 to 2022-08-29T00:00:00+00:00, run_after=2022-08-30T00:00:00+00:00
[2022-08-29T22:19:03.265-0400] {processor.py:161} INFO - Processing /home/augenz/PycharmProjects/airflow/dags/dag_with_postgres_operator_v03.py took 0.213 seconds
[2022-08-29T22:19:33.575-0400] {processor.py:153} INFO - Started process (PID=17607) to work on /home/augenz/PycharmProjects/airflow/dags/dag_with_postgres_operator_v03.py
[2022-08-29T22:19:33.589-0400] {processor.py:640} INFO - Processing file /home/augenz/PycharmProjects/airflow/dags/dag_with_postgres_operator_v03.py for tasks to queue
[2022-08-29T22:19:33.591-0400] {logging_mixin.py:115} INFO - [2022-08-29T22:19:33.590-0400] {dagbag.py:508} INFO - Filling up the DagBag from /home/augenz/PycharmProjects/airflow/dags/dag_with_postgres_operator_v03.py
[2022-08-29T22:19:33.645-0400] {processor.py:650} INFO - DAG(s) dict_keys(['dag_with_postgres_operator_v03']) retrieved from /home/augenz/PycharmProjects/airflow/dags/dag_with_postgres_operator_v03.py
[2022-08-29T22:19:33.696-0400] {logging_mixin.py:115} INFO - [2022-08-29T22:19:33.696-0400] {dag.py:2429} INFO - Sync 1 DAGs
[2022-08-29T22:19:33.742-0400] {logging_mixin.py:115} INFO - [2022-08-29T22:19:33.742-0400] {dag.py:2977} INFO - Setting next_dagrun for dag_with_postgres_operator_v03 to 2022-08-29T00:00:00+00:00, run_after=2022-08-30T00:00:00+00:00
[2022-08-29T22:19:33.796-0400] {processor.py:161} INFO - Processing /home/augenz/PycharmProjects/airflow/dags/dag_with_postgres_operator_v03.py took 0.227 seconds
[2022-08-29T22:20:04.106-0400] {processor.py:153} INFO - Started process (PID=17629) to work on /home/augenz/PycharmProjects/airflow/dags/dag_with_postgres_operator_v03.py
[2022-08-29T22:20:04.111-0400] {processor.py:640} INFO - Processing file /home/augenz/PycharmProjects/airflow/dags/dag_with_postgres_operator_v03.py for tasks to queue
[2022-08-29T22:20:04.113-0400] {logging_mixin.py:115} INFO - [2022-08-29T22:20:04.112-0400] {dagbag.py:508} INFO - Filling up the DagBag from /home/augenz/PycharmProjects/airflow/dags/dag_with_postgres_operator_v03.py
[2022-08-29T22:20:04.223-0400] {processor.py:650} INFO - DAG(s) dict_keys(['dag_with_postgres_operator_v03']) retrieved from /home/augenz/PycharmProjects/airflow/dags/dag_with_postgres_operator_v03.py
[2022-08-29T22:20:04.291-0400] {logging_mixin.py:115} INFO - [2022-08-29T22:20:04.291-0400] {dag.py:2429} INFO - Sync 1 DAGs
[2022-08-29T22:20:04.344-0400] {logging_mixin.py:115} INFO - [2022-08-29T22:20:04.344-0400] {dag.py:2977} INFO - Setting next_dagrun for dag_with_postgres_operator_v03 to 2022-08-29T00:00:00+00:00, run_after=2022-08-30T00:00:00+00:00
[2022-08-29T22:20:04.428-0400] {processor.py:161} INFO - Processing /home/augenz/PycharmProjects/airflow/dags/dag_with_postgres_operator_v03.py took 0.329 seconds
[2022-08-29T22:20:35.060-0400] {processor.py:153} INFO - Started process (PID=17650) to work on /home/augenz/PycharmProjects/airflow/dags/dag_with_postgres_operator_v03.py
[2022-08-29T22:20:35.064-0400] {processor.py:640} INFO - Processing file /home/augenz/PycharmProjects/airflow/dags/dag_with_postgres_operator_v03.py for tasks to queue
[2022-08-29T22:20:35.066-0400] {logging_mixin.py:115} INFO - [2022-08-29T22:20:35.065-0400] {dagbag.py:508} INFO - Filling up the DagBag from /home/augenz/PycharmProjects/airflow/dags/dag_with_postgres_operator_v03.py
[2022-08-29T22:20:35.119-0400] {processor.py:650} INFO - DAG(s) dict_keys(['dag_with_postgres_operator_v03']) retrieved from /home/augenz/PycharmProjects/airflow/dags/dag_with_postgres_operator_v03.py
[2022-08-29T22:20:35.178-0400] {logging_mixin.py:115} INFO - [2022-08-29T22:20:35.177-0400] {dag.py:2429} INFO - Sync 1 DAGs
[2022-08-29T22:20:35.218-0400] {logging_mixin.py:115} INFO - [2022-08-29T22:20:35.218-0400] {dag.py:2977} INFO - Setting next_dagrun for dag_with_postgres_operator_v03 to 2022-08-29T00:00:00+00:00, run_after=2022-08-30T00:00:00+00:00
[2022-08-29T22:20:35.280-0400] {processor.py:161} INFO - Processing /home/augenz/PycharmProjects/airflow/dags/dag_with_postgres_operator_v03.py took 0.225 seconds
[2022-08-29T22:21:05.435-0400] {processor.py:153} INFO - Started process (PID=17671) to work on /home/augenz/PycharmProjects/airflow/dags/dag_with_postgres_operator_v03.py
[2022-08-29T22:21:05.436-0400] {processor.py:640} INFO - Processing file /home/augenz/PycharmProjects/airflow/dags/dag_with_postgres_operator_v03.py for tasks to queue
[2022-08-29T22:21:05.437-0400] {logging_mixin.py:115} INFO - [2022-08-29T22:21:05.437-0400] {dagbag.py:508} INFO - Filling up the DagBag from /home/augenz/PycharmProjects/airflow/dags/dag_with_postgres_operator_v03.py
[2022-08-29T22:21:05.478-0400] {processor.py:650} INFO - DAG(s) dict_keys(['dag_with_postgres_operator_v03']) retrieved from /home/augenz/PycharmProjects/airflow/dags/dag_with_postgres_operator_v03.py
[2022-08-29T22:21:05.526-0400] {logging_mixin.py:115} INFO - [2022-08-29T22:21:05.525-0400] {dag.py:2429} INFO - Sync 1 DAGs
[2022-08-29T22:21:05.557-0400] {logging_mixin.py:115} INFO - [2022-08-29T22:21:05.557-0400] {dag.py:2977} INFO - Setting next_dagrun for dag_with_postgres_operator_v03 to 2022-08-29T00:00:00+00:00, run_after=2022-08-30T00:00:00+00:00
[2022-08-29T22:21:05.603-0400] {processor.py:161} INFO - Processing /home/augenz/PycharmProjects/airflow/dags/dag_with_postgres_operator_v03.py took 0.172 seconds
[2022-08-29T22:21:35.896-0400] {processor.py:153} INFO - Started process (PID=17692) to work on /home/augenz/PycharmProjects/airflow/dags/dag_with_postgres_operator_v03.py
[2022-08-29T22:21:35.917-0400] {processor.py:640} INFO - Processing file /home/augenz/PycharmProjects/airflow/dags/dag_with_postgres_operator_v03.py for tasks to queue
[2022-08-29T22:21:35.919-0400] {logging_mixin.py:115} INFO - [2022-08-29T22:21:35.918-0400] {dagbag.py:508} INFO - Filling up the DagBag from /home/augenz/PycharmProjects/airflow/dags/dag_with_postgres_operator_v03.py
[2022-08-29T22:21:35.964-0400] {processor.py:650} INFO - DAG(s) dict_keys(['dag_with_postgres_operator_v03']) retrieved from /home/augenz/PycharmProjects/airflow/dags/dag_with_postgres_operator_v03.py
[2022-08-29T22:21:36.016-0400] {logging_mixin.py:115} INFO - [2022-08-29T22:21:36.016-0400] {dag.py:2429} INFO - Sync 1 DAGs
[2022-08-29T22:21:36.052-0400] {logging_mixin.py:115} INFO - [2022-08-29T22:21:36.052-0400] {dag.py:2977} INFO - Setting next_dagrun for dag_with_postgres_operator_v03 to 2022-08-29T00:00:00+00:00, run_after=2022-08-30T00:00:00+00:00
[2022-08-29T22:21:36.100-0400] {processor.py:161} INFO - Processing /home/augenz/PycharmProjects/airflow/dags/dag_with_postgres_operator_v03.py took 0.209 seconds
[2022-08-29T22:22:06.177-0400] {processor.py:153} INFO - Started process (PID=17715) to work on /home/augenz/PycharmProjects/airflow/dags/dag_with_postgres_operator_v03.py
[2022-08-29T22:22:06.182-0400] {processor.py:640} INFO - Processing file /home/augenz/PycharmProjects/airflow/dags/dag_with_postgres_operator_v03.py for tasks to queue
[2022-08-29T22:22:06.183-0400] {logging_mixin.py:115} INFO - [2022-08-29T22:22:06.183-0400] {dagbag.py:508} INFO - Filling up the DagBag from /home/augenz/PycharmProjects/airflow/dags/dag_with_postgres_operator_v03.py
[2022-08-29T22:22:06.224-0400] {processor.py:650} INFO - DAG(s) dict_keys(['dag_with_postgres_operator_v03']) retrieved from /home/augenz/PycharmProjects/airflow/dags/dag_with_postgres_operator_v03.py
[2022-08-29T22:22:06.269-0400] {logging_mixin.py:115} INFO - [2022-08-29T22:22:06.269-0400] {dag.py:2429} INFO - Sync 1 DAGs
[2022-08-29T22:22:06.301-0400] {logging_mixin.py:115} INFO - [2022-08-29T22:22:06.300-0400] {dag.py:2977} INFO - Setting next_dagrun for dag_with_postgres_operator_v03 to 2022-08-29T00:00:00+00:00, run_after=2022-08-30T00:00:00+00:00
[2022-08-29T22:22:06.372-0400] {processor.py:161} INFO - Processing /home/augenz/PycharmProjects/airflow/dags/dag_with_postgres_operator_v03.py took 0.200 seconds
[2022-08-29T22:22:36.658-0400] {processor.py:153} INFO - Started process (PID=17736) to work on /home/augenz/PycharmProjects/airflow/dags/dag_with_postgres_operator_v03.py
[2022-08-29T22:22:36.660-0400] {processor.py:640} INFO - Processing file /home/augenz/PycharmProjects/airflow/dags/dag_with_postgres_operator_v03.py for tasks to queue
[2022-08-29T22:22:36.661-0400] {logging_mixin.py:115} INFO - [2022-08-29T22:22:36.661-0400] {dagbag.py:508} INFO - Filling up the DagBag from /home/augenz/PycharmProjects/airflow/dags/dag_with_postgres_operator_v03.py
[2022-08-29T22:22:36.705-0400] {processor.py:650} INFO - DAG(s) dict_keys(['dag_with_postgres_operator_v03']) retrieved from /home/augenz/PycharmProjects/airflow/dags/dag_with_postgres_operator_v03.py
[2022-08-29T22:22:36.755-0400] {logging_mixin.py:115} INFO - [2022-08-29T22:22:36.755-0400] {dag.py:2429} INFO - Sync 1 DAGs
[2022-08-29T22:22:36.788-0400] {logging_mixin.py:115} INFO - [2022-08-29T22:22:36.788-0400] {dag.py:2977} INFO - Setting next_dagrun for dag_with_postgres_operator_v03 to 2022-08-29T00:00:00+00:00, run_after=2022-08-30T00:00:00+00:00
[2022-08-29T22:22:36.852-0400] {processor.py:161} INFO - Processing /home/augenz/PycharmProjects/airflow/dags/dag_with_postgres_operator_v03.py took 0.198 seconds
[2022-08-29T22:23:07.009-0400] {processor.py:153} INFO - Started process (PID=17757) to work on /home/augenz/PycharmProjects/airflow/dags/dag_with_postgres_operator_v03.py
[2022-08-29T22:23:07.013-0400] {processor.py:640} INFO - Processing file /home/augenz/PycharmProjects/airflow/dags/dag_with_postgres_operator_v03.py for tasks to queue
[2022-08-29T22:23:07.014-0400] {logging_mixin.py:115} INFO - [2022-08-29T22:23:07.014-0400] {dagbag.py:508} INFO - Filling up the DagBag from /home/augenz/PycharmProjects/airflow/dags/dag_with_postgres_operator_v03.py
[2022-08-29T22:23:07.062-0400] {processor.py:650} INFO - DAG(s) dict_keys(['dag_with_postgres_operator_v03']) retrieved from /home/augenz/PycharmProjects/airflow/dags/dag_with_postgres_operator_v03.py
[2022-08-29T22:23:07.113-0400] {logging_mixin.py:115} INFO - [2022-08-29T22:23:07.113-0400] {dag.py:2429} INFO - Sync 1 DAGs
[2022-08-29T22:23:07.151-0400] {logging_mixin.py:115} INFO - [2022-08-29T22:23:07.151-0400] {dag.py:2977} INFO - Setting next_dagrun for dag_with_postgres_operator_v03 to 2022-08-29T00:00:00+00:00, run_after=2022-08-30T00:00:00+00:00
[2022-08-29T22:23:07.255-0400] {processor.py:161} INFO - Processing /home/augenz/PycharmProjects/airflow/dags/dag_with_postgres_operator_v03.py took 0.252 seconds
[2022-08-29T22:23:37.323-0400] {processor.py:153} INFO - Started process (PID=17779) to work on /home/augenz/PycharmProjects/airflow/dags/dag_with_postgres_operator_v03.py
[2022-08-29T22:23:37.346-0400] {processor.py:640} INFO - Processing file /home/augenz/PycharmProjects/airflow/dags/dag_with_postgres_operator_v03.py for tasks to queue
[2022-08-29T22:23:37.348-0400] {logging_mixin.py:115} INFO - [2022-08-29T22:23:37.348-0400] {dagbag.py:508} INFO - Filling up the DagBag from /home/augenz/PycharmProjects/airflow/dags/dag_with_postgres_operator_v03.py
[2022-08-29T22:23:37.392-0400] {processor.py:650} INFO - DAG(s) dict_keys(['dag_with_postgres_operator_v03']) retrieved from /home/augenz/PycharmProjects/airflow/dags/dag_with_postgres_operator_v03.py
[2022-08-29T22:23:37.444-0400] {logging_mixin.py:115} INFO - [2022-08-29T22:23:37.444-0400] {dag.py:2429} INFO - Sync 1 DAGs
[2022-08-29T22:23:37.480-0400] {logging_mixin.py:115} INFO - [2022-08-29T22:23:37.480-0400] {dag.py:2977} INFO - Setting next_dagrun for dag_with_postgres_operator_v03 to 2022-08-29T00:00:00+00:00, run_after=2022-08-30T00:00:00+00:00
[2022-08-29T22:23:37.520-0400] {processor.py:161} INFO - Processing /home/augenz/PycharmProjects/airflow/dags/dag_with_postgres_operator_v03.py took 0.202 seconds
[2022-08-29T22:24:07.668-0400] {processor.py:153} INFO - Started process (PID=17800) to work on /home/augenz/PycharmProjects/airflow/dags/dag_with_postgres_operator_v03.py
[2022-08-29T22:24:07.691-0400] {processor.py:640} INFO - Processing file /home/augenz/PycharmProjects/airflow/dags/dag_with_postgres_operator_v03.py for tasks to queue
[2022-08-29T22:24:07.692-0400] {logging_mixin.py:115} INFO - [2022-08-29T22:24:07.692-0400] {dagbag.py:508} INFO - Filling up the DagBag from /home/augenz/PycharmProjects/airflow/dags/dag_with_postgres_operator_v03.py
[2022-08-29T22:24:07.740-0400] {processor.py:650} INFO - DAG(s) dict_keys(['dag_with_postgres_operator_v03']) retrieved from /home/augenz/PycharmProjects/airflow/dags/dag_with_postgres_operator_v03.py
[2022-08-29T22:24:07.791-0400] {logging_mixin.py:115} INFO - [2022-08-29T22:24:07.791-0400] {dag.py:2429} INFO - Sync 1 DAGs
[2022-08-29T22:24:07.829-0400] {logging_mixin.py:115} INFO - [2022-08-29T22:24:07.829-0400] {dag.py:2977} INFO - Setting next_dagrun for dag_with_postgres_operator_v03 to 2022-08-29T00:00:00+00:00, run_after=2022-08-30T00:00:00+00:00
[2022-08-29T22:24:07.903-0400] {processor.py:161} INFO - Processing /home/augenz/PycharmProjects/airflow/dags/dag_with_postgres_operator_v03.py took 0.239 seconds
[2022-08-29T22:24:38.022-0400] {processor.py:153} INFO - Started process (PID=17822) to work on /home/augenz/PycharmProjects/airflow/dags/dag_with_postgres_operator_v03.py
[2022-08-29T22:24:38.026-0400] {processor.py:640} INFO - Processing file /home/augenz/PycharmProjects/airflow/dags/dag_with_postgres_operator_v03.py for tasks to queue
[2022-08-29T22:24:38.028-0400] {logging_mixin.py:115} INFO - [2022-08-29T22:24:38.027-0400] {dagbag.py:508} INFO - Filling up the DagBag from /home/augenz/PycharmProjects/airflow/dags/dag_with_postgres_operator_v03.py
[2022-08-29T22:24:38.072-0400] {processor.py:650} INFO - DAG(s) dict_keys(['dag_with_postgres_operator_v03']) retrieved from /home/augenz/PycharmProjects/airflow/dags/dag_with_postgres_operator_v03.py
[2022-08-29T22:24:38.121-0400] {logging_mixin.py:115} INFO - [2022-08-29T22:24:38.121-0400] {dag.py:2429} INFO - Sync 1 DAGs
[2022-08-29T22:24:38.160-0400] {logging_mixin.py:115} INFO - [2022-08-29T22:24:38.160-0400] {dag.py:2977} INFO - Setting next_dagrun for dag_with_postgres_operator_v03 to 2022-08-29T00:00:00+00:00, run_after=2022-08-30T00:00:00+00:00
[2022-08-29T22:24:38.230-0400] {processor.py:161} INFO - Processing /home/augenz/PycharmProjects/airflow/dags/dag_with_postgres_operator_v03.py took 0.213 seconds
[2022-08-29T22:25:08.301-0400] {processor.py:153} INFO - Started process (PID=17844) to work on /home/augenz/PycharmProjects/airflow/dags/dag_with_postgres_operator_v03.py
[2022-08-29T22:25:08.307-0400] {processor.py:640} INFO - Processing file /home/augenz/PycharmProjects/airflow/dags/dag_with_postgres_operator_v03.py for tasks to queue
[2022-08-29T22:25:08.309-0400] {logging_mixin.py:115} INFO - [2022-08-29T22:25:08.308-0400] {dagbag.py:508} INFO - Filling up the DagBag from /home/augenz/PycharmProjects/airflow/dags/dag_with_postgres_operator_v03.py
[2022-08-29T22:25:08.349-0400] {processor.py:650} INFO - DAG(s) dict_keys(['dag_with_postgres_operator_v03']) retrieved from /home/augenz/PycharmProjects/airflow/dags/dag_with_postgres_operator_v03.py
[2022-08-29T22:25:08.396-0400] {logging_mixin.py:115} INFO - [2022-08-29T22:25:08.396-0400] {dag.py:2429} INFO - Sync 1 DAGs
[2022-08-29T22:25:08.430-0400] {logging_mixin.py:115} INFO - [2022-08-29T22:25:08.430-0400] {dag.py:2977} INFO - Setting next_dagrun for dag_with_postgres_operator_v03 to 2022-08-29T00:00:00+00:00, run_after=2022-08-30T00:00:00+00:00
[2022-08-29T22:25:08.469-0400] {processor.py:161} INFO - Processing /home/augenz/PycharmProjects/airflow/dags/dag_with_postgres_operator_v03.py took 0.172 seconds
[2022-08-29T22:25:38.737-0400] {processor.py:153} INFO - Started process (PID=17865) to work on /home/augenz/PycharmProjects/airflow/dags/dag_with_postgres_operator_v03.py
[2022-08-29T22:25:38.761-0400] {processor.py:640} INFO - Processing file /home/augenz/PycharmProjects/airflow/dags/dag_with_postgres_operator_v03.py for tasks to queue
[2022-08-29T22:25:38.764-0400] {logging_mixin.py:115} INFO - [2022-08-29T22:25:38.763-0400] {dagbag.py:508} INFO - Filling up the DagBag from /home/augenz/PycharmProjects/airflow/dags/dag_with_postgres_operator_v03.py
[2022-08-29T22:25:38.811-0400] {processor.py:650} INFO - DAG(s) dict_keys(['dag_with_postgres_operator_v03']) retrieved from /home/augenz/PycharmProjects/airflow/dags/dag_with_postgres_operator_v03.py
[2022-08-29T22:25:38.861-0400] {logging_mixin.py:115} INFO - [2022-08-29T22:25:38.861-0400] {dag.py:2429} INFO - Sync 1 DAGs
[2022-08-29T22:25:38.897-0400] {logging_mixin.py:115} INFO - [2022-08-29T22:25:38.897-0400] {dag.py:2977} INFO - Setting next_dagrun for dag_with_postgres_operator_v03 to 2022-08-29T00:00:00+00:00, run_after=2022-08-30T00:00:00+00:00
[2022-08-29T22:25:38.965-0400] {processor.py:161} INFO - Processing /home/augenz/PycharmProjects/airflow/dags/dag_with_postgres_operator_v03.py took 0.232 seconds
[2022-08-29T22:26:09.064-0400] {processor.py:153} INFO - Started process (PID=17886) to work on /home/augenz/PycharmProjects/airflow/dags/dag_with_postgres_operator_v03.py
[2022-08-29T22:26:09.069-0400] {processor.py:640} INFO - Processing file /home/augenz/PycharmProjects/airflow/dags/dag_with_postgres_operator_v03.py for tasks to queue
[2022-08-29T22:26:09.069-0400] {logging_mixin.py:115} INFO - [2022-08-29T22:26:09.069-0400] {dagbag.py:508} INFO - Filling up the DagBag from /home/augenz/PycharmProjects/airflow/dags/dag_with_postgres_operator_v03.py
[2022-08-29T22:26:09.109-0400] {processor.py:650} INFO - DAG(s) dict_keys(['dag_with_postgres_operator_v03']) retrieved from /home/augenz/PycharmProjects/airflow/dags/dag_with_postgres_operator_v03.py
[2022-08-29T22:26:09.155-0400] {logging_mixin.py:115} INFO - [2022-08-29T22:26:09.155-0400] {dag.py:2429} INFO - Sync 1 DAGs
[2022-08-29T22:26:09.187-0400] {logging_mixin.py:115} INFO - [2022-08-29T22:26:09.187-0400] {dag.py:2977} INFO - Setting next_dagrun for dag_with_postgres_operator_v03 to 2022-08-29T00:00:00+00:00, run_after=2022-08-30T00:00:00+00:00
[2022-08-29T22:26:09.253-0400] {processor.py:161} INFO - Processing /home/augenz/PycharmProjects/airflow/dags/dag_with_postgres_operator_v03.py took 0.194 seconds
[2022-08-29T22:26:39.369-0400] {processor.py:153} INFO - Started process (PID=17908) to work on /home/augenz/PycharmProjects/airflow/dags/dag_with_postgres_operator_v03.py
[2022-08-29T22:26:39.374-0400] {processor.py:640} INFO - Processing file /home/augenz/PycharmProjects/airflow/dags/dag_with_postgres_operator_v03.py for tasks to queue
[2022-08-29T22:26:39.375-0400] {logging_mixin.py:115} INFO - [2022-08-29T22:26:39.375-0400] {dagbag.py:508} INFO - Filling up the DagBag from /home/augenz/PycharmProjects/airflow/dags/dag_with_postgres_operator_v03.py
[2022-08-29T22:26:39.417-0400] {processor.py:650} INFO - DAG(s) dict_keys(['dag_with_postgres_operator_v03']) retrieved from /home/augenz/PycharmProjects/airflow/dags/dag_with_postgres_operator_v03.py
[2022-08-29T22:26:39.472-0400] {logging_mixin.py:115} INFO - [2022-08-29T22:26:39.472-0400] {dag.py:2429} INFO - Sync 1 DAGs
[2022-08-29T22:26:39.510-0400] {logging_mixin.py:115} INFO - [2022-08-29T22:26:39.509-0400] {dag.py:2977} INFO - Setting next_dagrun for dag_with_postgres_operator_v03 to 2022-08-29T00:00:00+00:00, run_after=2022-08-30T00:00:00+00:00
[2022-08-29T22:26:39.576-0400] {processor.py:161} INFO - Processing /home/augenz/PycharmProjects/airflow/dags/dag_with_postgres_operator_v03.py took 0.212 seconds
[2022-08-29T22:27:09.754-0400] {processor.py:153} INFO - Started process (PID=17929) to work on /home/augenz/PycharmProjects/airflow/dags/dag_with_postgres_operator_v03.py
[2022-08-29T22:27:09.758-0400] {processor.py:640} INFO - Processing file /home/augenz/PycharmProjects/airflow/dags/dag_with_postgres_operator_v03.py for tasks to queue
[2022-08-29T22:27:09.759-0400] {logging_mixin.py:115} INFO - [2022-08-29T22:27:09.759-0400] {dagbag.py:508} INFO - Filling up the DagBag from /home/augenz/PycharmProjects/airflow/dags/dag_with_postgres_operator_v03.py
[2022-08-29T22:27:09.798-0400] {processor.py:650} INFO - DAG(s) dict_keys(['dag_with_postgres_operator_v03']) retrieved from /home/augenz/PycharmProjects/airflow/dags/dag_with_postgres_operator_v03.py
[2022-08-29T22:27:09.842-0400] {logging_mixin.py:115} INFO - [2022-08-29T22:27:09.841-0400] {dag.py:2429} INFO - Sync 1 DAGs
[2022-08-29T22:27:09.875-0400] {logging_mixin.py:115} INFO - [2022-08-29T22:27:09.875-0400] {dag.py:2977} INFO - Setting next_dagrun for dag_with_postgres_operator_v03 to 2022-08-29T00:00:00+00:00, run_after=2022-08-30T00:00:00+00:00
[2022-08-29T22:27:09.937-0400] {processor.py:161} INFO - Processing /home/augenz/PycharmProjects/airflow/dags/dag_with_postgres_operator_v03.py took 0.188 seconds
[2022-08-29T22:27:40.086-0400] {processor.py:153} INFO - Started process (PID=17951) to work on /home/augenz/PycharmProjects/airflow/dags/dag_with_postgres_operator_v03.py
[2022-08-29T22:27:40.091-0400] {processor.py:640} INFO - Processing file /home/augenz/PycharmProjects/airflow/dags/dag_with_postgres_operator_v03.py for tasks to queue
[2022-08-29T22:27:40.092-0400] {logging_mixin.py:115} INFO - [2022-08-29T22:27:40.092-0400] {dagbag.py:508} INFO - Filling up the DagBag from /home/augenz/PycharmProjects/airflow/dags/dag_with_postgres_operator_v03.py
[2022-08-29T22:27:40.132-0400] {processor.py:650} INFO - DAG(s) dict_keys(['dag_with_postgres_operator_v03']) retrieved from /home/augenz/PycharmProjects/airflow/dags/dag_with_postgres_operator_v03.py
[2022-08-29T22:27:40.177-0400] {logging_mixin.py:115} INFO - [2022-08-29T22:27:40.177-0400] {dag.py:2429} INFO - Sync 1 DAGs
[2022-08-29T22:27:40.208-0400] {logging_mixin.py:115} INFO - [2022-08-29T22:27:40.208-0400] {dag.py:2977} INFO - Setting next_dagrun for dag_with_postgres_operator_v03 to 2022-08-29T00:00:00+00:00, run_after=2022-08-30T00:00:00+00:00
[2022-08-29T22:27:40.261-0400] {processor.py:161} INFO - Processing /home/augenz/PycharmProjects/airflow/dags/dag_with_postgres_operator_v03.py took 0.181 seconds
[2022-08-29T22:28:10.373-0400] {processor.py:153} INFO - Started process (PID=17972) to work on /home/augenz/PycharmProjects/airflow/dags/dag_with_postgres_operator_v03.py
[2022-08-29T22:28:10.378-0400] {processor.py:640} INFO - Processing file /home/augenz/PycharmProjects/airflow/dags/dag_with_postgres_operator_v03.py for tasks to queue
[2022-08-29T22:28:10.380-0400] {logging_mixin.py:115} INFO - [2022-08-29T22:28:10.380-0400] {dagbag.py:508} INFO - Filling up the DagBag from /home/augenz/PycharmProjects/airflow/dags/dag_with_postgres_operator_v03.py
[2022-08-29T22:28:10.419-0400] {processor.py:650} INFO - DAG(s) dict_keys(['dag_with_postgres_operator_v03']) retrieved from /home/augenz/PycharmProjects/airflow/dags/dag_with_postgres_operator_v03.py
[2022-08-29T22:28:10.466-0400] {logging_mixin.py:115} INFO - [2022-08-29T22:28:10.466-0400] {dag.py:2429} INFO - Sync 1 DAGs
[2022-08-29T22:28:10.498-0400] {logging_mixin.py:115} INFO - [2022-08-29T22:28:10.498-0400] {dag.py:2977} INFO - Setting next_dagrun for dag_with_postgres_operator_v03 to 2022-08-29T00:00:00+00:00, run_after=2022-08-30T00:00:00+00:00
[2022-08-29T22:28:10.541-0400] {processor.py:161} INFO - Processing /home/augenz/PycharmProjects/airflow/dags/dag_with_postgres_operator_v03.py took 0.173 seconds
[2022-08-29T22:28:40.697-0400] {processor.py:153} INFO - Started process (PID=17994) to work on /home/augenz/PycharmProjects/airflow/dags/dag_with_postgres_operator_v03.py
[2022-08-29T22:28:40.710-0400] {processor.py:640} INFO - Processing file /home/augenz/PycharmProjects/airflow/dags/dag_with_postgres_operator_v03.py for tasks to queue
[2022-08-29T22:28:40.711-0400] {logging_mixin.py:115} INFO - [2022-08-29T22:28:40.711-0400] {dagbag.py:508} INFO - Filling up the DagBag from /home/augenz/PycharmProjects/airflow/dags/dag_with_postgres_operator_v03.py
[2022-08-29T22:28:40.753-0400] {processor.py:650} INFO - DAG(s) dict_keys(['dag_with_postgres_operator_v03']) retrieved from /home/augenz/PycharmProjects/airflow/dags/dag_with_postgres_operator_v03.py
[2022-08-29T22:28:40.802-0400] {logging_mixin.py:115} INFO - [2022-08-29T22:28:40.802-0400] {dag.py:2429} INFO - Sync 1 DAGs
[2022-08-29T22:28:40.837-0400] {logging_mixin.py:115} INFO - [2022-08-29T22:28:40.836-0400] {dag.py:2977} INFO - Setting next_dagrun for dag_with_postgres_operator_v03 to 2022-08-29T00:00:00+00:00, run_after=2022-08-30T00:00:00+00:00
[2022-08-29T22:28:40.898-0400] {processor.py:161} INFO - Processing /home/augenz/PycharmProjects/airflow/dags/dag_with_postgres_operator_v03.py took 0.207 seconds
[2022-08-29T22:29:11.237-0400] {processor.py:153} INFO - Started process (PID=18015) to work on /home/augenz/PycharmProjects/airflow/dags/dag_with_postgres_operator_v03.py
[2022-08-29T22:29:11.261-0400] {processor.py:640} INFO - Processing file /home/augenz/PycharmProjects/airflow/dags/dag_with_postgres_operator_v03.py for tasks to queue
[2022-08-29T22:29:11.263-0400] {logging_mixin.py:115} INFO - [2022-08-29T22:29:11.262-0400] {dagbag.py:508} INFO - Filling up the DagBag from /home/augenz/PycharmProjects/airflow/dags/dag_with_postgres_operator_v03.py
[2022-08-29T22:29:11.310-0400] {processor.py:650} INFO - DAG(s) dict_keys(['dag_with_postgres_operator_v03']) retrieved from /home/augenz/PycharmProjects/airflow/dags/dag_with_postgres_operator_v03.py
[2022-08-29T22:29:11.361-0400] {logging_mixin.py:115} INFO - [2022-08-29T22:29:11.361-0400] {dag.py:2429} INFO - Sync 1 DAGs
[2022-08-29T22:29:11.399-0400] {logging_mixin.py:115} INFO - [2022-08-29T22:29:11.399-0400] {dag.py:2977} INFO - Setting next_dagrun for dag_with_postgres_operator_v03 to 2022-08-29T00:00:00+00:00, run_after=2022-08-30T00:00:00+00:00
[2022-08-29T22:29:11.446-0400] {processor.py:161} INFO - Processing /home/augenz/PycharmProjects/airflow/dags/dag_with_postgres_operator_v03.py took 0.214 seconds
[2022-08-29T22:29:41.569-0400] {processor.py:153} INFO - Started process (PID=18036) to work on /home/augenz/PycharmProjects/airflow/dags/dag_with_postgres_operator_v03.py
[2022-08-29T22:29:41.593-0400] {processor.py:640} INFO - Processing file /home/augenz/PycharmProjects/airflow/dags/dag_with_postgres_operator_v03.py for tasks to queue
[2022-08-29T22:29:41.594-0400] {logging_mixin.py:115} INFO - [2022-08-29T22:29:41.594-0400] {dagbag.py:508} INFO - Filling up the DagBag from /home/augenz/PycharmProjects/airflow/dags/dag_with_postgres_operator_v03.py
[2022-08-29T22:29:41.639-0400] {processor.py:650} INFO - DAG(s) dict_keys(['dag_with_postgres_operator_v03']) retrieved from /home/augenz/PycharmProjects/airflow/dags/dag_with_postgres_operator_v03.py
[2022-08-29T22:29:41.688-0400] {logging_mixin.py:115} INFO - [2022-08-29T22:29:41.688-0400] {dag.py:2429} INFO - Sync 1 DAGs
[2022-08-29T22:29:41.728-0400] {logging_mixin.py:115} INFO - [2022-08-29T22:29:41.728-0400] {dag.py:2977} INFO - Setting next_dagrun for dag_with_postgres_operator_v03 to 2022-08-29T00:00:00+00:00, run_after=2022-08-30T00:00:00+00:00
[2022-08-29T22:29:41.774-0400] {processor.py:161} INFO - Processing /home/augenz/PycharmProjects/airflow/dags/dag_with_postgres_operator_v03.py took 0.210 seconds
[2022-08-29T22:30:11.890-0400] {processor.py:153} INFO - Started process (PID=18059) to work on /home/augenz/PycharmProjects/airflow/dags/dag_with_postgres_operator_v03.py
[2022-08-29T22:30:11.914-0400] {processor.py:640} INFO - Processing file /home/augenz/PycharmProjects/airflow/dags/dag_with_postgres_operator_v03.py for tasks to queue
[2022-08-29T22:30:11.915-0400] {logging_mixin.py:115} INFO - [2022-08-29T22:30:11.915-0400] {dagbag.py:508} INFO - Filling up the DagBag from /home/augenz/PycharmProjects/airflow/dags/dag_with_postgres_operator_v03.py
[2022-08-29T22:30:11.960-0400] {processor.py:650} INFO - DAG(s) dict_keys(['dag_with_postgres_operator_v03']) retrieved from /home/augenz/PycharmProjects/airflow/dags/dag_with_postgres_operator_v03.py
[2022-08-29T22:30:12.007-0400] {logging_mixin.py:115} INFO - [2022-08-29T22:30:12.006-0400] {dag.py:2429} INFO - Sync 1 DAGs
[2022-08-29T22:30:12.039-0400] {logging_mixin.py:115} INFO - [2022-08-29T22:30:12.039-0400] {dag.py:2977} INFO - Setting next_dagrun for dag_with_postgres_operator_v03 to 2022-08-29T00:00:00+00:00, run_after=2022-08-30T00:00:00+00:00
[2022-08-29T22:30:12.097-0400] {processor.py:161} INFO - Processing /home/augenz/PycharmProjects/airflow/dags/dag_with_postgres_operator_v03.py took 0.212 seconds
[2022-08-29T22:30:42.264-0400] {processor.py:153} INFO - Started process (PID=18080) to work on /home/augenz/PycharmProjects/airflow/dags/dag_with_postgres_operator_v03.py
[2022-08-29T22:30:42.288-0400] {processor.py:640} INFO - Processing file /home/augenz/PycharmProjects/airflow/dags/dag_with_postgres_operator_v03.py for tasks to queue
[2022-08-29T22:30:42.289-0400] {logging_mixin.py:115} INFO - [2022-08-29T22:30:42.289-0400] {dagbag.py:508} INFO - Filling up the DagBag from /home/augenz/PycharmProjects/airflow/dags/dag_with_postgres_operator_v03.py
[2022-08-29T22:30:42.336-0400] {processor.py:650} INFO - DAG(s) dict_keys(['dag_with_postgres_operator_v03']) retrieved from /home/augenz/PycharmProjects/airflow/dags/dag_with_postgres_operator_v03.py
[2022-08-29T22:30:42.388-0400] {logging_mixin.py:115} INFO - [2022-08-29T22:30:42.388-0400] {dag.py:2429} INFO - Sync 1 DAGs
[2022-08-29T22:30:42.422-0400] {logging_mixin.py:115} INFO - [2022-08-29T22:30:42.422-0400] {dag.py:2977} INFO - Setting next_dagrun for dag_with_postgres_operator_v03 to 2022-08-29T00:00:00+00:00, run_after=2022-08-30T00:00:00+00:00
[2022-08-29T22:30:42.461-0400] {processor.py:161} INFO - Processing /home/augenz/PycharmProjects/airflow/dags/dag_with_postgres_operator_v03.py took 0.202 seconds
[2022-08-29T22:31:12.756-0400] {processor.py:153} INFO - Started process (PID=18102) to work on /home/augenz/PycharmProjects/airflow/dags/dag_with_postgres_operator_v03.py
[2022-08-29T22:31:12.781-0400] {processor.py:640} INFO - Processing file /home/augenz/PycharmProjects/airflow/dags/dag_with_postgres_operator_v03.py for tasks to queue
[2022-08-29T22:31:12.784-0400] {logging_mixin.py:115} INFO - [2022-08-29T22:31:12.783-0400] {dagbag.py:508} INFO - Filling up the DagBag from /home/augenz/PycharmProjects/airflow/dags/dag_with_postgres_operator_v03.py
[2022-08-29T22:31:12.832-0400] {processor.py:650} INFO - DAG(s) dict_keys(['dag_with_postgres_operator_v03']) retrieved from /home/augenz/PycharmProjects/airflow/dags/dag_with_postgres_operator_v03.py
[2022-08-29T22:31:12.887-0400] {logging_mixin.py:115} INFO - [2022-08-29T22:31:12.886-0400] {dag.py:2429} INFO - Sync 1 DAGs
[2022-08-29T22:31:12.920-0400] {logging_mixin.py:115} INFO - [2022-08-29T22:31:12.920-0400] {dag.py:2977} INFO - Setting next_dagrun for dag_with_postgres_operator_v03 to 2022-08-29T00:00:00+00:00, run_after=2022-08-30T00:00:00+00:00
[2022-08-29T22:31:12.966-0400] {processor.py:161} INFO - Processing /home/augenz/PycharmProjects/airflow/dags/dag_with_postgres_operator_v03.py took 0.216 seconds
[2022-08-29T22:31:43.117-0400] {processor.py:153} INFO - Started process (PID=18123) to work on /home/augenz/PycharmProjects/airflow/dags/dag_with_postgres_operator_v03.py
[2022-08-29T22:31:43.121-0400] {processor.py:640} INFO - Processing file /home/augenz/PycharmProjects/airflow/dags/dag_with_postgres_operator_v03.py for tasks to queue
[2022-08-29T22:31:43.122-0400] {logging_mixin.py:115} INFO - [2022-08-29T22:31:43.122-0400] {dagbag.py:508} INFO - Filling up the DagBag from /home/augenz/PycharmProjects/airflow/dags/dag_with_postgres_operator_v03.py
[2022-08-29T22:31:43.168-0400] {processor.py:650} INFO - DAG(s) dict_keys(['dag_with_postgres_operator_v03']) retrieved from /home/augenz/PycharmProjects/airflow/dags/dag_with_postgres_operator_v03.py
[2022-08-29T22:31:43.219-0400] {logging_mixin.py:115} INFO - [2022-08-29T22:31:43.218-0400] {dag.py:2429} INFO - Sync 1 DAGs
[2022-08-29T22:31:43.252-0400] {logging_mixin.py:115} INFO - [2022-08-29T22:31:43.252-0400] {dag.py:2977} INFO - Setting next_dagrun for dag_with_postgres_operator_v03 to 2022-08-29T00:00:00+00:00, run_after=2022-08-30T00:00:00+00:00
[2022-08-29T22:31:43.313-0400] {processor.py:161} INFO - Processing /home/augenz/PycharmProjects/airflow/dags/dag_with_postgres_operator_v03.py took 0.202 seconds
[2022-08-29T22:32:13.364-0400] {processor.py:153} INFO - Started process (PID=18144) to work on /home/augenz/PycharmProjects/airflow/dags/dag_with_postgres_operator_v03.py
[2022-08-29T22:32:13.369-0400] {processor.py:640} INFO - Processing file /home/augenz/PycharmProjects/airflow/dags/dag_with_postgres_operator_v03.py for tasks to queue
[2022-08-29T22:32:13.372-0400] {logging_mixin.py:115} INFO - [2022-08-29T22:32:13.372-0400] {dagbag.py:508} INFO - Filling up the DagBag from /home/augenz/PycharmProjects/airflow/dags/dag_with_postgres_operator_v03.py
[2022-08-29T22:32:13.413-0400] {processor.py:650} INFO - DAG(s) dict_keys(['dag_with_postgres_operator_v03']) retrieved from /home/augenz/PycharmProjects/airflow/dags/dag_with_postgres_operator_v03.py
[2022-08-29T22:32:13.463-0400] {logging_mixin.py:115} INFO - [2022-08-29T22:32:13.462-0400] {dag.py:2429} INFO - Sync 1 DAGs
[2022-08-29T22:32:13.495-0400] {logging_mixin.py:115} INFO - [2022-08-29T22:32:13.495-0400] {dag.py:2977} INFO - Setting next_dagrun for dag_with_postgres_operator_v03 to 2022-08-29T00:00:00+00:00, run_after=2022-08-30T00:00:00+00:00
[2022-08-29T22:32:13.535-0400] {processor.py:161} INFO - Processing /home/augenz/PycharmProjects/airflow/dags/dag_with_postgres_operator_v03.py took 0.176 seconds
[2022-08-29T22:32:43.681-0400] {processor.py:153} INFO - Started process (PID=18166) to work on /home/augenz/PycharmProjects/airflow/dags/dag_with_postgres_operator_v03.py
[2022-08-29T22:32:43.686-0400] {processor.py:640} INFO - Processing file /home/augenz/PycharmProjects/airflow/dags/dag_with_postgres_operator_v03.py for tasks to queue
[2022-08-29T22:32:43.687-0400] {logging_mixin.py:115} INFO - [2022-08-29T22:32:43.687-0400] {dagbag.py:508} INFO - Filling up the DagBag from /home/augenz/PycharmProjects/airflow/dags/dag_with_postgres_operator_v03.py
[2022-08-29T22:32:43.729-0400] {processor.py:650} INFO - DAG(s) dict_keys(['dag_with_postgres_operator_v03']) retrieved from /home/augenz/PycharmProjects/airflow/dags/dag_with_postgres_operator_v03.py
[2022-08-29T22:32:43.774-0400] {logging_mixin.py:115} INFO - [2022-08-29T22:32:43.774-0400] {dag.py:2429} INFO - Sync 1 DAGs
[2022-08-29T22:32:43.808-0400] {logging_mixin.py:115} INFO - [2022-08-29T22:32:43.808-0400] {dag.py:2977} INFO - Setting next_dagrun for dag_with_postgres_operator_v03 to 2022-08-29T00:00:00+00:00, run_after=2022-08-30T00:00:00+00:00
[2022-08-29T22:32:43.865-0400] {processor.py:161} INFO - Processing /home/augenz/PycharmProjects/airflow/dags/dag_with_postgres_operator_v03.py took 0.188 seconds
[2022-08-29T22:33:13.913-0400] {processor.py:153} INFO - Started process (PID=18188) to work on /home/augenz/PycharmProjects/airflow/dags/dag_with_postgres_operator_v03.py
[2022-08-29T22:33:13.918-0400] {processor.py:640} INFO - Processing file /home/augenz/PycharmProjects/airflow/dags/dag_with_postgres_operator_v03.py for tasks to queue
[2022-08-29T22:33:13.919-0400] {logging_mixin.py:115} INFO - [2022-08-29T22:33:13.919-0400] {dagbag.py:508} INFO - Filling up the DagBag from /home/augenz/PycharmProjects/airflow/dags/dag_with_postgres_operator_v03.py
[2022-08-29T22:33:13.961-0400] {processor.py:650} INFO - DAG(s) dict_keys(['dag_with_postgres_operator_v03']) retrieved from /home/augenz/PycharmProjects/airflow/dags/dag_with_postgres_operator_v03.py
[2022-08-29T22:33:14.007-0400] {logging_mixin.py:115} INFO - [2022-08-29T22:33:14.007-0400] {dag.py:2429} INFO - Sync 1 DAGs
[2022-08-29T22:33:14.041-0400] {logging_mixin.py:115} INFO - [2022-08-29T22:33:14.041-0400] {dag.py:2977} INFO - Setting next_dagrun for dag_with_postgres_operator_v03 to 2022-08-29T00:00:00+00:00, run_after=2022-08-30T00:00:00+00:00
[2022-08-29T22:33:14.088-0400] {processor.py:161} INFO - Processing /home/augenz/PycharmProjects/airflow/dags/dag_with_postgres_operator_v03.py took 0.180 seconds
[2022-08-29T22:33:44.357-0400] {processor.py:153} INFO - Started process (PID=18209) to work on /home/augenz/PycharmProjects/airflow/dags/dag_with_postgres_operator_v03.py
[2022-08-29T22:33:44.361-0400] {processor.py:640} INFO - Processing file /home/augenz/PycharmProjects/airflow/dags/dag_with_postgres_operator_v03.py for tasks to queue
[2022-08-29T22:33:44.362-0400] {logging_mixin.py:115} INFO - [2022-08-29T22:33:44.362-0400] {dagbag.py:508} INFO - Filling up the DagBag from /home/augenz/PycharmProjects/airflow/dags/dag_with_postgres_operator_v03.py
[2022-08-29T22:33:44.417-0400] {processor.py:650} INFO - DAG(s) dict_keys(['dag_with_postgres_operator_v03']) retrieved from /home/augenz/PycharmProjects/airflow/dags/dag_with_postgres_operator_v03.py
[2022-08-29T22:33:44.463-0400] {logging_mixin.py:115} INFO - [2022-08-29T22:33:44.463-0400] {dag.py:2429} INFO - Sync 1 DAGs
[2022-08-29T22:33:44.496-0400] {logging_mixin.py:115} INFO - [2022-08-29T22:33:44.496-0400] {dag.py:2977} INFO - Setting next_dagrun for dag_with_postgres_operator_v03 to 2022-08-29T00:00:00+00:00, run_after=2022-08-30T00:00:00+00:00
[2022-08-29T22:33:44.526-0400] {processor.py:161} INFO - Processing /home/augenz/PycharmProjects/airflow/dags/dag_with_postgres_operator_v03.py took 0.174 seconds
[2022-08-29T22:34:14.597-0400] {processor.py:153} INFO - Started process (PID=18230) to work on /home/augenz/PycharmProjects/airflow/dags/dag_with_postgres_operator_v03.py
[2022-08-29T22:34:14.601-0400] {processor.py:640} INFO - Processing file /home/augenz/PycharmProjects/airflow/dags/dag_with_postgres_operator_v03.py for tasks to queue
[2022-08-29T22:34:14.602-0400] {logging_mixin.py:115} INFO - [2022-08-29T22:34:14.602-0400] {dagbag.py:508} INFO - Filling up the DagBag from /home/augenz/PycharmProjects/airflow/dags/dag_with_postgres_operator_v03.py
[2022-08-29T22:34:14.644-0400] {processor.py:650} INFO - DAG(s) dict_keys(['dag_with_postgres_operator_v03']) retrieved from /home/augenz/PycharmProjects/airflow/dags/dag_with_postgres_operator_v03.py
[2022-08-29T22:34:14.691-0400] {logging_mixin.py:115} INFO - [2022-08-29T22:34:14.691-0400] {dag.py:2429} INFO - Sync 1 DAGs
[2022-08-29T22:34:14.725-0400] {logging_mixin.py:115} INFO - [2022-08-29T22:34:14.724-0400] {dag.py:2977} INFO - Setting next_dagrun for dag_with_postgres_operator_v03 to 2022-08-29T00:00:00+00:00, run_after=2022-08-30T00:00:00+00:00
[2022-08-29T22:34:14.773-0400] {processor.py:161} INFO - Processing /home/augenz/PycharmProjects/airflow/dags/dag_with_postgres_operator_v03.py took 0.182 seconds
[2022-08-29T22:34:45.280-0400] {processor.py:153} INFO - Started process (PID=18251) to work on /home/augenz/PycharmProjects/airflow/dags/dag_with_postgres_operator_v03.py
[2022-08-29T22:34:45.306-0400] {processor.py:640} INFO - Processing file /home/augenz/PycharmProjects/airflow/dags/dag_with_postgres_operator_v03.py for tasks to queue
[2022-08-29T22:34:45.307-0400] {logging_mixin.py:115} INFO - [2022-08-29T22:34:45.307-0400] {dagbag.py:508} INFO - Filling up the DagBag from /home/augenz/PycharmProjects/airflow/dags/dag_with_postgres_operator_v03.py
[2022-08-29T22:34:45.365-0400] {processor.py:650} INFO - DAG(s) dict_keys(['dag_with_postgres_operator_v03']) retrieved from /home/augenz/PycharmProjects/airflow/dags/dag_with_postgres_operator_v03.py
[2022-08-29T22:34:45.420-0400] {logging_mixin.py:115} INFO - [2022-08-29T22:34:45.420-0400] {dag.py:2429} INFO - Sync 1 DAGs
[2022-08-29T22:34:45.456-0400] {logging_mixin.py:115} INFO - [2022-08-29T22:34:45.456-0400] {dag.py:2977} INFO - Setting next_dagrun for dag_with_postgres_operator_v03 to 2022-08-29T00:00:00+00:00, run_after=2022-08-30T00:00:00+00:00
[2022-08-29T22:34:45.503-0400] {processor.py:161} INFO - Processing /home/augenz/PycharmProjects/airflow/dags/dag_with_postgres_operator_v03.py took 0.228 seconds
[2022-08-29T22:35:15.605-0400] {processor.py:153} INFO - Started process (PID=18273) to work on /home/augenz/PycharmProjects/airflow/dags/dag_with_postgres_operator_v03.py
[2022-08-29T22:35:15.610-0400] {processor.py:640} INFO - Processing file /home/augenz/PycharmProjects/airflow/dags/dag_with_postgres_operator_v03.py for tasks to queue
[2022-08-29T22:35:15.611-0400] {logging_mixin.py:115} INFO - [2022-08-29T22:35:15.611-0400] {dagbag.py:508} INFO - Filling up the DagBag from /home/augenz/PycharmProjects/airflow/dags/dag_with_postgres_operator_v03.py
[2022-08-29T22:35:15.656-0400] {processor.py:650} INFO - DAG(s) dict_keys(['dag_with_postgres_operator_v03']) retrieved from /home/augenz/PycharmProjects/airflow/dags/dag_with_postgres_operator_v03.py
[2022-08-29T22:35:15.705-0400] {logging_mixin.py:115} INFO - [2022-08-29T22:35:15.705-0400] {dag.py:2429} INFO - Sync 1 DAGs
[2022-08-29T22:35:15.736-0400] {logging_mixin.py:115} INFO - [2022-08-29T22:35:15.736-0400] {dag.py:2977} INFO - Setting next_dagrun for dag_with_postgres_operator_v03 to 2022-08-29T00:00:00+00:00, run_after=2022-08-30T00:00:00+00:00
[2022-08-29T22:35:15.794-0400] {processor.py:161} INFO - Processing /home/augenz/PycharmProjects/airflow/dags/dag_with_postgres_operator_v03.py took 0.194 seconds
[2022-08-29T22:35:45.942-0400] {processor.py:153} INFO - Started process (PID=18295) to work on /home/augenz/PycharmProjects/airflow/dags/dag_with_postgres_operator_v03.py
[2022-08-29T22:35:45.968-0400] {processor.py:640} INFO - Processing file /home/augenz/PycharmProjects/airflow/dags/dag_with_postgres_operator_v03.py for tasks to queue
[2022-08-29T22:35:45.969-0400] {logging_mixin.py:115} INFO - [2022-08-29T22:35:45.969-0400] {dagbag.py:508} INFO - Filling up the DagBag from /home/augenz/PycharmProjects/airflow/dags/dag_with_postgres_operator_v03.py
[2022-08-29T22:35:46.016-0400] {processor.py:650} INFO - DAG(s) dict_keys(['dag_with_postgres_operator_v03']) retrieved from /home/augenz/PycharmProjects/airflow/dags/dag_with_postgres_operator_v03.py
[2022-08-29T22:35:46.065-0400] {logging_mixin.py:115} INFO - [2022-08-29T22:35:46.064-0400] {dag.py:2429} INFO - Sync 1 DAGs
[2022-08-29T22:35:46.101-0400] {logging_mixin.py:115} INFO - [2022-08-29T22:35:46.101-0400] {dag.py:2977} INFO - Setting next_dagrun for dag_with_postgres_operator_v03 to 2022-08-29T00:00:00+00:00, run_after=2022-08-30T00:00:00+00:00
[2022-08-29T22:35:46.165-0400] {processor.py:161} INFO - Processing /home/augenz/PycharmProjects/airflow/dags/dag_with_postgres_operator_v03.py took 0.228 seconds
[2022-08-29T22:36:16.243-0400] {processor.py:153} INFO - Started process (PID=18316) to work on /home/augenz/PycharmProjects/airflow/dags/dag_with_postgres_operator_v03.py
[2022-08-29T22:36:16.269-0400] {processor.py:640} INFO - Processing file /home/augenz/PycharmProjects/airflow/dags/dag_with_postgres_operator_v03.py for tasks to queue
[2022-08-29T22:36:16.270-0400] {logging_mixin.py:115} INFO - [2022-08-29T22:36:16.270-0400] {dagbag.py:508} INFO - Filling up the DagBag from /home/augenz/PycharmProjects/airflow/dags/dag_with_postgres_operator_v03.py
[2022-08-29T22:36:16.317-0400] {processor.py:650} INFO - DAG(s) dict_keys(['dag_with_postgres_operator_v03']) retrieved from /home/augenz/PycharmProjects/airflow/dags/dag_with_postgres_operator_v03.py
[2022-08-29T22:36:16.366-0400] {logging_mixin.py:115} INFO - [2022-08-29T22:36:16.366-0400] {dag.py:2429} INFO - Sync 1 DAGs
[2022-08-29T22:36:16.400-0400] {logging_mixin.py:115} INFO - [2022-08-29T22:36:16.400-0400] {dag.py:2977} INFO - Setting next_dagrun for dag_with_postgres_operator_v03 to 2022-08-29T00:00:00+00:00, run_after=2022-08-30T00:00:00+00:00
[2022-08-29T22:36:16.454-0400] {processor.py:161} INFO - Processing /home/augenz/PycharmProjects/airflow/dags/dag_with_postgres_operator_v03.py took 0.216 seconds
[2022-08-29T22:36:46.565-0400] {processor.py:153} INFO - Started process (PID=18338) to work on /home/augenz/PycharmProjects/airflow/dags/dag_with_postgres_operator_v03.py
[2022-08-29T22:36:46.591-0400] {processor.py:640} INFO - Processing file /home/augenz/PycharmProjects/airflow/dags/dag_with_postgres_operator_v03.py for tasks to queue
[2022-08-29T22:36:46.592-0400] {logging_mixin.py:115} INFO - [2022-08-29T22:36:46.592-0400] {dagbag.py:508} INFO - Filling up the DagBag from /home/augenz/PycharmProjects/airflow/dags/dag_with_postgres_operator_v03.py
[2022-08-29T22:36:46.642-0400] {processor.py:650} INFO - DAG(s) dict_keys(['dag_with_postgres_operator_v03']) retrieved from /home/augenz/PycharmProjects/airflow/dags/dag_with_postgres_operator_v03.py
[2022-08-29T22:36:46.693-0400] {logging_mixin.py:115} INFO - [2022-08-29T22:36:46.693-0400] {dag.py:2429} INFO - Sync 1 DAGs
[2022-08-29T22:36:46.729-0400] {logging_mixin.py:115} INFO - [2022-08-29T22:36:46.728-0400] {dag.py:2977} INFO - Setting next_dagrun for dag_with_postgres_operator_v03 to 2022-08-29T00:00:00+00:00, run_after=2022-08-30T00:00:00+00:00
[2022-08-29T22:36:46.775-0400] {processor.py:161} INFO - Processing /home/augenz/PycharmProjects/airflow/dags/dag_with_postgres_operator_v03.py took 0.215 seconds
[2022-08-29T22:37:16.873-0400] {processor.py:153} INFO - Started process (PID=18359) to work on /home/augenz/PycharmProjects/airflow/dags/dag_with_postgres_operator_v03.py
[2022-08-29T22:37:16.878-0400] {processor.py:640} INFO - Processing file /home/augenz/PycharmProjects/airflow/dags/dag_with_postgres_operator_v03.py for tasks to queue
[2022-08-29T22:37:16.879-0400] {logging_mixin.py:115} INFO - [2022-08-29T22:37:16.879-0400] {dagbag.py:508} INFO - Filling up the DagBag from /home/augenz/PycharmProjects/airflow/dags/dag_with_postgres_operator_v03.py
[2022-08-29T22:37:16.916-0400] {processor.py:650} INFO - DAG(s) dict_keys(['dag_with_postgres_operator_v03']) retrieved from /home/augenz/PycharmProjects/airflow/dags/dag_with_postgres_operator_v03.py
[2022-08-29T22:37:16.963-0400] {logging_mixin.py:115} INFO - [2022-08-29T22:37:16.962-0400] {dag.py:2429} INFO - Sync 1 DAGs
[2022-08-29T22:37:16.996-0400] {logging_mixin.py:115} INFO - [2022-08-29T22:37:16.996-0400] {dag.py:2977} INFO - Setting next_dagrun for dag_with_postgres_operator_v03 to 2022-08-29T00:00:00+00:00, run_after=2022-08-30T00:00:00+00:00
[2022-08-29T22:37:17.038-0400] {processor.py:161} INFO - Processing /home/augenz/PycharmProjects/airflow/dags/dag_with_postgres_operator_v03.py took 0.172 seconds
[2022-08-29T22:37:47.186-0400] {processor.py:153} INFO - Started process (PID=18380) to work on /home/augenz/PycharmProjects/airflow/dags/dag_with_postgres_operator_v03.py
[2022-08-29T22:37:47.212-0400] {processor.py:640} INFO - Processing file /home/augenz/PycharmProjects/airflow/dags/dag_with_postgres_operator_v03.py for tasks to queue
[2022-08-29T22:37:47.213-0400] {logging_mixin.py:115} INFO - [2022-08-29T22:37:47.213-0400] {dagbag.py:508} INFO - Filling up the DagBag from /home/augenz/PycharmProjects/airflow/dags/dag_with_postgres_operator_v03.py
[2022-08-29T22:37:47.256-0400] {processor.py:650} INFO - DAG(s) dict_keys(['dag_with_postgres_operator_v03']) retrieved from /home/augenz/PycharmProjects/airflow/dags/dag_with_postgres_operator_v03.py
[2022-08-29T22:37:47.307-0400] {logging_mixin.py:115} INFO - [2022-08-29T22:37:47.307-0400] {dag.py:2429} INFO - Sync 1 DAGs
[2022-08-29T22:37:47.343-0400] {logging_mixin.py:115} INFO - [2022-08-29T22:37:47.343-0400] {dag.py:2977} INFO - Setting next_dagrun for dag_with_postgres_operator_v03 to 2022-08-29T00:00:00+00:00, run_after=2022-08-30T00:00:00+00:00
[2022-08-29T22:37:47.403-0400] {processor.py:161} INFO - Processing /home/augenz/PycharmProjects/airflow/dags/dag_with_postgres_operator_v03.py took 0.223 seconds
[2022-08-29T22:38:17.560-0400] {processor.py:153} INFO - Started process (PID=18401) to work on /home/augenz/PycharmProjects/airflow/dags/dag_with_postgres_operator_v03.py
[2022-08-29T22:38:17.586-0400] {processor.py:640} INFO - Processing file /home/augenz/PycharmProjects/airflow/dags/dag_with_postgres_operator_v03.py for tasks to queue
[2022-08-29T22:38:17.587-0400] {logging_mixin.py:115} INFO - [2022-08-29T22:38:17.587-0400] {dagbag.py:508} INFO - Filling up the DagBag from /home/augenz/PycharmProjects/airflow/dags/dag_with_postgres_operator_v03.py
[2022-08-29T22:38:17.632-0400] {processor.py:650} INFO - DAG(s) dict_keys(['dag_with_postgres_operator_v03']) retrieved from /home/augenz/PycharmProjects/airflow/dags/dag_with_postgres_operator_v03.py
[2022-08-29T22:38:17.680-0400] {logging_mixin.py:115} INFO - [2022-08-29T22:38:17.680-0400] {dag.py:2429} INFO - Sync 1 DAGs
[2022-08-29T22:38:17.715-0400] {logging_mixin.py:115} INFO - [2022-08-29T22:38:17.715-0400] {dag.py:2977} INFO - Setting next_dagrun for dag_with_postgres_operator_v03 to 2022-08-29T00:00:00+00:00, run_after=2022-08-30T00:00:00+00:00
[2022-08-29T22:38:17.748-0400] {processor.py:161} INFO - Processing /home/augenz/PycharmProjects/airflow/dags/dag_with_postgres_operator_v03.py took 0.193 seconds
[2022-08-29T22:38:47.899-0400] {processor.py:153} INFO - Started process (PID=18424) to work on /home/augenz/PycharmProjects/airflow/dags/dag_with_postgres_operator_v03.py
[2022-08-29T22:38:47.904-0400] {processor.py:640} INFO - Processing file /home/augenz/PycharmProjects/airflow/dags/dag_with_postgres_operator_v03.py for tasks to queue
[2022-08-29T22:38:47.905-0400] {logging_mixin.py:115} INFO - [2022-08-29T22:38:47.905-0400] {dagbag.py:508} INFO - Filling up the DagBag from /home/augenz/PycharmProjects/airflow/dags/dag_with_postgres_operator_v03.py
[2022-08-29T22:38:47.952-0400] {processor.py:650} INFO - DAG(s) dict_keys(['dag_with_postgres_operator_v03']) retrieved from /home/augenz/PycharmProjects/airflow/dags/dag_with_postgres_operator_v03.py
[2022-08-29T22:38:48.001-0400] {logging_mixin.py:115} INFO - [2022-08-29T22:38:48.001-0400] {dag.py:2429} INFO - Sync 1 DAGs
[2022-08-29T22:38:48.035-0400] {logging_mixin.py:115} INFO - [2022-08-29T22:38:48.035-0400] {dag.py:2977} INFO - Setting next_dagrun for dag_with_postgres_operator_v03 to 2022-08-29T00:00:00+00:00, run_after=2022-08-30T00:00:00+00:00
[2022-08-29T22:38:48.081-0400] {processor.py:161} INFO - Processing /home/augenz/PycharmProjects/airflow/dags/dag_with_postgres_operator_v03.py took 0.189 seconds
[2022-08-29T22:39:18.330-0400] {processor.py:153} INFO - Started process (PID=18445) to work on /home/augenz/PycharmProjects/airflow/dags/dag_with_postgres_operator_v03.py
[2022-08-29T22:39:18.335-0400] {processor.py:640} INFO - Processing file /home/augenz/PycharmProjects/airflow/dags/dag_with_postgres_operator_v03.py for tasks to queue
[2022-08-29T22:39:18.336-0400] {logging_mixin.py:115} INFO - [2022-08-29T22:39:18.336-0400] {dagbag.py:508} INFO - Filling up the DagBag from /home/augenz/PycharmProjects/airflow/dags/dag_with_postgres_operator_v03.py
[2022-08-29T22:39:18.382-0400] {processor.py:650} INFO - DAG(s) dict_keys(['dag_with_postgres_operator_v03']) retrieved from /home/augenz/PycharmProjects/airflow/dags/dag_with_postgres_operator_v03.py
[2022-08-29T22:39:18.427-0400] {logging_mixin.py:115} INFO - [2022-08-29T22:39:18.427-0400] {dag.py:2429} INFO - Sync 1 DAGs
[2022-08-29T22:39:18.459-0400] {logging_mixin.py:115} INFO - [2022-08-29T22:39:18.458-0400] {dag.py:2977} INFO - Setting next_dagrun for dag_with_postgres_operator_v03 to 2022-08-29T00:00:00+00:00, run_after=2022-08-30T00:00:00+00:00
[2022-08-29T22:39:18.511-0400] {processor.py:161} INFO - Processing /home/augenz/PycharmProjects/airflow/dags/dag_with_postgres_operator_v03.py took 0.186 seconds
[2022-08-29T22:39:48.853-0400] {processor.py:153} INFO - Started process (PID=18466) to work on /home/augenz/PycharmProjects/airflow/dags/dag_with_postgres_operator_v03.py
[2022-08-29T22:39:48.858-0400] {processor.py:640} INFO - Processing file /home/augenz/PycharmProjects/airflow/dags/dag_with_postgres_operator_v03.py for tasks to queue
[2022-08-29T22:39:48.859-0400] {logging_mixin.py:115} INFO - [2022-08-29T22:39:48.859-0400] {dagbag.py:508} INFO - Filling up the DagBag from /home/augenz/PycharmProjects/airflow/dags/dag_with_postgres_operator_v03.py
[2022-08-29T22:39:48.905-0400] {processor.py:650} INFO - DAG(s) dict_keys(['dag_with_postgres_operator_v03']) retrieved from /home/augenz/PycharmProjects/airflow/dags/dag_with_postgres_operator_v03.py
[2022-08-29T22:39:48.954-0400] {logging_mixin.py:115} INFO - [2022-08-29T22:39:48.953-0400] {dag.py:2429} INFO - Sync 1 DAGs
[2022-08-29T22:39:48.986-0400] {logging_mixin.py:115} INFO - [2022-08-29T22:39:48.986-0400] {dag.py:2977} INFO - Setting next_dagrun for dag_with_postgres_operator_v03 to 2022-08-29T00:00:00+00:00, run_after=2022-08-30T00:00:00+00:00
[2022-08-29T22:39:49.050-0400] {processor.py:161} INFO - Processing /home/augenz/PycharmProjects/airflow/dags/dag_with_postgres_operator_v03.py took 0.201 seconds
[2022-08-29T22:40:19.204-0400] {processor.py:153} INFO - Started process (PID=18488) to work on /home/augenz/PycharmProjects/airflow/dags/dag_with_postgres_operator_v03.py
[2022-08-29T22:40:19.210-0400] {processor.py:640} INFO - Processing file /home/augenz/PycharmProjects/airflow/dags/dag_with_postgres_operator_v03.py for tasks to queue
[2022-08-29T22:40:19.212-0400] {logging_mixin.py:115} INFO - [2022-08-29T22:40:19.212-0400] {dagbag.py:508} INFO - Filling up the DagBag from /home/augenz/PycharmProjects/airflow/dags/dag_with_postgres_operator_v03.py
[2022-08-29T22:40:19.254-0400] {processor.py:650} INFO - DAG(s) dict_keys(['dag_with_postgres_operator_v03']) retrieved from /home/augenz/PycharmProjects/airflow/dags/dag_with_postgres_operator_v03.py
[2022-08-29T22:40:19.300-0400] {logging_mixin.py:115} INFO - [2022-08-29T22:40:19.300-0400] {dag.py:2429} INFO - Sync 1 DAGs
[2022-08-29T22:40:19.333-0400] {logging_mixin.py:115} INFO - [2022-08-29T22:40:19.333-0400] {dag.py:2977} INFO - Setting next_dagrun for dag_with_postgres_operator_v03 to 2022-08-29T00:00:00+00:00, run_after=2022-08-30T00:00:00+00:00
[2022-08-29T22:40:19.370-0400] {processor.py:161} INFO - Processing /home/augenz/PycharmProjects/airflow/dags/dag_with_postgres_operator_v03.py took 0.171 seconds
[2022-08-29T22:40:49.622-0400] {processor.py:153} INFO - Started process (PID=18509) to work on /home/augenz/PycharmProjects/airflow/dags/dag_with_postgres_operator_v03.py
[2022-08-29T22:40:49.649-0400] {processor.py:640} INFO - Processing file /home/augenz/PycharmProjects/airflow/dags/dag_with_postgres_operator_v03.py for tasks to queue
[2022-08-29T22:40:49.650-0400] {logging_mixin.py:115} INFO - [2022-08-29T22:40:49.650-0400] {dagbag.py:508} INFO - Filling up the DagBag from /home/augenz/PycharmProjects/airflow/dags/dag_with_postgres_operator_v03.py
[2022-08-29T22:40:49.697-0400] {processor.py:650} INFO - DAG(s) dict_keys(['dag_with_postgres_operator_v03']) retrieved from /home/augenz/PycharmProjects/airflow/dags/dag_with_postgres_operator_v03.py
[2022-08-29T22:40:49.741-0400] {logging_mixin.py:115} INFO - [2022-08-29T22:40:49.741-0400] {dag.py:2429} INFO - Sync 1 DAGs
[2022-08-29T22:40:49.774-0400] {logging_mixin.py:115} INFO - [2022-08-29T22:40:49.773-0400] {dag.py:2977} INFO - Setting next_dagrun for dag_with_postgres_operator_v03 to 2022-08-29T00:00:00+00:00, run_after=2022-08-30T00:00:00+00:00
[2022-08-29T22:40:49.843-0400] {processor.py:161} INFO - Processing /home/augenz/PycharmProjects/airflow/dags/dag_with_postgres_operator_v03.py took 0.225 seconds
[2022-08-29T22:41:19.926-0400] {processor.py:153} INFO - Started process (PID=18531) to work on /home/augenz/PycharmProjects/airflow/dags/dag_with_postgres_operator_v03.py
[2022-08-29T22:41:19.931-0400] {processor.py:640} INFO - Processing file /home/augenz/PycharmProjects/airflow/dags/dag_with_postgres_operator_v03.py for tasks to queue
[2022-08-29T22:41:19.932-0400] {logging_mixin.py:115} INFO - [2022-08-29T22:41:19.932-0400] {dagbag.py:508} INFO - Filling up the DagBag from /home/augenz/PycharmProjects/airflow/dags/dag_with_postgres_operator_v03.py
[2022-08-29T22:41:19.977-0400] {processor.py:650} INFO - DAG(s) dict_keys(['dag_with_postgres_operator_v03']) retrieved from /home/augenz/PycharmProjects/airflow/dags/dag_with_postgres_operator_v03.py
[2022-08-29T22:41:20.020-0400] {logging_mixin.py:115} INFO - [2022-08-29T22:41:20.020-0400] {dag.py:2429} INFO - Sync 1 DAGs
[2022-08-29T22:41:20.052-0400] {logging_mixin.py:115} INFO - [2022-08-29T22:41:20.052-0400] {dag.py:2977} INFO - Setting next_dagrun for dag_with_postgres_operator_v03 to 2022-08-29T00:00:00+00:00, run_after=2022-08-30T00:00:00+00:00
[2022-08-29T22:41:20.097-0400] {processor.py:161} INFO - Processing /home/augenz/PycharmProjects/airflow/dags/dag_with_postgres_operator_v03.py took 0.177 seconds
[2022-08-29T22:41:50.218-0400] {processor.py:153} INFO - Started process (PID=18553) to work on /home/augenz/PycharmProjects/airflow/dags/dag_with_postgres_operator_v03.py
[2022-08-29T22:41:50.223-0400] {processor.py:640} INFO - Processing file /home/augenz/PycharmProjects/airflow/dags/dag_with_postgres_operator_v03.py for tasks to queue
[2022-08-29T22:41:50.224-0400] {logging_mixin.py:115} INFO - [2022-08-29T22:41:50.224-0400] {dagbag.py:508} INFO - Filling up the DagBag from /home/augenz/PycharmProjects/airflow/dags/dag_with_postgres_operator_v03.py
[2022-08-29T22:41:50.280-0400] {processor.py:650} INFO - DAG(s) dict_keys(['dag_with_postgres_operator_v03']) retrieved from /home/augenz/PycharmProjects/airflow/dags/dag_with_postgres_operator_v03.py
[2022-08-29T22:41:50.326-0400] {logging_mixin.py:115} INFO - [2022-08-29T22:41:50.326-0400] {dag.py:2429} INFO - Sync 1 DAGs
[2022-08-29T22:41:50.359-0400] {logging_mixin.py:115} INFO - [2022-08-29T22:41:50.358-0400] {dag.py:2977} INFO - Setting next_dagrun for dag_with_postgres_operator_v03 to 2022-08-29T00:00:00+00:00, run_after=2022-08-30T00:00:00+00:00
[2022-08-29T22:41:50.403-0400] {processor.py:161} INFO - Processing /home/augenz/PycharmProjects/airflow/dags/dag_with_postgres_operator_v03.py took 0.189 seconds
[2022-08-29T22:42:20.515-0400] {processor.py:153} INFO - Started process (PID=18581) to work on /home/augenz/PycharmProjects/airflow/dags/dag_with_postgres_operator_v03.py
[2022-08-29T22:42:20.519-0400] {processor.py:640} INFO - Processing file /home/augenz/PycharmProjects/airflow/dags/dag_with_postgres_operator_v03.py for tasks to queue
[2022-08-29T22:42:20.519-0400] {logging_mixin.py:115} INFO - [2022-08-29T22:42:20.519-0400] {dagbag.py:508} INFO - Filling up the DagBag from /home/augenz/PycharmProjects/airflow/dags/dag_with_postgres_operator_v03.py
[2022-08-29T22:42:20.568-0400] {processor.py:650} INFO - DAG(s) dict_keys(['dag_with_postgres_operator_v03']) retrieved from /home/augenz/PycharmProjects/airflow/dags/dag_with_postgres_operator_v03.py
[2022-08-29T22:42:20.627-0400] {logging_mixin.py:115} INFO - [2022-08-29T22:42:20.627-0400] {dag.py:2429} INFO - Sync 1 DAGs
[2022-08-29T22:42:20.688-0400] {logging_mixin.py:115} INFO - [2022-08-29T22:42:20.687-0400] {dag.py:2977} INFO - Setting next_dagrun for dag_with_postgres_operator_v03 to 2022-08-29T00:00:00+00:00, run_after=2022-08-30T00:00:00+00:00
[2022-08-29T22:42:20.765-0400] {processor.py:161} INFO - Processing /home/augenz/PycharmProjects/airflow/dags/dag_with_postgres_operator_v03.py took 0.254 seconds
