[2022-08-29T15:23:56.141-0400] {taskinstance.py:1171} INFO - Dependencies all met for <TaskInstance: dag_with_python_operator_v03.get_name manual__2022-08-29T19:23:52.578448+00:00 [queued]>
[2022-08-29T15:23:56.157-0400] {taskinstance.py:1171} INFO - Dependencies all met for <TaskInstance: dag_with_python_operator_v03.get_name manual__2022-08-29T19:23:52.578448+00:00 [queued]>
[2022-08-29T15:23:56.157-0400] {taskinstance.py:1368} INFO - 
--------------------------------------------------------------------------------
[2022-08-29T15:23:56.157-0400] {taskinstance.py:1369} INFO - Starting attempt 1 of 6
[2022-08-29T15:23:56.157-0400] {taskinstance.py:1370} INFO - 
--------------------------------------------------------------------------------
[2022-08-29T15:23:56.202-0400] {taskinstance.py:1389} INFO - Executing <Task(PythonOperator): get_name> on 2022-08-29 19:23:52.578448+00:00
[2022-08-29T15:23:56.207-0400] {standard_task_runner.py:52} INFO - Started process 4280 to run task
[2022-08-29T15:23:56.211-0400] {standard_task_runner.py:79} INFO - Running: ['airflow', 'tasks', 'run', 'dag_with_python_operator_v03', 'get_name', 'manual__2022-08-29T19:23:52.578448+00:00', '--job-id', '7', '--raw', '--subdir', '/home/augenz/PycharmProjects/airflow/dags/dag_with_python_operator_v03.py', '--cfg-path', '/run/user/1000/app/com.jetbrains.PyCharm-Community/tmp92h9ti4r', '--error-file', '/run/user/1000/app/com.jetbrains.PyCharm-Community/tmp8bphan1r']
[2022-08-29T15:23:56.212-0400] {standard_task_runner.py:80} INFO - Job 7: Subtask get_name
[2022-08-29T15:23:56.398-0400] {task_command.py:371} INFO - Running <TaskInstance: dag_with_python_operator_v03.get_name manual__2022-08-29T19:23:52.578448+00:00 [running]> on host pop-os.localdomain
[2022-08-29T15:23:56.613-0400] {taskinstance.py:1581} INFO - Exporting the following env vars:
AIRFLOW_CTX_DAG_OWNER=admin
AIRFLOW_CTX_DAG_ID=dag_with_python_operator_v03
AIRFLOW_CTX_TASK_ID=get_name
AIRFLOW_CTX_EXECUTION_DATE=2022-08-29T19:23:52.578448+00:00
AIRFLOW_CTX_TRY_NUMBER=1
AIRFLOW_CTX_DAG_RUN_ID=manual__2022-08-29T19:23:52.578448+00:00
[2022-08-29T15:23:56.614-0400] {python.py:173} INFO - Done. Returned value was: August
[2022-08-29T15:23:56.708-0400] {taskinstance.py:1407} INFO - Marking task as SUCCESS. dag_id=dag_with_python_operator_v03, task_id=get_name, execution_date=20220829T192352, start_date=20220829T192356, end_date=20220829T192356
[2022-08-29T15:23:56.786-0400] {local_task_job.py:156} INFO - Task exited with return code 0
[2022-08-29T15:23:56.893-0400] {local_task_job.py:279} INFO - 0 downstream tasks scheduled from follow-on schedule check
[2022-08-29T15:23:56.964-0400] {dagrun.py:567} INFO - Marking run <DagRun dag_with_python_operator_v03 @ 2022-08-29 19:23:52.578448+00:00: manual__2022-08-29T19:23:52.578448+00:00, state:running, queued_at: 2022-08-29 19:23:52.655273+00:00. externally triggered: True> successful
[2022-08-29T15:23:56.965-0400] {dagrun.py:612} INFO - DagRun Finished: dag_id=dag_with_python_operator_v03, execution_date=2022-08-29 19:23:52.578448+00:00, run_id=manual__2022-08-29T19:23:52.578448+00:00, run_start_date=2022-08-29 19:23:53.440055+00:00, run_end_date=2022-08-29 19:23:56.965669+00:00, run_duration=3.525614, state=success, external_trigger=True, run_type=manual, data_interval_start=2022-08-28 00:00:00+00:00, data_interval_end=2022-08-29 00:00:00+00:00, dag_hash=5786540f8821f1ea5ac31501bd402d63
