[2022-08-29T19:09:24.375-0400] {taskinstance.py:1171} INFO - Dependencies all met for <TaskInstance: dag_with_taskflow_api_v02.get_name manual__2022-08-29T23:09:21.145297+00:00 [queued]>
[2022-08-29T19:09:24.391-0400] {taskinstance.py:1171} INFO - Dependencies all met for <TaskInstance: dag_with_taskflow_api_v02.get_name manual__2022-08-29T23:09:21.145297+00:00 [queued]>
[2022-08-29T19:09:24.391-0400] {taskinstance.py:1368} INFO - 
--------------------------------------------------------------------------------
[2022-08-29T19:09:24.392-0400] {taskinstance.py:1369} INFO - Starting attempt 1 of 6
[2022-08-29T19:09:24.392-0400] {taskinstance.py:1370} INFO - 
--------------------------------------------------------------------------------
[2022-08-29T19:09:24.436-0400] {taskinstance.py:1389} INFO - Executing <Task(_PythonDecoratedOperator): get_name> on 2022-08-29 23:09:21.145297+00:00
[2022-08-29T19:09:24.439-0400] {standard_task_runner.py:52} INFO - Started process 9518 to run task
[2022-08-29T19:09:24.444-0400] {standard_task_runner.py:79} INFO - Running: ['airflow', 'tasks', 'run', 'dag_with_taskflow_api_v02', 'get_name', 'manual__2022-08-29T23:09:21.145297+00:00', '--job-id', '16', '--raw', '--subdir', '/home/augenz/PycharmProjects/airflow/dags/dag_with_taskflow_api_v02.py', '--cfg-path', '/run/user/1000/app/com.jetbrains.PyCharm-Community/tmpc_66a03a', '--error-file', '/run/user/1000/app/com.jetbrains.PyCharm-Community/tmpjx_tlu29']
[2022-08-29T19:09:24.445-0400] {standard_task_runner.py:80} INFO - Job 16: Subtask get_name
[2022-08-29T19:09:24.647-0400] {task_command.py:371} INFO - Running <TaskInstance: dag_with_taskflow_api_v02.get_name manual__2022-08-29T23:09:21.145297+00:00 [running]> on host pop-os.localdomain
[2022-08-29T19:09:24.880-0400] {taskinstance.py:1581} INFO - Exporting the following env vars:
AIRFLOW_CTX_DAG_OWNER=admin
AIRFLOW_CTX_DAG_ID=dag_with_taskflow_api_v02
AIRFLOW_CTX_TASK_ID=get_name
AIRFLOW_CTX_EXECUTION_DATE=2022-08-29T23:09:21.145297+00:00
AIRFLOW_CTX_TRY_NUMBER=1
AIRFLOW_CTX_DAG_RUN_ID=manual__2022-08-29T23:09:21.145297+00:00
[2022-08-29T19:09:24.883-0400] {python.py:173} INFO - Done. Returned value was: {'first_name': 'August', 'last_name': 'Enzo'}
[2022-08-29T19:09:25.135-0400] {taskinstance.py:1407} INFO - Marking task as SUCCESS. dag_id=dag_with_taskflow_api_v02, task_id=get_name, execution_date=20220829T230921, start_date=20220829T230924, end_date=20220829T230925
[2022-08-29T19:09:25.221-0400] {local_task_job.py:156} INFO - Task exited with return code 0
[2022-08-29T19:09:25.377-0400] {local_task_job.py:279} INFO - 0 downstream tasks scheduled from follow-on schedule check
