[2022-08-29T12:35:00.871-0400] {taskinstance.py:1171} INFO - Dependencies all met for <TaskInstance: example_bash_operator.runme_1 scheduled__2022-08-28T00:00:00+00:00 [queued]>
[2022-08-29T12:35:00.885-0400] {taskinstance.py:1171} INFO - Dependencies all met for <TaskInstance: example_bash_operator.runme_1 scheduled__2022-08-28T00:00:00+00:00 [queued]>
[2022-08-29T12:35:00.885-0400] {taskinstance.py:1368} INFO - 
--------------------------------------------------------------------------------
[2022-08-29T12:35:00.885-0400] {taskinstance.py:1369} INFO - Starting attempt 1 of 1
[2022-08-29T12:35:00.886-0400] {taskinstance.py:1370} INFO - 
--------------------------------------------------------------------------------
[2022-08-29T12:35:00.927-0400] {taskinstance.py:1389} INFO - Executing <Task(BashOperator): runme_1> on 2022-08-28 00:00:00+00:00
[2022-08-29T12:35:00.929-0400] {standard_task_runner.py:52} INFO - Started process 515 to run task
[2022-08-29T12:35:00.933-0400] {standard_task_runner.py:79} INFO - Running: ['airflow', 'tasks', 'run', 'example_bash_operator', 'runme_1', 'scheduled__2022-08-28T00:00:00+00:00', '--job-id', '3', '--raw', '--subdir', '/home/augenz/PycharmProjects/airflow/.env_airflow/lib/python3.9/site-packages/airflow/example_dags/example_bash_operator.py', '--cfg-path', '/run/user/1000/app/com.jetbrains.PyCharm-Community/tmpvuigz_bf', '--error-file', '/run/user/1000/app/com.jetbrains.PyCharm-Community/tmp1ajutan0']
[2022-08-29T12:35:00.935-0400] {standard_task_runner.py:80} INFO - Job 3: Subtask runme_1
[2022-08-29T12:35:01.128-0400] {task_command.py:371} INFO - Running <TaskInstance: example_bash_operator.runme_1 scheduled__2022-08-28T00:00:00+00:00 [running]> on host pop-os.localdomain
[2022-08-29T12:35:01.363-0400] {taskinstance.py:1581} INFO - Exporting the following env vars:
AIRFLOW_CTX_DAG_OWNER=airflow
AIRFLOW_CTX_DAG_ID=example_bash_operator
AIRFLOW_CTX_TASK_ID=runme_1
AIRFLOW_CTX_EXECUTION_DATE=2022-08-28T00:00:00+00:00
AIRFLOW_CTX_TRY_NUMBER=1
AIRFLOW_CTX_DAG_RUN_ID=scheduled__2022-08-28T00:00:00+00:00
[2022-08-29T12:35:01.366-0400] {subprocess.py:62} INFO - Tmp dir root location: 
 /run/user/1000/app/com.jetbrains.PyCharm-Community
[2022-08-29T12:35:01.367-0400] {subprocess.py:74} INFO - Running command: ['/usr/bin/bash', '-c', 'echo "example_bash_operator__runme_1__20220828" && sleep 1']
[2022-08-29T12:35:01.377-0400] {subprocess.py:85} INFO - Output:
[2022-08-29T12:35:01.380-0400] {subprocess.py:92} INFO - example_bash_operator__runme_1__20220828
[2022-08-29T12:35:02.385-0400] {subprocess.py:96} INFO - Command exited with return code 0
[2022-08-29T12:35:02.493-0400] {taskinstance.py:1407} INFO - Marking task as SUCCESS. dag_id=example_bash_operator, task_id=runme_1, execution_date=20220828T000000, start_date=20220829T163500, end_date=20220829T163502
[2022-08-29T12:35:02.552-0400] {local_task_job.py:156} INFO - Task exited with return code 0
[2022-08-29T12:35:02.709-0400] {local_task_job.py:279} INFO - 0 downstream tasks scheduled from follow-on schedule check
