[2022-08-29T12:33:16.511-0400] {processor.py:153} INFO - Started process (PID=381) to work on /home/augenz/PycharmProjects/airflow/.env_airflow/lib/python3.9/site-packages/airflow/example_dags/example_short_circuit_operator.py
[2022-08-29T12:33:16.512-0400] {processor.py:640} INFO - Processing file /home/augenz/PycharmProjects/airflow/.env_airflow/lib/python3.9/site-packages/airflow/example_dags/example_short_circuit_operator.py for tasks to queue
[2022-08-29T12:33:16.513-0400] {logging_mixin.py:115} INFO - [2022-08-29T12:33:16.513-0400] {dagbag.py:508} INFO - Filling up the DagBag from /home/augenz/PycharmProjects/airflow/.env_airflow/lib/python3.9/site-packages/airflow/example_dags/example_short_circuit_operator.py
[2022-08-29T12:33:16.526-0400] {processor.py:650} INFO - DAG(s) dict_keys(['example_short_circuit_operator']) retrieved from /home/augenz/PycharmProjects/airflow/.env_airflow/lib/python3.9/site-packages/airflow/example_dags/example_short_circuit_operator.py
[2022-08-29T12:33:16.699-0400] {logging_mixin.py:115} INFO - [2022-08-29T12:33:16.699-0400] {manager.py:508} INFO - Created Permission View: can delete on DAG:example_short_circuit_operator
[2022-08-29T12:33:16.765-0400] {logging_mixin.py:115} INFO - [2022-08-29T12:33:16.765-0400] {manager.py:508} INFO - Created Permission View: can read on DAG:example_short_circuit_operator
[2022-08-29T12:33:16.808-0400] {logging_mixin.py:115} INFO - [2022-08-29T12:33:16.808-0400] {manager.py:508} INFO - Created Permission View: can edit on DAG:example_short_circuit_operator
[2022-08-29T12:33:16.809-0400] {logging_mixin.py:115} INFO - [2022-08-29T12:33:16.809-0400] {dag.py:2429} INFO - Sync 1 DAGs
[2022-08-29T12:33:16.836-0400] {logging_mixin.py:115} INFO - [2022-08-29T12:33:16.836-0400] {dag.py:2448} INFO - Creating ORM DAG for example_short_circuit_operator
[2022-08-29T12:33:16.863-0400] {logging_mixin.py:115} INFO - [2022-08-29T12:33:16.863-0400] {dag.py:2977} INFO - Setting next_dagrun for example_short_circuit_operator to 2022-08-28T16:33:16.862482+00:00, run_after=2022-08-29T16:33:16.862482+00:00
[2022-08-29T12:33:16.924-0400] {processor.py:161} INFO - Processing /home/augenz/PycharmProjects/airflow/.env_airflow/lib/python3.9/site-packages/airflow/example_dags/example_short_circuit_operator.py took 0.417 seconds
[2022-08-29T12:33:47.293-0400] {processor.py:153} INFO - Started process (PID=421) to work on /home/augenz/PycharmProjects/airflow/.env_airflow/lib/python3.9/site-packages/airflow/example_dags/example_short_circuit_operator.py
[2022-08-29T12:33:47.296-0400] {processor.py:640} INFO - Processing file /home/augenz/PycharmProjects/airflow/.env_airflow/lib/python3.9/site-packages/airflow/example_dags/example_short_circuit_operator.py for tasks to queue
[2022-08-29T12:33:47.297-0400] {logging_mixin.py:115} INFO - [2022-08-29T12:33:47.297-0400] {dagbag.py:508} INFO - Filling up the DagBag from /home/augenz/PycharmProjects/airflow/.env_airflow/lib/python3.9/site-packages/airflow/example_dags/example_short_circuit_operator.py
[2022-08-29T12:33:47.311-0400] {processor.py:650} INFO - DAG(s) dict_keys(['example_short_circuit_operator']) retrieved from /home/augenz/PycharmProjects/airflow/.env_airflow/lib/python3.9/site-packages/airflow/example_dags/example_short_circuit_operator.py
[2022-08-29T12:33:47.360-0400] {logging_mixin.py:115} INFO - [2022-08-29T12:33:47.360-0400] {dag.py:2429} INFO - Sync 1 DAGs
[2022-08-29T12:33:47.398-0400] {logging_mixin.py:115} INFO - [2022-08-29T12:33:47.398-0400] {dag.py:2977} INFO - Setting next_dagrun for example_short_circuit_operator to 2022-08-28T16:33:47.397987+00:00, run_after=2022-08-29T16:33:47.397987+00:00
[2022-08-29T12:33:47.436-0400] {processor.py:161} INFO - Processing /home/augenz/PycharmProjects/airflow/.env_airflow/lib/python3.9/site-packages/airflow/example_dags/example_short_circuit_operator.py took 0.148 seconds
[2022-08-29T12:34:17.954-0400] {processor.py:153} INFO - Started process (PID=456) to work on /home/augenz/PycharmProjects/airflow/.env_airflow/lib/python3.9/site-packages/airflow/example_dags/example_short_circuit_operator.py
[2022-08-29T12:34:17.957-0400] {processor.py:640} INFO - Processing file /home/augenz/PycharmProjects/airflow/.env_airflow/lib/python3.9/site-packages/airflow/example_dags/example_short_circuit_operator.py for tasks to queue
[2022-08-29T12:34:17.959-0400] {logging_mixin.py:115} INFO - [2022-08-29T12:34:17.959-0400] {dagbag.py:508} INFO - Filling up the DagBag from /home/augenz/PycharmProjects/airflow/.env_airflow/lib/python3.9/site-packages/airflow/example_dags/example_short_circuit_operator.py
[2022-08-29T12:34:17.981-0400] {processor.py:650} INFO - DAG(s) dict_keys(['example_short_circuit_operator']) retrieved from /home/augenz/PycharmProjects/airflow/.env_airflow/lib/python3.9/site-packages/airflow/example_dags/example_short_circuit_operator.py
[2022-08-29T12:34:18.040-0400] {logging_mixin.py:115} INFO - [2022-08-29T12:34:18.040-0400] {dag.py:2429} INFO - Sync 1 DAGs
[2022-08-29T12:34:18.084-0400] {logging_mixin.py:115} INFO - [2022-08-29T12:34:18.084-0400] {dag.py:2977} INFO - Setting next_dagrun for example_short_circuit_operator to 2022-08-28T16:34:18.083671+00:00, run_after=2022-08-29T16:34:18.083671+00:00
[2022-08-29T12:34:18.134-0400] {processor.py:161} INFO - Processing /home/augenz/PycharmProjects/airflow/.env_airflow/lib/python3.9/site-packages/airflow/example_dags/example_short_circuit_operator.py took 0.184 seconds
[2022-08-29T12:34:48.646-0400] {processor.py:153} INFO - Started process (PID=491) to work on /home/augenz/PycharmProjects/airflow/.env_airflow/lib/python3.9/site-packages/airflow/example_dags/example_short_circuit_operator.py
[2022-08-29T12:34:48.650-0400] {processor.py:640} INFO - Processing file /home/augenz/PycharmProjects/airflow/.env_airflow/lib/python3.9/site-packages/airflow/example_dags/example_short_circuit_operator.py for tasks to queue
[2022-08-29T12:34:48.651-0400] {logging_mixin.py:115} INFO - [2022-08-29T12:34:48.650-0400] {dagbag.py:508} INFO - Filling up the DagBag from /home/augenz/PycharmProjects/airflow/.env_airflow/lib/python3.9/site-packages/airflow/example_dags/example_short_circuit_operator.py
[2022-08-29T12:34:48.667-0400] {processor.py:650} INFO - DAG(s) dict_keys(['example_short_circuit_operator']) retrieved from /home/augenz/PycharmProjects/airflow/.env_airflow/lib/python3.9/site-packages/airflow/example_dags/example_short_circuit_operator.py
[2022-08-29T12:34:48.732-0400] {logging_mixin.py:115} INFO - [2022-08-29T12:34:48.732-0400] {dag.py:2429} INFO - Sync 1 DAGs
[2022-08-29T12:34:48.773-0400] {logging_mixin.py:115} INFO - [2022-08-29T12:34:48.773-0400] {dag.py:2977} INFO - Setting next_dagrun for example_short_circuit_operator to 2022-08-28T16:34:48.772900+00:00, run_after=2022-08-29T16:34:48.772900+00:00
[2022-08-29T12:34:48.814-0400] {processor.py:161} INFO - Processing /home/augenz/PycharmProjects/airflow/.env_airflow/lib/python3.9/site-packages/airflow/example_dags/example_short_circuit_operator.py took 0.175 seconds
[2022-08-29T12:35:19.271-0400] {processor.py:153} INFO - Started process (PID=548) to work on /home/augenz/PycharmProjects/airflow/.env_airflow/lib/python3.9/site-packages/airflow/example_dags/example_short_circuit_operator.py
[2022-08-29T12:35:19.275-0400] {processor.py:640} INFO - Processing file /home/augenz/PycharmProjects/airflow/.env_airflow/lib/python3.9/site-packages/airflow/example_dags/example_short_circuit_operator.py for tasks to queue
[2022-08-29T12:35:19.276-0400] {logging_mixin.py:115} INFO - [2022-08-29T12:35:19.276-0400] {dagbag.py:508} INFO - Filling up the DagBag from /home/augenz/PycharmProjects/airflow/.env_airflow/lib/python3.9/site-packages/airflow/example_dags/example_short_circuit_operator.py
[2022-08-29T12:35:19.292-0400] {processor.py:650} INFO - DAG(s) dict_keys(['example_short_circuit_operator']) retrieved from /home/augenz/PycharmProjects/airflow/.env_airflow/lib/python3.9/site-packages/airflow/example_dags/example_short_circuit_operator.py
[2022-08-29T12:35:19.336-0400] {logging_mixin.py:115} INFO - [2022-08-29T12:35:19.335-0400] {dag.py:2429} INFO - Sync 1 DAGs
[2022-08-29T12:35:19.370-0400] {logging_mixin.py:115} INFO - [2022-08-29T12:35:19.370-0400] {dag.py:2977} INFO - Setting next_dagrun for example_short_circuit_operator to 2022-08-28T16:35:19.370226+00:00, run_after=2022-08-29T16:35:19.370226+00:00
[2022-08-29T12:35:19.409-0400] {processor.py:161} INFO - Processing /home/augenz/PycharmProjects/airflow/.env_airflow/lib/python3.9/site-packages/airflow/example_dags/example_short_circuit_operator.py took 0.143 seconds
[2022-08-29T12:35:51.586-0400] {processor.py:153} INFO - Started process (PID=591) to work on /home/augenz/PycharmProjects/airflow/.env_airflow/lib/python3.9/site-packages/airflow/example_dags/example_short_circuit_operator.py
[2022-08-29T12:35:51.588-0400] {processor.py:640} INFO - Processing file /home/augenz/PycharmProjects/airflow/.env_airflow/lib/python3.9/site-packages/airflow/example_dags/example_short_circuit_operator.py for tasks to queue
[2022-08-29T12:35:51.589-0400] {logging_mixin.py:115} INFO - [2022-08-29T12:35:51.589-0400] {dagbag.py:508} INFO - Filling up the DagBag from /home/augenz/PycharmProjects/airflow/.env_airflow/lib/python3.9/site-packages/airflow/example_dags/example_short_circuit_operator.py
[2022-08-29T12:35:51.609-0400] {processor.py:650} INFO - DAG(s) dict_keys(['example_short_circuit_operator']) retrieved from /home/augenz/PycharmProjects/airflow/.env_airflow/lib/python3.9/site-packages/airflow/example_dags/example_short_circuit_operator.py
[2022-08-29T12:35:52.263-0400] {logging_mixin.py:115} INFO - [2022-08-29T12:35:52.262-0400] {dag.py:2429} INFO - Sync 1 DAGs
[2022-08-29T12:35:52.290-0400] {logging_mixin.py:115} INFO - [2022-08-29T12:35:52.289-0400] {dag.py:2977} INFO - Setting next_dagrun for example_short_circuit_operator to 2022-08-28T16:35:52.289523+00:00, run_after=2022-08-29T16:35:52.289523+00:00
[2022-08-29T12:35:52.328-0400] {processor.py:161} INFO - Processing /home/augenz/PycharmProjects/airflow/.env_airflow/lib/python3.9/site-packages/airflow/example_dags/example_short_circuit_operator.py took 0.747 seconds
[2022-08-29T12:36:22.821-0400] {processor.py:153} INFO - Started process (PID=625) to work on /home/augenz/PycharmProjects/airflow/.env_airflow/lib/python3.9/site-packages/airflow/example_dags/example_short_circuit_operator.py
[2022-08-29T12:36:22.824-0400] {processor.py:640} INFO - Processing file /home/augenz/PycharmProjects/airflow/.env_airflow/lib/python3.9/site-packages/airflow/example_dags/example_short_circuit_operator.py for tasks to queue
[2022-08-29T12:36:22.825-0400] {logging_mixin.py:115} INFO - [2022-08-29T12:36:22.825-0400] {dagbag.py:508} INFO - Filling up the DagBag from /home/augenz/PycharmProjects/airflow/.env_airflow/lib/python3.9/site-packages/airflow/example_dags/example_short_circuit_operator.py
[2022-08-29T12:36:22.837-0400] {processor.py:650} INFO - DAG(s) dict_keys(['example_short_circuit_operator']) retrieved from /home/augenz/PycharmProjects/airflow/.env_airflow/lib/python3.9/site-packages/airflow/example_dags/example_short_circuit_operator.py
[2022-08-29T12:36:23.311-0400] {logging_mixin.py:115} INFO - [2022-08-29T12:36:23.310-0400] {dag.py:2429} INFO - Sync 1 DAGs
[2022-08-29T12:36:23.338-0400] {logging_mixin.py:115} INFO - [2022-08-29T12:36:23.337-0400] {dag.py:2977} INFO - Setting next_dagrun for example_short_circuit_operator to 2022-08-28T16:36:23.337648+00:00, run_after=2022-08-29T16:36:23.337648+00:00
[2022-08-29T12:36:23.375-0400] {processor.py:161} INFO - Processing /home/augenz/PycharmProjects/airflow/.env_airflow/lib/python3.9/site-packages/airflow/example_dags/example_short_circuit_operator.py took 0.558 seconds
[2022-08-29T12:36:55.515-0400] {processor.py:153} INFO - Started process (PID=676) to work on /home/augenz/PycharmProjects/airflow/.env_airflow/lib/python3.9/site-packages/airflow/example_dags/example_short_circuit_operator.py
[2022-08-29T12:36:55.523-0400] {processor.py:640} INFO - Processing file /home/augenz/PycharmProjects/airflow/.env_airflow/lib/python3.9/site-packages/airflow/example_dags/example_short_circuit_operator.py for tasks to queue
[2022-08-29T12:36:55.525-0400] {logging_mixin.py:115} INFO - [2022-08-29T12:36:55.525-0400] {dagbag.py:508} INFO - Filling up the DagBag from /home/augenz/PycharmProjects/airflow/.env_airflow/lib/python3.9/site-packages/airflow/example_dags/example_short_circuit_operator.py
[2022-08-29T12:36:55.579-0400] {processor.py:650} INFO - DAG(s) dict_keys(['example_short_circuit_operator']) retrieved from /home/augenz/PycharmProjects/airflow/.env_airflow/lib/python3.9/site-packages/airflow/example_dags/example_short_circuit_operator.py
[2022-08-29T12:36:56.915-0400] {logging_mixin.py:115} INFO - [2022-08-29T12:36:56.915-0400] {dag.py:2429} INFO - Sync 1 DAGs
[2022-08-29T12:36:57.012-0400] {logging_mixin.py:115} INFO - [2022-08-29T12:36:57.011-0400] {dag.py:2977} INFO - Setting next_dagrun for example_short_circuit_operator to 2022-08-28T16:36:57.011015+00:00, run_after=2022-08-29T16:36:57.011015+00:00
[2022-08-29T12:36:57.065-0400] {processor.py:161} INFO - Processing /home/augenz/PycharmProjects/airflow/.env_airflow/lib/python3.9/site-packages/airflow/example_dags/example_short_circuit_operator.py took 1.557 seconds
[2022-08-29T12:37:32.633-0400] {processor.py:153} INFO - Started process (PID=718) to work on /home/augenz/PycharmProjects/airflow/.env_airflow/lib/python3.9/site-packages/airflow/example_dags/example_short_circuit_operator.py
[2022-08-29T12:37:32.640-0400] {processor.py:640} INFO - Processing file /home/augenz/PycharmProjects/airflow/.env_airflow/lib/python3.9/site-packages/airflow/example_dags/example_short_circuit_operator.py for tasks to queue
[2022-08-29T12:37:32.642-0400] {logging_mixin.py:115} INFO - [2022-08-29T12:37:32.641-0400] {dagbag.py:508} INFO - Filling up the DagBag from /home/augenz/PycharmProjects/airflow/.env_airflow/lib/python3.9/site-packages/airflow/example_dags/example_short_circuit_operator.py
[2022-08-29T12:37:32.693-0400] {processor.py:650} INFO - DAG(s) dict_keys(['example_short_circuit_operator']) retrieved from /home/augenz/PycharmProjects/airflow/.env_airflow/lib/python3.9/site-packages/airflow/example_dags/example_short_circuit_operator.py
[2022-08-29T12:37:34.147-0400] {logging_mixin.py:115} INFO - [2022-08-29T12:37:34.146-0400] {dag.py:2429} INFO - Sync 1 DAGs
[2022-08-29T12:37:34.228-0400] {logging_mixin.py:115} INFO - [2022-08-29T12:37:34.228-0400] {dag.py:2977} INFO - Setting next_dagrun for example_short_circuit_operator to 2022-08-28T16:37:34.227853+00:00, run_after=2022-08-29T16:37:34.227853+00:00
[2022-08-29T12:37:34.301-0400] {processor.py:161} INFO - Processing /home/augenz/PycharmProjects/airflow/.env_airflow/lib/python3.9/site-packages/airflow/example_dags/example_short_circuit_operator.py took 1.681 seconds
[2022-08-29T12:38:04.446-0400] {processor.py:153} INFO - Started process (PID=777) to work on /home/augenz/PycharmProjects/airflow/.env_airflow/lib/python3.9/site-packages/airflow/example_dags/example_short_circuit_operator.py
[2022-08-29T12:38:04.509-0400] {processor.py:640} INFO - Processing file /home/augenz/PycharmProjects/airflow/.env_airflow/lib/python3.9/site-packages/airflow/example_dags/example_short_circuit_operator.py for tasks to queue
[2022-08-29T12:38:04.510-0400] {logging_mixin.py:115} INFO - [2022-08-29T12:38:04.510-0400] {dagbag.py:508} INFO - Filling up the DagBag from /home/augenz/PycharmProjects/airflow/.env_airflow/lib/python3.9/site-packages/airflow/example_dags/example_short_circuit_operator.py
[2022-08-29T12:38:04.536-0400] {processor.py:650} INFO - DAG(s) dict_keys(['example_short_circuit_operator']) retrieved from /home/augenz/PycharmProjects/airflow/.env_airflow/lib/python3.9/site-packages/airflow/example_dags/example_short_circuit_operator.py
[2022-08-29T12:38:05.774-0400] {logging_mixin.py:115} INFO - [2022-08-29T12:38:05.773-0400] {dag.py:2429} INFO - Sync 1 DAGs
[2022-08-29T12:38:05.879-0400] {logging_mixin.py:115} INFO - [2022-08-29T12:38:05.879-0400] {dag.py:2977} INFO - Setting next_dagrun for example_short_circuit_operator to 2022-08-28T16:38:05.878859+00:00, run_after=2022-08-29T16:38:05.878859+00:00
[2022-08-29T12:38:05.945-0400] {processor.py:161} INFO - Processing /home/augenz/PycharmProjects/airflow/.env_airflow/lib/python3.9/site-packages/airflow/example_dags/example_short_circuit_operator.py took 1.509 seconds
[2022-08-29T12:38:36.923-0400] {processor.py:153} INFO - Started process (PID=815) to work on /home/augenz/PycharmProjects/airflow/.env_airflow/lib/python3.9/site-packages/airflow/example_dags/example_short_circuit_operator.py
[2022-08-29T12:38:36.942-0400] {processor.py:640} INFO - Processing file /home/augenz/PycharmProjects/airflow/.env_airflow/lib/python3.9/site-packages/airflow/example_dags/example_short_circuit_operator.py for tasks to queue
[2022-08-29T12:38:36.944-0400] {logging_mixin.py:115} INFO - [2022-08-29T12:38:36.943-0400] {dagbag.py:508} INFO - Filling up the DagBag from /home/augenz/PycharmProjects/airflow/.env_airflow/lib/python3.9/site-packages/airflow/example_dags/example_short_circuit_operator.py
[2022-08-29T12:38:36.957-0400] {processor.py:650} INFO - DAG(s) dict_keys(['example_short_circuit_operator']) retrieved from /home/augenz/PycharmProjects/airflow/.env_airflow/lib/python3.9/site-packages/airflow/example_dags/example_short_circuit_operator.py
[2022-08-29T12:38:37.509-0400] {logging_mixin.py:115} INFO - [2022-08-29T12:38:37.509-0400] {dag.py:2429} INFO - Sync 1 DAGs
[2022-08-29T12:38:37.595-0400] {logging_mixin.py:115} INFO - [2022-08-29T12:38:37.594-0400] {dag.py:2977} INFO - Setting next_dagrun for example_short_circuit_operator to 2022-08-28T16:38:37.593877+00:00, run_after=2022-08-29T16:38:37.593877+00:00
[2022-08-29T12:38:37.643-0400] {processor.py:161} INFO - Processing /home/augenz/PycharmProjects/airflow/.env_airflow/lib/python3.9/site-packages/airflow/example_dags/example_short_circuit_operator.py took 0.725 seconds
[2022-08-29T12:39:08.266-0400] {processor.py:153} INFO - Started process (PID=850) to work on /home/augenz/PycharmProjects/airflow/.env_airflow/lib/python3.9/site-packages/airflow/example_dags/example_short_circuit_operator.py
[2022-08-29T12:39:08.270-0400] {processor.py:640} INFO - Processing file /home/augenz/PycharmProjects/airflow/.env_airflow/lib/python3.9/site-packages/airflow/example_dags/example_short_circuit_operator.py for tasks to queue
[2022-08-29T12:39:08.271-0400] {logging_mixin.py:115} INFO - [2022-08-29T12:39:08.271-0400] {dagbag.py:508} INFO - Filling up the DagBag from /home/augenz/PycharmProjects/airflow/.env_airflow/lib/python3.9/site-packages/airflow/example_dags/example_short_circuit_operator.py
[2022-08-29T12:39:08.285-0400] {processor.py:650} INFO - DAG(s) dict_keys(['example_short_circuit_operator']) retrieved from /home/augenz/PycharmProjects/airflow/.env_airflow/lib/python3.9/site-packages/airflow/example_dags/example_short_circuit_operator.py
[2022-08-29T12:39:08.794-0400] {logging_mixin.py:115} INFO - [2022-08-29T12:39:08.793-0400] {dag.py:2429} INFO - Sync 1 DAGs
[2022-08-29T12:39:08.828-0400] {logging_mixin.py:115} INFO - [2022-08-29T12:39:08.828-0400] {dag.py:2977} INFO - Setting next_dagrun for example_short_circuit_operator to 2022-08-28T16:39:08.828470+00:00, run_after=2022-08-29T16:39:08.828470+00:00
[2022-08-29T12:39:08.870-0400] {processor.py:161} INFO - Processing /home/augenz/PycharmProjects/airflow/.env_airflow/lib/python3.9/site-packages/airflow/example_dags/example_short_circuit_operator.py took 0.610 seconds
[2022-08-29T12:39:39.250-0400] {processor.py:153} INFO - Started process (PID=884) to work on /home/augenz/PycharmProjects/airflow/.env_airflow/lib/python3.9/site-packages/airflow/example_dags/example_short_circuit_operator.py
[2022-08-29T12:39:39.254-0400] {processor.py:640} INFO - Processing file /home/augenz/PycharmProjects/airflow/.env_airflow/lib/python3.9/site-packages/airflow/example_dags/example_short_circuit_operator.py for tasks to queue
[2022-08-29T12:39:39.255-0400] {logging_mixin.py:115} INFO - [2022-08-29T12:39:39.255-0400] {dagbag.py:508} INFO - Filling up the DagBag from /home/augenz/PycharmProjects/airflow/.env_airflow/lib/python3.9/site-packages/airflow/example_dags/example_short_circuit_operator.py
[2022-08-29T12:39:39.269-0400] {processor.py:650} INFO - DAG(s) dict_keys(['example_short_circuit_operator']) retrieved from /home/augenz/PycharmProjects/airflow/.env_airflow/lib/python3.9/site-packages/airflow/example_dags/example_short_circuit_operator.py
[2022-08-29T12:39:39.733-0400] {logging_mixin.py:115} INFO - [2022-08-29T12:39:39.733-0400] {dag.py:2429} INFO - Sync 1 DAGs
[2022-08-29T12:39:39.765-0400] {logging_mixin.py:115} INFO - [2022-08-29T12:39:39.765-0400] {dag.py:2977} INFO - Setting next_dagrun for example_short_circuit_operator to 2022-08-28T16:39:39.764910+00:00, run_after=2022-08-29T16:39:39.764910+00:00
[2022-08-29T12:39:39.820-0400] {processor.py:161} INFO - Processing /home/augenz/PycharmProjects/airflow/.env_airflow/lib/python3.9/site-packages/airflow/example_dags/example_short_circuit_operator.py took 0.576 seconds
[2022-08-29T12:40:10.396-0400] {processor.py:153} INFO - Started process (PID=923) to work on /home/augenz/PycharmProjects/airflow/.env_airflow/lib/python3.9/site-packages/airflow/example_dags/example_short_circuit_operator.py
[2022-08-29T12:40:10.401-0400] {processor.py:640} INFO - Processing file /home/augenz/PycharmProjects/airflow/.env_airflow/lib/python3.9/site-packages/airflow/example_dags/example_short_circuit_operator.py for tasks to queue
[2022-08-29T12:40:10.402-0400] {logging_mixin.py:115} INFO - [2022-08-29T12:40:10.402-0400] {dagbag.py:508} INFO - Filling up the DagBag from /home/augenz/PycharmProjects/airflow/.env_airflow/lib/python3.9/site-packages/airflow/example_dags/example_short_circuit_operator.py
[2022-08-29T12:40:10.423-0400] {processor.py:650} INFO - DAG(s) dict_keys(['example_short_circuit_operator']) retrieved from /home/augenz/PycharmProjects/airflow/.env_airflow/lib/python3.9/site-packages/airflow/example_dags/example_short_circuit_operator.py
[2022-08-29T12:40:11.035-0400] {logging_mixin.py:115} INFO - [2022-08-29T12:40:11.034-0400] {dag.py:2429} INFO - Sync 1 DAGs
[2022-08-29T12:40:11.064-0400] {logging_mixin.py:115} INFO - [2022-08-29T12:40:11.063-0400] {dag.py:2977} INFO - Setting next_dagrun for example_short_circuit_operator to 2022-08-28T16:40:11.063657+00:00, run_after=2022-08-29T16:40:11.063657+00:00
[2022-08-29T12:40:11.123-0400] {processor.py:161} INFO - Processing /home/augenz/PycharmProjects/airflow/.env_airflow/lib/python3.9/site-packages/airflow/example_dags/example_short_circuit_operator.py took 0.732 seconds
[2022-08-29T12:40:41.472-0400] {processor.py:153} INFO - Started process (PID=958) to work on /home/augenz/PycharmProjects/airflow/.env_airflow/lib/python3.9/site-packages/airflow/example_dags/example_short_circuit_operator.py
[2022-08-29T12:40:41.477-0400] {processor.py:640} INFO - Processing file /home/augenz/PycharmProjects/airflow/.env_airflow/lib/python3.9/site-packages/airflow/example_dags/example_short_circuit_operator.py for tasks to queue
[2022-08-29T12:40:41.478-0400] {logging_mixin.py:115} INFO - [2022-08-29T12:40:41.478-0400] {dagbag.py:508} INFO - Filling up the DagBag from /home/augenz/PycharmProjects/airflow/.env_airflow/lib/python3.9/site-packages/airflow/example_dags/example_short_circuit_operator.py
[2022-08-29T12:40:41.491-0400] {processor.py:650} INFO - DAG(s) dict_keys(['example_short_circuit_operator']) retrieved from /home/augenz/PycharmProjects/airflow/.env_airflow/lib/python3.9/site-packages/airflow/example_dags/example_short_circuit_operator.py
[2022-08-29T12:40:41.980-0400] {logging_mixin.py:115} INFO - [2022-08-29T12:40:41.980-0400] {dag.py:2429} INFO - Sync 1 DAGs
[2022-08-29T12:40:42.008-0400] {logging_mixin.py:115} INFO - [2022-08-29T12:40:42.008-0400] {dag.py:2977} INFO - Setting next_dagrun for example_short_circuit_operator to 2022-08-28T16:40:42.007549+00:00, run_after=2022-08-29T16:40:42.007549+00:00
[2022-08-29T12:40:42.067-0400] {processor.py:161} INFO - Processing /home/augenz/PycharmProjects/airflow/.env_airflow/lib/python3.9/site-packages/airflow/example_dags/example_short_circuit_operator.py took 0.600 seconds
[2022-08-29T12:41:12.125-0400] {processor.py:153} INFO - Started process (PID=992) to work on /home/augenz/PycharmProjects/airflow/.env_airflow/lib/python3.9/site-packages/airflow/example_dags/example_short_circuit_operator.py
[2022-08-29T12:41:12.130-0400] {processor.py:640} INFO - Processing file /home/augenz/PycharmProjects/airflow/.env_airflow/lib/python3.9/site-packages/airflow/example_dags/example_short_circuit_operator.py for tasks to queue
[2022-08-29T12:41:12.131-0400] {logging_mixin.py:115} INFO - [2022-08-29T12:41:12.130-0400] {dagbag.py:508} INFO - Filling up the DagBag from /home/augenz/PycharmProjects/airflow/.env_airflow/lib/python3.9/site-packages/airflow/example_dags/example_short_circuit_operator.py
[2022-08-29T12:41:12.144-0400] {processor.py:650} INFO - DAG(s) dict_keys(['example_short_circuit_operator']) retrieved from /home/augenz/PycharmProjects/airflow/.env_airflow/lib/python3.9/site-packages/airflow/example_dags/example_short_circuit_operator.py
[2022-08-29T12:41:12.603-0400] {logging_mixin.py:115} INFO - [2022-08-29T12:41:12.603-0400] {dag.py:2429} INFO - Sync 1 DAGs
[2022-08-29T12:41:12.629-0400] {logging_mixin.py:115} INFO - [2022-08-29T12:41:12.629-0400] {dag.py:2977} INFO - Setting next_dagrun for example_short_circuit_operator to 2022-08-28T16:41:12.629036+00:00, run_after=2022-08-29T16:41:12.629036+00:00
[2022-08-29T12:41:12.664-0400] {processor.py:161} INFO - Processing /home/augenz/PycharmProjects/airflow/.env_airflow/lib/python3.9/site-packages/airflow/example_dags/example_short_circuit_operator.py took 0.544 seconds
[2022-08-29T12:41:43.004-0400] {processor.py:153} INFO - Started process (PID=1036) to work on /home/augenz/PycharmProjects/airflow/.env_airflow/lib/python3.9/site-packages/airflow/example_dags/example_short_circuit_operator.py
[2022-08-29T12:41:43.009-0400] {processor.py:640} INFO - Processing file /home/augenz/PycharmProjects/airflow/.env_airflow/lib/python3.9/site-packages/airflow/example_dags/example_short_circuit_operator.py for tasks to queue
[2022-08-29T12:41:43.010-0400] {logging_mixin.py:115} INFO - [2022-08-29T12:41:43.010-0400] {dagbag.py:508} INFO - Filling up the DagBag from /home/augenz/PycharmProjects/airflow/.env_airflow/lib/python3.9/site-packages/airflow/example_dags/example_short_circuit_operator.py
[2022-08-29T12:41:43.028-0400] {processor.py:650} INFO - DAG(s) dict_keys(['example_short_circuit_operator']) retrieved from /home/augenz/PycharmProjects/airflow/.env_airflow/lib/python3.9/site-packages/airflow/example_dags/example_short_circuit_operator.py
[2022-08-29T12:41:43.490-0400] {logging_mixin.py:115} INFO - [2022-08-29T12:41:43.490-0400] {dag.py:2429} INFO - Sync 1 DAGs
[2022-08-29T12:41:43.517-0400] {logging_mixin.py:115} INFO - [2022-08-29T12:41:43.517-0400] {dag.py:2977} INFO - Setting next_dagrun for example_short_circuit_operator to 2022-08-28T16:41:43.517284+00:00, run_after=2022-08-29T16:41:43.517284+00:00
[2022-08-29T12:41:43.561-0400] {processor.py:161} INFO - Processing /home/augenz/PycharmProjects/airflow/.env_airflow/lib/python3.9/site-packages/airflow/example_dags/example_short_circuit_operator.py took 0.562 seconds
[2022-08-29T12:42:13.998-0400] {processor.py:153} INFO - Started process (PID=1070) to work on /home/augenz/PycharmProjects/airflow/.env_airflow/lib/python3.9/site-packages/airflow/example_dags/example_short_circuit_operator.py
[2022-08-29T12:42:14.000-0400] {processor.py:640} INFO - Processing file /home/augenz/PycharmProjects/airflow/.env_airflow/lib/python3.9/site-packages/airflow/example_dags/example_short_circuit_operator.py for tasks to queue
[2022-08-29T12:42:14.001-0400] {logging_mixin.py:115} INFO - [2022-08-29T12:42:14.001-0400] {dagbag.py:508} INFO - Filling up the DagBag from /home/augenz/PycharmProjects/airflow/.env_airflow/lib/python3.9/site-packages/airflow/example_dags/example_short_circuit_operator.py
[2022-08-29T12:42:14.016-0400] {processor.py:650} INFO - DAG(s) dict_keys(['example_short_circuit_operator']) retrieved from /home/augenz/PycharmProjects/airflow/.env_airflow/lib/python3.9/site-packages/airflow/example_dags/example_short_circuit_operator.py
[2022-08-29T12:42:14.532-0400] {logging_mixin.py:115} INFO - [2022-08-29T12:42:14.531-0400] {dag.py:2429} INFO - Sync 1 DAGs
[2022-08-29T12:42:14.559-0400] {logging_mixin.py:115} INFO - [2022-08-29T12:42:14.559-0400] {dag.py:2977} INFO - Setting next_dagrun for example_short_circuit_operator to 2022-08-28T16:42:14.559394+00:00, run_after=2022-08-29T16:42:14.559394+00:00
[2022-08-29T12:42:14.599-0400] {processor.py:161} INFO - Processing /home/augenz/PycharmProjects/airflow/.env_airflow/lib/python3.9/site-packages/airflow/example_dags/example_short_circuit_operator.py took 0.607 seconds
[2022-08-29T12:42:44.965-0400] {processor.py:153} INFO - Started process (PID=1104) to work on /home/augenz/PycharmProjects/airflow/.env_airflow/lib/python3.9/site-packages/airflow/example_dags/example_short_circuit_operator.py
[2022-08-29T12:42:44.968-0400] {processor.py:640} INFO - Processing file /home/augenz/PycharmProjects/airflow/.env_airflow/lib/python3.9/site-packages/airflow/example_dags/example_short_circuit_operator.py for tasks to queue
[2022-08-29T12:42:44.969-0400] {logging_mixin.py:115} INFO - [2022-08-29T12:42:44.969-0400] {dagbag.py:508} INFO - Filling up the DagBag from /home/augenz/PycharmProjects/airflow/.env_airflow/lib/python3.9/site-packages/airflow/example_dags/example_short_circuit_operator.py
[2022-08-29T12:42:44.983-0400] {processor.py:650} INFO - DAG(s) dict_keys(['example_short_circuit_operator']) retrieved from /home/augenz/PycharmProjects/airflow/.env_airflow/lib/python3.9/site-packages/airflow/example_dags/example_short_circuit_operator.py
[2022-08-29T12:42:45.583-0400] {logging_mixin.py:115} INFO - [2022-08-29T12:42:45.582-0400] {dag.py:2429} INFO - Sync 1 DAGs
[2022-08-29T12:42:45.609-0400] {logging_mixin.py:115} INFO - [2022-08-29T12:42:45.609-0400] {dag.py:2977} INFO - Setting next_dagrun for example_short_circuit_operator to 2022-08-28T16:42:45.609169+00:00, run_after=2022-08-29T16:42:45.609169+00:00
[2022-08-29T12:42:45.664-0400] {processor.py:161} INFO - Processing /home/augenz/PycharmProjects/airflow/.env_airflow/lib/python3.9/site-packages/airflow/example_dags/example_short_circuit_operator.py took 0.706 seconds
[2022-08-29T12:43:16.616-0400] {processor.py:153} INFO - Started process (PID=1139) to work on /home/augenz/PycharmProjects/airflow/.env_airflow/lib/python3.9/site-packages/airflow/example_dags/example_short_circuit_operator.py
[2022-08-29T12:43:16.628-0400] {processor.py:640} INFO - Processing file /home/augenz/PycharmProjects/airflow/.env_airflow/lib/python3.9/site-packages/airflow/example_dags/example_short_circuit_operator.py for tasks to queue
[2022-08-29T12:43:16.629-0400] {logging_mixin.py:115} INFO - [2022-08-29T12:43:16.629-0400] {dagbag.py:508} INFO - Filling up the DagBag from /home/augenz/PycharmProjects/airflow/.env_airflow/lib/python3.9/site-packages/airflow/example_dags/example_short_circuit_operator.py
[2022-08-29T12:43:16.650-0400] {processor.py:650} INFO - DAG(s) dict_keys(['example_short_circuit_operator']) retrieved from /home/augenz/PycharmProjects/airflow/.env_airflow/lib/python3.9/site-packages/airflow/example_dags/example_short_circuit_operator.py
[2022-08-29T12:43:17.278-0400] {logging_mixin.py:115} INFO - [2022-08-29T12:43:17.277-0400] {dag.py:2429} INFO - Sync 1 DAGs
[2022-08-29T12:43:17.309-0400] {logging_mixin.py:115} INFO - [2022-08-29T12:43:17.309-0400] {dag.py:2977} INFO - Setting next_dagrun for example_short_circuit_operator to 2022-08-28T16:43:17.308850+00:00, run_after=2022-08-29T16:43:17.308850+00:00
[2022-08-29T12:43:17.351-0400] {processor.py:161} INFO - Processing /home/augenz/PycharmProjects/airflow/.env_airflow/lib/python3.9/site-packages/airflow/example_dags/example_short_circuit_operator.py took 0.740 seconds
[2022-08-29T12:43:47.836-0400] {processor.py:153} INFO - Started process (PID=1173) to work on /home/augenz/PycharmProjects/airflow/.env_airflow/lib/python3.9/site-packages/airflow/example_dags/example_short_circuit_operator.py
[2022-08-29T12:43:47.840-0400] {processor.py:640} INFO - Processing file /home/augenz/PycharmProjects/airflow/.env_airflow/lib/python3.9/site-packages/airflow/example_dags/example_short_circuit_operator.py for tasks to queue
[2022-08-29T12:43:47.842-0400] {logging_mixin.py:115} INFO - [2022-08-29T12:43:47.841-0400] {dagbag.py:508} INFO - Filling up the DagBag from /home/augenz/PycharmProjects/airflow/.env_airflow/lib/python3.9/site-packages/airflow/example_dags/example_short_circuit_operator.py
[2022-08-29T12:43:47.859-0400] {processor.py:650} INFO - DAG(s) dict_keys(['example_short_circuit_operator']) retrieved from /home/augenz/PycharmProjects/airflow/.env_airflow/lib/python3.9/site-packages/airflow/example_dags/example_short_circuit_operator.py
[2022-08-29T12:43:48.341-0400] {logging_mixin.py:115} INFO - [2022-08-29T12:43:48.340-0400] {dag.py:2429} INFO - Sync 1 DAGs
[2022-08-29T12:43:48.367-0400] {logging_mixin.py:115} INFO - [2022-08-29T12:43:48.367-0400] {dag.py:2977} INFO - Setting next_dagrun for example_short_circuit_operator to 2022-08-28T16:43:48.367265+00:00, run_after=2022-08-29T16:43:48.367265+00:00
[2022-08-29T12:43:48.421-0400] {processor.py:161} INFO - Processing /home/augenz/PycharmProjects/airflow/.env_airflow/lib/python3.9/site-packages/airflow/example_dags/example_short_circuit_operator.py took 0.592 seconds
[2022-08-29T12:44:18.726-0400] {processor.py:153} INFO - Started process (PID=1207) to work on /home/augenz/PycharmProjects/airflow/.env_airflow/lib/python3.9/site-packages/airflow/example_dags/example_short_circuit_operator.py
[2022-08-29T12:44:18.730-0400] {processor.py:640} INFO - Processing file /home/augenz/PycharmProjects/airflow/.env_airflow/lib/python3.9/site-packages/airflow/example_dags/example_short_circuit_operator.py for tasks to queue
[2022-08-29T12:44:18.732-0400] {logging_mixin.py:115} INFO - [2022-08-29T12:44:18.732-0400] {dagbag.py:508} INFO - Filling up the DagBag from /home/augenz/PycharmProjects/airflow/.env_airflow/lib/python3.9/site-packages/airflow/example_dags/example_short_circuit_operator.py
[2022-08-29T12:44:18.744-0400] {processor.py:650} INFO - DAG(s) dict_keys(['example_short_circuit_operator']) retrieved from /home/augenz/PycharmProjects/airflow/.env_airflow/lib/python3.9/site-packages/airflow/example_dags/example_short_circuit_operator.py
[2022-08-29T12:44:19.353-0400] {logging_mixin.py:115} INFO - [2022-08-29T12:44:19.353-0400] {dag.py:2429} INFO - Sync 1 DAGs
[2022-08-29T12:44:19.380-0400] {logging_mixin.py:115} INFO - [2022-08-29T12:44:19.379-0400] {dag.py:2977} INFO - Setting next_dagrun for example_short_circuit_operator to 2022-08-28T16:44:19.379579+00:00, run_after=2022-08-29T16:44:19.379579+00:00
[2022-08-29T12:44:19.409-0400] {processor.py:161} INFO - Processing /home/augenz/PycharmProjects/airflow/.env_airflow/lib/python3.9/site-packages/airflow/example_dags/example_short_circuit_operator.py took 0.689 seconds
[2022-08-29T12:44:49.567-0400] {processor.py:153} INFO - Started process (PID=1255) to work on /home/augenz/PycharmProjects/airflow/.env_airflow/lib/python3.9/site-packages/airflow/example_dags/example_short_circuit_operator.py
[2022-08-29T12:44:49.579-0400] {processor.py:640} INFO - Processing file /home/augenz/PycharmProjects/airflow/.env_airflow/lib/python3.9/site-packages/airflow/example_dags/example_short_circuit_operator.py for tasks to queue
[2022-08-29T12:44:49.580-0400] {logging_mixin.py:115} INFO - [2022-08-29T12:44:49.580-0400] {dagbag.py:508} INFO - Filling up the DagBag from /home/augenz/PycharmProjects/airflow/.env_airflow/lib/python3.9/site-packages/airflow/example_dags/example_short_circuit_operator.py
[2022-08-29T12:44:49.593-0400] {processor.py:650} INFO - DAG(s) dict_keys(['example_short_circuit_operator']) retrieved from /home/augenz/PycharmProjects/airflow/.env_airflow/lib/python3.9/site-packages/airflow/example_dags/example_short_circuit_operator.py
[2022-08-29T12:44:50.048-0400] {logging_mixin.py:115} INFO - [2022-08-29T12:44:50.047-0400] {dag.py:2429} INFO - Sync 1 DAGs
[2022-08-29T12:44:50.077-0400] {logging_mixin.py:115} INFO - [2022-08-29T12:44:50.076-0400] {dag.py:2977} INFO - Setting next_dagrun for example_short_circuit_operator to 2022-08-28T16:44:50.076301+00:00, run_after=2022-08-29T16:44:50.076301+00:00
[2022-08-29T12:44:50.115-0400] {processor.py:161} INFO - Processing /home/augenz/PycharmProjects/airflow/.env_airflow/lib/python3.9/site-packages/airflow/example_dags/example_short_circuit_operator.py took 0.555 seconds
[2022-08-29T12:45:20.245-0400] {processor.py:153} INFO - Started process (PID=1289) to work on /home/augenz/PycharmProjects/airflow/.env_airflow/lib/python3.9/site-packages/airflow/example_dags/example_short_circuit_operator.py
[2022-08-29T12:45:20.249-0400] {processor.py:640} INFO - Processing file /home/augenz/PycharmProjects/airflow/.env_airflow/lib/python3.9/site-packages/airflow/example_dags/example_short_circuit_operator.py for tasks to queue
[2022-08-29T12:45:20.250-0400] {logging_mixin.py:115} INFO - [2022-08-29T12:45:20.250-0400] {dagbag.py:508} INFO - Filling up the DagBag from /home/augenz/PycharmProjects/airflow/.env_airflow/lib/python3.9/site-packages/airflow/example_dags/example_short_circuit_operator.py
[2022-08-29T12:45:20.263-0400] {processor.py:650} INFO - DAG(s) dict_keys(['example_short_circuit_operator']) retrieved from /home/augenz/PycharmProjects/airflow/.env_airflow/lib/python3.9/site-packages/airflow/example_dags/example_short_circuit_operator.py
[2022-08-29T12:45:20.812-0400] {logging_mixin.py:115} INFO - [2022-08-29T12:45:20.812-0400] {dag.py:2429} INFO - Sync 1 DAGs
[2022-08-29T12:45:20.842-0400] {logging_mixin.py:115} INFO - [2022-08-29T12:45:20.841-0400] {dag.py:2977} INFO - Setting next_dagrun for example_short_circuit_operator to 2022-08-28T16:45:20.840982+00:00, run_after=2022-08-29T16:45:20.840982+00:00
[2022-08-29T12:45:20.878-0400] {processor.py:161} INFO - Processing /home/augenz/PycharmProjects/airflow/.env_airflow/lib/python3.9/site-packages/airflow/example_dags/example_short_circuit_operator.py took 0.638 seconds
[2022-08-29T12:45:51.313-0400] {processor.py:153} INFO - Started process (PID=1324) to work on /home/augenz/PycharmProjects/airflow/.env_airflow/lib/python3.9/site-packages/airflow/example_dags/example_short_circuit_operator.py
[2022-08-29T12:45:51.317-0400] {processor.py:640} INFO - Processing file /home/augenz/PycharmProjects/airflow/.env_airflow/lib/python3.9/site-packages/airflow/example_dags/example_short_circuit_operator.py for tasks to queue
[2022-08-29T12:45:51.318-0400] {logging_mixin.py:115} INFO - [2022-08-29T12:45:51.318-0400] {dagbag.py:508} INFO - Filling up the DagBag from /home/augenz/PycharmProjects/airflow/.env_airflow/lib/python3.9/site-packages/airflow/example_dags/example_short_circuit_operator.py
[2022-08-29T12:45:51.332-0400] {processor.py:650} INFO - DAG(s) dict_keys(['example_short_circuit_operator']) retrieved from /home/augenz/PycharmProjects/airflow/.env_airflow/lib/python3.9/site-packages/airflow/example_dags/example_short_circuit_operator.py
[2022-08-29T12:45:51.813-0400] {logging_mixin.py:115} INFO - [2022-08-29T12:45:51.813-0400] {dag.py:2429} INFO - Sync 1 DAGs
[2022-08-29T12:45:51.841-0400] {logging_mixin.py:115} INFO - [2022-08-29T12:45:51.840-0400] {dag.py:2977} INFO - Setting next_dagrun for example_short_circuit_operator to 2022-08-28T16:45:51.840617+00:00, run_after=2022-08-29T16:45:51.840617+00:00
[2022-08-29T12:45:51.882-0400] {processor.py:161} INFO - Processing /home/augenz/PycharmProjects/airflow/.env_airflow/lib/python3.9/site-packages/airflow/example_dags/example_short_circuit_operator.py took 0.574 seconds
[2022-08-29T12:46:22.481-0400] {processor.py:153} INFO - Started process (PID=1358) to work on /home/augenz/PycharmProjects/airflow/.env_airflow/lib/python3.9/site-packages/airflow/example_dags/example_short_circuit_operator.py
[2022-08-29T12:46:22.486-0400] {processor.py:640} INFO - Processing file /home/augenz/PycharmProjects/airflow/.env_airflow/lib/python3.9/site-packages/airflow/example_dags/example_short_circuit_operator.py for tasks to queue
[2022-08-29T12:46:22.487-0400] {logging_mixin.py:115} INFO - [2022-08-29T12:46:22.486-0400] {dagbag.py:508} INFO - Filling up the DagBag from /home/augenz/PycharmProjects/airflow/.env_airflow/lib/python3.9/site-packages/airflow/example_dags/example_short_circuit_operator.py
[2022-08-29T12:46:22.500-0400] {processor.py:650} INFO - DAG(s) dict_keys(['example_short_circuit_operator']) retrieved from /home/augenz/PycharmProjects/airflow/.env_airflow/lib/python3.9/site-packages/airflow/example_dags/example_short_circuit_operator.py
[2022-08-29T12:46:22.977-0400] {logging_mixin.py:115} INFO - [2022-08-29T12:46:22.977-0400] {dag.py:2429} INFO - Sync 1 DAGs
[2022-08-29T12:46:23.005-0400] {logging_mixin.py:115} INFO - [2022-08-29T12:46:23.004-0400] {dag.py:2977} INFO - Setting next_dagrun for example_short_circuit_operator to 2022-08-28T16:46:23.004603+00:00, run_after=2022-08-29T16:46:23.004603+00:00
[2022-08-29T12:46:23.036-0400] {processor.py:161} INFO - Processing /home/augenz/PycharmProjects/airflow/.env_airflow/lib/python3.9/site-packages/airflow/example_dags/example_short_circuit_operator.py took 0.560 seconds
[2022-08-29T12:46:53.373-0400] {processor.py:153} INFO - Started process (PID=1393) to work on /home/augenz/PycharmProjects/airflow/.env_airflow/lib/python3.9/site-packages/airflow/example_dags/example_short_circuit_operator.py
[2022-08-29T12:46:53.377-0400] {processor.py:640} INFO - Processing file /home/augenz/PycharmProjects/airflow/.env_airflow/lib/python3.9/site-packages/airflow/example_dags/example_short_circuit_operator.py for tasks to queue
[2022-08-29T12:46:53.378-0400] {logging_mixin.py:115} INFO - [2022-08-29T12:46:53.378-0400] {dagbag.py:508} INFO - Filling up the DagBag from /home/augenz/PycharmProjects/airflow/.env_airflow/lib/python3.9/site-packages/airflow/example_dags/example_short_circuit_operator.py
[2022-08-29T12:46:53.392-0400] {processor.py:650} INFO - DAG(s) dict_keys(['example_short_circuit_operator']) retrieved from /home/augenz/PycharmProjects/airflow/.env_airflow/lib/python3.9/site-packages/airflow/example_dags/example_short_circuit_operator.py
[2022-08-29T12:46:53.906-0400] {logging_mixin.py:115} INFO - [2022-08-29T12:46:53.905-0400] {dag.py:2429} INFO - Sync 1 DAGs
[2022-08-29T12:46:53.936-0400] {logging_mixin.py:115} INFO - [2022-08-29T12:46:53.936-0400] {dag.py:2977} INFO - Setting next_dagrun for example_short_circuit_operator to 2022-08-28T16:46:53.935704+00:00, run_after=2022-08-29T16:46:53.935704+00:00
[2022-08-29T12:46:53.982-0400] {processor.py:161} INFO - Processing /home/augenz/PycharmProjects/airflow/.env_airflow/lib/python3.9/site-packages/airflow/example_dags/example_short_circuit_operator.py took 0.615 seconds
[2022-08-29T12:47:24.690-0400] {processor.py:153} INFO - Started process (PID=1435) to work on /home/augenz/PycharmProjects/airflow/.env_airflow/lib/python3.9/site-packages/airflow/example_dags/example_short_circuit_operator.py
[2022-08-29T12:47:24.703-0400] {processor.py:640} INFO - Processing file /home/augenz/PycharmProjects/airflow/.env_airflow/lib/python3.9/site-packages/airflow/example_dags/example_short_circuit_operator.py for tasks to queue
[2022-08-29T12:47:24.704-0400] {logging_mixin.py:115} INFO - [2022-08-29T12:47:24.704-0400] {dagbag.py:508} INFO - Filling up the DagBag from /home/augenz/PycharmProjects/airflow/.env_airflow/lib/python3.9/site-packages/airflow/example_dags/example_short_circuit_operator.py
[2022-08-29T12:47:24.718-0400] {processor.py:650} INFO - DAG(s) dict_keys(['example_short_circuit_operator']) retrieved from /home/augenz/PycharmProjects/airflow/.env_airflow/lib/python3.9/site-packages/airflow/example_dags/example_short_circuit_operator.py
[2022-08-29T12:47:25.175-0400] {logging_mixin.py:115} INFO - [2022-08-29T12:47:25.174-0400] {dag.py:2429} INFO - Sync 1 DAGs
[2022-08-29T12:47:25.201-0400] {logging_mixin.py:115} INFO - [2022-08-29T12:47:25.201-0400] {dag.py:2977} INFO - Setting next_dagrun for example_short_circuit_operator to 2022-08-28T16:47:25.201388+00:00, run_after=2022-08-29T16:47:25.201388+00:00
[2022-08-29T12:47:25.256-0400] {processor.py:161} INFO - Processing /home/augenz/PycharmProjects/airflow/.env_airflow/lib/python3.9/site-packages/airflow/example_dags/example_short_circuit_operator.py took 0.571 seconds
[2022-08-29T12:47:55.598-0400] {processor.py:153} INFO - Started process (PID=1469) to work on /home/augenz/PycharmProjects/airflow/.env_airflow/lib/python3.9/site-packages/airflow/example_dags/example_short_circuit_operator.py
[2022-08-29T12:47:55.602-0400] {processor.py:640} INFO - Processing file /home/augenz/PycharmProjects/airflow/.env_airflow/lib/python3.9/site-packages/airflow/example_dags/example_short_circuit_operator.py for tasks to queue
[2022-08-29T12:47:55.603-0400] {logging_mixin.py:115} INFO - [2022-08-29T12:47:55.603-0400] {dagbag.py:508} INFO - Filling up the DagBag from /home/augenz/PycharmProjects/airflow/.env_airflow/lib/python3.9/site-packages/airflow/example_dags/example_short_circuit_operator.py
[2022-08-29T12:47:55.618-0400] {processor.py:650} INFO - DAG(s) dict_keys(['example_short_circuit_operator']) retrieved from /home/augenz/PycharmProjects/airflow/.env_airflow/lib/python3.9/site-packages/airflow/example_dags/example_short_circuit_operator.py
[2022-08-29T12:47:56.078-0400] {logging_mixin.py:115} INFO - [2022-08-29T12:47:56.078-0400] {dag.py:2429} INFO - Sync 1 DAGs
[2022-08-29T12:47:56.105-0400] {logging_mixin.py:115} INFO - [2022-08-29T12:47:56.104-0400] {dag.py:2977} INFO - Setting next_dagrun for example_short_circuit_operator to 2022-08-28T16:47:56.104636+00:00, run_after=2022-08-29T16:47:56.104636+00:00
[2022-08-29T12:47:56.144-0400] {processor.py:161} INFO - Processing /home/augenz/PycharmProjects/airflow/.env_airflow/lib/python3.9/site-packages/airflow/example_dags/example_short_circuit_operator.py took 0.551 seconds
[2022-08-29T12:48:27.108-0400] {processor.py:153} INFO - Started process (PID=1503) to work on /home/augenz/PycharmProjects/airflow/.env_airflow/lib/python3.9/site-packages/airflow/example_dags/example_short_circuit_operator.py
[2022-08-29T12:48:27.123-0400] {processor.py:640} INFO - Processing file /home/augenz/PycharmProjects/airflow/.env_airflow/lib/python3.9/site-packages/airflow/example_dags/example_short_circuit_operator.py for tasks to queue
[2022-08-29T12:48:27.124-0400] {logging_mixin.py:115} INFO - [2022-08-29T12:48:27.123-0400] {dagbag.py:508} INFO - Filling up the DagBag from /home/augenz/PycharmProjects/airflow/.env_airflow/lib/python3.9/site-packages/airflow/example_dags/example_short_circuit_operator.py
[2022-08-29T12:48:27.138-0400] {processor.py:650} INFO - DAG(s) dict_keys(['example_short_circuit_operator']) retrieved from /home/augenz/PycharmProjects/airflow/.env_airflow/lib/python3.9/site-packages/airflow/example_dags/example_short_circuit_operator.py
[2022-08-29T12:48:27.594-0400] {logging_mixin.py:115} INFO - [2022-08-29T12:48:27.594-0400] {dag.py:2429} INFO - Sync 1 DAGs
[2022-08-29T12:48:27.620-0400] {logging_mixin.py:115} INFO - [2022-08-29T12:48:27.620-0400] {dag.py:2977} INFO - Setting next_dagrun for example_short_circuit_operator to 2022-08-28T16:48:27.620272+00:00, run_after=2022-08-29T16:48:27.620272+00:00
[2022-08-29T12:48:27.666-0400] {processor.py:161} INFO - Processing /home/augenz/PycharmProjects/airflow/.env_airflow/lib/python3.9/site-packages/airflow/example_dags/example_short_circuit_operator.py took 0.562 seconds
[2022-08-29T12:48:58.504-0400] {processor.py:153} INFO - Started process (PID=1538) to work on /home/augenz/PycharmProjects/airflow/.env_airflow/lib/python3.9/site-packages/airflow/example_dags/example_short_circuit_operator.py
[2022-08-29T12:48:58.509-0400] {processor.py:640} INFO - Processing file /home/augenz/PycharmProjects/airflow/.env_airflow/lib/python3.9/site-packages/airflow/example_dags/example_short_circuit_operator.py for tasks to queue
[2022-08-29T12:48:58.511-0400] {logging_mixin.py:115} INFO - [2022-08-29T12:48:58.510-0400] {dagbag.py:508} INFO - Filling up the DagBag from /home/augenz/PycharmProjects/airflow/.env_airflow/lib/python3.9/site-packages/airflow/example_dags/example_short_circuit_operator.py
[2022-08-29T12:48:58.529-0400] {processor.py:650} INFO - DAG(s) dict_keys(['example_short_circuit_operator']) retrieved from /home/augenz/PycharmProjects/airflow/.env_airflow/lib/python3.9/site-packages/airflow/example_dags/example_short_circuit_operator.py
[2022-08-29T12:48:59.168-0400] {logging_mixin.py:115} INFO - [2022-08-29T12:48:59.168-0400] {dag.py:2429} INFO - Sync 1 DAGs
[2022-08-29T12:48:59.205-0400] {logging_mixin.py:115} INFO - [2022-08-29T12:48:59.205-0400] {dag.py:2977} INFO - Setting next_dagrun for example_short_circuit_operator to 2022-08-28T16:48:59.204671+00:00, run_after=2022-08-29T16:48:59.204671+00:00
[2022-08-29T12:48:59.263-0400] {processor.py:161} INFO - Processing /home/augenz/PycharmProjects/airflow/.env_airflow/lib/python3.9/site-packages/airflow/example_dags/example_short_circuit_operator.py took 0.764 seconds
[2022-08-29T12:49:29.529-0400] {processor.py:153} INFO - Started process (PID=1581) to work on /home/augenz/PycharmProjects/airflow/.env_airflow/lib/python3.9/site-packages/airflow/example_dags/example_short_circuit_operator.py
[2022-08-29T12:49:29.545-0400] {processor.py:640} INFO - Processing file /home/augenz/PycharmProjects/airflow/.env_airflow/lib/python3.9/site-packages/airflow/example_dags/example_short_circuit_operator.py for tasks to queue
[2022-08-29T12:49:29.546-0400] {logging_mixin.py:115} INFO - [2022-08-29T12:49:29.546-0400] {dagbag.py:508} INFO - Filling up the DagBag from /home/augenz/PycharmProjects/airflow/.env_airflow/lib/python3.9/site-packages/airflow/example_dags/example_short_circuit_operator.py
[2022-08-29T12:49:29.562-0400] {processor.py:650} INFO - DAG(s) dict_keys(['example_short_circuit_operator']) retrieved from /home/augenz/PycharmProjects/airflow/.env_airflow/lib/python3.9/site-packages/airflow/example_dags/example_short_circuit_operator.py
[2022-08-29T12:49:30.065-0400] {logging_mixin.py:115} INFO - [2022-08-29T12:49:30.064-0400] {dag.py:2429} INFO - Sync 1 DAGs
[2022-08-29T12:49:30.104-0400] {logging_mixin.py:115} INFO - [2022-08-29T12:49:30.104-0400] {dag.py:2977} INFO - Setting next_dagrun for example_short_circuit_operator to 2022-08-28T16:49:30.104150+00:00, run_after=2022-08-29T16:49:30.104150+00:00
[2022-08-29T12:49:30.159-0400] {processor.py:161} INFO - Processing /home/augenz/PycharmProjects/airflow/.env_airflow/lib/python3.9/site-packages/airflow/example_dags/example_short_circuit_operator.py took 0.637 seconds
[2022-08-29T12:50:00.741-0400] {processor.py:153} INFO - Started process (PID=1616) to work on /home/augenz/PycharmProjects/airflow/.env_airflow/lib/python3.9/site-packages/airflow/example_dags/example_short_circuit_operator.py
[2022-08-29T12:50:00.746-0400] {processor.py:640} INFO - Processing file /home/augenz/PycharmProjects/airflow/.env_airflow/lib/python3.9/site-packages/airflow/example_dags/example_short_circuit_operator.py for tasks to queue
[2022-08-29T12:50:00.747-0400] {logging_mixin.py:115} INFO - [2022-08-29T12:50:00.747-0400] {dagbag.py:508} INFO - Filling up the DagBag from /home/augenz/PycharmProjects/airflow/.env_airflow/lib/python3.9/site-packages/airflow/example_dags/example_short_circuit_operator.py
[2022-08-29T12:50:00.759-0400] {processor.py:650} INFO - DAG(s) dict_keys(['example_short_circuit_operator']) retrieved from /home/augenz/PycharmProjects/airflow/.env_airflow/lib/python3.9/site-packages/airflow/example_dags/example_short_circuit_operator.py
[2022-08-29T12:50:01.216-0400] {logging_mixin.py:115} INFO - [2022-08-29T12:50:01.216-0400] {dag.py:2429} INFO - Sync 1 DAGs
[2022-08-29T12:50:01.244-0400] {logging_mixin.py:115} INFO - [2022-08-29T12:50:01.244-0400] {dag.py:2977} INFO - Setting next_dagrun for example_short_circuit_operator to 2022-08-28T16:50:01.243984+00:00, run_after=2022-08-29T16:50:01.243984+00:00
[2022-08-29T12:50:01.298-0400] {processor.py:161} INFO - Processing /home/augenz/PycharmProjects/airflow/.env_airflow/lib/python3.9/site-packages/airflow/example_dags/example_short_circuit_operator.py took 0.561 seconds
[2022-08-29T12:50:32.037-0400] {processor.py:153} INFO - Started process (PID=1655) to work on /home/augenz/PycharmProjects/airflow/.env_airflow/lib/python3.9/site-packages/airflow/example_dags/example_short_circuit_operator.py
[2022-08-29T12:50:32.055-0400] {processor.py:640} INFO - Processing file /home/augenz/PycharmProjects/airflow/.env_airflow/lib/python3.9/site-packages/airflow/example_dags/example_short_circuit_operator.py for tasks to queue
[2022-08-29T12:50:32.058-0400] {logging_mixin.py:115} INFO - [2022-08-29T12:50:32.057-0400] {dagbag.py:508} INFO - Filling up the DagBag from /home/augenz/PycharmProjects/airflow/.env_airflow/lib/python3.9/site-packages/airflow/example_dags/example_short_circuit_operator.py
[2022-08-29T12:50:32.095-0400] {processor.py:650} INFO - DAG(s) dict_keys(['example_short_circuit_operator']) retrieved from /home/augenz/PycharmProjects/airflow/.env_airflow/lib/python3.9/site-packages/airflow/example_dags/example_short_circuit_operator.py
[2022-08-29T12:50:32.685-0400] {logging_mixin.py:115} INFO - [2022-08-29T12:50:32.684-0400] {dag.py:2429} INFO - Sync 1 DAGs
[2022-08-29T12:50:32.715-0400] {logging_mixin.py:115} INFO - [2022-08-29T12:50:32.715-0400] {dag.py:2977} INFO - Setting next_dagrun for example_short_circuit_operator to 2022-08-28T16:50:32.714920+00:00, run_after=2022-08-29T16:50:32.714920+00:00
[2022-08-29T12:50:32.785-0400] {processor.py:161} INFO - Processing /home/augenz/PycharmProjects/airflow/.env_airflow/lib/python3.9/site-packages/airflow/example_dags/example_short_circuit_operator.py took 0.755 seconds
[2022-08-29T12:51:03.382-0400] {processor.py:153} INFO - Started process (PID=1691) to work on /home/augenz/PycharmProjects/airflow/.env_airflow/lib/python3.9/site-packages/airflow/example_dags/example_short_circuit_operator.py
[2022-08-29T12:51:03.383-0400] {processor.py:640} INFO - Processing file /home/augenz/PycharmProjects/airflow/.env_airflow/lib/python3.9/site-packages/airflow/example_dags/example_short_circuit_operator.py for tasks to queue
[2022-08-29T12:51:03.384-0400] {logging_mixin.py:115} INFO - [2022-08-29T12:51:03.384-0400] {dagbag.py:508} INFO - Filling up the DagBag from /home/augenz/PycharmProjects/airflow/.env_airflow/lib/python3.9/site-packages/airflow/example_dags/example_short_circuit_operator.py
[2022-08-29T12:51:03.399-0400] {processor.py:650} INFO - DAG(s) dict_keys(['example_short_circuit_operator']) retrieved from /home/augenz/PycharmProjects/airflow/.env_airflow/lib/python3.9/site-packages/airflow/example_dags/example_short_circuit_operator.py
[2022-08-29T12:51:03.842-0400] {logging_mixin.py:115} INFO - [2022-08-29T12:51:03.841-0400] {dag.py:2429} INFO - Sync 1 DAGs
[2022-08-29T12:51:03.868-0400] {logging_mixin.py:115} INFO - [2022-08-29T12:51:03.868-0400] {dag.py:2977} INFO - Setting next_dagrun for example_short_circuit_operator to 2022-08-28T16:51:03.868112+00:00, run_after=2022-08-29T16:51:03.868112+00:00
[2022-08-29T12:51:03.908-0400] {processor.py:161} INFO - Processing /home/augenz/PycharmProjects/airflow/.env_airflow/lib/python3.9/site-packages/airflow/example_dags/example_short_circuit_operator.py took 0.531 seconds
[2022-08-29T12:51:34.308-0400] {processor.py:153} INFO - Started process (PID=1729) to work on /home/augenz/PycharmProjects/airflow/.env_airflow/lib/python3.9/site-packages/airflow/example_dags/example_short_circuit_operator.py
[2022-08-29T12:51:34.311-0400] {processor.py:640} INFO - Processing file /home/augenz/PycharmProjects/airflow/.env_airflow/lib/python3.9/site-packages/airflow/example_dags/example_short_circuit_operator.py for tasks to queue
[2022-08-29T12:51:34.312-0400] {logging_mixin.py:115} INFO - [2022-08-29T12:51:34.311-0400] {dagbag.py:508} INFO - Filling up the DagBag from /home/augenz/PycharmProjects/airflow/.env_airflow/lib/python3.9/site-packages/airflow/example_dags/example_short_circuit_operator.py
[2022-08-29T12:51:34.324-0400] {processor.py:650} INFO - DAG(s) dict_keys(['example_short_circuit_operator']) retrieved from /home/augenz/PycharmProjects/airflow/.env_airflow/lib/python3.9/site-packages/airflow/example_dags/example_short_circuit_operator.py
[2022-08-29T12:51:34.885-0400] {logging_mixin.py:115} INFO - [2022-08-29T12:51:34.884-0400] {dag.py:2429} INFO - Sync 1 DAGs
[2022-08-29T12:51:34.937-0400] {logging_mixin.py:115} INFO - [2022-08-29T12:51:34.937-0400] {dag.py:2977} INFO - Setting next_dagrun for example_short_circuit_operator to 2022-08-28T16:51:34.936714+00:00, run_after=2022-08-29T16:51:34.936714+00:00
[2022-08-29T12:51:34.996-0400] {processor.py:161} INFO - Processing /home/augenz/PycharmProjects/airflow/.env_airflow/lib/python3.9/site-packages/airflow/example_dags/example_short_circuit_operator.py took 0.693 seconds
[2022-08-29T12:52:05.410-0400] {processor.py:153} INFO - Started process (PID=1763) to work on /home/augenz/PycharmProjects/airflow/.env_airflow/lib/python3.9/site-packages/airflow/example_dags/example_short_circuit_operator.py
[2022-08-29T12:52:05.413-0400] {processor.py:640} INFO - Processing file /home/augenz/PycharmProjects/airflow/.env_airflow/lib/python3.9/site-packages/airflow/example_dags/example_short_circuit_operator.py for tasks to queue
[2022-08-29T12:52:05.414-0400] {logging_mixin.py:115} INFO - [2022-08-29T12:52:05.413-0400] {dagbag.py:508} INFO - Filling up the DagBag from /home/augenz/PycharmProjects/airflow/.env_airflow/lib/python3.9/site-packages/airflow/example_dags/example_short_circuit_operator.py
[2022-08-29T12:52:05.433-0400] {processor.py:650} INFO - DAG(s) dict_keys(['example_short_circuit_operator']) retrieved from /home/augenz/PycharmProjects/airflow/.env_airflow/lib/python3.9/site-packages/airflow/example_dags/example_short_circuit_operator.py
[2022-08-29T12:52:05.887-0400] {logging_mixin.py:115} INFO - [2022-08-29T12:52:05.887-0400] {dag.py:2429} INFO - Sync 1 DAGs
[2022-08-29T12:52:05.914-0400] {logging_mixin.py:115} INFO - [2022-08-29T12:52:05.914-0400] {dag.py:2977} INFO - Setting next_dagrun for example_short_circuit_operator to 2022-08-28T16:52:05.914317+00:00, run_after=2022-08-29T16:52:05.914317+00:00
[2022-08-29T12:52:05.985-0400] {processor.py:161} INFO - Processing /home/augenz/PycharmProjects/airflow/.env_airflow/lib/python3.9/site-packages/airflow/example_dags/example_short_circuit_operator.py took 0.580 seconds
[2022-08-29T12:52:36.556-0400] {processor.py:153} INFO - Started process (PID=1799) to work on /home/augenz/PycharmProjects/airflow/.env_airflow/lib/python3.9/site-packages/airflow/example_dags/example_short_circuit_operator.py
[2022-08-29T12:52:36.557-0400] {processor.py:640} INFO - Processing file /home/augenz/PycharmProjects/airflow/.env_airflow/lib/python3.9/site-packages/airflow/example_dags/example_short_circuit_operator.py for tasks to queue
[2022-08-29T12:52:36.558-0400] {logging_mixin.py:115} INFO - [2022-08-29T12:52:36.558-0400] {dagbag.py:508} INFO - Filling up the DagBag from /home/augenz/PycharmProjects/airflow/.env_airflow/lib/python3.9/site-packages/airflow/example_dags/example_short_circuit_operator.py
[2022-08-29T12:52:36.571-0400] {processor.py:650} INFO - DAG(s) dict_keys(['example_short_circuit_operator']) retrieved from /home/augenz/PycharmProjects/airflow/.env_airflow/lib/python3.9/site-packages/airflow/example_dags/example_short_circuit_operator.py
[2022-08-29T12:52:37.213-0400] {logging_mixin.py:115} INFO - [2022-08-29T12:52:37.213-0400] {dag.py:2429} INFO - Sync 1 DAGs
[2022-08-29T12:52:37.251-0400] {logging_mixin.py:115} INFO - [2022-08-29T12:52:37.251-0400] {dag.py:2977} INFO - Setting next_dagrun for example_short_circuit_operator to 2022-08-28T16:52:37.250868+00:00, run_after=2022-08-29T16:52:37.250868+00:00
[2022-08-29T12:52:37.315-0400] {processor.py:161} INFO - Processing /home/augenz/PycharmProjects/airflow/.env_airflow/lib/python3.9/site-packages/airflow/example_dags/example_short_circuit_operator.py took 0.763 seconds
[2022-08-29T12:53:07.615-0400] {processor.py:153} INFO - Started process (PID=1836) to work on /home/augenz/PycharmProjects/airflow/.env_airflow/lib/python3.9/site-packages/airflow/example_dags/example_short_circuit_operator.py
[2022-08-29T12:53:07.618-0400] {processor.py:640} INFO - Processing file /home/augenz/PycharmProjects/airflow/.env_airflow/lib/python3.9/site-packages/airflow/example_dags/example_short_circuit_operator.py for tasks to queue
[2022-08-29T12:53:07.620-0400] {logging_mixin.py:115} INFO - [2022-08-29T12:53:07.619-0400] {dagbag.py:508} INFO - Filling up the DagBag from /home/augenz/PycharmProjects/airflow/.env_airflow/lib/python3.9/site-packages/airflow/example_dags/example_short_circuit_operator.py
[2022-08-29T12:53:07.636-0400] {processor.py:650} INFO - DAG(s) dict_keys(['example_short_circuit_operator']) retrieved from /home/augenz/PycharmProjects/airflow/.env_airflow/lib/python3.9/site-packages/airflow/example_dags/example_short_circuit_operator.py
[2022-08-29T12:53:08.111-0400] {logging_mixin.py:115} INFO - [2022-08-29T12:53:08.110-0400] {dag.py:2429} INFO - Sync 1 DAGs
[2022-08-29T12:53:08.143-0400] {logging_mixin.py:115} INFO - [2022-08-29T12:53:08.143-0400] {dag.py:2977} INFO - Setting next_dagrun for example_short_circuit_operator to 2022-08-28T16:53:08.142929+00:00, run_after=2022-08-29T16:53:08.142929+00:00
[2022-08-29T12:53:08.198-0400] {processor.py:161} INFO - Processing /home/augenz/PycharmProjects/airflow/.env_airflow/lib/python3.9/site-packages/airflow/example_dags/example_short_circuit_operator.py took 0.590 seconds
[2022-08-29T12:53:38.292-0400] {processor.py:153} INFO - Started process (PID=1868) to work on /home/augenz/PycharmProjects/airflow/.env_airflow/lib/python3.9/site-packages/airflow/example_dags/example_short_circuit_operator.py
[2022-08-29T12:53:38.296-0400] {processor.py:640} INFO - Processing file /home/augenz/PycharmProjects/airflow/.env_airflow/lib/python3.9/site-packages/airflow/example_dags/example_short_circuit_operator.py for tasks to queue
[2022-08-29T12:53:38.297-0400] {logging_mixin.py:115} INFO - [2022-08-29T12:53:38.297-0400] {dagbag.py:508} INFO - Filling up the DagBag from /home/augenz/PycharmProjects/airflow/.env_airflow/lib/python3.9/site-packages/airflow/example_dags/example_short_circuit_operator.py
[2022-08-29T12:53:38.314-0400] {processor.py:650} INFO - DAG(s) dict_keys(['example_short_circuit_operator']) retrieved from /home/augenz/PycharmProjects/airflow/.env_airflow/lib/python3.9/site-packages/airflow/example_dags/example_short_circuit_operator.py
[2022-08-29T12:53:38.777-0400] {logging_mixin.py:115} INFO - [2022-08-29T12:53:38.776-0400] {dag.py:2429} INFO - Sync 1 DAGs
[2022-08-29T12:53:38.808-0400] {logging_mixin.py:115} INFO - [2022-08-29T12:53:38.807-0400] {dag.py:2977} INFO - Setting next_dagrun for example_short_circuit_operator to 2022-08-28T16:53:38.807525+00:00, run_after=2022-08-29T16:53:38.807525+00:00
[2022-08-29T12:53:38.842-0400] {processor.py:161} INFO - Processing /home/augenz/PycharmProjects/airflow/.env_airflow/lib/python3.9/site-packages/airflow/example_dags/example_short_circuit_operator.py took 0.554 seconds
