[2022-08-29T12:33:18.140-0400] {processor.py:153} INFO - Started process (PID=390) to work on /home/augenz/PycharmProjects/airflow/.env_airflow/lib/python3.9/site-packages/airflow/example_dags/example_sla_dag.py
[2022-08-29T12:33:18.141-0400] {processor.py:640} INFO - Processing file /home/augenz/PycharmProjects/airflow/.env_airflow/lib/python3.9/site-packages/airflow/example_dags/example_sla_dag.py for tasks to queue
[2022-08-29T12:33:18.142-0400] {logging_mixin.py:115} INFO - [2022-08-29T12:33:18.142-0400] {dagbag.py:508} INFO - Filling up the DagBag from /home/augenz/PycharmProjects/airflow/.env_airflow/lib/python3.9/site-packages/airflow/example_dags/example_sla_dag.py
[2022-08-29T12:33:18.175-0400] {processor.py:650} INFO - DAG(s) dict_keys(['example_sla_dag']) retrieved from /home/augenz/PycharmProjects/airflow/.env_airflow/lib/python3.9/site-packages/airflow/example_dags/example_sla_dag.py
[2022-08-29T12:33:18.382-0400] {logging_mixin.py:115} INFO - [2022-08-29T12:33:18.382-0400] {manager.py:508} INFO - Created Permission View: can delete on DAG:example_sla_dag
[2022-08-29T12:33:18.448-0400] {logging_mixin.py:115} INFO - [2022-08-29T12:33:18.448-0400] {manager.py:508} INFO - Created Permission View: can read on DAG:example_sla_dag
[2022-08-29T12:33:18.490-0400] {logging_mixin.py:115} INFO - [2022-08-29T12:33:18.490-0400] {manager.py:508} INFO - Created Permission View: can edit on DAG:example_sla_dag
[2022-08-29T12:33:18.491-0400] {logging_mixin.py:115} INFO - [2022-08-29T12:33:18.491-0400] {dag.py:2429} INFO - Sync 1 DAGs
[2022-08-29T12:33:18.511-0400] {logging_mixin.py:115} INFO - [2022-08-29T12:33:18.510-0400] {dag.py:2448} INFO - Creating ORM DAG for example_sla_dag
[2022-08-29T12:33:18.541-0400] {logging_mixin.py:115} INFO - [2022-08-29T12:33:18.541-0400] {dag.py:2977} INFO - Setting next_dagrun for example_sla_dag to 2022-08-29T16:30:00+00:00, run_after=2022-08-29T16:32:00+00:00
[2022-08-29T12:33:18.578-0400] {processor.py:161} INFO - Processing /home/augenz/PycharmProjects/airflow/.env_airflow/lib/python3.9/site-packages/airflow/example_dags/example_sla_dag.py took 0.442 seconds
[2022-08-29T12:33:48.987-0400] {processor.py:153} INFO - Started process (PID=429) to work on /home/augenz/PycharmProjects/airflow/.env_airflow/lib/python3.9/site-packages/airflow/example_dags/example_sla_dag.py
[2022-08-29T12:33:48.988-0400] {processor.py:640} INFO - Processing file /home/augenz/PycharmProjects/airflow/.env_airflow/lib/python3.9/site-packages/airflow/example_dags/example_sla_dag.py for tasks to queue
[2022-08-29T12:33:48.989-0400] {logging_mixin.py:115} INFO - [2022-08-29T12:33:48.989-0400] {dagbag.py:508} INFO - Filling up the DagBag from /home/augenz/PycharmProjects/airflow/.env_airflow/lib/python3.9/site-packages/airflow/example_dags/example_sla_dag.py
[2022-08-29T12:33:49.016-0400] {processor.py:650} INFO - DAG(s) dict_keys(['example_sla_dag']) retrieved from /home/augenz/PycharmProjects/airflow/.env_airflow/lib/python3.9/site-packages/airflow/example_dags/example_sla_dag.py
[2022-08-29T12:33:49.060-0400] {logging_mixin.py:115} INFO - [2022-08-29T12:33:49.060-0400] {dag.py:2429} INFO - Sync 1 DAGs
[2022-08-29T12:33:49.109-0400] {logging_mixin.py:115} INFO - [2022-08-29T12:33:49.109-0400] {dag.py:2977} INFO - Setting next_dagrun for example_sla_dag to 2022-08-29T16:30:00+00:00, run_after=2022-08-29T16:32:00+00:00
[2022-08-29T12:33:49.152-0400] {processor.py:161} INFO - Processing /home/augenz/PycharmProjects/airflow/.env_airflow/lib/python3.9/site-packages/airflow/example_dags/example_sla_dag.py took 0.170 seconds
[2022-08-29T12:34:19.772-0400] {processor.py:153} INFO - Started process (PID=465) to work on /home/augenz/PycharmProjects/airflow/.env_airflow/lib/python3.9/site-packages/airflow/example_dags/example_sla_dag.py
[2022-08-29T12:34:19.774-0400] {processor.py:640} INFO - Processing file /home/augenz/PycharmProjects/airflow/.env_airflow/lib/python3.9/site-packages/airflow/example_dags/example_sla_dag.py for tasks to queue
[2022-08-29T12:34:19.776-0400] {logging_mixin.py:115} INFO - [2022-08-29T12:34:19.775-0400] {dagbag.py:508} INFO - Filling up the DagBag from /home/augenz/PycharmProjects/airflow/.env_airflow/lib/python3.9/site-packages/airflow/example_dags/example_sla_dag.py
[2022-08-29T12:34:19.821-0400] {processor.py:650} INFO - DAG(s) dict_keys(['example_sla_dag']) retrieved from /home/augenz/PycharmProjects/airflow/.env_airflow/lib/python3.9/site-packages/airflow/example_dags/example_sla_dag.py
[2022-08-29T12:34:19.874-0400] {logging_mixin.py:115} INFO - [2022-08-29T12:34:19.874-0400] {dag.py:2429} INFO - Sync 1 DAGs
[2022-08-29T12:34:19.934-0400] {logging_mixin.py:115} INFO - [2022-08-29T12:34:19.934-0400] {dag.py:2977} INFO - Setting next_dagrun for example_sla_dag to 2022-08-29T16:32:00+00:00, run_after=2022-08-29T16:34:00+00:00
[2022-08-29T12:34:19.975-0400] {processor.py:161} INFO - Processing /home/augenz/PycharmProjects/airflow/.env_airflow/lib/python3.9/site-packages/airflow/example_dags/example_sla_dag.py took 0.209 seconds
[2022-08-29T12:34:50.633-0400] {processor.py:153} INFO - Started process (PID=501) to work on /home/augenz/PycharmProjects/airflow/.env_airflow/lib/python3.9/site-packages/airflow/example_dags/example_sla_dag.py
[2022-08-29T12:34:50.636-0400] {processor.py:640} INFO - Processing file /home/augenz/PycharmProjects/airflow/.env_airflow/lib/python3.9/site-packages/airflow/example_dags/example_sla_dag.py for tasks to queue
[2022-08-29T12:34:50.638-0400] {logging_mixin.py:115} INFO - [2022-08-29T12:34:50.637-0400] {dagbag.py:508} INFO - Filling up the DagBag from /home/augenz/PycharmProjects/airflow/.env_airflow/lib/python3.9/site-packages/airflow/example_dags/example_sla_dag.py
[2022-08-29T12:34:50.753-0400] {processor.py:650} INFO - DAG(s) dict_keys(['example_sla_dag']) retrieved from /home/augenz/PycharmProjects/airflow/.env_airflow/lib/python3.9/site-packages/airflow/example_dags/example_sla_dag.py
[2022-08-29T12:34:50.855-0400] {logging_mixin.py:115} INFO - [2022-08-29T12:34:50.855-0400] {dag.py:2429} INFO - Sync 1 DAGs
[2022-08-29T12:34:51.019-0400] {logging_mixin.py:115} INFO - [2022-08-29T12:34:51.019-0400] {dag.py:2977} INFO - Setting next_dagrun for example_sla_dag to 2022-08-29T16:32:00+00:00, run_after=2022-08-29T16:34:00+00:00
[2022-08-29T12:34:51.131-0400] {processor.py:161} INFO - Processing /home/augenz/PycharmProjects/airflow/.env_airflow/lib/python3.9/site-packages/airflow/example_dags/example_sla_dag.py took 0.526 seconds
[2022-08-29T12:35:21.951-0400] {processor.py:153} INFO - Started process (PID=557) to work on /home/augenz/PycharmProjects/airflow/.env_airflow/lib/python3.9/site-packages/airflow/example_dags/example_sla_dag.py
[2022-08-29T12:35:21.964-0400] {processor.py:640} INFO - Processing file /home/augenz/PycharmProjects/airflow/.env_airflow/lib/python3.9/site-packages/airflow/example_dags/example_sla_dag.py for tasks to queue
[2022-08-29T12:35:21.965-0400] {logging_mixin.py:115} INFO - [2022-08-29T12:35:21.965-0400] {dagbag.py:508} INFO - Filling up the DagBag from /home/augenz/PycharmProjects/airflow/.env_airflow/lib/python3.9/site-packages/airflow/example_dags/example_sla_dag.py
[2022-08-29T12:35:21.997-0400] {processor.py:650} INFO - DAG(s) dict_keys(['example_sla_dag']) retrieved from /home/augenz/PycharmProjects/airflow/.env_airflow/lib/python3.9/site-packages/airflow/example_dags/example_sla_dag.py
[2022-08-29T12:35:22.039-0400] {logging_mixin.py:115} INFO - [2022-08-29T12:35:22.039-0400] {dag.py:2429} INFO - Sync 1 DAGs
[2022-08-29T12:35:22.084-0400] {logging_mixin.py:115} INFO - [2022-08-29T12:35:22.084-0400] {dag.py:2977} INFO - Setting next_dagrun for example_sla_dag to 2022-08-29T16:32:00+00:00, run_after=2022-08-29T16:34:00+00:00
[2022-08-29T12:35:22.141-0400] {processor.py:161} INFO - Processing /home/augenz/PycharmProjects/airflow/.env_airflow/lib/python3.9/site-packages/airflow/example_dags/example_sla_dag.py took 0.195 seconds
[2022-08-29T12:35:55.292-0400] {processor.py:153} INFO - Started process (PID=600) to work on /home/augenz/PycharmProjects/airflow/.env_airflow/lib/python3.9/site-packages/airflow/example_dags/example_sla_dag.py
[2022-08-29T12:35:55.312-0400] {processor.py:640} INFO - Processing file /home/augenz/PycharmProjects/airflow/.env_airflow/lib/python3.9/site-packages/airflow/example_dags/example_sla_dag.py for tasks to queue
[2022-08-29T12:35:55.313-0400] {logging_mixin.py:115} INFO - [2022-08-29T12:35:55.313-0400] {dagbag.py:508} INFO - Filling up the DagBag from /home/augenz/PycharmProjects/airflow/.env_airflow/lib/python3.9/site-packages/airflow/example_dags/example_sla_dag.py
[2022-08-29T12:35:55.341-0400] {processor.py:650} INFO - DAG(s) dict_keys(['example_sla_dag']) retrieved from /home/augenz/PycharmProjects/airflow/.env_airflow/lib/python3.9/site-packages/airflow/example_dags/example_sla_dag.py
[2022-08-29T12:35:55.820-0400] {logging_mixin.py:115} INFO - [2022-08-29T12:35:55.820-0400] {dag.py:2429} INFO - Sync 1 DAGs
[2022-08-29T12:35:55.859-0400] {logging_mixin.py:115} INFO - [2022-08-29T12:35:55.858-0400] {dag.py:2977} INFO - Setting next_dagrun for example_sla_dag to 2022-08-29T16:32:00+00:00, run_after=2022-08-29T16:34:00+00:00
[2022-08-29T12:35:55.895-0400] {processor.py:161} INFO - Processing /home/augenz/PycharmProjects/airflow/.env_airflow/lib/python3.9/site-packages/airflow/example_dags/example_sla_dag.py took 0.607 seconds
[2022-08-29T12:36:26.813-0400] {processor.py:153} INFO - Started process (PID=634) to work on /home/augenz/PycharmProjects/airflow/.env_airflow/lib/python3.9/site-packages/airflow/example_dags/example_sla_dag.py
[2022-08-29T12:36:26.816-0400] {processor.py:640} INFO - Processing file /home/augenz/PycharmProjects/airflow/.env_airflow/lib/python3.9/site-packages/airflow/example_dags/example_sla_dag.py for tasks to queue
[2022-08-29T12:36:26.817-0400] {logging_mixin.py:115} INFO - [2022-08-29T12:36:26.817-0400] {dagbag.py:508} INFO - Filling up the DagBag from /home/augenz/PycharmProjects/airflow/.env_airflow/lib/python3.9/site-packages/airflow/example_dags/example_sla_dag.py
[2022-08-29T12:36:26.846-0400] {processor.py:650} INFO - DAG(s) dict_keys(['example_sla_dag']) retrieved from /home/augenz/PycharmProjects/airflow/.env_airflow/lib/python3.9/site-packages/airflow/example_dags/example_sla_dag.py
[2022-08-29T12:36:27.301-0400] {logging_mixin.py:115} INFO - [2022-08-29T12:36:27.301-0400] {dag.py:2429} INFO - Sync 1 DAGs
[2022-08-29T12:36:27.336-0400] {logging_mixin.py:115} INFO - [2022-08-29T12:36:27.336-0400] {dag.py:2977} INFO - Setting next_dagrun for example_sla_dag to 2022-08-29T16:34:00+00:00, run_after=2022-08-29T16:36:00+00:00
[2022-08-29T12:36:27.374-0400] {processor.py:161} INFO - Processing /home/augenz/PycharmProjects/airflow/.env_airflow/lib/python3.9/site-packages/airflow/example_dags/example_sla_dag.py took 0.566 seconds
[2022-08-29T12:37:02.397-0400] {processor.py:153} INFO - Started process (PID=686) to work on /home/augenz/PycharmProjects/airflow/.env_airflow/lib/python3.9/site-packages/airflow/example_dags/example_sla_dag.py
[2022-08-29T12:37:02.404-0400] {processor.py:640} INFO - Processing file /home/augenz/PycharmProjects/airflow/.env_airflow/lib/python3.9/site-packages/airflow/example_dags/example_sla_dag.py for tasks to queue
[2022-08-29T12:37:02.405-0400] {logging_mixin.py:115} INFO - [2022-08-29T12:37:02.405-0400] {dagbag.py:508} INFO - Filling up the DagBag from /home/augenz/PycharmProjects/airflow/.env_airflow/lib/python3.9/site-packages/airflow/example_dags/example_sla_dag.py
[2022-08-29T12:37:02.482-0400] {processor.py:650} INFO - DAG(s) dict_keys(['example_sla_dag']) retrieved from /home/augenz/PycharmProjects/airflow/.env_airflow/lib/python3.9/site-packages/airflow/example_dags/example_sla_dag.py
[2022-08-29T12:37:03.409-0400] {logging_mixin.py:115} INFO - [2022-08-29T12:37:03.408-0400] {dag.py:2429} INFO - Sync 1 DAGs
[2022-08-29T12:37:03.487-0400] {logging_mixin.py:115} INFO - [2022-08-29T12:37:03.486-0400] {dag.py:2977} INFO - Setting next_dagrun for example_sla_dag to 2022-08-29T16:34:00+00:00, run_after=2022-08-29T16:36:00+00:00
[2022-08-29T12:37:03.532-0400] {processor.py:161} INFO - Processing /home/augenz/PycharmProjects/airflow/.env_airflow/lib/python3.9/site-packages/airflow/example_dags/example_sla_dag.py took 1.147 seconds
[2022-08-29T12:37:40.353-0400] {processor.py:153} INFO - Started process (PID=728) to work on /home/augenz/PycharmProjects/airflow/.env_airflow/lib/python3.9/site-packages/airflow/example_dags/example_sla_dag.py
[2022-08-29T12:37:40.364-0400] {processor.py:640} INFO - Processing file /home/augenz/PycharmProjects/airflow/.env_airflow/lib/python3.9/site-packages/airflow/example_dags/example_sla_dag.py for tasks to queue
[2022-08-29T12:37:40.365-0400] {logging_mixin.py:115} INFO - [2022-08-29T12:37:40.365-0400] {dagbag.py:508} INFO - Filling up the DagBag from /home/augenz/PycharmProjects/airflow/.env_airflow/lib/python3.9/site-packages/airflow/example_dags/example_sla_dag.py
[2022-08-29T12:37:40.439-0400] {processor.py:650} INFO - DAG(s) dict_keys(['example_sla_dag']) retrieved from /home/augenz/PycharmProjects/airflow/.env_airflow/lib/python3.9/site-packages/airflow/example_dags/example_sla_dag.py
[2022-08-29T12:37:42.261-0400] {logging_mixin.py:115} INFO - [2022-08-29T12:37:42.260-0400] {dag.py:2429} INFO - Sync 1 DAGs
[2022-08-29T12:37:42.373-0400] {logging_mixin.py:115} INFO - [2022-08-29T12:37:42.373-0400] {dag.py:2977} INFO - Setting next_dagrun for example_sla_dag to 2022-08-29T16:34:00+00:00, run_after=2022-08-29T16:36:00+00:00
[2022-08-29T12:37:42.429-0400] {processor.py:161} INFO - Processing /home/augenz/PycharmProjects/airflow/.env_airflow/lib/python3.9/site-packages/airflow/example_dags/example_sla_dag.py took 2.083 seconds
[2022-08-29T12:38:13.257-0400] {processor.py:153} INFO - Started process (PID=788) to work on /home/augenz/PycharmProjects/airflow/.env_airflow/lib/python3.9/site-packages/airflow/example_dags/example_sla_dag.py
[2022-08-29T12:38:13.304-0400] {processor.py:640} INFO - Processing file /home/augenz/PycharmProjects/airflow/.env_airflow/lib/python3.9/site-packages/airflow/example_dags/example_sla_dag.py for tasks to queue
[2022-08-29T12:38:13.306-0400] {logging_mixin.py:115} INFO - [2022-08-29T12:38:13.305-0400] {dagbag.py:508} INFO - Filling up the DagBag from /home/augenz/PycharmProjects/airflow/.env_airflow/lib/python3.9/site-packages/airflow/example_dags/example_sla_dag.py
[2022-08-29T12:38:13.382-0400] {processor.py:650} INFO - DAG(s) dict_keys(['example_sla_dag']) retrieved from /home/augenz/PycharmProjects/airflow/.env_airflow/lib/python3.9/site-packages/airflow/example_dags/example_sla_dag.py
[2022-08-29T12:38:14.669-0400] {logging_mixin.py:115} INFO - [2022-08-29T12:38:14.668-0400] {dag.py:2429} INFO - Sync 1 DAGs
[2022-08-29T12:38:14.787-0400] {logging_mixin.py:115} INFO - [2022-08-29T12:38:14.786-0400] {dag.py:2977} INFO - Setting next_dagrun for example_sla_dag to 2022-08-29T16:36:00+00:00, run_after=2022-08-29T16:38:00+00:00
[2022-08-29T12:38:14.854-0400] {processor.py:161} INFO - Processing /home/augenz/PycharmProjects/airflow/.env_airflow/lib/python3.9/site-packages/airflow/example_dags/example_sla_dag.py took 1.609 seconds
[2022-08-29T12:38:44.970-0400] {processor.py:153} INFO - Started process (PID=823) to work on /home/augenz/PycharmProjects/airflow/.env_airflow/lib/python3.9/site-packages/airflow/example_dags/example_sla_dag.py
[2022-08-29T12:38:44.974-0400] {processor.py:640} INFO - Processing file /home/augenz/PycharmProjects/airflow/.env_airflow/lib/python3.9/site-packages/airflow/example_dags/example_sla_dag.py for tasks to queue
[2022-08-29T12:38:44.976-0400] {logging_mixin.py:115} INFO - [2022-08-29T12:38:44.976-0400] {dagbag.py:508} INFO - Filling up the DagBag from /home/augenz/PycharmProjects/airflow/.env_airflow/lib/python3.9/site-packages/airflow/example_dags/example_sla_dag.py
[2022-08-29T12:38:45.005-0400] {processor.py:650} INFO - DAG(s) dict_keys(['example_sla_dag']) retrieved from /home/augenz/PycharmProjects/airflow/.env_airflow/lib/python3.9/site-packages/airflow/example_dags/example_sla_dag.py
[2022-08-29T12:38:45.425-0400] {logging_mixin.py:115} INFO - [2022-08-29T12:38:45.425-0400] {dag.py:2429} INFO - Sync 1 DAGs
[2022-08-29T12:38:45.457-0400] {logging_mixin.py:115} INFO - [2022-08-29T12:38:45.457-0400] {dag.py:2977} INFO - Setting next_dagrun for example_sla_dag to 2022-08-29T16:36:00+00:00, run_after=2022-08-29T16:38:00+00:00
[2022-08-29T12:38:45.514-0400] {processor.py:161} INFO - Processing /home/augenz/PycharmProjects/airflow/.env_airflow/lib/python3.9/site-packages/airflow/example_dags/example_sla_dag.py took 0.549 seconds
[2022-08-29T12:39:16.125-0400] {processor.py:153} INFO - Started process (PID=858) to work on /home/augenz/PycharmProjects/airflow/.env_airflow/lib/python3.9/site-packages/airflow/example_dags/example_sla_dag.py
[2022-08-29T12:39:16.129-0400] {processor.py:640} INFO - Processing file /home/augenz/PycharmProjects/airflow/.env_airflow/lib/python3.9/site-packages/airflow/example_dags/example_sla_dag.py for tasks to queue
[2022-08-29T12:39:16.130-0400] {logging_mixin.py:115} INFO - [2022-08-29T12:39:16.130-0400] {dagbag.py:508} INFO - Filling up the DagBag from /home/augenz/PycharmProjects/airflow/.env_airflow/lib/python3.9/site-packages/airflow/example_dags/example_sla_dag.py
[2022-08-29T12:39:16.159-0400] {processor.py:650} INFO - DAG(s) dict_keys(['example_sla_dag']) retrieved from /home/augenz/PycharmProjects/airflow/.env_airflow/lib/python3.9/site-packages/airflow/example_dags/example_sla_dag.py
[2022-08-29T12:39:16.597-0400] {logging_mixin.py:115} INFO - [2022-08-29T12:39:16.597-0400] {dag.py:2429} INFO - Sync 1 DAGs
[2022-08-29T12:39:16.631-0400] {logging_mixin.py:115} INFO - [2022-08-29T12:39:16.631-0400] {dag.py:2977} INFO - Setting next_dagrun for example_sla_dag to 2022-08-29T16:36:00+00:00, run_after=2022-08-29T16:38:00+00:00
[2022-08-29T12:39:16.668-0400] {processor.py:161} INFO - Processing /home/augenz/PycharmProjects/airflow/.env_airflow/lib/python3.9/site-packages/airflow/example_dags/example_sla_dag.py took 0.548 seconds
[2022-08-29T12:39:47.268-0400] {processor.py:153} INFO - Started process (PID=892) to work on /home/augenz/PycharmProjects/airflow/.env_airflow/lib/python3.9/site-packages/airflow/example_dags/example_sla_dag.py
[2022-08-29T12:39:47.272-0400] {processor.py:640} INFO - Processing file /home/augenz/PycharmProjects/airflow/.env_airflow/lib/python3.9/site-packages/airflow/example_dags/example_sla_dag.py for tasks to queue
[2022-08-29T12:39:47.273-0400] {logging_mixin.py:115} INFO - [2022-08-29T12:39:47.273-0400] {dagbag.py:508} INFO - Filling up the DagBag from /home/augenz/PycharmProjects/airflow/.env_airflow/lib/python3.9/site-packages/airflow/example_dags/example_sla_dag.py
[2022-08-29T12:39:47.324-0400] {processor.py:650} INFO - DAG(s) dict_keys(['example_sla_dag']) retrieved from /home/augenz/PycharmProjects/airflow/.env_airflow/lib/python3.9/site-packages/airflow/example_dags/example_sla_dag.py
[2022-08-29T12:39:48.213-0400] {logging_mixin.py:115} INFO - [2022-08-29T12:39:48.212-0400] {dag.py:2429} INFO - Sync 1 DAGs
[2022-08-29T12:39:48.276-0400] {logging_mixin.py:115} INFO - [2022-08-29T12:39:48.276-0400] {dag.py:2977} INFO - Setting next_dagrun for example_sla_dag to 2022-08-29T16:36:00+00:00, run_after=2022-08-29T16:38:00+00:00
[2022-08-29T12:39:48.338-0400] {processor.py:161} INFO - Processing /home/augenz/PycharmProjects/airflow/.env_airflow/lib/python3.9/site-packages/airflow/example_dags/example_sla_dag.py took 1.076 seconds
[2022-08-29T12:40:19.055-0400] {processor.py:153} INFO - Started process (PID=933) to work on /home/augenz/PycharmProjects/airflow/.env_airflow/lib/python3.9/site-packages/airflow/example_dags/example_sla_dag.py
[2022-08-29T12:40:19.075-0400] {processor.py:640} INFO - Processing file /home/augenz/PycharmProjects/airflow/.env_airflow/lib/python3.9/site-packages/airflow/example_dags/example_sla_dag.py for tasks to queue
[2022-08-29T12:40:19.077-0400] {logging_mixin.py:115} INFO - [2022-08-29T12:40:19.076-0400] {dagbag.py:508} INFO - Filling up the DagBag from /home/augenz/PycharmProjects/airflow/.env_airflow/lib/python3.9/site-packages/airflow/example_dags/example_sla_dag.py
[2022-08-29T12:40:19.102-0400] {processor.py:650} INFO - DAG(s) dict_keys(['example_sla_dag']) retrieved from /home/augenz/PycharmProjects/airflow/.env_airflow/lib/python3.9/site-packages/airflow/example_dags/example_sla_dag.py
[2022-08-29T12:40:19.546-0400] {logging_mixin.py:115} INFO - [2022-08-29T12:40:19.545-0400] {dag.py:2429} INFO - Sync 1 DAGs
[2022-08-29T12:40:19.579-0400] {logging_mixin.py:115} INFO - [2022-08-29T12:40:19.579-0400] {dag.py:2977} INFO - Setting next_dagrun for example_sla_dag to 2022-08-29T16:38:00+00:00, run_after=2022-08-29T16:40:00+00:00
[2022-08-29T12:40:19.651-0400] {processor.py:161} INFO - Processing /home/augenz/PycharmProjects/airflow/.env_airflow/lib/python3.9/site-packages/airflow/example_dags/example_sla_dag.py took 0.601 seconds
[2022-08-29T12:40:49.889-0400] {processor.py:153} INFO - Started process (PID=967) to work on /home/augenz/PycharmProjects/airflow/.env_airflow/lib/python3.9/site-packages/airflow/example_dags/example_sla_dag.py
[2022-08-29T12:40:49.895-0400] {processor.py:640} INFO - Processing file /home/augenz/PycharmProjects/airflow/.env_airflow/lib/python3.9/site-packages/airflow/example_dags/example_sla_dag.py for tasks to queue
[2022-08-29T12:40:49.896-0400] {logging_mixin.py:115} INFO - [2022-08-29T12:40:49.896-0400] {dagbag.py:508} INFO - Filling up the DagBag from /home/augenz/PycharmProjects/airflow/.env_airflow/lib/python3.9/site-packages/airflow/example_dags/example_sla_dag.py
[2022-08-29T12:40:49.924-0400] {processor.py:650} INFO - DAG(s) dict_keys(['example_sla_dag']) retrieved from /home/augenz/PycharmProjects/airflow/.env_airflow/lib/python3.9/site-packages/airflow/example_dags/example_sla_dag.py
[2022-08-29T12:40:50.422-0400] {logging_mixin.py:115} INFO - [2022-08-29T12:40:50.422-0400] {dag.py:2429} INFO - Sync 1 DAGs
[2022-08-29T12:40:50.461-0400] {logging_mixin.py:115} INFO - [2022-08-29T12:40:50.460-0400] {dag.py:2977} INFO - Setting next_dagrun for example_sla_dag to 2022-08-29T16:38:00+00:00, run_after=2022-08-29T16:40:00+00:00
[2022-08-29T12:40:50.497-0400] {processor.py:161} INFO - Processing /home/augenz/PycharmProjects/airflow/.env_airflow/lib/python3.9/site-packages/airflow/example_dags/example_sla_dag.py took 0.614 seconds
[2022-08-29T12:41:20.804-0400] {processor.py:153} INFO - Started process (PID=1001) to work on /home/augenz/PycharmProjects/airflow/.env_airflow/lib/python3.9/site-packages/airflow/example_dags/example_sla_dag.py
[2022-08-29T12:41:20.805-0400] {processor.py:640} INFO - Processing file /home/augenz/PycharmProjects/airflow/.env_airflow/lib/python3.9/site-packages/airflow/example_dags/example_sla_dag.py for tasks to queue
[2022-08-29T12:41:20.806-0400] {logging_mixin.py:115} INFO - [2022-08-29T12:41:20.806-0400] {dagbag.py:508} INFO - Filling up the DagBag from /home/augenz/PycharmProjects/airflow/.env_airflow/lib/python3.9/site-packages/airflow/example_dags/example_sla_dag.py
[2022-08-29T12:41:20.835-0400] {processor.py:650} INFO - DAG(s) dict_keys(['example_sla_dag']) retrieved from /home/augenz/PycharmProjects/airflow/.env_airflow/lib/python3.9/site-packages/airflow/example_dags/example_sla_dag.py
[2022-08-29T12:41:21.373-0400] {logging_mixin.py:115} INFO - [2022-08-29T12:41:21.372-0400] {dag.py:2429} INFO - Sync 1 DAGs
[2022-08-29T12:41:21.406-0400] {logging_mixin.py:115} INFO - [2022-08-29T12:41:21.406-0400] {dag.py:2977} INFO - Setting next_dagrun for example_sla_dag to 2022-08-29T16:38:00+00:00, run_after=2022-08-29T16:40:00+00:00
[2022-08-29T12:41:21.452-0400] {processor.py:161} INFO - Processing /home/augenz/PycharmProjects/airflow/.env_airflow/lib/python3.9/site-packages/airflow/example_dags/example_sla_dag.py took 0.653 seconds
[2022-08-29T12:41:51.490-0400] {processor.py:153} INFO - Started process (PID=1044) to work on /home/augenz/PycharmProjects/airflow/.env_airflow/lib/python3.9/site-packages/airflow/example_dags/example_sla_dag.py
[2022-08-29T12:41:51.501-0400] {processor.py:640} INFO - Processing file /home/augenz/PycharmProjects/airflow/.env_airflow/lib/python3.9/site-packages/airflow/example_dags/example_sla_dag.py for tasks to queue
[2022-08-29T12:41:51.502-0400] {logging_mixin.py:115} INFO - [2022-08-29T12:41:51.502-0400] {dagbag.py:508} INFO - Filling up the DagBag from /home/augenz/PycharmProjects/airflow/.env_airflow/lib/python3.9/site-packages/airflow/example_dags/example_sla_dag.py
[2022-08-29T12:41:51.532-0400] {processor.py:650} INFO - DAG(s) dict_keys(['example_sla_dag']) retrieved from /home/augenz/PycharmProjects/airflow/.env_airflow/lib/python3.9/site-packages/airflow/example_dags/example_sla_dag.py
[2022-08-29T12:41:51.954-0400] {logging_mixin.py:115} INFO - [2022-08-29T12:41:51.953-0400] {dag.py:2429} INFO - Sync 1 DAGs
[2022-08-29T12:41:51.987-0400] {logging_mixin.py:115} INFO - [2022-08-29T12:41:51.987-0400] {dag.py:2977} INFO - Setting next_dagrun for example_sla_dag to 2022-08-29T16:38:00+00:00, run_after=2022-08-29T16:40:00+00:00
[2022-08-29T12:41:52.035-0400] {processor.py:161} INFO - Processing /home/augenz/PycharmProjects/airflow/.env_airflow/lib/python3.9/site-packages/airflow/example_dags/example_sla_dag.py took 0.550 seconds
[2022-08-29T12:42:22.704-0400] {processor.py:153} INFO - Started process (PID=1078) to work on /home/augenz/PycharmProjects/airflow/.env_airflow/lib/python3.9/site-packages/airflow/example_dags/example_sla_dag.py
[2022-08-29T12:42:22.705-0400] {processor.py:640} INFO - Processing file /home/augenz/PycharmProjects/airflow/.env_airflow/lib/python3.9/site-packages/airflow/example_dags/example_sla_dag.py for tasks to queue
[2022-08-29T12:42:22.706-0400] {logging_mixin.py:115} INFO - [2022-08-29T12:42:22.706-0400] {dagbag.py:508} INFO - Filling up the DagBag from /home/augenz/PycharmProjects/airflow/.env_airflow/lib/python3.9/site-packages/airflow/example_dags/example_sla_dag.py
[2022-08-29T12:42:22.735-0400] {processor.py:650} INFO - DAG(s) dict_keys(['example_sla_dag']) retrieved from /home/augenz/PycharmProjects/airflow/.env_airflow/lib/python3.9/site-packages/airflow/example_dags/example_sla_dag.py
[2022-08-29T12:42:23.191-0400] {logging_mixin.py:115} INFO - [2022-08-29T12:42:23.190-0400] {dag.py:2429} INFO - Sync 1 DAGs
[2022-08-29T12:42:23.235-0400] {logging_mixin.py:115} INFO - [2022-08-29T12:42:23.235-0400] {dag.py:2977} INFO - Setting next_dagrun for example_sla_dag to 2022-08-29T16:40:00+00:00, run_after=2022-08-29T16:42:00+00:00
[2022-08-29T12:42:23.304-0400] {processor.py:161} INFO - Processing /home/augenz/PycharmProjects/airflow/.env_airflow/lib/python3.9/site-packages/airflow/example_dags/example_sla_dag.py took 0.606 seconds
[2022-08-29T12:42:53.660-0400] {processor.py:153} INFO - Started process (PID=1113) to work on /home/augenz/PycharmProjects/airflow/.env_airflow/lib/python3.9/site-packages/airflow/example_dags/example_sla_dag.py
[2022-08-29T12:42:53.663-0400] {processor.py:640} INFO - Processing file /home/augenz/PycharmProjects/airflow/.env_airflow/lib/python3.9/site-packages/airflow/example_dags/example_sla_dag.py for tasks to queue
[2022-08-29T12:42:53.665-0400] {logging_mixin.py:115} INFO - [2022-08-29T12:42:53.664-0400] {dagbag.py:508} INFO - Filling up the DagBag from /home/augenz/PycharmProjects/airflow/.env_airflow/lib/python3.9/site-packages/airflow/example_dags/example_sla_dag.py
[2022-08-29T12:42:53.696-0400] {processor.py:650} INFO - DAG(s) dict_keys(['example_sla_dag']) retrieved from /home/augenz/PycharmProjects/airflow/.env_airflow/lib/python3.9/site-packages/airflow/example_dags/example_sla_dag.py
[2022-08-29T12:42:54.301-0400] {logging_mixin.py:115} INFO - [2022-08-29T12:42:54.300-0400] {dag.py:2429} INFO - Sync 1 DAGs
[2022-08-29T12:42:54.334-0400] {logging_mixin.py:115} INFO - [2022-08-29T12:42:54.334-0400] {dag.py:2977} INFO - Setting next_dagrun for example_sla_dag to 2022-08-29T16:40:00+00:00, run_after=2022-08-29T16:42:00+00:00
[2022-08-29T12:42:54.366-0400] {processor.py:161} INFO - Processing /home/augenz/PycharmProjects/airflow/.env_airflow/lib/python3.9/site-packages/airflow/example_dags/example_sla_dag.py took 0.712 seconds
[2022-08-29T12:43:24.429-0400] {processor.py:153} INFO - Started process (PID=1147) to work on /home/augenz/PycharmProjects/airflow/.env_airflow/lib/python3.9/site-packages/airflow/example_dags/example_sla_dag.py
[2022-08-29T12:43:24.440-0400] {processor.py:640} INFO - Processing file /home/augenz/PycharmProjects/airflow/.env_airflow/lib/python3.9/site-packages/airflow/example_dags/example_sla_dag.py for tasks to queue
[2022-08-29T12:43:24.441-0400] {logging_mixin.py:115} INFO - [2022-08-29T12:43:24.441-0400] {dagbag.py:508} INFO - Filling up the DagBag from /home/augenz/PycharmProjects/airflow/.env_airflow/lib/python3.9/site-packages/airflow/example_dags/example_sla_dag.py
[2022-08-29T12:43:24.471-0400] {processor.py:650} INFO - DAG(s) dict_keys(['example_sla_dag']) retrieved from /home/augenz/PycharmProjects/airflow/.env_airflow/lib/python3.9/site-packages/airflow/example_dags/example_sla_dag.py
[2022-08-29T12:43:24.887-0400] {logging_mixin.py:115} INFO - [2022-08-29T12:43:24.887-0400] {dag.py:2429} INFO - Sync 1 DAGs
[2022-08-29T12:43:24.920-0400] {logging_mixin.py:115} INFO - [2022-08-29T12:43:24.920-0400] {dag.py:2977} INFO - Setting next_dagrun for example_sla_dag to 2022-08-29T16:40:00+00:00, run_after=2022-08-29T16:42:00+00:00
[2022-08-29T12:43:24.981-0400] {processor.py:161} INFO - Processing /home/augenz/PycharmProjects/airflow/.env_airflow/lib/python3.9/site-packages/airflow/example_dags/example_sla_dag.py took 0.557 seconds
[2022-08-29T12:43:55.245-0400] {processor.py:153} INFO - Started process (PID=1181) to work on /home/augenz/PycharmProjects/airflow/.env_airflow/lib/python3.9/site-packages/airflow/example_dags/example_sla_dag.py
[2022-08-29T12:43:55.257-0400] {processor.py:640} INFO - Processing file /home/augenz/PycharmProjects/airflow/.env_airflow/lib/python3.9/site-packages/airflow/example_dags/example_sla_dag.py for tasks to queue
[2022-08-29T12:43:55.259-0400] {logging_mixin.py:115} INFO - [2022-08-29T12:43:55.259-0400] {dagbag.py:508} INFO - Filling up the DagBag from /home/augenz/PycharmProjects/airflow/.env_airflow/lib/python3.9/site-packages/airflow/example_dags/example_sla_dag.py
[2022-08-29T12:43:55.287-0400] {processor.py:650} INFO - DAG(s) dict_keys(['example_sla_dag']) retrieved from /home/augenz/PycharmProjects/airflow/.env_airflow/lib/python3.9/site-packages/airflow/example_dags/example_sla_dag.py
[2022-08-29T12:43:55.708-0400] {logging_mixin.py:115} INFO - [2022-08-29T12:43:55.707-0400] {dag.py:2429} INFO - Sync 1 DAGs
[2022-08-29T12:43:55.740-0400] {logging_mixin.py:115} INFO - [2022-08-29T12:43:55.739-0400] {dag.py:2977} INFO - Setting next_dagrun for example_sla_dag to 2022-08-29T16:40:00+00:00, run_after=2022-08-29T16:42:00+00:00
[2022-08-29T12:43:55.777-0400] {processor.py:161} INFO - Processing /home/augenz/PycharmProjects/airflow/.env_airflow/lib/python3.9/site-packages/airflow/example_dags/example_sla_dag.py took 0.536 seconds
[2022-08-29T12:44:26.209-0400] {processor.py:153} INFO - Started process (PID=1215) to work on /home/augenz/PycharmProjects/airflow/.env_airflow/lib/python3.9/site-packages/airflow/example_dags/example_sla_dag.py
[2022-08-29T12:44:26.213-0400] {processor.py:640} INFO - Processing file /home/augenz/PycharmProjects/airflow/.env_airflow/lib/python3.9/site-packages/airflow/example_dags/example_sla_dag.py for tasks to queue
[2022-08-29T12:44:26.214-0400] {logging_mixin.py:115} INFO - [2022-08-29T12:44:26.214-0400] {dagbag.py:508} INFO - Filling up the DagBag from /home/augenz/PycharmProjects/airflow/.env_airflow/lib/python3.9/site-packages/airflow/example_dags/example_sla_dag.py
[2022-08-29T12:44:26.247-0400] {processor.py:650} INFO - DAG(s) dict_keys(['example_sla_dag']) retrieved from /home/augenz/PycharmProjects/airflow/.env_airflow/lib/python3.9/site-packages/airflow/example_dags/example_sla_dag.py
[2022-08-29T12:44:26.716-0400] {logging_mixin.py:115} INFO - [2022-08-29T12:44:26.715-0400] {dag.py:2429} INFO - Sync 1 DAGs
[2022-08-29T12:44:26.751-0400] {logging_mixin.py:115} INFO - [2022-08-29T12:44:26.751-0400] {dag.py:2977} INFO - Setting next_dagrun for example_sla_dag to 2022-08-29T16:42:00+00:00, run_after=2022-08-29T16:44:00+00:00
[2022-08-29T12:44:26.790-0400] {processor.py:161} INFO - Processing /home/augenz/PycharmProjects/airflow/.env_airflow/lib/python3.9/site-packages/airflow/example_dags/example_sla_dag.py took 0.586 seconds
[2022-08-29T12:44:57.129-0400] {processor.py:153} INFO - Started process (PID=1263) to work on /home/augenz/PycharmProjects/airflow/.env_airflow/lib/python3.9/site-packages/airflow/example_dags/example_sla_dag.py
[2022-08-29T12:44:57.140-0400] {processor.py:640} INFO - Processing file /home/augenz/PycharmProjects/airflow/.env_airflow/lib/python3.9/site-packages/airflow/example_dags/example_sla_dag.py for tasks to queue
[2022-08-29T12:44:57.141-0400] {logging_mixin.py:115} INFO - [2022-08-29T12:44:57.141-0400] {dagbag.py:508} INFO - Filling up the DagBag from /home/augenz/PycharmProjects/airflow/.env_airflow/lib/python3.9/site-packages/airflow/example_dags/example_sla_dag.py
[2022-08-29T12:44:57.167-0400] {processor.py:650} INFO - DAG(s) dict_keys(['example_sla_dag']) retrieved from /home/augenz/PycharmProjects/airflow/.env_airflow/lib/python3.9/site-packages/airflow/example_dags/example_sla_dag.py
[2022-08-29T12:44:57.583-0400] {logging_mixin.py:115} INFO - [2022-08-29T12:44:57.583-0400] {dag.py:2429} INFO - Sync 1 DAGs
[2022-08-29T12:44:57.621-0400] {logging_mixin.py:115} INFO - [2022-08-29T12:44:57.620-0400] {dag.py:2977} INFO - Setting next_dagrun for example_sla_dag to 2022-08-29T16:42:00+00:00, run_after=2022-08-29T16:44:00+00:00
[2022-08-29T12:44:57.677-0400] {processor.py:161} INFO - Processing /home/augenz/PycharmProjects/airflow/.env_airflow/lib/python3.9/site-packages/airflow/example_dags/example_sla_dag.py took 0.555 seconds
[2022-08-29T12:45:27.907-0400] {processor.py:153} INFO - Started process (PID=1298) to work on /home/augenz/PycharmProjects/airflow/.env_airflow/lib/python3.9/site-packages/airflow/example_dags/example_sla_dag.py
[2022-08-29T12:45:27.910-0400] {processor.py:640} INFO - Processing file /home/augenz/PycharmProjects/airflow/.env_airflow/lib/python3.9/site-packages/airflow/example_dags/example_sla_dag.py for tasks to queue
[2022-08-29T12:45:27.912-0400] {logging_mixin.py:115} INFO - [2022-08-29T12:45:27.911-0400] {dagbag.py:508} INFO - Filling up the DagBag from /home/augenz/PycharmProjects/airflow/.env_airflow/lib/python3.9/site-packages/airflow/example_dags/example_sla_dag.py
[2022-08-29T12:45:27.942-0400] {processor.py:650} INFO - DAG(s) dict_keys(['example_sla_dag']) retrieved from /home/augenz/PycharmProjects/airflow/.env_airflow/lib/python3.9/site-packages/airflow/example_dags/example_sla_dag.py
[2022-08-29T12:45:28.376-0400] {logging_mixin.py:115} INFO - [2022-08-29T12:45:28.376-0400] {dag.py:2429} INFO - Sync 1 DAGs
[2022-08-29T12:45:28.410-0400] {logging_mixin.py:115} INFO - [2022-08-29T12:45:28.409-0400] {dag.py:2977} INFO - Setting next_dagrun for example_sla_dag to 2022-08-29T16:42:00+00:00, run_after=2022-08-29T16:44:00+00:00
[2022-08-29T12:45:28.458-0400] {processor.py:161} INFO - Processing /home/augenz/PycharmProjects/airflow/.env_airflow/lib/python3.9/site-packages/airflow/example_dags/example_sla_dag.py took 0.559 seconds
[2022-08-29T12:45:58.738-0400] {processor.py:153} INFO - Started process (PID=1333) to work on /home/augenz/PycharmProjects/airflow/.env_airflow/lib/python3.9/site-packages/airflow/example_dags/example_sla_dag.py
[2022-08-29T12:45:58.740-0400] {processor.py:640} INFO - Processing file /home/augenz/PycharmProjects/airflow/.env_airflow/lib/python3.9/site-packages/airflow/example_dags/example_sla_dag.py for tasks to queue
[2022-08-29T12:45:58.741-0400] {logging_mixin.py:115} INFO - [2022-08-29T12:45:58.741-0400] {dagbag.py:508} INFO - Filling up the DagBag from /home/augenz/PycharmProjects/airflow/.env_airflow/lib/python3.9/site-packages/airflow/example_dags/example_sla_dag.py
[2022-08-29T12:45:58.769-0400] {processor.py:650} INFO - DAG(s) dict_keys(['example_sla_dag']) retrieved from /home/augenz/PycharmProjects/airflow/.env_airflow/lib/python3.9/site-packages/airflow/example_dags/example_sla_dag.py
[2022-08-29T12:45:59.191-0400] {logging_mixin.py:115} INFO - [2022-08-29T12:45:59.191-0400] {dag.py:2429} INFO - Sync 1 DAGs
[2022-08-29T12:45:59.227-0400] {logging_mixin.py:115} INFO - [2022-08-29T12:45:59.226-0400] {dag.py:2977} INFO - Setting next_dagrun for example_sla_dag to 2022-08-29T16:42:00+00:00, run_after=2022-08-29T16:44:00+00:00
[2022-08-29T12:45:59.271-0400] {processor.py:161} INFO - Processing /home/augenz/PycharmProjects/airflow/.env_airflow/lib/python3.9/site-packages/airflow/example_dags/example_sla_dag.py took 0.540 seconds
[2022-08-29T12:46:29.940-0400] {processor.py:153} INFO - Started process (PID=1367) to work on /home/augenz/PycharmProjects/airflow/.env_airflow/lib/python3.9/site-packages/airflow/example_dags/example_sla_dag.py
[2022-08-29T12:46:29.958-0400] {processor.py:640} INFO - Processing file /home/augenz/PycharmProjects/airflow/.env_airflow/lib/python3.9/site-packages/airflow/example_dags/example_sla_dag.py for tasks to queue
[2022-08-29T12:46:29.960-0400] {logging_mixin.py:115} INFO - [2022-08-29T12:46:29.960-0400] {dagbag.py:508} INFO - Filling up the DagBag from /home/augenz/PycharmProjects/airflow/.env_airflow/lib/python3.9/site-packages/airflow/example_dags/example_sla_dag.py
[2022-08-29T12:46:29.993-0400] {processor.py:650} INFO - DAG(s) dict_keys(['example_sla_dag']) retrieved from /home/augenz/PycharmProjects/airflow/.env_airflow/lib/python3.9/site-packages/airflow/example_dags/example_sla_dag.py
[2022-08-29T12:46:30.437-0400] {logging_mixin.py:115} INFO - [2022-08-29T12:46:30.436-0400] {dag.py:2429} INFO - Sync 1 DAGs
[2022-08-29T12:46:30.470-0400] {logging_mixin.py:115} INFO - [2022-08-29T12:46:30.470-0400] {dag.py:2977} INFO - Setting next_dagrun for example_sla_dag to 2022-08-29T16:44:00+00:00, run_after=2022-08-29T16:46:00+00:00
[2022-08-29T12:46:30.509-0400] {processor.py:161} INFO - Processing /home/augenz/PycharmProjects/airflow/.env_airflow/lib/python3.9/site-packages/airflow/example_dags/example_sla_dag.py took 0.573 seconds
[2022-08-29T12:47:00.849-0400] {processor.py:153} INFO - Started process (PID=1402) to work on /home/augenz/PycharmProjects/airflow/.env_airflow/lib/python3.9/site-packages/airflow/example_dags/example_sla_dag.py
[2022-08-29T12:47:00.854-0400] {processor.py:640} INFO - Processing file /home/augenz/PycharmProjects/airflow/.env_airflow/lib/python3.9/site-packages/airflow/example_dags/example_sla_dag.py for tasks to queue
[2022-08-29T12:47:00.855-0400] {logging_mixin.py:115} INFO - [2022-08-29T12:47:00.855-0400] {dagbag.py:508} INFO - Filling up the DagBag from /home/augenz/PycharmProjects/airflow/.env_airflow/lib/python3.9/site-packages/airflow/example_dags/example_sla_dag.py
[2022-08-29T12:47:00.884-0400] {processor.py:650} INFO - DAG(s) dict_keys(['example_sla_dag']) retrieved from /home/augenz/PycharmProjects/airflow/.env_airflow/lib/python3.9/site-packages/airflow/example_dags/example_sla_dag.py
[2022-08-29T12:47:01.328-0400] {logging_mixin.py:115} INFO - [2022-08-29T12:47:01.328-0400] {dag.py:2429} INFO - Sync 1 DAGs
[2022-08-29T12:47:01.362-0400] {logging_mixin.py:115} INFO - [2022-08-29T12:47:01.362-0400] {dag.py:2977} INFO - Setting next_dagrun for example_sla_dag to 2022-08-29T16:44:00+00:00, run_after=2022-08-29T16:46:00+00:00
[2022-08-29T12:47:01.396-0400] {processor.py:161} INFO - Processing /home/augenz/PycharmProjects/airflow/.env_airflow/lib/python3.9/site-packages/airflow/example_dags/example_sla_dag.py took 0.553 seconds
[2022-08-29T12:47:32.087-0400] {processor.py:153} INFO - Started process (PID=1445) to work on /home/augenz/PycharmProjects/airflow/.env_airflow/lib/python3.9/site-packages/airflow/example_dags/example_sla_dag.py
[2022-08-29T12:47:32.095-0400] {processor.py:640} INFO - Processing file /home/augenz/PycharmProjects/airflow/.env_airflow/lib/python3.9/site-packages/airflow/example_dags/example_sla_dag.py for tasks to queue
[2022-08-29T12:47:32.096-0400] {logging_mixin.py:115} INFO - [2022-08-29T12:47:32.096-0400] {dagbag.py:508} INFO - Filling up the DagBag from /home/augenz/PycharmProjects/airflow/.env_airflow/lib/python3.9/site-packages/airflow/example_dags/example_sla_dag.py
[2022-08-29T12:47:32.136-0400] {processor.py:650} INFO - DAG(s) dict_keys(['example_sla_dag']) retrieved from /home/augenz/PycharmProjects/airflow/.env_airflow/lib/python3.9/site-packages/airflow/example_dags/example_sla_dag.py
[2022-08-29T12:47:32.691-0400] {logging_mixin.py:115} INFO - [2022-08-29T12:47:32.691-0400] {dag.py:2429} INFO - Sync 1 DAGs
[2022-08-29T12:47:32.729-0400] {logging_mixin.py:115} INFO - [2022-08-29T12:47:32.729-0400] {dag.py:2977} INFO - Setting next_dagrun for example_sla_dag to 2022-08-29T16:44:00+00:00, run_after=2022-08-29T16:46:00+00:00
[2022-08-29T12:47:32.760-0400] {processor.py:161} INFO - Processing /home/augenz/PycharmProjects/airflow/.env_airflow/lib/python3.9/site-packages/airflow/example_dags/example_sla_dag.py took 0.679 seconds
[2022-08-29T12:48:03.339-0400] {processor.py:153} INFO - Started process (PID=1480) to work on /home/augenz/PycharmProjects/airflow/.env_airflow/lib/python3.9/site-packages/airflow/example_dags/example_sla_dag.py
[2022-08-29T12:48:03.341-0400] {processor.py:640} INFO - Processing file /home/augenz/PycharmProjects/airflow/.env_airflow/lib/python3.9/site-packages/airflow/example_dags/example_sla_dag.py for tasks to queue
[2022-08-29T12:48:03.342-0400] {logging_mixin.py:115} INFO - [2022-08-29T12:48:03.342-0400] {dagbag.py:508} INFO - Filling up the DagBag from /home/augenz/PycharmProjects/airflow/.env_airflow/lib/python3.9/site-packages/airflow/example_dags/example_sla_dag.py
[2022-08-29T12:48:03.374-0400] {processor.py:650} INFO - DAG(s) dict_keys(['example_sla_dag']) retrieved from /home/augenz/PycharmProjects/airflow/.env_airflow/lib/python3.9/site-packages/airflow/example_dags/example_sla_dag.py
[2022-08-29T12:48:03.819-0400] {logging_mixin.py:115} INFO - [2022-08-29T12:48:03.818-0400] {dag.py:2429} INFO - Sync 1 DAGs
[2022-08-29T12:48:03.852-0400] {logging_mixin.py:115} INFO - [2022-08-29T12:48:03.852-0400] {dag.py:2977} INFO - Setting next_dagrun for example_sla_dag to 2022-08-29T16:46:00+00:00, run_after=2022-08-29T16:48:00+00:00
[2022-08-29T12:48:03.890-0400] {processor.py:161} INFO - Processing /home/augenz/PycharmProjects/airflow/.env_airflow/lib/python3.9/site-packages/airflow/example_dags/example_sla_dag.py took 0.556 seconds
[2022-08-29T12:48:34.771-0400] {processor.py:153} INFO - Started process (PID=1515) to work on /home/augenz/PycharmProjects/airflow/.env_airflow/lib/python3.9/site-packages/airflow/example_dags/example_sla_dag.py
[2022-08-29T12:48:34.773-0400] {processor.py:640} INFO - Processing file /home/augenz/PycharmProjects/airflow/.env_airflow/lib/python3.9/site-packages/airflow/example_dags/example_sla_dag.py for tasks to queue
[2022-08-29T12:48:34.774-0400] {logging_mixin.py:115} INFO - [2022-08-29T12:48:34.774-0400] {dagbag.py:508} INFO - Filling up the DagBag from /home/augenz/PycharmProjects/airflow/.env_airflow/lib/python3.9/site-packages/airflow/example_dags/example_sla_dag.py
[2022-08-29T12:48:34.810-0400] {processor.py:650} INFO - DAG(s) dict_keys(['example_sla_dag']) retrieved from /home/augenz/PycharmProjects/airflow/.env_airflow/lib/python3.9/site-packages/airflow/example_dags/example_sla_dag.py
[2022-08-29T12:48:35.398-0400] {logging_mixin.py:115} INFO - [2022-08-29T12:48:35.398-0400] {dag.py:2429} INFO - Sync 1 DAGs
[2022-08-29T12:48:35.440-0400] {logging_mixin.py:115} INFO - [2022-08-29T12:48:35.439-0400] {dag.py:2977} INFO - Setting next_dagrun for example_sla_dag to 2022-08-29T16:46:00+00:00, run_after=2022-08-29T16:48:00+00:00
[2022-08-29T12:48:35.488-0400] {processor.py:161} INFO - Processing /home/augenz/PycharmProjects/airflow/.env_airflow/lib/python3.9/site-packages/airflow/example_dags/example_sla_dag.py took 0.722 seconds
[2022-08-29T12:49:05.854-0400] {processor.py:153} INFO - Started process (PID=1549) to work on /home/augenz/PycharmProjects/airflow/.env_airflow/lib/python3.9/site-packages/airflow/example_dags/example_sla_dag.py
[2022-08-29T12:49:05.863-0400] {processor.py:640} INFO - Processing file /home/augenz/PycharmProjects/airflow/.env_airflow/lib/python3.9/site-packages/airflow/example_dags/example_sla_dag.py for tasks to queue
[2022-08-29T12:49:05.865-0400] {logging_mixin.py:115} INFO - [2022-08-29T12:49:05.864-0400] {dagbag.py:508} INFO - Filling up the DagBag from /home/augenz/PycharmProjects/airflow/.env_airflow/lib/python3.9/site-packages/airflow/example_dags/example_sla_dag.py
[2022-08-29T12:49:05.899-0400] {processor.py:650} INFO - DAG(s) dict_keys(['example_sla_dag']) retrieved from /home/augenz/PycharmProjects/airflow/.env_airflow/lib/python3.9/site-packages/airflow/example_dags/example_sla_dag.py
[2022-08-29T12:49:06.372-0400] {logging_mixin.py:115} INFO - [2022-08-29T12:49:06.371-0400] {dag.py:2429} INFO - Sync 1 DAGs
[2022-08-29T12:49:06.405-0400] {logging_mixin.py:115} INFO - [2022-08-29T12:49:06.405-0400] {dag.py:2977} INFO - Setting next_dagrun for example_sla_dag to 2022-08-29T16:46:00+00:00, run_after=2022-08-29T16:48:00+00:00
[2022-08-29T12:49:06.442-0400] {processor.py:161} INFO - Processing /home/augenz/PycharmProjects/airflow/.env_airflow/lib/python3.9/site-packages/airflow/example_dags/example_sla_dag.py took 0.592 seconds
[2022-08-29T12:49:36.524-0400] {processor.py:153} INFO - Started process (PID=1592) to work on /home/augenz/PycharmProjects/airflow/.env_airflow/lib/python3.9/site-packages/airflow/example_dags/example_sla_dag.py
[2022-08-29T12:49:36.597-0400] {processor.py:640} INFO - Processing file /home/augenz/PycharmProjects/airflow/.env_airflow/lib/python3.9/site-packages/airflow/example_dags/example_sla_dag.py for tasks to queue
[2022-08-29T12:49:36.598-0400] {logging_mixin.py:115} INFO - [2022-08-29T12:49:36.597-0400] {dagbag.py:508} INFO - Filling up the DagBag from /home/augenz/PycharmProjects/airflow/.env_airflow/lib/python3.9/site-packages/airflow/example_dags/example_sla_dag.py
[2022-08-29T12:49:36.640-0400] {processor.py:650} INFO - DAG(s) dict_keys(['example_sla_dag']) retrieved from /home/augenz/PycharmProjects/airflow/.env_airflow/lib/python3.9/site-packages/airflow/example_dags/example_sla_dag.py
[2022-08-29T12:49:37.392-0400] {logging_mixin.py:115} INFO - [2022-08-29T12:49:37.391-0400] {dag.py:2429} INFO - Sync 1 DAGs
[2022-08-29T12:49:37.468-0400] {logging_mixin.py:115} INFO - [2022-08-29T12:49:37.467-0400] {dag.py:2977} INFO - Setting next_dagrun for example_sla_dag to 2022-08-29T16:46:00+00:00, run_after=2022-08-29T16:48:00+00:00
[2022-08-29T12:49:37.518-0400] {processor.py:161} INFO - Processing /home/augenz/PycharmProjects/airflow/.env_airflow/lib/python3.9/site-packages/airflow/example_dags/example_sla_dag.py took 1.000 seconds
[2022-08-29T12:50:07.820-0400] {processor.py:153} INFO - Started process (PID=1626) to work on /home/augenz/PycharmProjects/airflow/.env_airflow/lib/python3.9/site-packages/airflow/example_dags/example_sla_dag.py
[2022-08-29T12:50:07.822-0400] {processor.py:640} INFO - Processing file /home/augenz/PycharmProjects/airflow/.env_airflow/lib/python3.9/site-packages/airflow/example_dags/example_sla_dag.py for tasks to queue
[2022-08-29T12:50:07.823-0400] {logging_mixin.py:115} INFO - [2022-08-29T12:50:07.822-0400] {dagbag.py:508} INFO - Filling up the DagBag from /home/augenz/PycharmProjects/airflow/.env_airflow/lib/python3.9/site-packages/airflow/example_dags/example_sla_dag.py
[2022-08-29T12:50:07.853-0400] {processor.py:650} INFO - DAG(s) dict_keys(['example_sla_dag']) retrieved from /home/augenz/PycharmProjects/airflow/.env_airflow/lib/python3.9/site-packages/airflow/example_dags/example_sla_dag.py
[2022-08-29T12:50:08.272-0400] {logging_mixin.py:115} INFO - [2022-08-29T12:50:08.272-0400] {dag.py:2429} INFO - Sync 1 DAGs
[2022-08-29T12:50:08.305-0400] {logging_mixin.py:115} INFO - [2022-08-29T12:50:08.305-0400] {dag.py:2977} INFO - Setting next_dagrun for example_sla_dag to 2022-08-29T16:48:00+00:00, run_after=2022-08-29T16:50:00+00:00
[2022-08-29T12:50:08.353-0400] {processor.py:161} INFO - Processing /home/augenz/PycharmProjects/airflow/.env_airflow/lib/python3.9/site-packages/airflow/example_dags/example_sla_dag.py took 0.538 seconds
[2022-08-29T12:50:38.938-0400] {processor.py:153} INFO - Started process (PID=1665) to work on /home/augenz/PycharmProjects/airflow/.env_airflow/lib/python3.9/site-packages/airflow/example_dags/example_sla_dag.py
[2022-08-29T12:50:38.943-0400] {processor.py:640} INFO - Processing file /home/augenz/PycharmProjects/airflow/.env_airflow/lib/python3.9/site-packages/airflow/example_dags/example_sla_dag.py for tasks to queue
[2022-08-29T12:50:38.944-0400] {logging_mixin.py:115} INFO - [2022-08-29T12:50:38.944-0400] {dagbag.py:508} INFO - Filling up the DagBag from /home/augenz/PycharmProjects/airflow/.env_airflow/lib/python3.9/site-packages/airflow/example_dags/example_sla_dag.py
[2022-08-29T12:50:38.970-0400] {processor.py:650} INFO - DAG(s) dict_keys(['example_sla_dag']) retrieved from /home/augenz/PycharmProjects/airflow/.env_airflow/lib/python3.9/site-packages/airflow/example_dags/example_sla_dag.py
[2022-08-29T12:50:39.488-0400] {logging_mixin.py:115} INFO - [2022-08-29T12:50:39.487-0400] {dag.py:2429} INFO - Sync 1 DAGs
[2022-08-29T12:50:39.526-0400] {logging_mixin.py:115} INFO - [2022-08-29T12:50:39.526-0400] {dag.py:2977} INFO - Setting next_dagrun for example_sla_dag to 2022-08-29T16:48:00+00:00, run_after=2022-08-29T16:50:00+00:00
[2022-08-29T12:50:39.587-0400] {processor.py:161} INFO - Processing /home/augenz/PycharmProjects/airflow/.env_airflow/lib/python3.9/site-packages/airflow/example_dags/example_sla_dag.py took 0.652 seconds
[2022-08-29T12:51:09.738-0400] {processor.py:153} INFO - Started process (PID=1699) to work on /home/augenz/PycharmProjects/airflow/.env_airflow/lib/python3.9/site-packages/airflow/example_dags/example_sla_dag.py
[2022-08-29T12:51:09.756-0400] {processor.py:640} INFO - Processing file /home/augenz/PycharmProjects/airflow/.env_airflow/lib/python3.9/site-packages/airflow/example_dags/example_sla_dag.py for tasks to queue
[2022-08-29T12:51:09.757-0400] {logging_mixin.py:115} INFO - [2022-08-29T12:51:09.757-0400] {dagbag.py:508} INFO - Filling up the DagBag from /home/augenz/PycharmProjects/airflow/.env_airflow/lib/python3.9/site-packages/airflow/example_dags/example_sla_dag.py
[2022-08-29T12:51:09.787-0400] {processor.py:650} INFO - DAG(s) dict_keys(['example_sla_dag']) retrieved from /home/augenz/PycharmProjects/airflow/.env_airflow/lib/python3.9/site-packages/airflow/example_dags/example_sla_dag.py
[2022-08-29T12:51:10.225-0400] {logging_mixin.py:115} INFO - [2022-08-29T12:51:10.225-0400] {dag.py:2429} INFO - Sync 1 DAGs
[2022-08-29T12:51:10.259-0400] {logging_mixin.py:115} INFO - [2022-08-29T12:51:10.259-0400] {dag.py:2977} INFO - Setting next_dagrun for example_sla_dag to 2022-08-29T16:48:00+00:00, run_after=2022-08-29T16:50:00+00:00
[2022-08-29T12:51:10.323-0400] {processor.py:161} INFO - Processing /home/augenz/PycharmProjects/airflow/.env_airflow/lib/python3.9/site-packages/airflow/example_dags/example_sla_dag.py took 0.590 seconds
[2022-08-29T12:51:40.877-0400] {processor.py:153} INFO - Started process (PID=1737) to work on /home/augenz/PycharmProjects/airflow/.env_airflow/lib/python3.9/site-packages/airflow/example_dags/example_sla_dag.py
[2022-08-29T12:51:40.895-0400] {processor.py:640} INFO - Processing file /home/augenz/PycharmProjects/airflow/.env_airflow/lib/python3.9/site-packages/airflow/example_dags/example_sla_dag.py for tasks to queue
[2022-08-29T12:51:40.896-0400] {logging_mixin.py:115} INFO - [2022-08-29T12:51:40.896-0400] {dagbag.py:508} INFO - Filling up the DagBag from /home/augenz/PycharmProjects/airflow/.env_airflow/lib/python3.9/site-packages/airflow/example_dags/example_sla_dag.py
[2022-08-29T12:51:40.928-0400] {processor.py:650} INFO - DAG(s) dict_keys(['example_sla_dag']) retrieved from /home/augenz/PycharmProjects/airflow/.env_airflow/lib/python3.9/site-packages/airflow/example_dags/example_sla_dag.py
[2022-08-29T12:51:41.355-0400] {logging_mixin.py:115} INFO - [2022-08-29T12:51:41.355-0400] {dag.py:2429} INFO - Sync 1 DAGs
[2022-08-29T12:51:41.389-0400] {logging_mixin.py:115} INFO - [2022-08-29T12:51:41.388-0400] {dag.py:2977} INFO - Setting next_dagrun for example_sla_dag to 2022-08-29T16:48:00+00:00, run_after=2022-08-29T16:50:00+00:00
[2022-08-29T12:51:41.453-0400] {processor.py:161} INFO - Processing /home/augenz/PycharmProjects/airflow/.env_airflow/lib/python3.9/site-packages/airflow/example_dags/example_sla_dag.py took 0.581 seconds
[2022-08-29T12:52:11.917-0400] {processor.py:153} INFO - Started process (PID=1771) to work on /home/augenz/PycharmProjects/airflow/.env_airflow/lib/python3.9/site-packages/airflow/example_dags/example_sla_dag.py
[2022-08-29T12:52:11.921-0400] {processor.py:640} INFO - Processing file /home/augenz/PycharmProjects/airflow/.env_airflow/lib/python3.9/site-packages/airflow/example_dags/example_sla_dag.py for tasks to queue
[2022-08-29T12:52:11.922-0400] {logging_mixin.py:115} INFO - [2022-08-29T12:52:11.922-0400] {dagbag.py:508} INFO - Filling up the DagBag from /home/augenz/PycharmProjects/airflow/.env_airflow/lib/python3.9/site-packages/airflow/example_dags/example_sla_dag.py
[2022-08-29T12:52:11.951-0400] {processor.py:650} INFO - DAG(s) dict_keys(['example_sla_dag']) retrieved from /home/augenz/PycharmProjects/airflow/.env_airflow/lib/python3.9/site-packages/airflow/example_dags/example_sla_dag.py
[2022-08-29T12:52:12.380-0400] {logging_mixin.py:115} INFO - [2022-08-29T12:52:12.379-0400] {dag.py:2429} INFO - Sync 1 DAGs
[2022-08-29T12:52:12.413-0400] {logging_mixin.py:115} INFO - [2022-08-29T12:52:12.413-0400] {dag.py:2977} INFO - Setting next_dagrun for example_sla_dag to 2022-08-29T16:50:00+00:00, run_after=2022-08-29T16:52:00+00:00
[2022-08-29T12:52:12.466-0400] {processor.py:161} INFO - Processing /home/augenz/PycharmProjects/airflow/.env_airflow/lib/python3.9/site-packages/airflow/example_dags/example_sla_dag.py took 0.554 seconds
[2022-08-29T12:52:42.625-0400] {processor.py:153} INFO - Started process (PID=1805) to work on /home/augenz/PycharmProjects/airflow/.env_airflow/lib/python3.9/site-packages/airflow/example_dags/example_sla_dag.py
[2022-08-29T12:52:42.630-0400] {processor.py:640} INFO - Processing file /home/augenz/PycharmProjects/airflow/.env_airflow/lib/python3.9/site-packages/airflow/example_dags/example_sla_dag.py for tasks to queue
[2022-08-29T12:52:42.632-0400] {logging_mixin.py:115} INFO - [2022-08-29T12:52:42.632-0400] {dagbag.py:508} INFO - Filling up the DagBag from /home/augenz/PycharmProjects/airflow/.env_airflow/lib/python3.9/site-packages/airflow/example_dags/example_sla_dag.py
[2022-08-29T12:52:42.660-0400] {processor.py:650} INFO - DAG(s) dict_keys(['example_sla_dag']) retrieved from /home/augenz/PycharmProjects/airflow/.env_airflow/lib/python3.9/site-packages/airflow/example_dags/example_sla_dag.py
[2022-08-29T12:52:43.082-0400] {logging_mixin.py:115} INFO - [2022-08-29T12:52:43.081-0400] {dag.py:2429} INFO - Sync 1 DAGs
[2022-08-29T12:52:43.114-0400] {logging_mixin.py:115} INFO - [2022-08-29T12:52:43.114-0400] {dag.py:2977} INFO - Setting next_dagrun for example_sla_dag to 2022-08-29T16:50:00+00:00, run_after=2022-08-29T16:52:00+00:00
[2022-08-29T12:52:43.171-0400] {processor.py:161} INFO - Processing /home/augenz/PycharmProjects/airflow/.env_airflow/lib/python3.9/site-packages/airflow/example_dags/example_sla_dag.py took 0.550 seconds
[2022-08-29T12:53:13.569-0400] {processor.py:153} INFO - Started process (PID=1842) to work on /home/augenz/PycharmProjects/airflow/.env_airflow/lib/python3.9/site-packages/airflow/example_dags/example_sla_dag.py
[2022-08-29T12:53:13.574-0400] {processor.py:640} INFO - Processing file /home/augenz/PycharmProjects/airflow/.env_airflow/lib/python3.9/site-packages/airflow/example_dags/example_sla_dag.py for tasks to queue
[2022-08-29T12:53:13.575-0400] {logging_mixin.py:115} INFO - [2022-08-29T12:53:13.575-0400] {dagbag.py:508} INFO - Filling up the DagBag from /home/augenz/PycharmProjects/airflow/.env_airflow/lib/python3.9/site-packages/airflow/example_dags/example_sla_dag.py
[2022-08-29T12:53:13.604-0400] {processor.py:650} INFO - DAG(s) dict_keys(['example_sla_dag']) retrieved from /home/augenz/PycharmProjects/airflow/.env_airflow/lib/python3.9/site-packages/airflow/example_dags/example_sla_dag.py
[2022-08-29T12:53:14.046-0400] {logging_mixin.py:115} INFO - [2022-08-29T12:53:14.045-0400] {dag.py:2429} INFO - Sync 1 DAGs
[2022-08-29T12:53:14.079-0400] {logging_mixin.py:115} INFO - [2022-08-29T12:53:14.079-0400] {dag.py:2977} INFO - Setting next_dagrun for example_sla_dag to 2022-08-29T16:50:00+00:00, run_after=2022-08-29T16:52:00+00:00
[2022-08-29T12:53:14.127-0400] {processor.py:161} INFO - Processing /home/augenz/PycharmProjects/airflow/.env_airflow/lib/python3.9/site-packages/airflow/example_dags/example_sla_dag.py took 0.562 seconds
[2022-08-29T12:53:45.008-0400] {processor.py:153} INFO - Started process (PID=1883) to work on /home/augenz/PycharmProjects/airflow/.env_airflow/lib/python3.9/site-packages/airflow/example_dags/example_sla_dag.py
[2022-08-29T12:53:45.017-0400] {processor.py:640} INFO - Processing file /home/augenz/PycharmProjects/airflow/.env_airflow/lib/python3.9/site-packages/airflow/example_dags/example_sla_dag.py for tasks to queue
[2022-08-29T12:53:45.018-0400] {logging_mixin.py:115} INFO - [2022-08-29T12:53:45.018-0400] {dagbag.py:508} INFO - Filling up the DagBag from /home/augenz/PycharmProjects/airflow/.env_airflow/lib/python3.9/site-packages/airflow/example_dags/example_sla_dag.py
[2022-08-29T12:53:45.077-0400] {processor.py:650} INFO - DAG(s) dict_keys(['example_sla_dag']) retrieved from /home/augenz/PycharmProjects/airflow/.env_airflow/lib/python3.9/site-packages/airflow/example_dags/example_sla_dag.py
[2022-08-29T12:53:45.982-0400] {logging_mixin.py:115} INFO - [2022-08-29T12:53:45.981-0400] {dag.py:2429} INFO - Sync 1 DAGs
[2022-08-29T12:53:46.019-0400] {logging_mixin.py:115} INFO - [2022-08-29T12:53:46.018-0400] {dag.py:2977} INFO - Setting next_dagrun for example_sla_dag to 2022-08-29T16:50:00+00:00, run_after=2022-08-29T16:52:00+00:00
[2022-08-29T12:53:46.083-0400] {processor.py:161} INFO - Processing /home/augenz/PycharmProjects/airflow/.env_airflow/lib/python3.9/site-packages/airflow/example_dags/example_sla_dag.py took 1.081 seconds
