[2022-08-29T12:33:16.957-0400] {processor.py:153} INFO - Started process (PID=383) to work on /home/augenz/PycharmProjects/airflow/.env_airflow/lib/python3.9/site-packages/airflow/example_dags/example_skip_dag.py
[2022-08-29T12:33:16.958-0400] {processor.py:640} INFO - Processing file /home/augenz/PycharmProjects/airflow/.env_airflow/lib/python3.9/site-packages/airflow/example_dags/example_skip_dag.py for tasks to queue
[2022-08-29T12:33:16.959-0400] {logging_mixin.py:115} INFO - [2022-08-29T12:33:16.959-0400] {dagbag.py:508} INFO - Filling up the DagBag from /home/augenz/PycharmProjects/airflow/.env_airflow/lib/python3.9/site-packages/airflow/example_dags/example_skip_dag.py
[2022-08-29T12:33:16.966-0400] {processor.py:650} INFO - DAG(s) dict_keys(['example_skip_dag']) retrieved from /home/augenz/PycharmProjects/airflow/.env_airflow/lib/python3.9/site-packages/airflow/example_dags/example_skip_dag.py
[2022-08-29T12:33:17.124-0400] {logging_mixin.py:115} INFO - [2022-08-29T12:33:17.124-0400] {manager.py:508} INFO - Created Permission View: can delete on DAG:example_skip_dag
[2022-08-29T12:33:17.158-0400] {logging_mixin.py:115} INFO - [2022-08-29T12:33:17.157-0400] {manager.py:508} INFO - Created Permission View: can read on DAG:example_skip_dag
[2022-08-29T12:33:17.190-0400] {logging_mixin.py:115} INFO - [2022-08-29T12:33:17.190-0400] {manager.py:508} INFO - Created Permission View: can edit on DAG:example_skip_dag
[2022-08-29T12:33:17.191-0400] {logging_mixin.py:115} INFO - [2022-08-29T12:33:17.191-0400] {dag.py:2429} INFO - Sync 1 DAGs
[2022-08-29T12:33:17.203-0400] {logging_mixin.py:115} INFO - [2022-08-29T12:33:17.203-0400] {dag.py:2448} INFO - Creating ORM DAG for example_skip_dag
[2022-08-29T12:33:17.221-0400] {logging_mixin.py:115} INFO - [2022-08-29T12:33:17.221-0400] {dag.py:2977} INFO - Setting next_dagrun for example_skip_dag to 2022-08-28T16:33:17.220792+00:00, run_after=2022-08-29T16:33:17.220792+00:00
[2022-08-29T12:33:17.264-0400] {processor.py:161} INFO - Processing /home/augenz/PycharmProjects/airflow/.env_airflow/lib/python3.9/site-packages/airflow/example_dags/example_skip_dag.py took 0.314 seconds
[2022-08-29T12:33:47.457-0400] {processor.py:153} INFO - Started process (PID=423) to work on /home/augenz/PycharmProjects/airflow/.env_airflow/lib/python3.9/site-packages/airflow/example_dags/example_skip_dag.py
[2022-08-29T12:33:47.460-0400] {processor.py:640} INFO - Processing file /home/augenz/PycharmProjects/airflow/.env_airflow/lib/python3.9/site-packages/airflow/example_dags/example_skip_dag.py for tasks to queue
[2022-08-29T12:33:47.461-0400] {logging_mixin.py:115} INFO - [2022-08-29T12:33:47.461-0400] {dagbag.py:508} INFO - Filling up the DagBag from /home/augenz/PycharmProjects/airflow/.env_airflow/lib/python3.9/site-packages/airflow/example_dags/example_skip_dag.py
[2022-08-29T12:33:47.470-0400] {processor.py:650} INFO - DAG(s) dict_keys(['example_skip_dag']) retrieved from /home/augenz/PycharmProjects/airflow/.env_airflow/lib/python3.9/site-packages/airflow/example_dags/example_skip_dag.py
[2022-08-29T12:33:47.515-0400] {logging_mixin.py:115} INFO - [2022-08-29T12:33:47.515-0400] {dag.py:2429} INFO - Sync 1 DAGs
[2022-08-29T12:33:47.547-0400] {logging_mixin.py:115} INFO - [2022-08-29T12:33:47.546-0400] {dag.py:2977} INFO - Setting next_dagrun for example_skip_dag to 2022-08-28T16:33:47.546497+00:00, run_after=2022-08-29T16:33:47.546497+00:00
[2022-08-29T12:33:47.595-0400] {processor.py:161} INFO - Processing /home/augenz/PycharmProjects/airflow/.env_airflow/lib/python3.9/site-packages/airflow/example_dags/example_skip_dag.py took 0.142 seconds
[2022-08-29T12:34:18.154-0400] {processor.py:153} INFO - Started process (PID=458) to work on /home/augenz/PycharmProjects/airflow/.env_airflow/lib/python3.9/site-packages/airflow/example_dags/example_skip_dag.py
[2022-08-29T12:34:18.158-0400] {processor.py:640} INFO - Processing file /home/augenz/PycharmProjects/airflow/.env_airflow/lib/python3.9/site-packages/airflow/example_dags/example_skip_dag.py for tasks to queue
[2022-08-29T12:34:18.160-0400] {logging_mixin.py:115} INFO - [2022-08-29T12:34:18.159-0400] {dagbag.py:508} INFO - Filling up the DagBag from /home/augenz/PycharmProjects/airflow/.env_airflow/lib/python3.9/site-packages/airflow/example_dags/example_skip_dag.py
[2022-08-29T12:34:18.169-0400] {processor.py:650} INFO - DAG(s) dict_keys(['example_skip_dag']) retrieved from /home/augenz/PycharmProjects/airflow/.env_airflow/lib/python3.9/site-packages/airflow/example_dags/example_skip_dag.py
[2022-08-29T12:34:18.225-0400] {logging_mixin.py:115} INFO - [2022-08-29T12:34:18.225-0400] {dag.py:2429} INFO - Sync 1 DAGs
[2022-08-29T12:34:18.267-0400] {logging_mixin.py:115} INFO - [2022-08-29T12:34:18.267-0400] {dag.py:2977} INFO - Setting next_dagrun for example_skip_dag to 2022-08-28T16:34:18.266790+00:00, run_after=2022-08-29T16:34:18.266790+00:00
[2022-08-29T12:34:18.308-0400] {processor.py:161} INFO - Processing /home/augenz/PycharmProjects/airflow/.env_airflow/lib/python3.9/site-packages/airflow/example_dags/example_skip_dag.py took 0.158 seconds
[2022-08-29T12:34:48.846-0400] {processor.py:153} INFO - Started process (PID=493) to work on /home/augenz/PycharmProjects/airflow/.env_airflow/lib/python3.9/site-packages/airflow/example_dags/example_skip_dag.py
[2022-08-29T12:34:48.851-0400] {processor.py:640} INFO - Processing file /home/augenz/PycharmProjects/airflow/.env_airflow/lib/python3.9/site-packages/airflow/example_dags/example_skip_dag.py for tasks to queue
[2022-08-29T12:34:48.853-0400] {logging_mixin.py:115} INFO - [2022-08-29T12:34:48.852-0400] {dagbag.py:508} INFO - Filling up the DagBag from /home/augenz/PycharmProjects/airflow/.env_airflow/lib/python3.9/site-packages/airflow/example_dags/example_skip_dag.py
[2022-08-29T12:34:48.867-0400] {processor.py:650} INFO - DAG(s) dict_keys(['example_skip_dag']) retrieved from /home/augenz/PycharmProjects/airflow/.env_airflow/lib/python3.9/site-packages/airflow/example_dags/example_skip_dag.py
[2022-08-29T12:34:48.938-0400] {logging_mixin.py:115} INFO - [2022-08-29T12:34:48.938-0400] {dag.py:2429} INFO - Sync 1 DAGs
[2022-08-29T12:34:48.993-0400] {logging_mixin.py:115} INFO - [2022-08-29T12:34:48.993-0400] {dag.py:2977} INFO - Setting next_dagrun for example_skip_dag to 2022-08-28T16:34:48.992315+00:00, run_after=2022-08-29T16:34:48.992315+00:00
[2022-08-29T12:34:49.052-0400] {processor.py:161} INFO - Processing /home/augenz/PycharmProjects/airflow/.env_airflow/lib/python3.9/site-packages/airflow/example_dags/example_skip_dag.py took 0.211 seconds
[2022-08-29T12:35:19.427-0400] {processor.py:153} INFO - Started process (PID=550) to work on /home/augenz/PycharmProjects/airflow/.env_airflow/lib/python3.9/site-packages/airflow/example_dags/example_skip_dag.py
[2022-08-29T12:35:19.445-0400] {processor.py:640} INFO - Processing file /home/augenz/PycharmProjects/airflow/.env_airflow/lib/python3.9/site-packages/airflow/example_dags/example_skip_dag.py for tasks to queue
[2022-08-29T12:35:19.446-0400] {logging_mixin.py:115} INFO - [2022-08-29T12:35:19.446-0400] {dagbag.py:508} INFO - Filling up the DagBag from /home/augenz/PycharmProjects/airflow/.env_airflow/lib/python3.9/site-packages/airflow/example_dags/example_skip_dag.py
[2022-08-29T12:35:19.454-0400] {processor.py:650} INFO - DAG(s) dict_keys(['example_skip_dag']) retrieved from /home/augenz/PycharmProjects/airflow/.env_airflow/lib/python3.9/site-packages/airflow/example_dags/example_skip_dag.py
[2022-08-29T12:35:19.498-0400] {logging_mixin.py:115} INFO - [2022-08-29T12:35:19.498-0400] {dag.py:2429} INFO - Sync 1 DAGs
[2022-08-29T12:35:19.533-0400] {logging_mixin.py:115} INFO - [2022-08-29T12:35:19.532-0400] {dag.py:2977} INFO - Setting next_dagrun for example_skip_dag to 2022-08-28T16:35:19.532601+00:00, run_after=2022-08-29T16:35:19.532601+00:00
[2022-08-29T12:35:19.575-0400] {processor.py:161} INFO - Processing /home/augenz/PycharmProjects/airflow/.env_airflow/lib/python3.9/site-packages/airflow/example_dags/example_skip_dag.py took 0.152 seconds
[2022-08-29T12:35:52.350-0400] {processor.py:153} INFO - Started process (PID=593) to work on /home/augenz/PycharmProjects/airflow/.env_airflow/lib/python3.9/site-packages/airflow/example_dags/example_skip_dag.py
[2022-08-29T12:35:52.353-0400] {processor.py:640} INFO - Processing file /home/augenz/PycharmProjects/airflow/.env_airflow/lib/python3.9/site-packages/airflow/example_dags/example_skip_dag.py for tasks to queue
[2022-08-29T12:35:52.354-0400] {logging_mixin.py:115} INFO - [2022-08-29T12:35:52.353-0400] {dagbag.py:508} INFO - Filling up the DagBag from /home/augenz/PycharmProjects/airflow/.env_airflow/lib/python3.9/site-packages/airflow/example_dags/example_skip_dag.py
[2022-08-29T12:35:52.360-0400] {processor.py:650} INFO - DAG(s) dict_keys(['example_skip_dag']) retrieved from /home/augenz/PycharmProjects/airflow/.env_airflow/lib/python3.9/site-packages/airflow/example_dags/example_skip_dag.py
[2022-08-29T12:35:52.873-0400] {logging_mixin.py:115} INFO - [2022-08-29T12:35:52.872-0400] {dag.py:2429} INFO - Sync 1 DAGs
[2022-08-29T12:35:52.903-0400] {logging_mixin.py:115} INFO - [2022-08-29T12:35:52.903-0400] {dag.py:2977} INFO - Setting next_dagrun for example_skip_dag to 2022-08-28T16:35:52.902712+00:00, run_after=2022-08-29T16:35:52.902712+00:00
[2022-08-29T12:35:52.945-0400] {processor.py:161} INFO - Processing /home/augenz/PycharmProjects/airflow/.env_airflow/lib/python3.9/site-packages/airflow/example_dags/example_skip_dag.py took 0.599 seconds
[2022-08-29T12:36:23.397-0400] {processor.py:153} INFO - Started process (PID=627) to work on /home/augenz/PycharmProjects/airflow/.env_airflow/lib/python3.9/site-packages/airflow/example_dags/example_skip_dag.py
[2022-08-29T12:36:23.420-0400] {processor.py:640} INFO - Processing file /home/augenz/PycharmProjects/airflow/.env_airflow/lib/python3.9/site-packages/airflow/example_dags/example_skip_dag.py for tasks to queue
[2022-08-29T12:36:23.421-0400] {logging_mixin.py:115} INFO - [2022-08-29T12:36:23.421-0400] {dagbag.py:508} INFO - Filling up the DagBag from /home/augenz/PycharmProjects/airflow/.env_airflow/lib/python3.9/site-packages/airflow/example_dags/example_skip_dag.py
[2022-08-29T12:36:23.428-0400] {processor.py:650} INFO - DAG(s) dict_keys(['example_skip_dag']) retrieved from /home/augenz/PycharmProjects/airflow/.env_airflow/lib/python3.9/site-packages/airflow/example_dags/example_skip_dag.py
[2022-08-29T12:36:23.900-0400] {logging_mixin.py:115} INFO - [2022-08-29T12:36:23.900-0400] {dag.py:2429} INFO - Sync 1 DAGs
[2022-08-29T12:36:23.927-0400] {logging_mixin.py:115} INFO - [2022-08-29T12:36:23.927-0400] {dag.py:2977} INFO - Setting next_dagrun for example_skip_dag to 2022-08-28T16:36:23.926796+00:00, run_after=2022-08-29T16:36:23.926796+00:00
[2022-08-29T12:36:23.967-0400] {processor.py:161} INFO - Processing /home/augenz/PycharmProjects/airflow/.env_airflow/lib/python3.9/site-packages/airflow/example_dags/example_skip_dag.py took 0.573 seconds
[2022-08-29T12:36:57.151-0400] {processor.py:153} INFO - Started process (PID=679) to work on /home/augenz/PycharmProjects/airflow/.env_airflow/lib/python3.9/site-packages/airflow/example_dags/example_skip_dag.py
[2022-08-29T12:36:57.155-0400] {processor.py:640} INFO - Processing file /home/augenz/PycharmProjects/airflow/.env_airflow/lib/python3.9/site-packages/airflow/example_dags/example_skip_dag.py for tasks to queue
[2022-08-29T12:36:57.157-0400] {logging_mixin.py:115} INFO - [2022-08-29T12:36:57.156-0400] {dagbag.py:508} INFO - Filling up the DagBag from /home/augenz/PycharmProjects/airflow/.env_airflow/lib/python3.9/site-packages/airflow/example_dags/example_skip_dag.py
[2022-08-29T12:36:57.184-0400] {processor.py:650} INFO - DAG(s) dict_keys(['example_skip_dag']) retrieved from /home/augenz/PycharmProjects/airflow/.env_airflow/lib/python3.9/site-packages/airflow/example_dags/example_skip_dag.py
[2022-08-29T12:36:58.381-0400] {logging_mixin.py:115} INFO - [2022-08-29T12:36:58.380-0400] {dag.py:2429} INFO - Sync 1 DAGs
[2022-08-29T12:36:58.482-0400] {logging_mixin.py:115} INFO - [2022-08-29T12:36:58.481-0400] {dag.py:2977} INFO - Setting next_dagrun for example_skip_dag to 2022-08-28T16:36:58.480855+00:00, run_after=2022-08-29T16:36:58.480855+00:00
[2022-08-29T12:36:58.551-0400] {processor.py:161} INFO - Processing /home/augenz/PycharmProjects/airflow/.env_airflow/lib/python3.9/site-packages/airflow/example_dags/example_skip_dag.py took 1.446 seconds
[2022-08-29T12:37:34.381-0400] {processor.py:153} INFO - Started process (PID=721) to work on /home/augenz/PycharmProjects/airflow/.env_airflow/lib/python3.9/site-packages/airflow/example_dags/example_skip_dag.py
[2022-08-29T12:37:34.383-0400] {processor.py:640} INFO - Processing file /home/augenz/PycharmProjects/airflow/.env_airflow/lib/python3.9/site-packages/airflow/example_dags/example_skip_dag.py for tasks to queue
[2022-08-29T12:37:34.392-0400] {logging_mixin.py:115} INFO - [2022-08-29T12:37:34.385-0400] {dagbag.py:508} INFO - Filling up the DagBag from /home/augenz/PycharmProjects/airflow/.env_airflow/lib/python3.9/site-packages/airflow/example_dags/example_skip_dag.py
[2022-08-29T12:37:34.438-0400] {processor.py:650} INFO - DAG(s) dict_keys(['example_skip_dag']) retrieved from /home/augenz/PycharmProjects/airflow/.env_airflow/lib/python3.9/site-packages/airflow/example_dags/example_skip_dag.py
[2022-08-29T12:37:35.925-0400] {logging_mixin.py:115} INFO - [2022-08-29T12:37:35.924-0400] {dag.py:2429} INFO - Sync 1 DAGs
[2022-08-29T12:37:35.985-0400] {logging_mixin.py:115} INFO - [2022-08-29T12:37:35.984-0400] {dag.py:2977} INFO - Setting next_dagrun for example_skip_dag to 2022-08-28T16:37:35.984159+00:00, run_after=2022-08-29T16:37:35.984159+00:00
[2022-08-29T12:37:36.072-0400] {processor.py:161} INFO - Processing /home/augenz/PycharmProjects/airflow/.env_airflow/lib/python3.9/site-packages/airflow/example_dags/example_skip_dag.py took 1.721 seconds
[2022-08-29T12:38:06.472-0400] {processor.py:153} INFO - Started process (PID=779) to work on /home/augenz/PycharmProjects/airflow/.env_airflow/lib/python3.9/site-packages/airflow/example_dags/example_skip_dag.py
[2022-08-29T12:38:06.487-0400] {processor.py:640} INFO - Processing file /home/augenz/PycharmProjects/airflow/.env_airflow/lib/python3.9/site-packages/airflow/example_dags/example_skip_dag.py for tasks to queue
[2022-08-29T12:38:06.489-0400] {logging_mixin.py:115} INFO - [2022-08-29T12:38:06.488-0400] {dagbag.py:508} INFO - Filling up the DagBag from /home/augenz/PycharmProjects/airflow/.env_airflow/lib/python3.9/site-packages/airflow/example_dags/example_skip_dag.py
[2022-08-29T12:38:06.508-0400] {processor.py:650} INFO - DAG(s) dict_keys(['example_skip_dag']) retrieved from /home/augenz/PycharmProjects/airflow/.env_airflow/lib/python3.9/site-packages/airflow/example_dags/example_skip_dag.py
[2022-08-29T12:38:07.514-0400] {logging_mixin.py:115} INFO - [2022-08-29T12:38:07.507-0400] {dag.py:2429} INFO - Sync 1 DAGs
[2022-08-29T12:38:07.601-0400] {logging_mixin.py:115} INFO - [2022-08-29T12:38:07.601-0400] {dag.py:2977} INFO - Setting next_dagrun for example_skip_dag to 2022-08-28T16:38:07.600802+00:00, run_after=2022-08-29T16:38:07.600802+00:00
[2022-08-29T12:38:07.658-0400] {processor.py:161} INFO - Processing /home/augenz/PycharmProjects/airflow/.env_airflow/lib/python3.9/site-packages/airflow/example_dags/example_skip_dag.py took 1.198 seconds
[2022-08-29T12:38:37.703-0400] {processor.py:153} INFO - Started process (PID=817) to work on /home/augenz/PycharmProjects/airflow/.env_airflow/lib/python3.9/site-packages/airflow/example_dags/example_skip_dag.py
[2022-08-29T12:38:37.710-0400] {processor.py:640} INFO - Processing file /home/augenz/PycharmProjects/airflow/.env_airflow/lib/python3.9/site-packages/airflow/example_dags/example_skip_dag.py for tasks to queue
[2022-08-29T12:38:37.711-0400] {logging_mixin.py:115} INFO - [2022-08-29T12:38:37.711-0400] {dagbag.py:508} INFO - Filling up the DagBag from /home/augenz/PycharmProjects/airflow/.env_airflow/lib/python3.9/site-packages/airflow/example_dags/example_skip_dag.py
[2022-08-29T12:38:37.719-0400] {processor.py:650} INFO - DAG(s) dict_keys(['example_skip_dag']) retrieved from /home/augenz/PycharmProjects/airflow/.env_airflow/lib/python3.9/site-packages/airflow/example_dags/example_skip_dag.py
[2022-08-29T12:38:38.218-0400] {logging_mixin.py:115} INFO - [2022-08-29T12:38:38.217-0400] {dag.py:2429} INFO - Sync 1 DAGs
[2022-08-29T12:38:38.279-0400] {logging_mixin.py:115} INFO - [2022-08-29T12:38:38.279-0400] {dag.py:2977} INFO - Setting next_dagrun for example_skip_dag to 2022-08-28T16:38:38.278840+00:00, run_after=2022-08-29T16:38:38.278840+00:00
[2022-08-29T12:38:38.327-0400] {processor.py:161} INFO - Processing /home/augenz/PycharmProjects/airflow/.env_airflow/lib/python3.9/site-packages/airflow/example_dags/example_skip_dag.py took 0.629 seconds
[2022-08-29T12:39:08.895-0400] {processor.py:153} INFO - Started process (PID=852) to work on /home/augenz/PycharmProjects/airflow/.env_airflow/lib/python3.9/site-packages/airflow/example_dags/example_skip_dag.py
[2022-08-29T12:39:08.898-0400] {processor.py:640} INFO - Processing file /home/augenz/PycharmProjects/airflow/.env_airflow/lib/python3.9/site-packages/airflow/example_dags/example_skip_dag.py for tasks to queue
[2022-08-29T12:39:08.899-0400] {logging_mixin.py:115} INFO - [2022-08-29T12:39:08.899-0400] {dagbag.py:508} INFO - Filling up the DagBag from /home/augenz/PycharmProjects/airflow/.env_airflow/lib/python3.9/site-packages/airflow/example_dags/example_skip_dag.py
[2022-08-29T12:39:08.906-0400] {processor.py:650} INFO - DAG(s) dict_keys(['example_skip_dag']) retrieved from /home/augenz/PycharmProjects/airflow/.env_airflow/lib/python3.9/site-packages/airflow/example_dags/example_skip_dag.py
[2022-08-29T12:39:09.353-0400] {logging_mixin.py:115} INFO - [2022-08-29T12:39:09.352-0400] {dag.py:2429} INFO - Sync 1 DAGs
[2022-08-29T12:39:09.382-0400] {logging_mixin.py:115} INFO - [2022-08-29T12:39:09.382-0400] {dag.py:2977} INFO - Setting next_dagrun for example_skip_dag to 2022-08-28T16:39:09.382363+00:00, run_after=2022-08-29T16:39:09.382363+00:00
[2022-08-29T12:39:09.420-0400] {processor.py:161} INFO - Processing /home/augenz/PycharmProjects/airflow/.env_airflow/lib/python3.9/site-packages/airflow/example_dags/example_skip_dag.py took 0.529 seconds
[2022-08-29T12:39:39.828-0400] {processor.py:153} INFO - Started process (PID=886) to work on /home/augenz/PycharmProjects/airflow/.env_airflow/lib/python3.9/site-packages/airflow/example_dags/example_skip_dag.py
[2022-08-29T12:39:39.838-0400] {processor.py:640} INFO - Processing file /home/augenz/PycharmProjects/airflow/.env_airflow/lib/python3.9/site-packages/airflow/example_dags/example_skip_dag.py for tasks to queue
[2022-08-29T12:39:39.839-0400] {logging_mixin.py:115} INFO - [2022-08-29T12:39:39.839-0400] {dagbag.py:508} INFO - Filling up the DagBag from /home/augenz/PycharmProjects/airflow/.env_airflow/lib/python3.9/site-packages/airflow/example_dags/example_skip_dag.py
[2022-08-29T12:39:39.846-0400] {processor.py:650} INFO - DAG(s) dict_keys(['example_skip_dag']) retrieved from /home/augenz/PycharmProjects/airflow/.env_airflow/lib/python3.9/site-packages/airflow/example_dags/example_skip_dag.py
[2022-08-29T12:39:40.268-0400] {logging_mixin.py:115} INFO - [2022-08-29T12:39:40.268-0400] {dag.py:2429} INFO - Sync 1 DAGs
[2022-08-29T12:39:40.294-0400] {logging_mixin.py:115} INFO - [2022-08-29T12:39:40.294-0400] {dag.py:2977} INFO - Setting next_dagrun for example_skip_dag to 2022-08-28T16:39:40.294437+00:00, run_after=2022-08-29T16:39:40.294437+00:00
[2022-08-29T12:39:40.344-0400] {processor.py:161} INFO - Processing /home/augenz/PycharmProjects/airflow/.env_airflow/lib/python3.9/site-packages/airflow/example_dags/example_skip_dag.py took 0.521 seconds
[2022-08-29T12:40:11.155-0400] {processor.py:153} INFO - Started process (PID=926) to work on /home/augenz/PycharmProjects/airflow/.env_airflow/lib/python3.9/site-packages/airflow/example_dags/example_skip_dag.py
[2022-08-29T12:40:11.159-0400] {processor.py:640} INFO - Processing file /home/augenz/PycharmProjects/airflow/.env_airflow/lib/python3.9/site-packages/airflow/example_dags/example_skip_dag.py for tasks to queue
[2022-08-29T12:40:11.160-0400] {logging_mixin.py:115} INFO - [2022-08-29T12:40:11.160-0400] {dagbag.py:508} INFO - Filling up the DagBag from /home/augenz/PycharmProjects/airflow/.env_airflow/lib/python3.9/site-packages/airflow/example_dags/example_skip_dag.py
[2022-08-29T12:40:11.172-0400] {processor.py:650} INFO - DAG(s) dict_keys(['example_skip_dag']) retrieved from /home/augenz/PycharmProjects/airflow/.env_airflow/lib/python3.9/site-packages/airflow/example_dags/example_skip_dag.py
[2022-08-29T12:40:11.718-0400] {logging_mixin.py:115} INFO - [2022-08-29T12:40:11.718-0400] {dag.py:2429} INFO - Sync 1 DAGs
[2022-08-29T12:40:11.749-0400] {logging_mixin.py:115} INFO - [2022-08-29T12:40:11.748-0400] {dag.py:2977} INFO - Setting next_dagrun for example_skip_dag to 2022-08-28T16:40:11.748707+00:00, run_after=2022-08-29T16:40:11.748707+00:00
[2022-08-29T12:40:11.787-0400] {processor.py:161} INFO - Processing /home/augenz/PycharmProjects/airflow/.env_airflow/lib/python3.9/site-packages/airflow/example_dags/example_skip_dag.py took 0.638 seconds
[2022-08-29T12:40:42.090-0400] {processor.py:153} INFO - Started process (PID=960) to work on /home/augenz/PycharmProjects/airflow/.env_airflow/lib/python3.9/site-packages/airflow/example_dags/example_skip_dag.py
[2022-08-29T12:40:42.093-0400] {processor.py:640} INFO - Processing file /home/augenz/PycharmProjects/airflow/.env_airflow/lib/python3.9/site-packages/airflow/example_dags/example_skip_dag.py for tasks to queue
[2022-08-29T12:40:42.094-0400] {logging_mixin.py:115} INFO - [2022-08-29T12:40:42.094-0400] {dagbag.py:508} INFO - Filling up the DagBag from /home/augenz/PycharmProjects/airflow/.env_airflow/lib/python3.9/site-packages/airflow/example_dags/example_skip_dag.py
[2022-08-29T12:40:42.100-0400] {processor.py:650} INFO - DAG(s) dict_keys(['example_skip_dag']) retrieved from /home/augenz/PycharmProjects/airflow/.env_airflow/lib/python3.9/site-packages/airflow/example_dags/example_skip_dag.py
[2022-08-29T12:40:42.556-0400] {logging_mixin.py:115} INFO - [2022-08-29T12:40:42.555-0400] {dag.py:2429} INFO - Sync 1 DAGs
[2022-08-29T12:40:42.582-0400] {logging_mixin.py:115} INFO - [2022-08-29T12:40:42.582-0400] {dag.py:2977} INFO - Setting next_dagrun for example_skip_dag to 2022-08-28T16:40:42.582019+00:00, run_after=2022-08-29T16:40:42.582019+00:00
[2022-08-29T12:40:42.617-0400] {processor.py:161} INFO - Processing /home/augenz/PycharmProjects/airflow/.env_airflow/lib/python3.9/site-packages/airflow/example_dags/example_skip_dag.py took 0.532 seconds
[2022-08-29T12:41:12.696-0400] {processor.py:153} INFO - Started process (PID=994) to work on /home/augenz/PycharmProjects/airflow/.env_airflow/lib/python3.9/site-packages/airflow/example_dags/example_skip_dag.py
[2022-08-29T12:41:12.700-0400] {processor.py:640} INFO - Processing file /home/augenz/PycharmProjects/airflow/.env_airflow/lib/python3.9/site-packages/airflow/example_dags/example_skip_dag.py for tasks to queue
[2022-08-29T12:41:12.701-0400] {logging_mixin.py:115} INFO - [2022-08-29T12:41:12.701-0400] {dagbag.py:508} INFO - Filling up the DagBag from /home/augenz/PycharmProjects/airflow/.env_airflow/lib/python3.9/site-packages/airflow/example_dags/example_skip_dag.py
[2022-08-29T12:41:12.709-0400] {processor.py:650} INFO - DAG(s) dict_keys(['example_skip_dag']) retrieved from /home/augenz/PycharmProjects/airflow/.env_airflow/lib/python3.9/site-packages/airflow/example_dags/example_skip_dag.py
[2022-08-29T12:41:13.175-0400] {logging_mixin.py:115} INFO - [2022-08-29T12:41:13.174-0400] {dag.py:2429} INFO - Sync 1 DAGs
[2022-08-29T12:41:13.202-0400] {logging_mixin.py:115} INFO - [2022-08-29T12:41:13.201-0400] {dag.py:2977} INFO - Setting next_dagrun for example_skip_dag to 2022-08-28T16:41:13.201503+00:00, run_after=2022-08-29T16:41:13.201503+00:00
[2022-08-29T12:41:13.265-0400] {processor.py:161} INFO - Processing /home/augenz/PycharmProjects/airflow/.env_airflow/lib/python3.9/site-packages/airflow/example_dags/example_skip_dag.py took 0.574 seconds
[2022-08-29T12:41:43.593-0400] {processor.py:153} INFO - Started process (PID=1038) to work on /home/augenz/PycharmProjects/airflow/.env_airflow/lib/python3.9/site-packages/airflow/example_dags/example_skip_dag.py
[2022-08-29T12:41:43.596-0400] {processor.py:640} INFO - Processing file /home/augenz/PycharmProjects/airflow/.env_airflow/lib/python3.9/site-packages/airflow/example_dags/example_skip_dag.py for tasks to queue
[2022-08-29T12:41:43.598-0400] {logging_mixin.py:115} INFO - [2022-08-29T12:41:43.597-0400] {dagbag.py:508} INFO - Filling up the DagBag from /home/augenz/PycharmProjects/airflow/.env_airflow/lib/python3.9/site-packages/airflow/example_dags/example_skip_dag.py
[2022-08-29T12:41:43.609-0400] {processor.py:650} INFO - DAG(s) dict_keys(['example_skip_dag']) retrieved from /home/augenz/PycharmProjects/airflow/.env_airflow/lib/python3.9/site-packages/airflow/example_dags/example_skip_dag.py
[2022-08-29T12:41:44.170-0400] {logging_mixin.py:115} INFO - [2022-08-29T12:41:44.170-0400] {dag.py:2429} INFO - Sync 1 DAGs
[2022-08-29T12:41:44.197-0400] {logging_mixin.py:115} INFO - [2022-08-29T12:41:44.197-0400] {dag.py:2977} INFO - Setting next_dagrun for example_skip_dag to 2022-08-28T16:41:44.197137+00:00, run_after=2022-08-29T16:41:44.197137+00:00
[2022-08-29T12:41:44.253-0400] {processor.py:161} INFO - Processing /home/augenz/PycharmProjects/airflow/.env_airflow/lib/python3.9/site-packages/airflow/example_dags/example_skip_dag.py took 0.666 seconds
[2022-08-29T12:42:14.630-0400] {processor.py:153} INFO - Started process (PID=1072) to work on /home/augenz/PycharmProjects/airflow/.env_airflow/lib/python3.9/site-packages/airflow/example_dags/example_skip_dag.py
[2022-08-29T12:42:14.633-0400] {processor.py:640} INFO - Processing file /home/augenz/PycharmProjects/airflow/.env_airflow/lib/python3.9/site-packages/airflow/example_dags/example_skip_dag.py for tasks to queue
[2022-08-29T12:42:14.635-0400] {logging_mixin.py:115} INFO - [2022-08-29T12:42:14.634-0400] {dagbag.py:508} INFO - Filling up the DagBag from /home/augenz/PycharmProjects/airflow/.env_airflow/lib/python3.9/site-packages/airflow/example_dags/example_skip_dag.py
[2022-08-29T12:42:14.644-0400] {processor.py:650} INFO - DAG(s) dict_keys(['example_skip_dag']) retrieved from /home/augenz/PycharmProjects/airflow/.env_airflow/lib/python3.9/site-packages/airflow/example_dags/example_skip_dag.py
[2022-08-29T12:42:15.198-0400] {logging_mixin.py:115} INFO - [2022-08-29T12:42:15.198-0400] {dag.py:2429} INFO - Sync 1 DAGs
[2022-08-29T12:42:15.226-0400] {logging_mixin.py:115} INFO - [2022-08-29T12:42:15.225-0400] {dag.py:2977} INFO - Setting next_dagrun for example_skip_dag to 2022-08-28T16:42:15.225597+00:00, run_after=2022-08-29T16:42:15.225597+00:00
[2022-08-29T12:42:15.265-0400] {processor.py:161} INFO - Processing /home/augenz/PycharmProjects/airflow/.env_airflow/lib/python3.9/site-packages/airflow/example_dags/example_skip_dag.py took 0.639 seconds
[2022-08-29T12:42:45.693-0400] {processor.py:153} INFO - Started process (PID=1106) to work on /home/augenz/PycharmProjects/airflow/.env_airflow/lib/python3.9/site-packages/airflow/example_dags/example_skip_dag.py
[2022-08-29T12:42:45.696-0400] {processor.py:640} INFO - Processing file /home/augenz/PycharmProjects/airflow/.env_airflow/lib/python3.9/site-packages/airflow/example_dags/example_skip_dag.py for tasks to queue
[2022-08-29T12:42:45.697-0400] {logging_mixin.py:115} INFO - [2022-08-29T12:42:45.697-0400] {dagbag.py:508} INFO - Filling up the DagBag from /home/augenz/PycharmProjects/airflow/.env_airflow/lib/python3.9/site-packages/airflow/example_dags/example_skip_dag.py
[2022-08-29T12:42:45.705-0400] {processor.py:650} INFO - DAG(s) dict_keys(['example_skip_dag']) retrieved from /home/augenz/PycharmProjects/airflow/.env_airflow/lib/python3.9/site-packages/airflow/example_dags/example_skip_dag.py
[2022-08-29T12:42:46.172-0400] {logging_mixin.py:115} INFO - [2022-08-29T12:42:46.172-0400] {dag.py:2429} INFO - Sync 1 DAGs
[2022-08-29T12:42:46.199-0400] {logging_mixin.py:115} INFO - [2022-08-29T12:42:46.199-0400] {dag.py:2977} INFO - Setting next_dagrun for example_skip_dag to 2022-08-28T16:42:46.199069+00:00, run_after=2022-08-29T16:42:46.199069+00:00
[2022-08-29T12:42:46.236-0400] {processor.py:161} INFO - Processing /home/augenz/PycharmProjects/airflow/.env_airflow/lib/python3.9/site-packages/airflow/example_dags/example_skip_dag.py took 0.547 seconds
[2022-08-29T12:43:17.380-0400] {processor.py:153} INFO - Started process (PID=1141) to work on /home/augenz/PycharmProjects/airflow/.env_airflow/lib/python3.9/site-packages/airflow/example_dags/example_skip_dag.py
[2022-08-29T12:43:17.391-0400] {processor.py:640} INFO - Processing file /home/augenz/PycharmProjects/airflow/.env_airflow/lib/python3.9/site-packages/airflow/example_dags/example_skip_dag.py for tasks to queue
[2022-08-29T12:43:17.393-0400] {logging_mixin.py:115} INFO - [2022-08-29T12:43:17.392-0400] {dagbag.py:508} INFO - Filling up the DagBag from /home/augenz/PycharmProjects/airflow/.env_airflow/lib/python3.9/site-packages/airflow/example_dags/example_skip_dag.py
[2022-08-29T12:43:17.399-0400] {processor.py:650} INFO - DAG(s) dict_keys(['example_skip_dag']) retrieved from /home/augenz/PycharmProjects/airflow/.env_airflow/lib/python3.9/site-packages/airflow/example_dags/example_skip_dag.py
[2022-08-29T12:43:17.999-0400] {logging_mixin.py:115} INFO - [2022-08-29T12:43:17.999-0400] {dag.py:2429} INFO - Sync 1 DAGs
[2022-08-29T12:43:18.026-0400] {logging_mixin.py:115} INFO - [2022-08-29T12:43:18.026-0400] {dag.py:2977} INFO - Setting next_dagrun for example_skip_dag to 2022-08-28T16:43:18.026005+00:00, run_after=2022-08-29T16:43:18.026005+00:00
[2022-08-29T12:43:18.065-0400] {processor.py:161} INFO - Processing /home/augenz/PycharmProjects/airflow/.env_airflow/lib/python3.9/site-packages/airflow/example_dags/example_skip_dag.py took 0.689 seconds
[2022-08-29T12:43:48.422-0400] {processor.py:153} INFO - Started process (PID=1175) to work on /home/augenz/PycharmProjects/airflow/.env_airflow/lib/python3.9/site-packages/airflow/example_dags/example_skip_dag.py
[2022-08-29T12:43:48.424-0400] {processor.py:640} INFO - Processing file /home/augenz/PycharmProjects/airflow/.env_airflow/lib/python3.9/site-packages/airflow/example_dags/example_skip_dag.py for tasks to queue
[2022-08-29T12:43:48.426-0400] {logging_mixin.py:115} INFO - [2022-08-29T12:43:48.425-0400] {dagbag.py:508} INFO - Filling up the DagBag from /home/augenz/PycharmProjects/airflow/.env_airflow/lib/python3.9/site-packages/airflow/example_dags/example_skip_dag.py
[2022-08-29T12:43:48.434-0400] {processor.py:650} INFO - DAG(s) dict_keys(['example_skip_dag']) retrieved from /home/augenz/PycharmProjects/airflow/.env_airflow/lib/python3.9/site-packages/airflow/example_dags/example_skip_dag.py
[2022-08-29T12:43:48.888-0400] {logging_mixin.py:115} INFO - [2022-08-29T12:43:48.888-0400] {dag.py:2429} INFO - Sync 1 DAGs
[2022-08-29T12:43:48.915-0400] {logging_mixin.py:115} INFO - [2022-08-29T12:43:48.915-0400] {dag.py:2977} INFO - Setting next_dagrun for example_skip_dag to 2022-08-28T16:43:48.915016+00:00, run_after=2022-08-29T16:43:48.915016+00:00
[2022-08-29T12:43:48.962-0400] {processor.py:161} INFO - Processing /home/augenz/PycharmProjects/airflow/.env_airflow/lib/python3.9/site-packages/airflow/example_dags/example_skip_dag.py took 0.544 seconds
[2022-08-29T12:44:19.437-0400] {processor.py:153} INFO - Started process (PID=1209) to work on /home/augenz/PycharmProjects/airflow/.env_airflow/lib/python3.9/site-packages/airflow/example_dags/example_skip_dag.py
[2022-08-29T12:44:19.441-0400] {processor.py:640} INFO - Processing file /home/augenz/PycharmProjects/airflow/.env_airflow/lib/python3.9/site-packages/airflow/example_dags/example_skip_dag.py for tasks to queue
[2022-08-29T12:44:19.441-0400] {logging_mixin.py:115} INFO - [2022-08-29T12:44:19.441-0400] {dagbag.py:508} INFO - Filling up the DagBag from /home/augenz/PycharmProjects/airflow/.env_airflow/lib/python3.9/site-packages/airflow/example_dags/example_skip_dag.py
[2022-08-29T12:44:19.451-0400] {processor.py:650} INFO - DAG(s) dict_keys(['example_skip_dag']) retrieved from /home/augenz/PycharmProjects/airflow/.env_airflow/lib/python3.9/site-packages/airflow/example_dags/example_skip_dag.py
[2022-08-29T12:44:19.907-0400] {logging_mixin.py:115} INFO - [2022-08-29T12:44:19.906-0400] {dag.py:2429} INFO - Sync 1 DAGs
[2022-08-29T12:44:19.934-0400] {logging_mixin.py:115} INFO - [2022-08-29T12:44:19.933-0400] {dag.py:2977} INFO - Setting next_dagrun for example_skip_dag to 2022-08-28T16:44:19.933609+00:00, run_after=2022-08-29T16:44:19.933609+00:00
[2022-08-29T12:44:19.966-0400] {processor.py:161} INFO - Processing /home/augenz/PycharmProjects/airflow/.env_airflow/lib/python3.9/site-packages/airflow/example_dags/example_skip_dag.py took 0.535 seconds
[2022-08-29T12:44:50.142-0400] {processor.py:153} INFO - Started process (PID=1257) to work on /home/augenz/PycharmProjects/airflow/.env_airflow/lib/python3.9/site-packages/airflow/example_dags/example_skip_dag.py
[2022-08-29T12:44:50.144-0400] {processor.py:640} INFO - Processing file /home/augenz/PycharmProjects/airflow/.env_airflow/lib/python3.9/site-packages/airflow/example_dags/example_skip_dag.py for tasks to queue
[2022-08-29T12:44:50.145-0400] {logging_mixin.py:115} INFO - [2022-08-29T12:44:50.145-0400] {dagbag.py:508} INFO - Filling up the DagBag from /home/augenz/PycharmProjects/airflow/.env_airflow/lib/python3.9/site-packages/airflow/example_dags/example_skip_dag.py
[2022-08-29T12:44:50.154-0400] {processor.py:650} INFO - DAG(s) dict_keys(['example_skip_dag']) retrieved from /home/augenz/PycharmProjects/airflow/.env_airflow/lib/python3.9/site-packages/airflow/example_dags/example_skip_dag.py
[2022-08-29T12:44:50.648-0400] {logging_mixin.py:115} INFO - [2022-08-29T12:44:50.647-0400] {dag.py:2429} INFO - Sync 1 DAGs
[2022-08-29T12:44:50.676-0400] {logging_mixin.py:115} INFO - [2022-08-29T12:44:50.676-0400] {dag.py:2977} INFO - Setting next_dagrun for example_skip_dag to 2022-08-28T16:44:50.676105+00:00, run_after=2022-08-29T16:44:50.676105+00:00
[2022-08-29T12:44:50.722-0400] {processor.py:161} INFO - Processing /home/augenz/PycharmProjects/airflow/.env_airflow/lib/python3.9/site-packages/airflow/example_dags/example_skip_dag.py took 0.585 seconds
[2022-08-29T12:45:20.902-0400] {processor.py:153} INFO - Started process (PID=1291) to work on /home/augenz/PycharmProjects/airflow/.env_airflow/lib/python3.9/site-packages/airflow/example_dags/example_skip_dag.py
[2022-08-29T12:45:20.906-0400] {processor.py:640} INFO - Processing file /home/augenz/PycharmProjects/airflow/.env_airflow/lib/python3.9/site-packages/airflow/example_dags/example_skip_dag.py for tasks to queue
[2022-08-29T12:45:20.907-0400] {logging_mixin.py:115} INFO - [2022-08-29T12:45:20.907-0400] {dagbag.py:508} INFO - Filling up the DagBag from /home/augenz/PycharmProjects/airflow/.env_airflow/lib/python3.9/site-packages/airflow/example_dags/example_skip_dag.py
[2022-08-29T12:45:20.916-0400] {processor.py:650} INFO - DAG(s) dict_keys(['example_skip_dag']) retrieved from /home/augenz/PycharmProjects/airflow/.env_airflow/lib/python3.9/site-packages/airflow/example_dags/example_skip_dag.py
[2022-08-29T12:45:21.453-0400] {logging_mixin.py:115} INFO - [2022-08-29T12:45:21.452-0400] {dag.py:2429} INFO - Sync 1 DAGs
[2022-08-29T12:45:21.479-0400] {logging_mixin.py:115} INFO - [2022-08-29T12:45:21.479-0400] {dag.py:2977} INFO - Setting next_dagrun for example_skip_dag to 2022-08-28T16:45:21.479288+00:00, run_after=2022-08-29T16:45:21.479288+00:00
[2022-08-29T12:45:21.520-0400] {processor.py:161} INFO - Processing /home/augenz/PycharmProjects/airflow/.env_airflow/lib/python3.9/site-packages/airflow/example_dags/example_skip_dag.py took 0.622 seconds
[2022-08-29T12:45:51.890-0400] {processor.py:153} INFO - Started process (PID=1326) to work on /home/augenz/PycharmProjects/airflow/.env_airflow/lib/python3.9/site-packages/airflow/example_dags/example_skip_dag.py
[2022-08-29T12:45:51.893-0400] {processor.py:640} INFO - Processing file /home/augenz/PycharmProjects/airflow/.env_airflow/lib/python3.9/site-packages/airflow/example_dags/example_skip_dag.py for tasks to queue
[2022-08-29T12:45:51.894-0400] {logging_mixin.py:115} INFO - [2022-08-29T12:45:51.894-0400] {dagbag.py:508} INFO - Filling up the DagBag from /home/augenz/PycharmProjects/airflow/.env_airflow/lib/python3.9/site-packages/airflow/example_dags/example_skip_dag.py
[2022-08-29T12:45:51.903-0400] {processor.py:650} INFO - DAG(s) dict_keys(['example_skip_dag']) retrieved from /home/augenz/PycharmProjects/airflow/.env_airflow/lib/python3.9/site-packages/airflow/example_dags/example_skip_dag.py
[2022-08-29T12:45:52.372-0400] {logging_mixin.py:115} INFO - [2022-08-29T12:45:52.372-0400] {dag.py:2429} INFO - Sync 1 DAGs
[2022-08-29T12:45:52.399-0400] {logging_mixin.py:115} INFO - [2022-08-29T12:45:52.399-0400] {dag.py:2977} INFO - Setting next_dagrun for example_skip_dag to 2022-08-28T16:45:52.398945+00:00, run_after=2022-08-29T16:45:52.398945+00:00
[2022-08-29T12:45:52.447-0400] {processor.py:161} INFO - Processing /home/augenz/PycharmProjects/airflow/.env_airflow/lib/python3.9/site-packages/airflow/example_dags/example_skip_dag.py took 0.562 seconds
[2022-08-29T12:46:23.059-0400] {processor.py:153} INFO - Started process (PID=1360) to work on /home/augenz/PycharmProjects/airflow/.env_airflow/lib/python3.9/site-packages/airflow/example_dags/example_skip_dag.py
[2022-08-29T12:46:23.060-0400] {processor.py:640} INFO - Processing file /home/augenz/PycharmProjects/airflow/.env_airflow/lib/python3.9/site-packages/airflow/example_dags/example_skip_dag.py for tasks to queue
[2022-08-29T12:46:23.061-0400] {logging_mixin.py:115} INFO - [2022-08-29T12:46:23.061-0400] {dagbag.py:508} INFO - Filling up the DagBag from /home/augenz/PycharmProjects/airflow/.env_airflow/lib/python3.9/site-packages/airflow/example_dags/example_skip_dag.py
[2022-08-29T12:46:23.068-0400] {processor.py:650} INFO - DAG(s) dict_keys(['example_skip_dag']) retrieved from /home/augenz/PycharmProjects/airflow/.env_airflow/lib/python3.9/site-packages/airflow/example_dags/example_skip_dag.py
[2022-08-29T12:46:23.563-0400] {logging_mixin.py:115} INFO - [2022-08-29T12:46:23.562-0400] {dag.py:2429} INFO - Sync 1 DAGs
[2022-08-29T12:46:23.592-0400] {logging_mixin.py:115} INFO - [2022-08-29T12:46:23.592-0400] {dag.py:2977} INFO - Setting next_dagrun for example_skip_dag to 2022-08-28T16:46:23.591813+00:00, run_after=2022-08-29T16:46:23.591813+00:00
[2022-08-29T12:46:23.635-0400] {processor.py:161} INFO - Processing /home/augenz/PycharmProjects/airflow/.env_airflow/lib/python3.9/site-packages/airflow/example_dags/example_skip_dag.py took 0.581 seconds
[2022-08-29T12:46:54.013-0400] {processor.py:153} INFO - Started process (PID=1395) to work on /home/augenz/PycharmProjects/airflow/.env_airflow/lib/python3.9/site-packages/airflow/example_dags/example_skip_dag.py
[2022-08-29T12:46:54.026-0400] {processor.py:640} INFO - Processing file /home/augenz/PycharmProjects/airflow/.env_airflow/lib/python3.9/site-packages/airflow/example_dags/example_skip_dag.py for tasks to queue
[2022-08-29T12:46:54.027-0400] {logging_mixin.py:115} INFO - [2022-08-29T12:46:54.027-0400] {dagbag.py:508} INFO - Filling up the DagBag from /home/augenz/PycharmProjects/airflow/.env_airflow/lib/python3.9/site-packages/airflow/example_dags/example_skip_dag.py
[2022-08-29T12:46:54.039-0400] {processor.py:650} INFO - DAG(s) dict_keys(['example_skip_dag']) retrieved from /home/augenz/PycharmProjects/airflow/.env_airflow/lib/python3.9/site-packages/airflow/example_dags/example_skip_dag.py
[2022-08-29T12:46:54.523-0400] {logging_mixin.py:115} INFO - [2022-08-29T12:46:54.522-0400] {dag.py:2429} INFO - Sync 1 DAGs
[2022-08-29T12:46:54.560-0400] {logging_mixin.py:115} INFO - [2022-08-29T12:46:54.559-0400] {dag.py:2977} INFO - Setting next_dagrun for example_skip_dag to 2022-08-28T16:46:54.559483+00:00, run_after=2022-08-29T16:46:54.559483+00:00
[2022-08-29T12:46:54.590-0400] {processor.py:161} INFO - Processing /home/augenz/PycharmProjects/airflow/.env_airflow/lib/python3.9/site-packages/airflow/example_dags/example_skip_dag.py took 0.583 seconds
[2022-08-29T12:47:25.280-0400] {processor.py:153} INFO - Started process (PID=1437) to work on /home/augenz/PycharmProjects/airflow/.env_airflow/lib/python3.9/site-packages/airflow/example_dags/example_skip_dag.py
[2022-08-29T12:47:25.282-0400] {processor.py:640} INFO - Processing file /home/augenz/PycharmProjects/airflow/.env_airflow/lib/python3.9/site-packages/airflow/example_dags/example_skip_dag.py for tasks to queue
[2022-08-29T12:47:25.283-0400] {logging_mixin.py:115} INFO - [2022-08-29T12:47:25.283-0400] {dagbag.py:508} INFO - Filling up the DagBag from /home/augenz/PycharmProjects/airflow/.env_airflow/lib/python3.9/site-packages/airflow/example_dags/example_skip_dag.py
[2022-08-29T12:47:25.290-0400] {processor.py:650} INFO - DAG(s) dict_keys(['example_skip_dag']) retrieved from /home/augenz/PycharmProjects/airflow/.env_airflow/lib/python3.9/site-packages/airflow/example_dags/example_skip_dag.py
[2022-08-29T12:47:25.743-0400] {logging_mixin.py:115} INFO - [2022-08-29T12:47:25.742-0400] {dag.py:2429} INFO - Sync 1 DAGs
[2022-08-29T12:47:25.770-0400] {logging_mixin.py:115} INFO - [2022-08-29T12:47:25.770-0400] {dag.py:2977} INFO - Setting next_dagrun for example_skip_dag to 2022-08-28T16:47:25.769793+00:00, run_after=2022-08-29T16:47:25.769793+00:00
[2022-08-29T12:47:25.804-0400] {processor.py:161} INFO - Processing /home/augenz/PycharmProjects/airflow/.env_airflow/lib/python3.9/site-packages/airflow/example_dags/example_skip_dag.py took 0.529 seconds
[2022-08-29T12:47:56.166-0400] {processor.py:153} INFO - Started process (PID=1471) to work on /home/augenz/PycharmProjects/airflow/.env_airflow/lib/python3.9/site-packages/airflow/example_dags/example_skip_dag.py
[2022-08-29T12:47:56.179-0400] {processor.py:640} INFO - Processing file /home/augenz/PycharmProjects/airflow/.env_airflow/lib/python3.9/site-packages/airflow/example_dags/example_skip_dag.py for tasks to queue
[2022-08-29T12:47:56.181-0400] {logging_mixin.py:115} INFO - [2022-08-29T12:47:56.180-0400] {dagbag.py:508} INFO - Filling up the DagBag from /home/augenz/PycharmProjects/airflow/.env_airflow/lib/python3.9/site-packages/airflow/example_dags/example_skip_dag.py
[2022-08-29T12:47:56.189-0400] {processor.py:650} INFO - DAG(s) dict_keys(['example_skip_dag']) retrieved from /home/augenz/PycharmProjects/airflow/.env_airflow/lib/python3.9/site-packages/airflow/example_dags/example_skip_dag.py
[2022-08-29T12:47:56.795-0400] {logging_mixin.py:115} INFO - [2022-08-29T12:47:56.794-0400] {dag.py:2429} INFO - Sync 1 DAGs
[2022-08-29T12:47:56.823-0400] {logging_mixin.py:115} INFO - [2022-08-29T12:47:56.823-0400] {dag.py:2977} INFO - Setting next_dagrun for example_skip_dag to 2022-08-28T16:47:56.822830+00:00, run_after=2022-08-29T16:47:56.822830+00:00
[2022-08-29T12:47:56.861-0400] {processor.py:161} INFO - Processing /home/augenz/PycharmProjects/airflow/.env_airflow/lib/python3.9/site-packages/airflow/example_dags/example_skip_dag.py took 0.699 seconds
[2022-08-29T12:48:27.690-0400] {processor.py:153} INFO - Started process (PID=1505) to work on /home/augenz/PycharmProjects/airflow/.env_airflow/lib/python3.9/site-packages/airflow/example_dags/example_skip_dag.py
[2022-08-29T12:48:27.704-0400] {processor.py:640} INFO - Processing file /home/augenz/PycharmProjects/airflow/.env_airflow/lib/python3.9/site-packages/airflow/example_dags/example_skip_dag.py for tasks to queue
[2022-08-29T12:48:27.705-0400] {logging_mixin.py:115} INFO - [2022-08-29T12:48:27.705-0400] {dagbag.py:508} INFO - Filling up the DagBag from /home/augenz/PycharmProjects/airflow/.env_airflow/lib/python3.9/site-packages/airflow/example_dags/example_skip_dag.py
[2022-08-29T12:48:27.715-0400] {processor.py:650} INFO - DAG(s) dict_keys(['example_skip_dag']) retrieved from /home/augenz/PycharmProjects/airflow/.env_airflow/lib/python3.9/site-packages/airflow/example_dags/example_skip_dag.py
[2022-08-29T12:48:28.170-0400] {logging_mixin.py:115} INFO - [2022-08-29T12:48:28.170-0400] {dag.py:2429} INFO - Sync 1 DAGs
[2022-08-29T12:48:28.197-0400] {logging_mixin.py:115} INFO - [2022-08-29T12:48:28.197-0400] {dag.py:2977} INFO - Setting next_dagrun for example_skip_dag to 2022-08-28T16:48:28.197430+00:00, run_after=2022-08-29T16:48:28.197430+00:00
[2022-08-29T12:48:28.248-0400] {processor.py:161} INFO - Processing /home/augenz/PycharmProjects/airflow/.env_airflow/lib/python3.9/site-packages/airflow/example_dags/example_skip_dag.py took 0.563 seconds
[2022-08-29T12:48:59.292-0400] {processor.py:153} INFO - Started process (PID=1540) to work on /home/augenz/PycharmProjects/airflow/.env_airflow/lib/python3.9/site-packages/airflow/example_dags/example_skip_dag.py
[2022-08-29T12:48:59.306-0400] {processor.py:640} INFO - Processing file /home/augenz/PycharmProjects/airflow/.env_airflow/lib/python3.9/site-packages/airflow/example_dags/example_skip_dag.py for tasks to queue
[2022-08-29T12:48:59.308-0400] {logging_mixin.py:115} INFO - [2022-08-29T12:48:59.307-0400] {dagbag.py:508} INFO - Filling up the DagBag from /home/augenz/PycharmProjects/airflow/.env_airflow/lib/python3.9/site-packages/airflow/example_dags/example_skip_dag.py
[2022-08-29T12:48:59.316-0400] {processor.py:650} INFO - DAG(s) dict_keys(['example_skip_dag']) retrieved from /home/augenz/PycharmProjects/airflow/.env_airflow/lib/python3.9/site-packages/airflow/example_dags/example_skip_dag.py
[2022-08-29T12:48:59.843-0400] {logging_mixin.py:115} INFO - [2022-08-29T12:48:59.842-0400] {dag.py:2429} INFO - Sync 1 DAGs
[2022-08-29T12:48:59.871-0400] {logging_mixin.py:115} INFO - [2022-08-29T12:48:59.871-0400] {dag.py:2977} INFO - Setting next_dagrun for example_skip_dag to 2022-08-28T16:48:59.871321+00:00, run_after=2022-08-29T16:48:59.871321+00:00
[2022-08-29T12:48:59.912-0400] {processor.py:161} INFO - Processing /home/augenz/PycharmProjects/airflow/.env_airflow/lib/python3.9/site-packages/airflow/example_dags/example_skip_dag.py took 0.625 seconds
[2022-08-29T12:49:30.187-0400] {processor.py:153} INFO - Started process (PID=1584) to work on /home/augenz/PycharmProjects/airflow/.env_airflow/lib/python3.9/site-packages/airflow/example_dags/example_skip_dag.py
[2022-08-29T12:49:30.191-0400] {processor.py:640} INFO - Processing file /home/augenz/PycharmProjects/airflow/.env_airflow/lib/python3.9/site-packages/airflow/example_dags/example_skip_dag.py for tasks to queue
[2022-08-29T12:49:30.193-0400] {logging_mixin.py:115} INFO - [2022-08-29T12:49:30.192-0400] {dagbag.py:508} INFO - Filling up the DagBag from /home/augenz/PycharmProjects/airflow/.env_airflow/lib/python3.9/site-packages/airflow/example_dags/example_skip_dag.py
[2022-08-29T12:49:30.202-0400] {processor.py:650} INFO - DAG(s) dict_keys(['example_skip_dag']) retrieved from /home/augenz/PycharmProjects/airflow/.env_airflow/lib/python3.9/site-packages/airflow/example_dags/example_skip_dag.py
[2022-08-29T12:49:30.898-0400] {logging_mixin.py:115} INFO - [2022-08-29T12:49:30.897-0400] {dag.py:2429} INFO - Sync 1 DAGs
[2022-08-29T12:49:30.940-0400] {logging_mixin.py:115} INFO - [2022-08-29T12:49:30.939-0400] {dag.py:2977} INFO - Setting next_dagrun for example_skip_dag to 2022-08-28T16:49:30.938862+00:00, run_after=2022-08-29T16:49:30.938862+00:00
[2022-08-29T12:49:31.027-0400] {processor.py:161} INFO - Processing /home/augenz/PycharmProjects/airflow/.env_airflow/lib/python3.9/site-packages/airflow/example_dags/example_skip_dag.py took 0.846 seconds
[2022-08-29T12:50:01.323-0400] {processor.py:153} INFO - Started process (PID=1618) to work on /home/augenz/PycharmProjects/airflow/.env_airflow/lib/python3.9/site-packages/airflow/example_dags/example_skip_dag.py
[2022-08-29T12:50:01.339-0400] {processor.py:640} INFO - Processing file /home/augenz/PycharmProjects/airflow/.env_airflow/lib/python3.9/site-packages/airflow/example_dags/example_skip_dag.py for tasks to queue
[2022-08-29T12:50:01.340-0400] {logging_mixin.py:115} INFO - [2022-08-29T12:50:01.340-0400] {dagbag.py:508} INFO - Filling up the DagBag from /home/augenz/PycharmProjects/airflow/.env_airflow/lib/python3.9/site-packages/airflow/example_dags/example_skip_dag.py
[2022-08-29T12:50:01.348-0400] {processor.py:650} INFO - DAG(s) dict_keys(['example_skip_dag']) retrieved from /home/augenz/PycharmProjects/airflow/.env_airflow/lib/python3.9/site-packages/airflow/example_dags/example_skip_dag.py
[2022-08-29T12:50:01.824-0400] {logging_mixin.py:115} INFO - [2022-08-29T12:50:01.824-0400] {dag.py:2429} INFO - Sync 1 DAGs
[2022-08-29T12:50:01.852-0400] {logging_mixin.py:115} INFO - [2022-08-29T12:50:01.852-0400] {dag.py:2977} INFO - Setting next_dagrun for example_skip_dag to 2022-08-28T16:50:01.851891+00:00, run_after=2022-08-29T16:50:01.851891+00:00
[2022-08-29T12:50:01.918-0400] {processor.py:161} INFO - Processing /home/augenz/PycharmProjects/airflow/.env_airflow/lib/python3.9/site-packages/airflow/example_dags/example_skip_dag.py took 0.600 seconds
[2022-08-29T12:50:32.796-0400] {processor.py:153} INFO - Started process (PID=1657) to work on /home/augenz/PycharmProjects/airflow/.env_airflow/lib/python3.9/site-packages/airflow/example_dags/example_skip_dag.py
[2022-08-29T12:50:32.814-0400] {processor.py:640} INFO - Processing file /home/augenz/PycharmProjects/airflow/.env_airflow/lib/python3.9/site-packages/airflow/example_dags/example_skip_dag.py for tasks to queue
[2022-08-29T12:50:32.815-0400] {logging_mixin.py:115} INFO - [2022-08-29T12:50:32.815-0400] {dagbag.py:508} INFO - Filling up the DagBag from /home/augenz/PycharmProjects/airflow/.env_airflow/lib/python3.9/site-packages/airflow/example_dags/example_skip_dag.py
[2022-08-29T12:50:32.830-0400] {processor.py:650} INFO - DAG(s) dict_keys(['example_skip_dag']) retrieved from /home/augenz/PycharmProjects/airflow/.env_airflow/lib/python3.9/site-packages/airflow/example_dags/example_skip_dag.py
[2022-08-29T12:50:33.671-0400] {logging_mixin.py:115} INFO - [2022-08-29T12:50:33.670-0400] {dag.py:2429} INFO - Sync 1 DAGs
[2022-08-29T12:50:33.716-0400] {logging_mixin.py:115} INFO - [2022-08-29T12:50:33.716-0400] {dag.py:2977} INFO - Setting next_dagrun for example_skip_dag to 2022-08-28T16:50:33.715646+00:00, run_after=2022-08-29T16:50:33.715646+00:00
[2022-08-29T12:50:33.753-0400] {processor.py:161} INFO - Processing /home/augenz/PycharmProjects/airflow/.env_airflow/lib/python3.9/site-packages/airflow/example_dags/example_skip_dag.py took 0.968 seconds
[2022-08-29T12:51:03.941-0400] {processor.py:153} INFO - Started process (PID=1692) to work on /home/augenz/PycharmProjects/airflow/.env_airflow/lib/python3.9/site-packages/airflow/example_dags/example_skip_dag.py
[2022-08-29T12:51:03.944-0400] {processor.py:640} INFO - Processing file /home/augenz/PycharmProjects/airflow/.env_airflow/lib/python3.9/site-packages/airflow/example_dags/example_skip_dag.py for tasks to queue
[2022-08-29T12:51:03.945-0400] {logging_mixin.py:115} INFO - [2022-08-29T12:51:03.945-0400] {dagbag.py:508} INFO - Filling up the DagBag from /home/augenz/PycharmProjects/airflow/.env_airflow/lib/python3.9/site-packages/airflow/example_dags/example_skip_dag.py
[2022-08-29T12:51:03.953-0400] {processor.py:650} INFO - DAG(s) dict_keys(['example_skip_dag']) retrieved from /home/augenz/PycharmProjects/airflow/.env_airflow/lib/python3.9/site-packages/airflow/example_dags/example_skip_dag.py
[2022-08-29T12:51:04.409-0400] {logging_mixin.py:115} INFO - [2022-08-29T12:51:04.409-0400] {dag.py:2429} INFO - Sync 1 DAGs
[2022-08-29T12:51:04.436-0400] {logging_mixin.py:115} INFO - [2022-08-29T12:51:04.436-0400] {dag.py:2977} INFO - Setting next_dagrun for example_skip_dag to 2022-08-28T16:51:04.436155+00:00, run_after=2022-08-29T16:51:04.436155+00:00
[2022-08-29T12:51:04.492-0400] {processor.py:161} INFO - Processing /home/augenz/PycharmProjects/airflow/.env_airflow/lib/python3.9/site-packages/airflow/example_dags/example_skip_dag.py took 0.555 seconds
[2022-08-29T12:51:34.619-0400] {processor.py:153} INFO - Started process (PID=1730) to work on /home/augenz/PycharmProjects/airflow/.env_airflow/lib/python3.9/site-packages/airflow/example_dags/example_skip_dag.py
[2022-08-29T12:51:34.622-0400] {processor.py:640} INFO - Processing file /home/augenz/PycharmProjects/airflow/.env_airflow/lib/python3.9/site-packages/airflow/example_dags/example_skip_dag.py for tasks to queue
[2022-08-29T12:51:34.623-0400] {logging_mixin.py:115} INFO - [2022-08-29T12:51:34.623-0400] {dagbag.py:508} INFO - Filling up the DagBag from /home/augenz/PycharmProjects/airflow/.env_airflow/lib/python3.9/site-packages/airflow/example_dags/example_skip_dag.py
[2022-08-29T12:51:34.637-0400] {processor.py:650} INFO - DAG(s) dict_keys(['example_skip_dag']) retrieved from /home/augenz/PycharmProjects/airflow/.env_airflow/lib/python3.9/site-packages/airflow/example_dags/example_skip_dag.py
[2022-08-29T12:51:35.185-0400] {logging_mixin.py:115} INFO - [2022-08-29T12:51:35.185-0400] {dag.py:2429} INFO - Sync 1 DAGs
[2022-08-29T12:51:35.215-0400] {logging_mixin.py:115} INFO - [2022-08-29T12:51:35.214-0400] {dag.py:2977} INFO - Setting next_dagrun for example_skip_dag to 2022-08-28T16:51:35.214488+00:00, run_after=2022-08-29T16:51:35.214488+00:00
[2022-08-29T12:51:35.262-0400] {processor.py:161} INFO - Processing /home/augenz/PycharmProjects/airflow/.env_airflow/lib/python3.9/site-packages/airflow/example_dags/example_skip_dag.py took 0.651 seconds
[2022-08-29T12:52:05.414-0400] {processor.py:153} INFO - Started process (PID=1764) to work on /home/augenz/PycharmProjects/airflow/.env_airflow/lib/python3.9/site-packages/airflow/example_dags/example_skip_dag.py
[2022-08-29T12:52:05.416-0400] {processor.py:640} INFO - Processing file /home/augenz/PycharmProjects/airflow/.env_airflow/lib/python3.9/site-packages/airflow/example_dags/example_skip_dag.py for tasks to queue
[2022-08-29T12:52:05.417-0400] {logging_mixin.py:115} INFO - [2022-08-29T12:52:05.417-0400] {dagbag.py:508} INFO - Filling up the DagBag from /home/augenz/PycharmProjects/airflow/.env_airflow/lib/python3.9/site-packages/airflow/example_dags/example_skip_dag.py
[2022-08-29T12:52:05.428-0400] {processor.py:650} INFO - DAG(s) dict_keys(['example_skip_dag']) retrieved from /home/augenz/PycharmProjects/airflow/.env_airflow/lib/python3.9/site-packages/airflow/example_dags/example_skip_dag.py
[2022-08-29T12:52:05.884-0400] {logging_mixin.py:115} INFO - [2022-08-29T12:52:05.884-0400] {dag.py:2429} INFO - Sync 1 DAGs
[2022-08-29T12:52:05.911-0400] {logging_mixin.py:115} INFO - [2022-08-29T12:52:05.911-0400] {dag.py:2977} INFO - Setting next_dagrun for example_skip_dag to 2022-08-28T16:52:05.910928+00:00, run_after=2022-08-29T16:52:05.910928+00:00
[2022-08-29T12:52:05.960-0400] {processor.py:161} INFO - Processing /home/augenz/PycharmProjects/airflow/.env_airflow/lib/python3.9/site-packages/airflow/example_dags/example_skip_dag.py took 0.551 seconds
[2022-08-29T12:52:35.985-0400] {processor.py:153} INFO - Started process (PID=1797) to work on /home/augenz/PycharmProjects/airflow/.env_airflow/lib/python3.9/site-packages/airflow/example_dags/example_skip_dag.py
[2022-08-29T12:52:35.986-0400] {processor.py:640} INFO - Processing file /home/augenz/PycharmProjects/airflow/.env_airflow/lib/python3.9/site-packages/airflow/example_dags/example_skip_dag.py for tasks to queue
[2022-08-29T12:52:35.987-0400] {logging_mixin.py:115} INFO - [2022-08-29T12:52:35.987-0400] {dagbag.py:508} INFO - Filling up the DagBag from /home/augenz/PycharmProjects/airflow/.env_airflow/lib/python3.9/site-packages/airflow/example_dags/example_skip_dag.py
[2022-08-29T12:52:35.994-0400] {processor.py:650} INFO - DAG(s) dict_keys(['example_skip_dag']) retrieved from /home/augenz/PycharmProjects/airflow/.env_airflow/lib/python3.9/site-packages/airflow/example_dags/example_skip_dag.py
[2022-08-29T12:52:36.450-0400] {logging_mixin.py:115} INFO - [2022-08-29T12:52:36.449-0400] {dag.py:2429} INFO - Sync 1 DAGs
[2022-08-29T12:52:36.476-0400] {logging_mixin.py:115} INFO - [2022-08-29T12:52:36.476-0400] {dag.py:2977} INFO - Setting next_dagrun for example_skip_dag to 2022-08-28T16:52:36.476237+00:00, run_after=2022-08-29T16:52:36.476237+00:00
[2022-08-29T12:52:36.532-0400] {processor.py:161} INFO - Processing /home/augenz/PycharmProjects/airflow/.env_airflow/lib/python3.9/site-packages/airflow/example_dags/example_skip_dag.py took 0.551 seconds
[2022-08-29T12:53:07.033-0400] {processor.py:153} INFO - Started process (PID=1835) to work on /home/augenz/PycharmProjects/airflow/.env_airflow/lib/python3.9/site-packages/airflow/example_dags/example_skip_dag.py
[2022-08-29T12:53:07.035-0400] {processor.py:640} INFO - Processing file /home/augenz/PycharmProjects/airflow/.env_airflow/lib/python3.9/site-packages/airflow/example_dags/example_skip_dag.py for tasks to queue
[2022-08-29T12:53:07.036-0400] {logging_mixin.py:115} INFO - [2022-08-29T12:53:07.035-0400] {dagbag.py:508} INFO - Filling up the DagBag from /home/augenz/PycharmProjects/airflow/.env_airflow/lib/python3.9/site-packages/airflow/example_dags/example_skip_dag.py
[2022-08-29T12:53:07.043-0400] {processor.py:650} INFO - DAG(s) dict_keys(['example_skip_dag']) retrieved from /home/augenz/PycharmProjects/airflow/.env_airflow/lib/python3.9/site-packages/airflow/example_dags/example_skip_dag.py
[2022-08-29T12:53:07.513-0400] {logging_mixin.py:115} INFO - [2022-08-29T12:53:07.513-0400] {dag.py:2429} INFO - Sync 1 DAGs
[2022-08-29T12:53:07.540-0400] {logging_mixin.py:115} INFO - [2022-08-29T12:53:07.540-0400] {dag.py:2977} INFO - Setting next_dagrun for example_skip_dag to 2022-08-28T16:53:07.539876+00:00, run_after=2022-08-29T16:53:07.539876+00:00
[2022-08-29T12:53:07.606-0400] {processor.py:161} INFO - Processing /home/augenz/PycharmProjects/airflow/.env_airflow/lib/python3.9/site-packages/airflow/example_dags/example_skip_dag.py took 0.578 seconds
[2022-08-29T12:53:38.868-0400] {processor.py:153} INFO - Started process (PID=1870) to work on /home/augenz/PycharmProjects/airflow/.env_airflow/lib/python3.9/site-packages/airflow/example_dags/example_skip_dag.py
[2022-08-29T12:53:38.886-0400] {processor.py:640} INFO - Processing file /home/augenz/PycharmProjects/airflow/.env_airflow/lib/python3.9/site-packages/airflow/example_dags/example_skip_dag.py for tasks to queue
[2022-08-29T12:53:38.887-0400] {logging_mixin.py:115} INFO - [2022-08-29T12:53:38.887-0400] {dagbag.py:508} INFO - Filling up the DagBag from /home/augenz/PycharmProjects/airflow/.env_airflow/lib/python3.9/site-packages/airflow/example_dags/example_skip_dag.py
[2022-08-29T12:53:38.894-0400] {processor.py:650} INFO - DAG(s) dict_keys(['example_skip_dag']) retrieved from /home/augenz/PycharmProjects/airflow/.env_airflow/lib/python3.9/site-packages/airflow/example_dags/example_skip_dag.py
[2022-08-29T12:53:39.463-0400] {logging_mixin.py:115} INFO - [2022-08-29T12:53:39.463-0400] {dag.py:2429} INFO - Sync 1 DAGs
[2022-08-29T12:53:39.503-0400] {logging_mixin.py:115} INFO - [2022-08-29T12:53:39.503-0400] {dag.py:2977} INFO - Setting next_dagrun for example_skip_dag to 2022-08-28T16:53:39.502579+00:00, run_after=2022-08-29T16:53:39.502579+00:00
[2022-08-29T12:53:39.546-0400] {processor.py:161} INFO - Processing /home/augenz/PycharmProjects/airflow/.env_airflow/lib/python3.9/site-packages/airflow/example_dags/example_skip_dag.py took 0.682 seconds
