[2022-08-29T12:33:18.676-0400] {processor.py:153} INFO - Started process (PID=392) to work on /home/augenz/PycharmProjects/airflow/.env_airflow/lib/python3.9/site-packages/airflow/example_dags/example_branch_operator_decorator.py
[2022-08-29T12:33:18.677-0400] {processor.py:640} INFO - Processing file /home/augenz/PycharmProjects/airflow/.env_airflow/lib/python3.9/site-packages/airflow/example_dags/example_branch_operator_decorator.py for tasks to queue
[2022-08-29T12:33:18.678-0400] {logging_mixin.py:115} INFO - [2022-08-29T12:33:18.678-0400] {dagbag.py:508} INFO - Filling up the DagBag from /home/augenz/PycharmProjects/airflow/.env_airflow/lib/python3.9/site-packages/airflow/example_dags/example_branch_operator_decorator.py
[2022-08-29T12:33:18.713-0400] {processor.py:650} INFO - DAG(s) dict_keys(['example_branch_python_operator_decorator']) retrieved from /home/augenz/PycharmProjects/airflow/.env_airflow/lib/python3.9/site-packages/airflow/example_dags/example_branch_operator_decorator.py
[2022-08-29T12:33:18.890-0400] {logging_mixin.py:115} INFO - [2022-08-29T12:33:18.890-0400] {manager.py:508} INFO - Created Permission View: can delete on DAG:example_branch_python_operator_decorator
[2022-08-29T12:33:18.932-0400] {logging_mixin.py:115} INFO - [2022-08-29T12:33:18.931-0400] {manager.py:508} INFO - Created Permission View: can read on DAG:example_branch_python_operator_decorator
[2022-08-29T12:33:18.965-0400] {logging_mixin.py:115} INFO - [2022-08-29T12:33:18.965-0400] {manager.py:508} INFO - Created Permission View: can edit on DAG:example_branch_python_operator_decorator
[2022-08-29T12:33:18.965-0400] {logging_mixin.py:115} INFO - [2022-08-29T12:33:18.965-0400] {dag.py:2429} INFO - Sync 1 DAGs
[2022-08-29T12:33:18.981-0400] {logging_mixin.py:115} INFO - [2022-08-29T12:33:18.981-0400] {dag.py:2448} INFO - Creating ORM DAG for example_branch_python_operator_decorator
[2022-08-29T12:33:19.005-0400] {logging_mixin.py:115} INFO - [2022-08-29T12:33:19.004-0400] {dag.py:2977} INFO - Setting next_dagrun for example_branch_python_operator_decorator to 2022-08-28T00:00:00+00:00, run_after=2022-08-29T00:00:00+00:00
[2022-08-29T12:33:19.064-0400] {processor.py:161} INFO - Processing /home/augenz/PycharmProjects/airflow/.env_airflow/lib/python3.9/site-packages/airflow/example_dags/example_branch_operator_decorator.py took 0.395 seconds
[2022-08-29T12:33:49.174-0400] {processor.py:153} INFO - Started process (PID=432) to work on /home/augenz/PycharmProjects/airflow/.env_airflow/lib/python3.9/site-packages/airflow/example_dags/example_branch_operator_decorator.py
[2022-08-29T12:33:49.175-0400] {processor.py:640} INFO - Processing file /home/augenz/PycharmProjects/airflow/.env_airflow/lib/python3.9/site-packages/airflow/example_dags/example_branch_operator_decorator.py for tasks to queue
[2022-08-29T12:33:49.176-0400] {logging_mixin.py:115} INFO - [2022-08-29T12:33:49.176-0400] {dagbag.py:508} INFO - Filling up the DagBag from /home/augenz/PycharmProjects/airflow/.env_airflow/lib/python3.9/site-packages/airflow/example_dags/example_branch_operator_decorator.py
[2022-08-29T12:33:49.205-0400] {processor.py:650} INFO - DAG(s) dict_keys(['example_branch_python_operator_decorator']) retrieved from /home/augenz/PycharmProjects/airflow/.env_airflow/lib/python3.9/site-packages/airflow/example_dags/example_branch_operator_decorator.py
[2022-08-29T12:33:49.253-0400] {logging_mixin.py:115} INFO - [2022-08-29T12:33:49.253-0400] {dag.py:2429} INFO - Sync 1 DAGs
[2022-08-29T12:33:49.288-0400] {logging_mixin.py:115} INFO - [2022-08-29T12:33:49.287-0400] {dag.py:2977} INFO - Setting next_dagrun for example_branch_python_operator_decorator to 2022-08-28T00:00:00+00:00, run_after=2022-08-29T00:00:00+00:00
[2022-08-29T12:33:49.333-0400] {processor.py:161} INFO - Processing /home/augenz/PycharmProjects/airflow/.env_airflow/lib/python3.9/site-packages/airflow/example_dags/example_branch_operator_decorator.py took 0.164 seconds
[2022-08-29T12:34:20.091-0400] {processor.py:153} INFO - Started process (PID=467) to work on /home/augenz/PycharmProjects/airflow/.env_airflow/lib/python3.9/site-packages/airflow/example_dags/example_branch_operator_decorator.py
[2022-08-29T12:34:20.096-0400] {processor.py:640} INFO - Processing file /home/augenz/PycharmProjects/airflow/.env_airflow/lib/python3.9/site-packages/airflow/example_dags/example_branch_operator_decorator.py for tasks to queue
[2022-08-29T12:34:20.097-0400] {logging_mixin.py:115} INFO - [2022-08-29T12:34:20.097-0400] {dagbag.py:508} INFO - Filling up the DagBag from /home/augenz/PycharmProjects/airflow/.env_airflow/lib/python3.9/site-packages/airflow/example_dags/example_branch_operator_decorator.py
[2022-08-29T12:34:20.136-0400] {processor.py:650} INFO - DAG(s) dict_keys(['example_branch_python_operator_decorator']) retrieved from /home/augenz/PycharmProjects/airflow/.env_airflow/lib/python3.9/site-packages/airflow/example_dags/example_branch_operator_decorator.py
[2022-08-29T12:34:20.191-0400] {logging_mixin.py:115} INFO - [2022-08-29T12:34:20.190-0400] {dag.py:2429} INFO - Sync 1 DAGs
[2022-08-29T12:34:20.238-0400] {logging_mixin.py:115} INFO - [2022-08-29T12:34:20.237-0400] {dag.py:2977} INFO - Setting next_dagrun for example_branch_python_operator_decorator to 2022-08-28T00:00:00+00:00, run_after=2022-08-29T00:00:00+00:00
[2022-08-29T12:34:20.274-0400] {processor.py:161} INFO - Processing /home/augenz/PycharmProjects/airflow/.env_airflow/lib/python3.9/site-packages/airflow/example_dags/example_branch_operator_decorator.py took 0.189 seconds
[2022-08-29T12:34:51.377-0400] {processor.py:153} INFO - Started process (PID=503) to work on /home/augenz/PycharmProjects/airflow/.env_airflow/lib/python3.9/site-packages/airflow/example_dags/example_branch_operator_decorator.py
[2022-08-29T12:34:51.396-0400] {processor.py:640} INFO - Processing file /home/augenz/PycharmProjects/airflow/.env_airflow/lib/python3.9/site-packages/airflow/example_dags/example_branch_operator_decorator.py for tasks to queue
[2022-08-29T12:34:51.398-0400] {logging_mixin.py:115} INFO - [2022-08-29T12:34:51.397-0400] {dagbag.py:508} INFO - Filling up the DagBag from /home/augenz/PycharmProjects/airflow/.env_airflow/lib/python3.9/site-packages/airflow/example_dags/example_branch_operator_decorator.py
[2022-08-29T12:34:51.490-0400] {processor.py:650} INFO - DAG(s) dict_keys(['example_branch_python_operator_decorator']) retrieved from /home/augenz/PycharmProjects/airflow/.env_airflow/lib/python3.9/site-packages/airflow/example_dags/example_branch_operator_decorator.py
[2022-08-29T12:34:51.633-0400] {logging_mixin.py:115} INFO - [2022-08-29T12:34:51.632-0400] {dag.py:2429} INFO - Sync 1 DAGs
[2022-08-29T12:34:51.716-0400] {logging_mixin.py:115} INFO - [2022-08-29T12:34:51.716-0400] {dag.py:2977} INFO - Setting next_dagrun for example_branch_python_operator_decorator to 2022-08-28T00:00:00+00:00, run_after=2022-08-29T00:00:00+00:00
[2022-08-29T12:34:51.768-0400] {processor.py:161} INFO - Processing /home/augenz/PycharmProjects/airflow/.env_airflow/lib/python3.9/site-packages/airflow/example_dags/example_branch_operator_decorator.py took 0.406 seconds
[2022-08-29T12:35:22.246-0400] {processor.py:153} INFO - Started process (PID=559) to work on /home/augenz/PycharmProjects/airflow/.env_airflow/lib/python3.9/site-packages/airflow/example_dags/example_branch_operator_decorator.py
[2022-08-29T12:35:22.249-0400] {processor.py:640} INFO - Processing file /home/augenz/PycharmProjects/airflow/.env_airflow/lib/python3.9/site-packages/airflow/example_dags/example_branch_operator_decorator.py for tasks to queue
[2022-08-29T12:35:22.251-0400] {logging_mixin.py:115} INFO - [2022-08-29T12:35:22.250-0400] {dagbag.py:508} INFO - Filling up the DagBag from /home/augenz/PycharmProjects/airflow/.env_airflow/lib/python3.9/site-packages/airflow/example_dags/example_branch_operator_decorator.py
[2022-08-29T12:35:22.280-0400] {processor.py:650} INFO - DAG(s) dict_keys(['example_branch_python_operator_decorator']) retrieved from /home/augenz/PycharmProjects/airflow/.env_airflow/lib/python3.9/site-packages/airflow/example_dags/example_branch_operator_decorator.py
[2022-08-29T12:35:22.329-0400] {logging_mixin.py:115} INFO - [2022-08-29T12:35:22.329-0400] {dag.py:2429} INFO - Sync 1 DAGs
[2022-08-29T12:35:22.362-0400] {logging_mixin.py:115} INFO - [2022-08-29T12:35:22.362-0400] {dag.py:2977} INFO - Setting next_dagrun for example_branch_python_operator_decorator to 2022-08-28T00:00:00+00:00, run_after=2022-08-29T00:00:00+00:00
[2022-08-29T12:35:22.400-0400] {processor.py:161} INFO - Processing /home/augenz/PycharmProjects/airflow/.env_airflow/lib/python3.9/site-packages/airflow/example_dags/example_branch_operator_decorator.py took 0.160 seconds
[2022-08-29T12:35:55.921-0400] {processor.py:153} INFO - Started process (PID=602) to work on /home/augenz/PycharmProjects/airflow/.env_airflow/lib/python3.9/site-packages/airflow/example_dags/example_branch_operator_decorator.py
[2022-08-29T12:35:55.924-0400] {processor.py:640} INFO - Processing file /home/augenz/PycharmProjects/airflow/.env_airflow/lib/python3.9/site-packages/airflow/example_dags/example_branch_operator_decorator.py for tasks to queue
[2022-08-29T12:35:55.926-0400] {logging_mixin.py:115} INFO - [2022-08-29T12:35:55.925-0400] {dagbag.py:508} INFO - Filling up the DagBag from /home/augenz/PycharmProjects/airflow/.env_airflow/lib/python3.9/site-packages/airflow/example_dags/example_branch_operator_decorator.py
[2022-08-29T12:35:55.961-0400] {processor.py:650} INFO - DAG(s) dict_keys(['example_branch_python_operator_decorator']) retrieved from /home/augenz/PycharmProjects/airflow/.env_airflow/lib/python3.9/site-packages/airflow/example_dags/example_branch_operator_decorator.py
[2022-08-29T12:35:56.473-0400] {logging_mixin.py:115} INFO - [2022-08-29T12:35:56.472-0400] {dag.py:2429} INFO - Sync 1 DAGs
[2022-08-29T12:35:56.519-0400] {logging_mixin.py:115} INFO - [2022-08-29T12:35:56.519-0400] {dag.py:2977} INFO - Setting next_dagrun for example_branch_python_operator_decorator to 2022-08-28T00:00:00+00:00, run_after=2022-08-29T00:00:00+00:00
[2022-08-29T12:35:56.562-0400] {processor.py:161} INFO - Processing /home/augenz/PycharmProjects/airflow/.env_airflow/lib/python3.9/site-packages/airflow/example_dags/example_branch_operator_decorator.py took 0.645 seconds
[2022-08-29T12:36:27.399-0400] {processor.py:153} INFO - Started process (PID=636) to work on /home/augenz/PycharmProjects/airflow/.env_airflow/lib/python3.9/site-packages/airflow/example_dags/example_branch_operator_decorator.py
[2022-08-29T12:36:27.401-0400] {processor.py:640} INFO - Processing file /home/augenz/PycharmProjects/airflow/.env_airflow/lib/python3.9/site-packages/airflow/example_dags/example_branch_operator_decorator.py for tasks to queue
[2022-08-29T12:36:27.402-0400] {logging_mixin.py:115} INFO - [2022-08-29T12:36:27.401-0400] {dagbag.py:508} INFO - Filling up the DagBag from /home/augenz/PycharmProjects/airflow/.env_airflow/lib/python3.9/site-packages/airflow/example_dags/example_branch_operator_decorator.py
[2022-08-29T12:36:27.434-0400] {processor.py:650} INFO - DAG(s) dict_keys(['example_branch_python_operator_decorator']) retrieved from /home/augenz/PycharmProjects/airflow/.env_airflow/lib/python3.9/site-packages/airflow/example_dags/example_branch_operator_decorator.py
[2022-08-29T12:36:27.897-0400] {logging_mixin.py:115} INFO - [2022-08-29T12:36:27.897-0400] {dag.py:2429} INFO - Sync 1 DAGs
[2022-08-29T12:36:27.929-0400] {logging_mixin.py:115} INFO - [2022-08-29T12:36:27.929-0400] {dag.py:2977} INFO - Setting next_dagrun for example_branch_python_operator_decorator to 2022-08-28T00:00:00+00:00, run_after=2022-08-29T00:00:00+00:00
[2022-08-29T12:36:27.966-0400] {processor.py:161} INFO - Processing /home/augenz/PycharmProjects/airflow/.env_airflow/lib/python3.9/site-packages/airflow/example_dags/example_branch_operator_decorator.py took 0.571 seconds
[2022-08-29T12:37:03.579-0400] {processor.py:153} INFO - Started process (PID=688) to work on /home/augenz/PycharmProjects/airflow/.env_airflow/lib/python3.9/site-packages/airflow/example_dags/example_branch_operator_decorator.py
[2022-08-29T12:37:03.582-0400] {processor.py:640} INFO - Processing file /home/augenz/PycharmProjects/airflow/.env_airflow/lib/python3.9/site-packages/airflow/example_dags/example_branch_operator_decorator.py for tasks to queue
[2022-08-29T12:37:03.584-0400] {logging_mixin.py:115} INFO - [2022-08-29T12:37:03.583-0400] {dagbag.py:508} INFO - Filling up the DagBag from /home/augenz/PycharmProjects/airflow/.env_airflow/lib/python3.9/site-packages/airflow/example_dags/example_branch_operator_decorator.py
[2022-08-29T12:37:03.658-0400] {processor.py:650} INFO - DAG(s) dict_keys(['example_branch_python_operator_decorator']) retrieved from /home/augenz/PycharmProjects/airflow/.env_airflow/lib/python3.9/site-packages/airflow/example_dags/example_branch_operator_decorator.py
[2022-08-29T12:37:04.590-0400] {logging_mixin.py:115} INFO - [2022-08-29T12:37:04.589-0400] {dag.py:2429} INFO - Sync 1 DAGs
[2022-08-29T12:37:04.662-0400] {logging_mixin.py:115} INFO - [2022-08-29T12:37:04.660-0400] {dag.py:2977} INFO - Setting next_dagrun for example_branch_python_operator_decorator to 2022-08-28T00:00:00+00:00, run_after=2022-08-29T00:00:00+00:00
[2022-08-29T12:37:04.733-0400] {processor.py:161} INFO - Processing /home/augenz/PycharmProjects/airflow/.env_airflow/lib/python3.9/site-packages/airflow/example_dags/example_branch_operator_decorator.py took 1.163 seconds
[2022-08-29T12:37:42.785-0400] {processor.py:153} INFO - Started process (PID=730) to work on /home/augenz/PycharmProjects/airflow/.env_airflow/lib/python3.9/site-packages/airflow/example_dags/example_branch_operator_decorator.py
[2022-08-29T12:37:42.788-0400] {processor.py:640} INFO - Processing file /home/augenz/PycharmProjects/airflow/.env_airflow/lib/python3.9/site-packages/airflow/example_dags/example_branch_operator_decorator.py for tasks to queue
[2022-08-29T12:37:42.790-0400] {logging_mixin.py:115} INFO - [2022-08-29T12:37:42.789-0400] {dagbag.py:508} INFO - Filling up the DagBag from /home/augenz/PycharmProjects/airflow/.env_airflow/lib/python3.9/site-packages/airflow/example_dags/example_branch_operator_decorator.py
[2022-08-29T12:37:42.878-0400] {processor.py:650} INFO - DAG(s) dict_keys(['example_branch_python_operator_decorator']) retrieved from /home/augenz/PycharmProjects/airflow/.env_airflow/lib/python3.9/site-packages/airflow/example_dags/example_branch_operator_decorator.py
[2022-08-29T12:37:43.997-0400] {logging_mixin.py:115} INFO - [2022-08-29T12:37:43.996-0400] {dag.py:2429} INFO - Sync 1 DAGs
[2022-08-29T12:37:44.094-0400] {logging_mixin.py:115} INFO - [2022-08-29T12:37:44.083-0400] {dag.py:2977} INFO - Setting next_dagrun for example_branch_python_operator_decorator to 2022-08-28T00:00:00+00:00, run_after=2022-08-29T00:00:00+00:00
[2022-08-29T12:37:44.160-0400] {processor.py:161} INFO - Processing /home/augenz/PycharmProjects/airflow/.env_airflow/lib/python3.9/site-packages/airflow/example_dags/example_branch_operator_decorator.py took 1.389 seconds
[2022-08-29T12:38:15.252-0400] {processor.py:153} INFO - Started process (PID=790) to work on /home/augenz/PycharmProjects/airflow/.env_airflow/lib/python3.9/site-packages/airflow/example_dags/example_branch_operator_decorator.py
[2022-08-29T12:38:15.318-0400] {processor.py:640} INFO - Processing file /home/augenz/PycharmProjects/airflow/.env_airflow/lib/python3.9/site-packages/airflow/example_dags/example_branch_operator_decorator.py for tasks to queue
[2022-08-29T12:38:15.320-0400] {logging_mixin.py:115} INFO - [2022-08-29T12:38:15.319-0400] {dagbag.py:508} INFO - Filling up the DagBag from /home/augenz/PycharmProjects/airflow/.env_airflow/lib/python3.9/site-packages/airflow/example_dags/example_branch_operator_decorator.py
[2022-08-29T12:38:15.417-0400] {processor.py:650} INFO - DAG(s) dict_keys(['example_branch_python_operator_decorator']) retrieved from /home/augenz/PycharmProjects/airflow/.env_airflow/lib/python3.9/site-packages/airflow/example_dags/example_branch_operator_decorator.py
[2022-08-29T12:38:17.037-0400] {logging_mixin.py:115} INFO - [2022-08-29T12:38:17.036-0400] {dag.py:2429} INFO - Sync 1 DAGs
[2022-08-29T12:38:17.112-0400] {logging_mixin.py:115} INFO - [2022-08-29T12:38:17.111-0400] {dag.py:2977} INFO - Setting next_dagrun for example_branch_python_operator_decorator to 2022-08-28T00:00:00+00:00, run_after=2022-08-29T00:00:00+00:00
[2022-08-29T12:38:17.254-0400] {processor.py:161} INFO - Processing /home/augenz/PycharmProjects/airflow/.env_airflow/lib/python3.9/site-packages/airflow/example_dags/example_branch_operator_decorator.py took 2.042 seconds
[2022-08-29T12:38:47.688-0400] {processor.py:153} INFO - Started process (PID=826) to work on /home/augenz/PycharmProjects/airflow/.env_airflow/lib/python3.9/site-packages/airflow/example_dags/example_branch_operator_decorator.py
[2022-08-29T12:38:47.694-0400] {processor.py:640} INFO - Processing file /home/augenz/PycharmProjects/airflow/.env_airflow/lib/python3.9/site-packages/airflow/example_dags/example_branch_operator_decorator.py for tasks to queue
[2022-08-29T12:38:47.695-0400] {logging_mixin.py:115} INFO - [2022-08-29T12:38:47.695-0400] {dagbag.py:508} INFO - Filling up the DagBag from /home/augenz/PycharmProjects/airflow/.env_airflow/lib/python3.9/site-packages/airflow/example_dags/example_branch_operator_decorator.py
[2022-08-29T12:38:47.725-0400] {processor.py:650} INFO - DAG(s) dict_keys(['example_branch_python_operator_decorator']) retrieved from /home/augenz/PycharmProjects/airflow/.env_airflow/lib/python3.9/site-packages/airflow/example_dags/example_branch_operator_decorator.py
[2022-08-29T12:38:48.158-0400] {logging_mixin.py:115} INFO - [2022-08-29T12:38:48.158-0400] {dag.py:2429} INFO - Sync 1 DAGs
[2022-08-29T12:38:48.187-0400] {logging_mixin.py:115} INFO - [2022-08-29T12:38:48.187-0400] {dag.py:2977} INFO - Setting next_dagrun for example_branch_python_operator_decorator to 2022-08-28T00:00:00+00:00, run_after=2022-08-29T00:00:00+00:00
[2022-08-29T12:38:48.238-0400] {processor.py:161} INFO - Processing /home/augenz/PycharmProjects/airflow/.env_airflow/lib/python3.9/site-packages/airflow/example_dags/example_branch_operator_decorator.py took 0.554 seconds
[2022-08-29T12:39:18.409-0400] {processor.py:153} INFO - Started process (PID=861) to work on /home/augenz/PycharmProjects/airflow/.env_airflow/lib/python3.9/site-packages/airflow/example_dags/example_branch_operator_decorator.py
[2022-08-29T12:39:18.412-0400] {processor.py:640} INFO - Processing file /home/augenz/PycharmProjects/airflow/.env_airflow/lib/python3.9/site-packages/airflow/example_dags/example_branch_operator_decorator.py for tasks to queue
[2022-08-29T12:39:18.413-0400] {logging_mixin.py:115} INFO - [2022-08-29T12:39:18.413-0400] {dagbag.py:508} INFO - Filling up the DagBag from /home/augenz/PycharmProjects/airflow/.env_airflow/lib/python3.9/site-packages/airflow/example_dags/example_branch_operator_decorator.py
[2022-08-29T12:39:18.458-0400] {processor.py:650} INFO - DAG(s) dict_keys(['example_branch_python_operator_decorator']) retrieved from /home/augenz/PycharmProjects/airflow/.env_airflow/lib/python3.9/site-packages/airflow/example_dags/example_branch_operator_decorator.py
[2022-08-29T12:39:19.100-0400] {logging_mixin.py:115} INFO - [2022-08-29T12:39:19.100-0400] {dag.py:2429} INFO - Sync 1 DAGs
[2022-08-29T12:39:19.130-0400] {logging_mixin.py:115} INFO - [2022-08-29T12:39:19.130-0400] {dag.py:2977} INFO - Setting next_dagrun for example_branch_python_operator_decorator to 2022-08-28T00:00:00+00:00, run_after=2022-08-29T00:00:00+00:00
[2022-08-29T12:39:19.167-0400] {processor.py:161} INFO - Processing /home/augenz/PycharmProjects/airflow/.env_airflow/lib/python3.9/site-packages/airflow/example_dags/example_branch_operator_decorator.py took 0.764 seconds
[2022-08-29T12:39:49.387-0400] {processor.py:153} INFO - Started process (PID=900) to work on /home/augenz/PycharmProjects/airflow/.env_airflow/lib/python3.9/site-packages/airflow/example_dags/example_branch_operator_decorator.py
[2022-08-29T12:39:49.389-0400] {processor.py:640} INFO - Processing file /home/augenz/PycharmProjects/airflow/.env_airflow/lib/python3.9/site-packages/airflow/example_dags/example_branch_operator_decorator.py for tasks to queue
[2022-08-29T12:39:49.390-0400] {logging_mixin.py:115} INFO - [2022-08-29T12:39:49.389-0400] {dagbag.py:508} INFO - Filling up the DagBag from /home/augenz/PycharmProjects/airflow/.env_airflow/lib/python3.9/site-packages/airflow/example_dags/example_branch_operator_decorator.py
[2022-08-29T12:39:49.418-0400] {processor.py:650} INFO - DAG(s) dict_keys(['example_branch_python_operator_decorator']) retrieved from /home/augenz/PycharmProjects/airflow/.env_airflow/lib/python3.9/site-packages/airflow/example_dags/example_branch_operator_decorator.py
[2022-08-29T12:39:49.865-0400] {logging_mixin.py:115} INFO - [2022-08-29T12:39:49.865-0400] {dag.py:2429} INFO - Sync 1 DAGs
[2022-08-29T12:39:49.895-0400] {logging_mixin.py:115} INFO - [2022-08-29T12:39:49.895-0400] {dag.py:2977} INFO - Setting next_dagrun for example_branch_python_operator_decorator to 2022-08-28T00:00:00+00:00, run_after=2022-08-29T00:00:00+00:00
[2022-08-29T12:39:49.956-0400] {processor.py:161} INFO - Processing /home/augenz/PycharmProjects/airflow/.env_airflow/lib/python3.9/site-packages/airflow/example_dags/example_branch_operator_decorator.py took 0.575 seconds
[2022-08-29T12:40:20.697-0400] {processor.py:153} INFO - Started process (PID=935) to work on /home/augenz/PycharmProjects/airflow/.env_airflow/lib/python3.9/site-packages/airflow/example_dags/example_branch_operator_decorator.py
[2022-08-29T12:40:20.700-0400] {processor.py:640} INFO - Processing file /home/augenz/PycharmProjects/airflow/.env_airflow/lib/python3.9/site-packages/airflow/example_dags/example_branch_operator_decorator.py for tasks to queue
[2022-08-29T12:40:20.700-0400] {logging_mixin.py:115} INFO - [2022-08-29T12:40:20.700-0400] {dagbag.py:508} INFO - Filling up the DagBag from /home/augenz/PycharmProjects/airflow/.env_airflow/lib/python3.9/site-packages/airflow/example_dags/example_branch_operator_decorator.py
[2022-08-29T12:40:20.730-0400] {processor.py:650} INFO - DAG(s) dict_keys(['example_branch_python_operator_decorator']) retrieved from /home/augenz/PycharmProjects/airflow/.env_airflow/lib/python3.9/site-packages/airflow/example_dags/example_branch_operator_decorator.py
[2022-08-29T12:40:21.216-0400] {logging_mixin.py:115} INFO - [2022-08-29T12:40:21.215-0400] {dag.py:2429} INFO - Sync 1 DAGs
[2022-08-29T12:40:21.245-0400] {logging_mixin.py:115} INFO - [2022-08-29T12:40:21.244-0400] {dag.py:2977} INFO - Setting next_dagrun for example_branch_python_operator_decorator to 2022-08-28T00:00:00+00:00, run_after=2022-08-29T00:00:00+00:00
[2022-08-29T12:40:21.294-0400] {processor.py:161} INFO - Processing /home/augenz/PycharmProjects/airflow/.env_airflow/lib/python3.9/site-packages/airflow/example_dags/example_branch_operator_decorator.py took 0.604 seconds
[2022-08-29T12:40:51.543-0400] {processor.py:153} INFO - Started process (PID=969) to work on /home/augenz/PycharmProjects/airflow/.env_airflow/lib/python3.9/site-packages/airflow/example_dags/example_branch_operator_decorator.py
[2022-08-29T12:40:51.544-0400] {processor.py:640} INFO - Processing file /home/augenz/PycharmProjects/airflow/.env_airflow/lib/python3.9/site-packages/airflow/example_dags/example_branch_operator_decorator.py for tasks to queue
[2022-08-29T12:40:51.546-0400] {logging_mixin.py:115} INFO - [2022-08-29T12:40:51.546-0400] {dagbag.py:508} INFO - Filling up the DagBag from /home/augenz/PycharmProjects/airflow/.env_airflow/lib/python3.9/site-packages/airflow/example_dags/example_branch_operator_decorator.py
[2022-08-29T12:40:51.576-0400] {processor.py:650} INFO - DAG(s) dict_keys(['example_branch_python_operator_decorator']) retrieved from /home/augenz/PycharmProjects/airflow/.env_airflow/lib/python3.9/site-packages/airflow/example_dags/example_branch_operator_decorator.py
[2022-08-29T12:40:52.028-0400] {logging_mixin.py:115} INFO - [2022-08-29T12:40:52.027-0400] {dag.py:2429} INFO - Sync 1 DAGs
[2022-08-29T12:40:52.058-0400] {logging_mixin.py:115} INFO - [2022-08-29T12:40:52.058-0400] {dag.py:2977} INFO - Setting next_dagrun for example_branch_python_operator_decorator to 2022-08-28T00:00:00+00:00, run_after=2022-08-29T00:00:00+00:00
[2022-08-29T12:40:52.115-0400] {processor.py:161} INFO - Processing /home/augenz/PycharmProjects/airflow/.env_airflow/lib/python3.9/site-packages/airflow/example_dags/example_branch_operator_decorator.py took 0.580 seconds
[2022-08-29T12:41:22.496-0400] {processor.py:153} INFO - Started process (PID=1003) to work on /home/augenz/PycharmProjects/airflow/.env_airflow/lib/python3.9/site-packages/airflow/example_dags/example_branch_operator_decorator.py
[2022-08-29T12:41:22.498-0400] {processor.py:640} INFO - Processing file /home/augenz/PycharmProjects/airflow/.env_airflow/lib/python3.9/site-packages/airflow/example_dags/example_branch_operator_decorator.py for tasks to queue
[2022-08-29T12:41:22.499-0400] {logging_mixin.py:115} INFO - [2022-08-29T12:41:22.499-0400] {dagbag.py:508} INFO - Filling up the DagBag from /home/augenz/PycharmProjects/airflow/.env_airflow/lib/python3.9/site-packages/airflow/example_dags/example_branch_operator_decorator.py
[2022-08-29T12:41:22.545-0400] {processor.py:650} INFO - DAG(s) dict_keys(['example_branch_python_operator_decorator']) retrieved from /home/augenz/PycharmProjects/airflow/.env_airflow/lib/python3.9/site-packages/airflow/example_dags/example_branch_operator_decorator.py
[2022-08-29T12:41:23.096-0400] {logging_mixin.py:115} INFO - [2022-08-29T12:41:23.096-0400] {dag.py:2429} INFO - Sync 1 DAGs
[2022-08-29T12:41:23.133-0400] {logging_mixin.py:115} INFO - [2022-08-29T12:41:23.133-0400] {dag.py:2977} INFO - Setting next_dagrun for example_branch_python_operator_decorator to 2022-08-28T00:00:00+00:00, run_after=2022-08-29T00:00:00+00:00
[2022-08-29T12:41:23.186-0400] {processor.py:161} INFO - Processing /home/augenz/PycharmProjects/airflow/.env_airflow/lib/python3.9/site-packages/airflow/example_dags/example_branch_operator_decorator.py took 0.696 seconds
[2022-08-29T12:41:53.533-0400] {processor.py:153} INFO - Started process (PID=1047) to work on /home/augenz/PycharmProjects/airflow/.env_airflow/lib/python3.9/site-packages/airflow/example_dags/example_branch_operator_decorator.py
[2022-08-29T12:41:53.534-0400] {processor.py:640} INFO - Processing file /home/augenz/PycharmProjects/airflow/.env_airflow/lib/python3.9/site-packages/airflow/example_dags/example_branch_operator_decorator.py for tasks to queue
[2022-08-29T12:41:53.535-0400] {logging_mixin.py:115} INFO - [2022-08-29T12:41:53.535-0400] {dagbag.py:508} INFO - Filling up the DagBag from /home/augenz/PycharmProjects/airflow/.env_airflow/lib/python3.9/site-packages/airflow/example_dags/example_branch_operator_decorator.py
[2022-08-29T12:41:53.564-0400] {processor.py:650} INFO - DAG(s) dict_keys(['example_branch_python_operator_decorator']) retrieved from /home/augenz/PycharmProjects/airflow/.env_airflow/lib/python3.9/site-packages/airflow/example_dags/example_branch_operator_decorator.py
[2022-08-29T12:41:54.047-0400] {logging_mixin.py:115} INFO - [2022-08-29T12:41:54.047-0400] {dag.py:2429} INFO - Sync 1 DAGs
[2022-08-29T12:41:54.078-0400] {logging_mixin.py:115} INFO - [2022-08-29T12:41:54.078-0400] {dag.py:2977} INFO - Setting next_dagrun for example_branch_python_operator_decorator to 2022-08-28T00:00:00+00:00, run_after=2022-08-29T00:00:00+00:00
[2022-08-29T12:41:54.149-0400] {processor.py:161} INFO - Processing /home/augenz/PycharmProjects/airflow/.env_airflow/lib/python3.9/site-packages/airflow/example_dags/example_branch_operator_decorator.py took 0.619 seconds
[2022-08-29T12:42:24.351-0400] {processor.py:153} INFO - Started process (PID=1081) to work on /home/augenz/PycharmProjects/airflow/.env_airflow/lib/python3.9/site-packages/airflow/example_dags/example_branch_operator_decorator.py
[2022-08-29T12:42:24.353-0400] {processor.py:640} INFO - Processing file /home/augenz/PycharmProjects/airflow/.env_airflow/lib/python3.9/site-packages/airflow/example_dags/example_branch_operator_decorator.py for tasks to queue
[2022-08-29T12:42:24.355-0400] {logging_mixin.py:115} INFO - [2022-08-29T12:42:24.354-0400] {dagbag.py:508} INFO - Filling up the DagBag from /home/augenz/PycharmProjects/airflow/.env_airflow/lib/python3.9/site-packages/airflow/example_dags/example_branch_operator_decorator.py
[2022-08-29T12:42:24.393-0400] {processor.py:650} INFO - DAG(s) dict_keys(['example_branch_python_operator_decorator']) retrieved from /home/augenz/PycharmProjects/airflow/.env_airflow/lib/python3.9/site-packages/airflow/example_dags/example_branch_operator_decorator.py
[2022-08-29T12:42:24.844-0400] {logging_mixin.py:115} INFO - [2022-08-29T12:42:24.844-0400] {dag.py:2429} INFO - Sync 1 DAGs
[2022-08-29T12:42:24.873-0400] {logging_mixin.py:115} INFO - [2022-08-29T12:42:24.873-0400] {dag.py:2977} INFO - Setting next_dagrun for example_branch_python_operator_decorator to 2022-08-28T00:00:00+00:00, run_after=2022-08-29T00:00:00+00:00
[2022-08-29T12:42:24.911-0400] {processor.py:161} INFO - Processing /home/augenz/PycharmProjects/airflow/.env_airflow/lib/python3.9/site-packages/airflow/example_dags/example_branch_operator_decorator.py took 0.565 seconds
[2022-08-29T12:42:55.403-0400] {processor.py:153} INFO - Started process (PID=1115) to work on /home/augenz/PycharmProjects/airflow/.env_airflow/lib/python3.9/site-packages/airflow/example_dags/example_branch_operator_decorator.py
[2022-08-29T12:42:55.405-0400] {processor.py:640} INFO - Processing file /home/augenz/PycharmProjects/airflow/.env_airflow/lib/python3.9/site-packages/airflow/example_dags/example_branch_operator_decorator.py for tasks to queue
[2022-08-29T12:42:55.406-0400] {logging_mixin.py:115} INFO - [2022-08-29T12:42:55.405-0400] {dagbag.py:508} INFO - Filling up the DagBag from /home/augenz/PycharmProjects/airflow/.env_airflow/lib/python3.9/site-packages/airflow/example_dags/example_branch_operator_decorator.py
[2022-08-29T12:42:55.435-0400] {processor.py:650} INFO - DAG(s) dict_keys(['example_branch_python_operator_decorator']) retrieved from /home/augenz/PycharmProjects/airflow/.env_airflow/lib/python3.9/site-packages/airflow/example_dags/example_branch_operator_decorator.py
[2022-08-29T12:42:55.883-0400] {logging_mixin.py:115} INFO - [2022-08-29T12:42:55.883-0400] {dag.py:2429} INFO - Sync 1 DAGs
[2022-08-29T12:42:55.913-0400] {logging_mixin.py:115} INFO - [2022-08-29T12:42:55.913-0400] {dag.py:2977} INFO - Setting next_dagrun for example_branch_python_operator_decorator to 2022-08-28T00:00:00+00:00, run_after=2022-08-29T00:00:00+00:00
[2022-08-29T12:42:55.959-0400] {processor.py:161} INFO - Processing /home/augenz/PycharmProjects/airflow/.env_airflow/lib/python3.9/site-packages/airflow/example_dags/example_branch_operator_decorator.py took 0.561 seconds
[2022-08-29T12:43:26.518-0400] {processor.py:153} INFO - Started process (PID=1150) to work on /home/augenz/PycharmProjects/airflow/.env_airflow/lib/python3.9/site-packages/airflow/example_dags/example_branch_operator_decorator.py
[2022-08-29T12:43:26.520-0400] {processor.py:640} INFO - Processing file /home/augenz/PycharmProjects/airflow/.env_airflow/lib/python3.9/site-packages/airflow/example_dags/example_branch_operator_decorator.py for tasks to queue
[2022-08-29T12:43:26.521-0400] {logging_mixin.py:115} INFO - [2022-08-29T12:43:26.521-0400] {dagbag.py:508} INFO - Filling up the DagBag from /home/augenz/PycharmProjects/airflow/.env_airflow/lib/python3.9/site-packages/airflow/example_dags/example_branch_operator_decorator.py
[2022-08-29T12:43:26.563-0400] {processor.py:650} INFO - DAG(s) dict_keys(['example_branch_python_operator_decorator']) retrieved from /home/augenz/PycharmProjects/airflow/.env_airflow/lib/python3.9/site-packages/airflow/example_dags/example_branch_operator_decorator.py
[2022-08-29T12:43:27.047-0400] {logging_mixin.py:115} INFO - [2022-08-29T12:43:27.047-0400] {dag.py:2429} INFO - Sync 1 DAGs
[2022-08-29T12:43:27.078-0400] {logging_mixin.py:115} INFO - [2022-08-29T12:43:27.078-0400] {dag.py:2977} INFO - Setting next_dagrun for example_branch_python_operator_decorator to 2022-08-28T00:00:00+00:00, run_after=2022-08-29T00:00:00+00:00
[2022-08-29T12:43:27.138-0400] {processor.py:161} INFO - Processing /home/augenz/PycharmProjects/airflow/.env_airflow/lib/python3.9/site-packages/airflow/example_dags/example_branch_operator_decorator.py took 0.624 seconds
[2022-08-29T12:43:57.344-0400] {processor.py:153} INFO - Started process (PID=1185) to work on /home/augenz/PycharmProjects/airflow/.env_airflow/lib/python3.9/site-packages/airflow/example_dags/example_branch_operator_decorator.py
[2022-08-29T12:43:57.345-0400] {processor.py:640} INFO - Processing file /home/augenz/PycharmProjects/airflow/.env_airflow/lib/python3.9/site-packages/airflow/example_dags/example_branch_operator_decorator.py for tasks to queue
[2022-08-29T12:43:57.346-0400] {logging_mixin.py:115} INFO - [2022-08-29T12:43:57.346-0400] {dagbag.py:508} INFO - Filling up the DagBag from /home/augenz/PycharmProjects/airflow/.env_airflow/lib/python3.9/site-packages/airflow/example_dags/example_branch_operator_decorator.py
[2022-08-29T12:43:57.372-0400] {processor.py:650} INFO - DAG(s) dict_keys(['example_branch_python_operator_decorator']) retrieved from /home/augenz/PycharmProjects/airflow/.env_airflow/lib/python3.9/site-packages/airflow/example_dags/example_branch_operator_decorator.py
[2022-08-29T12:43:57.827-0400] {logging_mixin.py:115} INFO - [2022-08-29T12:43:57.827-0400] {dag.py:2429} INFO - Sync 1 DAGs
[2022-08-29T12:43:57.857-0400] {logging_mixin.py:115} INFO - [2022-08-29T12:43:57.857-0400] {dag.py:2977} INFO - Setting next_dagrun for example_branch_python_operator_decorator to 2022-08-28T00:00:00+00:00, run_after=2022-08-29T00:00:00+00:00
[2022-08-29T12:43:57.893-0400] {processor.py:161} INFO - Processing /home/augenz/PycharmProjects/airflow/.env_airflow/lib/python3.9/site-packages/airflow/example_dags/example_branch_operator_decorator.py took 0.553 seconds
[2022-08-29T12:44:28.522-0400] {processor.py:153} INFO - Started process (PID=1219) to work on /home/augenz/PycharmProjects/airflow/.env_airflow/lib/python3.9/site-packages/airflow/example_dags/example_branch_operator_decorator.py
[2022-08-29T12:44:28.528-0400] {processor.py:640} INFO - Processing file /home/augenz/PycharmProjects/airflow/.env_airflow/lib/python3.9/site-packages/airflow/example_dags/example_branch_operator_decorator.py for tasks to queue
[2022-08-29T12:44:28.530-0400] {logging_mixin.py:115} INFO - [2022-08-29T12:44:28.529-0400] {dagbag.py:508} INFO - Filling up the DagBag from /home/augenz/PycharmProjects/airflow/.env_airflow/lib/python3.9/site-packages/airflow/example_dags/example_branch_operator_decorator.py
[2022-08-29T12:44:28.575-0400] {processor.py:650} INFO - DAG(s) dict_keys(['example_branch_python_operator_decorator']) retrieved from /home/augenz/PycharmProjects/airflow/.env_airflow/lib/python3.9/site-packages/airflow/example_dags/example_branch_operator_decorator.py
[2022-08-29T12:44:29.091-0400] {logging_mixin.py:115} INFO - [2022-08-29T12:44:29.090-0400] {dag.py:2429} INFO - Sync 1 DAGs
[2022-08-29T12:44:29.129-0400] {logging_mixin.py:115} INFO - [2022-08-29T12:44:29.129-0400] {dag.py:2977} INFO - Setting next_dagrun for example_branch_python_operator_decorator to 2022-08-28T00:00:00+00:00, run_after=2022-08-29T00:00:00+00:00
[2022-08-29T12:44:29.173-0400] {processor.py:161} INFO - Processing /home/augenz/PycharmProjects/airflow/.env_airflow/lib/python3.9/site-packages/airflow/example_dags/example_branch_operator_decorator.py took 0.655 seconds
[2022-08-29T12:44:59.475-0400] {processor.py:153} INFO - Started process (PID=1268) to work on /home/augenz/PycharmProjects/airflow/.env_airflow/lib/python3.9/site-packages/airflow/example_dags/example_branch_operator_decorator.py
[2022-08-29T12:44:59.477-0400] {processor.py:640} INFO - Processing file /home/augenz/PycharmProjects/airflow/.env_airflow/lib/python3.9/site-packages/airflow/example_dags/example_branch_operator_decorator.py for tasks to queue
[2022-08-29T12:44:59.478-0400] {logging_mixin.py:115} INFO - [2022-08-29T12:44:59.478-0400] {dagbag.py:508} INFO - Filling up the DagBag from /home/augenz/PycharmProjects/airflow/.env_airflow/lib/python3.9/site-packages/airflow/example_dags/example_branch_operator_decorator.py
[2022-08-29T12:44:59.508-0400] {processor.py:650} INFO - DAG(s) dict_keys(['example_branch_python_operator_decorator']) retrieved from /home/augenz/PycharmProjects/airflow/.env_airflow/lib/python3.9/site-packages/airflow/example_dags/example_branch_operator_decorator.py
[2022-08-29T12:45:00.160-0400] {logging_mixin.py:115} INFO - [2022-08-29T12:45:00.159-0400] {dag.py:2429} INFO - Sync 1 DAGs
[2022-08-29T12:45:00.194-0400] {logging_mixin.py:115} INFO - [2022-08-29T12:45:00.194-0400] {dag.py:2977} INFO - Setting next_dagrun for example_branch_python_operator_decorator to 2022-08-28T00:00:00+00:00, run_after=2022-08-29T00:00:00+00:00
[2022-08-29T12:45:00.227-0400] {processor.py:161} INFO - Processing /home/augenz/PycharmProjects/airflow/.env_airflow/lib/python3.9/site-packages/airflow/example_dags/example_branch_operator_decorator.py took 0.757 seconds
[2022-08-29T12:45:31.007-0400] {processor.py:153} INFO - Started process (PID=1302) to work on /home/augenz/PycharmProjects/airflow/.env_airflow/lib/python3.9/site-packages/airflow/example_dags/example_branch_operator_decorator.py
[2022-08-29T12:45:31.008-0400] {processor.py:640} INFO - Processing file /home/augenz/PycharmProjects/airflow/.env_airflow/lib/python3.9/site-packages/airflow/example_dags/example_branch_operator_decorator.py for tasks to queue
[2022-08-29T12:45:31.010-0400] {logging_mixin.py:115} INFO - [2022-08-29T12:45:31.009-0400] {dagbag.py:508} INFO - Filling up the DagBag from /home/augenz/PycharmProjects/airflow/.env_airflow/lib/python3.9/site-packages/airflow/example_dags/example_branch_operator_decorator.py
[2022-08-29T12:45:31.052-0400] {processor.py:650} INFO - DAG(s) dict_keys(['example_branch_python_operator_decorator']) retrieved from /home/augenz/PycharmProjects/airflow/.env_airflow/lib/python3.9/site-packages/airflow/example_dags/example_branch_operator_decorator.py
[2022-08-29T12:45:31.568-0400] {logging_mixin.py:115} INFO - [2022-08-29T12:45:31.568-0400] {dag.py:2429} INFO - Sync 1 DAGs
[2022-08-29T12:45:31.606-0400] {logging_mixin.py:115} INFO - [2022-08-29T12:45:31.605-0400] {dag.py:2977} INFO - Setting next_dagrun for example_branch_python_operator_decorator to 2022-08-28T00:00:00+00:00, run_after=2022-08-29T00:00:00+00:00
[2022-08-29T12:45:31.639-0400] {processor.py:161} INFO - Processing /home/augenz/PycharmProjects/airflow/.env_airflow/lib/python3.9/site-packages/airflow/example_dags/example_branch_operator_decorator.py took 0.638 seconds
[2022-08-29T12:46:01.830-0400] {processor.py:153} INFO - Started process (PID=1337) to work on /home/augenz/PycharmProjects/airflow/.env_airflow/lib/python3.9/site-packages/airflow/example_dags/example_branch_operator_decorator.py
[2022-08-29T12:46:01.832-0400] {processor.py:640} INFO - Processing file /home/augenz/PycharmProjects/airflow/.env_airflow/lib/python3.9/site-packages/airflow/example_dags/example_branch_operator_decorator.py for tasks to queue
[2022-08-29T12:46:01.833-0400] {logging_mixin.py:115} INFO - [2022-08-29T12:46:01.832-0400] {dagbag.py:508} INFO - Filling up the DagBag from /home/augenz/PycharmProjects/airflow/.env_airflow/lib/python3.9/site-packages/airflow/example_dags/example_branch_operator_decorator.py
[2022-08-29T12:46:01.861-0400] {processor.py:650} INFO - DAG(s) dict_keys(['example_branch_python_operator_decorator']) retrieved from /home/augenz/PycharmProjects/airflow/.env_airflow/lib/python3.9/site-packages/airflow/example_dags/example_branch_operator_decorator.py
[2022-08-29T12:46:02.334-0400] {logging_mixin.py:115} INFO - [2022-08-29T12:46:02.333-0400] {dag.py:2429} INFO - Sync 1 DAGs
[2022-08-29T12:46:02.363-0400] {logging_mixin.py:115} INFO - [2022-08-29T12:46:02.363-0400] {dag.py:2977} INFO - Setting next_dagrun for example_branch_python_operator_decorator to 2022-08-28T00:00:00+00:00, run_after=2022-08-29T00:00:00+00:00
[2022-08-29T12:46:02.412-0400] {processor.py:161} INFO - Processing /home/augenz/PycharmProjects/airflow/.env_airflow/lib/python3.9/site-packages/airflow/example_dags/example_branch_operator_decorator.py took 0.586 seconds
[2022-08-29T12:46:33.062-0400] {processor.py:153} INFO - Started process (PID=1371) to work on /home/augenz/PycharmProjects/airflow/.env_airflow/lib/python3.9/site-packages/airflow/example_dags/example_branch_operator_decorator.py
[2022-08-29T12:46:33.063-0400] {processor.py:640} INFO - Processing file /home/augenz/PycharmProjects/airflow/.env_airflow/lib/python3.9/site-packages/airflow/example_dags/example_branch_operator_decorator.py for tasks to queue
[2022-08-29T12:46:33.064-0400] {logging_mixin.py:115} INFO - [2022-08-29T12:46:33.064-0400] {dagbag.py:508} INFO - Filling up the DagBag from /home/augenz/PycharmProjects/airflow/.env_airflow/lib/python3.9/site-packages/airflow/example_dags/example_branch_operator_decorator.py
[2022-08-29T12:46:33.105-0400] {processor.py:650} INFO - DAG(s) dict_keys(['example_branch_python_operator_decorator']) retrieved from /home/augenz/PycharmProjects/airflow/.env_airflow/lib/python3.9/site-packages/airflow/example_dags/example_branch_operator_decorator.py
[2022-08-29T12:46:33.715-0400] {logging_mixin.py:115} INFO - [2022-08-29T12:46:33.714-0400] {dag.py:2429} INFO - Sync 1 DAGs
[2022-08-29T12:46:33.744-0400] {logging_mixin.py:115} INFO - [2022-08-29T12:46:33.744-0400] {dag.py:2977} INFO - Setting next_dagrun for example_branch_python_operator_decorator to 2022-08-28T00:00:00+00:00, run_after=2022-08-29T00:00:00+00:00
[2022-08-29T12:46:33.801-0400] {processor.py:161} INFO - Processing /home/augenz/PycharmProjects/airflow/.env_airflow/lib/python3.9/site-packages/airflow/example_dags/example_branch_operator_decorator.py took 0.743 seconds
[2022-08-29T12:47:04.142-0400] {processor.py:153} INFO - Started process (PID=1406) to work on /home/augenz/PycharmProjects/airflow/.env_airflow/lib/python3.9/site-packages/airflow/example_dags/example_branch_operator_decorator.py
[2022-08-29T12:47:04.143-0400] {processor.py:640} INFO - Processing file /home/augenz/PycharmProjects/airflow/.env_airflow/lib/python3.9/site-packages/airflow/example_dags/example_branch_operator_decorator.py for tasks to queue
[2022-08-29T12:47:04.144-0400] {logging_mixin.py:115} INFO - [2022-08-29T12:47:04.144-0400] {dagbag.py:508} INFO - Filling up the DagBag from /home/augenz/PycharmProjects/airflow/.env_airflow/lib/python3.9/site-packages/airflow/example_dags/example_branch_operator_decorator.py
[2022-08-29T12:47:04.170-0400] {processor.py:650} INFO - DAG(s) dict_keys(['example_branch_python_operator_decorator']) retrieved from /home/augenz/PycharmProjects/airflow/.env_airflow/lib/python3.9/site-packages/airflow/example_dags/example_branch_operator_decorator.py
[2022-08-29T12:47:04.667-0400] {logging_mixin.py:115} INFO - [2022-08-29T12:47:04.666-0400] {dag.py:2429} INFO - Sync 1 DAGs
[2022-08-29T12:47:04.700-0400] {logging_mixin.py:115} INFO - [2022-08-29T12:47:04.700-0400] {dag.py:2977} INFO - Setting next_dagrun for example_branch_python_operator_decorator to 2022-08-28T00:00:00+00:00, run_after=2022-08-29T00:00:00+00:00
[2022-08-29T12:47:04.737-0400] {processor.py:161} INFO - Processing /home/augenz/PycharmProjects/airflow/.env_airflow/lib/python3.9/site-packages/airflow/example_dags/example_branch_operator_decorator.py took 0.600 seconds
[2022-08-29T12:47:34.807-0400] {processor.py:153} INFO - Started process (PID=1448) to work on /home/augenz/PycharmProjects/airflow/.env_airflow/lib/python3.9/site-packages/airflow/example_dags/example_branch_operator_decorator.py
[2022-08-29T12:47:34.815-0400] {processor.py:640} INFO - Processing file /home/augenz/PycharmProjects/airflow/.env_airflow/lib/python3.9/site-packages/airflow/example_dags/example_branch_operator_decorator.py for tasks to queue
[2022-08-29T12:47:34.816-0400] {logging_mixin.py:115} INFO - [2022-08-29T12:47:34.816-0400] {dagbag.py:508} INFO - Filling up the DagBag from /home/augenz/PycharmProjects/airflow/.env_airflow/lib/python3.9/site-packages/airflow/example_dags/example_branch_operator_decorator.py
[2022-08-29T12:47:34.845-0400] {processor.py:650} INFO - DAG(s) dict_keys(['example_branch_python_operator_decorator']) retrieved from /home/augenz/PycharmProjects/airflow/.env_airflow/lib/python3.9/site-packages/airflow/example_dags/example_branch_operator_decorator.py
[2022-08-29T12:47:35.299-0400] {logging_mixin.py:115} INFO - [2022-08-29T12:47:35.298-0400] {dag.py:2429} INFO - Sync 1 DAGs
[2022-08-29T12:47:35.328-0400] {logging_mixin.py:115} INFO - [2022-08-29T12:47:35.328-0400] {dag.py:2977} INFO - Setting next_dagrun for example_branch_python_operator_decorator to 2022-08-28T00:00:00+00:00, run_after=2022-08-29T00:00:00+00:00
[2022-08-29T12:47:35.385-0400] {processor.py:161} INFO - Processing /home/augenz/PycharmProjects/airflow/.env_airflow/lib/python3.9/site-packages/airflow/example_dags/example_branch_operator_decorator.py took 0.582 seconds
[2022-08-29T12:48:05.939-0400] {processor.py:153} INFO - Started process (PID=1482) to work on /home/augenz/PycharmProjects/airflow/.env_airflow/lib/python3.9/site-packages/airflow/example_dags/example_branch_operator_decorator.py
[2022-08-29T12:48:05.940-0400] {processor.py:640} INFO - Processing file /home/augenz/PycharmProjects/airflow/.env_airflow/lib/python3.9/site-packages/airflow/example_dags/example_branch_operator_decorator.py for tasks to queue
[2022-08-29T12:48:05.941-0400] {logging_mixin.py:115} INFO - [2022-08-29T12:48:05.941-0400] {dagbag.py:508} INFO - Filling up the DagBag from /home/augenz/PycharmProjects/airflow/.env_airflow/lib/python3.9/site-packages/airflow/example_dags/example_branch_operator_decorator.py
[2022-08-29T12:48:05.972-0400] {processor.py:650} INFO - DAG(s) dict_keys(['example_branch_python_operator_decorator']) retrieved from /home/augenz/PycharmProjects/airflow/.env_airflow/lib/python3.9/site-packages/airflow/example_dags/example_branch_operator_decorator.py
[2022-08-29T12:48:06.443-0400] {logging_mixin.py:115} INFO - [2022-08-29T12:48:06.443-0400] {dag.py:2429} INFO - Sync 1 DAGs
[2022-08-29T12:48:06.473-0400] {logging_mixin.py:115} INFO - [2022-08-29T12:48:06.473-0400] {dag.py:2977} INFO - Setting next_dagrun for example_branch_python_operator_decorator to 2022-08-28T00:00:00+00:00, run_after=2022-08-29T00:00:00+00:00
[2022-08-29T12:48:06.531-0400] {processor.py:161} INFO - Processing /home/augenz/PycharmProjects/airflow/.env_airflow/lib/python3.9/site-packages/airflow/example_dags/example_branch_operator_decorator.py took 0.597 seconds
[2022-08-29T12:48:36.663-0400] {processor.py:153} INFO - Started process (PID=1517) to work on /home/augenz/PycharmProjects/airflow/.env_airflow/lib/python3.9/site-packages/airflow/example_dags/example_branch_operator_decorator.py
[2022-08-29T12:48:36.664-0400] {processor.py:640} INFO - Processing file /home/augenz/PycharmProjects/airflow/.env_airflow/lib/python3.9/site-packages/airflow/example_dags/example_branch_operator_decorator.py for tasks to queue
[2022-08-29T12:48:36.665-0400] {logging_mixin.py:115} INFO - [2022-08-29T12:48:36.665-0400] {dagbag.py:508} INFO - Filling up the DagBag from /home/augenz/PycharmProjects/airflow/.env_airflow/lib/python3.9/site-packages/airflow/example_dags/example_branch_operator_decorator.py
[2022-08-29T12:48:36.695-0400] {processor.py:650} INFO - DAG(s) dict_keys(['example_branch_python_operator_decorator']) retrieved from /home/augenz/PycharmProjects/airflow/.env_airflow/lib/python3.9/site-packages/airflow/example_dags/example_branch_operator_decorator.py
[2022-08-29T12:48:37.141-0400] {logging_mixin.py:115} INFO - [2022-08-29T12:48:37.141-0400] {dag.py:2429} INFO - Sync 1 DAGs
[2022-08-29T12:48:37.172-0400] {logging_mixin.py:115} INFO - [2022-08-29T12:48:37.172-0400] {dag.py:2977} INFO - Setting next_dagrun for example_branch_python_operator_decorator to 2022-08-28T00:00:00+00:00, run_after=2022-08-29T00:00:00+00:00
[2022-08-29T12:48:37.237-0400] {processor.py:161} INFO - Processing /home/augenz/PycharmProjects/airflow/.env_airflow/lib/python3.9/site-packages/airflow/example_dags/example_branch_operator_decorator.py took 0.579 seconds
[2022-08-29T12:49:07.486-0400] {processor.py:153} INFO - Started process (PID=1551) to work on /home/augenz/PycharmProjects/airflow/.env_airflow/lib/python3.9/site-packages/airflow/example_dags/example_branch_operator_decorator.py
[2022-08-29T12:49:07.487-0400] {processor.py:640} INFO - Processing file /home/augenz/PycharmProjects/airflow/.env_airflow/lib/python3.9/site-packages/airflow/example_dags/example_branch_operator_decorator.py for tasks to queue
[2022-08-29T12:49:07.489-0400] {logging_mixin.py:115} INFO - [2022-08-29T12:49:07.488-0400] {dagbag.py:508} INFO - Filling up the DagBag from /home/augenz/PycharmProjects/airflow/.env_airflow/lib/python3.9/site-packages/airflow/example_dags/example_branch_operator_decorator.py
[2022-08-29T12:49:07.532-0400] {processor.py:650} INFO - DAG(s) dict_keys(['example_branch_python_operator_decorator']) retrieved from /home/augenz/PycharmProjects/airflow/.env_airflow/lib/python3.9/site-packages/airflow/example_dags/example_branch_operator_decorator.py
[2022-08-29T12:49:08.169-0400] {logging_mixin.py:115} INFO - [2022-08-29T12:49:08.168-0400] {dag.py:2429} INFO - Sync 1 DAGs
[2022-08-29T12:49:08.198-0400] {logging_mixin.py:115} INFO - [2022-08-29T12:49:08.198-0400] {dag.py:2977} INFO - Setting next_dagrun for example_branch_python_operator_decorator to 2022-08-28T00:00:00+00:00, run_after=2022-08-29T00:00:00+00:00
[2022-08-29T12:49:08.261-0400] {processor.py:161} INFO - Processing /home/augenz/PycharmProjects/airflow/.env_airflow/lib/python3.9/site-packages/airflow/example_dags/example_branch_operator_decorator.py took 0.781 seconds
[2022-08-29T12:49:38.323-0400] {processor.py:153} INFO - Started process (PID=1595) to work on /home/augenz/PycharmProjects/airflow/.env_airflow/lib/python3.9/site-packages/airflow/example_dags/example_branch_operator_decorator.py
[2022-08-29T12:49:38.336-0400] {processor.py:640} INFO - Processing file /home/augenz/PycharmProjects/airflow/.env_airflow/lib/python3.9/site-packages/airflow/example_dags/example_branch_operator_decorator.py for tasks to queue
[2022-08-29T12:49:38.337-0400] {logging_mixin.py:115} INFO - [2022-08-29T12:49:38.337-0400] {dagbag.py:508} INFO - Filling up the DagBag from /home/augenz/PycharmProjects/airflow/.env_airflow/lib/python3.9/site-packages/airflow/example_dags/example_branch_operator_decorator.py
[2022-08-29T12:49:38.373-0400] {processor.py:650} INFO - DAG(s) dict_keys(['example_branch_python_operator_decorator']) retrieved from /home/augenz/PycharmProjects/airflow/.env_airflow/lib/python3.9/site-packages/airflow/example_dags/example_branch_operator_decorator.py
[2022-08-29T12:49:39.001-0400] {logging_mixin.py:115} INFO - [2022-08-29T12:49:39.000-0400] {dag.py:2429} INFO - Sync 1 DAGs
[2022-08-29T12:49:39.054-0400] {logging_mixin.py:115} INFO - [2022-08-29T12:49:39.054-0400] {dag.py:2977} INFO - Setting next_dagrun for example_branch_python_operator_decorator to 2022-08-28T00:00:00+00:00, run_after=2022-08-29T00:00:00+00:00
[2022-08-29T12:49:39.122-0400] {processor.py:161} INFO - Processing /home/augenz/PycharmProjects/airflow/.env_airflow/lib/python3.9/site-packages/airflow/example_dags/example_branch_operator_decorator.py took 0.803 seconds
[2022-08-29T12:50:09.921-0400] {processor.py:153} INFO - Started process (PID=1629) to work on /home/augenz/PycharmProjects/airflow/.env_airflow/lib/python3.9/site-packages/airflow/example_dags/example_branch_operator_decorator.py
[2022-08-29T12:50:09.922-0400] {processor.py:640} INFO - Processing file /home/augenz/PycharmProjects/airflow/.env_airflow/lib/python3.9/site-packages/airflow/example_dags/example_branch_operator_decorator.py for tasks to queue
[2022-08-29T12:50:09.923-0400] {logging_mixin.py:115} INFO - [2022-08-29T12:50:09.923-0400] {dagbag.py:508} INFO - Filling up the DagBag from /home/augenz/PycharmProjects/airflow/.env_airflow/lib/python3.9/site-packages/airflow/example_dags/example_branch_operator_decorator.py
[2022-08-29T12:50:09.952-0400] {processor.py:650} INFO - DAG(s) dict_keys(['example_branch_python_operator_decorator']) retrieved from /home/augenz/PycharmProjects/airflow/.env_airflow/lib/python3.9/site-packages/airflow/example_dags/example_branch_operator_decorator.py
[2022-08-29T12:50:10.511-0400] {logging_mixin.py:115} INFO - [2022-08-29T12:50:10.510-0400] {dag.py:2429} INFO - Sync 1 DAGs
[2022-08-29T12:50:10.549-0400] {logging_mixin.py:115} INFO - [2022-08-29T12:50:10.549-0400] {dag.py:2977} INFO - Setting next_dagrun for example_branch_python_operator_decorator to 2022-08-28T00:00:00+00:00, run_after=2022-08-29T00:00:00+00:00
[2022-08-29T12:50:10.603-0400] {processor.py:161} INFO - Processing /home/augenz/PycharmProjects/airflow/.env_airflow/lib/python3.9/site-packages/airflow/example_dags/example_branch_operator_decorator.py took 0.687 seconds
[2022-08-29T12:50:40.889-0400] {processor.py:153} INFO - Started process (PID=1668) to work on /home/augenz/PycharmProjects/airflow/.env_airflow/lib/python3.9/site-packages/airflow/example_dags/example_branch_operator_decorator.py
[2022-08-29T12:50:40.890-0400] {processor.py:640} INFO - Processing file /home/augenz/PycharmProjects/airflow/.env_airflow/lib/python3.9/site-packages/airflow/example_dags/example_branch_operator_decorator.py for tasks to queue
[2022-08-29T12:50:40.891-0400] {logging_mixin.py:115} INFO - [2022-08-29T12:50:40.891-0400] {dagbag.py:508} INFO - Filling up the DagBag from /home/augenz/PycharmProjects/airflow/.env_airflow/lib/python3.9/site-packages/airflow/example_dags/example_branch_operator_decorator.py
[2022-08-29T12:50:40.934-0400] {processor.py:650} INFO - DAG(s) dict_keys(['example_branch_python_operator_decorator']) retrieved from /home/augenz/PycharmProjects/airflow/.env_airflow/lib/python3.9/site-packages/airflow/example_dags/example_branch_operator_decorator.py
[2022-08-29T12:50:41.517-0400] {logging_mixin.py:115} INFO - [2022-08-29T12:50:41.516-0400] {dag.py:2429} INFO - Sync 1 DAGs
[2022-08-29T12:50:41.546-0400] {logging_mixin.py:115} INFO - [2022-08-29T12:50:41.546-0400] {dag.py:2977} INFO - Setting next_dagrun for example_branch_python_operator_decorator to 2022-08-28T00:00:00+00:00, run_after=2022-08-29T00:00:00+00:00
[2022-08-29T12:50:41.591-0400] {processor.py:161} INFO - Processing /home/augenz/PycharmProjects/airflow/.env_airflow/lib/python3.9/site-packages/airflow/example_dags/example_branch_operator_decorator.py took 0.708 seconds
[2022-08-29T12:51:11.857-0400] {processor.py:153} INFO - Started process (PID=1702) to work on /home/augenz/PycharmProjects/airflow/.env_airflow/lib/python3.9/site-packages/airflow/example_dags/example_branch_operator_decorator.py
[2022-08-29T12:51:11.858-0400] {processor.py:640} INFO - Processing file /home/augenz/PycharmProjects/airflow/.env_airflow/lib/python3.9/site-packages/airflow/example_dags/example_branch_operator_decorator.py for tasks to queue
[2022-08-29T12:51:11.859-0400] {logging_mixin.py:115} INFO - [2022-08-29T12:51:11.859-0400] {dagbag.py:508} INFO - Filling up the DagBag from /home/augenz/PycharmProjects/airflow/.env_airflow/lib/python3.9/site-packages/airflow/example_dags/example_branch_operator_decorator.py
[2022-08-29T12:51:11.887-0400] {processor.py:650} INFO - DAG(s) dict_keys(['example_branch_python_operator_decorator']) retrieved from /home/augenz/PycharmProjects/airflow/.env_airflow/lib/python3.9/site-packages/airflow/example_dags/example_branch_operator_decorator.py
[2022-08-29T12:51:12.548-0400] {logging_mixin.py:115} INFO - [2022-08-29T12:51:12.547-0400] {dag.py:2429} INFO - Sync 1 DAGs
[2022-08-29T12:51:12.597-0400] {logging_mixin.py:115} INFO - [2022-08-29T12:51:12.597-0400] {dag.py:2977} INFO - Setting next_dagrun for example_branch_python_operator_decorator to 2022-08-28T00:00:00+00:00, run_after=2022-08-29T00:00:00+00:00
[2022-08-29T12:51:12.646-0400] {processor.py:161} INFO - Processing /home/augenz/PycharmProjects/airflow/.env_airflow/lib/python3.9/site-packages/airflow/example_dags/example_branch_operator_decorator.py took 0.795 seconds
[2022-08-29T12:51:42.949-0400] {processor.py:153} INFO - Started process (PID=1740) to work on /home/augenz/PycharmProjects/airflow/.env_airflow/lib/python3.9/site-packages/airflow/example_dags/example_branch_operator_decorator.py
[2022-08-29T12:51:42.950-0400] {processor.py:640} INFO - Processing file /home/augenz/PycharmProjects/airflow/.env_airflow/lib/python3.9/site-packages/airflow/example_dags/example_branch_operator_decorator.py for tasks to queue
[2022-08-29T12:51:42.951-0400] {logging_mixin.py:115} INFO - [2022-08-29T12:51:42.951-0400] {dagbag.py:508} INFO - Filling up the DagBag from /home/augenz/PycharmProjects/airflow/.env_airflow/lib/python3.9/site-packages/airflow/example_dags/example_branch_operator_decorator.py
[2022-08-29T12:51:42.978-0400] {processor.py:650} INFO - DAG(s) dict_keys(['example_branch_python_operator_decorator']) retrieved from /home/augenz/PycharmProjects/airflow/.env_airflow/lib/python3.9/site-packages/airflow/example_dags/example_branch_operator_decorator.py
[2022-08-29T12:51:43.447-0400] {logging_mixin.py:115} INFO - [2022-08-29T12:51:43.447-0400] {dag.py:2429} INFO - Sync 1 DAGs
[2022-08-29T12:51:43.477-0400] {logging_mixin.py:115} INFO - [2022-08-29T12:51:43.477-0400] {dag.py:2977} INFO - Setting next_dagrun for example_branch_python_operator_decorator to 2022-08-28T00:00:00+00:00, run_after=2022-08-29T00:00:00+00:00
[2022-08-29T12:51:43.536-0400] {processor.py:161} INFO - Processing /home/augenz/PycharmProjects/airflow/.env_airflow/lib/python3.9/site-packages/airflow/example_dags/example_branch_operator_decorator.py took 0.591 seconds
[2022-08-29T12:52:13.958-0400] {processor.py:153} INFO - Started process (PID=1774) to work on /home/augenz/PycharmProjects/airflow/.env_airflow/lib/python3.9/site-packages/airflow/example_dags/example_branch_operator_decorator.py
[2022-08-29T12:52:13.986-0400] {processor.py:640} INFO - Processing file /home/augenz/PycharmProjects/airflow/.env_airflow/lib/python3.9/site-packages/airflow/example_dags/example_branch_operator_decorator.py for tasks to queue
[2022-08-29T12:52:13.987-0400] {logging_mixin.py:115} INFO - [2022-08-29T12:52:13.987-0400] {dagbag.py:508} INFO - Filling up the DagBag from /home/augenz/PycharmProjects/airflow/.env_airflow/lib/python3.9/site-packages/airflow/example_dags/example_branch_operator_decorator.py
[2022-08-29T12:52:14.018-0400] {processor.py:650} INFO - DAG(s) dict_keys(['example_branch_python_operator_decorator']) retrieved from /home/augenz/PycharmProjects/airflow/.env_airflow/lib/python3.9/site-packages/airflow/example_dags/example_branch_operator_decorator.py
[2022-08-29T12:52:14.484-0400] {logging_mixin.py:115} INFO - [2022-08-29T12:52:14.483-0400] {dag.py:2429} INFO - Sync 1 DAGs
[2022-08-29T12:52:14.513-0400] {logging_mixin.py:115} INFO - [2022-08-29T12:52:14.513-0400] {dag.py:2977} INFO - Setting next_dagrun for example_branch_python_operator_decorator to 2022-08-28T00:00:00+00:00, run_after=2022-08-29T00:00:00+00:00
[2022-08-29T12:52:14.573-0400] {processor.py:161} INFO - Processing /home/augenz/PycharmProjects/airflow/.env_airflow/lib/python3.9/site-packages/airflow/example_dags/example_branch_operator_decorator.py took 0.620 seconds
[2022-08-29T12:52:44.665-0400] {processor.py:153} INFO - Started process (PID=1808) to work on /home/augenz/PycharmProjects/airflow/.env_airflow/lib/python3.9/site-packages/airflow/example_dags/example_branch_operator_decorator.py
[2022-08-29T12:52:44.670-0400] {processor.py:640} INFO - Processing file /home/augenz/PycharmProjects/airflow/.env_airflow/lib/python3.9/site-packages/airflow/example_dags/example_branch_operator_decorator.py for tasks to queue
[2022-08-29T12:52:44.671-0400] {logging_mixin.py:115} INFO - [2022-08-29T12:52:44.671-0400] {dagbag.py:508} INFO - Filling up the DagBag from /home/augenz/PycharmProjects/airflow/.env_airflow/lib/python3.9/site-packages/airflow/example_dags/example_branch_operator_decorator.py
[2022-08-29T12:52:44.699-0400] {processor.py:650} INFO - DAG(s) dict_keys(['example_branch_python_operator_decorator']) retrieved from /home/augenz/PycharmProjects/airflow/.env_airflow/lib/python3.9/site-packages/airflow/example_dags/example_branch_operator_decorator.py
[2022-08-29T12:52:45.160-0400] {logging_mixin.py:115} INFO - [2022-08-29T12:52:45.159-0400] {dag.py:2429} INFO - Sync 1 DAGs
[2022-08-29T12:52:45.189-0400] {logging_mixin.py:115} INFO - [2022-08-29T12:52:45.189-0400] {dag.py:2977} INFO - Setting next_dagrun for example_branch_python_operator_decorator to 2022-08-28T00:00:00+00:00, run_after=2022-08-29T00:00:00+00:00
[2022-08-29T12:52:45.245-0400] {processor.py:161} INFO - Processing /home/augenz/PycharmProjects/airflow/.env_airflow/lib/python3.9/site-packages/airflow/example_dags/example_branch_operator_decorator.py took 0.585 seconds
[2022-08-29T12:53:15.600-0400] {processor.py:153} INFO - Started process (PID=1845) to work on /home/augenz/PycharmProjects/airflow/.env_airflow/lib/python3.9/site-packages/airflow/example_dags/example_branch_operator_decorator.py
[2022-08-29T12:53:15.602-0400] {processor.py:640} INFO - Processing file /home/augenz/PycharmProjects/airflow/.env_airflow/lib/python3.9/site-packages/airflow/example_dags/example_branch_operator_decorator.py for tasks to queue
[2022-08-29T12:53:15.603-0400] {logging_mixin.py:115} INFO - [2022-08-29T12:53:15.603-0400] {dagbag.py:508} INFO - Filling up the DagBag from /home/augenz/PycharmProjects/airflow/.env_airflow/lib/python3.9/site-packages/airflow/example_dags/example_branch_operator_decorator.py
[2022-08-29T12:53:15.645-0400] {processor.py:650} INFO - DAG(s) dict_keys(['example_branch_python_operator_decorator']) retrieved from /home/augenz/PycharmProjects/airflow/.env_airflow/lib/python3.9/site-packages/airflow/example_dags/example_branch_operator_decorator.py
[2022-08-29T12:53:16.273-0400] {logging_mixin.py:115} INFO - [2022-08-29T12:53:16.272-0400] {dag.py:2429} INFO - Sync 1 DAGs
[2022-08-29T12:53:16.302-0400] {logging_mixin.py:115} INFO - [2022-08-29T12:53:16.302-0400] {dag.py:2977} INFO - Setting next_dagrun for example_branch_python_operator_decorator to 2022-08-28T00:00:00+00:00, run_after=2022-08-29T00:00:00+00:00
[2022-08-29T12:53:16.369-0400] {processor.py:161} INFO - Processing /home/augenz/PycharmProjects/airflow/.env_airflow/lib/python3.9/site-packages/airflow/example_dags/example_branch_operator_decorator.py took 0.774 seconds
[2022-08-29T12:53:47.136-0400] {processor.py:153} INFO - Started process (PID=1885) to work on /home/augenz/PycharmProjects/airflow/.env_airflow/lib/python3.9/site-packages/airflow/example_dags/example_branch_operator_decorator.py
[2022-08-29T12:53:47.149-0400] {processor.py:640} INFO - Processing file /home/augenz/PycharmProjects/airflow/.env_airflow/lib/python3.9/site-packages/airflow/example_dags/example_branch_operator_decorator.py for tasks to queue
[2022-08-29T12:53:47.150-0400] {logging_mixin.py:115} INFO - [2022-08-29T12:53:47.149-0400] {dagbag.py:508} INFO - Filling up the DagBag from /home/augenz/PycharmProjects/airflow/.env_airflow/lib/python3.9/site-packages/airflow/example_dags/example_branch_operator_decorator.py
[2022-08-29T12:53:47.181-0400] {processor.py:650} INFO - DAG(s) dict_keys(['example_branch_python_operator_decorator']) retrieved from /home/augenz/PycharmProjects/airflow/.env_airflow/lib/python3.9/site-packages/airflow/example_dags/example_branch_operator_decorator.py
[2022-08-29T12:53:47.654-0400] {logging_mixin.py:115} INFO - [2022-08-29T12:53:47.654-0400] {dag.py:2429} INFO - Sync 1 DAGs
[2022-08-29T12:53:47.684-0400] {logging_mixin.py:115} INFO - [2022-08-29T12:53:47.683-0400] {dag.py:2977} INFO - Setting next_dagrun for example_branch_python_operator_decorator to 2022-08-28T00:00:00+00:00, run_after=2022-08-29T00:00:00+00:00
[2022-08-29T12:53:47.740-0400] {processor.py:161} INFO - Processing /home/augenz/PycharmProjects/airflow/.env_airflow/lib/python3.9/site-packages/airflow/example_dags/example_branch_operator_decorator.py took 0.609 seconds
