[2022-08-29T12:33:15.090-0400] {processor.py:153} INFO - Started process (PID=375) to work on /home/augenz/PycharmProjects/airflow/.env_airflow/lib/python3.9/site-packages/airflow/example_dags/example_xcom.py
[2022-08-29T12:33:15.091-0400] {processor.py:640} INFO - Processing file /home/augenz/PycharmProjects/airflow/.env_airflow/lib/python3.9/site-packages/airflow/example_dags/example_xcom.py for tasks to queue
[2022-08-29T12:33:15.092-0400] {logging_mixin.py:115} INFO - [2022-08-29T12:33:15.092-0400] {dagbag.py:508} INFO - Filling up the DagBag from /home/augenz/PycharmProjects/airflow/.env_airflow/lib/python3.9/site-packages/airflow/example_dags/example_xcom.py
[2022-08-29T12:33:15.118-0400] {processor.py:650} INFO - DAG(s) dict_keys(['example_xcom']) retrieved from /home/augenz/PycharmProjects/airflow/.env_airflow/lib/python3.9/site-packages/airflow/example_dags/example_xcom.py
[2022-08-29T12:33:15.308-0400] {logging_mixin.py:115} INFO - [2022-08-29T12:33:15.308-0400] {manager.py:508} INFO - Created Permission View: can delete on DAG:example_xcom
[2022-08-29T12:33:15.358-0400] {logging_mixin.py:115} INFO - [2022-08-29T12:33:15.358-0400] {manager.py:508} INFO - Created Permission View: can read on DAG:example_xcom
[2022-08-29T12:33:15.400-0400] {logging_mixin.py:115} INFO - [2022-08-29T12:33:15.399-0400] {manager.py:508} INFO - Created Permission View: can edit on DAG:example_xcom
[2022-08-29T12:33:15.400-0400] {logging_mixin.py:115} INFO - [2022-08-29T12:33:15.400-0400] {dag.py:2429} INFO - Sync 1 DAGs
[2022-08-29T12:33:15.414-0400] {logging_mixin.py:115} INFO - [2022-08-29T12:33:15.414-0400] {dag.py:2448} INFO - Creating ORM DAG for example_xcom
[2022-08-29T12:33:15.431-0400] {logging_mixin.py:115} INFO - [2022-08-29T12:33:15.431-0400] {dag.py:2977} INFO - Setting next_dagrun for example_xcom to 2021-01-01T00:00:00+00:00, run_after=2021-01-01T00:00:00+00:00
[2022-08-29T12:33:15.471-0400] {processor.py:161} INFO - Processing /home/augenz/PycharmProjects/airflow/.env_airflow/lib/python3.9/site-packages/airflow/example_dags/example_xcom.py took 0.385 seconds
[2022-08-29T12:33:45.604-0400] {processor.py:153} INFO - Started process (PID=415) to work on /home/augenz/PycharmProjects/airflow/.env_airflow/lib/python3.9/site-packages/airflow/example_dags/example_xcom.py
[2022-08-29T12:33:45.607-0400] {processor.py:640} INFO - Processing file /home/augenz/PycharmProjects/airflow/.env_airflow/lib/python3.9/site-packages/airflow/example_dags/example_xcom.py for tasks to queue
[2022-08-29T12:33:45.608-0400] {logging_mixin.py:115} INFO - [2022-08-29T12:33:45.607-0400] {dagbag.py:508} INFO - Filling up the DagBag from /home/augenz/PycharmProjects/airflow/.env_airflow/lib/python3.9/site-packages/airflow/example_dags/example_xcom.py
[2022-08-29T12:33:45.633-0400] {processor.py:650} INFO - DAG(s) dict_keys(['example_xcom']) retrieved from /home/augenz/PycharmProjects/airflow/.env_airflow/lib/python3.9/site-packages/airflow/example_dags/example_xcom.py
[2022-08-29T12:33:45.722-0400] {logging_mixin.py:115} INFO - [2022-08-29T12:33:45.721-0400] {dag.py:2429} INFO - Sync 1 DAGs
[2022-08-29T12:33:45.751-0400] {logging_mixin.py:115} INFO - [2022-08-29T12:33:45.751-0400] {dag.py:2977} INFO - Setting next_dagrun for example_xcom to 2021-01-01T00:00:00+00:00, run_after=2021-01-01T00:00:00+00:00
[2022-08-29T12:33:45.828-0400] {processor.py:161} INFO - Processing /home/augenz/PycharmProjects/airflow/.env_airflow/lib/python3.9/site-packages/airflow/example_dags/example_xcom.py took 0.228 seconds
[2022-08-29T12:34:16.154-0400] {processor.py:153} INFO - Started process (PID=450) to work on /home/augenz/PycharmProjects/airflow/.env_airflow/lib/python3.9/site-packages/airflow/example_dags/example_xcom.py
[2022-08-29T12:34:16.156-0400] {processor.py:640} INFO - Processing file /home/augenz/PycharmProjects/airflow/.env_airflow/lib/python3.9/site-packages/airflow/example_dags/example_xcom.py for tasks to queue
[2022-08-29T12:34:16.157-0400] {logging_mixin.py:115} INFO - [2022-08-29T12:34:16.157-0400] {dagbag.py:508} INFO - Filling up the DagBag from /home/augenz/PycharmProjects/airflow/.env_airflow/lib/python3.9/site-packages/airflow/example_dags/example_xcom.py
[2022-08-29T12:34:16.216-0400] {processor.py:650} INFO - DAG(s) dict_keys(['example_xcom']) retrieved from /home/augenz/PycharmProjects/airflow/.env_airflow/lib/python3.9/site-packages/airflow/example_dags/example_xcom.py
[2022-08-29T12:34:16.279-0400] {logging_mixin.py:115} INFO - [2022-08-29T12:34:16.279-0400] {dag.py:2429} INFO - Sync 1 DAGs
[2022-08-29T12:34:16.330-0400] {logging_mixin.py:115} INFO - [2022-08-29T12:34:16.329-0400] {dag.py:2977} INFO - Setting next_dagrun for example_xcom to 2021-01-01T00:00:00+00:00, run_after=2021-01-01T00:00:00+00:00
[2022-08-29T12:34:16.394-0400] {processor.py:161} INFO - Processing /home/augenz/PycharmProjects/airflow/.env_airflow/lib/python3.9/site-packages/airflow/example_dags/example_xcom.py took 0.247 seconds
[2022-08-29T12:34:46.881-0400] {processor.py:153} INFO - Started process (PID=485) to work on /home/augenz/PycharmProjects/airflow/.env_airflow/lib/python3.9/site-packages/airflow/example_dags/example_xcom.py
[2022-08-29T12:34:46.882-0400] {processor.py:640} INFO - Processing file /home/augenz/PycharmProjects/airflow/.env_airflow/lib/python3.9/site-packages/airflow/example_dags/example_xcom.py for tasks to queue
[2022-08-29T12:34:46.884-0400] {logging_mixin.py:115} INFO - [2022-08-29T12:34:46.883-0400] {dagbag.py:508} INFO - Filling up the DagBag from /home/augenz/PycharmProjects/airflow/.env_airflow/lib/python3.9/site-packages/airflow/example_dags/example_xcom.py
[2022-08-29T12:34:46.936-0400] {processor.py:650} INFO - DAG(s) dict_keys(['example_xcom']) retrieved from /home/augenz/PycharmProjects/airflow/.env_airflow/lib/python3.9/site-packages/airflow/example_dags/example_xcom.py
[2022-08-29T12:34:46.985-0400] {logging_mixin.py:115} INFO - [2022-08-29T12:34:46.985-0400] {dag.py:2429} INFO - Sync 1 DAGs
[2022-08-29T12:34:47.031-0400] {logging_mixin.py:115} INFO - [2022-08-29T12:34:47.031-0400] {dag.py:2977} INFO - Setting next_dagrun for example_xcom to 2021-01-01T00:00:00+00:00, run_after=2021-01-01T00:00:00+00:00
[2022-08-29T12:34:47.073-0400] {processor.py:161} INFO - Processing /home/augenz/PycharmProjects/airflow/.env_airflow/lib/python3.9/site-packages/airflow/example_dags/example_xcom.py took 0.201 seconds
[2022-08-29T12:35:17.588-0400] {processor.py:153} INFO - Started process (PID=542) to work on /home/augenz/PycharmProjects/airflow/.env_airflow/lib/python3.9/site-packages/airflow/example_dags/example_xcom.py
[2022-08-29T12:35:17.591-0400] {processor.py:640} INFO - Processing file /home/augenz/PycharmProjects/airflow/.env_airflow/lib/python3.9/site-packages/airflow/example_dags/example_xcom.py for tasks to queue
[2022-08-29T12:35:17.592-0400] {logging_mixin.py:115} INFO - [2022-08-29T12:35:17.591-0400] {dagbag.py:508} INFO - Filling up the DagBag from /home/augenz/PycharmProjects/airflow/.env_airflow/lib/python3.9/site-packages/airflow/example_dags/example_xcom.py
[2022-08-29T12:35:17.618-0400] {processor.py:650} INFO - DAG(s) dict_keys(['example_xcom']) retrieved from /home/augenz/PycharmProjects/airflow/.env_airflow/lib/python3.9/site-packages/airflow/example_dags/example_xcom.py
[2022-08-29T12:35:17.750-0400] {logging_mixin.py:115} INFO - [2022-08-29T12:35:17.750-0400] {dag.py:2429} INFO - Sync 1 DAGs
[2022-08-29T12:35:17.788-0400] {logging_mixin.py:115} INFO - [2022-08-29T12:35:17.787-0400] {dag.py:2977} INFO - Setting next_dagrun for example_xcom to 2021-01-01T00:00:00+00:00, run_after=2021-01-01T00:00:00+00:00
[2022-08-29T12:35:17.844-0400] {processor.py:161} INFO - Processing /home/augenz/PycharmProjects/airflow/.env_airflow/lib/python3.9/site-packages/airflow/example_dags/example_xcom.py took 0.260 seconds
[2022-08-29T12:35:49.624-0400] {processor.py:153} INFO - Started process (PID=585) to work on /home/augenz/PycharmProjects/airflow/.env_airflow/lib/python3.9/site-packages/airflow/example_dags/example_xcom.py
[2022-08-29T12:35:49.627-0400] {processor.py:640} INFO - Processing file /home/augenz/PycharmProjects/airflow/.env_airflow/lib/python3.9/site-packages/airflow/example_dags/example_xcom.py for tasks to queue
[2022-08-29T12:35:49.628-0400] {logging_mixin.py:115} INFO - [2022-08-29T12:35:49.628-0400] {dagbag.py:508} INFO - Filling up the DagBag from /home/augenz/PycharmProjects/airflow/.env_airflow/lib/python3.9/site-packages/airflow/example_dags/example_xcom.py
[2022-08-29T12:35:49.653-0400] {processor.py:650} INFO - DAG(s) dict_keys(['example_xcom']) retrieved from /home/augenz/PycharmProjects/airflow/.env_airflow/lib/python3.9/site-packages/airflow/example_dags/example_xcom.py
[2022-08-29T12:35:50.192-0400] {logging_mixin.py:115} INFO - [2022-08-29T12:35:50.192-0400] {dag.py:2429} INFO - Sync 1 DAGs
[2022-08-29T12:35:50.220-0400] {logging_mixin.py:115} INFO - [2022-08-29T12:35:50.220-0400] {dag.py:2977} INFO - Setting next_dagrun for example_xcom to 2021-01-01T00:00:00+00:00, run_after=2021-01-01T00:00:00+00:00
[2022-08-29T12:35:50.263-0400] {processor.py:161} INFO - Processing /home/augenz/PycharmProjects/airflow/.env_airflow/lib/python3.9/site-packages/airflow/example_dags/example_xcom.py took 0.642 seconds
[2022-08-29T12:36:20.801-0400] {processor.py:153} INFO - Started process (PID=619) to work on /home/augenz/PycharmProjects/airflow/.env_airflow/lib/python3.9/site-packages/airflow/example_dags/example_xcom.py
[2022-08-29T12:36:20.805-0400] {processor.py:640} INFO - Processing file /home/augenz/PycharmProjects/airflow/.env_airflow/lib/python3.9/site-packages/airflow/example_dags/example_xcom.py for tasks to queue
[2022-08-29T12:36:20.806-0400] {logging_mixin.py:115} INFO - [2022-08-29T12:36:20.805-0400] {dagbag.py:508} INFO - Filling up the DagBag from /home/augenz/PycharmProjects/airflow/.env_airflow/lib/python3.9/site-packages/airflow/example_dags/example_xcom.py
[2022-08-29T12:36:20.841-0400] {processor.py:650} INFO - DAG(s) dict_keys(['example_xcom']) retrieved from /home/augenz/PycharmProjects/airflow/.env_airflow/lib/python3.9/site-packages/airflow/example_dags/example_xcom.py
[2022-08-29T12:36:21.383-0400] {logging_mixin.py:115} INFO - [2022-08-29T12:36:21.382-0400] {dag.py:2429} INFO - Sync 1 DAGs
[2022-08-29T12:36:21.410-0400] {logging_mixin.py:115} INFO - [2022-08-29T12:36:21.410-0400] {dag.py:2977} INFO - Setting next_dagrun for example_xcom to 2021-01-01T00:00:00+00:00, run_after=2021-01-01T00:00:00+00:00
[2022-08-29T12:36:21.451-0400] {processor.py:161} INFO - Processing /home/augenz/PycharmProjects/airflow/.env_airflow/lib/python3.9/site-packages/airflow/example_dags/example_xcom.py took 0.654 seconds
[2022-08-29T12:36:52.078-0400] {processor.py:153} INFO - Started process (PID=655) to work on /home/augenz/PycharmProjects/airflow/.env_airflow/lib/python3.9/site-packages/airflow/example_dags/example_xcom.py
[2022-08-29T12:36:52.082-0400] {processor.py:640} INFO - Processing file /home/augenz/PycharmProjects/airflow/.env_airflow/lib/python3.9/site-packages/airflow/example_dags/example_xcom.py for tasks to queue
[2022-08-29T12:36:52.083-0400] {logging_mixin.py:115} INFO - [2022-08-29T12:36:52.083-0400] {dagbag.py:508} INFO - Filling up the DagBag from /home/augenz/PycharmProjects/airflow/.env_airflow/lib/python3.9/site-packages/airflow/example_dags/example_xcom.py
[2022-08-29T12:36:52.128-0400] {processor.py:650} INFO - DAG(s) dict_keys(['example_xcom']) retrieved from /home/augenz/PycharmProjects/airflow/.env_airflow/lib/python3.9/site-packages/airflow/example_dags/example_xcom.py
[2022-08-29T12:36:52.916-0400] {logging_mixin.py:115} INFO - [2022-08-29T12:36:52.916-0400] {dag.py:2429} INFO - Sync 1 DAGs
[2022-08-29T12:36:52.971-0400] {logging_mixin.py:115} INFO - [2022-08-29T12:36:52.970-0400] {dag.py:2977} INFO - Setting next_dagrun for example_xcom to 2021-01-01T00:00:00+00:00, run_after=2021-01-01T00:00:00+00:00
[2022-08-29T12:36:53.016-0400] {processor.py:161} INFO - Processing /home/augenz/PycharmProjects/airflow/.env_airflow/lib/python3.9/site-packages/airflow/example_dags/example_xcom.py took 0.944 seconds
[2022-08-29T12:37:26.228-0400] {processor.py:153} INFO - Started process (PID=710) to work on /home/augenz/PycharmProjects/airflow/.env_airflow/lib/python3.9/site-packages/airflow/example_dags/example_xcom.py
[2022-08-29T12:37:26.235-0400] {processor.py:640} INFO - Processing file /home/augenz/PycharmProjects/airflow/.env_airflow/lib/python3.9/site-packages/airflow/example_dags/example_xcom.py for tasks to queue
[2022-08-29T12:37:26.236-0400] {logging_mixin.py:115} INFO - [2022-08-29T12:37:26.236-0400] {dagbag.py:508} INFO - Filling up the DagBag from /home/augenz/PycharmProjects/airflow/.env_airflow/lib/python3.9/site-packages/airflow/example_dags/example_xcom.py
[2022-08-29T12:37:26.333-0400] {processor.py:650} INFO - DAG(s) dict_keys(['example_xcom']) retrieved from /home/augenz/PycharmProjects/airflow/.env_airflow/lib/python3.9/site-packages/airflow/example_dags/example_xcom.py
[2022-08-29T12:37:27.621-0400] {logging_mixin.py:115} INFO - [2022-08-29T12:37:27.620-0400] {dag.py:2429} INFO - Sync 1 DAGs
[2022-08-29T12:37:27.693-0400] {logging_mixin.py:115} INFO - [2022-08-29T12:37:27.692-0400] {dag.py:2977} INFO - Setting next_dagrun for example_xcom to 2021-01-01T00:00:00+00:00, run_after=2021-01-01T00:00:00+00:00
[2022-08-29T12:37:27.863-0400] {processor.py:161} INFO - Processing /home/augenz/PycharmProjects/airflow/.env_airflow/lib/python3.9/site-packages/airflow/example_dags/example_xcom.py took 1.648 seconds
[2022-08-29T12:37:58.633-0400] {processor.py:153} INFO - Started process (PID=759) to work on /home/augenz/PycharmProjects/airflow/.env_airflow/lib/python3.9/site-packages/airflow/example_dags/example_xcom.py
[2022-08-29T12:37:58.644-0400] {processor.py:640} INFO - Processing file /home/augenz/PycharmProjects/airflow/.env_airflow/lib/python3.9/site-packages/airflow/example_dags/example_xcom.py for tasks to queue
[2022-08-29T12:37:58.647-0400] {logging_mixin.py:115} INFO - [2022-08-29T12:37:58.646-0400] {dagbag.py:508} INFO - Filling up the DagBag from /home/augenz/PycharmProjects/airflow/.env_airflow/lib/python3.9/site-packages/airflow/example_dags/example_xcom.py
[2022-08-29T12:37:58.713-0400] {processor.py:650} INFO - DAG(s) dict_keys(['example_xcom']) retrieved from /home/augenz/PycharmProjects/airflow/.env_airflow/lib/python3.9/site-packages/airflow/example_dags/example_xcom.py
[2022-08-29T12:38:00.473-0400] {logging_mixin.py:115} INFO - [2022-08-29T12:38:00.472-0400] {dag.py:2429} INFO - Sync 1 DAGs
[2022-08-29T12:38:00.677-0400] {logging_mixin.py:115} INFO - [2022-08-29T12:38:00.677-0400] {dag.py:2977} INFO - Setting next_dagrun for example_xcom to 2021-01-01T00:00:00+00:00, run_after=2021-01-01T00:00:00+00:00
[2022-08-29T12:38:00.957-0400] {processor.py:161} INFO - Processing /home/augenz/PycharmProjects/airflow/.env_airflow/lib/python3.9/site-packages/airflow/example_dags/example_xcom.py took 2.337 seconds
[2022-08-29T12:38:31.195-0400] {processor.py:153} INFO - Started process (PID=809) to work on /home/augenz/PycharmProjects/airflow/.env_airflow/lib/python3.9/site-packages/airflow/example_dags/example_xcom.py
[2022-08-29T12:38:31.225-0400] {processor.py:640} INFO - Processing file /home/augenz/PycharmProjects/airflow/.env_airflow/lib/python3.9/site-packages/airflow/example_dags/example_xcom.py for tasks to queue
[2022-08-29T12:38:31.227-0400] {logging_mixin.py:115} INFO - [2022-08-29T12:38:31.226-0400] {dagbag.py:508} INFO - Filling up the DagBag from /home/augenz/PycharmProjects/airflow/.env_airflow/lib/python3.9/site-packages/airflow/example_dags/example_xcom.py
[2022-08-29T12:38:31.273-0400] {processor.py:650} INFO - DAG(s) dict_keys(['example_xcom']) retrieved from /home/augenz/PycharmProjects/airflow/.env_airflow/lib/python3.9/site-packages/airflow/example_dags/example_xcom.py
[2022-08-29T12:38:32.229-0400] {logging_mixin.py:115} INFO - [2022-08-29T12:38:32.228-0400] {dag.py:2429} INFO - Sync 1 DAGs
[2022-08-29T12:38:32.318-0400] {logging_mixin.py:115} INFO - [2022-08-29T12:38:32.317-0400] {dag.py:2977} INFO - Setting next_dagrun for example_xcom to 2021-01-01T00:00:00+00:00, run_after=2021-01-01T00:00:00+00:00
[2022-08-29T12:38:32.400-0400] {processor.py:161} INFO - Processing /home/augenz/PycharmProjects/airflow/.env_airflow/lib/python3.9/site-packages/airflow/example_dags/example_xcom.py took 1.210 seconds
[2022-08-29T12:39:02.865-0400] {processor.py:153} INFO - Started process (PID=843) to work on /home/augenz/PycharmProjects/airflow/.env_airflow/lib/python3.9/site-packages/airflow/example_dags/example_xcom.py
[2022-08-29T12:39:02.875-0400] {processor.py:640} INFO - Processing file /home/augenz/PycharmProjects/airflow/.env_airflow/lib/python3.9/site-packages/airflow/example_dags/example_xcom.py for tasks to queue
[2022-08-29T12:39:02.876-0400] {logging_mixin.py:115} INFO - [2022-08-29T12:39:02.876-0400] {dagbag.py:508} INFO - Filling up the DagBag from /home/augenz/PycharmProjects/airflow/.env_airflow/lib/python3.9/site-packages/airflow/example_dags/example_xcom.py
[2022-08-29T12:39:02.903-0400] {processor.py:650} INFO - DAG(s) dict_keys(['example_xcom']) retrieved from /home/augenz/PycharmProjects/airflow/.env_airflow/lib/python3.9/site-packages/airflow/example_dags/example_xcom.py
[2022-08-29T12:39:03.331-0400] {logging_mixin.py:115} INFO - [2022-08-29T12:39:03.330-0400] {dag.py:2429} INFO - Sync 1 DAGs
[2022-08-29T12:39:03.365-0400] {logging_mixin.py:115} INFO - [2022-08-29T12:39:03.364-0400] {dag.py:2977} INFO - Setting next_dagrun for example_xcom to 2021-01-01T00:00:00+00:00, run_after=2021-01-01T00:00:00+00:00
[2022-08-29T12:39:03.398-0400] {processor.py:161} INFO - Processing /home/augenz/PycharmProjects/airflow/.env_airflow/lib/python3.9/site-packages/airflow/example_dags/example_xcom.py took 0.536 seconds
[2022-08-29T12:39:33.955-0400] {processor.py:153} INFO - Started process (PID=878) to work on /home/augenz/PycharmProjects/airflow/.env_airflow/lib/python3.9/site-packages/airflow/example_dags/example_xcom.py
[2022-08-29T12:39:33.964-0400] {processor.py:640} INFO - Processing file /home/augenz/PycharmProjects/airflow/.env_airflow/lib/python3.9/site-packages/airflow/example_dags/example_xcom.py for tasks to queue
[2022-08-29T12:39:33.966-0400] {logging_mixin.py:115} INFO - [2022-08-29T12:39:33.965-0400] {dagbag.py:508} INFO - Filling up the DagBag from /home/augenz/PycharmProjects/airflow/.env_airflow/lib/python3.9/site-packages/airflow/example_dags/example_xcom.py
[2022-08-29T12:39:33.997-0400] {processor.py:650} INFO - DAG(s) dict_keys(['example_xcom']) retrieved from /home/augenz/PycharmProjects/airflow/.env_airflow/lib/python3.9/site-packages/airflow/example_dags/example_xcom.py
[2022-08-29T12:39:34.430-0400] {logging_mixin.py:115} INFO - [2022-08-29T12:39:34.430-0400] {dag.py:2429} INFO - Sync 1 DAGs
[2022-08-29T12:39:34.455-0400] {logging_mixin.py:115} INFO - [2022-08-29T12:39:34.455-0400] {dag.py:2977} INFO - Setting next_dagrun for example_xcom to 2021-01-01T00:00:00+00:00, run_after=2021-01-01T00:00:00+00:00
[2022-08-29T12:39:34.486-0400] {processor.py:161} INFO - Processing /home/augenz/PycharmProjects/airflow/.env_airflow/lib/python3.9/site-packages/airflow/example_dags/example_xcom.py took 0.536 seconds
[2022-08-29T12:40:04.753-0400] {processor.py:153} INFO - Started process (PID=917) to work on /home/augenz/PycharmProjects/airflow/.env_airflow/lib/python3.9/site-packages/airflow/example_dags/example_xcom.py
[2022-08-29T12:40:04.757-0400] {processor.py:640} INFO - Processing file /home/augenz/PycharmProjects/airflow/.env_airflow/lib/python3.9/site-packages/airflow/example_dags/example_xcom.py for tasks to queue
[2022-08-29T12:40:04.760-0400] {logging_mixin.py:115} INFO - [2022-08-29T12:40:04.759-0400] {dagbag.py:508} INFO - Filling up the DagBag from /home/augenz/PycharmProjects/airflow/.env_airflow/lib/python3.9/site-packages/airflow/example_dags/example_xcom.py
[2022-08-29T12:40:04.786-0400] {processor.py:650} INFO - DAG(s) dict_keys(['example_xcom']) retrieved from /home/augenz/PycharmProjects/airflow/.env_airflow/lib/python3.9/site-packages/airflow/example_dags/example_xcom.py
[2022-08-29T12:40:05.282-0400] {logging_mixin.py:115} INFO - [2022-08-29T12:40:05.282-0400] {dag.py:2429} INFO - Sync 1 DAGs
[2022-08-29T12:40:05.308-0400] {logging_mixin.py:115} INFO - [2022-08-29T12:40:05.308-0400] {dag.py:2977} INFO - Setting next_dagrun for example_xcom to 2021-01-01T00:00:00+00:00, run_after=2021-01-01T00:00:00+00:00
[2022-08-29T12:40:05.376-0400] {processor.py:161} INFO - Processing /home/augenz/PycharmProjects/airflow/.env_airflow/lib/python3.9/site-packages/airflow/example_dags/example_xcom.py took 0.628 seconds
[2022-08-29T12:40:35.501-0400] {processor.py:153} INFO - Started process (PID=952) to work on /home/augenz/PycharmProjects/airflow/.env_airflow/lib/python3.9/site-packages/airflow/example_dags/example_xcom.py
[2022-08-29T12:40:35.512-0400] {processor.py:640} INFO - Processing file /home/augenz/PycharmProjects/airflow/.env_airflow/lib/python3.9/site-packages/airflow/example_dags/example_xcom.py for tasks to queue
[2022-08-29T12:40:35.513-0400] {logging_mixin.py:115} INFO - [2022-08-29T12:40:35.513-0400] {dagbag.py:508} INFO - Filling up the DagBag from /home/augenz/PycharmProjects/airflow/.env_airflow/lib/python3.9/site-packages/airflow/example_dags/example_xcom.py
[2022-08-29T12:40:35.541-0400] {processor.py:650} INFO - DAG(s) dict_keys(['example_xcom']) retrieved from /home/augenz/PycharmProjects/airflow/.env_airflow/lib/python3.9/site-packages/airflow/example_dags/example_xcom.py
[2022-08-29T12:40:36.005-0400] {logging_mixin.py:115} INFO - [2022-08-29T12:40:36.004-0400] {dag.py:2429} INFO - Sync 1 DAGs
[2022-08-29T12:40:36.038-0400] {logging_mixin.py:115} INFO - [2022-08-29T12:40:36.038-0400] {dag.py:2977} INFO - Setting next_dagrun for example_xcom to 2021-01-01T00:00:00+00:00, run_after=2021-01-01T00:00:00+00:00
[2022-08-29T12:40:36.086-0400] {processor.py:161} INFO - Processing /home/augenz/PycharmProjects/airflow/.env_airflow/lib/python3.9/site-packages/airflow/example_dags/example_xcom.py took 0.589 seconds
[2022-08-29T12:41:06.319-0400] {processor.py:153} INFO - Started process (PID=986) to work on /home/augenz/PycharmProjects/airflow/.env_airflow/lib/python3.9/site-packages/airflow/example_dags/example_xcom.py
[2022-08-29T12:41:06.320-0400] {processor.py:640} INFO - Processing file /home/augenz/PycharmProjects/airflow/.env_airflow/lib/python3.9/site-packages/airflow/example_dags/example_xcom.py for tasks to queue
[2022-08-29T12:41:06.321-0400] {logging_mixin.py:115} INFO - [2022-08-29T12:41:06.321-0400] {dagbag.py:508} INFO - Filling up the DagBag from /home/augenz/PycharmProjects/airflow/.env_airflow/lib/python3.9/site-packages/airflow/example_dags/example_xcom.py
[2022-08-29T12:41:06.346-0400] {processor.py:650} INFO - DAG(s) dict_keys(['example_xcom']) retrieved from /home/augenz/PycharmProjects/airflow/.env_airflow/lib/python3.9/site-packages/airflow/example_dags/example_xcom.py
[2022-08-29T12:41:06.816-0400] {logging_mixin.py:115} INFO - [2022-08-29T12:41:06.816-0400] {dag.py:2429} INFO - Sync 1 DAGs
[2022-08-29T12:41:06.842-0400] {logging_mixin.py:115} INFO - [2022-08-29T12:41:06.841-0400] {dag.py:2977} INFO - Setting next_dagrun for example_xcom to 2021-01-01T00:00:00+00:00, run_after=2021-01-01T00:00:00+00:00
[2022-08-29T12:41:06.893-0400] {processor.py:161} INFO - Processing /home/augenz/PycharmProjects/airflow/.env_airflow/lib/python3.9/site-packages/airflow/example_dags/example_xcom.py took 0.578 seconds
[2022-08-29T12:41:37.333-0400] {processor.py:153} INFO - Started process (PID=1030) to work on /home/augenz/PycharmProjects/airflow/.env_airflow/lib/python3.9/site-packages/airflow/example_dags/example_xcom.py
[2022-08-29T12:41:37.336-0400] {processor.py:640} INFO - Processing file /home/augenz/PycharmProjects/airflow/.env_airflow/lib/python3.9/site-packages/airflow/example_dags/example_xcom.py for tasks to queue
[2022-08-29T12:41:37.337-0400] {logging_mixin.py:115} INFO - [2022-08-29T12:41:37.337-0400] {dagbag.py:508} INFO - Filling up the DagBag from /home/augenz/PycharmProjects/airflow/.env_airflow/lib/python3.9/site-packages/airflow/example_dags/example_xcom.py
[2022-08-29T12:41:37.363-0400] {processor.py:650} INFO - DAG(s) dict_keys(['example_xcom']) retrieved from /home/augenz/PycharmProjects/airflow/.env_airflow/lib/python3.9/site-packages/airflow/example_dags/example_xcom.py
[2022-08-29T12:41:37.786-0400] {logging_mixin.py:115} INFO - [2022-08-29T12:41:37.786-0400] {dag.py:2429} INFO - Sync 1 DAGs
[2022-08-29T12:41:37.813-0400] {logging_mixin.py:115} INFO - [2022-08-29T12:41:37.812-0400] {dag.py:2977} INFO - Setting next_dagrun for example_xcom to 2021-01-01T00:00:00+00:00, run_after=2021-01-01T00:00:00+00:00
[2022-08-29T12:41:37.855-0400] {processor.py:161} INFO - Processing /home/augenz/PycharmProjects/airflow/.env_airflow/lib/python3.9/site-packages/airflow/example_dags/example_xcom.py took 0.527 seconds
[2022-08-29T12:42:08.963-0400] {processor.py:153} INFO - Started process (PID=1064) to work on /home/augenz/PycharmProjects/airflow/.env_airflow/lib/python3.9/site-packages/airflow/example_dags/example_xcom.py
[2022-08-29T12:42:08.965-0400] {processor.py:640} INFO - Processing file /home/augenz/PycharmProjects/airflow/.env_airflow/lib/python3.9/site-packages/airflow/example_dags/example_xcom.py for tasks to queue
[2022-08-29T12:42:08.966-0400] {logging_mixin.py:115} INFO - [2022-08-29T12:42:08.966-0400] {dagbag.py:508} INFO - Filling up the DagBag from /home/augenz/PycharmProjects/airflow/.env_airflow/lib/python3.9/site-packages/airflow/example_dags/example_xcom.py
[2022-08-29T12:42:08.993-0400] {processor.py:650} INFO - DAG(s) dict_keys(['example_xcom']) retrieved from /home/augenz/PycharmProjects/airflow/.env_airflow/lib/python3.9/site-packages/airflow/example_dags/example_xcom.py
[2022-08-29T12:42:09.503-0400] {logging_mixin.py:115} INFO - [2022-08-29T12:42:09.503-0400] {dag.py:2429} INFO - Sync 1 DAGs
[2022-08-29T12:42:09.528-0400] {logging_mixin.py:115} INFO - [2022-08-29T12:42:09.528-0400] {dag.py:2977} INFO - Setting next_dagrun for example_xcom to 2021-01-01T00:00:00+00:00, run_after=2021-01-01T00:00:00+00:00
[2022-08-29T12:42:09.568-0400] {processor.py:161} INFO - Processing /home/augenz/PycharmProjects/airflow/.env_airflow/lib/python3.9/site-packages/airflow/example_dags/example_xcom.py took 0.610 seconds
[2022-08-29T12:42:39.649-0400] {processor.py:153} INFO - Started process (PID=1098) to work on /home/augenz/PycharmProjects/airflow/.env_airflow/lib/python3.9/site-packages/airflow/example_dags/example_xcom.py
[2022-08-29T12:42:39.650-0400] {processor.py:640} INFO - Processing file /home/augenz/PycharmProjects/airflow/.env_airflow/lib/python3.9/site-packages/airflow/example_dags/example_xcom.py for tasks to queue
[2022-08-29T12:42:39.652-0400] {logging_mixin.py:115} INFO - [2022-08-29T12:42:39.651-0400] {dagbag.py:508} INFO - Filling up the DagBag from /home/augenz/PycharmProjects/airflow/.env_airflow/lib/python3.9/site-packages/airflow/example_dags/example_xcom.py
[2022-08-29T12:42:39.685-0400] {processor.py:650} INFO - DAG(s) dict_keys(['example_xcom']) retrieved from /home/augenz/PycharmProjects/airflow/.env_airflow/lib/python3.9/site-packages/airflow/example_dags/example_xcom.py
[2022-08-29T12:42:40.298-0400] {logging_mixin.py:115} INFO - [2022-08-29T12:42:40.298-0400] {dag.py:2429} INFO - Sync 1 DAGs
[2022-08-29T12:42:40.323-0400] {logging_mixin.py:115} INFO - [2022-08-29T12:42:40.323-0400] {dag.py:2977} INFO - Setting next_dagrun for example_xcom to 2021-01-01T00:00:00+00:00, run_after=2021-01-01T00:00:00+00:00
[2022-08-29T12:42:40.371-0400] {processor.py:161} INFO - Processing /home/augenz/PycharmProjects/airflow/.env_airflow/lib/python3.9/site-packages/airflow/example_dags/example_xcom.py took 0.729 seconds
[2022-08-29T12:43:10.512-0400] {processor.py:153} INFO - Started process (PID=1133) to work on /home/augenz/PycharmProjects/airflow/.env_airflow/lib/python3.9/site-packages/airflow/example_dags/example_xcom.py
[2022-08-29T12:43:10.513-0400] {processor.py:640} INFO - Processing file /home/augenz/PycharmProjects/airflow/.env_airflow/lib/python3.9/site-packages/airflow/example_dags/example_xcom.py for tasks to queue
[2022-08-29T12:43:10.515-0400] {logging_mixin.py:115} INFO - [2022-08-29T12:43:10.514-0400] {dagbag.py:508} INFO - Filling up the DagBag from /home/augenz/PycharmProjects/airflow/.env_airflow/lib/python3.9/site-packages/airflow/example_dags/example_xcom.py
[2022-08-29T12:43:10.547-0400] {processor.py:650} INFO - DAG(s) dict_keys(['example_xcom']) retrieved from /home/augenz/PycharmProjects/airflow/.env_airflow/lib/python3.9/site-packages/airflow/example_dags/example_xcom.py
[2022-08-29T12:43:11.068-0400] {logging_mixin.py:115} INFO - [2022-08-29T12:43:11.067-0400] {dag.py:2429} INFO - Sync 1 DAGs
[2022-08-29T12:43:11.096-0400] {logging_mixin.py:115} INFO - [2022-08-29T12:43:11.096-0400] {dag.py:2977} INFO - Setting next_dagrun for example_xcom to 2021-01-01T00:00:00+00:00, run_after=2021-01-01T00:00:00+00:00
[2022-08-29T12:43:11.126-0400] {processor.py:161} INFO - Processing /home/augenz/PycharmProjects/airflow/.env_airflow/lib/python3.9/site-packages/airflow/example_dags/example_xcom.py took 0.620 seconds
[2022-08-29T12:43:41.586-0400] {processor.py:153} INFO - Started process (PID=1167) to work on /home/augenz/PycharmProjects/airflow/.env_airflow/lib/python3.9/site-packages/airflow/example_dags/example_xcom.py
[2022-08-29T12:43:41.593-0400] {processor.py:640} INFO - Processing file /home/augenz/PycharmProjects/airflow/.env_airflow/lib/python3.9/site-packages/airflow/example_dags/example_xcom.py for tasks to queue
[2022-08-29T12:43:41.594-0400] {logging_mixin.py:115} INFO - [2022-08-29T12:43:41.593-0400] {dagbag.py:508} INFO - Filling up the DagBag from /home/augenz/PycharmProjects/airflow/.env_airflow/lib/python3.9/site-packages/airflow/example_dags/example_xcom.py
[2022-08-29T12:43:41.632-0400] {processor.py:650} INFO - DAG(s) dict_keys(['example_xcom']) retrieved from /home/augenz/PycharmProjects/airflow/.env_airflow/lib/python3.9/site-packages/airflow/example_dags/example_xcom.py
[2022-08-29T12:43:42.184-0400] {logging_mixin.py:115} INFO - [2022-08-29T12:43:42.184-0400] {dag.py:2429} INFO - Sync 1 DAGs
[2022-08-29T12:43:42.209-0400] {logging_mixin.py:115} INFO - [2022-08-29T12:43:42.208-0400] {dag.py:2977} INFO - Setting next_dagrun for example_xcom to 2021-01-01T00:00:00+00:00, run_after=2021-01-01T00:00:00+00:00
[2022-08-29T12:43:42.264-0400] {processor.py:161} INFO - Processing /home/augenz/PycharmProjects/airflow/.env_airflow/lib/python3.9/site-packages/airflow/example_dags/example_xcom.py took 0.682 seconds
[2022-08-29T12:44:12.506-0400] {processor.py:153} INFO - Started process (PID=1201) to work on /home/augenz/PycharmProjects/airflow/.env_airflow/lib/python3.9/site-packages/airflow/example_dags/example_xcom.py
[2022-08-29T12:44:12.507-0400] {processor.py:640} INFO - Processing file /home/augenz/PycharmProjects/airflow/.env_airflow/lib/python3.9/site-packages/airflow/example_dags/example_xcom.py for tasks to queue
[2022-08-29T12:44:12.508-0400] {logging_mixin.py:115} INFO - [2022-08-29T12:44:12.508-0400] {dagbag.py:508} INFO - Filling up the DagBag from /home/augenz/PycharmProjects/airflow/.env_airflow/lib/python3.9/site-packages/airflow/example_dags/example_xcom.py
[2022-08-29T12:44:12.540-0400] {processor.py:650} INFO - DAG(s) dict_keys(['example_xcom']) retrieved from /home/augenz/PycharmProjects/airflow/.env_airflow/lib/python3.9/site-packages/airflow/example_dags/example_xcom.py
[2022-08-29T12:44:12.989-0400] {logging_mixin.py:115} INFO - [2022-08-29T12:44:12.989-0400] {dag.py:2429} INFO - Sync 1 DAGs
[2022-08-29T12:44:13.015-0400] {logging_mixin.py:115} INFO - [2022-08-29T12:44:13.015-0400] {dag.py:2977} INFO - Setting next_dagrun for example_xcom to 2021-01-01T00:00:00+00:00, run_after=2021-01-01T00:00:00+00:00
[2022-08-29T12:44:13.052-0400] {processor.py:161} INFO - Processing /home/augenz/PycharmProjects/airflow/.env_airflow/lib/python3.9/site-packages/airflow/example_dags/example_xcom.py took 0.550 seconds
[2022-08-29T12:44:43.489-0400] {processor.py:153} INFO - Started process (PID=1249) to work on /home/augenz/PycharmProjects/airflow/.env_airflow/lib/python3.9/site-packages/airflow/example_dags/example_xcom.py
[2022-08-29T12:44:43.490-0400] {processor.py:640} INFO - Processing file /home/augenz/PycharmProjects/airflow/.env_airflow/lib/python3.9/site-packages/airflow/example_dags/example_xcom.py for tasks to queue
[2022-08-29T12:44:43.492-0400] {logging_mixin.py:115} INFO - [2022-08-29T12:44:43.491-0400] {dagbag.py:508} INFO - Filling up the DagBag from /home/augenz/PycharmProjects/airflow/.env_airflow/lib/python3.9/site-packages/airflow/example_dags/example_xcom.py
[2022-08-29T12:44:43.522-0400] {processor.py:650} INFO - DAG(s) dict_keys(['example_xcom']) retrieved from /home/augenz/PycharmProjects/airflow/.env_airflow/lib/python3.9/site-packages/airflow/example_dags/example_xcom.py
[2022-08-29T12:44:43.972-0400] {logging_mixin.py:115} INFO - [2022-08-29T12:44:43.972-0400] {dag.py:2429} INFO - Sync 1 DAGs
[2022-08-29T12:44:43.998-0400] {logging_mixin.py:115} INFO - [2022-08-29T12:44:43.998-0400] {dag.py:2977} INFO - Setting next_dagrun for example_xcom to 2021-01-01T00:00:00+00:00, run_after=2021-01-01T00:00:00+00:00
[2022-08-29T12:44:44.052-0400] {processor.py:161} INFO - Processing /home/augenz/PycharmProjects/airflow/.env_airflow/lib/python3.9/site-packages/airflow/example_dags/example_xcom.py took 0.568 seconds
[2022-08-29T12:45:15.217-0400] {processor.py:153} INFO - Started process (PID=1283) to work on /home/augenz/PycharmProjects/airflow/.env_airflow/lib/python3.9/site-packages/airflow/example_dags/example_xcom.py
[2022-08-29T12:45:15.220-0400] {processor.py:640} INFO - Processing file /home/augenz/PycharmProjects/airflow/.env_airflow/lib/python3.9/site-packages/airflow/example_dags/example_xcom.py for tasks to queue
[2022-08-29T12:45:15.220-0400] {logging_mixin.py:115} INFO - [2022-08-29T12:45:15.220-0400] {dagbag.py:508} INFO - Filling up the DagBag from /home/augenz/PycharmProjects/airflow/.env_airflow/lib/python3.9/site-packages/airflow/example_dags/example_xcom.py
[2022-08-29T12:45:15.246-0400] {processor.py:650} INFO - DAG(s) dict_keys(['example_xcom']) retrieved from /home/augenz/PycharmProjects/airflow/.env_airflow/lib/python3.9/site-packages/airflow/example_dags/example_xcom.py
[2022-08-29T12:45:15.858-0400] {logging_mixin.py:115} INFO - [2022-08-29T12:45:15.857-0400] {dag.py:2429} INFO - Sync 1 DAGs
[2022-08-29T12:45:15.885-0400] {logging_mixin.py:115} INFO - [2022-08-29T12:45:15.885-0400] {dag.py:2977} INFO - Setting next_dagrun for example_xcom to 2021-01-01T00:00:00+00:00, run_after=2021-01-01T00:00:00+00:00
[2022-08-29T12:45:15.961-0400] {processor.py:161} INFO - Processing /home/augenz/PycharmProjects/airflow/.env_airflow/lib/python3.9/site-packages/airflow/example_dags/example_xcom.py took 0.749 seconds
[2022-08-29T12:45:46.321-0400] {processor.py:153} INFO - Started process (PID=1317) to work on /home/augenz/PycharmProjects/airflow/.env_airflow/lib/python3.9/site-packages/airflow/example_dags/example_xcom.py
[2022-08-29T12:45:46.324-0400] {processor.py:640} INFO - Processing file /home/augenz/PycharmProjects/airflow/.env_airflow/lib/python3.9/site-packages/airflow/example_dags/example_xcom.py for tasks to queue
[2022-08-29T12:45:46.325-0400] {logging_mixin.py:115} INFO - [2022-08-29T12:45:46.325-0400] {dagbag.py:508} INFO - Filling up the DagBag from /home/augenz/PycharmProjects/airflow/.env_airflow/lib/python3.9/site-packages/airflow/example_dags/example_xcom.py
[2022-08-29T12:45:46.353-0400] {processor.py:650} INFO - DAG(s) dict_keys(['example_xcom']) retrieved from /home/augenz/PycharmProjects/airflow/.env_airflow/lib/python3.9/site-packages/airflow/example_dags/example_xcom.py
[2022-08-29T12:45:46.821-0400] {logging_mixin.py:115} INFO - [2022-08-29T12:45:46.821-0400] {dag.py:2429} INFO - Sync 1 DAGs
[2022-08-29T12:45:46.848-0400] {logging_mixin.py:115} INFO - [2022-08-29T12:45:46.847-0400] {dag.py:2977} INFO - Setting next_dagrun for example_xcom to 2021-01-01T00:00:00+00:00, run_after=2021-01-01T00:00:00+00:00
[2022-08-29T12:45:46.901-0400] {processor.py:161} INFO - Processing /home/augenz/PycharmProjects/airflow/.env_airflow/lib/python3.9/site-packages/airflow/example_dags/example_xcom.py took 0.584 seconds
[2022-08-29T12:46:17.312-0400] {processor.py:153} INFO - Started process (PID=1352) to work on /home/augenz/PycharmProjects/airflow/.env_airflow/lib/python3.9/site-packages/airflow/example_dags/example_xcom.py
[2022-08-29T12:46:17.316-0400] {processor.py:640} INFO - Processing file /home/augenz/PycharmProjects/airflow/.env_airflow/lib/python3.9/site-packages/airflow/example_dags/example_xcom.py for tasks to queue
[2022-08-29T12:46:17.317-0400] {logging_mixin.py:115} INFO - [2022-08-29T12:46:17.317-0400] {dagbag.py:508} INFO - Filling up the DagBag from /home/augenz/PycharmProjects/airflow/.env_airflow/lib/python3.9/site-packages/airflow/example_dags/example_xcom.py
[2022-08-29T12:46:17.347-0400] {processor.py:650} INFO - DAG(s) dict_keys(['example_xcom']) retrieved from /home/augenz/PycharmProjects/airflow/.env_airflow/lib/python3.9/site-packages/airflow/example_dags/example_xcom.py
[2022-08-29T12:46:18.024-0400] {logging_mixin.py:115} INFO - [2022-08-29T12:46:18.024-0400] {dag.py:2429} INFO - Sync 1 DAGs
[2022-08-29T12:46:18.051-0400] {logging_mixin.py:115} INFO - [2022-08-29T12:46:18.051-0400] {dag.py:2977} INFO - Setting next_dagrun for example_xcom to 2021-01-01T00:00:00+00:00, run_after=2021-01-01T00:00:00+00:00
[2022-08-29T12:46:18.088-0400] {processor.py:161} INFO - Processing /home/augenz/PycharmProjects/airflow/.env_airflow/lib/python3.9/site-packages/airflow/example_dags/example_xcom.py took 0.780 seconds
[2022-08-29T12:46:48.465-0400] {processor.py:153} INFO - Started process (PID=1387) to work on /home/augenz/PycharmProjects/airflow/.env_airflow/lib/python3.9/site-packages/airflow/example_dags/example_xcom.py
[2022-08-29T12:46:48.468-0400] {processor.py:640} INFO - Processing file /home/augenz/PycharmProjects/airflow/.env_airflow/lib/python3.9/site-packages/airflow/example_dags/example_xcom.py for tasks to queue
[2022-08-29T12:46:48.469-0400] {logging_mixin.py:115} INFO - [2022-08-29T12:46:48.469-0400] {dagbag.py:508} INFO - Filling up the DagBag from /home/augenz/PycharmProjects/airflow/.env_airflow/lib/python3.9/site-packages/airflow/example_dags/example_xcom.py
[2022-08-29T12:46:48.495-0400] {processor.py:650} INFO - DAG(s) dict_keys(['example_xcom']) retrieved from /home/augenz/PycharmProjects/airflow/.env_airflow/lib/python3.9/site-packages/airflow/example_dags/example_xcom.py
[2022-08-29T12:46:48.972-0400] {logging_mixin.py:115} INFO - [2022-08-29T12:46:48.971-0400] {dag.py:2429} INFO - Sync 1 DAGs
[2022-08-29T12:46:48.998-0400] {logging_mixin.py:115} INFO - [2022-08-29T12:46:48.998-0400] {dag.py:2977} INFO - Setting next_dagrun for example_xcom to 2021-01-01T00:00:00+00:00, run_after=2021-01-01T00:00:00+00:00
[2022-08-29T12:46:49.052-0400] {processor.py:161} INFO - Processing /home/augenz/PycharmProjects/airflow/.env_airflow/lib/python3.9/site-packages/airflow/example_dags/example_xcom.py took 0.592 seconds
[2022-08-29T12:47:19.320-0400] {processor.py:153} INFO - Started process (PID=1421) to work on /home/augenz/PycharmProjects/airflow/.env_airflow/lib/python3.9/site-packages/airflow/example_dags/example_xcom.py
[2022-08-29T12:47:19.324-0400] {processor.py:640} INFO - Processing file /home/augenz/PycharmProjects/airflow/.env_airflow/lib/python3.9/site-packages/airflow/example_dags/example_xcom.py for tasks to queue
[2022-08-29T12:47:19.325-0400] {logging_mixin.py:115} INFO - [2022-08-29T12:47:19.325-0400] {dagbag.py:508} INFO - Filling up the DagBag from /home/augenz/PycharmProjects/airflow/.env_airflow/lib/python3.9/site-packages/airflow/example_dags/example_xcom.py
[2022-08-29T12:47:19.354-0400] {processor.py:650} INFO - DAG(s) dict_keys(['example_xcom']) retrieved from /home/augenz/PycharmProjects/airflow/.env_airflow/lib/python3.9/site-packages/airflow/example_dags/example_xcom.py
[2022-08-29T12:47:19.822-0400] {logging_mixin.py:115} INFO - [2022-08-29T12:47:19.821-0400] {dag.py:2429} INFO - Sync 1 DAGs
[2022-08-29T12:47:19.848-0400] {logging_mixin.py:115} INFO - [2022-08-29T12:47:19.848-0400] {dag.py:2977} INFO - Setting next_dagrun for example_xcom to 2021-01-01T00:00:00+00:00, run_after=2021-01-01T00:00:00+00:00
[2022-08-29T12:47:19.892-0400] {processor.py:161} INFO - Processing /home/augenz/PycharmProjects/airflow/.env_airflow/lib/python3.9/site-packages/airflow/example_dags/example_xcom.py took 0.577 seconds
[2022-08-29T12:47:50.620-0400] {processor.py:153} INFO - Started process (PID=1463) to work on /home/augenz/PycharmProjects/airflow/.env_airflow/lib/python3.9/site-packages/airflow/example_dags/example_xcom.py
[2022-08-29T12:47:50.633-0400] {processor.py:640} INFO - Processing file /home/augenz/PycharmProjects/airflow/.env_airflow/lib/python3.9/site-packages/airflow/example_dags/example_xcom.py for tasks to queue
[2022-08-29T12:47:50.634-0400] {logging_mixin.py:115} INFO - [2022-08-29T12:47:50.634-0400] {dagbag.py:508} INFO - Filling up the DagBag from /home/augenz/PycharmProjects/airflow/.env_airflow/lib/python3.9/site-packages/airflow/example_dags/example_xcom.py
[2022-08-29T12:47:50.665-0400] {processor.py:650} INFO - DAG(s) dict_keys(['example_xcom']) retrieved from /home/augenz/PycharmProjects/airflow/.env_airflow/lib/python3.9/site-packages/airflow/example_dags/example_xcom.py
[2022-08-29T12:47:51.155-0400] {logging_mixin.py:115} INFO - [2022-08-29T12:47:51.154-0400] {dag.py:2429} INFO - Sync 1 DAGs
[2022-08-29T12:47:51.182-0400] {logging_mixin.py:115} INFO - [2022-08-29T12:47:51.181-0400] {dag.py:2977} INFO - Setting next_dagrun for example_xcom to 2021-01-01T00:00:00+00:00, run_after=2021-01-01T00:00:00+00:00
[2022-08-29T12:47:51.211-0400] {processor.py:161} INFO - Processing /home/augenz/PycharmProjects/airflow/.env_airflow/lib/python3.9/site-packages/airflow/example_dags/example_xcom.py took 0.596 seconds
[2022-08-29T12:48:22.052-0400] {processor.py:153} INFO - Started process (PID=1497) to work on /home/augenz/PycharmProjects/airflow/.env_airflow/lib/python3.9/site-packages/airflow/example_dags/example_xcom.py
[2022-08-29T12:48:22.056-0400] {processor.py:640} INFO - Processing file /home/augenz/PycharmProjects/airflow/.env_airflow/lib/python3.9/site-packages/airflow/example_dags/example_xcom.py for tasks to queue
[2022-08-29T12:48:22.056-0400] {logging_mixin.py:115} INFO - [2022-08-29T12:48:22.056-0400] {dagbag.py:508} INFO - Filling up the DagBag from /home/augenz/PycharmProjects/airflow/.env_airflow/lib/python3.9/site-packages/airflow/example_dags/example_xcom.py
[2022-08-29T12:48:22.085-0400] {processor.py:650} INFO - DAG(s) dict_keys(['example_xcom']) retrieved from /home/augenz/PycharmProjects/airflow/.env_airflow/lib/python3.9/site-packages/airflow/example_dags/example_xcom.py
[2022-08-29T12:48:22.741-0400] {logging_mixin.py:115} INFO - [2022-08-29T12:48:22.740-0400] {dag.py:2429} INFO - Sync 1 DAGs
[2022-08-29T12:48:22.766-0400] {logging_mixin.py:115} INFO - [2022-08-29T12:48:22.766-0400] {dag.py:2977} INFO - Setting next_dagrun for example_xcom to 2021-01-01T00:00:00+00:00, run_after=2021-01-01T00:00:00+00:00
[2022-08-29T12:48:22.809-0400] {processor.py:161} INFO - Processing /home/augenz/PycharmProjects/airflow/.env_airflow/lib/python3.9/site-packages/airflow/example_dags/example_xcom.py took 0.762 seconds
[2022-08-29T12:48:53.338-0400] {processor.py:153} INFO - Started process (PID=1532) to work on /home/augenz/PycharmProjects/airflow/.env_airflow/lib/python3.9/site-packages/airflow/example_dags/example_xcom.py
[2022-08-29T12:48:53.342-0400] {processor.py:640} INFO - Processing file /home/augenz/PycharmProjects/airflow/.env_airflow/lib/python3.9/site-packages/airflow/example_dags/example_xcom.py for tasks to queue
[2022-08-29T12:48:53.343-0400] {logging_mixin.py:115} INFO - [2022-08-29T12:48:53.343-0400] {dagbag.py:508} INFO - Filling up the DagBag from /home/augenz/PycharmProjects/airflow/.env_airflow/lib/python3.9/site-packages/airflow/example_dags/example_xcom.py
[2022-08-29T12:48:53.370-0400] {processor.py:650} INFO - DAG(s) dict_keys(['example_xcom']) retrieved from /home/augenz/PycharmProjects/airflow/.env_airflow/lib/python3.9/site-packages/airflow/example_dags/example_xcom.py
[2022-08-29T12:48:53.936-0400] {logging_mixin.py:115} INFO - [2022-08-29T12:48:53.935-0400] {dag.py:2429} INFO - Sync 1 DAGs
[2022-08-29T12:48:53.968-0400] {logging_mixin.py:115} INFO - [2022-08-29T12:48:53.967-0400] {dag.py:2977} INFO - Setting next_dagrun for example_xcom to 2021-01-01T00:00:00+00:00, run_after=2021-01-01T00:00:00+00:00
[2022-08-29T12:48:54.033-0400] {processor.py:161} INFO - Processing /home/augenz/PycharmProjects/airflow/.env_airflow/lib/python3.9/site-packages/airflow/example_dags/example_xcom.py took 0.699 seconds
[2022-08-29T12:49:24.966-0400] {processor.py:153} INFO - Started process (PID=1574) to work on /home/augenz/PycharmProjects/airflow/.env_airflow/lib/python3.9/site-packages/airflow/example_dags/example_xcom.py
[2022-08-29T12:49:24.969-0400] {processor.py:640} INFO - Processing file /home/augenz/PycharmProjects/airflow/.env_airflow/lib/python3.9/site-packages/airflow/example_dags/example_xcom.py for tasks to queue
[2022-08-29T12:49:24.970-0400] {logging_mixin.py:115} INFO - [2022-08-29T12:49:24.970-0400] {dagbag.py:508} INFO - Filling up the DagBag from /home/augenz/PycharmProjects/airflow/.env_airflow/lib/python3.9/site-packages/airflow/example_dags/example_xcom.py
[2022-08-29T12:49:25.015-0400] {processor.py:650} INFO - DAG(s) dict_keys(['example_xcom']) retrieved from /home/augenz/PycharmProjects/airflow/.env_airflow/lib/python3.9/site-packages/airflow/example_dags/example_xcom.py
[2022-08-29T12:49:25.576-0400] {logging_mixin.py:115} INFO - [2022-08-29T12:49:25.575-0400] {dag.py:2429} INFO - Sync 1 DAGs
[2022-08-29T12:49:25.607-0400] {logging_mixin.py:115} INFO - [2022-08-29T12:49:25.607-0400] {dag.py:2977} INFO - Setting next_dagrun for example_xcom to 2021-01-01T00:00:00+00:00, run_after=2021-01-01T00:00:00+00:00
[2022-08-29T12:49:25.653-0400] {processor.py:161} INFO - Processing /home/augenz/PycharmProjects/airflow/.env_airflow/lib/python3.9/site-packages/airflow/example_dags/example_xcom.py took 0.694 seconds
[2022-08-29T12:49:56.445-0400] {processor.py:153} INFO - Started process (PID=1610) to work on /home/augenz/PycharmProjects/airflow/.env_airflow/lib/python3.9/site-packages/airflow/example_dags/example_xcom.py
[2022-08-29T12:49:56.462-0400] {processor.py:640} INFO - Processing file /home/augenz/PycharmProjects/airflow/.env_airflow/lib/python3.9/site-packages/airflow/example_dags/example_xcom.py for tasks to queue
[2022-08-29T12:49:56.463-0400] {logging_mixin.py:115} INFO - [2022-08-29T12:49:56.463-0400] {dagbag.py:508} INFO - Filling up the DagBag from /home/augenz/PycharmProjects/airflow/.env_airflow/lib/python3.9/site-packages/airflow/example_dags/example_xcom.py
[2022-08-29T12:49:56.499-0400] {processor.py:650} INFO - DAG(s) dict_keys(['example_xcom']) retrieved from /home/augenz/PycharmProjects/airflow/.env_airflow/lib/python3.9/site-packages/airflow/example_dags/example_xcom.py
[2022-08-29T12:49:56.956-0400] {logging_mixin.py:115} INFO - [2022-08-29T12:49:56.956-0400] {dag.py:2429} INFO - Sync 1 DAGs
[2022-08-29T12:49:56.983-0400] {logging_mixin.py:115} INFO - [2022-08-29T12:49:56.983-0400] {dag.py:2977} INFO - Setting next_dagrun for example_xcom to 2021-01-01T00:00:00+00:00, run_after=2021-01-01T00:00:00+00:00
[2022-08-29T12:49:57.033-0400] {processor.py:161} INFO - Processing /home/augenz/PycharmProjects/airflow/.env_airflow/lib/python3.9/site-packages/airflow/example_dags/example_xcom.py took 0.593 seconds
[2022-08-29T12:50:27.485-0400] {processor.py:153} INFO - Started process (PID=1649) to work on /home/augenz/PycharmProjects/airflow/.env_airflow/lib/python3.9/site-packages/airflow/example_dags/example_xcom.py
[2022-08-29T12:50:27.502-0400] {processor.py:640} INFO - Processing file /home/augenz/PycharmProjects/airflow/.env_airflow/lib/python3.9/site-packages/airflow/example_dags/example_xcom.py for tasks to queue
[2022-08-29T12:50:27.503-0400] {logging_mixin.py:115} INFO - [2022-08-29T12:50:27.503-0400] {dagbag.py:508} INFO - Filling up the DagBag from /home/augenz/PycharmProjects/airflow/.env_airflow/lib/python3.9/site-packages/airflow/example_dags/example_xcom.py
[2022-08-29T12:50:27.540-0400] {processor.py:650} INFO - DAG(s) dict_keys(['example_xcom']) retrieved from /home/augenz/PycharmProjects/airflow/.env_airflow/lib/python3.9/site-packages/airflow/example_dags/example_xcom.py
[2022-08-29T12:50:28.390-0400] {logging_mixin.py:115} INFO - [2022-08-29T12:50:28.390-0400] {dag.py:2429} INFO - Sync 1 DAGs
[2022-08-29T12:50:28.449-0400] {logging_mixin.py:115} INFO - [2022-08-29T12:50:28.449-0400] {dag.py:2977} INFO - Setting next_dagrun for example_xcom to 2021-01-01T00:00:00+00:00, run_after=2021-01-01T00:00:00+00:00
[2022-08-29T12:50:28.510-0400] {processor.py:161} INFO - Processing /home/augenz/PycharmProjects/airflow/.env_airflow/lib/python3.9/site-packages/airflow/example_dags/example_xcom.py took 1.029 seconds
[2022-08-29T12:50:59.465-0400] {processor.py:153} INFO - Started process (PID=1683) to work on /home/augenz/PycharmProjects/airflow/.env_airflow/lib/python3.9/site-packages/airflow/example_dags/example_xcom.py
[2022-08-29T12:50:59.470-0400] {processor.py:640} INFO - Processing file /home/augenz/PycharmProjects/airflow/.env_airflow/lib/python3.9/site-packages/airflow/example_dags/example_xcom.py for tasks to queue
[2022-08-29T12:50:59.471-0400] {logging_mixin.py:115} INFO - [2022-08-29T12:50:59.470-0400] {dagbag.py:508} INFO - Filling up the DagBag from /home/augenz/PycharmProjects/airflow/.env_airflow/lib/python3.9/site-packages/airflow/example_dags/example_xcom.py
[2022-08-29T12:50:59.499-0400] {processor.py:650} INFO - DAG(s) dict_keys(['example_xcom']) retrieved from /home/augenz/PycharmProjects/airflow/.env_airflow/lib/python3.9/site-packages/airflow/example_dags/example_xcom.py
[2022-08-29T12:51:00.268-0400] {logging_mixin.py:115} INFO - [2022-08-29T12:51:00.268-0400] {dag.py:2429} INFO - Sync 1 DAGs
[2022-08-29T12:51:00.299-0400] {logging_mixin.py:115} INFO - [2022-08-29T12:51:00.298-0400] {dag.py:2977} INFO - Setting next_dagrun for example_xcom to 2021-01-01T00:00:00+00:00, run_after=2021-01-01T00:00:00+00:00
[2022-08-29T12:51:00.334-0400] {processor.py:161} INFO - Processing /home/augenz/PycharmProjects/airflow/.env_airflow/lib/python3.9/site-packages/airflow/example_dags/example_xcom.py took 0.874 seconds
[2022-08-29T12:51:31.250-0400] {processor.py:153} INFO - Started process (PID=1721) to work on /home/augenz/PycharmProjects/airflow/.env_airflow/lib/python3.9/site-packages/airflow/example_dags/example_xcom.py
[2022-08-29T12:51:31.255-0400] {processor.py:640} INFO - Processing file /home/augenz/PycharmProjects/airflow/.env_airflow/lib/python3.9/site-packages/airflow/example_dags/example_xcom.py for tasks to queue
[2022-08-29T12:51:31.256-0400] {logging_mixin.py:115} INFO - [2022-08-29T12:51:31.256-0400] {dagbag.py:508} INFO - Filling up the DagBag from /home/augenz/PycharmProjects/airflow/.env_airflow/lib/python3.9/site-packages/airflow/example_dags/example_xcom.py
[2022-08-29T12:51:31.310-0400] {processor.py:650} INFO - DAG(s) dict_keys(['example_xcom']) retrieved from /home/augenz/PycharmProjects/airflow/.env_airflow/lib/python3.9/site-packages/airflow/example_dags/example_xcom.py
[2022-08-29T12:51:31.834-0400] {logging_mixin.py:115} INFO - [2022-08-29T12:51:31.833-0400] {dag.py:2429} INFO - Sync 1 DAGs
[2022-08-29T12:51:31.860-0400] {logging_mixin.py:115} INFO - [2022-08-29T12:51:31.860-0400] {dag.py:2977} INFO - Setting next_dagrun for example_xcom to 2021-01-01T00:00:00+00:00, run_after=2021-01-01T00:00:00+00:00
[2022-08-29T12:51:31.978-0400] {processor.py:161} INFO - Processing /home/augenz/PycharmProjects/airflow/.env_airflow/lib/python3.9/site-packages/airflow/example_dags/example_xcom.py took 0.740 seconds
[2022-08-29T12:52:02.052-0400] {processor.py:153} INFO - Started process (PID=1756) to work on /home/augenz/PycharmProjects/airflow/.env_airflow/lib/python3.9/site-packages/airflow/example_dags/example_xcom.py
[2022-08-29T12:52:02.053-0400] {processor.py:640} INFO - Processing file /home/augenz/PycharmProjects/airflow/.env_airflow/lib/python3.9/site-packages/airflow/example_dags/example_xcom.py for tasks to queue
[2022-08-29T12:52:02.054-0400] {logging_mixin.py:115} INFO - [2022-08-29T12:52:02.054-0400] {dagbag.py:508} INFO - Filling up the DagBag from /home/augenz/PycharmProjects/airflow/.env_airflow/lib/python3.9/site-packages/airflow/example_dags/example_xcom.py
[2022-08-29T12:52:02.081-0400] {processor.py:650} INFO - DAG(s) dict_keys(['example_xcom']) retrieved from /home/augenz/PycharmProjects/airflow/.env_airflow/lib/python3.9/site-packages/airflow/example_dags/example_xcom.py
[2022-08-29T12:52:02.579-0400] {logging_mixin.py:115} INFO - [2022-08-29T12:52:02.579-0400] {dag.py:2429} INFO - Sync 1 DAGs
[2022-08-29T12:52:02.604-0400] {logging_mixin.py:115} INFO - [2022-08-29T12:52:02.604-0400] {dag.py:2977} INFO - Setting next_dagrun for example_xcom to 2021-01-01T00:00:00+00:00, run_after=2021-01-01T00:00:00+00:00
[2022-08-29T12:52:02.662-0400] {processor.py:161} INFO - Processing /home/augenz/PycharmProjects/airflow/.env_airflow/lib/python3.9/site-packages/airflow/example_dags/example_xcom.py took 0.615 seconds
[2022-08-29T12:52:33.029-0400] {processor.py:153} INFO - Started process (PID=1789) to work on /home/augenz/PycharmProjects/airflow/.env_airflow/lib/python3.9/site-packages/airflow/example_dags/example_xcom.py
[2022-08-29T12:52:33.034-0400] {processor.py:640} INFO - Processing file /home/augenz/PycharmProjects/airflow/.env_airflow/lib/python3.9/site-packages/airflow/example_dags/example_xcom.py for tasks to queue
[2022-08-29T12:52:33.035-0400] {logging_mixin.py:115} INFO - [2022-08-29T12:52:33.034-0400] {dagbag.py:508} INFO - Filling up the DagBag from /home/augenz/PycharmProjects/airflow/.env_airflow/lib/python3.9/site-packages/airflow/example_dags/example_xcom.py
[2022-08-29T12:52:33.063-0400] {processor.py:650} INFO - DAG(s) dict_keys(['example_xcom']) retrieved from /home/augenz/PycharmProjects/airflow/.env_airflow/lib/python3.9/site-packages/airflow/example_dags/example_xcom.py
[2022-08-29T12:52:33.566-0400] {logging_mixin.py:115} INFO - [2022-08-29T12:52:33.566-0400] {dag.py:2429} INFO - Sync 1 DAGs
[2022-08-29T12:52:33.593-0400] {logging_mixin.py:115} INFO - [2022-08-29T12:52:33.592-0400] {dag.py:2977} INFO - Setting next_dagrun for example_xcom to 2021-01-01T00:00:00+00:00, run_after=2021-01-01T00:00:00+00:00
[2022-08-29T12:52:33.668-0400] {processor.py:161} INFO - Processing /home/augenz/PycharmProjects/airflow/.env_airflow/lib/python3.9/site-packages/airflow/example_dags/example_xcom.py took 0.644 seconds
[2022-08-29T12:53:03.851-0400] {processor.py:153} INFO - Started process (PID=1826) to work on /home/augenz/PycharmProjects/airflow/.env_airflow/lib/python3.9/site-packages/airflow/example_dags/example_xcom.py
[2022-08-29T12:53:03.869-0400] {processor.py:640} INFO - Processing file /home/augenz/PycharmProjects/airflow/.env_airflow/lib/python3.9/site-packages/airflow/example_dags/example_xcom.py for tasks to queue
[2022-08-29T12:53:03.870-0400] {logging_mixin.py:115} INFO - [2022-08-29T12:53:03.870-0400] {dagbag.py:508} INFO - Filling up the DagBag from /home/augenz/PycharmProjects/airflow/.env_airflow/lib/python3.9/site-packages/airflow/example_dags/example_xcom.py
[2022-08-29T12:53:03.915-0400] {processor.py:650} INFO - DAG(s) dict_keys(['example_xcom']) retrieved from /home/augenz/PycharmProjects/airflow/.env_airflow/lib/python3.9/site-packages/airflow/example_dags/example_xcom.py
[2022-08-29T12:53:04.602-0400] {logging_mixin.py:115} INFO - [2022-08-29T12:53:04.601-0400] {dag.py:2429} INFO - Sync 1 DAGs
[2022-08-29T12:53:04.629-0400] {logging_mixin.py:115} INFO - [2022-08-29T12:53:04.629-0400] {dag.py:2977} INFO - Setting next_dagrun for example_xcom to 2021-01-01T00:00:00+00:00, run_after=2021-01-01T00:00:00+00:00
[2022-08-29T12:53:04.681-0400] {processor.py:161} INFO - Processing /home/augenz/PycharmProjects/airflow/.env_airflow/lib/python3.9/site-packages/airflow/example_dags/example_xcom.py took 0.837 seconds
[2022-08-29T12:53:34.879-0400] {processor.py:153} INFO - Started process (PID=1860) to work on /home/augenz/PycharmProjects/airflow/.env_airflow/lib/python3.9/site-packages/airflow/example_dags/example_xcom.py
[2022-08-29T12:53:34.884-0400] {processor.py:640} INFO - Processing file /home/augenz/PycharmProjects/airflow/.env_airflow/lib/python3.9/site-packages/airflow/example_dags/example_xcom.py for tasks to queue
[2022-08-29T12:53:34.885-0400] {logging_mixin.py:115} INFO - [2022-08-29T12:53:34.884-0400] {dagbag.py:508} INFO - Filling up the DagBag from /home/augenz/PycharmProjects/airflow/.env_airflow/lib/python3.9/site-packages/airflow/example_dags/example_xcom.py
[2022-08-29T12:53:34.913-0400] {processor.py:650} INFO - DAG(s) dict_keys(['example_xcom']) retrieved from /home/augenz/PycharmProjects/airflow/.env_airflow/lib/python3.9/site-packages/airflow/example_dags/example_xcom.py
[2022-08-29T12:53:35.416-0400] {logging_mixin.py:115} INFO - [2022-08-29T12:53:35.416-0400] {dag.py:2429} INFO - Sync 1 DAGs
[2022-08-29T12:53:35.441-0400] {logging_mixin.py:115} INFO - [2022-08-29T12:53:35.441-0400] {dag.py:2977} INFO - Setting next_dagrun for example_xcom to 2021-01-01T00:00:00+00:00, run_after=2021-01-01T00:00:00+00:00
[2022-08-29T12:53:35.485-0400] {processor.py:161} INFO - Processing /home/augenz/PycharmProjects/airflow/.env_airflow/lib/python3.9/site-packages/airflow/example_dags/example_xcom.py took 0.612 seconds
