[2022-08-29T12:33:18.596-0400] {processor.py:153} INFO - Started process (PID=391) to work on /home/augenz/PycharmProjects/airflow/.env_airflow/lib/python3.9/site-packages/airflow/example_dags/example_local_kubernetes_executor.py
[2022-08-29T12:33:18.597-0400] {processor.py:640} INFO - Processing file /home/augenz/PycharmProjects/airflow/.env_airflow/lib/python3.9/site-packages/airflow/example_dags/example_local_kubernetes_executor.py for tasks to queue
[2022-08-29T12:33:18.598-0400] {logging_mixin.py:115} INFO - [2022-08-29T12:33:18.598-0400] {dagbag.py:508} INFO - Filling up the DagBag from /home/augenz/PycharmProjects/airflow/.env_airflow/lib/python3.9/site-packages/airflow/example_dags/example_local_kubernetes_executor.py
[2022-08-29T12:33:18.617-0400] {logging_mixin.py:115} INFO - [2022-08-29T12:33:18.617-0400] {example_local_kubernetes_executor.py:37} WARNING - Could not import DAGs in example_local_kubernetes_executor.py
Traceback (most recent call last):
  File "/home/augenz/PycharmProjects/airflow/.env_airflow/lib/python3.9/site-packages/airflow/example_dags/example_local_kubernetes_executor.py", line 35, in <module>
    from kubernetes.client import models as k8s
ModuleNotFoundError: No module named 'kubernetes'
[2022-08-29T12:33:18.618-0400] {logging_mixin.py:115} INFO - [2022-08-29T12:33:18.618-0400] {example_local_kubernetes_executor.py:38} WARNING - Install Kubernetes dependencies with: pip install apache-airflow[cncf.kubernetes]
[2022-08-29T12:33:18.618-0400] {processor.py:652} WARNING - No viable dags retrieved from /home/augenz/PycharmProjects/airflow/.env_airflow/lib/python3.9/site-packages/airflow/example_dags/example_local_kubernetes_executor.py
[2022-08-29T12:33:18.648-0400] {processor.py:161} INFO - Processing /home/augenz/PycharmProjects/airflow/.env_airflow/lib/python3.9/site-packages/airflow/example_dags/example_local_kubernetes_executor.py took 0.056 seconds
[2022-08-29T12:33:49.063-0400] {processor.py:153} INFO - Started process (PID=430) to work on /home/augenz/PycharmProjects/airflow/.env_airflow/lib/python3.9/site-packages/airflow/example_dags/example_local_kubernetes_executor.py
[2022-08-29T12:33:49.066-0400] {processor.py:640} INFO - Processing file /home/augenz/PycharmProjects/airflow/.env_airflow/lib/python3.9/site-packages/airflow/example_dags/example_local_kubernetes_executor.py for tasks to queue
[2022-08-29T12:33:49.067-0400] {logging_mixin.py:115} INFO - [2022-08-29T12:33:49.067-0400] {dagbag.py:508} INFO - Filling up the DagBag from /home/augenz/PycharmProjects/airflow/.env_airflow/lib/python3.9/site-packages/airflow/example_dags/example_local_kubernetes_executor.py
[2022-08-29T12:33:49.096-0400] {logging_mixin.py:115} INFO - [2022-08-29T12:33:49.096-0400] {example_local_kubernetes_executor.py:37} WARNING - Could not import DAGs in example_local_kubernetes_executor.py
Traceback (most recent call last):
  File "/home/augenz/PycharmProjects/airflow/.env_airflow/lib/python3.9/site-packages/airflow/example_dags/example_local_kubernetes_executor.py", line 35, in <module>
    from kubernetes.client import models as k8s
ModuleNotFoundError: No module named 'kubernetes'
[2022-08-29T12:33:49.097-0400] {logging_mixin.py:115} INFO - [2022-08-29T12:33:49.097-0400] {example_local_kubernetes_executor.py:38} WARNING - Install Kubernetes dependencies with: pip install apache-airflow[cncf.kubernetes]
[2022-08-29T12:33:49.097-0400] {processor.py:652} WARNING - No viable dags retrieved from /home/augenz/PycharmProjects/airflow/.env_airflow/lib/python3.9/site-packages/airflow/example_dags/example_local_kubernetes_executor.py
[2022-08-29T12:33:49.130-0400] {processor.py:161} INFO - Processing /home/augenz/PycharmProjects/airflow/.env_airflow/lib/python3.9/site-packages/airflow/example_dags/example_local_kubernetes_executor.py took 0.071 seconds
[2022-08-29T12:34:20.003-0400] {processor.py:153} INFO - Started process (PID=466) to work on /home/augenz/PycharmProjects/airflow/.env_airflow/lib/python3.9/site-packages/airflow/example_dags/example_local_kubernetes_executor.py
[2022-08-29T12:34:20.006-0400] {processor.py:640} INFO - Processing file /home/augenz/PycharmProjects/airflow/.env_airflow/lib/python3.9/site-packages/airflow/example_dags/example_local_kubernetes_executor.py for tasks to queue
[2022-08-29T12:34:20.007-0400] {logging_mixin.py:115} INFO - [2022-08-29T12:34:20.006-0400] {dagbag.py:508} INFO - Filling up the DagBag from /home/augenz/PycharmProjects/airflow/.env_airflow/lib/python3.9/site-packages/airflow/example_dags/example_local_kubernetes_executor.py
[2022-08-29T12:34:20.030-0400] {logging_mixin.py:115} INFO - [2022-08-29T12:34:20.029-0400] {example_local_kubernetes_executor.py:37} WARNING - Could not import DAGs in example_local_kubernetes_executor.py
Traceback (most recent call last):
  File "/home/augenz/PycharmProjects/airflow/.env_airflow/lib/python3.9/site-packages/airflow/example_dags/example_local_kubernetes_executor.py", line 35, in <module>
    from kubernetes.client import models as k8s
ModuleNotFoundError: No module named 'kubernetes'
[2022-08-29T12:34:20.031-0400] {logging_mixin.py:115} INFO - [2022-08-29T12:34:20.030-0400] {example_local_kubernetes_executor.py:38} WARNING - Install Kubernetes dependencies with: pip install apache-airflow[cncf.kubernetes]
[2022-08-29T12:34:20.031-0400] {processor.py:652} WARNING - No viable dags retrieved from /home/augenz/PycharmProjects/airflow/.env_airflow/lib/python3.9/site-packages/airflow/example_dags/example_local_kubernetes_executor.py
[2022-08-29T12:34:20.066-0400] {processor.py:161} INFO - Processing /home/augenz/PycharmProjects/airflow/.env_airflow/lib/python3.9/site-packages/airflow/example_dags/example_local_kubernetes_executor.py took 0.069 seconds
[2022-08-29T12:34:51.178-0400] {processor.py:153} INFO - Started process (PID=502) to work on /home/augenz/PycharmProjects/airflow/.env_airflow/lib/python3.9/site-packages/airflow/example_dags/example_local_kubernetes_executor.py
[2022-08-29T12:34:51.188-0400] {processor.py:640} INFO - Processing file /home/augenz/PycharmProjects/airflow/.env_airflow/lib/python3.9/site-packages/airflow/example_dags/example_local_kubernetes_executor.py for tasks to queue
[2022-08-29T12:34:51.190-0400] {logging_mixin.py:115} INFO - [2022-08-29T12:34:51.189-0400] {dagbag.py:508} INFO - Filling up the DagBag from /home/augenz/PycharmProjects/airflow/.env_airflow/lib/python3.9/site-packages/airflow/example_dags/example_local_kubernetes_executor.py
[2022-08-29T12:34:51.247-0400] {logging_mixin.py:115} INFO - [2022-08-29T12:34:51.238-0400] {example_local_kubernetes_executor.py:37} WARNING - Could not import DAGs in example_local_kubernetes_executor.py
Traceback (most recent call last):
  File "/home/augenz/PycharmProjects/airflow/.env_airflow/lib/python3.9/site-packages/airflow/example_dags/example_local_kubernetes_executor.py", line 35, in <module>
    from kubernetes.client import models as k8s
ModuleNotFoundError: No module named 'kubernetes'
[2022-08-29T12:34:51.248-0400] {logging_mixin.py:115} INFO - [2022-08-29T12:34:51.248-0400] {example_local_kubernetes_executor.py:38} WARNING - Install Kubernetes dependencies with: pip install apache-airflow[cncf.kubernetes]
[2022-08-29T12:34:51.248-0400] {processor.py:652} WARNING - No viable dags retrieved from /home/augenz/PycharmProjects/airflow/.env_airflow/lib/python3.9/site-packages/airflow/example_dags/example_local_kubernetes_executor.py
[2022-08-29T12:34:51.309-0400] {processor.py:161} INFO - Processing /home/augenz/PycharmProjects/airflow/.env_airflow/lib/python3.9/site-packages/airflow/example_dags/example_local_kubernetes_executor.py took 0.151 seconds
[2022-08-29T12:35:22.160-0400] {processor.py:153} INFO - Started process (PID=558) to work on /home/augenz/PycharmProjects/airflow/.env_airflow/lib/python3.9/site-packages/airflow/example_dags/example_local_kubernetes_executor.py
[2022-08-29T12:35:22.162-0400] {processor.py:640} INFO - Processing file /home/augenz/PycharmProjects/airflow/.env_airflow/lib/python3.9/site-packages/airflow/example_dags/example_local_kubernetes_executor.py for tasks to queue
[2022-08-29T12:35:22.163-0400] {logging_mixin.py:115} INFO - [2022-08-29T12:35:22.163-0400] {dagbag.py:508} INFO - Filling up the DagBag from /home/augenz/PycharmProjects/airflow/.env_airflow/lib/python3.9/site-packages/airflow/example_dags/example_local_kubernetes_executor.py
[2022-08-29T12:35:22.186-0400] {logging_mixin.py:115} INFO - [2022-08-29T12:35:22.185-0400] {example_local_kubernetes_executor.py:37} WARNING - Could not import DAGs in example_local_kubernetes_executor.py
Traceback (most recent call last):
  File "/home/augenz/PycharmProjects/airflow/.env_airflow/lib/python3.9/site-packages/airflow/example_dags/example_local_kubernetes_executor.py", line 35, in <module>
    from kubernetes.client import models as k8s
ModuleNotFoundError: No module named 'kubernetes'
[2022-08-29T12:35:22.186-0400] {logging_mixin.py:115} INFO - [2022-08-29T12:35:22.186-0400] {example_local_kubernetes_executor.py:38} WARNING - Install Kubernetes dependencies with: pip install apache-airflow[cncf.kubernetes]
[2022-08-29T12:35:22.186-0400] {processor.py:652} WARNING - No viable dags retrieved from /home/augenz/PycharmProjects/airflow/.env_airflow/lib/python3.9/site-packages/airflow/example_dags/example_local_kubernetes_executor.py
[2022-08-29T12:35:22.218-0400] {processor.py:161} INFO - Processing /home/augenz/PycharmProjects/airflow/.env_airflow/lib/python3.9/site-packages/airflow/example_dags/example_local_kubernetes_executor.py took 0.063 seconds
[2022-08-29T12:35:55.515-0400] {processor.py:153} INFO - Started process (PID=601) to work on /home/augenz/PycharmProjects/airflow/.env_airflow/lib/python3.9/site-packages/airflow/example_dags/example_local_kubernetes_executor.py
[2022-08-29T12:35:55.517-0400] {processor.py:640} INFO - Processing file /home/augenz/PycharmProjects/airflow/.env_airflow/lib/python3.9/site-packages/airflow/example_dags/example_local_kubernetes_executor.py for tasks to queue
[2022-08-29T12:35:55.518-0400] {logging_mixin.py:115} INFO - [2022-08-29T12:35:55.518-0400] {dagbag.py:508} INFO - Filling up the DagBag from /home/augenz/PycharmProjects/airflow/.env_airflow/lib/python3.9/site-packages/airflow/example_dags/example_local_kubernetes_executor.py
[2022-08-29T12:35:55.999-0400] {processor.py:650} INFO - DAG(s) dict_keys(['example_local_kubernetes_executor']) retrieved from /home/augenz/PycharmProjects/airflow/.env_airflow/lib/python3.9/site-packages/airflow/example_dags/example_local_kubernetes_executor.py
[2022-08-29T12:35:56.147-0400] {logging_mixin.py:115} INFO - [2022-08-29T12:35:56.147-0400] {manager.py:508} INFO - Created Permission View: can delete on DAG:example_local_kubernetes_executor
[2022-08-29T12:35:56.180-0400] {logging_mixin.py:115} INFO - [2022-08-29T12:35:56.180-0400] {manager.py:508} INFO - Created Permission View: can read on DAG:example_local_kubernetes_executor
[2022-08-29T12:35:56.214-0400] {logging_mixin.py:115} INFO - [2022-08-29T12:35:56.213-0400] {manager.py:508} INFO - Created Permission View: can edit on DAG:example_local_kubernetes_executor
[2022-08-29T12:35:56.215-0400] {logging_mixin.py:115} INFO - [2022-08-29T12:35:56.214-0400] {dag.py:2429} INFO - Sync 1 DAGs
[2022-08-29T12:35:56.230-0400] {logging_mixin.py:115} INFO - [2022-08-29T12:35:56.230-0400] {dag.py:2448} INFO - Creating ORM DAG for example_local_kubernetes_executor
[2022-08-29T12:35:56.253-0400] {logging_mixin.py:115} INFO - [2022-08-29T12:35:56.252-0400] {dag.py:2977} INFO - Setting next_dagrun for example_local_kubernetes_executor to None, run_after=None
[2022-08-29T12:35:56.294-0400] {processor.py:161} INFO - Processing /home/augenz/PycharmProjects/airflow/.env_airflow/lib/python3.9/site-packages/airflow/example_dags/example_local_kubernetes_executor.py took 0.783 seconds
[2022-08-29T12:36:27.021-0400] {processor.py:153} INFO - Started process (PID=635) to work on /home/augenz/PycharmProjects/airflow/.env_airflow/lib/python3.9/site-packages/airflow/example_dags/example_local_kubernetes_executor.py
[2022-08-29T12:36:27.024-0400] {processor.py:640} INFO - Processing file /home/augenz/PycharmProjects/airflow/.env_airflow/lib/python3.9/site-packages/airflow/example_dags/example_local_kubernetes_executor.py for tasks to queue
[2022-08-29T12:36:27.025-0400] {logging_mixin.py:115} INFO - [2022-08-29T12:36:27.025-0400] {dagbag.py:508} INFO - Filling up the DagBag from /home/augenz/PycharmProjects/airflow/.env_airflow/lib/python3.9/site-packages/airflow/example_dags/example_local_kubernetes_executor.py
[2022-08-29T12:36:27.481-0400] {processor.py:650} INFO - DAG(s) dict_keys(['example_local_kubernetes_executor']) retrieved from /home/augenz/PycharmProjects/airflow/.env_airflow/lib/python3.9/site-packages/airflow/example_dags/example_local_kubernetes_executor.py
[2022-08-29T12:36:27.519-0400] {logging_mixin.py:115} INFO - [2022-08-29T12:36:27.518-0400] {dag.py:2429} INFO - Sync 1 DAGs
[2022-08-29T12:36:27.545-0400] {logging_mixin.py:115} INFO - [2022-08-29T12:36:27.545-0400] {dag.py:2977} INFO - Setting next_dagrun for example_local_kubernetes_executor to None, run_after=None
[2022-08-29T12:36:27.582-0400] {processor.py:161} INFO - Processing /home/augenz/PycharmProjects/airflow/.env_airflow/lib/python3.9/site-packages/airflow/example_dags/example_local_kubernetes_executor.py took 0.565 seconds
[2022-08-29T12:37:03.287-0400] {processor.py:153} INFO - Started process (PID=687) to work on /home/augenz/PycharmProjects/airflow/.env_airflow/lib/python3.9/site-packages/airflow/example_dags/example_local_kubernetes_executor.py
[2022-08-29T12:37:03.312-0400] {processor.py:640} INFO - Processing file /home/augenz/PycharmProjects/airflow/.env_airflow/lib/python3.9/site-packages/airflow/example_dags/example_local_kubernetes_executor.py for tasks to queue
[2022-08-29T12:37:03.314-0400] {logging_mixin.py:115} INFO - [2022-08-29T12:37:03.313-0400] {dagbag.py:508} INFO - Filling up the DagBag from /home/augenz/PycharmProjects/airflow/.env_airflow/lib/python3.9/site-packages/airflow/example_dags/example_local_kubernetes_executor.py
[2022-08-29T12:37:04.269-0400] {processor.py:650} INFO - DAG(s) dict_keys(['example_local_kubernetes_executor']) retrieved from /home/augenz/PycharmProjects/airflow/.env_airflow/lib/python3.9/site-packages/airflow/example_dags/example_local_kubernetes_executor.py
[2022-08-29T12:37:04.338-0400] {logging_mixin.py:115} INFO - [2022-08-29T12:37:04.337-0400] {dag.py:2429} INFO - Sync 1 DAGs
[2022-08-29T12:37:04.409-0400] {logging_mixin.py:115} INFO - [2022-08-29T12:37:04.408-0400] {dag.py:2977} INFO - Setting next_dagrun for example_local_kubernetes_executor to None, run_after=None
[2022-08-29T12:37:04.460-0400] {processor.py:161} INFO - Processing /home/augenz/PycharmProjects/airflow/.env_airflow/lib/python3.9/site-packages/airflow/example_dags/example_local_kubernetes_executor.py took 1.193 seconds
[2022-08-29T12:37:42.502-0400] {processor.py:153} INFO - Started process (PID=729) to work on /home/augenz/PycharmProjects/airflow/.env_airflow/lib/python3.9/site-packages/airflow/example_dags/example_local_kubernetes_executor.py
[2022-08-29T12:37:42.528-0400] {processor.py:640} INFO - Processing file /home/augenz/PycharmProjects/airflow/.env_airflow/lib/python3.9/site-packages/airflow/example_dags/example_local_kubernetes_executor.py for tasks to queue
[2022-08-29T12:37:42.530-0400] {logging_mixin.py:115} INFO - [2022-08-29T12:37:42.529-0400] {dagbag.py:508} INFO - Filling up the DagBag from /home/augenz/PycharmProjects/airflow/.env_airflow/lib/python3.9/site-packages/airflow/example_dags/example_local_kubernetes_executor.py
[2022-08-29T12:37:43.525-0400] {processor.py:650} INFO - DAG(s) dict_keys(['example_local_kubernetes_executor']) retrieved from /home/augenz/PycharmProjects/airflow/.env_airflow/lib/python3.9/site-packages/airflow/example_dags/example_local_kubernetes_executor.py
[2022-08-29T12:37:43.605-0400] {logging_mixin.py:115} INFO - [2022-08-29T12:37:43.604-0400] {dag.py:2429} INFO - Sync 1 DAGs
[2022-08-29T12:37:43.684-0400] {logging_mixin.py:115} INFO - [2022-08-29T12:37:43.684-0400] {dag.py:2977} INFO - Setting next_dagrun for example_local_kubernetes_executor to None, run_after=None
[2022-08-29T12:37:43.756-0400] {processor.py:161} INFO - Processing /home/augenz/PycharmProjects/airflow/.env_airflow/lib/python3.9/site-packages/airflow/example_dags/example_local_kubernetes_executor.py took 1.278 seconds
[2022-08-29T12:38:14.923-0400] {processor.py:153} INFO - Started process (PID=789) to work on /home/augenz/PycharmProjects/airflow/.env_airflow/lib/python3.9/site-packages/airflow/example_dags/example_local_kubernetes_executor.py
[2022-08-29T12:38:14.928-0400] {processor.py:640} INFO - Processing file /home/augenz/PycharmProjects/airflow/.env_airflow/lib/python3.9/site-packages/airflow/example_dags/example_local_kubernetes_executor.py for tasks to queue
[2022-08-29T12:38:14.930-0400] {logging_mixin.py:115} INFO - [2022-08-29T12:38:14.929-0400] {dagbag.py:508} INFO - Filling up the DagBag from /home/augenz/PycharmProjects/airflow/.env_airflow/lib/python3.9/site-packages/airflow/example_dags/example_local_kubernetes_executor.py
[2022-08-29T12:38:16.154-0400] {processor.py:650} INFO - DAG(s) dict_keys(['example_local_kubernetes_executor']) retrieved from /home/augenz/PycharmProjects/airflow/.env_airflow/lib/python3.9/site-packages/airflow/example_dags/example_local_kubernetes_executor.py
[2022-08-29T12:38:16.309-0400] {logging_mixin.py:115} INFO - [2022-08-29T12:38:16.308-0400] {dag.py:2429} INFO - Sync 1 DAGs
[2022-08-29T12:38:16.397-0400] {logging_mixin.py:115} INFO - [2022-08-29T12:38:16.397-0400] {dag.py:2977} INFO - Setting next_dagrun for example_local_kubernetes_executor to None, run_after=None
[2022-08-29T12:38:16.500-0400] {processor.py:161} INFO - Processing /home/augenz/PycharmProjects/airflow/.env_airflow/lib/python3.9/site-packages/airflow/example_dags/example_local_kubernetes_executor.py took 1.585 seconds
[2022-08-29T12:38:47.080-0400] {processor.py:153} INFO - Started process (PID=825) to work on /home/augenz/PycharmProjects/airflow/.env_airflow/lib/python3.9/site-packages/airflow/example_dags/example_local_kubernetes_executor.py
[2022-08-29T12:38:47.085-0400] {processor.py:640} INFO - Processing file /home/augenz/PycharmProjects/airflow/.env_airflow/lib/python3.9/site-packages/airflow/example_dags/example_local_kubernetes_executor.py for tasks to queue
[2022-08-29T12:38:47.088-0400] {logging_mixin.py:115} INFO - [2022-08-29T12:38:47.087-0400] {dagbag.py:508} INFO - Filling up the DagBag from /home/augenz/PycharmProjects/airflow/.env_airflow/lib/python3.9/site-packages/airflow/example_dags/example_local_kubernetes_executor.py
[2022-08-29T12:38:47.545-0400] {processor.py:650} INFO - DAG(s) dict_keys(['example_local_kubernetes_executor']) retrieved from /home/augenz/PycharmProjects/airflow/.env_airflow/lib/python3.9/site-packages/airflow/example_dags/example_local_kubernetes_executor.py
[2022-08-29T12:38:47.586-0400] {logging_mixin.py:115} INFO - [2022-08-29T12:38:47.586-0400] {dag.py:2429} INFO - Sync 1 DAGs
[2022-08-29T12:38:47.615-0400] {logging_mixin.py:115} INFO - [2022-08-29T12:38:47.615-0400] {dag.py:2977} INFO - Setting next_dagrun for example_local_kubernetes_executor to None, run_after=None
[2022-08-29T12:38:47.655-0400] {processor.py:161} INFO - Processing /home/augenz/PycharmProjects/airflow/.env_airflow/lib/python3.9/site-packages/airflow/example_dags/example_local_kubernetes_executor.py took 0.580 seconds
[2022-08-29T12:39:18.185-0400] {processor.py:153} INFO - Started process (PID=860) to work on /home/augenz/PycharmProjects/airflow/.env_airflow/lib/python3.9/site-packages/airflow/example_dags/example_local_kubernetes_executor.py
[2022-08-29T12:39:18.196-0400] {processor.py:640} INFO - Processing file /home/augenz/PycharmProjects/airflow/.env_airflow/lib/python3.9/site-packages/airflow/example_dags/example_local_kubernetes_executor.py for tasks to queue
[2022-08-29T12:39:18.197-0400] {logging_mixin.py:115} INFO - [2022-08-29T12:39:18.196-0400] {dagbag.py:508} INFO - Filling up the DagBag from /home/augenz/PycharmProjects/airflow/.env_airflow/lib/python3.9/site-packages/airflow/example_dags/example_local_kubernetes_executor.py
[2022-08-29T12:39:18.748-0400] {processor.py:650} INFO - DAG(s) dict_keys(['example_local_kubernetes_executor']) retrieved from /home/augenz/PycharmProjects/airflow/.env_airflow/lib/python3.9/site-packages/airflow/example_dags/example_local_kubernetes_executor.py
[2022-08-29T12:39:18.811-0400] {logging_mixin.py:115} INFO - [2022-08-29T12:39:18.810-0400] {dag.py:2429} INFO - Sync 1 DAGs
[2022-08-29T12:39:18.852-0400] {logging_mixin.py:115} INFO - [2022-08-29T12:39:18.852-0400] {dag.py:2977} INFO - Setting next_dagrun for example_local_kubernetes_executor to None, run_after=None
[2022-08-29T12:39:18.910-0400] {processor.py:161} INFO - Processing /home/augenz/PycharmProjects/airflow/.env_airflow/lib/python3.9/site-packages/airflow/example_dags/example_local_kubernetes_executor.py took 0.730 seconds
[2022-08-29T12:39:49.381-0400] {processor.py:153} INFO - Started process (PID=899) to work on /home/augenz/PycharmProjects/airflow/.env_airflow/lib/python3.9/site-packages/airflow/example_dags/example_local_kubernetes_executor.py
[2022-08-29T12:39:49.387-0400] {processor.py:640} INFO - Processing file /home/augenz/PycharmProjects/airflow/.env_airflow/lib/python3.9/site-packages/airflow/example_dags/example_local_kubernetes_executor.py for tasks to queue
[2022-08-29T12:39:49.388-0400] {logging_mixin.py:115} INFO - [2022-08-29T12:39:49.387-0400] {dagbag.py:508} INFO - Filling up the DagBag from /home/augenz/PycharmProjects/airflow/.env_airflow/lib/python3.9/site-packages/airflow/example_dags/example_local_kubernetes_executor.py
[2022-08-29T12:39:49.826-0400] {processor.py:650} INFO - DAG(s) dict_keys(['example_local_kubernetes_executor']) retrieved from /home/augenz/PycharmProjects/airflow/.env_airflow/lib/python3.9/site-packages/airflow/example_dags/example_local_kubernetes_executor.py
[2022-08-29T12:39:49.862-0400] {logging_mixin.py:115} INFO - [2022-08-29T12:39:49.861-0400] {dag.py:2429} INFO - Sync 1 DAGs
[2022-08-29T12:39:49.888-0400] {logging_mixin.py:115} INFO - [2022-08-29T12:39:49.887-0400] {dag.py:2977} INFO - Setting next_dagrun for example_local_kubernetes_executor to None, run_after=None
[2022-08-29T12:39:49.940-0400] {processor.py:161} INFO - Processing /home/augenz/PycharmProjects/airflow/.env_airflow/lib/python3.9/site-packages/airflow/example_dags/example_local_kubernetes_executor.py took 0.564 seconds
[2022-08-29T12:40:20.688-0400] {processor.py:153} INFO - Started process (PID=934) to work on /home/augenz/PycharmProjects/airflow/.env_airflow/lib/python3.9/site-packages/airflow/example_dags/example_local_kubernetes_executor.py
[2022-08-29T12:40:20.699-0400] {processor.py:640} INFO - Processing file /home/augenz/PycharmProjects/airflow/.env_airflow/lib/python3.9/site-packages/airflow/example_dags/example_local_kubernetes_executor.py for tasks to queue
[2022-08-29T12:40:20.700-0400] {logging_mixin.py:115} INFO - [2022-08-29T12:40:20.700-0400] {dagbag.py:508} INFO - Filling up the DagBag from /home/augenz/PycharmProjects/airflow/.env_airflow/lib/python3.9/site-packages/airflow/example_dags/example_local_kubernetes_executor.py
[2022-08-29T12:40:21.176-0400] {processor.py:650} INFO - DAG(s) dict_keys(['example_local_kubernetes_executor']) retrieved from /home/augenz/PycharmProjects/airflow/.env_airflow/lib/python3.9/site-packages/airflow/example_dags/example_local_kubernetes_executor.py
[2022-08-29T12:40:21.214-0400] {logging_mixin.py:115} INFO - [2022-08-29T12:40:21.213-0400] {dag.py:2429} INFO - Sync 1 DAGs
[2022-08-29T12:40:21.240-0400] {logging_mixin.py:115} INFO - [2022-08-29T12:40:21.240-0400] {dag.py:2977} INFO - Setting next_dagrun for example_local_kubernetes_executor to None, run_after=None
[2022-08-29T12:40:21.277-0400] {processor.py:161} INFO - Processing /home/augenz/PycharmProjects/airflow/.env_airflow/lib/python3.9/site-packages/airflow/example_dags/example_local_kubernetes_executor.py took 0.593 seconds
[2022-08-29T12:40:51.534-0400] {processor.py:153} INFO - Started process (PID=968) to work on /home/augenz/PycharmProjects/airflow/.env_airflow/lib/python3.9/site-packages/airflow/example_dags/example_local_kubernetes_executor.py
[2022-08-29T12:40:51.538-0400] {processor.py:640} INFO - Processing file /home/augenz/PycharmProjects/airflow/.env_airflow/lib/python3.9/site-packages/airflow/example_dags/example_local_kubernetes_executor.py for tasks to queue
[2022-08-29T12:40:51.539-0400] {logging_mixin.py:115} INFO - [2022-08-29T12:40:51.539-0400] {dagbag.py:508} INFO - Filling up the DagBag from /home/augenz/PycharmProjects/airflow/.env_airflow/lib/python3.9/site-packages/airflow/example_dags/example_local_kubernetes_executor.py
[2022-08-29T12:40:51.983-0400] {processor.py:650} INFO - DAG(s) dict_keys(['example_local_kubernetes_executor']) retrieved from /home/augenz/PycharmProjects/airflow/.env_airflow/lib/python3.9/site-packages/airflow/example_dags/example_local_kubernetes_executor.py
[2022-08-29T12:40:52.023-0400] {logging_mixin.py:115} INFO - [2022-08-29T12:40:52.022-0400] {dag.py:2429} INFO - Sync 1 DAGs
[2022-08-29T12:40:52.051-0400] {logging_mixin.py:115} INFO - [2022-08-29T12:40:52.051-0400] {dag.py:2977} INFO - Setting next_dagrun for example_local_kubernetes_executor to None, run_after=None
[2022-08-29T12:40:52.089-0400] {processor.py:161} INFO - Processing /home/augenz/PycharmProjects/airflow/.env_airflow/lib/python3.9/site-packages/airflow/example_dags/example_local_kubernetes_executor.py took 0.561 seconds
[2022-08-29T12:41:22.491-0400] {processor.py:153} INFO - Started process (PID=1002) to work on /home/augenz/PycharmProjects/airflow/.env_airflow/lib/python3.9/site-packages/airflow/example_dags/example_local_kubernetes_executor.py
[2022-08-29T12:41:22.496-0400] {processor.py:640} INFO - Processing file /home/augenz/PycharmProjects/airflow/.env_airflow/lib/python3.9/site-packages/airflow/example_dags/example_local_kubernetes_executor.py for tasks to queue
[2022-08-29T12:41:22.497-0400] {logging_mixin.py:115} INFO - [2022-08-29T12:41:22.497-0400] {dagbag.py:508} INFO - Filling up the DagBag from /home/augenz/PycharmProjects/airflow/.env_airflow/lib/python3.9/site-packages/airflow/example_dags/example_local_kubernetes_executor.py
[2022-08-29T12:41:23.039-0400] {processor.py:650} INFO - DAG(s) dict_keys(['example_local_kubernetes_executor']) retrieved from /home/augenz/PycharmProjects/airflow/.env_airflow/lib/python3.9/site-packages/airflow/example_dags/example_local_kubernetes_executor.py
[2022-08-29T12:41:23.086-0400] {logging_mixin.py:115} INFO - [2022-08-29T12:41:23.085-0400] {dag.py:2429} INFO - Sync 1 DAGs
[2022-08-29T12:41:23.120-0400] {logging_mixin.py:115} INFO - [2022-08-29T12:41:23.120-0400] {dag.py:2977} INFO - Setting next_dagrun for example_local_kubernetes_executor to None, run_after=None
[2022-08-29T12:41:23.169-0400] {processor.py:161} INFO - Processing /home/augenz/PycharmProjects/airflow/.env_airflow/lib/python3.9/site-packages/airflow/example_dags/example_local_kubernetes_executor.py took 0.686 seconds
[2022-08-29T12:41:53.529-0400] {processor.py:153} INFO - Started process (PID=1046) to work on /home/augenz/PycharmProjects/airflow/.env_airflow/lib/python3.9/site-packages/airflow/example_dags/example_local_kubernetes_executor.py
[2022-08-29T12:41:53.533-0400] {processor.py:640} INFO - Processing file /home/augenz/PycharmProjects/airflow/.env_airflow/lib/python3.9/site-packages/airflow/example_dags/example_local_kubernetes_executor.py for tasks to queue
[2022-08-29T12:41:53.534-0400] {logging_mixin.py:115} INFO - [2022-08-29T12:41:53.534-0400] {dagbag.py:508} INFO - Filling up the DagBag from /home/augenz/PycharmProjects/airflow/.env_airflow/lib/python3.9/site-packages/airflow/example_dags/example_local_kubernetes_executor.py
[2022-08-29T12:41:54.002-0400] {processor.py:650} INFO - DAG(s) dict_keys(['example_local_kubernetes_executor']) retrieved from /home/augenz/PycharmProjects/airflow/.env_airflow/lib/python3.9/site-packages/airflow/example_dags/example_local_kubernetes_executor.py
[2022-08-29T12:41:54.042-0400] {logging_mixin.py:115} INFO - [2022-08-29T12:41:54.042-0400] {dag.py:2429} INFO - Sync 1 DAGs
[2022-08-29T12:41:54.070-0400] {logging_mixin.py:115} INFO - [2022-08-29T12:41:54.070-0400] {dag.py:2977} INFO - Setting next_dagrun for example_local_kubernetes_executor to None, run_after=None
[2022-08-29T12:41:54.124-0400] {processor.py:161} INFO - Processing /home/augenz/PycharmProjects/airflow/.env_airflow/lib/python3.9/site-packages/airflow/example_dags/example_local_kubernetes_executor.py took 0.600 seconds
[2022-08-29T12:42:24.346-0400] {processor.py:153} INFO - Started process (PID=1080) to work on /home/augenz/PycharmProjects/airflow/.env_airflow/lib/python3.9/site-packages/airflow/example_dags/example_local_kubernetes_executor.py
[2022-08-29T12:42:24.350-0400] {processor.py:640} INFO - Processing file /home/augenz/PycharmProjects/airflow/.env_airflow/lib/python3.9/site-packages/airflow/example_dags/example_local_kubernetes_executor.py for tasks to queue
[2022-08-29T12:42:24.351-0400] {logging_mixin.py:115} INFO - [2022-08-29T12:42:24.351-0400] {dagbag.py:508} INFO - Filling up the DagBag from /home/augenz/PycharmProjects/airflow/.env_airflow/lib/python3.9/site-packages/airflow/example_dags/example_local_kubernetes_executor.py
[2022-08-29T12:42:24.786-0400] {processor.py:650} INFO - DAG(s) dict_keys(['example_local_kubernetes_executor']) retrieved from /home/augenz/PycharmProjects/airflow/.env_airflow/lib/python3.9/site-packages/airflow/example_dags/example_local_kubernetes_executor.py
[2022-08-29T12:42:24.825-0400] {logging_mixin.py:115} INFO - [2022-08-29T12:42:24.824-0400] {dag.py:2429} INFO - Sync 1 DAGs
[2022-08-29T12:42:24.852-0400] {logging_mixin.py:115} INFO - [2022-08-29T12:42:24.852-0400] {dag.py:2977} INFO - Setting next_dagrun for example_local_kubernetes_executor to None, run_after=None
[2022-08-29T12:42:24.887-0400] {processor.py:161} INFO - Processing /home/augenz/PycharmProjects/airflow/.env_airflow/lib/python3.9/site-packages/airflow/example_dags/example_local_kubernetes_executor.py took 0.547 seconds
[2022-08-29T12:42:55.398-0400] {processor.py:153} INFO - Started process (PID=1114) to work on /home/augenz/PycharmProjects/airflow/.env_airflow/lib/python3.9/site-packages/airflow/example_dags/example_local_kubernetes_executor.py
[2022-08-29T12:42:55.403-0400] {processor.py:640} INFO - Processing file /home/augenz/PycharmProjects/airflow/.env_airflow/lib/python3.9/site-packages/airflow/example_dags/example_local_kubernetes_executor.py for tasks to queue
[2022-08-29T12:42:55.404-0400] {logging_mixin.py:115} INFO - [2022-08-29T12:42:55.403-0400] {dagbag.py:508} INFO - Filling up the DagBag from /home/augenz/PycharmProjects/airflow/.env_airflow/lib/python3.9/site-packages/airflow/example_dags/example_local_kubernetes_executor.py
[2022-08-29T12:42:55.834-0400] {processor.py:650} INFO - DAG(s) dict_keys(['example_local_kubernetes_executor']) retrieved from /home/augenz/PycharmProjects/airflow/.env_airflow/lib/python3.9/site-packages/airflow/example_dags/example_local_kubernetes_executor.py
[2022-08-29T12:42:55.872-0400] {logging_mixin.py:115} INFO - [2022-08-29T12:42:55.872-0400] {dag.py:2429} INFO - Sync 1 DAGs
[2022-08-29T12:42:55.898-0400] {logging_mixin.py:115} INFO - [2022-08-29T12:42:55.898-0400] {dag.py:2977} INFO - Setting next_dagrun for example_local_kubernetes_executor to None, run_after=None
[2022-08-29T12:42:55.942-0400] {processor.py:161} INFO - Processing /home/augenz/PycharmProjects/airflow/.env_airflow/lib/python3.9/site-packages/airflow/example_dags/example_local_kubernetes_executor.py took 0.549 seconds
[2022-08-29T12:43:26.514-0400] {processor.py:153} INFO - Started process (PID=1149) to work on /home/augenz/PycharmProjects/airflow/.env_airflow/lib/python3.9/site-packages/airflow/example_dags/example_local_kubernetes_executor.py
[2022-08-29T12:43:26.518-0400] {processor.py:640} INFO - Processing file /home/augenz/PycharmProjects/airflow/.env_airflow/lib/python3.9/site-packages/airflow/example_dags/example_local_kubernetes_executor.py for tasks to queue
[2022-08-29T12:43:26.519-0400] {logging_mixin.py:115} INFO - [2022-08-29T12:43:26.519-0400] {dagbag.py:508} INFO - Filling up the DagBag from /home/augenz/PycharmProjects/airflow/.env_airflow/lib/python3.9/site-packages/airflow/example_dags/example_local_kubernetes_executor.py
[2022-08-29T12:43:26.999-0400] {processor.py:650} INFO - DAG(s) dict_keys(['example_local_kubernetes_executor']) retrieved from /home/augenz/PycharmProjects/airflow/.env_airflow/lib/python3.9/site-packages/airflow/example_dags/example_local_kubernetes_executor.py
[2022-08-29T12:43:27.037-0400] {logging_mixin.py:115} INFO - [2022-08-29T12:43:27.037-0400] {dag.py:2429} INFO - Sync 1 DAGs
[2022-08-29T12:43:27.066-0400] {logging_mixin.py:115} INFO - [2022-08-29T12:43:27.066-0400] {dag.py:2977} INFO - Setting next_dagrun for example_local_kubernetes_executor to None, run_after=None
[2022-08-29T12:43:27.113-0400] {processor.py:161} INFO - Processing /home/augenz/PycharmProjects/airflow/.env_airflow/lib/python3.9/site-packages/airflow/example_dags/example_local_kubernetes_executor.py took 0.604 seconds
[2022-08-29T12:43:57.287-0400] {processor.py:153} INFO - Started process (PID=1184) to work on /home/augenz/PycharmProjects/airflow/.env_airflow/lib/python3.9/site-packages/airflow/example_dags/example_local_kubernetes_executor.py
[2022-08-29T12:43:57.293-0400] {processor.py:640} INFO - Processing file /home/augenz/PycharmProjects/airflow/.env_airflow/lib/python3.9/site-packages/airflow/example_dags/example_local_kubernetes_executor.py for tasks to queue
[2022-08-29T12:43:57.294-0400] {logging_mixin.py:115} INFO - [2022-08-29T12:43:57.293-0400] {dagbag.py:508} INFO - Filling up the DagBag from /home/augenz/PycharmProjects/airflow/.env_airflow/lib/python3.9/site-packages/airflow/example_dags/example_local_kubernetes_executor.py
[2022-08-29T12:43:57.729-0400] {processor.py:650} INFO - DAG(s) dict_keys(['example_local_kubernetes_executor']) retrieved from /home/augenz/PycharmProjects/airflow/.env_airflow/lib/python3.9/site-packages/airflow/example_dags/example_local_kubernetes_executor.py
[2022-08-29T12:43:57.769-0400] {logging_mixin.py:115} INFO - [2022-08-29T12:43:57.769-0400] {dag.py:2429} INFO - Sync 1 DAGs
[2022-08-29T12:43:57.796-0400] {logging_mixin.py:115} INFO - [2022-08-29T12:43:57.796-0400] {dag.py:2977} INFO - Setting next_dagrun for example_local_kubernetes_executor to None, run_after=None
[2022-08-29T12:43:57.851-0400] {processor.py:161} INFO - Processing /home/augenz/PycharmProjects/airflow/.env_airflow/lib/python3.9/site-packages/airflow/example_dags/example_local_kubernetes_executor.py took 0.569 seconds
[2022-08-29T12:44:28.517-0400] {processor.py:153} INFO - Started process (PID=1218) to work on /home/augenz/PycharmProjects/airflow/.env_airflow/lib/python3.9/site-packages/airflow/example_dags/example_local_kubernetes_executor.py
[2022-08-29T12:44:28.528-0400] {processor.py:640} INFO - Processing file /home/augenz/PycharmProjects/airflow/.env_airflow/lib/python3.9/site-packages/airflow/example_dags/example_local_kubernetes_executor.py for tasks to queue
[2022-08-29T12:44:28.530-0400] {logging_mixin.py:115} INFO - [2022-08-29T12:44:28.529-0400] {dagbag.py:508} INFO - Filling up the DagBag from /home/augenz/PycharmProjects/airflow/.env_airflow/lib/python3.9/site-packages/airflow/example_dags/example_local_kubernetes_executor.py
[2022-08-29T12:44:29.029-0400] {processor.py:650} INFO - DAG(s) dict_keys(['example_local_kubernetes_executor']) retrieved from /home/augenz/PycharmProjects/airflow/.env_airflow/lib/python3.9/site-packages/airflow/example_dags/example_local_kubernetes_executor.py
[2022-08-29T12:44:29.075-0400] {logging_mixin.py:115} INFO - [2022-08-29T12:44:29.074-0400] {dag.py:2429} INFO - Sync 1 DAGs
[2022-08-29T12:44:29.112-0400] {logging_mixin.py:115} INFO - [2022-08-29T12:44:29.112-0400] {dag.py:2977} INFO - Setting next_dagrun for example_local_kubernetes_executor to None, run_after=None
[2022-08-29T12:44:29.146-0400] {processor.py:161} INFO - Processing /home/augenz/PycharmProjects/airflow/.env_airflow/lib/python3.9/site-packages/airflow/example_dags/example_local_kubernetes_executor.py took 0.635 seconds
[2022-08-29T12:44:59.412-0400] {processor.py:153} INFO - Started process (PID=1267) to work on /home/augenz/PycharmProjects/airflow/.env_airflow/lib/python3.9/site-packages/airflow/example_dags/example_local_kubernetes_executor.py
[2022-08-29T12:44:59.416-0400] {processor.py:640} INFO - Processing file /home/augenz/PycharmProjects/airflow/.env_airflow/lib/python3.9/site-packages/airflow/example_dags/example_local_kubernetes_executor.py for tasks to queue
[2022-08-29T12:44:59.417-0400] {logging_mixin.py:115} INFO - [2022-08-29T12:44:59.417-0400] {dagbag.py:508} INFO - Filling up the DagBag from /home/augenz/PycharmProjects/airflow/.env_airflow/lib/python3.9/site-packages/airflow/example_dags/example_local_kubernetes_executor.py
[2022-08-29T12:45:00.051-0400] {processor.py:650} INFO - DAG(s) dict_keys(['example_local_kubernetes_executor']) retrieved from /home/augenz/PycharmProjects/airflow/.env_airflow/lib/python3.9/site-packages/airflow/example_dags/example_local_kubernetes_executor.py
[2022-08-29T12:45:00.099-0400] {logging_mixin.py:115} INFO - [2022-08-29T12:45:00.099-0400] {dag.py:2429} INFO - Sync 1 DAGs
[2022-08-29T12:45:00.136-0400] {logging_mixin.py:115} INFO - [2022-08-29T12:45:00.135-0400] {dag.py:2977} INFO - Setting next_dagrun for example_local_kubernetes_executor to None, run_after=None
[2022-08-29T12:45:00.177-0400] {processor.py:161} INFO - Processing /home/augenz/PycharmProjects/airflow/.env_airflow/lib/python3.9/site-packages/airflow/example_dags/example_local_kubernetes_executor.py took 0.771 seconds
[2022-08-29T12:45:31.001-0400] {processor.py:153} INFO - Started process (PID=1301) to work on /home/augenz/PycharmProjects/airflow/.env_airflow/lib/python3.9/site-packages/airflow/example_dags/example_local_kubernetes_executor.py
[2022-08-29T12:45:31.005-0400] {processor.py:640} INFO - Processing file /home/augenz/PycharmProjects/airflow/.env_airflow/lib/python3.9/site-packages/airflow/example_dags/example_local_kubernetes_executor.py for tasks to queue
[2022-08-29T12:45:31.007-0400] {logging_mixin.py:115} INFO - [2022-08-29T12:45:31.006-0400] {dagbag.py:508} INFO - Filling up the DagBag from /home/augenz/PycharmProjects/airflow/.env_airflow/lib/python3.9/site-packages/airflow/example_dags/example_local_kubernetes_executor.py
[2022-08-29T12:45:31.521-0400] {processor.py:650} INFO - DAG(s) dict_keys(['example_local_kubernetes_executor']) retrieved from /home/augenz/PycharmProjects/airflow/.env_airflow/lib/python3.9/site-packages/airflow/example_dags/example_local_kubernetes_executor.py
[2022-08-29T12:45:31.559-0400] {logging_mixin.py:115} INFO - [2022-08-29T12:45:31.559-0400] {dag.py:2429} INFO - Sync 1 DAGs
[2022-08-29T12:45:31.586-0400] {logging_mixin.py:115} INFO - [2022-08-29T12:45:31.585-0400] {dag.py:2977} INFO - Setting next_dagrun for example_local_kubernetes_executor to None, run_after=None
[2022-08-29T12:45:31.622-0400] {processor.py:161} INFO - Processing /home/augenz/PycharmProjects/airflow/.env_airflow/lib/python3.9/site-packages/airflow/example_dags/example_local_kubernetes_executor.py took 0.627 seconds
[2022-08-29T12:46:01.825-0400] {processor.py:153} INFO - Started process (PID=1336) to work on /home/augenz/PycharmProjects/airflow/.env_airflow/lib/python3.9/site-packages/airflow/example_dags/example_local_kubernetes_executor.py
[2022-08-29T12:46:01.828-0400] {processor.py:640} INFO - Processing file /home/augenz/PycharmProjects/airflow/.env_airflow/lib/python3.9/site-packages/airflow/example_dags/example_local_kubernetes_executor.py for tasks to queue
[2022-08-29T12:46:01.829-0400] {logging_mixin.py:115} INFO - [2022-08-29T12:46:01.828-0400] {dagbag.py:508} INFO - Filling up the DagBag from /home/augenz/PycharmProjects/airflow/.env_airflow/lib/python3.9/site-packages/airflow/example_dags/example_local_kubernetes_executor.py
[2022-08-29T12:46:02.275-0400] {processor.py:650} INFO - DAG(s) dict_keys(['example_local_kubernetes_executor']) retrieved from /home/augenz/PycharmProjects/airflow/.env_airflow/lib/python3.9/site-packages/airflow/example_dags/example_local_kubernetes_executor.py
[2022-08-29T12:46:02.314-0400] {logging_mixin.py:115} INFO - [2022-08-29T12:46:02.313-0400] {dag.py:2429} INFO - Sync 1 DAGs
[2022-08-29T12:46:02.340-0400] {logging_mixin.py:115} INFO - [2022-08-29T12:46:02.340-0400] {dag.py:2977} INFO - Setting next_dagrun for example_local_kubernetes_executor to None, run_after=None
[2022-08-29T12:46:02.379-0400] {processor.py:161} INFO - Processing /home/augenz/PycharmProjects/airflow/.env_airflow/lib/python3.9/site-packages/airflow/example_dags/example_local_kubernetes_executor.py took 0.559 seconds
[2022-08-29T12:46:33.059-0400] {processor.py:153} INFO - Started process (PID=1370) to work on /home/augenz/PycharmProjects/airflow/.env_airflow/lib/python3.9/site-packages/airflow/example_dags/example_local_kubernetes_executor.py
[2022-08-29T12:46:33.063-0400] {processor.py:640} INFO - Processing file /home/augenz/PycharmProjects/airflow/.env_airflow/lib/python3.9/site-packages/airflow/example_dags/example_local_kubernetes_executor.py for tasks to queue
[2022-08-29T12:46:33.064-0400] {logging_mixin.py:115} INFO - [2022-08-29T12:46:33.064-0400] {dagbag.py:508} INFO - Filling up the DagBag from /home/augenz/PycharmProjects/airflow/.env_airflow/lib/python3.9/site-packages/airflow/example_dags/example_local_kubernetes_executor.py
[2022-08-29T12:46:33.666-0400] {processor.py:650} INFO - DAG(s) dict_keys(['example_local_kubernetes_executor']) retrieved from /home/augenz/PycharmProjects/airflow/.env_airflow/lib/python3.9/site-packages/airflow/example_dags/example_local_kubernetes_executor.py
[2022-08-29T12:46:33.704-0400] {logging_mixin.py:115} INFO - [2022-08-29T12:46:33.703-0400] {dag.py:2429} INFO - Sync 1 DAGs
[2022-08-29T12:46:33.730-0400] {logging_mixin.py:115} INFO - [2022-08-29T12:46:33.729-0400] {dag.py:2977} INFO - Setting next_dagrun for example_local_kubernetes_executor to None, run_after=None
[2022-08-29T12:46:33.783-0400] {processor.py:161} INFO - Processing /home/augenz/PycharmProjects/airflow/.env_airflow/lib/python3.9/site-packages/airflow/example_dags/example_local_kubernetes_executor.py took 0.730 seconds
[2022-08-29T12:47:04.136-0400] {processor.py:153} INFO - Started process (PID=1405) to work on /home/augenz/PycharmProjects/airflow/.env_airflow/lib/python3.9/site-packages/airflow/example_dags/example_local_kubernetes_executor.py
[2022-08-29T12:47:04.140-0400] {processor.py:640} INFO - Processing file /home/augenz/PycharmProjects/airflow/.env_airflow/lib/python3.9/site-packages/airflow/example_dags/example_local_kubernetes_executor.py for tasks to queue
[2022-08-29T12:47:04.141-0400] {logging_mixin.py:115} INFO - [2022-08-29T12:47:04.141-0400] {dagbag.py:508} INFO - Filling up the DagBag from /home/augenz/PycharmProjects/airflow/.env_airflow/lib/python3.9/site-packages/airflow/example_dags/example_local_kubernetes_executor.py
[2022-08-29T12:47:04.587-0400] {processor.py:650} INFO - DAG(s) dict_keys(['example_local_kubernetes_executor']) retrieved from /home/augenz/PycharmProjects/airflow/.env_airflow/lib/python3.9/site-packages/airflow/example_dags/example_local_kubernetes_executor.py
[2022-08-29T12:47:04.633-0400] {logging_mixin.py:115} INFO - [2022-08-29T12:47:04.632-0400] {dag.py:2429} INFO - Sync 1 DAGs
[2022-08-29T12:47:04.669-0400] {logging_mixin.py:115} INFO - [2022-08-29T12:47:04.669-0400] {dag.py:2977} INFO - Setting next_dagrun for example_local_kubernetes_executor to None, run_after=None
[2022-08-29T12:47:04.704-0400] {processor.py:161} INFO - Processing /home/augenz/PycharmProjects/airflow/.env_airflow/lib/python3.9/site-packages/airflow/example_dags/example_local_kubernetes_executor.py took 0.575 seconds
[2022-08-29T12:47:34.802-0400] {processor.py:153} INFO - Started process (PID=1447) to work on /home/augenz/PycharmProjects/airflow/.env_airflow/lib/python3.9/site-packages/airflow/example_dags/example_local_kubernetes_executor.py
[2022-08-29T12:47:34.815-0400] {processor.py:640} INFO - Processing file /home/augenz/PycharmProjects/airflow/.env_airflow/lib/python3.9/site-packages/airflow/example_dags/example_local_kubernetes_executor.py for tasks to queue
[2022-08-29T12:47:34.816-0400] {logging_mixin.py:115} INFO - [2022-08-29T12:47:34.816-0400] {dagbag.py:508} INFO - Filling up the DagBag from /home/augenz/PycharmProjects/airflow/.env_airflow/lib/python3.9/site-packages/airflow/example_dags/example_local_kubernetes_executor.py
[2022-08-29T12:47:35.253-0400] {processor.py:650} INFO - DAG(s) dict_keys(['example_local_kubernetes_executor']) retrieved from /home/augenz/PycharmProjects/airflow/.env_airflow/lib/python3.9/site-packages/airflow/example_dags/example_local_kubernetes_executor.py
[2022-08-29T12:47:35.291-0400] {logging_mixin.py:115} INFO - [2022-08-29T12:47:35.290-0400] {dag.py:2429} INFO - Sync 1 DAGs
[2022-08-29T12:47:35.317-0400] {logging_mixin.py:115} INFO - [2022-08-29T12:47:35.317-0400] {dag.py:2977} INFO - Setting next_dagrun for example_local_kubernetes_executor to None, run_after=None
[2022-08-29T12:47:35.361-0400] {processor.py:161} INFO - Processing /home/augenz/PycharmProjects/airflow/.env_airflow/lib/python3.9/site-packages/airflow/example_dags/example_local_kubernetes_executor.py took 0.564 seconds
[2022-08-29T12:48:05.935-0400] {processor.py:153} INFO - Started process (PID=1481) to work on /home/augenz/PycharmProjects/airflow/.env_airflow/lib/python3.9/site-packages/airflow/example_dags/example_local_kubernetes_executor.py
[2022-08-29T12:48:05.939-0400] {processor.py:640} INFO - Processing file /home/augenz/PycharmProjects/airflow/.env_airflow/lib/python3.9/site-packages/airflow/example_dags/example_local_kubernetes_executor.py for tasks to queue
[2022-08-29T12:48:05.940-0400] {logging_mixin.py:115} INFO - [2022-08-29T12:48:05.940-0400] {dagbag.py:508} INFO - Filling up the DagBag from /home/augenz/PycharmProjects/airflow/.env_airflow/lib/python3.9/site-packages/airflow/example_dags/example_local_kubernetes_executor.py
[2022-08-29T12:48:06.396-0400] {processor.py:650} INFO - DAG(s) dict_keys(['example_local_kubernetes_executor']) retrieved from /home/augenz/PycharmProjects/airflow/.env_airflow/lib/python3.9/site-packages/airflow/example_dags/example_local_kubernetes_executor.py
[2022-08-29T12:48:06.434-0400] {logging_mixin.py:115} INFO - [2022-08-29T12:48:06.434-0400] {dag.py:2429} INFO - Sync 1 DAGs
[2022-08-29T12:48:06.460-0400] {logging_mixin.py:115} INFO - [2022-08-29T12:48:06.460-0400] {dag.py:2977} INFO - Setting next_dagrun for example_local_kubernetes_executor to None, run_after=None
[2022-08-29T12:48:06.508-0400] {processor.py:161} INFO - Processing /home/augenz/PycharmProjects/airflow/.env_airflow/lib/python3.9/site-packages/airflow/example_dags/example_local_kubernetes_executor.py took 0.578 seconds
[2022-08-29T12:48:36.658-0400] {processor.py:153} INFO - Started process (PID=1516) to work on /home/augenz/PycharmProjects/airflow/.env_airflow/lib/python3.9/site-packages/airflow/example_dags/example_local_kubernetes_executor.py
[2022-08-29T12:48:36.662-0400] {processor.py:640} INFO - Processing file /home/augenz/PycharmProjects/airflow/.env_airflow/lib/python3.9/site-packages/airflow/example_dags/example_local_kubernetes_executor.py for tasks to queue
[2022-08-29T12:48:36.663-0400] {logging_mixin.py:115} INFO - [2022-08-29T12:48:36.663-0400] {dagbag.py:508} INFO - Filling up the DagBag from /home/augenz/PycharmProjects/airflow/.env_airflow/lib/python3.9/site-packages/airflow/example_dags/example_local_kubernetes_executor.py
[2022-08-29T12:48:37.096-0400] {processor.py:650} INFO - DAG(s) dict_keys(['example_local_kubernetes_executor']) retrieved from /home/augenz/PycharmProjects/airflow/.env_airflow/lib/python3.9/site-packages/airflow/example_dags/example_local_kubernetes_executor.py
[2022-08-29T12:48:37.138-0400] {logging_mixin.py:115} INFO - [2022-08-29T12:48:37.137-0400] {dag.py:2429} INFO - Sync 1 DAGs
[2022-08-29T12:48:37.173-0400] {logging_mixin.py:115} INFO - [2022-08-29T12:48:37.172-0400] {dag.py:2977} INFO - Setting next_dagrun for example_local_kubernetes_executor to None, run_after=None
[2022-08-29T12:48:37.237-0400] {processor.py:161} INFO - Processing /home/augenz/PycharmProjects/airflow/.env_airflow/lib/python3.9/site-packages/airflow/example_dags/example_local_kubernetes_executor.py took 0.585 seconds
[2022-08-29T12:49:07.481-0400] {processor.py:153} INFO - Started process (PID=1550) to work on /home/augenz/PycharmProjects/airflow/.env_airflow/lib/python3.9/site-packages/airflow/example_dags/example_local_kubernetes_executor.py
[2022-08-29T12:49:07.485-0400] {processor.py:640} INFO - Processing file /home/augenz/PycharmProjects/airflow/.env_airflow/lib/python3.9/site-packages/airflow/example_dags/example_local_kubernetes_executor.py for tasks to queue
[2022-08-29T12:49:07.487-0400] {logging_mixin.py:115} INFO - [2022-08-29T12:49:07.487-0400] {dagbag.py:508} INFO - Filling up the DagBag from /home/augenz/PycharmProjects/airflow/.env_airflow/lib/python3.9/site-packages/airflow/example_dags/example_local_kubernetes_executor.py
[2022-08-29T12:49:08.122-0400] {processor.py:650} INFO - DAG(s) dict_keys(['example_local_kubernetes_executor']) retrieved from /home/augenz/PycharmProjects/airflow/.env_airflow/lib/python3.9/site-packages/airflow/example_dags/example_local_kubernetes_executor.py
[2022-08-29T12:49:08.161-0400] {logging_mixin.py:115} INFO - [2022-08-29T12:49:08.160-0400] {dag.py:2429} INFO - Sync 1 DAGs
[2022-08-29T12:49:08.187-0400] {logging_mixin.py:115} INFO - [2022-08-29T12:49:08.187-0400] {dag.py:2977} INFO - Setting next_dagrun for example_local_kubernetes_executor to None, run_after=None
[2022-08-29T12:49:08.236-0400] {processor.py:161} INFO - Processing /home/augenz/PycharmProjects/airflow/.env_airflow/lib/python3.9/site-packages/airflow/example_dags/example_local_kubernetes_executor.py took 0.763 seconds
[2022-08-29T12:49:38.319-0400] {processor.py:153} INFO - Started process (PID=1594) to work on /home/augenz/PycharmProjects/airflow/.env_airflow/lib/python3.9/site-packages/airflow/example_dags/example_local_kubernetes_executor.py
[2022-08-29T12:49:38.336-0400] {processor.py:640} INFO - Processing file /home/augenz/PycharmProjects/airflow/.env_airflow/lib/python3.9/site-packages/airflow/example_dags/example_local_kubernetes_executor.py for tasks to queue
[2022-08-29T12:49:38.337-0400] {logging_mixin.py:115} INFO - [2022-08-29T12:49:38.337-0400] {dagbag.py:508} INFO - Filling up the DagBag from /home/augenz/PycharmProjects/airflow/.env_airflow/lib/python3.9/site-packages/airflow/example_dags/example_local_kubernetes_executor.py
[2022-08-29T12:49:38.949-0400] {processor.py:650} INFO - DAG(s) dict_keys(['example_local_kubernetes_executor']) retrieved from /home/augenz/PycharmProjects/airflow/.env_airflow/lib/python3.9/site-packages/airflow/example_dags/example_local_kubernetes_executor.py
[2022-08-29T12:49:38.992-0400] {logging_mixin.py:115} INFO - [2022-08-29T12:49:38.992-0400] {dag.py:2429} INFO - Sync 1 DAGs
[2022-08-29T12:49:39.041-0400] {logging_mixin.py:115} INFO - [2022-08-29T12:49:39.041-0400] {dag.py:2977} INFO - Setting next_dagrun for example_local_kubernetes_executor to None, run_after=None
[2022-08-29T12:49:39.089-0400] {processor.py:161} INFO - Processing /home/augenz/PycharmProjects/airflow/.env_airflow/lib/python3.9/site-packages/airflow/example_dags/example_local_kubernetes_executor.py took 0.775 seconds
[2022-08-29T12:50:09.916-0400] {processor.py:153} INFO - Started process (PID=1628) to work on /home/augenz/PycharmProjects/airflow/.env_airflow/lib/python3.9/site-packages/airflow/example_dags/example_local_kubernetes_executor.py
[2022-08-29T12:50:09.921-0400] {processor.py:640} INFO - Processing file /home/augenz/PycharmProjects/airflow/.env_airflow/lib/python3.9/site-packages/airflow/example_dags/example_local_kubernetes_executor.py for tasks to queue
[2022-08-29T12:50:09.922-0400] {logging_mixin.py:115} INFO - [2022-08-29T12:50:09.922-0400] {dagbag.py:508} INFO - Filling up the DagBag from /home/augenz/PycharmProjects/airflow/.env_airflow/lib/python3.9/site-packages/airflow/example_dags/example_local_kubernetes_executor.py
[2022-08-29T12:50:10.467-0400] {processor.py:650} INFO - DAG(s) dict_keys(['example_local_kubernetes_executor']) retrieved from /home/augenz/PycharmProjects/airflow/.env_airflow/lib/python3.9/site-packages/airflow/example_dags/example_local_kubernetes_executor.py
[2022-08-29T12:50:10.505-0400] {logging_mixin.py:115} INFO - [2022-08-29T12:50:10.505-0400] {dag.py:2429} INFO - Sync 1 DAGs
[2022-08-29T12:50:10.532-0400] {logging_mixin.py:115} INFO - [2022-08-29T12:50:10.531-0400] {dag.py:2977} INFO - Setting next_dagrun for example_local_kubernetes_executor to None, run_after=None
[2022-08-29T12:50:10.578-0400] {processor.py:161} INFO - Processing /home/augenz/PycharmProjects/airflow/.env_airflow/lib/python3.9/site-packages/airflow/example_dags/example_local_kubernetes_executor.py took 0.668 seconds
[2022-08-29T12:50:40.629-0400] {processor.py:153} INFO - Started process (PID=1667) to work on /home/augenz/PycharmProjects/airflow/.env_airflow/lib/python3.9/site-packages/airflow/example_dags/example_local_kubernetes_executor.py
[2022-08-29T12:50:40.633-0400] {processor.py:640} INFO - Processing file /home/augenz/PycharmProjects/airflow/.env_airflow/lib/python3.9/site-packages/airflow/example_dags/example_local_kubernetes_executor.py for tasks to queue
[2022-08-29T12:50:40.634-0400] {logging_mixin.py:115} INFO - [2022-08-29T12:50:40.634-0400] {dagbag.py:508} INFO - Filling up the DagBag from /home/augenz/PycharmProjects/airflow/.env_airflow/lib/python3.9/site-packages/airflow/example_dags/example_local_kubernetes_executor.py
[2022-08-29T12:50:41.258-0400] {processor.py:650} INFO - DAG(s) dict_keys(['example_local_kubernetes_executor']) retrieved from /home/augenz/PycharmProjects/airflow/.env_airflow/lib/python3.9/site-packages/airflow/example_dags/example_local_kubernetes_executor.py
[2022-08-29T12:50:41.298-0400] {logging_mixin.py:115} INFO - [2022-08-29T12:50:41.298-0400] {dag.py:2429} INFO - Sync 1 DAGs
[2022-08-29T12:50:41.325-0400] {logging_mixin.py:115} INFO - [2022-08-29T12:50:41.325-0400] {dag.py:2977} INFO - Setting next_dagrun for example_local_kubernetes_executor to None, run_after=None
[2022-08-29T12:50:41.377-0400] {processor.py:161} INFO - Processing /home/augenz/PycharmProjects/airflow/.env_airflow/lib/python3.9/site-packages/airflow/example_dags/example_local_kubernetes_executor.py took 0.754 seconds
[2022-08-29T12:51:11.852-0400] {processor.py:153} INFO - Started process (PID=1701) to work on /home/augenz/PycharmProjects/airflow/.env_airflow/lib/python3.9/site-packages/airflow/example_dags/example_local_kubernetes_executor.py
[2022-08-29T12:51:11.856-0400] {processor.py:640} INFO - Processing file /home/augenz/PycharmProjects/airflow/.env_airflow/lib/python3.9/site-packages/airflow/example_dags/example_local_kubernetes_executor.py for tasks to queue
[2022-08-29T12:51:11.857-0400] {logging_mixin.py:115} INFO - [2022-08-29T12:51:11.857-0400] {dagbag.py:508} INFO - Filling up the DagBag from /home/augenz/PycharmProjects/airflow/.env_airflow/lib/python3.9/site-packages/airflow/example_dags/example_local_kubernetes_executor.py
[2022-08-29T12:51:12.463-0400] {processor.py:650} INFO - DAG(s) dict_keys(['example_local_kubernetes_executor']) retrieved from /home/augenz/PycharmProjects/airflow/.env_airflow/lib/python3.9/site-packages/airflow/example_dags/example_local_kubernetes_executor.py
[2022-08-29T12:51:12.557-0400] {logging_mixin.py:115} INFO - [2022-08-29T12:51:12.556-0400] {dag.py:2429} INFO - Sync 1 DAGs
[2022-08-29T12:51:12.601-0400] {logging_mixin.py:115} INFO - [2022-08-29T12:51:12.601-0400] {dag.py:2977} INFO - Setting next_dagrun for example_local_kubernetes_executor to None, run_after=None
[2022-08-29T12:51:12.672-0400] {processor.py:161} INFO - Processing /home/augenz/PycharmProjects/airflow/.env_airflow/lib/python3.9/site-packages/airflow/example_dags/example_local_kubernetes_executor.py took 0.828 seconds
[2022-08-29T12:51:42.944-0400] {processor.py:153} INFO - Started process (PID=1739) to work on /home/augenz/PycharmProjects/airflow/.env_airflow/lib/python3.9/site-packages/airflow/example_dags/example_local_kubernetes_executor.py
[2022-08-29T12:51:42.948-0400] {processor.py:640} INFO - Processing file /home/augenz/PycharmProjects/airflow/.env_airflow/lib/python3.9/site-packages/airflow/example_dags/example_local_kubernetes_executor.py for tasks to queue
[2022-08-29T12:51:42.949-0400] {logging_mixin.py:115} INFO - [2022-08-29T12:51:42.949-0400] {dagbag.py:508} INFO - Filling up the DagBag from /home/augenz/PycharmProjects/airflow/.env_airflow/lib/python3.9/site-packages/airflow/example_dags/example_local_kubernetes_executor.py
[2022-08-29T12:51:43.394-0400] {processor.py:650} INFO - DAG(s) dict_keys(['example_local_kubernetes_executor']) retrieved from /home/augenz/PycharmProjects/airflow/.env_airflow/lib/python3.9/site-packages/airflow/example_dags/example_local_kubernetes_executor.py
[2022-08-29T12:51:43.433-0400] {logging_mixin.py:115} INFO - [2022-08-29T12:51:43.432-0400] {dag.py:2429} INFO - Sync 1 DAGs
[2022-08-29T12:51:43.459-0400] {logging_mixin.py:115} INFO - [2022-08-29T12:51:43.459-0400] {dag.py:2977} INFO - Setting next_dagrun for example_local_kubernetes_executor to None, run_after=None
[2022-08-29T12:51:43.502-0400] {processor.py:161} INFO - Processing /home/augenz/PycharmProjects/airflow/.env_airflow/lib/python3.9/site-packages/airflow/example_dags/example_local_kubernetes_executor.py took 0.563 seconds
[2022-08-29T12:52:13.952-0400] {processor.py:153} INFO - Started process (PID=1773) to work on /home/augenz/PycharmProjects/airflow/.env_airflow/lib/python3.9/site-packages/airflow/example_dags/example_local_kubernetes_executor.py
[2022-08-29T12:52:13.970-0400] {processor.py:640} INFO - Processing file /home/augenz/PycharmProjects/airflow/.env_airflow/lib/python3.9/site-packages/airflow/example_dags/example_local_kubernetes_executor.py for tasks to queue
[2022-08-29T12:52:13.972-0400] {logging_mixin.py:115} INFO - [2022-08-29T12:52:13.971-0400] {dagbag.py:508} INFO - Filling up the DagBag from /home/augenz/PycharmProjects/airflow/.env_airflow/lib/python3.9/site-packages/airflow/example_dags/example_local_kubernetes_executor.py
[2022-08-29T12:52:14.435-0400] {processor.py:650} INFO - DAG(s) dict_keys(['example_local_kubernetes_executor']) retrieved from /home/augenz/PycharmProjects/airflow/.env_airflow/lib/python3.9/site-packages/airflow/example_dags/example_local_kubernetes_executor.py
[2022-08-29T12:52:14.480-0400] {logging_mixin.py:115} INFO - [2022-08-29T12:52:14.480-0400] {dag.py:2429} INFO - Sync 1 DAGs
[2022-08-29T12:52:14.507-0400] {logging_mixin.py:115} INFO - [2022-08-29T12:52:14.506-0400] {dag.py:2977} INFO - Setting next_dagrun for example_local_kubernetes_executor to None, run_after=None
[2022-08-29T12:52:14.549-0400] {processor.py:161} INFO - Processing /home/augenz/PycharmProjects/airflow/.env_airflow/lib/python3.9/site-packages/airflow/example_dags/example_local_kubernetes_executor.py took 0.601 seconds
[2022-08-29T12:52:44.662-0400] {processor.py:153} INFO - Started process (PID=1807) to work on /home/augenz/PycharmProjects/airflow/.env_airflow/lib/python3.9/site-packages/airflow/example_dags/example_local_kubernetes_executor.py
[2022-08-29T12:52:44.670-0400] {processor.py:640} INFO - Processing file /home/augenz/PycharmProjects/airflow/.env_airflow/lib/python3.9/site-packages/airflow/example_dags/example_local_kubernetes_executor.py for tasks to queue
[2022-08-29T12:52:44.671-0400] {logging_mixin.py:115} INFO - [2022-08-29T12:52:44.671-0400] {dagbag.py:508} INFO - Filling up the DagBag from /home/augenz/PycharmProjects/airflow/.env_airflow/lib/python3.9/site-packages/airflow/example_dags/example_local_kubernetes_executor.py
[2022-08-29T12:52:45.124-0400] {processor.py:650} INFO - DAG(s) dict_keys(['example_local_kubernetes_executor']) retrieved from /home/augenz/PycharmProjects/airflow/.env_airflow/lib/python3.9/site-packages/airflow/example_dags/example_local_kubernetes_executor.py
[2022-08-29T12:52:45.162-0400] {logging_mixin.py:115} INFO - [2022-08-29T12:52:45.162-0400] {dag.py:2429} INFO - Sync 1 DAGs
[2022-08-29T12:52:45.188-0400] {logging_mixin.py:115} INFO - [2022-08-29T12:52:45.188-0400] {dag.py:2977} INFO - Setting next_dagrun for example_local_kubernetes_executor to None, run_after=None
[2022-08-29T12:52:45.220-0400] {processor.py:161} INFO - Processing /home/augenz/PycharmProjects/airflow/.env_airflow/lib/python3.9/site-packages/airflow/example_dags/example_local_kubernetes_executor.py took 0.564 seconds
[2022-08-29T12:53:15.594-0400] {processor.py:153} INFO - Started process (PID=1844) to work on /home/augenz/PycharmProjects/airflow/.env_airflow/lib/python3.9/site-packages/airflow/example_dags/example_local_kubernetes_executor.py
[2022-08-29T12:53:15.598-0400] {processor.py:640} INFO - Processing file /home/augenz/PycharmProjects/airflow/.env_airflow/lib/python3.9/site-packages/airflow/example_dags/example_local_kubernetes_executor.py for tasks to queue
[2022-08-29T12:53:15.600-0400] {logging_mixin.py:115} INFO - [2022-08-29T12:53:15.600-0400] {dagbag.py:508} INFO - Filling up the DagBag from /home/augenz/PycharmProjects/airflow/.env_airflow/lib/python3.9/site-packages/airflow/example_dags/example_local_kubernetes_executor.py
[2022-08-29T12:53:16.225-0400] {processor.py:650} INFO - DAG(s) dict_keys(['example_local_kubernetes_executor']) retrieved from /home/augenz/PycharmProjects/airflow/.env_airflow/lib/python3.9/site-packages/airflow/example_dags/example_local_kubernetes_executor.py
[2022-08-29T12:53:16.265-0400] {logging_mixin.py:115} INFO - [2022-08-29T12:53:16.264-0400] {dag.py:2429} INFO - Sync 1 DAGs
[2022-08-29T12:53:16.291-0400] {logging_mixin.py:115} INFO - [2022-08-29T12:53:16.291-0400] {dag.py:2977} INFO - Setting next_dagrun for example_local_kubernetes_executor to None, run_after=None
[2022-08-29T12:53:16.334-0400] {processor.py:161} INFO - Processing /home/augenz/PycharmProjects/airflow/.env_airflow/lib/python3.9/site-packages/airflow/example_dags/example_local_kubernetes_executor.py took 0.745 seconds
[2022-08-29T12:53:47.130-0400] {processor.py:153} INFO - Started process (PID=1884) to work on /home/augenz/PycharmProjects/airflow/.env_airflow/lib/python3.9/site-packages/airflow/example_dags/example_local_kubernetes_executor.py
[2022-08-29T12:53:47.149-0400] {processor.py:640} INFO - Processing file /home/augenz/PycharmProjects/airflow/.env_airflow/lib/python3.9/site-packages/airflow/example_dags/example_local_kubernetes_executor.py for tasks to queue
[2022-08-29T12:53:47.150-0400] {logging_mixin.py:115} INFO - [2022-08-29T12:53:47.149-0400] {dagbag.py:508} INFO - Filling up the DagBag from /home/augenz/PycharmProjects/airflow/.env_airflow/lib/python3.9/site-packages/airflow/example_dags/example_local_kubernetes_executor.py
[2022-08-29T12:53:47.607-0400] {processor.py:650} INFO - DAG(s) dict_keys(['example_local_kubernetes_executor']) retrieved from /home/augenz/PycharmProjects/airflow/.env_airflow/lib/python3.9/site-packages/airflow/example_dags/example_local_kubernetes_executor.py
[2022-08-29T12:53:47.644-0400] {logging_mixin.py:115} INFO - [2022-08-29T12:53:47.643-0400] {dag.py:2429} INFO - Sync 1 DAGs
[2022-08-29T12:53:47.670-0400] {logging_mixin.py:115} INFO - [2022-08-29T12:53:47.670-0400] {dag.py:2977} INFO - Setting next_dagrun for example_local_kubernetes_executor to None, run_after=None
[2022-08-29T12:53:47.722-0400] {processor.py:161} INFO - Processing /home/augenz/PycharmProjects/airflow/.env_airflow/lib/python3.9/site-packages/airflow/example_dags/example_local_kubernetes_executor.py took 0.596 seconds
