[2022-08-29T12:33:17.286-0400] {processor.py:153} INFO - Started process (PID=385) to work on /home/augenz/PycharmProjects/airflow/.env_airflow/lib/python3.9/site-packages/airflow/example_dags/example_latest_only.py
[2022-08-29T12:33:17.287-0400] {processor.py:640} INFO - Processing file /home/augenz/PycharmProjects/airflow/.env_airflow/lib/python3.9/site-packages/airflow/example_dags/example_latest_only.py for tasks to queue
[2022-08-29T12:33:17.288-0400] {logging_mixin.py:115} INFO - [2022-08-29T12:33:17.288-0400] {dagbag.py:508} INFO - Filling up the DagBag from /home/augenz/PycharmProjects/airflow/.env_airflow/lib/python3.9/site-packages/airflow/example_dags/example_latest_only.py
[2022-08-29T12:33:17.299-0400] {processor.py:650} INFO - DAG(s) dict_keys(['latest_only']) retrieved from /home/augenz/PycharmProjects/airflow/.env_airflow/lib/python3.9/site-packages/airflow/example_dags/example_latest_only.py
[2022-08-29T12:33:17.449-0400] {logging_mixin.py:115} INFO - [2022-08-29T12:33:17.448-0400] {manager.py:508} INFO - Created Permission View: can delete on DAG:latest_only
[2022-08-29T12:33:17.507-0400] {logging_mixin.py:115} INFO - [2022-08-29T12:33:17.507-0400] {manager.py:508} INFO - Created Permission View: can read on DAG:latest_only
[2022-08-29T12:33:17.541-0400] {logging_mixin.py:115} INFO - [2022-08-29T12:33:17.540-0400] {manager.py:508} INFO - Created Permission View: can edit on DAG:latest_only
[2022-08-29T12:33:17.542-0400] {logging_mixin.py:115} INFO - [2022-08-29T12:33:17.542-0400] {dag.py:2429} INFO - Sync 1 DAGs
[2022-08-29T12:33:17.563-0400] {logging_mixin.py:115} INFO - [2022-08-29T12:33:17.563-0400] {dag.py:2448} INFO - Creating ORM DAG for latest_only
[2022-08-29T12:33:17.592-0400] {logging_mixin.py:115} INFO - [2022-08-29T12:33:17.591-0400] {dag.py:2977} INFO - Setting next_dagrun for latest_only to 2022-08-29T12:33:17.591392+00:00, run_after=2022-08-29T16:33:17.591392+00:00
[2022-08-29T12:33:17.637-0400] {processor.py:161} INFO - Processing /home/augenz/PycharmProjects/airflow/.env_airflow/lib/python3.9/site-packages/airflow/example_dags/example_latest_only.py took 0.355 seconds
[2022-08-29T12:33:47.705-0400] {processor.py:153} INFO - Started process (PID=426) to work on /home/augenz/PycharmProjects/airflow/.env_airflow/lib/python3.9/site-packages/airflow/example_dags/example_latest_only.py
[2022-08-29T12:33:47.708-0400] {processor.py:640} INFO - Processing file /home/augenz/PycharmProjects/airflow/.env_airflow/lib/python3.9/site-packages/airflow/example_dags/example_latest_only.py for tasks to queue
[2022-08-29T12:33:47.709-0400] {logging_mixin.py:115} INFO - [2022-08-29T12:33:47.709-0400] {dagbag.py:508} INFO - Filling up the DagBag from /home/augenz/PycharmProjects/airflow/.env_airflow/lib/python3.9/site-packages/airflow/example_dags/example_latest_only.py
[2022-08-29T12:33:47.715-0400] {processor.py:650} INFO - DAG(s) dict_keys(['latest_only']) retrieved from /home/augenz/PycharmProjects/airflow/.env_airflow/lib/python3.9/site-packages/airflow/example_dags/example_latest_only.py
[2022-08-29T12:33:47.756-0400] {logging_mixin.py:115} INFO - [2022-08-29T12:33:47.756-0400] {dag.py:2429} INFO - Sync 1 DAGs
[2022-08-29T12:33:47.787-0400] {logging_mixin.py:115} INFO - [2022-08-29T12:33:47.787-0400] {dag.py:2977} INFO - Setting next_dagrun for latest_only to 2022-08-29T12:33:47.787146+00:00, run_after=2022-08-29T16:33:47.787146+00:00
[2022-08-29T12:33:47.835-0400] {processor.py:161} INFO - Processing /home/augenz/PycharmProjects/airflow/.env_airflow/lib/python3.9/site-packages/airflow/example_dags/example_latest_only.py took 0.135 seconds
[2022-08-29T12:34:18.340-0400] {processor.py:153} INFO - Started process (PID=460) to work on /home/augenz/PycharmProjects/airflow/.env_airflow/lib/python3.9/site-packages/airflow/example_dags/example_latest_only.py
[2022-08-29T12:34:18.344-0400] {processor.py:640} INFO - Processing file /home/augenz/PycharmProjects/airflow/.env_airflow/lib/python3.9/site-packages/airflow/example_dags/example_latest_only.py for tasks to queue
[2022-08-29T12:34:18.345-0400] {logging_mixin.py:115} INFO - [2022-08-29T12:34:18.345-0400] {dagbag.py:508} INFO - Filling up the DagBag from /home/augenz/PycharmProjects/airflow/.env_airflow/lib/python3.9/site-packages/airflow/example_dags/example_latest_only.py
[2022-08-29T12:34:18.354-0400] {processor.py:650} INFO - DAG(s) dict_keys(['latest_only']) retrieved from /home/augenz/PycharmProjects/airflow/.env_airflow/lib/python3.9/site-packages/airflow/example_dags/example_latest_only.py
[2022-08-29T12:34:18.405-0400] {logging_mixin.py:115} INFO - [2022-08-29T12:34:18.404-0400] {dag.py:2429} INFO - Sync 1 DAGs
[2022-08-29T12:34:18.461-0400] {logging_mixin.py:115} INFO - [2022-08-29T12:34:18.461-0400] {dag.py:2977} INFO - Setting next_dagrun for latest_only to 2022-08-29T12:34:18.460626+00:00, run_after=2022-08-29T16:34:18.460626+00:00
[2022-08-29T12:34:18.517-0400] {processor.py:161} INFO - Processing /home/augenz/PycharmProjects/airflow/.env_airflow/lib/python3.9/site-packages/airflow/example_dags/example_latest_only.py took 0.183 seconds
[2022-08-29T12:34:49.090-0400] {processor.py:153} INFO - Started process (PID=495) to work on /home/augenz/PycharmProjects/airflow/.env_airflow/lib/python3.9/site-packages/airflow/example_dags/example_latest_only.py
[2022-08-29T12:34:49.094-0400] {processor.py:640} INFO - Processing file /home/augenz/PycharmProjects/airflow/.env_airflow/lib/python3.9/site-packages/airflow/example_dags/example_latest_only.py for tasks to queue
[2022-08-29T12:34:49.099-0400] {logging_mixin.py:115} INFO - [2022-08-29T12:34:49.096-0400] {dagbag.py:508} INFO - Filling up the DagBag from /home/augenz/PycharmProjects/airflow/.env_airflow/lib/python3.9/site-packages/airflow/example_dags/example_latest_only.py
[2022-08-29T12:34:49.114-0400] {processor.py:650} INFO - DAG(s) dict_keys(['latest_only']) retrieved from /home/augenz/PycharmProjects/airflow/.env_airflow/lib/python3.9/site-packages/airflow/example_dags/example_latest_only.py
[2022-08-29T12:34:49.162-0400] {logging_mixin.py:115} INFO - [2022-08-29T12:34:49.162-0400] {dag.py:2429} INFO - Sync 1 DAGs
[2022-08-29T12:34:49.202-0400] {logging_mixin.py:115} INFO - [2022-08-29T12:34:49.201-0400] {dag.py:2977} INFO - Setting next_dagrun for latest_only to 2022-08-29T12:34:49.201476+00:00, run_after=2022-08-29T16:34:49.201476+00:00
[2022-08-29T12:34:49.246-0400] {processor.py:161} INFO - Processing /home/augenz/PycharmProjects/airflow/.env_airflow/lib/python3.9/site-packages/airflow/example_dags/example_latest_only.py took 0.165 seconds
[2022-08-29T12:35:19.595-0400] {processor.py:153} INFO - Started process (PID=552) to work on /home/augenz/PycharmProjects/airflow/.env_airflow/lib/python3.9/site-packages/airflow/example_dags/example_latest_only.py
[2022-08-29T12:35:19.597-0400] {processor.py:640} INFO - Processing file /home/augenz/PycharmProjects/airflow/.env_airflow/lib/python3.9/site-packages/airflow/example_dags/example_latest_only.py for tasks to queue
[2022-08-29T12:35:19.598-0400] {logging_mixin.py:115} INFO - [2022-08-29T12:35:19.598-0400] {dagbag.py:508} INFO - Filling up the DagBag from /home/augenz/PycharmProjects/airflow/.env_airflow/lib/python3.9/site-packages/airflow/example_dags/example_latest_only.py
[2022-08-29T12:35:19.605-0400] {processor.py:650} INFO - DAG(s) dict_keys(['latest_only']) retrieved from /home/augenz/PycharmProjects/airflow/.env_airflow/lib/python3.9/site-packages/airflow/example_dags/example_latest_only.py
[2022-08-29T12:35:19.651-0400] {logging_mixin.py:115} INFO - [2022-08-29T12:35:19.651-0400] {dag.py:2429} INFO - Sync 1 DAGs
[2022-08-29T12:35:19.684-0400] {logging_mixin.py:115} INFO - [2022-08-29T12:35:19.684-0400] {dag.py:2977} INFO - Setting next_dagrun for latest_only to 2022-08-29T12:35:19.683889+00:00, run_after=2022-08-29T16:35:19.683889+00:00
[2022-08-29T12:35:19.726-0400] {processor.py:161} INFO - Processing /home/augenz/PycharmProjects/airflow/.env_airflow/lib/python3.9/site-packages/airflow/example_dags/example_latest_only.py took 0.135 seconds
[2022-08-29T12:35:52.967-0400] {processor.py:153} INFO - Started process (PID=595) to work on /home/augenz/PycharmProjects/airflow/.env_airflow/lib/python3.9/site-packages/airflow/example_dags/example_latest_only.py
[2022-08-29T12:35:52.971-0400] {processor.py:640} INFO - Processing file /home/augenz/PycharmProjects/airflow/.env_airflow/lib/python3.9/site-packages/airflow/example_dags/example_latest_only.py for tasks to queue
[2022-08-29T12:35:52.972-0400] {logging_mixin.py:115} INFO - [2022-08-29T12:35:52.972-0400] {dagbag.py:508} INFO - Filling up the DagBag from /home/augenz/PycharmProjects/airflow/.env_airflow/lib/python3.9/site-packages/airflow/example_dags/example_latest_only.py
[2022-08-29T12:35:52.978-0400] {processor.py:650} INFO - DAG(s) dict_keys(['latest_only']) retrieved from /home/augenz/PycharmProjects/airflow/.env_airflow/lib/python3.9/site-packages/airflow/example_dags/example_latest_only.py
[2022-08-29T12:35:53.720-0400] {logging_mixin.py:115} INFO - [2022-08-29T12:35:53.719-0400] {dag.py:2429} INFO - Sync 1 DAGs
[2022-08-29T12:35:53.748-0400] {logging_mixin.py:115} INFO - [2022-08-29T12:35:53.748-0400] {dag.py:2977} INFO - Setting next_dagrun for latest_only to 2022-08-29T12:35:53.748322+00:00, run_after=2022-08-29T16:35:53.748322+00:00
[2022-08-29T12:35:53.795-0400] {processor.py:161} INFO - Processing /home/augenz/PycharmProjects/airflow/.env_airflow/lib/python3.9/site-packages/airflow/example_dags/example_latest_only.py took 0.831 seconds
[2022-08-29T12:36:23.995-0400] {processor.py:153} INFO - Started process (PID=629) to work on /home/augenz/PycharmProjects/airflow/.env_airflow/lib/python3.9/site-packages/airflow/example_dags/example_latest_only.py
[2022-08-29T12:36:23.997-0400] {processor.py:640} INFO - Processing file /home/augenz/PycharmProjects/airflow/.env_airflow/lib/python3.9/site-packages/airflow/example_dags/example_latest_only.py for tasks to queue
[2022-08-29T12:36:23.999-0400] {logging_mixin.py:115} INFO - [2022-08-29T12:36:23.999-0400] {dagbag.py:508} INFO - Filling up the DagBag from /home/augenz/PycharmProjects/airflow/.env_airflow/lib/python3.9/site-packages/airflow/example_dags/example_latest_only.py
[2022-08-29T12:36:24.009-0400] {processor.py:650} INFO - DAG(s) dict_keys(['latest_only']) retrieved from /home/augenz/PycharmProjects/airflow/.env_airflow/lib/python3.9/site-packages/airflow/example_dags/example_latest_only.py
[2022-08-29T12:36:24.527-0400] {logging_mixin.py:115} INFO - [2022-08-29T12:36:24.527-0400] {dag.py:2429} INFO - Sync 1 DAGs
[2022-08-29T12:36:24.554-0400] {logging_mixin.py:115} INFO - [2022-08-29T12:36:24.554-0400] {dag.py:2977} INFO - Setting next_dagrun for latest_only to 2022-08-29T12:36:24.553847+00:00, run_after=2022-08-29T16:36:24.553847+00:00
[2022-08-29T12:36:24.593-0400] {processor.py:161} INFO - Processing /home/augenz/PycharmProjects/airflow/.env_airflow/lib/python3.9/site-packages/airflow/example_dags/example_latest_only.py took 0.603 seconds
[2022-08-29T12:36:58.658-0400] {processor.py:153} INFO - Started process (PID=681) to work on /home/augenz/PycharmProjects/airflow/.env_airflow/lib/python3.9/site-packages/airflow/example_dags/example_latest_only.py
[2022-08-29T12:36:58.660-0400] {processor.py:640} INFO - Processing file /home/augenz/PycharmProjects/airflow/.env_airflow/lib/python3.9/site-packages/airflow/example_dags/example_latest_only.py for tasks to queue
[2022-08-29T12:36:58.661-0400] {logging_mixin.py:115} INFO - [2022-08-29T12:36:58.661-0400] {dagbag.py:508} INFO - Filling up the DagBag from /home/augenz/PycharmProjects/airflow/.env_airflow/lib/python3.9/site-packages/airflow/example_dags/example_latest_only.py
[2022-08-29T12:36:58.673-0400] {processor.py:650} INFO - DAG(s) dict_keys(['latest_only']) retrieved from /home/augenz/PycharmProjects/airflow/.env_airflow/lib/python3.9/site-packages/airflow/example_dags/example_latest_only.py
[2022-08-29T12:36:59.799-0400] {logging_mixin.py:115} INFO - [2022-08-29T12:36:59.798-0400] {dag.py:2429} INFO - Sync 1 DAGs
[2022-08-29T12:36:59.866-0400] {logging_mixin.py:115} INFO - [2022-08-29T12:36:59.866-0400] {dag.py:2977} INFO - Setting next_dagrun for latest_only to 2022-08-29T12:36:59.866042+00:00, run_after=2022-08-29T16:36:59.866042+00:00
[2022-08-29T12:36:59.916-0400] {processor.py:161} INFO - Processing /home/augenz/PycharmProjects/airflow/.env_airflow/lib/python3.9/site-packages/airflow/example_dags/example_latest_only.py took 1.271 seconds
[2022-08-29T12:37:36.165-0400] {processor.py:153} INFO - Started process (PID=723) to work on /home/augenz/PycharmProjects/airflow/.env_airflow/lib/python3.9/site-packages/airflow/example_dags/example_latest_only.py
[2022-08-29T12:37:36.189-0400] {processor.py:640} INFO - Processing file /home/augenz/PycharmProjects/airflow/.env_airflow/lib/python3.9/site-packages/airflow/example_dags/example_latest_only.py for tasks to queue
[2022-08-29T12:37:36.191-0400] {logging_mixin.py:115} INFO - [2022-08-29T12:37:36.190-0400] {dagbag.py:508} INFO - Filling up the DagBag from /home/augenz/PycharmProjects/airflow/.env_airflow/lib/python3.9/site-packages/airflow/example_dags/example_latest_only.py
[2022-08-29T12:37:36.208-0400] {processor.py:650} INFO - DAG(s) dict_keys(['latest_only']) retrieved from /home/augenz/PycharmProjects/airflow/.env_airflow/lib/python3.9/site-packages/airflow/example_dags/example_latest_only.py
[2022-08-29T12:37:38.309-0400] {logging_mixin.py:115} INFO - [2022-08-29T12:37:38.308-0400] {dag.py:2429} INFO - Sync 1 DAGs
[2022-08-29T12:37:38.443-0400] {logging_mixin.py:115} INFO - [2022-08-29T12:37:38.442-0400] {dag.py:2977} INFO - Setting next_dagrun for latest_only to 2022-08-29T12:37:38.442248+00:00, run_after=2022-08-29T16:37:38.442248+00:00
[2022-08-29T12:37:38.515-0400] {processor.py:161} INFO - Processing /home/augenz/PycharmProjects/airflow/.env_airflow/lib/python3.9/site-packages/airflow/example_dags/example_latest_only.py took 2.357 seconds
[2022-08-29T12:38:08.710-0400] {processor.py:153} INFO - Started process (PID=781) to work on /home/augenz/PycharmProjects/airflow/.env_airflow/lib/python3.9/site-packages/airflow/example_dags/example_latest_only.py
[2022-08-29T12:38:08.772-0400] {processor.py:640} INFO - Processing file /home/augenz/PycharmProjects/airflow/.env_airflow/lib/python3.9/site-packages/airflow/example_dags/example_latest_only.py for tasks to queue
[2022-08-29T12:38:08.773-0400] {logging_mixin.py:115} INFO - [2022-08-29T12:38:08.773-0400] {dagbag.py:508} INFO - Filling up the DagBag from /home/augenz/PycharmProjects/airflow/.env_airflow/lib/python3.9/site-packages/airflow/example_dags/example_latest_only.py
[2022-08-29T12:38:08.791-0400] {processor.py:650} INFO - DAG(s) dict_keys(['latest_only']) retrieved from /home/augenz/PycharmProjects/airflow/.env_airflow/lib/python3.9/site-packages/airflow/example_dags/example_latest_only.py
[2022-08-29T12:38:10.342-0400] {logging_mixin.py:115} INFO - [2022-08-29T12:38:10.341-0400] {dag.py:2429} INFO - Sync 1 DAGs
[2022-08-29T12:38:10.454-0400] {logging_mixin.py:115} INFO - [2022-08-29T12:38:10.454-0400] {dag.py:2977} INFO - Setting next_dagrun for latest_only to 2022-08-29T12:38:10.453731+00:00, run_after=2022-08-29T16:38:10.453731+00:00
[2022-08-29T12:38:10.512-0400] {processor.py:161} INFO - Processing /home/augenz/PycharmProjects/airflow/.env_airflow/lib/python3.9/site-packages/airflow/example_dags/example_latest_only.py took 1.811 seconds
[2022-08-29T12:38:40.730-0400] {processor.py:153} INFO - Started process (PID=819) to work on /home/augenz/PycharmProjects/airflow/.env_airflow/lib/python3.9/site-packages/airflow/example_dags/example_latest_only.py
[2022-08-29T12:38:40.736-0400] {processor.py:640} INFO - Processing file /home/augenz/PycharmProjects/airflow/.env_airflow/lib/python3.9/site-packages/airflow/example_dags/example_latest_only.py for tasks to queue
[2022-08-29T12:38:40.737-0400] {logging_mixin.py:115} INFO - [2022-08-29T12:38:40.737-0400] {dagbag.py:508} INFO - Filling up the DagBag from /home/augenz/PycharmProjects/airflow/.env_airflow/lib/python3.9/site-packages/airflow/example_dags/example_latest_only.py
[2022-08-29T12:38:40.745-0400] {processor.py:650} INFO - DAG(s) dict_keys(['latest_only']) retrieved from /home/augenz/PycharmProjects/airflow/.env_airflow/lib/python3.9/site-packages/airflow/example_dags/example_latest_only.py
[2022-08-29T12:38:41.227-0400] {logging_mixin.py:115} INFO - [2022-08-29T12:38:41.227-0400] {dag.py:2429} INFO - Sync 1 DAGs
[2022-08-29T12:38:41.264-0400] {logging_mixin.py:115} INFO - [2022-08-29T12:38:41.263-0400] {dag.py:2977} INFO - Setting next_dagrun for latest_only to 2022-08-29T12:38:41.263438+00:00, run_after=2022-08-29T16:38:41.263438+00:00
[2022-08-29T12:38:41.306-0400] {processor.py:161} INFO - Processing /home/augenz/PycharmProjects/airflow/.env_airflow/lib/python3.9/site-packages/airflow/example_dags/example_latest_only.py took 0.583 seconds
[2022-08-29T12:39:11.944-0400] {processor.py:153} INFO - Started process (PID=854) to work on /home/augenz/PycharmProjects/airflow/.env_airflow/lib/python3.9/site-packages/airflow/example_dags/example_latest_only.py
[2022-08-29T12:39:11.948-0400] {processor.py:640} INFO - Processing file /home/augenz/PycharmProjects/airflow/.env_airflow/lib/python3.9/site-packages/airflow/example_dags/example_latest_only.py for tasks to queue
[2022-08-29T12:39:11.949-0400] {logging_mixin.py:115} INFO - [2022-08-29T12:39:11.949-0400] {dagbag.py:508} INFO - Filling up the DagBag from /home/augenz/PycharmProjects/airflow/.env_airflow/lib/python3.9/site-packages/airflow/example_dags/example_latest_only.py
[2022-08-29T12:39:11.956-0400] {processor.py:650} INFO - DAG(s) dict_keys(['latest_only']) retrieved from /home/augenz/PycharmProjects/airflow/.env_airflow/lib/python3.9/site-packages/airflow/example_dags/example_latest_only.py
[2022-08-29T12:39:12.411-0400] {logging_mixin.py:115} INFO - [2022-08-29T12:39:12.411-0400] {dag.py:2429} INFO - Sync 1 DAGs
[2022-08-29T12:39:12.438-0400] {logging_mixin.py:115} INFO - [2022-08-29T12:39:12.438-0400] {dag.py:2977} INFO - Setting next_dagrun for latest_only to 2022-08-29T12:39:12.438439+00:00, run_after=2022-08-29T16:39:12.438439+00:00
[2022-08-29T12:39:12.477-0400] {processor.py:161} INFO - Processing /home/augenz/PycharmProjects/airflow/.env_airflow/lib/python3.9/site-packages/airflow/example_dags/example_latest_only.py took 0.538 seconds
[2022-08-29T12:39:42.876-0400] {processor.py:153} INFO - Started process (PID=888) to work on /home/augenz/PycharmProjects/airflow/.env_airflow/lib/python3.9/site-packages/airflow/example_dags/example_latest_only.py
[2022-08-29T12:39:42.881-0400] {processor.py:640} INFO - Processing file /home/augenz/PycharmProjects/airflow/.env_airflow/lib/python3.9/site-packages/airflow/example_dags/example_latest_only.py for tasks to queue
[2022-08-29T12:39:42.882-0400] {logging_mixin.py:115} INFO - [2022-08-29T12:39:42.882-0400] {dagbag.py:508} INFO - Filling up the DagBag from /home/augenz/PycharmProjects/airflow/.env_airflow/lib/python3.9/site-packages/airflow/example_dags/example_latest_only.py
[2022-08-29T12:39:42.893-0400] {processor.py:650} INFO - DAG(s) dict_keys(['latest_only']) retrieved from /home/augenz/PycharmProjects/airflow/.env_airflow/lib/python3.9/site-packages/airflow/example_dags/example_latest_only.py
[2022-08-29T12:39:43.534-0400] {logging_mixin.py:115} INFO - [2022-08-29T12:39:43.533-0400] {dag.py:2429} INFO - Sync 1 DAGs
[2022-08-29T12:39:43.560-0400] {logging_mixin.py:115} INFO - [2022-08-29T12:39:43.560-0400] {dag.py:2977} INFO - Setting next_dagrun for latest_only to 2022-08-29T12:39:43.560455+00:00, run_after=2022-08-29T16:39:43.560455+00:00
[2022-08-29T12:39:43.607-0400] {processor.py:161} INFO - Processing /home/augenz/PycharmProjects/airflow/.env_airflow/lib/python3.9/site-packages/airflow/example_dags/example_latest_only.py took 0.737 seconds
[2022-08-29T12:40:13.829-0400] {processor.py:153} INFO - Started process (PID=928) to work on /home/augenz/PycharmProjects/airflow/.env_airflow/lib/python3.9/site-packages/airflow/example_dags/example_latest_only.py
[2022-08-29T12:40:13.840-0400] {processor.py:640} INFO - Processing file /home/augenz/PycharmProjects/airflow/.env_airflow/lib/python3.9/site-packages/airflow/example_dags/example_latest_only.py for tasks to queue
[2022-08-29T12:40:13.841-0400] {logging_mixin.py:115} INFO - [2022-08-29T12:40:13.840-0400] {dagbag.py:508} INFO - Filling up the DagBag from /home/augenz/PycharmProjects/airflow/.env_airflow/lib/python3.9/site-packages/airflow/example_dags/example_latest_only.py
[2022-08-29T12:40:13.848-0400] {processor.py:650} INFO - DAG(s) dict_keys(['latest_only']) retrieved from /home/augenz/PycharmProjects/airflow/.env_airflow/lib/python3.9/site-packages/airflow/example_dags/example_latest_only.py
[2022-08-29T12:40:14.316-0400] {logging_mixin.py:115} INFO - [2022-08-29T12:40:14.316-0400] {dag.py:2429} INFO - Sync 1 DAGs
[2022-08-29T12:40:14.358-0400] {logging_mixin.py:115} INFO - [2022-08-29T12:40:14.357-0400] {dag.py:2977} INFO - Setting next_dagrun for latest_only to 2022-08-29T12:40:14.357444+00:00, run_after=2022-08-29T16:40:14.357444+00:00
[2022-08-29T12:40:14.404-0400] {processor.py:161} INFO - Processing /home/augenz/PycharmProjects/airflow/.env_airflow/lib/python3.9/site-packages/airflow/example_dags/example_latest_only.py took 0.580 seconds
[2022-08-29T12:40:44.665-0400] {processor.py:153} INFO - Started process (PID=962) to work on /home/augenz/PycharmProjects/airflow/.env_airflow/lib/python3.9/site-packages/airflow/example_dags/example_latest_only.py
[2022-08-29T12:40:44.676-0400] {processor.py:640} INFO - Processing file /home/augenz/PycharmProjects/airflow/.env_airflow/lib/python3.9/site-packages/airflow/example_dags/example_latest_only.py for tasks to queue
[2022-08-29T12:40:44.677-0400] {logging_mixin.py:115} INFO - [2022-08-29T12:40:44.677-0400] {dagbag.py:508} INFO - Filling up the DagBag from /home/augenz/PycharmProjects/airflow/.env_airflow/lib/python3.9/site-packages/airflow/example_dags/example_latest_only.py
[2022-08-29T12:40:44.684-0400] {processor.py:650} INFO - DAG(s) dict_keys(['latest_only']) retrieved from /home/augenz/PycharmProjects/airflow/.env_airflow/lib/python3.9/site-packages/airflow/example_dags/example_latest_only.py
[2022-08-29T12:40:45.161-0400] {logging_mixin.py:115} INFO - [2022-08-29T12:40:45.160-0400] {dag.py:2429} INFO - Sync 1 DAGs
[2022-08-29T12:40:45.188-0400] {logging_mixin.py:115} INFO - [2022-08-29T12:40:45.187-0400] {dag.py:2977} INFO - Setting next_dagrun for latest_only to 2022-08-29T12:40:45.187618+00:00, run_after=2022-08-29T16:40:45.187618+00:00
[2022-08-29T12:40:45.244-0400] {processor.py:161} INFO - Processing /home/augenz/PycharmProjects/airflow/.env_airflow/lib/python3.9/site-packages/airflow/example_dags/example_latest_only.py took 0.583 seconds
[2022-08-29T12:41:15.313-0400] {processor.py:153} INFO - Started process (PID=996) to work on /home/augenz/PycharmProjects/airflow/.env_airflow/lib/python3.9/site-packages/airflow/example_dags/example_latest_only.py
[2022-08-29T12:41:15.324-0400] {processor.py:640} INFO - Processing file /home/augenz/PycharmProjects/airflow/.env_airflow/lib/python3.9/site-packages/airflow/example_dags/example_latest_only.py for tasks to queue
[2022-08-29T12:41:15.325-0400] {logging_mixin.py:115} INFO - [2022-08-29T12:41:15.325-0400] {dagbag.py:508} INFO - Filling up the DagBag from /home/augenz/PycharmProjects/airflow/.env_airflow/lib/python3.9/site-packages/airflow/example_dags/example_latest_only.py
[2022-08-29T12:41:15.337-0400] {processor.py:650} INFO - DAG(s) dict_keys(['latest_only']) retrieved from /home/augenz/PycharmProjects/airflow/.env_airflow/lib/python3.9/site-packages/airflow/example_dags/example_latest_only.py
[2022-08-29T12:41:15.936-0400] {logging_mixin.py:115} INFO - [2022-08-29T12:41:15.936-0400] {dag.py:2429} INFO - Sync 1 DAGs
[2022-08-29T12:41:15.963-0400] {logging_mixin.py:115} INFO - [2022-08-29T12:41:15.963-0400] {dag.py:2977} INFO - Setting next_dagrun for latest_only to 2022-08-29T12:41:15.963434+00:00, run_after=2022-08-29T16:41:15.963434+00:00
[2022-08-29T12:41:16.024-0400] {processor.py:161} INFO - Processing /home/augenz/PycharmProjects/airflow/.env_airflow/lib/python3.9/site-packages/airflow/example_dags/example_latest_only.py took 0.716 seconds
[2022-08-29T12:41:46.301-0400] {processor.py:153} INFO - Started process (PID=1040) to work on /home/augenz/PycharmProjects/airflow/.env_airflow/lib/python3.9/site-packages/airflow/example_dags/example_latest_only.py
[2022-08-29T12:41:46.312-0400] {processor.py:640} INFO - Processing file /home/augenz/PycharmProjects/airflow/.env_airflow/lib/python3.9/site-packages/airflow/example_dags/example_latest_only.py for tasks to queue
[2022-08-29T12:41:46.313-0400] {logging_mixin.py:115} INFO - [2022-08-29T12:41:46.313-0400] {dagbag.py:508} INFO - Filling up the DagBag from /home/augenz/PycharmProjects/airflow/.env_airflow/lib/python3.9/site-packages/airflow/example_dags/example_latest_only.py
[2022-08-29T12:41:46.320-0400] {processor.py:650} INFO - DAG(s) dict_keys(['latest_only']) retrieved from /home/augenz/PycharmProjects/airflow/.env_airflow/lib/python3.9/site-packages/airflow/example_dags/example_latest_only.py
[2022-08-29T12:41:46.768-0400] {logging_mixin.py:115} INFO - [2022-08-29T12:41:46.768-0400] {dag.py:2429} INFO - Sync 1 DAGs
[2022-08-29T12:41:46.796-0400] {logging_mixin.py:115} INFO - [2022-08-29T12:41:46.795-0400] {dag.py:2977} INFO - Setting next_dagrun for latest_only to 2022-08-29T12:41:46.795575+00:00, run_after=2022-08-29T16:41:46.795575+00:00
[2022-08-29T12:41:46.853-0400] {processor.py:161} INFO - Processing /home/augenz/PycharmProjects/airflow/.env_airflow/lib/python3.9/site-packages/airflow/example_dags/example_latest_only.py took 0.558 seconds
[2022-08-29T12:42:17.328-0400] {processor.py:153} INFO - Started process (PID=1074) to work on /home/augenz/PycharmProjects/airflow/.env_airflow/lib/python3.9/site-packages/airflow/example_dags/example_latest_only.py
[2022-08-29T12:42:17.332-0400] {processor.py:640} INFO - Processing file /home/augenz/PycharmProjects/airflow/.env_airflow/lib/python3.9/site-packages/airflow/example_dags/example_latest_only.py for tasks to queue
[2022-08-29T12:42:17.333-0400] {logging_mixin.py:115} INFO - [2022-08-29T12:42:17.333-0400] {dagbag.py:508} INFO - Filling up the DagBag from /home/augenz/PycharmProjects/airflow/.env_airflow/lib/python3.9/site-packages/airflow/example_dags/example_latest_only.py
[2022-08-29T12:42:17.341-0400] {processor.py:650} INFO - DAG(s) dict_keys(['latest_only']) retrieved from /home/augenz/PycharmProjects/airflow/.env_airflow/lib/python3.9/site-packages/airflow/example_dags/example_latest_only.py
[2022-08-29T12:42:17.852-0400] {logging_mixin.py:115} INFO - [2022-08-29T12:42:17.852-0400] {dag.py:2429} INFO - Sync 1 DAGs
[2022-08-29T12:42:17.883-0400] {logging_mixin.py:115} INFO - [2022-08-29T12:42:17.883-0400] {dag.py:2977} INFO - Setting next_dagrun for latest_only to 2022-08-29T12:42:17.883292+00:00, run_after=2022-08-29T16:42:17.883292+00:00
[2022-08-29T12:42:17.931-0400] {processor.py:161} INFO - Processing /home/augenz/PycharmProjects/airflow/.env_airflow/lib/python3.9/site-packages/airflow/example_dags/example_latest_only.py took 0.611 seconds
[2022-08-29T12:42:48.282-0400] {processor.py:153} INFO - Started process (PID=1108) to work on /home/augenz/PycharmProjects/airflow/.env_airflow/lib/python3.9/site-packages/airflow/example_dags/example_latest_only.py
[2022-08-29T12:42:48.286-0400] {processor.py:640} INFO - Processing file /home/augenz/PycharmProjects/airflow/.env_airflow/lib/python3.9/site-packages/airflow/example_dags/example_latest_only.py for tasks to queue
[2022-08-29T12:42:48.288-0400] {logging_mixin.py:115} INFO - [2022-08-29T12:42:48.288-0400] {dagbag.py:508} INFO - Filling up the DagBag from /home/augenz/PycharmProjects/airflow/.env_airflow/lib/python3.9/site-packages/airflow/example_dags/example_latest_only.py
[2022-08-29T12:42:48.298-0400] {processor.py:650} INFO - DAG(s) dict_keys(['latest_only']) retrieved from /home/augenz/PycharmProjects/airflow/.env_airflow/lib/python3.9/site-packages/airflow/example_dags/example_latest_only.py
[2022-08-29T12:42:48.869-0400] {logging_mixin.py:115} INFO - [2022-08-29T12:42:48.869-0400] {dag.py:2429} INFO - Sync 1 DAGs
[2022-08-29T12:42:48.896-0400] {logging_mixin.py:115} INFO - [2022-08-29T12:42:48.896-0400] {dag.py:2977} INFO - Setting next_dagrun for latest_only to 2022-08-29T12:42:48.896368+00:00, run_after=2022-08-29T16:42:48.896368+00:00
[2022-08-29T12:42:48.936-0400] {processor.py:161} INFO - Processing /home/augenz/PycharmProjects/airflow/.env_airflow/lib/python3.9/site-packages/airflow/example_dags/example_latest_only.py took 0.660 seconds
[2022-08-29T12:43:19.105-0400] {processor.py:153} INFO - Started process (PID=1143) to work on /home/augenz/PycharmProjects/airflow/.env_airflow/lib/python3.9/site-packages/airflow/example_dags/example_latest_only.py
[2022-08-29T12:43:19.109-0400] {processor.py:640} INFO - Processing file /home/augenz/PycharmProjects/airflow/.env_airflow/lib/python3.9/site-packages/airflow/example_dags/example_latest_only.py for tasks to queue
[2022-08-29T12:43:19.110-0400] {logging_mixin.py:115} INFO - [2022-08-29T12:43:19.110-0400] {dagbag.py:508} INFO - Filling up the DagBag from /home/augenz/PycharmProjects/airflow/.env_airflow/lib/python3.9/site-packages/airflow/example_dags/example_latest_only.py
[2022-08-29T12:43:19.118-0400] {processor.py:650} INFO - DAG(s) dict_keys(['latest_only']) retrieved from /home/augenz/PycharmProjects/airflow/.env_airflow/lib/python3.9/site-packages/airflow/example_dags/example_latest_only.py
[2022-08-29T12:43:19.711-0400] {logging_mixin.py:115} INFO - [2022-08-29T12:43:19.711-0400] {dag.py:2429} INFO - Sync 1 DAGs
[2022-08-29T12:43:19.738-0400] {logging_mixin.py:115} INFO - [2022-08-29T12:43:19.738-0400] {dag.py:2977} INFO - Setting next_dagrun for latest_only to 2022-08-29T12:43:19.738254+00:00, run_after=2022-08-29T16:43:19.738254+00:00
[2022-08-29T12:43:19.791-0400] {processor.py:161} INFO - Processing /home/augenz/PycharmProjects/airflow/.env_airflow/lib/python3.9/site-packages/airflow/example_dags/example_latest_only.py took 0.693 seconds
[2022-08-29T12:43:50.000-0400] {processor.py:153} INFO - Started process (PID=1177) to work on /home/augenz/PycharmProjects/airflow/.env_airflow/lib/python3.9/site-packages/airflow/example_dags/example_latest_only.py
[2022-08-29T12:43:50.012-0400] {processor.py:640} INFO - Processing file /home/augenz/PycharmProjects/airflow/.env_airflow/lib/python3.9/site-packages/airflow/example_dags/example_latest_only.py for tasks to queue
[2022-08-29T12:43:50.013-0400] {logging_mixin.py:115} INFO - [2022-08-29T12:43:50.013-0400] {dagbag.py:508} INFO - Filling up the DagBag from /home/augenz/PycharmProjects/airflow/.env_airflow/lib/python3.9/site-packages/airflow/example_dags/example_latest_only.py
[2022-08-29T12:43:50.021-0400] {processor.py:650} INFO - DAG(s) dict_keys(['latest_only']) retrieved from /home/augenz/PycharmProjects/airflow/.env_airflow/lib/python3.9/site-packages/airflow/example_dags/example_latest_only.py
[2022-08-29T12:43:50.533-0400] {logging_mixin.py:115} INFO - [2022-08-29T12:43:50.533-0400] {dag.py:2429} INFO - Sync 1 DAGs
[2022-08-29T12:43:50.565-0400] {logging_mixin.py:115} INFO - [2022-08-29T12:43:50.565-0400] {dag.py:2977} INFO - Setting next_dagrun for latest_only to 2022-08-29T12:43:50.565242+00:00, run_after=2022-08-29T16:43:50.565242+00:00
[2022-08-29T12:43:50.604-0400] {processor.py:161} INFO - Processing /home/augenz/PycharmProjects/airflow/.env_airflow/lib/python3.9/site-packages/airflow/example_dags/example_latest_only.py took 0.609 seconds
[2022-08-29T12:44:21.004-0400] {processor.py:153} INFO - Started process (PID=1211) to work on /home/augenz/PycharmProjects/airflow/.env_airflow/lib/python3.9/site-packages/airflow/example_dags/example_latest_only.py
[2022-08-29T12:44:21.009-0400] {processor.py:640} INFO - Processing file /home/augenz/PycharmProjects/airflow/.env_airflow/lib/python3.9/site-packages/airflow/example_dags/example_latest_only.py for tasks to queue
[2022-08-29T12:44:21.010-0400] {logging_mixin.py:115} INFO - [2022-08-29T12:44:21.009-0400] {dagbag.py:508} INFO - Filling up the DagBag from /home/augenz/PycharmProjects/airflow/.env_airflow/lib/python3.9/site-packages/airflow/example_dags/example_latest_only.py
[2022-08-29T12:44:21.018-0400] {processor.py:650} INFO - DAG(s) dict_keys(['latest_only']) retrieved from /home/augenz/PycharmProjects/airflow/.env_airflow/lib/python3.9/site-packages/airflow/example_dags/example_latest_only.py
[2022-08-29T12:44:21.476-0400] {logging_mixin.py:115} INFO - [2022-08-29T12:44:21.475-0400] {dag.py:2429} INFO - Sync 1 DAGs
[2022-08-29T12:44:21.503-0400] {logging_mixin.py:115} INFO - [2022-08-29T12:44:21.502-0400] {dag.py:2977} INFO - Setting next_dagrun for latest_only to 2022-08-29T12:44:21.502689+00:00, run_after=2022-08-29T16:44:21.502689+00:00
[2022-08-29T12:44:21.567-0400] {processor.py:161} INFO - Processing /home/augenz/PycharmProjects/airflow/.env_airflow/lib/python3.9/site-packages/airflow/example_dags/example_latest_only.py took 0.568 seconds
[2022-08-29T12:44:51.762-0400] {processor.py:153} INFO - Started process (PID=1259) to work on /home/augenz/PycharmProjects/airflow/.env_airflow/lib/python3.9/site-packages/airflow/example_dags/example_latest_only.py
[2022-08-29T12:44:51.775-0400] {processor.py:640} INFO - Processing file /home/augenz/PycharmProjects/airflow/.env_airflow/lib/python3.9/site-packages/airflow/example_dags/example_latest_only.py for tasks to queue
[2022-08-29T12:44:51.776-0400] {logging_mixin.py:115} INFO - [2022-08-29T12:44:51.776-0400] {dagbag.py:508} INFO - Filling up the DagBag from /home/augenz/PycharmProjects/airflow/.env_airflow/lib/python3.9/site-packages/airflow/example_dags/example_latest_only.py
[2022-08-29T12:44:51.784-0400] {processor.py:650} INFO - DAG(s) dict_keys(['latest_only']) retrieved from /home/augenz/PycharmProjects/airflow/.env_airflow/lib/python3.9/site-packages/airflow/example_dags/example_latest_only.py
[2022-08-29T12:44:52.247-0400] {logging_mixin.py:115} INFO - [2022-08-29T12:44:52.247-0400] {dag.py:2429} INFO - Sync 1 DAGs
[2022-08-29T12:44:52.274-0400] {logging_mixin.py:115} INFO - [2022-08-29T12:44:52.274-0400] {dag.py:2977} INFO - Setting next_dagrun for latest_only to 2022-08-29T12:44:52.273884+00:00, run_after=2022-08-29T16:44:52.273884+00:00
[2022-08-29T12:44:52.329-0400] {processor.py:161} INFO - Processing /home/augenz/PycharmProjects/airflow/.env_airflow/lib/python3.9/site-packages/airflow/example_dags/example_latest_only.py took 0.573 seconds
[2022-08-29T12:45:22.567-0400] {processor.py:153} INFO - Started process (PID=1293) to work on /home/augenz/PycharmProjects/airflow/.env_airflow/lib/python3.9/site-packages/airflow/example_dags/example_latest_only.py
[2022-08-29T12:45:22.571-0400] {processor.py:640} INFO - Processing file /home/augenz/PycharmProjects/airflow/.env_airflow/lib/python3.9/site-packages/airflow/example_dags/example_latest_only.py for tasks to queue
[2022-08-29T12:45:22.573-0400] {logging_mixin.py:115} INFO - [2022-08-29T12:45:22.572-0400] {dagbag.py:508} INFO - Filling up the DagBag from /home/augenz/PycharmProjects/airflow/.env_airflow/lib/python3.9/site-packages/airflow/example_dags/example_latest_only.py
[2022-08-29T12:45:22.581-0400] {processor.py:650} INFO - DAG(s) dict_keys(['latest_only']) retrieved from /home/augenz/PycharmProjects/airflow/.env_airflow/lib/python3.9/site-packages/airflow/example_dags/example_latest_only.py
[2022-08-29T12:45:23.033-0400] {logging_mixin.py:115} INFO - [2022-08-29T12:45:23.032-0400] {dag.py:2429} INFO - Sync 1 DAGs
[2022-08-29T12:45:23.063-0400] {logging_mixin.py:115} INFO - [2022-08-29T12:45:23.063-0400] {dag.py:2977} INFO - Setting next_dagrun for latest_only to 2022-08-29T12:45:23.063177+00:00, run_after=2022-08-29T16:45:23.063177+00:00
[2022-08-29T12:45:23.127-0400] {processor.py:161} INFO - Processing /home/augenz/PycharmProjects/airflow/.env_airflow/lib/python3.9/site-packages/airflow/example_dags/example_latest_only.py took 0.567 seconds
[2022-08-29T12:45:53.489-0400] {processor.py:153} INFO - Started process (PID=1328) to work on /home/augenz/PycharmProjects/airflow/.env_airflow/lib/python3.9/site-packages/airflow/example_dags/example_latest_only.py
[2022-08-29T12:45:53.494-0400] {processor.py:640} INFO - Processing file /home/augenz/PycharmProjects/airflow/.env_airflow/lib/python3.9/site-packages/airflow/example_dags/example_latest_only.py for tasks to queue
[2022-08-29T12:45:53.495-0400] {logging_mixin.py:115} INFO - [2022-08-29T12:45:53.495-0400] {dagbag.py:508} INFO - Filling up the DagBag from /home/augenz/PycharmProjects/airflow/.env_airflow/lib/python3.9/site-packages/airflow/example_dags/example_latest_only.py
[2022-08-29T12:45:53.506-0400] {processor.py:650} INFO - DAG(s) dict_keys(['latest_only']) retrieved from /home/augenz/PycharmProjects/airflow/.env_airflow/lib/python3.9/site-packages/airflow/example_dags/example_latest_only.py
[2022-08-29T12:45:54.013-0400] {logging_mixin.py:115} INFO - [2022-08-29T12:45:54.013-0400] {dag.py:2429} INFO - Sync 1 DAGs
[2022-08-29T12:45:54.043-0400] {logging_mixin.py:115} INFO - [2022-08-29T12:45:54.042-0400] {dag.py:2977} INFO - Setting next_dagrun for latest_only to 2022-08-29T12:45:54.042083+00:00, run_after=2022-08-29T16:45:54.042083+00:00
[2022-08-29T12:45:54.098-0400] {processor.py:161} INFO - Processing /home/augenz/PycharmProjects/airflow/.env_airflow/lib/python3.9/site-packages/airflow/example_dags/example_latest_only.py took 0.614 seconds
[2022-08-29T12:46:24.673-0400] {processor.py:153} INFO - Started process (PID=1362) to work on /home/augenz/PycharmProjects/airflow/.env_airflow/lib/python3.9/site-packages/airflow/example_dags/example_latest_only.py
[2022-08-29T12:46:24.677-0400] {processor.py:640} INFO - Processing file /home/augenz/PycharmProjects/airflow/.env_airflow/lib/python3.9/site-packages/airflow/example_dags/example_latest_only.py for tasks to queue
[2022-08-29T12:46:24.679-0400] {logging_mixin.py:115} INFO - [2022-08-29T12:46:24.678-0400] {dagbag.py:508} INFO - Filling up the DagBag from /home/augenz/PycharmProjects/airflow/.env_airflow/lib/python3.9/site-packages/airflow/example_dags/example_latest_only.py
[2022-08-29T12:46:24.686-0400] {processor.py:650} INFO - DAG(s) dict_keys(['latest_only']) retrieved from /home/augenz/PycharmProjects/airflow/.env_airflow/lib/python3.9/site-packages/airflow/example_dags/example_latest_only.py
[2022-08-29T12:46:25.151-0400] {logging_mixin.py:115} INFO - [2022-08-29T12:46:25.151-0400] {dag.py:2429} INFO - Sync 1 DAGs
[2022-08-29T12:46:25.178-0400] {logging_mixin.py:115} INFO - [2022-08-29T12:46:25.178-0400] {dag.py:2977} INFO - Setting next_dagrun for latest_only to 2022-08-29T12:46:25.178377+00:00, run_after=2022-08-29T16:46:25.178377+00:00
[2022-08-29T12:46:25.210-0400] {processor.py:161} INFO - Processing /home/augenz/PycharmProjects/airflow/.env_airflow/lib/python3.9/site-packages/airflow/example_dags/example_latest_only.py took 0.542 seconds
[2022-08-29T12:46:55.630-0400] {processor.py:153} INFO - Started process (PID=1397) to work on /home/augenz/PycharmProjects/airflow/.env_airflow/lib/python3.9/site-packages/airflow/example_dags/example_latest_only.py
[2022-08-29T12:46:55.635-0400] {processor.py:640} INFO - Processing file /home/augenz/PycharmProjects/airflow/.env_airflow/lib/python3.9/site-packages/airflow/example_dags/example_latest_only.py for tasks to queue
[2022-08-29T12:46:55.636-0400] {logging_mixin.py:115} INFO - [2022-08-29T12:46:55.636-0400] {dagbag.py:508} INFO - Filling up the DagBag from /home/augenz/PycharmProjects/airflow/.env_airflow/lib/python3.9/site-packages/airflow/example_dags/example_latest_only.py
[2022-08-29T12:46:55.648-0400] {processor.py:650} INFO - DAG(s) dict_keys(['latest_only']) retrieved from /home/augenz/PycharmProjects/airflow/.env_airflow/lib/python3.9/site-packages/airflow/example_dags/example_latest_only.py
[2022-08-29T12:46:56.114-0400] {logging_mixin.py:115} INFO - [2022-08-29T12:46:56.114-0400] {dag.py:2429} INFO - Sync 1 DAGs
[2022-08-29T12:46:56.141-0400] {logging_mixin.py:115} INFO - [2022-08-29T12:46:56.141-0400] {dag.py:2977} INFO - Setting next_dagrun for latest_only to 2022-08-29T12:46:56.141393+00:00, run_after=2022-08-29T16:46:56.141393+00:00
[2022-08-29T12:46:56.173-0400] {processor.py:161} INFO - Processing /home/augenz/PycharmProjects/airflow/.env_airflow/lib/python3.9/site-packages/airflow/example_dags/example_latest_only.py took 0.549 seconds
[2022-08-29T12:47:26.844-0400] {processor.py:153} INFO - Started process (PID=1439) to work on /home/augenz/PycharmProjects/airflow/.env_airflow/lib/python3.9/site-packages/airflow/example_dags/example_latest_only.py
[2022-08-29T12:47:26.848-0400] {processor.py:640} INFO - Processing file /home/augenz/PycharmProjects/airflow/.env_airflow/lib/python3.9/site-packages/airflow/example_dags/example_latest_only.py for tasks to queue
[2022-08-29T12:47:26.849-0400] {logging_mixin.py:115} INFO - [2022-08-29T12:47:26.849-0400] {dagbag.py:508} INFO - Filling up the DagBag from /home/augenz/PycharmProjects/airflow/.env_airflow/lib/python3.9/site-packages/airflow/example_dags/example_latest_only.py
[2022-08-29T12:47:26.856-0400] {processor.py:650} INFO - DAG(s) dict_keys(['latest_only']) retrieved from /home/augenz/PycharmProjects/airflow/.env_airflow/lib/python3.9/site-packages/airflow/example_dags/example_latest_only.py
[2022-08-29T12:47:27.340-0400] {logging_mixin.py:115} INFO - [2022-08-29T12:47:27.340-0400] {dag.py:2429} INFO - Sync 1 DAGs
[2022-08-29T12:47:27.368-0400] {logging_mixin.py:115} INFO - [2022-08-29T12:47:27.368-0400] {dag.py:2977} INFO - Setting next_dagrun for latest_only to 2022-08-29T12:47:27.367990+00:00, run_after=2022-08-29T16:47:27.367990+00:00
[2022-08-29T12:47:27.421-0400] {processor.py:161} INFO - Processing /home/augenz/PycharmProjects/airflow/.env_airflow/lib/python3.9/site-packages/airflow/example_dags/example_latest_only.py took 0.583 seconds
[2022-08-29T12:47:57.897-0400] {processor.py:153} INFO - Started process (PID=1473) to work on /home/augenz/PycharmProjects/airflow/.env_airflow/lib/python3.9/site-packages/airflow/example_dags/example_latest_only.py
[2022-08-29T12:47:57.902-0400] {processor.py:640} INFO - Processing file /home/augenz/PycharmProjects/airflow/.env_airflow/lib/python3.9/site-packages/airflow/example_dags/example_latest_only.py for tasks to queue
[2022-08-29T12:47:57.904-0400] {logging_mixin.py:115} INFO - [2022-08-29T12:47:57.903-0400] {dagbag.py:508} INFO - Filling up the DagBag from /home/augenz/PycharmProjects/airflow/.env_airflow/lib/python3.9/site-packages/airflow/example_dags/example_latest_only.py
[2022-08-29T12:47:57.915-0400] {processor.py:650} INFO - DAG(s) dict_keys(['latest_only']) retrieved from /home/augenz/PycharmProjects/airflow/.env_airflow/lib/python3.9/site-packages/airflow/example_dags/example_latest_only.py
[2022-08-29T12:47:58.525-0400] {logging_mixin.py:115} INFO - [2022-08-29T12:47:58.524-0400] {dag.py:2429} INFO - Sync 1 DAGs
[2022-08-29T12:47:58.552-0400] {logging_mixin.py:115} INFO - [2022-08-29T12:47:58.552-0400] {dag.py:2977} INFO - Setting next_dagrun for latest_only to 2022-08-29T12:47:58.552007+00:00, run_after=2022-08-29T16:47:58.552007+00:00
[2022-08-29T12:47:58.601-0400] {processor.py:161} INFO - Processing /home/augenz/PycharmProjects/airflow/.env_airflow/lib/python3.9/site-packages/airflow/example_dags/example_latest_only.py took 0.709 seconds
[2022-08-29T12:48:29.290-0400] {processor.py:153} INFO - Started process (PID=1507) to work on /home/augenz/PycharmProjects/airflow/.env_airflow/lib/python3.9/site-packages/airflow/example_dags/example_latest_only.py
[2022-08-29T12:48:29.295-0400] {processor.py:640} INFO - Processing file /home/augenz/PycharmProjects/airflow/.env_airflow/lib/python3.9/site-packages/airflow/example_dags/example_latest_only.py for tasks to queue
[2022-08-29T12:48:29.296-0400] {logging_mixin.py:115} INFO - [2022-08-29T12:48:29.296-0400] {dagbag.py:508} INFO - Filling up the DagBag from /home/augenz/PycharmProjects/airflow/.env_airflow/lib/python3.9/site-packages/airflow/example_dags/example_latest_only.py
[2022-08-29T12:48:29.305-0400] {processor.py:650} INFO - DAG(s) dict_keys(['latest_only']) retrieved from /home/augenz/PycharmProjects/airflow/.env_airflow/lib/python3.9/site-packages/airflow/example_dags/example_latest_only.py
[2022-08-29T12:48:29.865-0400] {logging_mixin.py:115} INFO - [2022-08-29T12:48:29.865-0400] {dag.py:2429} INFO - Sync 1 DAGs
[2022-08-29T12:48:29.901-0400] {logging_mixin.py:115} INFO - [2022-08-29T12:48:29.901-0400] {dag.py:2977} INFO - Setting next_dagrun for latest_only to 2022-08-29T12:48:29.901037+00:00, run_after=2022-08-29T16:48:29.901037+00:00
[2022-08-29T12:48:29.949-0400] {processor.py:161} INFO - Processing /home/augenz/PycharmProjects/airflow/.env_airflow/lib/python3.9/site-packages/airflow/example_dags/example_latest_only.py took 0.667 seconds
[2022-08-29T12:48:59.987-0400] {processor.py:153} INFO - Started process (PID=1542) to work on /home/augenz/PycharmProjects/airflow/.env_airflow/lib/python3.9/site-packages/airflow/example_dags/example_latest_only.py
[2022-08-29T12:48:59.990-0400] {processor.py:640} INFO - Processing file /home/augenz/PycharmProjects/airflow/.env_airflow/lib/python3.9/site-packages/airflow/example_dags/example_latest_only.py for tasks to queue
[2022-08-29T12:48:59.991-0400] {logging_mixin.py:115} INFO - [2022-08-29T12:48:59.991-0400] {dagbag.py:508} INFO - Filling up the DagBag from /home/augenz/PycharmProjects/airflow/.env_airflow/lib/python3.9/site-packages/airflow/example_dags/example_latest_only.py
[2022-08-29T12:48:59.998-0400] {processor.py:650} INFO - DAG(s) dict_keys(['latest_only']) retrieved from /home/augenz/PycharmProjects/airflow/.env_airflow/lib/python3.9/site-packages/airflow/example_dags/example_latest_only.py
[2022-08-29T12:49:00.430-0400] {logging_mixin.py:115} INFO - [2022-08-29T12:49:00.430-0400] {dag.py:2429} INFO - Sync 1 DAGs
[2022-08-29T12:49:00.457-0400] {logging_mixin.py:115} INFO - [2022-08-29T12:49:00.457-0400] {dag.py:2977} INFO - Setting next_dagrun for latest_only to 2022-08-29T12:49:00.456648+00:00, run_after=2022-08-29T16:49:00.456648+00:00
[2022-08-29T12:49:00.504-0400] {processor.py:161} INFO - Processing /home/augenz/PycharmProjects/airflow/.env_airflow/lib/python3.9/site-packages/airflow/example_dags/example_latest_only.py took 0.521 seconds
[2022-08-29T12:49:31.084-0400] {processor.py:153} INFO - Started process (PID=1586) to work on /home/augenz/PycharmProjects/airflow/.env_airflow/lib/python3.9/site-packages/airflow/example_dags/example_latest_only.py
[2022-08-29T12:49:31.086-0400] {processor.py:640} INFO - Processing file /home/augenz/PycharmProjects/airflow/.env_airflow/lib/python3.9/site-packages/airflow/example_dags/example_latest_only.py for tasks to queue
[2022-08-29T12:49:31.088-0400] {logging_mixin.py:115} INFO - [2022-08-29T12:49:31.088-0400] {dagbag.py:508} INFO - Filling up the DagBag from /home/augenz/PycharmProjects/airflow/.env_airflow/lib/python3.9/site-packages/airflow/example_dags/example_latest_only.py
[2022-08-29T12:49:31.100-0400] {processor.py:650} INFO - DAG(s) dict_keys(['latest_only']) retrieved from /home/augenz/PycharmProjects/airflow/.env_airflow/lib/python3.9/site-packages/airflow/example_dags/example_latest_only.py
[2022-08-29T12:49:31.590-0400] {logging_mixin.py:115} INFO - [2022-08-29T12:49:31.589-0400] {dag.py:2429} INFO - Sync 1 DAGs
[2022-08-29T12:49:31.618-0400] {logging_mixin.py:115} INFO - [2022-08-29T12:49:31.618-0400] {dag.py:2977} INFO - Setting next_dagrun for latest_only to 2022-08-29T12:49:31.618114+00:00, run_after=2022-08-29T16:49:31.618114+00:00
[2022-08-29T12:49:31.670-0400] {processor.py:161} INFO - Processing /home/augenz/PycharmProjects/airflow/.env_airflow/lib/python3.9/site-packages/airflow/example_dags/example_latest_only.py took 0.595 seconds
[2022-08-29T12:50:02.106-0400] {processor.py:153} INFO - Started process (PID=1621) to work on /home/augenz/PycharmProjects/airflow/.env_airflow/lib/python3.9/site-packages/airflow/example_dags/example_latest_only.py
[2022-08-29T12:50:02.109-0400] {processor.py:640} INFO - Processing file /home/augenz/PycharmProjects/airflow/.env_airflow/lib/python3.9/site-packages/airflow/example_dags/example_latest_only.py for tasks to queue
[2022-08-29T12:50:02.111-0400] {logging_mixin.py:115} INFO - [2022-08-29T12:50:02.110-0400] {dagbag.py:508} INFO - Filling up the DagBag from /home/augenz/PycharmProjects/airflow/.env_airflow/lib/python3.9/site-packages/airflow/example_dags/example_latest_only.py
[2022-08-29T12:50:02.125-0400] {processor.py:650} INFO - DAG(s) dict_keys(['latest_only']) retrieved from /home/augenz/PycharmProjects/airflow/.env_airflow/lib/python3.9/site-packages/airflow/example_dags/example_latest_only.py
[2022-08-29T12:50:02.614-0400] {logging_mixin.py:115} INFO - [2022-08-29T12:50:02.613-0400] {dag.py:2429} INFO - Sync 1 DAGs
[2022-08-29T12:50:02.642-0400] {logging_mixin.py:115} INFO - [2022-08-29T12:50:02.641-0400] {dag.py:2977} INFO - Setting next_dagrun for latest_only to 2022-08-29T12:50:02.641614+00:00, run_after=2022-08-29T16:50:02.641614+00:00
[2022-08-29T12:50:02.681-0400] {processor.py:161} INFO - Processing /home/augenz/PycharmProjects/airflow/.env_airflow/lib/python3.9/site-packages/airflow/example_dags/example_latest_only.py took 0.581 seconds
[2022-08-29T12:50:33.781-0400] {processor.py:153} INFO - Started process (PID=1660) to work on /home/augenz/PycharmProjects/airflow/.env_airflow/lib/python3.9/site-packages/airflow/example_dags/example_latest_only.py
[2022-08-29T12:50:33.798-0400] {processor.py:640} INFO - Processing file /home/augenz/PycharmProjects/airflow/.env_airflow/lib/python3.9/site-packages/airflow/example_dags/example_latest_only.py for tasks to queue
[2022-08-29T12:50:33.800-0400] {logging_mixin.py:115} INFO - [2022-08-29T12:50:33.800-0400] {dagbag.py:508} INFO - Filling up the DagBag from /home/augenz/PycharmProjects/airflow/.env_airflow/lib/python3.9/site-packages/airflow/example_dags/example_latest_only.py
[2022-08-29T12:50:33.807-0400] {processor.py:650} INFO - DAG(s) dict_keys(['latest_only']) retrieved from /home/augenz/PycharmProjects/airflow/.env_airflow/lib/python3.9/site-packages/airflow/example_dags/example_latest_only.py
[2022-08-29T12:50:34.501-0400] {logging_mixin.py:115} INFO - [2022-08-29T12:50:34.501-0400] {dag.py:2429} INFO - Sync 1 DAGs
[2022-08-29T12:50:34.536-0400] {logging_mixin.py:115} INFO - [2022-08-29T12:50:34.536-0400] {dag.py:2977} INFO - Setting next_dagrun for latest_only to 2022-08-29T12:50:34.535874+00:00, run_after=2022-08-29T16:50:34.535874+00:00
[2022-08-29T12:50:34.588-0400] {processor.py:161} INFO - Processing /home/augenz/PycharmProjects/airflow/.env_airflow/lib/python3.9/site-packages/airflow/example_dags/example_latest_only.py took 0.812 seconds
[2022-08-29T12:51:05.542-0400] {processor.py:153} INFO - Started process (PID=1695) to work on /home/augenz/PycharmProjects/airflow/.env_airflow/lib/python3.9/site-packages/airflow/example_dags/example_latest_only.py
[2022-08-29T12:51:05.555-0400] {processor.py:640} INFO - Processing file /home/augenz/PycharmProjects/airflow/.env_airflow/lib/python3.9/site-packages/airflow/example_dags/example_latest_only.py for tasks to queue
[2022-08-29T12:51:05.556-0400] {logging_mixin.py:115} INFO - [2022-08-29T12:51:05.556-0400] {dagbag.py:508} INFO - Filling up the DagBag from /home/augenz/PycharmProjects/airflow/.env_airflow/lib/python3.9/site-packages/airflow/example_dags/example_latest_only.py
[2022-08-29T12:51:05.567-0400] {processor.py:650} INFO - DAG(s) dict_keys(['latest_only']) retrieved from /home/augenz/PycharmProjects/airflow/.env_airflow/lib/python3.9/site-packages/airflow/example_dags/example_latest_only.py
[2022-08-29T12:51:06.036-0400] {logging_mixin.py:115} INFO - [2022-08-29T12:51:06.035-0400] {dag.py:2429} INFO - Sync 1 DAGs
[2022-08-29T12:51:06.064-0400] {logging_mixin.py:115} INFO - [2022-08-29T12:51:06.063-0400] {dag.py:2977} INFO - Setting next_dagrun for latest_only to 2022-08-29T12:51:06.063466+00:00, run_after=2022-08-29T16:51:06.063466+00:00
[2022-08-29T12:51:06.098-0400] {processor.py:161} INFO - Processing /home/augenz/PycharmProjects/airflow/.env_airflow/lib/python3.9/site-packages/airflow/example_dags/example_latest_only.py took 0.561 seconds
[2022-08-29T12:51:36.670-0400] {processor.py:153} INFO - Started process (PID=1733) to work on /home/augenz/PycharmProjects/airflow/.env_airflow/lib/python3.9/site-packages/airflow/example_dags/example_latest_only.py
[2022-08-29T12:51:36.687-0400] {processor.py:640} INFO - Processing file /home/augenz/PycharmProjects/airflow/.env_airflow/lib/python3.9/site-packages/airflow/example_dags/example_latest_only.py for tasks to queue
[2022-08-29T12:51:36.688-0400] {logging_mixin.py:115} INFO - [2022-08-29T12:51:36.688-0400] {dagbag.py:508} INFO - Filling up the DagBag from /home/augenz/PycharmProjects/airflow/.env_airflow/lib/python3.9/site-packages/airflow/example_dags/example_latest_only.py
[2022-08-29T12:51:36.696-0400] {processor.py:650} INFO - DAG(s) dict_keys(['latest_only']) retrieved from /home/augenz/PycharmProjects/airflow/.env_airflow/lib/python3.9/site-packages/airflow/example_dags/example_latest_only.py
[2022-08-29T12:51:37.159-0400] {logging_mixin.py:115} INFO - [2022-08-29T12:51:37.158-0400] {dag.py:2429} INFO - Sync 1 DAGs
[2022-08-29T12:51:37.186-0400] {logging_mixin.py:115} INFO - [2022-08-29T12:51:37.186-0400] {dag.py:2977} INFO - Setting next_dagrun for latest_only to 2022-08-29T12:51:37.186435+00:00, run_after=2022-08-29T16:51:37.186435+00:00
[2022-08-29T12:51:37.246-0400] {processor.py:161} INFO - Processing /home/augenz/PycharmProjects/airflow/.env_airflow/lib/python3.9/site-packages/airflow/example_dags/example_latest_only.py took 0.581 seconds
[2022-08-29T12:52:07.601-0400] {processor.py:153} INFO - Started process (PID=1767) to work on /home/augenz/PycharmProjects/airflow/.env_airflow/lib/python3.9/site-packages/airflow/example_dags/example_latest_only.py
[2022-08-29T12:52:07.605-0400] {processor.py:640} INFO - Processing file /home/augenz/PycharmProjects/airflow/.env_airflow/lib/python3.9/site-packages/airflow/example_dags/example_latest_only.py for tasks to queue
[2022-08-29T12:52:07.606-0400] {logging_mixin.py:115} INFO - [2022-08-29T12:52:07.606-0400] {dagbag.py:508} INFO - Filling up the DagBag from /home/augenz/PycharmProjects/airflow/.env_airflow/lib/python3.9/site-packages/airflow/example_dags/example_latest_only.py
[2022-08-29T12:52:07.614-0400] {processor.py:650} INFO - DAG(s) dict_keys(['latest_only']) retrieved from /home/augenz/PycharmProjects/airflow/.env_airflow/lib/python3.9/site-packages/airflow/example_dags/example_latest_only.py
[2022-08-29T12:52:08.169-0400] {logging_mixin.py:115} INFO - [2022-08-29T12:52:08.168-0400] {dag.py:2429} INFO - Sync 1 DAGs
[2022-08-29T12:52:08.202-0400] {logging_mixin.py:115} INFO - [2022-08-29T12:52:08.201-0400] {dag.py:2977} INFO - Setting next_dagrun for latest_only to 2022-08-29T12:52:08.201496+00:00, run_after=2022-08-29T16:52:08.201496+00:00
[2022-08-29T12:52:08.259-0400] {processor.py:161} INFO - Processing /home/augenz/PycharmProjects/airflow/.env_airflow/lib/python3.9/site-packages/airflow/example_dags/example_latest_only.py took 0.663 seconds
[2022-08-29T12:52:38.357-0400] {processor.py:153} INFO - Started process (PID=1801) to work on /home/augenz/PycharmProjects/airflow/.env_airflow/lib/python3.9/site-packages/airflow/example_dags/example_latest_only.py
[2022-08-29T12:52:38.375-0400] {processor.py:640} INFO - Processing file /home/augenz/PycharmProjects/airflow/.env_airflow/lib/python3.9/site-packages/airflow/example_dags/example_latest_only.py for tasks to queue
[2022-08-29T12:52:38.377-0400] {logging_mixin.py:115} INFO - [2022-08-29T12:52:38.377-0400] {dagbag.py:508} INFO - Filling up the DagBag from /home/augenz/PycharmProjects/airflow/.env_airflow/lib/python3.9/site-packages/airflow/example_dags/example_latest_only.py
[2022-08-29T12:52:38.388-0400] {processor.py:650} INFO - DAG(s) dict_keys(['latest_only']) retrieved from /home/augenz/PycharmProjects/airflow/.env_airflow/lib/python3.9/site-packages/airflow/example_dags/example_latest_only.py
[2022-08-29T12:52:38.895-0400] {logging_mixin.py:115} INFO - [2022-08-29T12:52:38.895-0400] {dag.py:2429} INFO - Sync 1 DAGs
[2022-08-29T12:52:38.922-0400] {logging_mixin.py:115} INFO - [2022-08-29T12:52:38.922-0400] {dag.py:2977} INFO - Setting next_dagrun for latest_only to 2022-08-29T12:52:38.922171+00:00, run_after=2022-08-29T16:52:38.922171+00:00
[2022-08-29T12:52:38.965-0400] {processor.py:161} INFO - Processing /home/augenz/PycharmProjects/airflow/.env_airflow/lib/python3.9/site-packages/airflow/example_dags/example_latest_only.py took 0.613 seconds
[2022-08-29T12:53:09.251-0400] {processor.py:153} INFO - Started process (PID=1838) to work on /home/augenz/PycharmProjects/airflow/.env_airflow/lib/python3.9/site-packages/airflow/example_dags/example_latest_only.py
[2022-08-29T12:53:09.269-0400] {processor.py:640} INFO - Processing file /home/augenz/PycharmProjects/airflow/.env_airflow/lib/python3.9/site-packages/airflow/example_dags/example_latest_only.py for tasks to queue
[2022-08-29T12:53:09.270-0400] {logging_mixin.py:115} INFO - [2022-08-29T12:53:09.270-0400] {dagbag.py:508} INFO - Filling up the DagBag from /home/augenz/PycharmProjects/airflow/.env_airflow/lib/python3.9/site-packages/airflow/example_dags/example_latest_only.py
[2022-08-29T12:53:09.276-0400] {processor.py:650} INFO - DAG(s) dict_keys(['latest_only']) retrieved from /home/augenz/PycharmProjects/airflow/.env_airflow/lib/python3.9/site-packages/airflow/example_dags/example_latest_only.py
[2022-08-29T12:53:09.822-0400] {logging_mixin.py:115} INFO - [2022-08-29T12:53:09.822-0400] {dag.py:2429} INFO - Sync 1 DAGs
[2022-08-29T12:53:09.851-0400] {logging_mixin.py:115} INFO - [2022-08-29T12:53:09.851-0400] {dag.py:2977} INFO - Setting next_dagrun for latest_only to 2022-08-29T12:53:09.851205+00:00, run_after=2022-08-29T16:53:09.851205+00:00
[2022-08-29T12:53:09.910-0400] {processor.py:161} INFO - Processing /home/augenz/PycharmProjects/airflow/.env_airflow/lib/python3.9/site-packages/airflow/example_dags/example_latest_only.py took 0.666 seconds
[2022-08-29T12:53:40.592-0400] {processor.py:153} INFO - Started process (PID=1878) to work on /home/augenz/PycharmProjects/airflow/.env_airflow/lib/python3.9/site-packages/airflow/example_dags/example_latest_only.py
[2022-08-29T12:53:40.610-0400] {processor.py:640} INFO - Processing file /home/augenz/PycharmProjects/airflow/.env_airflow/lib/python3.9/site-packages/airflow/example_dags/example_latest_only.py for tasks to queue
[2022-08-29T12:53:40.611-0400] {logging_mixin.py:115} INFO - [2022-08-29T12:53:40.611-0400] {dagbag.py:508} INFO - Filling up the DagBag from /home/augenz/PycharmProjects/airflow/.env_airflow/lib/python3.9/site-packages/airflow/example_dags/example_latest_only.py
[2022-08-29T12:53:40.619-0400] {processor.py:650} INFO - DAG(s) dict_keys(['latest_only']) retrieved from /home/augenz/PycharmProjects/airflow/.env_airflow/lib/python3.9/site-packages/airflow/example_dags/example_latest_only.py
[2022-08-29T12:53:41.114-0400] {logging_mixin.py:115} INFO - [2022-08-29T12:53:41.113-0400] {dag.py:2429} INFO - Sync 1 DAGs
[2022-08-29T12:53:41.148-0400] {logging_mixin.py:115} INFO - [2022-08-29T12:53:41.148-0400] {dag.py:2977} INFO - Setting next_dagrun for latest_only to 2022-08-29T12:53:41.148116+00:00, run_after=2022-08-29T16:53:41.148116+00:00
[2022-08-29T12:53:41.199-0400] {processor.py:161} INFO - Processing /home/augenz/PycharmProjects/airflow/.env_airflow/lib/python3.9/site-packages/airflow/example_dags/example_latest_only.py took 0.612 seconds
