[2022-08-29T12:33:15.825-0400] {processor.py:153} INFO - Started process (PID=378) to work on /home/augenz/PycharmProjects/airflow/.env_airflow/lib/python3.9/site-packages/airflow/example_dags/example_task_group_decorator.py
[2022-08-29T12:33:15.826-0400] {processor.py:640} INFO - Processing file /home/augenz/PycharmProjects/airflow/.env_airflow/lib/python3.9/site-packages/airflow/example_dags/example_task_group_decorator.py for tasks to queue
[2022-08-29T12:33:15.827-0400] {logging_mixin.py:115} INFO - [2022-08-29T12:33:15.827-0400] {dagbag.py:508} INFO - Filling up the DagBag from /home/augenz/PycharmProjects/airflow/.env_airflow/lib/python3.9/site-packages/airflow/example_dags/example_task_group_decorator.py
[2022-08-29T12:33:15.868-0400] {processor.py:650} INFO - DAG(s) dict_keys(['example_task_group_decorator']) retrieved from /home/augenz/PycharmProjects/airflow/.env_airflow/lib/python3.9/site-packages/airflow/example_dags/example_task_group_decorator.py
[2022-08-29T12:33:16.024-0400] {logging_mixin.py:115} INFO - [2022-08-29T12:33:16.024-0400] {manager.py:508} INFO - Created Permission View: can delete on DAG:example_task_group_decorator
[2022-08-29T12:33:16.075-0400] {logging_mixin.py:115} INFO - [2022-08-29T12:33:16.075-0400] {manager.py:508} INFO - Created Permission View: can read on DAG:example_task_group_decorator
[2022-08-29T12:33:16.125-0400] {logging_mixin.py:115} INFO - [2022-08-29T12:33:16.124-0400] {manager.py:508} INFO - Created Permission View: can edit on DAG:example_task_group_decorator
[2022-08-29T12:33:16.126-0400] {logging_mixin.py:115} INFO - [2022-08-29T12:33:16.125-0400] {dag.py:2429} INFO - Sync 1 DAGs
[2022-08-29T12:33:16.149-0400] {logging_mixin.py:115} INFO - [2022-08-29T12:33:16.148-0400] {dag.py:2448} INFO - Creating ORM DAG for example_task_group_decorator
[2022-08-29T12:33:16.177-0400] {logging_mixin.py:115} INFO - [2022-08-29T12:33:16.177-0400] {dag.py:2977} INFO - Setting next_dagrun for example_task_group_decorator to 2022-08-28T16:33:16.176697+00:00, run_after=2022-08-29T16:33:16.176697+00:00
[2022-08-29T12:33:16.231-0400] {processor.py:161} INFO - Processing /home/augenz/PycharmProjects/airflow/.env_airflow/lib/python3.9/site-packages/airflow/example_dags/example_task_group_decorator.py took 0.411 seconds
[2022-08-29T12:33:46.869-0400] {processor.py:153} INFO - Started process (PID=418) to work on /home/augenz/PycharmProjects/airflow/.env_airflow/lib/python3.9/site-packages/airflow/example_dags/example_task_group_decorator.py
[2022-08-29T12:33:46.871-0400] {processor.py:640} INFO - Processing file /home/augenz/PycharmProjects/airflow/.env_airflow/lib/python3.9/site-packages/airflow/example_dags/example_task_group_decorator.py for tasks to queue
[2022-08-29T12:33:46.872-0400] {logging_mixin.py:115} INFO - [2022-08-29T12:33:46.872-0400] {dagbag.py:508} INFO - Filling up the DagBag from /home/augenz/PycharmProjects/airflow/.env_airflow/lib/python3.9/site-packages/airflow/example_dags/example_task_group_decorator.py
[2022-08-29T12:33:46.925-0400] {processor.py:650} INFO - DAG(s) dict_keys(['example_task_group_decorator']) retrieved from /home/augenz/PycharmProjects/airflow/.env_airflow/lib/python3.9/site-packages/airflow/example_dags/example_task_group_decorator.py
[2022-08-29T12:33:47.018-0400] {logging_mixin.py:115} INFO - [2022-08-29T12:33:47.018-0400] {dag.py:2429} INFO - Sync 1 DAGs
[2022-08-29T12:33:47.049-0400] {logging_mixin.py:115} INFO - [2022-08-29T12:33:47.049-0400] {dag.py:2977} INFO - Setting next_dagrun for example_task_group_decorator to 2022-08-28T16:33:47.049247+00:00, run_after=2022-08-29T16:33:47.049247+00:00
[2022-08-29T12:33:47.112-0400] {processor.py:161} INFO - Processing /home/augenz/PycharmProjects/airflow/.env_airflow/lib/python3.9/site-packages/airflow/example_dags/example_task_group_decorator.py took 0.249 seconds
[2022-08-29T12:34:17.430-0400] {processor.py:153} INFO - Started process (PID=453) to work on /home/augenz/PycharmProjects/airflow/.env_airflow/lib/python3.9/site-packages/airflow/example_dags/example_task_group_decorator.py
[2022-08-29T12:34:17.433-0400] {processor.py:640} INFO - Processing file /home/augenz/PycharmProjects/airflow/.env_airflow/lib/python3.9/site-packages/airflow/example_dags/example_task_group_decorator.py for tasks to queue
[2022-08-29T12:34:17.435-0400] {logging_mixin.py:115} INFO - [2022-08-29T12:34:17.434-0400] {dagbag.py:508} INFO - Filling up the DagBag from /home/augenz/PycharmProjects/airflow/.env_airflow/lib/python3.9/site-packages/airflow/example_dags/example_task_group_decorator.py
[2022-08-29T12:34:17.496-0400] {processor.py:650} INFO - DAG(s) dict_keys(['example_task_group_decorator']) retrieved from /home/augenz/PycharmProjects/airflow/.env_airflow/lib/python3.9/site-packages/airflow/example_dags/example_task_group_decorator.py
[2022-08-29T12:34:17.645-0400] {logging_mixin.py:115} INFO - [2022-08-29T12:34:17.644-0400] {dag.py:2429} INFO - Sync 1 DAGs
[2022-08-29T12:34:17.686-0400] {logging_mixin.py:115} INFO - [2022-08-29T12:34:17.686-0400] {dag.py:2977} INFO - Setting next_dagrun for example_task_group_decorator to 2022-08-28T16:34:17.686060+00:00, run_after=2022-08-29T16:34:17.686060+00:00
[2022-08-29T12:34:17.744-0400] {processor.py:161} INFO - Processing /home/augenz/PycharmProjects/airflow/.env_airflow/lib/python3.9/site-packages/airflow/example_dags/example_task_group_decorator.py took 0.320 seconds
[2022-08-29T12:34:48.118-0400] {processor.py:153} INFO - Started process (PID=488) to work on /home/augenz/PycharmProjects/airflow/.env_airflow/lib/python3.9/site-packages/airflow/example_dags/example_task_group_decorator.py
[2022-08-29T12:34:48.119-0400] {processor.py:640} INFO - Processing file /home/augenz/PycharmProjects/airflow/.env_airflow/lib/python3.9/site-packages/airflow/example_dags/example_task_group_decorator.py for tasks to queue
[2022-08-29T12:34:48.121-0400] {logging_mixin.py:115} INFO - [2022-08-29T12:34:48.120-0400] {dagbag.py:508} INFO - Filling up the DagBag from /home/augenz/PycharmProjects/airflow/.env_airflow/lib/python3.9/site-packages/airflow/example_dags/example_task_group_decorator.py
[2022-08-29T12:34:48.186-0400] {processor.py:650} INFO - DAG(s) dict_keys(['example_task_group_decorator']) retrieved from /home/augenz/PycharmProjects/airflow/.env_airflow/lib/python3.9/site-packages/airflow/example_dags/example_task_group_decorator.py
[2022-08-29T12:34:48.321-0400] {logging_mixin.py:115} INFO - [2022-08-29T12:34:48.321-0400] {dag.py:2429} INFO - Sync 1 DAGs
[2022-08-29T12:34:48.370-0400] {logging_mixin.py:115} INFO - [2022-08-29T12:34:48.370-0400] {dag.py:2977} INFO - Setting next_dagrun for example_task_group_decorator to 2022-08-28T16:34:48.370207+00:00, run_after=2022-08-29T16:34:48.370207+00:00
[2022-08-29T12:34:48.426-0400] {processor.py:161} INFO - Processing /home/augenz/PycharmProjects/airflow/.env_airflow/lib/python3.9/site-packages/airflow/example_dags/example_task_group_decorator.py took 0.314 seconds
[2022-08-29T12:35:18.874-0400] {processor.py:153} INFO - Started process (PID=545) to work on /home/augenz/PycharmProjects/airflow/.env_airflow/lib/python3.9/site-packages/airflow/example_dags/example_task_group_decorator.py
[2022-08-29T12:35:18.875-0400] {processor.py:640} INFO - Processing file /home/augenz/PycharmProjects/airflow/.env_airflow/lib/python3.9/site-packages/airflow/example_dags/example_task_group_decorator.py for tasks to queue
[2022-08-29T12:35:18.877-0400] {logging_mixin.py:115} INFO - [2022-08-29T12:35:18.876-0400] {dagbag.py:508} INFO - Filling up the DagBag from /home/augenz/PycharmProjects/airflow/.env_airflow/lib/python3.9/site-packages/airflow/example_dags/example_task_group_decorator.py
[2022-08-29T12:35:18.916-0400] {processor.py:650} INFO - DAG(s) dict_keys(['example_task_group_decorator']) retrieved from /home/augenz/PycharmProjects/airflow/.env_airflow/lib/python3.9/site-packages/airflow/example_dags/example_task_group_decorator.py
[2022-08-29T12:35:19.015-0400] {logging_mixin.py:115} INFO - [2022-08-29T12:35:19.015-0400] {dag.py:2429} INFO - Sync 1 DAGs
[2022-08-29T12:35:19.045-0400] {logging_mixin.py:115} INFO - [2022-08-29T12:35:19.045-0400] {dag.py:2977} INFO - Setting next_dagrun for example_task_group_decorator to 2022-08-28T16:35:19.045376+00:00, run_after=2022-08-29T16:35:19.045376+00:00
[2022-08-29T12:35:19.109-0400] {processor.py:161} INFO - Processing /home/augenz/PycharmProjects/airflow/.env_airflow/lib/python3.9/site-packages/airflow/example_dags/example_task_group_decorator.py took 0.240 seconds
[2022-08-29T12:35:50.697-0400] {processor.py:153} INFO - Started process (PID=588) to work on /home/augenz/PycharmProjects/airflow/.env_airflow/lib/python3.9/site-packages/airflow/example_dags/example_task_group_decorator.py
[2022-08-29T12:35:50.700-0400] {processor.py:640} INFO - Processing file /home/augenz/PycharmProjects/airflow/.env_airflow/lib/python3.9/site-packages/airflow/example_dags/example_task_group_decorator.py for tasks to queue
[2022-08-29T12:35:50.701-0400] {logging_mixin.py:115} INFO - [2022-08-29T12:35:50.701-0400] {dagbag.py:508} INFO - Filling up the DagBag from /home/augenz/PycharmProjects/airflow/.env_airflow/lib/python3.9/site-packages/airflow/example_dags/example_task_group_decorator.py
[2022-08-29T12:35:50.745-0400] {processor.py:650} INFO - DAG(s) dict_keys(['example_task_group_decorator']) retrieved from /home/augenz/PycharmProjects/airflow/.env_airflow/lib/python3.9/site-packages/airflow/example_dags/example_task_group_decorator.py
[2022-08-29T12:35:51.319-0400] {logging_mixin.py:115} INFO - [2022-08-29T12:35:51.318-0400] {dag.py:2429} INFO - Sync 1 DAGs
[2022-08-29T12:35:51.345-0400] {logging_mixin.py:115} INFO - [2022-08-29T12:35:51.345-0400] {dag.py:2977} INFO - Setting next_dagrun for example_task_group_decorator to 2022-08-28T16:35:51.345173+00:00, run_after=2022-08-29T16:35:51.345173+00:00
[2022-08-29T12:35:51.398-0400] {processor.py:161} INFO - Processing /home/augenz/PycharmProjects/airflow/.env_airflow/lib/python3.9/site-packages/airflow/example_dags/example_task_group_decorator.py took 0.705 seconds
[2022-08-29T12:36:21.773-0400] {processor.py:153} INFO - Started process (PID=622) to work on /home/augenz/PycharmProjects/airflow/.env_airflow/lib/python3.9/site-packages/airflow/example_dags/example_task_group_decorator.py
[2022-08-29T12:36:21.776-0400] {processor.py:640} INFO - Processing file /home/augenz/PycharmProjects/airflow/.env_airflow/lib/python3.9/site-packages/airflow/example_dags/example_task_group_decorator.py for tasks to queue
[2022-08-29T12:36:21.777-0400] {logging_mixin.py:115} INFO - [2022-08-29T12:36:21.777-0400] {dagbag.py:508} INFO - Filling up the DagBag from /home/augenz/PycharmProjects/airflow/.env_airflow/lib/python3.9/site-packages/airflow/example_dags/example_task_group_decorator.py
[2022-08-29T12:36:21.833-0400] {processor.py:650} INFO - DAG(s) dict_keys(['example_task_group_decorator']) retrieved from /home/augenz/PycharmProjects/airflow/.env_airflow/lib/python3.9/site-packages/airflow/example_dags/example_task_group_decorator.py
[2022-08-29T12:36:22.457-0400] {logging_mixin.py:115} INFO - [2022-08-29T12:36:22.457-0400] {dag.py:2429} INFO - Sync 1 DAGs
[2022-08-29T12:36:22.496-0400] {logging_mixin.py:115} INFO - [2022-08-29T12:36:22.495-0400] {dag.py:2977} INFO - Setting next_dagrun for example_task_group_decorator to 2022-08-28T16:36:22.495388+00:00, run_after=2022-08-29T16:36:22.495388+00:00
[2022-08-29T12:36:22.544-0400] {processor.py:161} INFO - Processing /home/augenz/PycharmProjects/airflow/.env_airflow/lib/python3.9/site-packages/airflow/example_dags/example_task_group_decorator.py took 0.775 seconds
[2022-08-29T12:36:53.498-0400] {processor.py:153} INFO - Started process (PID=666) to work on /home/augenz/PycharmProjects/airflow/.env_airflow/lib/python3.9/site-packages/airflow/example_dags/example_task_group_decorator.py
[2022-08-29T12:36:53.500-0400] {processor.py:640} INFO - Processing file /home/augenz/PycharmProjects/airflow/.env_airflow/lib/python3.9/site-packages/airflow/example_dags/example_task_group_decorator.py for tasks to queue
[2022-08-29T12:36:53.501-0400] {logging_mixin.py:115} INFO - [2022-08-29T12:36:53.501-0400] {dagbag.py:508} INFO - Filling up the DagBag from /home/augenz/PycharmProjects/airflow/.env_airflow/lib/python3.9/site-packages/airflow/example_dags/example_task_group_decorator.py
[2022-08-29T12:36:53.570-0400] {processor.py:650} INFO - DAG(s) dict_keys(['example_task_group_decorator']) retrieved from /home/augenz/PycharmProjects/airflow/.env_airflow/lib/python3.9/site-packages/airflow/example_dags/example_task_group_decorator.py
[2022-08-29T12:36:54.654-0400] {logging_mixin.py:115} INFO - [2022-08-29T12:36:54.653-0400] {dag.py:2429} INFO - Sync 1 DAGs
[2022-08-29T12:36:54.721-0400] {logging_mixin.py:115} INFO - [2022-08-29T12:36:54.720-0400] {dag.py:2977} INFO - Setting next_dagrun for example_task_group_decorator to 2022-08-28T16:36:54.720189+00:00, run_after=2022-08-29T16:36:54.720189+00:00
[2022-08-29T12:36:54.841-0400] {processor.py:161} INFO - Processing /home/augenz/PycharmProjects/airflow/.env_airflow/lib/python3.9/site-packages/airflow/example_dags/example_task_group_decorator.py took 1.356 seconds
[2022-08-29T12:37:28.868-0400] {processor.py:153} INFO - Started process (PID=714) to work on /home/augenz/PycharmProjects/airflow/.env_airflow/lib/python3.9/site-packages/airflow/example_dags/example_task_group_decorator.py
[2022-08-29T12:37:28.880-0400] {processor.py:640} INFO - Processing file /home/augenz/PycharmProjects/airflow/.env_airflow/lib/python3.9/site-packages/airflow/example_dags/example_task_group_decorator.py for tasks to queue
[2022-08-29T12:37:28.883-0400] {logging_mixin.py:115} INFO - [2022-08-29T12:37:28.882-0400] {dagbag.py:508} INFO - Filling up the DagBag from /home/augenz/PycharmProjects/airflow/.env_airflow/lib/python3.9/site-packages/airflow/example_dags/example_task_group_decorator.py
[2022-08-29T12:37:29.043-0400] {processor.py:650} INFO - DAG(s) dict_keys(['example_task_group_decorator']) retrieved from /home/augenz/PycharmProjects/airflow/.env_airflow/lib/python3.9/site-packages/airflow/example_dags/example_task_group_decorator.py
[2022-08-29T12:37:30.756-0400] {logging_mixin.py:115} INFO - [2022-08-29T12:37:30.755-0400] {dag.py:2429} INFO - Sync 1 DAGs
[2022-08-29T12:37:30.832-0400] {logging_mixin.py:115} INFO - [2022-08-29T12:37:30.831-0400] {dag.py:2977} INFO - Setting next_dagrun for example_task_group_decorator to 2022-08-28T16:37:30.831381+00:00, run_after=2022-08-29T16:37:30.831381+00:00
[2022-08-29T12:37:30.935-0400] {processor.py:161} INFO - Processing /home/augenz/PycharmProjects/airflow/.env_airflow/lib/python3.9/site-packages/airflow/example_dags/example_task_group_decorator.py took 2.095 seconds
[2022-08-29T12:38:01.456-0400] {processor.py:153} INFO - Started process (PID=771) to work on /home/augenz/PycharmProjects/airflow/.env_airflow/lib/python3.9/site-packages/airflow/example_dags/example_task_group_decorator.py
[2022-08-29T12:38:01.476-0400] {processor.py:640} INFO - Processing file /home/augenz/PycharmProjects/airflow/.env_airflow/lib/python3.9/site-packages/airflow/example_dags/example_task_group_decorator.py for tasks to queue
[2022-08-29T12:38:01.478-0400] {logging_mixin.py:115} INFO - [2022-08-29T12:38:01.477-0400] {dagbag.py:508} INFO - Filling up the DagBag from /home/augenz/PycharmProjects/airflow/.env_airflow/lib/python3.9/site-packages/airflow/example_dags/example_task_group_decorator.py
[2022-08-29T12:38:01.578-0400] {processor.py:650} INFO - DAG(s) dict_keys(['example_task_group_decorator']) retrieved from /home/augenz/PycharmProjects/airflow/.env_airflow/lib/python3.9/site-packages/airflow/example_dags/example_task_group_decorator.py
[2022-08-29T12:38:02.812-0400] {logging_mixin.py:115} INFO - [2022-08-29T12:38:02.812-0400] {dag.py:2429} INFO - Sync 1 DAGs
[2022-08-29T12:38:02.853-0400] {logging_mixin.py:115} INFO - [2022-08-29T12:38:02.848-0400] {dag.py:2977} INFO - Setting next_dagrun for example_task_group_decorator to 2022-08-28T16:38:02.847883+00:00, run_after=2022-08-29T16:38:02.847883+00:00
[2022-08-29T12:38:02.913-0400] {processor.py:161} INFO - Processing /home/augenz/PycharmProjects/airflow/.env_airflow/lib/python3.9/site-packages/airflow/example_dags/example_task_group_decorator.py took 1.471 seconds
[2022-08-29T12:38:33.038-0400] {processor.py:153} INFO - Started process (PID=812) to work on /home/augenz/PycharmProjects/airflow/.env_airflow/lib/python3.9/site-packages/airflow/example_dags/example_task_group_decorator.py
[2022-08-29T12:38:33.051-0400] {processor.py:640} INFO - Processing file /home/augenz/PycharmProjects/airflow/.env_airflow/lib/python3.9/site-packages/airflow/example_dags/example_task_group_decorator.py for tasks to queue
[2022-08-29T12:38:33.052-0400] {logging_mixin.py:115} INFO - [2022-08-29T12:38:33.052-0400] {dagbag.py:508} INFO - Filling up the DagBag from /home/augenz/PycharmProjects/airflow/.env_airflow/lib/python3.9/site-packages/airflow/example_dags/example_task_group_decorator.py
[2022-08-29T12:38:33.094-0400] {processor.py:650} INFO - DAG(s) dict_keys(['example_task_group_decorator']) retrieved from /home/augenz/PycharmProjects/airflow/.env_airflow/lib/python3.9/site-packages/airflow/example_dags/example_task_group_decorator.py
[2022-08-29T12:38:34.111-0400] {logging_mixin.py:115} INFO - [2022-08-29T12:38:34.110-0400] {dag.py:2429} INFO - Sync 1 DAGs
[2022-08-29T12:38:34.138-0400] {logging_mixin.py:115} INFO - [2022-08-29T12:38:34.138-0400] {dag.py:2977} INFO - Setting next_dagrun for example_task_group_decorator to 2022-08-28T16:38:34.137980+00:00, run_after=2022-08-29T16:38:34.137980+00:00
[2022-08-29T12:38:34.175-0400] {processor.py:161} INFO - Processing /home/augenz/PycharmProjects/airflow/.env_airflow/lib/python3.9/site-packages/airflow/example_dags/example_task_group_decorator.py took 1.141 seconds
[2022-08-29T12:39:04.976-0400] {processor.py:153} INFO - Started process (PID=847) to work on /home/augenz/PycharmProjects/airflow/.env_airflow/lib/python3.9/site-packages/airflow/example_dags/example_task_group_decorator.py
[2022-08-29T12:39:04.978-0400] {processor.py:640} INFO - Processing file /home/augenz/PycharmProjects/airflow/.env_airflow/lib/python3.9/site-packages/airflow/example_dags/example_task_group_decorator.py for tasks to queue
[2022-08-29T12:39:04.979-0400] {logging_mixin.py:115} INFO - [2022-08-29T12:39:04.979-0400] {dagbag.py:508} INFO - Filling up the DagBag from /home/augenz/PycharmProjects/airflow/.env_airflow/lib/python3.9/site-packages/airflow/example_dags/example_task_group_decorator.py
[2022-08-29T12:39:05.033-0400] {processor.py:650} INFO - DAG(s) dict_keys(['example_task_group_decorator']) retrieved from /home/augenz/PycharmProjects/airflow/.env_airflow/lib/python3.9/site-packages/airflow/example_dags/example_task_group_decorator.py
[2022-08-29T12:39:05.593-0400] {logging_mixin.py:115} INFO - [2022-08-29T12:39:05.592-0400] {dag.py:2429} INFO - Sync 1 DAGs
[2022-08-29T12:39:05.621-0400] {logging_mixin.py:115} INFO - [2022-08-29T12:39:05.620-0400] {dag.py:2977} INFO - Setting next_dagrun for example_task_group_decorator to 2022-08-28T16:39:05.620586+00:00, run_after=2022-08-29T16:39:05.620586+00:00
[2022-08-29T12:39:05.655-0400] {processor.py:161} INFO - Processing /home/augenz/PycharmProjects/airflow/.env_airflow/lib/python3.9/site-packages/airflow/example_dags/example_task_group_decorator.py took 0.685 seconds
[2022-08-29T12:39:36.013-0400] {processor.py:153} INFO - Started process (PID=881) to work on /home/augenz/PycharmProjects/airflow/.env_airflow/lib/python3.9/site-packages/airflow/example_dags/example_task_group_decorator.py
[2022-08-29T12:39:36.014-0400] {processor.py:640} INFO - Processing file /home/augenz/PycharmProjects/airflow/.env_airflow/lib/python3.9/site-packages/airflow/example_dags/example_task_group_decorator.py for tasks to queue
[2022-08-29T12:39:36.015-0400] {logging_mixin.py:115} INFO - [2022-08-29T12:39:36.015-0400] {dagbag.py:508} INFO - Filling up the DagBag from /home/augenz/PycharmProjects/airflow/.env_airflow/lib/python3.9/site-packages/airflow/example_dags/example_task_group_decorator.py
[2022-08-29T12:39:36.058-0400] {processor.py:650} INFO - DAG(s) dict_keys(['example_task_group_decorator']) retrieved from /home/augenz/PycharmProjects/airflow/.env_airflow/lib/python3.9/site-packages/airflow/example_dags/example_task_group_decorator.py
[2022-08-29T12:39:36.523-0400] {logging_mixin.py:115} INFO - [2022-08-29T12:39:36.523-0400] {dag.py:2429} INFO - Sync 1 DAGs
[2022-08-29T12:39:36.550-0400] {logging_mixin.py:115} INFO - [2022-08-29T12:39:36.550-0400] {dag.py:2977} INFO - Setting next_dagrun for example_task_group_decorator to 2022-08-28T16:39:36.549827+00:00, run_after=2022-08-29T16:39:36.549827+00:00
[2022-08-29T12:39:36.585-0400] {processor.py:161} INFO - Processing /home/augenz/PycharmProjects/airflow/.env_airflow/lib/python3.9/site-packages/airflow/example_dags/example_task_group_decorator.py took 0.576 seconds
[2022-08-29T12:40:06.824-0400] {processor.py:153} INFO - Started process (PID=920) to work on /home/augenz/PycharmProjects/airflow/.env_airflow/lib/python3.9/site-packages/airflow/example_dags/example_task_group_decorator.py
[2022-08-29T12:40:06.825-0400] {processor.py:640} INFO - Processing file /home/augenz/PycharmProjects/airflow/.env_airflow/lib/python3.9/site-packages/airflow/example_dags/example_task_group_decorator.py for tasks to queue
[2022-08-29T12:40:06.827-0400] {logging_mixin.py:115} INFO - [2022-08-29T12:40:06.826-0400] {dagbag.py:508} INFO - Filling up the DagBag from /home/augenz/PycharmProjects/airflow/.env_airflow/lib/python3.9/site-packages/airflow/example_dags/example_task_group_decorator.py
[2022-08-29T12:40:06.881-0400] {processor.py:650} INFO - DAG(s) dict_keys(['example_task_group_decorator']) retrieved from /home/augenz/PycharmProjects/airflow/.env_airflow/lib/python3.9/site-packages/airflow/example_dags/example_task_group_decorator.py
[2022-08-29T12:40:07.545-0400] {logging_mixin.py:115} INFO - [2022-08-29T12:40:07.545-0400] {dag.py:2429} INFO - Sync 1 DAGs
[2022-08-29T12:40:07.570-0400] {logging_mixin.py:115} INFO - [2022-08-29T12:40:07.570-0400] {dag.py:2977} INFO - Setting next_dagrun for example_task_group_decorator to 2022-08-28T16:40:07.570388+00:00, run_after=2022-08-29T16:40:07.570388+00:00
[2022-08-29T12:40:07.624-0400] {processor.py:161} INFO - Processing /home/augenz/PycharmProjects/airflow/.env_airflow/lib/python3.9/site-packages/airflow/example_dags/example_task_group_decorator.py took 0.806 seconds
[2022-08-29T12:40:38.133-0400] {processor.py:153} INFO - Started process (PID=955) to work on /home/augenz/PycharmProjects/airflow/.env_airflow/lib/python3.9/site-packages/airflow/example_dags/example_task_group_decorator.py
[2022-08-29T12:40:38.139-0400] {processor.py:640} INFO - Processing file /home/augenz/PycharmProjects/airflow/.env_airflow/lib/python3.9/site-packages/airflow/example_dags/example_task_group_decorator.py for tasks to queue
[2022-08-29T12:40:38.141-0400] {logging_mixin.py:115} INFO - [2022-08-29T12:40:38.140-0400] {dagbag.py:508} INFO - Filling up the DagBag from /home/augenz/PycharmProjects/airflow/.env_airflow/lib/python3.9/site-packages/airflow/example_dags/example_task_group_decorator.py
[2022-08-29T12:40:38.197-0400] {processor.py:650} INFO - DAG(s) dict_keys(['example_task_group_decorator']) retrieved from /home/augenz/PycharmProjects/airflow/.env_airflow/lib/python3.9/site-packages/airflow/example_dags/example_task_group_decorator.py
[2022-08-29T12:40:38.792-0400] {logging_mixin.py:115} INFO - [2022-08-29T12:40:38.791-0400] {dag.py:2429} INFO - Sync 1 DAGs
[2022-08-29T12:40:38.820-0400] {logging_mixin.py:115} INFO - [2022-08-29T12:40:38.819-0400] {dag.py:2977} INFO - Setting next_dagrun for example_task_group_decorator to 2022-08-28T16:40:38.819508+00:00, run_after=2022-08-29T16:40:38.819508+00:00
[2022-08-29T12:40:38.853-0400] {processor.py:161} INFO - Processing /home/augenz/PycharmProjects/airflow/.env_airflow/lib/python3.9/site-packages/airflow/example_dags/example_task_group_decorator.py took 0.724 seconds
[2022-08-29T12:41:09.378-0400] {processor.py:153} INFO - Started process (PID=989) to work on /home/augenz/PycharmProjects/airflow/.env_airflow/lib/python3.9/site-packages/airflow/example_dags/example_task_group_decorator.py
[2022-08-29T12:41:09.383-0400] {processor.py:640} INFO - Processing file /home/augenz/PycharmProjects/airflow/.env_airflow/lib/python3.9/site-packages/airflow/example_dags/example_task_group_decorator.py for tasks to queue
[2022-08-29T12:41:09.385-0400] {logging_mixin.py:115} INFO - [2022-08-29T12:41:09.384-0400] {dagbag.py:508} INFO - Filling up the DagBag from /home/augenz/PycharmProjects/airflow/.env_airflow/lib/python3.9/site-packages/airflow/example_dags/example_task_group_decorator.py
[2022-08-29T12:41:09.441-0400] {processor.py:650} INFO - DAG(s) dict_keys(['example_task_group_decorator']) retrieved from /home/augenz/PycharmProjects/airflow/.env_airflow/lib/python3.9/site-packages/airflow/example_dags/example_task_group_decorator.py
[2022-08-29T12:41:09.891-0400] {logging_mixin.py:115} INFO - [2022-08-29T12:41:09.891-0400] {dag.py:2429} INFO - Sync 1 DAGs
[2022-08-29T12:41:09.918-0400] {logging_mixin.py:115} INFO - [2022-08-29T12:41:09.918-0400] {dag.py:2977} INFO - Setting next_dagrun for example_task_group_decorator to 2022-08-28T16:41:09.918232+00:00, run_after=2022-08-29T16:41:09.918232+00:00
[2022-08-29T12:41:09.967-0400] {processor.py:161} INFO - Processing /home/augenz/PycharmProjects/airflow/.env_airflow/lib/python3.9/site-packages/airflow/example_dags/example_task_group_decorator.py took 0.593 seconds
[2022-08-29T12:41:40.379-0400] {processor.py:153} INFO - Started process (PID=1033) to work on /home/augenz/PycharmProjects/airflow/.env_airflow/lib/python3.9/site-packages/airflow/example_dags/example_task_group_decorator.py
[2022-08-29T12:41:40.380-0400] {processor.py:640} INFO - Processing file /home/augenz/PycharmProjects/airflow/.env_airflow/lib/python3.9/site-packages/airflow/example_dags/example_task_group_decorator.py for tasks to queue
[2022-08-29T12:41:40.381-0400] {logging_mixin.py:115} INFO - [2022-08-29T12:41:40.381-0400] {dagbag.py:508} INFO - Filling up the DagBag from /home/augenz/PycharmProjects/airflow/.env_airflow/lib/python3.9/site-packages/airflow/example_dags/example_task_group_decorator.py
[2022-08-29T12:41:40.421-0400] {processor.py:650} INFO - DAG(s) dict_keys(['example_task_group_decorator']) retrieved from /home/augenz/PycharmProjects/airflow/.env_airflow/lib/python3.9/site-packages/airflow/example_dags/example_task_group_decorator.py
[2022-08-29T12:41:40.870-0400] {logging_mixin.py:115} INFO - [2022-08-29T12:41:40.870-0400] {dag.py:2429} INFO - Sync 1 DAGs
[2022-08-29T12:41:40.897-0400] {logging_mixin.py:115} INFO - [2022-08-29T12:41:40.897-0400] {dag.py:2977} INFO - Setting next_dagrun for example_task_group_decorator to 2022-08-28T16:41:40.897017+00:00, run_after=2022-08-29T16:41:40.897017+00:00
[2022-08-29T12:41:40.962-0400] {processor.py:161} INFO - Processing /home/augenz/PycharmProjects/airflow/.env_airflow/lib/python3.9/site-packages/airflow/example_dags/example_task_group_decorator.py took 0.589 seconds
[2022-08-29T12:42:11.617-0400] {processor.py:153} INFO - Started process (PID=1067) to work on /home/augenz/PycharmProjects/airflow/.env_airflow/lib/python3.9/site-packages/airflow/example_dags/example_task_group_decorator.py
[2022-08-29T12:42:11.618-0400] {processor.py:640} INFO - Processing file /home/augenz/PycharmProjects/airflow/.env_airflow/lib/python3.9/site-packages/airflow/example_dags/example_task_group_decorator.py for tasks to queue
[2022-08-29T12:42:11.619-0400] {logging_mixin.py:115} INFO - [2022-08-29T12:42:11.618-0400] {dagbag.py:508} INFO - Filling up the DagBag from /home/augenz/PycharmProjects/airflow/.env_airflow/lib/python3.9/site-packages/airflow/example_dags/example_task_group_decorator.py
[2022-08-29T12:42:11.659-0400] {processor.py:650} INFO - DAG(s) dict_keys(['example_task_group_decorator']) retrieved from /home/augenz/PycharmProjects/airflow/.env_airflow/lib/python3.9/site-packages/airflow/example_dags/example_task_group_decorator.py
[2022-08-29T12:42:12.315-0400] {logging_mixin.py:115} INFO - [2022-08-29T12:42:12.314-0400] {dag.py:2429} INFO - Sync 1 DAGs
[2022-08-29T12:42:12.340-0400] {logging_mixin.py:115} INFO - [2022-08-29T12:42:12.340-0400] {dag.py:2977} INFO - Setting next_dagrun for example_task_group_decorator to 2022-08-28T16:42:12.340161+00:00, run_after=2022-08-29T16:42:12.340161+00:00
[2022-08-29T12:42:12.392-0400] {processor.py:161} INFO - Processing /home/augenz/PycharmProjects/airflow/.env_airflow/lib/python3.9/site-packages/airflow/example_dags/example_task_group_decorator.py took 0.781 seconds
[2022-08-29T12:42:42.515-0400] {processor.py:153} INFO - Started process (PID=1101) to work on /home/augenz/PycharmProjects/airflow/.env_airflow/lib/python3.9/site-packages/airflow/example_dags/example_task_group_decorator.py
[2022-08-29T12:42:42.521-0400] {processor.py:640} INFO - Processing file /home/augenz/PycharmProjects/airflow/.env_airflow/lib/python3.9/site-packages/airflow/example_dags/example_task_group_decorator.py for tasks to queue
[2022-08-29T12:42:42.522-0400] {logging_mixin.py:115} INFO - [2022-08-29T12:42:42.521-0400] {dagbag.py:508} INFO - Filling up the DagBag from /home/augenz/PycharmProjects/airflow/.env_airflow/lib/python3.9/site-packages/airflow/example_dags/example_task_group_decorator.py
[2022-08-29T12:42:42.563-0400] {processor.py:650} INFO - DAG(s) dict_keys(['example_task_group_decorator']) retrieved from /home/augenz/PycharmProjects/airflow/.env_airflow/lib/python3.9/site-packages/airflow/example_dags/example_task_group_decorator.py
[2022-08-29T12:42:43.069-0400] {logging_mixin.py:115} INFO - [2022-08-29T12:42:43.068-0400] {dag.py:2429} INFO - Sync 1 DAGs
[2022-08-29T12:42:43.095-0400] {logging_mixin.py:115} INFO - [2022-08-29T12:42:43.095-0400] {dag.py:2977} INFO - Setting next_dagrun for example_task_group_decorator to 2022-08-28T16:42:43.095387+00:00, run_after=2022-08-29T16:42:43.095387+00:00
[2022-08-29T12:42:43.165-0400] {processor.py:161} INFO - Processing /home/augenz/PycharmProjects/airflow/.env_airflow/lib/python3.9/site-packages/airflow/example_dags/example_task_group_decorator.py took 0.655 seconds
[2022-08-29T12:43:13.323-0400] {processor.py:153} INFO - Started process (PID=1136) to work on /home/augenz/PycharmProjects/airflow/.env_airflow/lib/python3.9/site-packages/airflow/example_dags/example_task_group_decorator.py
[2022-08-29T12:43:13.325-0400] {processor.py:640} INFO - Processing file /home/augenz/PycharmProjects/airflow/.env_airflow/lib/python3.9/site-packages/airflow/example_dags/example_task_group_decorator.py for tasks to queue
[2022-08-29T12:43:13.326-0400] {logging_mixin.py:115} INFO - [2022-08-29T12:43:13.326-0400] {dagbag.py:508} INFO - Filling up the DagBag from /home/augenz/PycharmProjects/airflow/.env_airflow/lib/python3.9/site-packages/airflow/example_dags/example_task_group_decorator.py
[2022-08-29T12:43:13.379-0400] {processor.py:650} INFO - DAG(s) dict_keys(['example_task_group_decorator']) retrieved from /home/augenz/PycharmProjects/airflow/.env_airflow/lib/python3.9/site-packages/airflow/example_dags/example_task_group_decorator.py
[2022-08-29T12:43:13.923-0400] {logging_mixin.py:115} INFO - [2022-08-29T12:43:13.923-0400] {dag.py:2429} INFO - Sync 1 DAGs
[2022-08-29T12:43:13.950-0400] {logging_mixin.py:115} INFO - [2022-08-29T12:43:13.949-0400] {dag.py:2977} INFO - Setting next_dagrun for example_task_group_decorator to 2022-08-28T16:43:13.949692+00:00, run_after=2022-08-29T16:43:13.949692+00:00
[2022-08-29T12:43:14.001-0400] {processor.py:161} INFO - Processing /home/augenz/PycharmProjects/airflow/.env_airflow/lib/python3.9/site-packages/airflow/example_dags/example_task_group_decorator.py took 0.684 seconds
[2022-08-29T12:43:44.400-0400] {processor.py:153} INFO - Started process (PID=1170) to work on /home/augenz/PycharmProjects/airflow/.env_airflow/lib/python3.9/site-packages/airflow/example_dags/example_task_group_decorator.py
[2022-08-29T12:43:44.402-0400] {processor.py:640} INFO - Processing file /home/augenz/PycharmProjects/airflow/.env_airflow/lib/python3.9/site-packages/airflow/example_dags/example_task_group_decorator.py for tasks to queue
[2022-08-29T12:43:44.403-0400] {logging_mixin.py:115} INFO - [2022-08-29T12:43:44.403-0400] {dagbag.py:508} INFO - Filling up the DagBag from /home/augenz/PycharmProjects/airflow/.env_airflow/lib/python3.9/site-packages/airflow/example_dags/example_task_group_decorator.py
[2022-08-29T12:43:44.449-0400] {processor.py:650} INFO - DAG(s) dict_keys(['example_task_group_decorator']) retrieved from /home/augenz/PycharmProjects/airflow/.env_airflow/lib/python3.9/site-packages/airflow/example_dags/example_task_group_decorator.py
[2022-08-29T12:43:45.012-0400] {logging_mixin.py:115} INFO - [2022-08-29T12:43:45.011-0400] {dag.py:2429} INFO - Sync 1 DAGs
[2022-08-29T12:43:45.037-0400] {logging_mixin.py:115} INFO - [2022-08-29T12:43:45.037-0400] {dag.py:2977} INFO - Setting next_dagrun for example_task_group_decorator to 2022-08-28T16:43:45.036929+00:00, run_after=2022-08-29T16:43:45.036929+00:00
[2022-08-29T12:43:45.098-0400] {processor.py:161} INFO - Processing /home/augenz/PycharmProjects/airflow/.env_airflow/lib/python3.9/site-packages/airflow/example_dags/example_task_group_decorator.py took 0.708 seconds
[2022-08-29T12:44:15.251-0400] {processor.py:153} INFO - Started process (PID=1204) to work on /home/augenz/PycharmProjects/airflow/.env_airflow/lib/python3.9/site-packages/airflow/example_dags/example_task_group_decorator.py
[2022-08-29T12:44:15.253-0400] {processor.py:640} INFO - Processing file /home/augenz/PycharmProjects/airflow/.env_airflow/lib/python3.9/site-packages/airflow/example_dags/example_task_group_decorator.py for tasks to queue
[2022-08-29T12:44:15.254-0400] {logging_mixin.py:115} INFO - [2022-08-29T12:44:15.254-0400] {dagbag.py:508} INFO - Filling up the DagBag from /home/augenz/PycharmProjects/airflow/.env_airflow/lib/python3.9/site-packages/airflow/example_dags/example_task_group_decorator.py
[2022-08-29T12:44:15.307-0400] {processor.py:650} INFO - DAG(s) dict_keys(['example_task_group_decorator']) retrieved from /home/augenz/PycharmProjects/airflow/.env_airflow/lib/python3.9/site-packages/airflow/example_dags/example_task_group_decorator.py
[2022-08-29T12:44:15.914-0400] {logging_mixin.py:115} INFO - [2022-08-29T12:44:15.914-0400] {dag.py:2429} INFO - Sync 1 DAGs
[2022-08-29T12:44:15.941-0400] {logging_mixin.py:115} INFO - [2022-08-29T12:44:15.940-0400] {dag.py:2977} INFO - Setting next_dagrun for example_task_group_decorator to 2022-08-28T16:44:15.940652+00:00, run_after=2022-08-29T16:44:15.940652+00:00
[2022-08-29T12:44:16.002-0400] {processor.py:161} INFO - Processing /home/augenz/PycharmProjects/airflow/.env_airflow/lib/python3.9/site-packages/airflow/example_dags/example_task_group_decorator.py took 0.756 seconds
[2022-08-29T12:44:46.264-0400] {processor.py:153} INFO - Started process (PID=1252) to work on /home/augenz/PycharmProjects/airflow/.env_airflow/lib/python3.9/site-packages/airflow/example_dags/example_task_group_decorator.py
[2022-08-29T12:44:46.266-0400] {processor.py:640} INFO - Processing file /home/augenz/PycharmProjects/airflow/.env_airflow/lib/python3.9/site-packages/airflow/example_dags/example_task_group_decorator.py for tasks to queue
[2022-08-29T12:44:46.267-0400] {logging_mixin.py:115} INFO - [2022-08-29T12:44:46.267-0400] {dagbag.py:508} INFO - Filling up the DagBag from /home/augenz/PycharmProjects/airflow/.env_airflow/lib/python3.9/site-packages/airflow/example_dags/example_task_group_decorator.py
[2022-08-29T12:44:46.307-0400] {processor.py:650} INFO - DAG(s) dict_keys(['example_task_group_decorator']) retrieved from /home/augenz/PycharmProjects/airflow/.env_airflow/lib/python3.9/site-packages/airflow/example_dags/example_task_group_decorator.py
[2022-08-29T12:44:46.801-0400] {logging_mixin.py:115} INFO - [2022-08-29T12:44:46.801-0400] {dag.py:2429} INFO - Sync 1 DAGs
[2022-08-29T12:44:46.829-0400] {logging_mixin.py:115} INFO - [2022-08-29T12:44:46.829-0400] {dag.py:2977} INFO - Setting next_dagrun for example_task_group_decorator to 2022-08-28T16:44:46.829424+00:00, run_after=2022-08-29T16:44:46.829424+00:00
[2022-08-29T12:44:46.873-0400] {processor.py:161} INFO - Processing /home/augenz/PycharmProjects/airflow/.env_airflow/lib/python3.9/site-packages/airflow/example_dags/example_task_group_decorator.py took 0.616 seconds
[2022-08-29T12:45:16.975-0400] {processor.py:153} INFO - Started process (PID=1286) to work on /home/augenz/PycharmProjects/airflow/.env_airflow/lib/python3.9/site-packages/airflow/example_dags/example_task_group_decorator.py
[2022-08-29T12:45:16.982-0400] {processor.py:640} INFO - Processing file /home/augenz/PycharmProjects/airflow/.env_airflow/lib/python3.9/site-packages/airflow/example_dags/example_task_group_decorator.py for tasks to queue
[2022-08-29T12:45:16.983-0400] {logging_mixin.py:115} INFO - [2022-08-29T12:45:16.983-0400] {dagbag.py:508} INFO - Filling up the DagBag from /home/augenz/PycharmProjects/airflow/.env_airflow/lib/python3.9/site-packages/airflow/example_dags/example_task_group_decorator.py
[2022-08-29T12:45:17.024-0400] {processor.py:650} INFO - DAG(s) dict_keys(['example_task_group_decorator']) retrieved from /home/augenz/PycharmProjects/airflow/.env_airflow/lib/python3.9/site-packages/airflow/example_dags/example_task_group_decorator.py
[2022-08-29T12:45:17.543-0400] {logging_mixin.py:115} INFO - [2022-08-29T12:45:17.543-0400] {dag.py:2429} INFO - Sync 1 DAGs
[2022-08-29T12:45:17.571-0400] {logging_mixin.py:115} INFO - [2022-08-29T12:45:17.571-0400] {dag.py:2977} INFO - Setting next_dagrun for example_task_group_decorator to 2022-08-28T16:45:17.571157+00:00, run_after=2022-08-29T16:45:17.571157+00:00
[2022-08-29T12:45:17.620-0400] {processor.py:161} INFO - Processing /home/augenz/PycharmProjects/airflow/.env_airflow/lib/python3.9/site-packages/airflow/example_dags/example_task_group_decorator.py took 0.650 seconds
[2022-08-29T12:45:47.948-0400] {processor.py:153} INFO - Started process (PID=1321) to work on /home/augenz/PycharmProjects/airflow/.env_airflow/lib/python3.9/site-packages/airflow/example_dags/example_task_group_decorator.py
[2022-08-29T12:45:47.949-0400] {processor.py:640} INFO - Processing file /home/augenz/PycharmProjects/airflow/.env_airflow/lib/python3.9/site-packages/airflow/example_dags/example_task_group_decorator.py for tasks to queue
[2022-08-29T12:45:47.950-0400] {logging_mixin.py:115} INFO - [2022-08-29T12:45:47.950-0400] {dagbag.py:508} INFO - Filling up the DagBag from /home/augenz/PycharmProjects/airflow/.env_airflow/lib/python3.9/site-packages/airflow/example_dags/example_task_group_decorator.py
[2022-08-29T12:45:47.995-0400] {processor.py:650} INFO - DAG(s) dict_keys(['example_task_group_decorator']) retrieved from /home/augenz/PycharmProjects/airflow/.env_airflow/lib/python3.9/site-packages/airflow/example_dags/example_task_group_decorator.py
[2022-08-29T12:45:48.602-0400] {logging_mixin.py:115} INFO - [2022-08-29T12:45:48.602-0400] {dag.py:2429} INFO - Sync 1 DAGs
[2022-08-29T12:45:48.629-0400] {logging_mixin.py:115} INFO - [2022-08-29T12:45:48.628-0400] {dag.py:2977} INFO - Setting next_dagrun for example_task_group_decorator to 2022-08-28T16:45:48.628714+00:00, run_after=2022-08-29T16:45:48.628714+00:00
[2022-08-29T12:45:48.674-0400] {processor.py:161} INFO - Processing /home/augenz/PycharmProjects/airflow/.env_airflow/lib/python3.9/site-packages/airflow/example_dags/example_task_group_decorator.py took 0.731 seconds
[2022-08-29T12:46:19.144-0400] {processor.py:153} INFO - Started process (PID=1355) to work on /home/augenz/PycharmProjects/airflow/.env_airflow/lib/python3.9/site-packages/airflow/example_dags/example_task_group_decorator.py
[2022-08-29T12:46:19.145-0400] {processor.py:640} INFO - Processing file /home/augenz/PycharmProjects/airflow/.env_airflow/lib/python3.9/site-packages/airflow/example_dags/example_task_group_decorator.py for tasks to queue
[2022-08-29T12:46:19.146-0400] {logging_mixin.py:115} INFO - [2022-08-29T12:46:19.146-0400] {dagbag.py:508} INFO - Filling up the DagBag from /home/augenz/PycharmProjects/airflow/.env_airflow/lib/python3.9/site-packages/airflow/example_dags/example_task_group_decorator.py
[2022-08-29T12:46:19.185-0400] {processor.py:650} INFO - DAG(s) dict_keys(['example_task_group_decorator']) retrieved from /home/augenz/PycharmProjects/airflow/.env_airflow/lib/python3.9/site-packages/airflow/example_dags/example_task_group_decorator.py
[2022-08-29T12:46:19.645-0400] {logging_mixin.py:115} INFO - [2022-08-29T12:46:19.644-0400] {dag.py:2429} INFO - Sync 1 DAGs
[2022-08-29T12:46:19.671-0400] {logging_mixin.py:115} INFO - [2022-08-29T12:46:19.671-0400] {dag.py:2977} INFO - Setting next_dagrun for example_task_group_decorator to 2022-08-28T16:46:19.670912+00:00, run_after=2022-08-29T16:46:19.670912+00:00
[2022-08-29T12:46:19.721-0400] {processor.py:161} INFO - Processing /home/augenz/PycharmProjects/airflow/.env_airflow/lib/python3.9/site-packages/airflow/example_dags/example_task_group_decorator.py took 0.583 seconds
[2022-08-29T12:46:50.100-0400] {processor.py:153} INFO - Started process (PID=1390) to work on /home/augenz/PycharmProjects/airflow/.env_airflow/lib/python3.9/site-packages/airflow/example_dags/example_task_group_decorator.py
[2022-08-29T12:46:50.107-0400] {processor.py:640} INFO - Processing file /home/augenz/PycharmProjects/airflow/.env_airflow/lib/python3.9/site-packages/airflow/example_dags/example_task_group_decorator.py for tasks to queue
[2022-08-29T12:46:50.108-0400] {logging_mixin.py:115} INFO - [2022-08-29T12:46:50.108-0400] {dagbag.py:508} INFO - Filling up the DagBag from /home/augenz/PycharmProjects/airflow/.env_airflow/lib/python3.9/site-packages/airflow/example_dags/example_task_group_decorator.py
[2022-08-29T12:46:50.163-0400] {processor.py:650} INFO - DAG(s) dict_keys(['example_task_group_decorator']) retrieved from /home/augenz/PycharmProjects/airflow/.env_airflow/lib/python3.9/site-packages/airflow/example_dags/example_task_group_decorator.py
[2022-08-29T12:46:50.682-0400] {logging_mixin.py:115} INFO - [2022-08-29T12:46:50.681-0400] {dag.py:2429} INFO - Sync 1 DAGs
[2022-08-29T12:46:50.713-0400] {logging_mixin.py:115} INFO - [2022-08-29T12:46:50.713-0400] {dag.py:2977} INFO - Setting next_dagrun for example_task_group_decorator to 2022-08-28T16:46:50.712901+00:00, run_after=2022-08-29T16:46:50.712901+00:00
[2022-08-29T12:46:50.751-0400] {processor.py:161} INFO - Processing /home/augenz/PycharmProjects/airflow/.env_airflow/lib/python3.9/site-packages/airflow/example_dags/example_task_group_decorator.py took 0.656 seconds
[2022-08-29T12:47:20.944-0400] {processor.py:153} INFO - Started process (PID=1424) to work on /home/augenz/PycharmProjects/airflow/.env_airflow/lib/python3.9/site-packages/airflow/example_dags/example_task_group_decorator.py
[2022-08-29T12:47:20.945-0400] {processor.py:640} INFO - Processing file /home/augenz/PycharmProjects/airflow/.env_airflow/lib/python3.9/site-packages/airflow/example_dags/example_task_group_decorator.py for tasks to queue
[2022-08-29T12:47:20.946-0400] {logging_mixin.py:115} INFO - [2022-08-29T12:47:20.946-0400] {dagbag.py:508} INFO - Filling up the DagBag from /home/augenz/PycharmProjects/airflow/.env_airflow/lib/python3.9/site-packages/airflow/example_dags/example_task_group_decorator.py
[2022-08-29T12:47:21.001-0400] {processor.py:650} INFO - DAG(s) dict_keys(['example_task_group_decorator']) retrieved from /home/augenz/PycharmProjects/airflow/.env_airflow/lib/python3.9/site-packages/airflow/example_dags/example_task_group_decorator.py
[2022-08-29T12:47:21.618-0400] {logging_mixin.py:115} INFO - [2022-08-29T12:47:21.618-0400] {dag.py:2429} INFO - Sync 1 DAGs
[2022-08-29T12:47:21.644-0400] {logging_mixin.py:115} INFO - [2022-08-29T12:47:21.644-0400] {dag.py:2977} INFO - Setting next_dagrun for example_task_group_decorator to 2022-08-28T16:47:21.643994+00:00, run_after=2022-08-29T16:47:21.643994+00:00
[2022-08-29T12:47:21.681-0400] {processor.py:161} INFO - Processing /home/augenz/PycharmProjects/airflow/.env_airflow/lib/python3.9/site-packages/airflow/example_dags/example_task_group_decorator.py took 0.743 seconds
[2022-08-29T12:47:52.251-0400] {processor.py:153} INFO - Started process (PID=1466) to work on /home/augenz/PycharmProjects/airflow/.env_airflow/lib/python3.9/site-packages/airflow/example_dags/example_task_group_decorator.py
[2022-08-29T12:47:52.252-0400] {processor.py:640} INFO - Processing file /home/augenz/PycharmProjects/airflow/.env_airflow/lib/python3.9/site-packages/airflow/example_dags/example_task_group_decorator.py for tasks to queue
[2022-08-29T12:47:52.253-0400] {logging_mixin.py:115} INFO - [2022-08-29T12:47:52.253-0400] {dagbag.py:508} INFO - Filling up the DagBag from /home/augenz/PycharmProjects/airflow/.env_airflow/lib/python3.9/site-packages/airflow/example_dags/example_task_group_decorator.py
[2022-08-29T12:47:52.292-0400] {processor.py:650} INFO - DAG(s) dict_keys(['example_task_group_decorator']) retrieved from /home/augenz/PycharmProjects/airflow/.env_airflow/lib/python3.9/site-packages/airflow/example_dags/example_task_group_decorator.py
[2022-08-29T12:47:52.747-0400] {logging_mixin.py:115} INFO - [2022-08-29T12:47:52.746-0400] {dag.py:2429} INFO - Sync 1 DAGs
[2022-08-29T12:47:52.777-0400] {logging_mixin.py:115} INFO - [2022-08-29T12:47:52.777-0400] {dag.py:2977} INFO - Setting next_dagrun for example_task_group_decorator to 2022-08-28T16:47:52.777185+00:00, run_after=2022-08-29T16:47:52.777185+00:00
[2022-08-29T12:47:52.820-0400] {processor.py:161} INFO - Processing /home/augenz/PycharmProjects/airflow/.env_airflow/lib/python3.9/site-packages/airflow/example_dags/example_task_group_decorator.py took 0.574 seconds
[2022-08-29T12:48:22.848-0400] {processor.py:153} INFO - Started process (PID=1500) to work on /home/augenz/PycharmProjects/airflow/.env_airflow/lib/python3.9/site-packages/airflow/example_dags/example_task_group_decorator.py
[2022-08-29T12:48:22.855-0400] {processor.py:640} INFO - Processing file /home/augenz/PycharmProjects/airflow/.env_airflow/lib/python3.9/site-packages/airflow/example_dags/example_task_group_decorator.py for tasks to queue
[2022-08-29T12:48:22.856-0400] {logging_mixin.py:115} INFO - [2022-08-29T12:48:22.856-0400] {dagbag.py:508} INFO - Filling up the DagBag from /home/augenz/PycharmProjects/airflow/.env_airflow/lib/python3.9/site-packages/airflow/example_dags/example_task_group_decorator.py
[2022-08-29T12:48:22.893-0400] {processor.py:650} INFO - DAG(s) dict_keys(['example_task_group_decorator']) retrieved from /home/augenz/PycharmProjects/airflow/.env_airflow/lib/python3.9/site-packages/airflow/example_dags/example_task_group_decorator.py
[2022-08-29T12:48:23.397-0400] {logging_mixin.py:115} INFO - [2022-08-29T12:48:23.396-0400] {dag.py:2429} INFO - Sync 1 DAGs
[2022-08-29T12:48:23.425-0400] {logging_mixin.py:115} INFO - [2022-08-29T12:48:23.425-0400] {dag.py:2977} INFO - Setting next_dagrun for example_task_group_decorator to 2022-08-28T16:48:23.424929+00:00, run_after=2022-08-29T16:48:23.424929+00:00
[2022-08-29T12:48:23.475-0400] {processor.py:161} INFO - Processing /home/augenz/PycharmProjects/airflow/.env_airflow/lib/python3.9/site-packages/airflow/example_dags/example_task_group_decorator.py took 0.631 seconds
[2022-08-29T12:48:54.083-0400] {processor.py:153} INFO - Started process (PID=1535) to work on /home/augenz/PycharmProjects/airflow/.env_airflow/lib/python3.9/site-packages/airflow/example_dags/example_task_group_decorator.py
[2022-08-29T12:48:54.084-0400] {processor.py:640} INFO - Processing file /home/augenz/PycharmProjects/airflow/.env_airflow/lib/python3.9/site-packages/airflow/example_dags/example_task_group_decorator.py for tasks to queue
[2022-08-29T12:48:54.085-0400] {logging_mixin.py:115} INFO - [2022-08-29T12:48:54.085-0400] {dagbag.py:508} INFO - Filling up the DagBag from /home/augenz/PycharmProjects/airflow/.env_airflow/lib/python3.9/site-packages/airflow/example_dags/example_task_group_decorator.py
[2022-08-29T12:48:54.122-0400] {processor.py:650} INFO - DAG(s) dict_keys(['example_task_group_decorator']) retrieved from /home/augenz/PycharmProjects/airflow/.env_airflow/lib/python3.9/site-packages/airflow/example_dags/example_task_group_decorator.py
[2022-08-29T12:48:54.626-0400] {logging_mixin.py:115} INFO - [2022-08-29T12:48:54.625-0400] {dag.py:2429} INFO - Sync 1 DAGs
[2022-08-29T12:48:54.652-0400] {logging_mixin.py:115} INFO - [2022-08-29T12:48:54.651-0400] {dag.py:2977} INFO - Setting next_dagrun for example_task_group_decorator to 2022-08-28T16:48:54.651468+00:00, run_after=2022-08-29T16:48:54.651468+00:00
[2022-08-29T12:48:54.723-0400] {processor.py:161} INFO - Processing /home/augenz/PycharmProjects/airflow/.env_airflow/lib/python3.9/site-packages/airflow/example_dags/example_task_group_decorator.py took 0.645 seconds
[2022-08-29T12:49:25.961-0400] {processor.py:153} INFO - Started process (PID=1578) to work on /home/augenz/PycharmProjects/airflow/.env_airflow/lib/python3.9/site-packages/airflow/example_dags/example_task_group_decorator.py
[2022-08-29T12:49:25.977-0400] {processor.py:640} INFO - Processing file /home/augenz/PycharmProjects/airflow/.env_airflow/lib/python3.9/site-packages/airflow/example_dags/example_task_group_decorator.py for tasks to queue
[2022-08-29T12:49:25.979-0400] {logging_mixin.py:115} INFO - [2022-08-29T12:49:25.978-0400] {dagbag.py:508} INFO - Filling up the DagBag from /home/augenz/PycharmProjects/airflow/.env_airflow/lib/python3.9/site-packages/airflow/example_dags/example_task_group_decorator.py
[2022-08-29T12:49:26.063-0400] {processor.py:650} INFO - DAG(s) dict_keys(['example_task_group_decorator']) retrieved from /home/augenz/PycharmProjects/airflow/.env_airflow/lib/python3.9/site-packages/airflow/example_dags/example_task_group_decorator.py
[2022-08-29T12:49:27.031-0400] {logging_mixin.py:115} INFO - [2022-08-29T12:49:27.031-0400] {dag.py:2429} INFO - Sync 1 DAGs
[2022-08-29T12:49:27.069-0400] {logging_mixin.py:115} INFO - [2022-08-29T12:49:27.068-0400] {dag.py:2977} INFO - Setting next_dagrun for example_task_group_decorator to 2022-08-28T16:49:27.068564+00:00, run_after=2022-08-29T16:49:27.068564+00:00
[2022-08-29T12:49:27.119-0400] {processor.py:161} INFO - Processing /home/augenz/PycharmProjects/airflow/.env_airflow/lib/python3.9/site-packages/airflow/example_dags/example_task_group_decorator.py took 1.165 seconds
[2022-08-29T12:49:57.624-0400] {processor.py:153} INFO - Started process (PID=1613) to work on /home/augenz/PycharmProjects/airflow/.env_airflow/lib/python3.9/site-packages/airflow/example_dags/example_task_group_decorator.py
[2022-08-29T12:49:57.628-0400] {processor.py:640} INFO - Processing file /home/augenz/PycharmProjects/airflow/.env_airflow/lib/python3.9/site-packages/airflow/example_dags/example_task_group_decorator.py for tasks to queue
[2022-08-29T12:49:57.631-0400] {logging_mixin.py:115} INFO - [2022-08-29T12:49:57.630-0400] {dagbag.py:508} INFO - Filling up the DagBag from /home/augenz/PycharmProjects/airflow/.env_airflow/lib/python3.9/site-packages/airflow/example_dags/example_task_group_decorator.py
[2022-08-29T12:49:57.671-0400] {processor.py:650} INFO - DAG(s) dict_keys(['example_task_group_decorator']) retrieved from /home/augenz/PycharmProjects/airflow/.env_airflow/lib/python3.9/site-packages/airflow/example_dags/example_task_group_decorator.py
[2022-08-29T12:49:58.143-0400] {logging_mixin.py:115} INFO - [2022-08-29T12:49:58.142-0400] {dag.py:2429} INFO - Sync 1 DAGs
[2022-08-29T12:49:58.168-0400] {logging_mixin.py:115} INFO - [2022-08-29T12:49:58.168-0400] {dag.py:2977} INFO - Setting next_dagrun for example_task_group_decorator to 2022-08-28T16:49:58.168387+00:00, run_after=2022-08-29T16:49:58.168387+00:00
[2022-08-29T12:49:58.223-0400] {processor.py:161} INFO - Processing /home/augenz/PycharmProjects/airflow/.env_airflow/lib/python3.9/site-packages/airflow/example_dags/example_task_group_decorator.py took 0.604 seconds
[2022-08-29T12:50:28.646-0400] {processor.py:153} INFO - Started process (PID=1652) to work on /home/augenz/PycharmProjects/airflow/.env_airflow/lib/python3.9/site-packages/airflow/example_dags/example_task_group_decorator.py
[2022-08-29T12:50:28.650-0400] {processor.py:640} INFO - Processing file /home/augenz/PycharmProjects/airflow/.env_airflow/lib/python3.9/site-packages/airflow/example_dags/example_task_group_decorator.py for tasks to queue
[2022-08-29T12:50:28.651-0400] {logging_mixin.py:115} INFO - [2022-08-29T12:50:28.651-0400] {dagbag.py:508} INFO - Filling up the DagBag from /home/augenz/PycharmProjects/airflow/.env_airflow/lib/python3.9/site-packages/airflow/example_dags/example_task_group_decorator.py
[2022-08-29T12:50:28.692-0400] {processor.py:650} INFO - DAG(s) dict_keys(['example_task_group_decorator']) retrieved from /home/augenz/PycharmProjects/airflow/.env_airflow/lib/python3.9/site-packages/airflow/example_dags/example_task_group_decorator.py
[2022-08-29T12:50:29.315-0400] {logging_mixin.py:115} INFO - [2022-08-29T12:50:29.314-0400] {dag.py:2429} INFO - Sync 1 DAGs
[2022-08-29T12:50:29.341-0400] {logging_mixin.py:115} INFO - [2022-08-29T12:50:29.341-0400] {dag.py:2977} INFO - Setting next_dagrun for example_task_group_decorator to 2022-08-28T16:50:29.341416+00:00, run_after=2022-08-29T16:50:29.341416+00:00
[2022-08-29T12:50:29.387-0400] {processor.py:161} INFO - Processing /home/augenz/PycharmProjects/airflow/.env_airflow/lib/python3.9/site-packages/airflow/example_dags/example_task_group_decorator.py took 0.749 seconds
[2022-08-29T12:51:00.358-0400] {processor.py:153} INFO - Started process (PID=1686) to work on /home/augenz/PycharmProjects/airflow/.env_airflow/lib/python3.9/site-packages/airflow/example_dags/example_task_group_decorator.py
[2022-08-29T12:51:00.360-0400] {processor.py:640} INFO - Processing file /home/augenz/PycharmProjects/airflow/.env_airflow/lib/python3.9/site-packages/airflow/example_dags/example_task_group_decorator.py for tasks to queue
[2022-08-29T12:51:00.360-0400] {logging_mixin.py:115} INFO - [2022-08-29T12:51:00.360-0400] {dagbag.py:508} INFO - Filling up the DagBag from /home/augenz/PycharmProjects/airflow/.env_airflow/lib/python3.9/site-packages/airflow/example_dags/example_task_group_decorator.py
[2022-08-29T12:51:00.407-0400] {processor.py:650} INFO - DAG(s) dict_keys(['example_task_group_decorator']) retrieved from /home/augenz/PycharmProjects/airflow/.env_airflow/lib/python3.9/site-packages/airflow/example_dags/example_task_group_decorator.py
[2022-08-29T12:51:00.877-0400] {logging_mixin.py:115} INFO - [2022-08-29T12:51:00.876-0400] {dag.py:2429} INFO - Sync 1 DAGs
[2022-08-29T12:51:00.930-0400] {logging_mixin.py:115} INFO - [2022-08-29T12:51:00.929-0400] {dag.py:2977} INFO - Setting next_dagrun for example_task_group_decorator to 2022-08-28T16:51:00.929036+00:00, run_after=2022-08-29T16:51:00.929036+00:00
[2022-08-29T12:51:00.979-0400] {processor.py:161} INFO - Processing /home/augenz/PycharmProjects/airflow/.env_airflow/lib/python3.9/site-packages/airflow/example_dags/example_task_group_decorator.py took 0.625 seconds
[2022-08-29T12:51:32.020-0400] {processor.py:153} INFO - Started process (PID=1724) to work on /home/augenz/PycharmProjects/airflow/.env_airflow/lib/python3.9/site-packages/airflow/example_dags/example_task_group_decorator.py
[2022-08-29T12:51:32.021-0400] {processor.py:640} INFO - Processing file /home/augenz/PycharmProjects/airflow/.env_airflow/lib/python3.9/site-packages/airflow/example_dags/example_task_group_decorator.py for tasks to queue
[2022-08-29T12:51:32.023-0400] {logging_mixin.py:115} INFO - [2022-08-29T12:51:32.023-0400] {dagbag.py:508} INFO - Filling up the DagBag from /home/augenz/PycharmProjects/airflow/.env_airflow/lib/python3.9/site-packages/airflow/example_dags/example_task_group_decorator.py
[2022-08-29T12:51:32.091-0400] {processor.py:650} INFO - DAG(s) dict_keys(['example_task_group_decorator']) retrieved from /home/augenz/PycharmProjects/airflow/.env_airflow/lib/python3.9/site-packages/airflow/example_dags/example_task_group_decorator.py
[2022-08-29T12:51:32.779-0400] {logging_mixin.py:115} INFO - [2022-08-29T12:51:32.778-0400] {dag.py:2429} INFO - Sync 1 DAGs
[2022-08-29T12:51:32.807-0400] {logging_mixin.py:115} INFO - [2022-08-29T12:51:32.806-0400] {dag.py:2977} INFO - Setting next_dagrun for example_task_group_decorator to 2022-08-28T16:51:32.806489+00:00, run_after=2022-08-29T16:51:32.806489+00:00
[2022-08-29T12:51:32.865-0400] {processor.py:161} INFO - Processing /home/augenz/PycharmProjects/airflow/.env_airflow/lib/python3.9/site-packages/airflow/example_dags/example_task_group_decorator.py took 0.853 seconds
[2022-08-29T12:52:03.741-0400] {processor.py:153} INFO - Started process (PID=1759) to work on /home/augenz/PycharmProjects/airflow/.env_airflow/lib/python3.9/site-packages/airflow/example_dags/example_task_group_decorator.py
[2022-08-29T12:52:03.742-0400] {processor.py:640} INFO - Processing file /home/augenz/PycharmProjects/airflow/.env_airflow/lib/python3.9/site-packages/airflow/example_dags/example_task_group_decorator.py for tasks to queue
[2022-08-29T12:52:03.743-0400] {logging_mixin.py:115} INFO - [2022-08-29T12:52:03.743-0400] {dagbag.py:508} INFO - Filling up the DagBag from /home/augenz/PycharmProjects/airflow/.env_airflow/lib/python3.9/site-packages/airflow/example_dags/example_task_group_decorator.py
[2022-08-29T12:52:03.781-0400] {processor.py:650} INFO - DAG(s) dict_keys(['example_task_group_decorator']) retrieved from /home/augenz/PycharmProjects/airflow/.env_airflow/lib/python3.9/site-packages/airflow/example_dags/example_task_group_decorator.py
[2022-08-29T12:52:04.246-0400] {logging_mixin.py:115} INFO - [2022-08-29T12:52:04.246-0400] {dag.py:2429} INFO - Sync 1 DAGs
[2022-08-29T12:52:04.275-0400] {logging_mixin.py:115} INFO - [2022-08-29T12:52:04.275-0400] {dag.py:2977} INFO - Setting next_dagrun for example_task_group_decorator to 2022-08-28T16:52:04.274814+00:00, run_after=2022-08-29T16:52:04.274814+00:00
[2022-08-29T12:52:04.319-0400] {processor.py:161} INFO - Processing /home/augenz/PycharmProjects/airflow/.env_airflow/lib/python3.9/site-packages/airflow/example_dags/example_task_group_decorator.py took 0.582 seconds
[2022-08-29T12:52:34.779-0400] {processor.py:153} INFO - Started process (PID=1793) to work on /home/augenz/PycharmProjects/airflow/.env_airflow/lib/python3.9/site-packages/airflow/example_dags/example_task_group_decorator.py
[2022-08-29T12:52:34.781-0400] {processor.py:640} INFO - Processing file /home/augenz/PycharmProjects/airflow/.env_airflow/lib/python3.9/site-packages/airflow/example_dags/example_task_group_decorator.py for tasks to queue
[2022-08-29T12:52:34.782-0400] {logging_mixin.py:115} INFO - [2022-08-29T12:52:34.782-0400] {dagbag.py:508} INFO - Filling up the DagBag from /home/augenz/PycharmProjects/airflow/.env_airflow/lib/python3.9/site-packages/airflow/example_dags/example_task_group_decorator.py
[2022-08-29T12:52:34.822-0400] {processor.py:650} INFO - DAG(s) dict_keys(['example_task_group_decorator']) retrieved from /home/augenz/PycharmProjects/airflow/.env_airflow/lib/python3.9/site-packages/airflow/example_dags/example_task_group_decorator.py
[2022-08-29T12:52:35.285-0400] {logging_mixin.py:115} INFO - [2022-08-29T12:52:35.285-0400] {dag.py:2429} INFO - Sync 1 DAGs
[2022-08-29T12:52:35.311-0400] {logging_mixin.py:115} INFO - [2022-08-29T12:52:35.310-0400] {dag.py:2977} INFO - Setting next_dagrun for example_task_group_decorator to 2022-08-28T16:52:35.310669+00:00, run_after=2022-08-29T16:52:35.310669+00:00
[2022-08-29T12:52:35.357-0400] {processor.py:161} INFO - Processing /home/augenz/PycharmProjects/airflow/.env_airflow/lib/python3.9/site-packages/airflow/example_dags/example_task_group_decorator.py took 0.584 seconds
[2022-08-29T12:53:05.797-0400] {processor.py:153} INFO - Started process (PID=1830) to work on /home/augenz/PycharmProjects/airflow/.env_airflow/lib/python3.9/site-packages/airflow/example_dags/example_task_group_decorator.py
[2022-08-29T12:53:05.800-0400] {processor.py:640} INFO - Processing file /home/augenz/PycharmProjects/airflow/.env_airflow/lib/python3.9/site-packages/airflow/example_dags/example_task_group_decorator.py for tasks to queue
[2022-08-29T12:53:05.801-0400] {logging_mixin.py:115} INFO - [2022-08-29T12:53:05.801-0400] {dagbag.py:508} INFO - Filling up the DagBag from /home/augenz/PycharmProjects/airflow/.env_airflow/lib/python3.9/site-packages/airflow/example_dags/example_task_group_decorator.py
[2022-08-29T12:53:05.840-0400] {processor.py:650} INFO - DAG(s) dict_keys(['example_task_group_decorator']) retrieved from /home/augenz/PycharmProjects/airflow/.env_airflow/lib/python3.9/site-packages/airflow/example_dags/example_task_group_decorator.py
[2022-08-29T12:53:06.306-0400] {logging_mixin.py:115} INFO - [2022-08-29T12:53:06.305-0400] {dag.py:2429} INFO - Sync 1 DAGs
[2022-08-29T12:53:06.332-0400] {logging_mixin.py:115} INFO - [2022-08-29T12:53:06.332-0400] {dag.py:2977} INFO - Setting next_dagrun for example_task_group_decorator to 2022-08-28T16:53:06.332225+00:00, run_after=2022-08-29T16:53:06.332225+00:00
[2022-08-29T12:53:06.379-0400] {processor.py:161} INFO - Processing /home/augenz/PycharmProjects/airflow/.env_airflow/lib/python3.9/site-packages/airflow/example_dags/example_task_group_decorator.py took 0.586 seconds
[2022-08-29T12:53:36.595-0400] {processor.py:153} INFO - Started process (PID=1864) to work on /home/augenz/PycharmProjects/airflow/.env_airflow/lib/python3.9/site-packages/airflow/example_dags/example_task_group_decorator.py
[2022-08-29T12:53:36.598-0400] {processor.py:640} INFO - Processing file /home/augenz/PycharmProjects/airflow/.env_airflow/lib/python3.9/site-packages/airflow/example_dags/example_task_group_decorator.py for tasks to queue
[2022-08-29T12:53:36.599-0400] {logging_mixin.py:115} INFO - [2022-08-29T12:53:36.599-0400] {dagbag.py:508} INFO - Filling up the DagBag from /home/augenz/PycharmProjects/airflow/.env_airflow/lib/python3.9/site-packages/airflow/example_dags/example_task_group_decorator.py
[2022-08-29T12:53:36.637-0400] {processor.py:650} INFO - DAG(s) dict_keys(['example_task_group_decorator']) retrieved from /home/augenz/PycharmProjects/airflow/.env_airflow/lib/python3.9/site-packages/airflow/example_dags/example_task_group_decorator.py
[2022-08-29T12:53:37.183-0400] {logging_mixin.py:115} INFO - [2022-08-29T12:53:37.182-0400] {dag.py:2429} INFO - Sync 1 DAGs
[2022-08-29T12:53:37.210-0400] {logging_mixin.py:115} INFO - [2022-08-29T12:53:37.209-0400] {dag.py:2977} INFO - Setting next_dagrun for example_task_group_decorator to 2022-08-28T16:53:37.209503+00:00, run_after=2022-08-29T16:53:37.209503+00:00
[2022-08-29T12:53:37.259-0400] {processor.py:161} INFO - Processing /home/augenz/PycharmProjects/airflow/.env_airflow/lib/python3.9/site-packages/airflow/example_dags/example_task_group_decorator.py took 0.669 seconds
