[2022-08-29T12:33:18.848-0400] {processor.py:153} INFO - Started process (PID=393) to work on /home/augenz/PycharmProjects/airflow/.env_airflow/lib/python3.9/site-packages/airflow/example_dags/example_branch_datetime_operator.py
[2022-08-29T12:33:18.849-0400] {processor.py:640} INFO - Processing file /home/augenz/PycharmProjects/airflow/.env_airflow/lib/python3.9/site-packages/airflow/example_dags/example_branch_datetime_operator.py for tasks to queue
[2022-08-29T12:33:18.850-0400] {logging_mixin.py:115} INFO - [2022-08-29T12:33:18.850-0400] {dagbag.py:508} INFO - Filling up the DagBag from /home/augenz/PycharmProjects/airflow/.env_airflow/lib/python3.9/site-packages/airflow/example_dags/example_branch_datetime_operator.py
[2022-08-29T12:33:18.880-0400] {processor.py:650} INFO - DAG(s) dict_keys(['example_branch_datetime_operator', 'example_branch_datetime_operator_2']) retrieved from /home/augenz/PycharmProjects/airflow/.env_airflow/lib/python3.9/site-packages/airflow/example_dags/example_branch_datetime_operator.py
[2022-08-29T12:33:19.032-0400] {logging_mixin.py:115} INFO - [2022-08-29T12:33:19.032-0400] {manager.py:508} INFO - Created Permission View: can delete on DAG:example_branch_datetime_operator
[2022-08-29T12:33:19.081-0400] {logging_mixin.py:115} INFO - [2022-08-29T12:33:19.081-0400] {manager.py:508} INFO - Created Permission View: can read on DAG:example_branch_datetime_operator
[2022-08-29T12:33:19.115-0400] {logging_mixin.py:115} INFO - [2022-08-29T12:33:19.114-0400] {manager.py:508} INFO - Created Permission View: can edit on DAG:example_branch_datetime_operator
[2022-08-29T12:33:19.181-0400] {logging_mixin.py:115} INFO - [2022-08-29T12:33:19.181-0400] {manager.py:508} INFO - Created Permission View: can delete on DAG:example_branch_datetime_operator_2
[2022-08-29T12:33:19.215-0400] {logging_mixin.py:115} INFO - [2022-08-29T12:33:19.214-0400] {manager.py:508} INFO - Created Permission View: can read on DAG:example_branch_datetime_operator_2
[2022-08-29T12:33:19.249-0400] {logging_mixin.py:115} INFO - [2022-08-29T12:33:19.248-0400] {manager.py:508} INFO - Created Permission View: can edit on DAG:example_branch_datetime_operator_2
[2022-08-29T12:33:19.250-0400] {logging_mixin.py:115} INFO - [2022-08-29T12:33:19.250-0400] {dag.py:2429} INFO - Sync 2 DAGs
[2022-08-29T12:33:19.273-0400] {logging_mixin.py:115} INFO - [2022-08-29T12:33:19.273-0400] {dag.py:2448} INFO - Creating ORM DAG for example_branch_datetime_operator_2
[2022-08-29T12:33:19.275-0400] {logging_mixin.py:115} INFO - [2022-08-29T12:33:19.274-0400] {dag.py:2448} INFO - Creating ORM DAG for example_branch_datetime_operator
[2022-08-29T12:33:19.306-0400] {logging_mixin.py:115} INFO - [2022-08-29T12:33:19.306-0400] {dag.py:2977} INFO - Setting next_dagrun for example_branch_datetime_operator to 2022-08-28T00:00:00+00:00, run_after=2022-08-29T00:00:00+00:00
[2022-08-29T12:33:19.311-0400] {logging_mixin.py:115} INFO - [2022-08-29T12:33:19.311-0400] {dag.py:2977} INFO - Setting next_dagrun for example_branch_datetime_operator_2 to 2022-08-28T00:00:00+00:00, run_after=2022-08-29T00:00:00+00:00
[2022-08-29T12:33:19.381-0400] {processor.py:161} INFO - Processing /home/augenz/PycharmProjects/airflow/.env_airflow/lib/python3.9/site-packages/airflow/example_dags/example_branch_datetime_operator.py took 0.538 seconds
[2022-08-29T12:33:49.438-0400] {processor.py:153} INFO - Started process (PID=433) to work on /home/augenz/PycharmProjects/airflow/.env_airflow/lib/python3.9/site-packages/airflow/example_dags/example_branch_datetime_operator.py
[2022-08-29T12:33:49.442-0400] {processor.py:640} INFO - Processing file /home/augenz/PycharmProjects/airflow/.env_airflow/lib/python3.9/site-packages/airflow/example_dags/example_branch_datetime_operator.py for tasks to queue
[2022-08-29T12:33:49.443-0400] {logging_mixin.py:115} INFO - [2022-08-29T12:33:49.442-0400] {dagbag.py:508} INFO - Filling up the DagBag from /home/augenz/PycharmProjects/airflow/.env_airflow/lib/python3.9/site-packages/airflow/example_dags/example_branch_datetime_operator.py
[2022-08-29T12:33:49.458-0400] {processor.py:650} INFO - DAG(s) dict_keys(['example_branch_datetime_operator', 'example_branch_datetime_operator_2']) retrieved from /home/augenz/PycharmProjects/airflow/.env_airflow/lib/python3.9/site-packages/airflow/example_dags/example_branch_datetime_operator.py
[2022-08-29T12:33:49.507-0400] {logging_mixin.py:115} INFO - [2022-08-29T12:33:49.506-0400] {dag.py:2429} INFO - Sync 2 DAGs
[2022-08-29T12:33:49.541-0400] {logging_mixin.py:115} INFO - [2022-08-29T12:33:49.541-0400] {dag.py:2977} INFO - Setting next_dagrun for example_branch_datetime_operator to 2022-08-28T00:00:00+00:00, run_after=2022-08-29T00:00:00+00:00
[2022-08-29T12:33:49.545-0400] {logging_mixin.py:115} INFO - [2022-08-29T12:33:49.545-0400] {dag.py:2977} INFO - Setting next_dagrun for example_branch_datetime_operator_2 to 2022-08-28T00:00:00+00:00, run_after=2022-08-29T00:00:00+00:00
[2022-08-29T12:33:49.584-0400] {processor.py:161} INFO - Processing /home/augenz/PycharmProjects/airflow/.env_airflow/lib/python3.9/site-packages/airflow/example_dags/example_branch_datetime_operator.py took 0.151 seconds
[2022-08-29T12:34:20.150-0400] {processor.py:153} INFO - Started process (PID=468) to work on /home/augenz/PycharmProjects/airflow/.env_airflow/lib/python3.9/site-packages/airflow/example_dags/example_branch_datetime_operator.py
[2022-08-29T12:34:20.154-0400] {processor.py:640} INFO - Processing file /home/augenz/PycharmProjects/airflow/.env_airflow/lib/python3.9/site-packages/airflow/example_dags/example_branch_datetime_operator.py for tasks to queue
[2022-08-29T12:34:20.155-0400] {logging_mixin.py:115} INFO - [2022-08-29T12:34:20.155-0400] {dagbag.py:508} INFO - Filling up the DagBag from /home/augenz/PycharmProjects/airflow/.env_airflow/lib/python3.9/site-packages/airflow/example_dags/example_branch_datetime_operator.py
[2022-08-29T12:34:20.170-0400] {processor.py:650} INFO - DAG(s) dict_keys(['example_branch_datetime_operator', 'example_branch_datetime_operator_2']) retrieved from /home/augenz/PycharmProjects/airflow/.env_airflow/lib/python3.9/site-packages/airflow/example_dags/example_branch_datetime_operator.py
[2022-08-29T12:34:20.239-0400] {logging_mixin.py:115} INFO - [2022-08-29T12:34:20.239-0400] {dag.py:2429} INFO - Sync 2 DAGs
[2022-08-29T12:34:20.289-0400] {logging_mixin.py:115} INFO - [2022-08-29T12:34:20.289-0400] {dag.py:2977} INFO - Setting next_dagrun for example_branch_datetime_operator to 2022-08-28T00:00:00+00:00, run_after=2022-08-29T00:00:00+00:00
[2022-08-29T12:34:20.297-0400] {logging_mixin.py:115} INFO - [2022-08-29T12:34:20.296-0400] {dag.py:2977} INFO - Setting next_dagrun for example_branch_datetime_operator_2 to 2022-08-28T00:00:00+00:00, run_after=2022-08-29T00:00:00+00:00
[2022-08-29T12:34:20.366-0400] {processor.py:161} INFO - Processing /home/augenz/PycharmProjects/airflow/.env_airflow/lib/python3.9/site-packages/airflow/example_dags/example_branch_datetime_operator.py took 0.220 seconds
[2022-08-29T12:34:51.491-0400] {processor.py:153} INFO - Started process (PID=504) to work on /home/augenz/PycharmProjects/airflow/.env_airflow/lib/python3.9/site-packages/airflow/example_dags/example_branch_datetime_operator.py
[2022-08-29T12:34:51.493-0400] {processor.py:640} INFO - Processing file /home/augenz/PycharmProjects/airflow/.env_airflow/lib/python3.9/site-packages/airflow/example_dags/example_branch_datetime_operator.py for tasks to queue
[2022-08-29T12:34:51.495-0400] {logging_mixin.py:115} INFO - [2022-08-29T12:34:51.494-0400] {dagbag.py:508} INFO - Filling up the DagBag from /home/augenz/PycharmProjects/airflow/.env_airflow/lib/python3.9/site-packages/airflow/example_dags/example_branch_datetime_operator.py
[2022-08-29T12:34:51.528-0400] {processor.py:650} INFO - DAG(s) dict_keys(['example_branch_datetime_operator', 'example_branch_datetime_operator_2']) retrieved from /home/augenz/PycharmProjects/airflow/.env_airflow/lib/python3.9/site-packages/airflow/example_dags/example_branch_datetime_operator.py
[2022-08-29T12:34:51.622-0400] {logging_mixin.py:115} INFO - [2022-08-29T12:34:51.622-0400] {dag.py:2429} INFO - Sync 2 DAGs
[2022-08-29T12:34:51.724-0400] {logging_mixin.py:115} INFO - [2022-08-29T12:34:51.723-0400] {dag.py:2977} INFO - Setting next_dagrun for example_branch_datetime_operator to 2022-08-28T00:00:00+00:00, run_after=2022-08-29T00:00:00+00:00
[2022-08-29T12:34:51.733-0400] {logging_mixin.py:115} INFO - [2022-08-29T12:34:51.732-0400] {dag.py:2977} INFO - Setting next_dagrun for example_branch_datetime_operator_2 to 2022-08-28T00:00:00+00:00, run_after=2022-08-29T00:00:00+00:00
[2022-08-29T12:34:51.797-0400] {processor.py:161} INFO - Processing /home/augenz/PycharmProjects/airflow/.env_airflow/lib/python3.9/site-packages/airflow/example_dags/example_branch_datetime_operator.py took 0.314 seconds
[2022-08-29T12:35:22.265-0400] {processor.py:153} INFO - Started process (PID=560) to work on /home/augenz/PycharmProjects/airflow/.env_airflow/lib/python3.9/site-packages/airflow/example_dags/example_branch_datetime_operator.py
[2022-08-29T12:35:22.266-0400] {processor.py:640} INFO - Processing file /home/augenz/PycharmProjects/airflow/.env_airflow/lib/python3.9/site-packages/airflow/example_dags/example_branch_datetime_operator.py for tasks to queue
[2022-08-29T12:35:22.267-0400] {logging_mixin.py:115} INFO - [2022-08-29T12:35:22.266-0400] {dagbag.py:508} INFO - Filling up the DagBag from /home/augenz/PycharmProjects/airflow/.env_airflow/lib/python3.9/site-packages/airflow/example_dags/example_branch_datetime_operator.py
[2022-08-29T12:35:22.280-0400] {processor.py:650} INFO - DAG(s) dict_keys(['example_branch_datetime_operator', 'example_branch_datetime_operator_2']) retrieved from /home/augenz/PycharmProjects/airflow/.env_airflow/lib/python3.9/site-packages/airflow/example_dags/example_branch_datetime_operator.py
[2022-08-29T12:35:22.332-0400] {logging_mixin.py:115} INFO - [2022-08-29T12:35:22.331-0400] {dag.py:2429} INFO - Sync 2 DAGs
[2022-08-29T12:35:22.365-0400] {logging_mixin.py:115} INFO - [2022-08-29T12:35:22.364-0400] {dag.py:2977} INFO - Setting next_dagrun for example_branch_datetime_operator to 2022-08-28T00:00:00+00:00, run_after=2022-08-29T00:00:00+00:00
[2022-08-29T12:35:22.368-0400] {logging_mixin.py:115} INFO - [2022-08-29T12:35:22.368-0400] {dag.py:2977} INFO - Setting next_dagrun for example_branch_datetime_operator_2 to 2022-08-28T00:00:00+00:00, run_after=2022-08-29T00:00:00+00:00
[2022-08-29T12:35:22.425-0400] {processor.py:161} INFO - Processing /home/augenz/PycharmProjects/airflow/.env_airflow/lib/python3.9/site-packages/airflow/example_dags/example_branch_datetime_operator.py took 0.165 seconds
[2022-08-29T12:35:56.318-0400] {processor.py:153} INFO - Started process (PID=603) to work on /home/augenz/PycharmProjects/airflow/.env_airflow/lib/python3.9/site-packages/airflow/example_dags/example_branch_datetime_operator.py
[2022-08-29T12:35:56.320-0400] {processor.py:640} INFO - Processing file /home/augenz/PycharmProjects/airflow/.env_airflow/lib/python3.9/site-packages/airflow/example_dags/example_branch_datetime_operator.py for tasks to queue
[2022-08-29T12:35:56.321-0400] {logging_mixin.py:115} INFO - [2022-08-29T12:35:56.321-0400] {dagbag.py:508} INFO - Filling up the DagBag from /home/augenz/PycharmProjects/airflow/.env_airflow/lib/python3.9/site-packages/airflow/example_dags/example_branch_datetime_operator.py
[2022-08-29T12:35:56.341-0400] {processor.py:650} INFO - DAG(s) dict_keys(['example_branch_datetime_operator', 'example_branch_datetime_operator_2']) retrieved from /home/augenz/PycharmProjects/airflow/.env_airflow/lib/python3.9/site-packages/airflow/example_dags/example_branch_datetime_operator.py
[2022-08-29T12:35:56.867-0400] {logging_mixin.py:115} INFO - [2022-08-29T12:35:56.866-0400] {dag.py:2429} INFO - Sync 2 DAGs
[2022-08-29T12:35:56.899-0400] {logging_mixin.py:115} INFO - [2022-08-29T12:35:56.899-0400] {dag.py:2977} INFO - Setting next_dagrun for example_branch_datetime_operator to 2022-08-28T00:00:00+00:00, run_after=2022-08-29T00:00:00+00:00
[2022-08-29T12:35:56.903-0400] {logging_mixin.py:115} INFO - [2022-08-29T12:35:56.902-0400] {dag.py:2977} INFO - Setting next_dagrun for example_branch_datetime_operator_2 to 2022-08-28T00:00:00+00:00, run_after=2022-08-29T00:00:00+00:00
[2022-08-29T12:35:56.944-0400] {processor.py:161} INFO - Processing /home/augenz/PycharmProjects/airflow/.env_airflow/lib/python3.9/site-packages/airflow/example_dags/example_branch_datetime_operator.py took 0.630 seconds
[2022-08-29T12:36:27.604-0400] {processor.py:153} INFO - Started process (PID=637) to work on /home/augenz/PycharmProjects/airflow/.env_airflow/lib/python3.9/site-packages/airflow/example_dags/example_branch_datetime_operator.py
[2022-08-29T12:36:27.607-0400] {processor.py:640} INFO - Processing file /home/augenz/PycharmProjects/airflow/.env_airflow/lib/python3.9/site-packages/airflow/example_dags/example_branch_datetime_operator.py for tasks to queue
[2022-08-29T12:36:27.608-0400] {logging_mixin.py:115} INFO - [2022-08-29T12:36:27.608-0400] {dagbag.py:508} INFO - Filling up the DagBag from /home/augenz/PycharmProjects/airflow/.env_airflow/lib/python3.9/site-packages/airflow/example_dags/example_branch_datetime_operator.py
[2022-08-29T12:36:27.621-0400] {processor.py:650} INFO - DAG(s) dict_keys(['example_branch_datetime_operator', 'example_branch_datetime_operator_2']) retrieved from /home/augenz/PycharmProjects/airflow/.env_airflow/lib/python3.9/site-packages/airflow/example_dags/example_branch_datetime_operator.py
[2022-08-29T12:36:28.139-0400] {logging_mixin.py:115} INFO - [2022-08-29T12:36:28.138-0400] {dag.py:2429} INFO - Sync 2 DAGs
[2022-08-29T12:36:28.182-0400] {logging_mixin.py:115} INFO - [2022-08-29T12:36:28.181-0400] {dag.py:2977} INFO - Setting next_dagrun for example_branch_datetime_operator to 2022-08-28T00:00:00+00:00, run_after=2022-08-29T00:00:00+00:00
[2022-08-29T12:36:28.188-0400] {logging_mixin.py:115} INFO - [2022-08-29T12:36:28.188-0400] {dag.py:2977} INFO - Setting next_dagrun for example_branch_datetime_operator_2 to 2022-08-28T00:00:00+00:00, run_after=2022-08-29T00:00:00+00:00
[2022-08-29T12:36:28.225-0400] {processor.py:161} INFO - Processing /home/augenz/PycharmProjects/airflow/.env_airflow/lib/python3.9/site-packages/airflow/example_dags/example_branch_datetime_operator.py took 0.625 seconds
[2022-08-29T12:37:04.515-0400] {processor.py:153} INFO - Started process (PID=689) to work on /home/augenz/PycharmProjects/airflow/.env_airflow/lib/python3.9/site-packages/airflow/example_dags/example_branch_datetime_operator.py
[2022-08-29T12:37:04.538-0400] {processor.py:640} INFO - Processing file /home/augenz/PycharmProjects/airflow/.env_airflow/lib/python3.9/site-packages/airflow/example_dags/example_branch_datetime_operator.py for tasks to queue
[2022-08-29T12:37:04.540-0400] {logging_mixin.py:115} INFO - [2022-08-29T12:37:04.539-0400] {dagbag.py:508} INFO - Filling up the DagBag from /home/augenz/PycharmProjects/airflow/.env_airflow/lib/python3.9/site-packages/airflow/example_dags/example_branch_datetime_operator.py
[2022-08-29T12:37:04.570-0400] {processor.py:650} INFO - DAG(s) dict_keys(['example_branch_datetime_operator', 'example_branch_datetime_operator_2']) retrieved from /home/augenz/PycharmProjects/airflow/.env_airflow/lib/python3.9/site-packages/airflow/example_dags/example_branch_datetime_operator.py
[2022-08-29T12:37:05.569-0400] {logging_mixin.py:115} INFO - [2022-08-29T12:37:05.568-0400] {dag.py:2429} INFO - Sync 2 DAGs
[2022-08-29T12:37:05.656-0400] {logging_mixin.py:115} INFO - [2022-08-29T12:37:05.656-0400] {dag.py:2977} INFO - Setting next_dagrun for example_branch_datetime_operator to 2022-08-28T00:00:00+00:00, run_after=2022-08-29T00:00:00+00:00
[2022-08-29T12:37:05.668-0400] {logging_mixin.py:115} INFO - [2022-08-29T12:37:05.667-0400] {dag.py:2977} INFO - Setting next_dagrun for example_branch_datetime_operator_2 to 2022-08-28T00:00:00+00:00, run_after=2022-08-29T00:00:00+00:00
[2022-08-29T12:37:05.724-0400] {processor.py:161} INFO - Processing /home/augenz/PycharmProjects/airflow/.env_airflow/lib/python3.9/site-packages/airflow/example_dags/example_branch_datetime_operator.py took 1.229 seconds
[2022-08-29T12:37:43.816-0400] {processor.py:153} INFO - Started process (PID=731) to work on /home/augenz/PycharmProjects/airflow/.env_airflow/lib/python3.9/site-packages/airflow/example_dags/example_branch_datetime_operator.py
[2022-08-29T12:37:43.818-0400] {processor.py:640} INFO - Processing file /home/augenz/PycharmProjects/airflow/.env_airflow/lib/python3.9/site-packages/airflow/example_dags/example_branch_datetime_operator.py for tasks to queue
[2022-08-29T12:37:43.820-0400] {logging_mixin.py:115} INFO - [2022-08-29T12:37:43.820-0400] {dagbag.py:508} INFO - Filling up the DagBag from /home/augenz/PycharmProjects/airflow/.env_airflow/lib/python3.9/site-packages/airflow/example_dags/example_branch_datetime_operator.py
[2022-08-29T12:37:43.870-0400] {processor.py:650} INFO - DAG(s) dict_keys(['example_branch_datetime_operator', 'example_branch_datetime_operator_2']) retrieved from /home/augenz/PycharmProjects/airflow/.env_airflow/lib/python3.9/site-packages/airflow/example_dags/example_branch_datetime_operator.py
[2022-08-29T12:37:44.636-0400] {logging_mixin.py:115} INFO - [2022-08-29T12:37:44.630-0400] {dag.py:2429} INFO - Sync 2 DAGs
[2022-08-29T12:37:44.744-0400] {logging_mixin.py:115} INFO - [2022-08-29T12:37:44.740-0400] {dag.py:2977} INFO - Setting next_dagrun for example_branch_datetime_operator to 2022-08-28T00:00:00+00:00, run_after=2022-08-29T00:00:00+00:00
[2022-08-29T12:37:44.760-0400] {logging_mixin.py:115} INFO - [2022-08-29T12:37:44.760-0400] {dag.py:2977} INFO - Setting next_dagrun for example_branch_datetime_operator_2 to 2022-08-28T00:00:00+00:00, run_after=2022-08-29T00:00:00+00:00
[2022-08-29T12:37:44.879-0400] {processor.py:161} INFO - Processing /home/augenz/PycharmProjects/airflow/.env_airflow/lib/python3.9/site-packages/airflow/example_dags/example_branch_datetime_operator.py took 1.082 seconds
[2022-08-29T12:38:16.563-0400] {processor.py:153} INFO - Started process (PID=791) to work on /home/augenz/PycharmProjects/airflow/.env_airflow/lib/python3.9/site-packages/airflow/example_dags/example_branch_datetime_operator.py
[2022-08-29T12:38:16.627-0400] {processor.py:640} INFO - Processing file /home/augenz/PycharmProjects/airflow/.env_airflow/lib/python3.9/site-packages/airflow/example_dags/example_branch_datetime_operator.py for tasks to queue
[2022-08-29T12:38:16.629-0400] {logging_mixin.py:115} INFO - [2022-08-29T12:38:16.628-0400] {dagbag.py:508} INFO - Filling up the DagBag from /home/augenz/PycharmProjects/airflow/.env_airflow/lib/python3.9/site-packages/airflow/example_dags/example_branch_datetime_operator.py
[2022-08-29T12:38:16.693-0400] {processor.py:650} INFO - DAG(s) dict_keys(['example_branch_datetime_operator', 'example_branch_datetime_operator_2']) retrieved from /home/augenz/PycharmProjects/airflow/.env_airflow/lib/python3.9/site-packages/airflow/example_dags/example_branch_datetime_operator.py
[2022-08-29T12:38:18.357-0400] {logging_mixin.py:115} INFO - [2022-08-29T12:38:18.356-0400] {dag.py:2429} INFO - Sync 2 DAGs
[2022-08-29T12:38:18.431-0400] {logging_mixin.py:115} INFO - [2022-08-29T12:38:18.431-0400] {dag.py:2977} INFO - Setting next_dagrun for example_branch_datetime_operator to 2022-08-28T00:00:00+00:00, run_after=2022-08-29T00:00:00+00:00
[2022-08-29T12:38:18.546-0400] {logging_mixin.py:115} INFO - [2022-08-29T12:38:18.546-0400] {dag.py:2977} INFO - Setting next_dagrun for example_branch_datetime_operator_2 to 2022-08-28T00:00:00+00:00, run_after=2022-08-29T00:00:00+00:00
[2022-08-29T12:38:18.621-0400] {processor.py:161} INFO - Processing /home/augenz/PycharmProjects/airflow/.env_airflow/lib/python3.9/site-packages/airflow/example_dags/example_branch_datetime_operator.py took 2.070 seconds
[2022-08-29T12:38:49.248-0400] {processor.py:153} INFO - Started process (PID=827) to work on /home/augenz/PycharmProjects/airflow/.env_airflow/lib/python3.9/site-packages/airflow/example_dags/example_branch_datetime_operator.py
[2022-08-29T12:38:49.252-0400] {processor.py:640} INFO - Processing file /home/augenz/PycharmProjects/airflow/.env_airflow/lib/python3.9/site-packages/airflow/example_dags/example_branch_datetime_operator.py for tasks to queue
[2022-08-29T12:38:49.253-0400] {logging_mixin.py:115} INFO - [2022-08-29T12:38:49.253-0400] {dagbag.py:508} INFO - Filling up the DagBag from /home/augenz/PycharmProjects/airflow/.env_airflow/lib/python3.9/site-packages/airflow/example_dags/example_branch_datetime_operator.py
[2022-08-29T12:38:49.269-0400] {processor.py:650} INFO - DAG(s) dict_keys(['example_branch_datetime_operator', 'example_branch_datetime_operator_2']) retrieved from /home/augenz/PycharmProjects/airflow/.env_airflow/lib/python3.9/site-packages/airflow/example_dags/example_branch_datetime_operator.py
[2022-08-29T12:38:49.783-0400] {logging_mixin.py:115} INFO - [2022-08-29T12:38:49.782-0400] {dag.py:2429} INFO - Sync 2 DAGs
[2022-08-29T12:38:49.824-0400] {logging_mixin.py:115} INFO - [2022-08-29T12:38:49.823-0400] {dag.py:2977} INFO - Setting next_dagrun for example_branch_datetime_operator to 2022-08-28T00:00:00+00:00, run_after=2022-08-29T00:00:00+00:00
[2022-08-29T12:38:49.828-0400] {logging_mixin.py:115} INFO - [2022-08-29T12:38:49.828-0400] {dag.py:2977} INFO - Setting next_dagrun for example_branch_datetime_operator_2 to 2022-08-28T00:00:00+00:00, run_after=2022-08-29T00:00:00+00:00
[2022-08-29T12:38:49.878-0400] {processor.py:161} INFO - Processing /home/augenz/PycharmProjects/airflow/.env_airflow/lib/python3.9/site-packages/airflow/example_dags/example_branch_datetime_operator.py took 0.637 seconds
[2022-08-29T12:39:19.952-0400] {processor.py:153} INFO - Started process (PID=862) to work on /home/augenz/PycharmProjects/airflow/.env_airflow/lib/python3.9/site-packages/airflow/example_dags/example_branch_datetime_operator.py
[2022-08-29T12:39:19.956-0400] {processor.py:640} INFO - Processing file /home/augenz/PycharmProjects/airflow/.env_airflow/lib/python3.9/site-packages/airflow/example_dags/example_branch_datetime_operator.py for tasks to queue
[2022-08-29T12:39:19.958-0400] {logging_mixin.py:115} INFO - [2022-08-29T12:39:19.958-0400] {dagbag.py:508} INFO - Filling up the DagBag from /home/augenz/PycharmProjects/airflow/.env_airflow/lib/python3.9/site-packages/airflow/example_dags/example_branch_datetime_operator.py
[2022-08-29T12:39:19.972-0400] {processor.py:650} INFO - DAG(s) dict_keys(['example_branch_datetime_operator', 'example_branch_datetime_operator_2']) retrieved from /home/augenz/PycharmProjects/airflow/.env_airflow/lib/python3.9/site-packages/airflow/example_dags/example_branch_datetime_operator.py
[2022-08-29T12:39:20.475-0400] {logging_mixin.py:115} INFO - [2022-08-29T12:39:20.475-0400] {dag.py:2429} INFO - Sync 2 DAGs
[2022-08-29T12:39:20.508-0400] {logging_mixin.py:115} INFO - [2022-08-29T12:39:20.507-0400] {dag.py:2977} INFO - Setting next_dagrun for example_branch_datetime_operator to 2022-08-28T00:00:00+00:00, run_after=2022-08-29T00:00:00+00:00
[2022-08-29T12:39:20.511-0400] {logging_mixin.py:115} INFO - [2022-08-29T12:39:20.511-0400] {dag.py:2977} INFO - Setting next_dagrun for example_branch_datetime_operator_2 to 2022-08-28T00:00:00+00:00, run_after=2022-08-29T00:00:00+00:00
[2022-08-29T12:39:20.558-0400] {processor.py:161} INFO - Processing /home/augenz/PycharmProjects/airflow/.env_airflow/lib/python3.9/site-packages/airflow/example_dags/example_branch_datetime_operator.py took 0.611 seconds
[2022-08-29T12:39:50.995-0400] {processor.py:153} INFO - Started process (PID=901) to work on /home/augenz/PycharmProjects/airflow/.env_airflow/lib/python3.9/site-packages/airflow/example_dags/example_branch_datetime_operator.py
[2022-08-29T12:39:51.000-0400] {processor.py:640} INFO - Processing file /home/augenz/PycharmProjects/airflow/.env_airflow/lib/python3.9/site-packages/airflow/example_dags/example_branch_datetime_operator.py for tasks to queue
[2022-08-29T12:39:51.001-0400] {logging_mixin.py:115} INFO - [2022-08-29T12:39:51.001-0400] {dagbag.py:508} INFO - Filling up the DagBag from /home/augenz/PycharmProjects/airflow/.env_airflow/lib/python3.9/site-packages/airflow/example_dags/example_branch_datetime_operator.py
[2022-08-29T12:39:51.016-0400] {processor.py:650} INFO - DAG(s) dict_keys(['example_branch_datetime_operator', 'example_branch_datetime_operator_2']) retrieved from /home/augenz/PycharmProjects/airflow/.env_airflow/lib/python3.9/site-packages/airflow/example_dags/example_branch_datetime_operator.py
[2022-08-29T12:39:51.583-0400] {logging_mixin.py:115} INFO - [2022-08-29T12:39:51.583-0400] {dag.py:2429} INFO - Sync 2 DAGs
[2022-08-29T12:39:51.611-0400] {logging_mixin.py:115} INFO - [2022-08-29T12:39:51.611-0400] {dag.py:2977} INFO - Setting next_dagrun for example_branch_datetime_operator to 2022-08-28T00:00:00+00:00, run_after=2022-08-29T00:00:00+00:00
[2022-08-29T12:39:51.615-0400] {logging_mixin.py:115} INFO - [2022-08-29T12:39:51.614-0400] {dag.py:2977} INFO - Setting next_dagrun for example_branch_datetime_operator_2 to 2022-08-28T00:00:00+00:00, run_after=2022-08-29T00:00:00+00:00
[2022-08-29T12:39:51.655-0400] {processor.py:161} INFO - Processing /home/augenz/PycharmProjects/airflow/.env_airflow/lib/python3.9/site-packages/airflow/example_dags/example_branch_datetime_operator.py took 0.667 seconds
[2022-08-29T12:40:22.313-0400] {processor.py:153} INFO - Started process (PID=936) to work on /home/augenz/PycharmProjects/airflow/.env_airflow/lib/python3.9/site-packages/airflow/example_dags/example_branch_datetime_operator.py
[2022-08-29T12:40:22.318-0400] {processor.py:640} INFO - Processing file /home/augenz/PycharmProjects/airflow/.env_airflow/lib/python3.9/site-packages/airflow/example_dags/example_branch_datetime_operator.py for tasks to queue
[2022-08-29T12:40:22.319-0400] {logging_mixin.py:115} INFO - [2022-08-29T12:40:22.319-0400] {dagbag.py:508} INFO - Filling up the DagBag from /home/augenz/PycharmProjects/airflow/.env_airflow/lib/python3.9/site-packages/airflow/example_dags/example_branch_datetime_operator.py
[2022-08-29T12:40:22.337-0400] {processor.py:650} INFO - DAG(s) dict_keys(['example_branch_datetime_operator', 'example_branch_datetime_operator_2']) retrieved from /home/augenz/PycharmProjects/airflow/.env_airflow/lib/python3.9/site-packages/airflow/example_dags/example_branch_datetime_operator.py
[2022-08-29T12:40:22.802-0400] {logging_mixin.py:115} INFO - [2022-08-29T12:40:22.801-0400] {dag.py:2429} INFO - Sync 2 DAGs
[2022-08-29T12:40:22.831-0400] {logging_mixin.py:115} INFO - [2022-08-29T12:40:22.831-0400] {dag.py:2977} INFO - Setting next_dagrun for example_branch_datetime_operator to 2022-08-28T00:00:00+00:00, run_after=2022-08-29T00:00:00+00:00
[2022-08-29T12:40:22.834-0400] {logging_mixin.py:115} INFO - [2022-08-29T12:40:22.834-0400] {dag.py:2977} INFO - Setting next_dagrun for example_branch_datetime_operator_2 to 2022-08-28T00:00:00+00:00, run_after=2022-08-29T00:00:00+00:00
[2022-08-29T12:40:22.901-0400] {processor.py:161} INFO - Processing /home/augenz/PycharmProjects/airflow/.env_airflow/lib/python3.9/site-packages/airflow/example_dags/example_branch_datetime_operator.py took 0.593 seconds
[2022-08-29T12:40:53.125-0400] {processor.py:153} INFO - Started process (PID=970) to work on /home/augenz/PycharmProjects/airflow/.env_airflow/lib/python3.9/site-packages/airflow/example_dags/example_branch_datetime_operator.py
[2022-08-29T12:40:53.130-0400] {processor.py:640} INFO - Processing file /home/augenz/PycharmProjects/airflow/.env_airflow/lib/python3.9/site-packages/airflow/example_dags/example_branch_datetime_operator.py for tasks to queue
[2022-08-29T12:40:53.131-0400] {logging_mixin.py:115} INFO - [2022-08-29T12:40:53.131-0400] {dagbag.py:508} INFO - Filling up the DagBag from /home/augenz/PycharmProjects/airflow/.env_airflow/lib/python3.9/site-packages/airflow/example_dags/example_branch_datetime_operator.py
[2022-08-29T12:40:53.146-0400] {processor.py:650} INFO - DAG(s) dict_keys(['example_branch_datetime_operator', 'example_branch_datetime_operator_2']) retrieved from /home/augenz/PycharmProjects/airflow/.env_airflow/lib/python3.9/site-packages/airflow/example_dags/example_branch_datetime_operator.py
[2022-08-29T12:40:53.683-0400] {logging_mixin.py:115} INFO - [2022-08-29T12:40:53.683-0400] {dag.py:2429} INFO - Sync 2 DAGs
[2022-08-29T12:40:53.716-0400] {logging_mixin.py:115} INFO - [2022-08-29T12:40:53.716-0400] {dag.py:2977} INFO - Setting next_dagrun for example_branch_datetime_operator to 2022-08-28T00:00:00+00:00, run_after=2022-08-29T00:00:00+00:00
[2022-08-29T12:40:53.719-0400] {logging_mixin.py:115} INFO - [2022-08-29T12:40:53.719-0400] {dag.py:2977} INFO - Setting next_dagrun for example_branch_datetime_operator_2 to 2022-08-28T00:00:00+00:00, run_after=2022-08-29T00:00:00+00:00
[2022-08-29T12:40:53.788-0400] {processor.py:161} INFO - Processing /home/augenz/PycharmProjects/airflow/.env_airflow/lib/python3.9/site-packages/airflow/example_dags/example_branch_datetime_operator.py took 0.668 seconds
[2022-08-29T12:41:24.205-0400] {processor.py:153} INFO - Started process (PID=1004) to work on /home/augenz/PycharmProjects/airflow/.env_airflow/lib/python3.9/site-packages/airflow/example_dags/example_branch_datetime_operator.py
[2022-08-29T12:41:24.218-0400] {processor.py:640} INFO - Processing file /home/augenz/PycharmProjects/airflow/.env_airflow/lib/python3.9/site-packages/airflow/example_dags/example_branch_datetime_operator.py for tasks to queue
[2022-08-29T12:41:24.220-0400] {logging_mixin.py:115} INFO - [2022-08-29T12:41:24.219-0400] {dagbag.py:508} INFO - Filling up the DagBag from /home/augenz/PycharmProjects/airflow/.env_airflow/lib/python3.9/site-packages/airflow/example_dags/example_branch_datetime_operator.py
[2022-08-29T12:41:24.237-0400] {processor.py:650} INFO - DAG(s) dict_keys(['example_branch_datetime_operator', 'example_branch_datetime_operator_2']) retrieved from /home/augenz/PycharmProjects/airflow/.env_airflow/lib/python3.9/site-packages/airflow/example_dags/example_branch_datetime_operator.py
[2022-08-29T12:41:24.697-0400] {logging_mixin.py:115} INFO - [2022-08-29T12:41:24.696-0400] {dag.py:2429} INFO - Sync 2 DAGs
[2022-08-29T12:41:24.732-0400] {logging_mixin.py:115} INFO - [2022-08-29T12:41:24.732-0400] {dag.py:2977} INFO - Setting next_dagrun for example_branch_datetime_operator to 2022-08-28T00:00:00+00:00, run_after=2022-08-29T00:00:00+00:00
[2022-08-29T12:41:24.736-0400] {logging_mixin.py:115} INFO - [2022-08-29T12:41:24.735-0400] {dag.py:2977} INFO - Setting next_dagrun for example_branch_datetime_operator_2 to 2022-08-28T00:00:00+00:00, run_after=2022-08-29T00:00:00+00:00
[2022-08-29T12:41:24.793-0400] {processor.py:161} INFO - Processing /home/augenz/PycharmProjects/airflow/.env_airflow/lib/python3.9/site-packages/airflow/example_dags/example_branch_datetime_operator.py took 0.593 seconds
[2022-08-29T12:41:55.161-0400] {processor.py:153} INFO - Started process (PID=1048) to work on /home/augenz/PycharmProjects/airflow/.env_airflow/lib/python3.9/site-packages/airflow/example_dags/example_branch_datetime_operator.py
[2022-08-29T12:41:55.173-0400] {processor.py:640} INFO - Processing file /home/augenz/PycharmProjects/airflow/.env_airflow/lib/python3.9/site-packages/airflow/example_dags/example_branch_datetime_operator.py for tasks to queue
[2022-08-29T12:41:55.175-0400] {logging_mixin.py:115} INFO - [2022-08-29T12:41:55.174-0400] {dagbag.py:508} INFO - Filling up the DagBag from /home/augenz/PycharmProjects/airflow/.env_airflow/lib/python3.9/site-packages/airflow/example_dags/example_branch_datetime_operator.py
[2022-08-29T12:41:55.189-0400] {processor.py:650} INFO - DAG(s) dict_keys(['example_branch_datetime_operator', 'example_branch_datetime_operator_2']) retrieved from /home/augenz/PycharmProjects/airflow/.env_airflow/lib/python3.9/site-packages/airflow/example_dags/example_branch_datetime_operator.py
[2022-08-29T12:41:55.645-0400] {logging_mixin.py:115} INFO - [2022-08-29T12:41:55.644-0400] {dag.py:2429} INFO - Sync 2 DAGs
[2022-08-29T12:41:55.677-0400] {logging_mixin.py:115} INFO - [2022-08-29T12:41:55.676-0400] {dag.py:2977} INFO - Setting next_dagrun for example_branch_datetime_operator to 2022-08-28T00:00:00+00:00, run_after=2022-08-29T00:00:00+00:00
[2022-08-29T12:41:55.682-0400] {logging_mixin.py:115} INFO - [2022-08-29T12:41:55.681-0400] {dag.py:2977} INFO - Setting next_dagrun for example_branch_datetime_operator_2 to 2022-08-28T00:00:00+00:00, run_after=2022-08-29T00:00:00+00:00
[2022-08-29T12:41:55.748-0400] {processor.py:161} INFO - Processing /home/augenz/PycharmProjects/airflow/.env_airflow/lib/python3.9/site-packages/airflow/example_dags/example_branch_datetime_operator.py took 0.591 seconds
[2022-08-29T12:42:25.932-0400] {processor.py:153} INFO - Started process (PID=1083) to work on /home/augenz/PycharmProjects/airflow/.env_airflow/lib/python3.9/site-packages/airflow/example_dags/example_branch_datetime_operator.py
[2022-08-29T12:42:25.933-0400] {processor.py:640} INFO - Processing file /home/augenz/PycharmProjects/airflow/.env_airflow/lib/python3.9/site-packages/airflow/example_dags/example_branch_datetime_operator.py for tasks to queue
[2022-08-29T12:42:25.934-0400] {logging_mixin.py:115} INFO - [2022-08-29T12:42:25.934-0400] {dagbag.py:508} INFO - Filling up the DagBag from /home/augenz/PycharmProjects/airflow/.env_airflow/lib/python3.9/site-packages/airflow/example_dags/example_branch_datetime_operator.py
[2022-08-29T12:42:25.950-0400] {processor.py:650} INFO - DAG(s) dict_keys(['example_branch_datetime_operator', 'example_branch_datetime_operator_2']) retrieved from /home/augenz/PycharmProjects/airflow/.env_airflow/lib/python3.9/site-packages/airflow/example_dags/example_branch_datetime_operator.py
[2022-08-29T12:42:26.522-0400] {logging_mixin.py:115} INFO - [2022-08-29T12:42:26.521-0400] {dag.py:2429} INFO - Sync 2 DAGs
[2022-08-29T12:42:26.558-0400] {logging_mixin.py:115} INFO - [2022-08-29T12:42:26.557-0400] {dag.py:2977} INFO - Setting next_dagrun for example_branch_datetime_operator to 2022-08-28T00:00:00+00:00, run_after=2022-08-29T00:00:00+00:00
[2022-08-29T12:42:26.562-0400] {logging_mixin.py:115} INFO - [2022-08-29T12:42:26.561-0400] {dag.py:2977} INFO - Setting next_dagrun for example_branch_datetime_operator_2 to 2022-08-28T00:00:00+00:00, run_after=2022-08-29T00:00:00+00:00
[2022-08-29T12:42:26.603-0400] {processor.py:161} INFO - Processing /home/augenz/PycharmProjects/airflow/.env_airflow/lib/python3.9/site-packages/airflow/example_dags/example_branch_datetime_operator.py took 0.676 seconds
[2022-08-29T12:42:56.986-0400] {processor.py:153} INFO - Started process (PID=1117) to work on /home/augenz/PycharmProjects/airflow/.env_airflow/lib/python3.9/site-packages/airflow/example_dags/example_branch_datetime_operator.py
[2022-08-29T12:42:56.992-0400] {processor.py:640} INFO - Processing file /home/augenz/PycharmProjects/airflow/.env_airflow/lib/python3.9/site-packages/airflow/example_dags/example_branch_datetime_operator.py for tasks to queue
[2022-08-29T12:42:56.993-0400] {logging_mixin.py:115} INFO - [2022-08-29T12:42:56.993-0400] {dagbag.py:508} INFO - Filling up the DagBag from /home/augenz/PycharmProjects/airflow/.env_airflow/lib/python3.9/site-packages/airflow/example_dags/example_branch_datetime_operator.py
[2022-08-29T12:42:57.013-0400] {processor.py:650} INFO - DAG(s) dict_keys(['example_branch_datetime_operator', 'example_branch_datetime_operator_2']) retrieved from /home/augenz/PycharmProjects/airflow/.env_airflow/lib/python3.9/site-packages/airflow/example_dags/example_branch_datetime_operator.py
[2022-08-29T12:42:57.477-0400] {logging_mixin.py:115} INFO - [2022-08-29T12:42:57.476-0400] {dag.py:2429} INFO - Sync 2 DAGs
[2022-08-29T12:42:57.508-0400] {logging_mixin.py:115} INFO - [2022-08-29T12:42:57.508-0400] {dag.py:2977} INFO - Setting next_dagrun for example_branch_datetime_operator to 2022-08-28T00:00:00+00:00, run_after=2022-08-29T00:00:00+00:00
[2022-08-29T12:42:57.512-0400] {logging_mixin.py:115} INFO - [2022-08-29T12:42:57.511-0400] {dag.py:2977} INFO - Setting next_dagrun for example_branch_datetime_operator_2 to 2022-08-28T00:00:00+00:00, run_after=2022-08-29T00:00:00+00:00
[2022-08-29T12:42:57.556-0400] {processor.py:161} INFO - Processing /home/augenz/PycharmProjects/airflow/.env_airflow/lib/python3.9/site-packages/airflow/example_dags/example_branch_datetime_operator.py took 0.575 seconds
[2022-08-29T12:43:28.176-0400] {processor.py:153} INFO - Started process (PID=1152) to work on /home/augenz/PycharmProjects/airflow/.env_airflow/lib/python3.9/site-packages/airflow/example_dags/example_branch_datetime_operator.py
[2022-08-29T12:43:28.181-0400] {processor.py:640} INFO - Processing file /home/augenz/PycharmProjects/airflow/.env_airflow/lib/python3.9/site-packages/airflow/example_dags/example_branch_datetime_operator.py for tasks to queue
[2022-08-29T12:43:28.183-0400] {logging_mixin.py:115} INFO - [2022-08-29T12:43:28.182-0400] {dagbag.py:508} INFO - Filling up the DagBag from /home/augenz/PycharmProjects/airflow/.env_airflow/lib/python3.9/site-packages/airflow/example_dags/example_branch_datetime_operator.py
[2022-08-29T12:43:28.200-0400] {processor.py:650} INFO - DAG(s) dict_keys(['example_branch_datetime_operator', 'example_branch_datetime_operator_2']) retrieved from /home/augenz/PycharmProjects/airflow/.env_airflow/lib/python3.9/site-packages/airflow/example_dags/example_branch_datetime_operator.py
[2022-08-29T12:43:28.701-0400] {logging_mixin.py:115} INFO - [2022-08-29T12:43:28.701-0400] {dag.py:2429} INFO - Sync 2 DAGs
[2022-08-29T12:43:28.731-0400] {logging_mixin.py:115} INFO - [2022-08-29T12:43:28.731-0400] {dag.py:2977} INFO - Setting next_dagrun for example_branch_datetime_operator to 2022-08-28T00:00:00+00:00, run_after=2022-08-29T00:00:00+00:00
[2022-08-29T12:43:28.734-0400] {logging_mixin.py:115} INFO - [2022-08-29T12:43:28.734-0400] {dag.py:2977} INFO - Setting next_dagrun for example_branch_datetime_operator_2 to 2022-08-28T00:00:00+00:00, run_after=2022-08-29T00:00:00+00:00
[2022-08-29T12:43:28.762-0400] {processor.py:161} INFO - Processing /home/augenz/PycharmProjects/airflow/.env_airflow/lib/python3.9/site-packages/airflow/example_dags/example_branch_datetime_operator.py took 0.591 seconds
[2022-08-29T12:43:58.894-0400] {processor.py:153} INFO - Started process (PID=1187) to work on /home/augenz/PycharmProjects/airflow/.env_airflow/lib/python3.9/site-packages/airflow/example_dags/example_branch_datetime_operator.py
[2022-08-29T12:43:58.895-0400] {processor.py:640} INFO - Processing file /home/augenz/PycharmProjects/airflow/.env_airflow/lib/python3.9/site-packages/airflow/example_dags/example_branch_datetime_operator.py for tasks to queue
[2022-08-29T12:43:58.896-0400] {logging_mixin.py:115} INFO - [2022-08-29T12:43:58.896-0400] {dagbag.py:508} INFO - Filling up the DagBag from /home/augenz/PycharmProjects/airflow/.env_airflow/lib/python3.9/site-packages/airflow/example_dags/example_branch_datetime_operator.py
[2022-08-29T12:43:58.910-0400] {processor.py:650} INFO - DAG(s) dict_keys(['example_branch_datetime_operator', 'example_branch_datetime_operator_2']) retrieved from /home/augenz/PycharmProjects/airflow/.env_airflow/lib/python3.9/site-packages/airflow/example_dags/example_branch_datetime_operator.py
[2022-08-29T12:43:59.428-0400] {logging_mixin.py:115} INFO - [2022-08-29T12:43:59.427-0400] {dag.py:2429} INFO - Sync 2 DAGs
[2022-08-29T12:43:59.463-0400] {logging_mixin.py:115} INFO - [2022-08-29T12:43:59.463-0400] {dag.py:2977} INFO - Setting next_dagrun for example_branch_datetime_operator to 2022-08-28T00:00:00+00:00, run_after=2022-08-29T00:00:00+00:00
[2022-08-29T12:43:59.467-0400] {logging_mixin.py:115} INFO - [2022-08-29T12:43:59.466-0400] {dag.py:2977} INFO - Setting next_dagrun for example_branch_datetime_operator_2 to 2022-08-28T00:00:00+00:00, run_after=2022-08-29T00:00:00+00:00
[2022-08-29T12:43:59.508-0400] {processor.py:161} INFO - Processing /home/augenz/PycharmProjects/airflow/.env_airflow/lib/python3.9/site-packages/airflow/example_dags/example_branch_datetime_operator.py took 0.618 seconds
[2022-08-29T12:44:30.214-0400] {processor.py:153} INFO - Started process (PID=1221) to work on /home/augenz/PycharmProjects/airflow/.env_airflow/lib/python3.9/site-packages/airflow/example_dags/example_branch_datetime_operator.py
[2022-08-29T12:44:30.218-0400] {processor.py:640} INFO - Processing file /home/augenz/PycharmProjects/airflow/.env_airflow/lib/python3.9/site-packages/airflow/example_dags/example_branch_datetime_operator.py for tasks to queue
[2022-08-29T12:44:30.219-0400] {logging_mixin.py:115} INFO - [2022-08-29T12:44:30.219-0400] {dagbag.py:508} INFO - Filling up the DagBag from /home/augenz/PycharmProjects/airflow/.env_airflow/lib/python3.9/site-packages/airflow/example_dags/example_branch_datetime_operator.py
[2022-08-29T12:44:30.235-0400] {processor.py:650} INFO - DAG(s) dict_keys(['example_branch_datetime_operator', 'example_branch_datetime_operator_2']) retrieved from /home/augenz/PycharmProjects/airflow/.env_airflow/lib/python3.9/site-packages/airflow/example_dags/example_branch_datetime_operator.py
[2022-08-29T12:44:30.689-0400] {logging_mixin.py:115} INFO - [2022-08-29T12:44:30.689-0400] {dag.py:2429} INFO - Sync 2 DAGs
[2022-08-29T12:44:30.719-0400] {logging_mixin.py:115} INFO - [2022-08-29T12:44:30.719-0400] {dag.py:2977} INFO - Setting next_dagrun for example_branch_datetime_operator to 2022-08-28T00:00:00+00:00, run_after=2022-08-29T00:00:00+00:00
[2022-08-29T12:44:30.722-0400] {logging_mixin.py:115} INFO - [2022-08-29T12:44:30.722-0400] {dag.py:2977} INFO - Setting next_dagrun for example_branch_datetime_operator_2 to 2022-08-28T00:00:00+00:00, run_after=2022-08-29T00:00:00+00:00
[2022-08-29T12:44:30.763-0400] {processor.py:161} INFO - Processing /home/augenz/PycharmProjects/airflow/.env_airflow/lib/python3.9/site-packages/airflow/example_dags/example_branch_datetime_operator.py took 0.555 seconds
[2022-08-29T12:45:01.219-0400] {processor.py:153} INFO - Started process (PID=1269) to work on /home/augenz/PycharmProjects/airflow/.env_airflow/lib/python3.9/site-packages/airflow/example_dags/example_branch_datetime_operator.py
[2022-08-29T12:45:01.223-0400] {processor.py:640} INFO - Processing file /home/augenz/PycharmProjects/airflow/.env_airflow/lib/python3.9/site-packages/airflow/example_dags/example_branch_datetime_operator.py for tasks to queue
[2022-08-29T12:45:01.224-0400] {logging_mixin.py:115} INFO - [2022-08-29T12:45:01.224-0400] {dagbag.py:508} INFO - Filling up the DagBag from /home/augenz/PycharmProjects/airflow/.env_airflow/lib/python3.9/site-packages/airflow/example_dags/example_branch_datetime_operator.py
[2022-08-29T12:45:01.239-0400] {processor.py:650} INFO - DAG(s) dict_keys(['example_branch_datetime_operator', 'example_branch_datetime_operator_2']) retrieved from /home/augenz/PycharmProjects/airflow/.env_airflow/lib/python3.9/site-packages/airflow/example_dags/example_branch_datetime_operator.py
[2022-08-29T12:45:01.725-0400] {logging_mixin.py:115} INFO - [2022-08-29T12:45:01.724-0400] {dag.py:2429} INFO - Sync 2 DAGs
[2022-08-29T12:45:01.756-0400] {logging_mixin.py:115} INFO - [2022-08-29T12:45:01.756-0400] {dag.py:2977} INFO - Setting next_dagrun for example_branch_datetime_operator to 2022-08-28T00:00:00+00:00, run_after=2022-08-29T00:00:00+00:00
[2022-08-29T12:45:01.759-0400] {logging_mixin.py:115} INFO - [2022-08-29T12:45:01.759-0400] {dag.py:2977} INFO - Setting next_dagrun for example_branch_datetime_operator_2 to 2022-08-28T00:00:00+00:00, run_after=2022-08-29T00:00:00+00:00
[2022-08-29T12:45:01.793-0400] {processor.py:161} INFO - Processing /home/augenz/PycharmProjects/airflow/.env_airflow/lib/python3.9/site-packages/airflow/example_dags/example_branch_datetime_operator.py took 0.580 seconds
[2022-08-29T12:45:32.652-0400] {processor.py:153} INFO - Started process (PID=1303) to work on /home/augenz/PycharmProjects/airflow/.env_airflow/lib/python3.9/site-packages/airflow/example_dags/example_branch_datetime_operator.py
[2022-08-29T12:45:32.658-0400] {processor.py:640} INFO - Processing file /home/augenz/PycharmProjects/airflow/.env_airflow/lib/python3.9/site-packages/airflow/example_dags/example_branch_datetime_operator.py for tasks to queue
[2022-08-29T12:45:32.659-0400] {logging_mixin.py:115} INFO - [2022-08-29T12:45:32.659-0400] {dagbag.py:508} INFO - Filling up the DagBag from /home/augenz/PycharmProjects/airflow/.env_airflow/lib/python3.9/site-packages/airflow/example_dags/example_branch_datetime_operator.py
[2022-08-29T12:45:32.673-0400] {processor.py:650} INFO - DAG(s) dict_keys(['example_branch_datetime_operator', 'example_branch_datetime_operator_2']) retrieved from /home/augenz/PycharmProjects/airflow/.env_airflow/lib/python3.9/site-packages/airflow/example_dags/example_branch_datetime_operator.py
[2022-08-29T12:45:33.170-0400] {logging_mixin.py:115} INFO - [2022-08-29T12:45:33.170-0400] {dag.py:2429} INFO - Sync 2 DAGs
[2022-08-29T12:45:33.200-0400] {logging_mixin.py:115} INFO - [2022-08-29T12:45:33.200-0400] {dag.py:2977} INFO - Setting next_dagrun for example_branch_datetime_operator to 2022-08-28T00:00:00+00:00, run_after=2022-08-29T00:00:00+00:00
[2022-08-29T12:45:33.203-0400] {logging_mixin.py:115} INFO - [2022-08-29T12:45:33.203-0400] {dag.py:2977} INFO - Setting next_dagrun for example_branch_datetime_operator_2 to 2022-08-28T00:00:00+00:00, run_after=2022-08-29T00:00:00+00:00
[2022-08-29T12:45:33.256-0400] {processor.py:161} INFO - Processing /home/augenz/PycharmProjects/airflow/.env_airflow/lib/python3.9/site-packages/airflow/example_dags/example_branch_datetime_operator.py took 0.608 seconds
[2022-08-29T12:46:03.417-0400] {processor.py:153} INFO - Started process (PID=1338) to work on /home/augenz/PycharmProjects/airflow/.env_airflow/lib/python3.9/site-packages/airflow/example_dags/example_branch_datetime_operator.py
[2022-08-29T12:46:03.422-0400] {processor.py:640} INFO - Processing file /home/augenz/PycharmProjects/airflow/.env_airflow/lib/python3.9/site-packages/airflow/example_dags/example_branch_datetime_operator.py for tasks to queue
[2022-08-29T12:46:03.423-0400] {logging_mixin.py:115} INFO - [2022-08-29T12:46:03.423-0400] {dagbag.py:508} INFO - Filling up the DagBag from /home/augenz/PycharmProjects/airflow/.env_airflow/lib/python3.9/site-packages/airflow/example_dags/example_branch_datetime_operator.py
[2022-08-29T12:46:03.445-0400] {processor.py:650} INFO - DAG(s) dict_keys(['example_branch_datetime_operator', 'example_branch_datetime_operator_2']) retrieved from /home/augenz/PycharmProjects/airflow/.env_airflow/lib/python3.9/site-packages/airflow/example_dags/example_branch_datetime_operator.py
[2022-08-29T12:46:03.919-0400] {logging_mixin.py:115} INFO - [2022-08-29T12:46:03.919-0400] {dag.py:2429} INFO - Sync 2 DAGs
[2022-08-29T12:46:03.955-0400] {logging_mixin.py:115} INFO - [2022-08-29T12:46:03.955-0400] {dag.py:2977} INFO - Setting next_dagrun for example_branch_datetime_operator to 2022-08-28T00:00:00+00:00, run_after=2022-08-29T00:00:00+00:00
[2022-08-29T12:46:03.959-0400] {logging_mixin.py:115} INFO - [2022-08-29T12:46:03.958-0400] {dag.py:2977} INFO - Setting next_dagrun for example_branch_datetime_operator_2 to 2022-08-28T00:00:00+00:00, run_after=2022-08-29T00:00:00+00:00
[2022-08-29T12:46:04.002-0400] {processor.py:161} INFO - Processing /home/augenz/PycharmProjects/airflow/.env_airflow/lib/python3.9/site-packages/airflow/example_dags/example_branch_datetime_operator.py took 0.590 seconds
[2022-08-29T12:46:34.825-0400] {processor.py:153} INFO - Started process (PID=1372) to work on /home/augenz/PycharmProjects/airflow/.env_airflow/lib/python3.9/site-packages/airflow/example_dags/example_branch_datetime_operator.py
[2022-08-29T12:46:34.826-0400] {processor.py:640} INFO - Processing file /home/augenz/PycharmProjects/airflow/.env_airflow/lib/python3.9/site-packages/airflow/example_dags/example_branch_datetime_operator.py for tasks to queue
[2022-08-29T12:46:34.827-0400] {logging_mixin.py:115} INFO - [2022-08-29T12:46:34.827-0400] {dagbag.py:508} INFO - Filling up the DagBag from /home/augenz/PycharmProjects/airflow/.env_airflow/lib/python3.9/site-packages/airflow/example_dags/example_branch_datetime_operator.py
[2022-08-29T12:46:34.844-0400] {processor.py:650} INFO - DAG(s) dict_keys(['example_branch_datetime_operator', 'example_branch_datetime_operator_2']) retrieved from /home/augenz/PycharmProjects/airflow/.env_airflow/lib/python3.9/site-packages/airflow/example_dags/example_branch_datetime_operator.py
[2022-08-29T12:46:35.371-0400] {logging_mixin.py:115} INFO - [2022-08-29T12:46:35.371-0400] {dag.py:2429} INFO - Sync 2 DAGs
[2022-08-29T12:46:35.401-0400] {logging_mixin.py:115} INFO - [2022-08-29T12:46:35.400-0400] {dag.py:2977} INFO - Setting next_dagrun for example_branch_datetime_operator to 2022-08-28T00:00:00+00:00, run_after=2022-08-29T00:00:00+00:00
[2022-08-29T12:46:35.407-0400] {logging_mixin.py:115} INFO - [2022-08-29T12:46:35.407-0400] {dag.py:2977} INFO - Setting next_dagrun for example_branch_datetime_operator_2 to 2022-08-28T00:00:00+00:00, run_after=2022-08-29T00:00:00+00:00
[2022-08-29T12:46:35.448-0400] {processor.py:161} INFO - Processing /home/augenz/PycharmProjects/airflow/.env_airflow/lib/python3.9/site-packages/airflow/example_dags/example_branch_datetime_operator.py took 0.628 seconds
[2022-08-29T12:47:05.746-0400] {processor.py:153} INFO - Started process (PID=1407) to work on /home/augenz/PycharmProjects/airflow/.env_airflow/lib/python3.9/site-packages/airflow/example_dags/example_branch_datetime_operator.py
[2022-08-29T12:47:05.750-0400] {processor.py:640} INFO - Processing file /home/augenz/PycharmProjects/airflow/.env_airflow/lib/python3.9/site-packages/airflow/example_dags/example_branch_datetime_operator.py for tasks to queue
[2022-08-29T12:47:05.752-0400] {logging_mixin.py:115} INFO - [2022-08-29T12:47:05.752-0400] {dagbag.py:508} INFO - Filling up the DagBag from /home/augenz/PycharmProjects/airflow/.env_airflow/lib/python3.9/site-packages/airflow/example_dags/example_branch_datetime_operator.py
[2022-08-29T12:47:05.772-0400] {processor.py:650} INFO - DAG(s) dict_keys(['example_branch_datetime_operator', 'example_branch_datetime_operator_2']) retrieved from /home/augenz/PycharmProjects/airflow/.env_airflow/lib/python3.9/site-packages/airflow/example_dags/example_branch_datetime_operator.py
[2022-08-29T12:47:06.284-0400] {logging_mixin.py:115} INFO - [2022-08-29T12:47:06.284-0400] {dag.py:2429} INFO - Sync 2 DAGs
[2022-08-29T12:47:06.314-0400] {logging_mixin.py:115} INFO - [2022-08-29T12:47:06.314-0400] {dag.py:2977} INFO - Setting next_dagrun for example_branch_datetime_operator to 2022-08-28T00:00:00+00:00, run_after=2022-08-29T00:00:00+00:00
[2022-08-29T12:47:06.317-0400] {logging_mixin.py:115} INFO - [2022-08-29T12:47:06.317-0400] {dag.py:2977} INFO - Setting next_dagrun for example_branch_datetime_operator_2 to 2022-08-28T00:00:00+00:00, run_after=2022-08-29T00:00:00+00:00
[2022-08-29T12:47:06.353-0400] {processor.py:161} INFO - Processing /home/augenz/PycharmProjects/airflow/.env_airflow/lib/python3.9/site-packages/airflow/example_dags/example_branch_datetime_operator.py took 0.614 seconds
[2022-08-29T12:47:36.401-0400] {processor.py:153} INFO - Started process (PID=1449) to work on /home/augenz/PycharmProjects/airflow/.env_airflow/lib/python3.9/site-packages/airflow/example_dags/example_branch_datetime_operator.py
[2022-08-29T12:47:36.406-0400] {processor.py:640} INFO - Processing file /home/augenz/PycharmProjects/airflow/.env_airflow/lib/python3.9/site-packages/airflow/example_dags/example_branch_datetime_operator.py for tasks to queue
[2022-08-29T12:47:36.408-0400] {logging_mixin.py:115} INFO - [2022-08-29T12:47:36.408-0400] {dagbag.py:508} INFO - Filling up the DagBag from /home/augenz/PycharmProjects/airflow/.env_airflow/lib/python3.9/site-packages/airflow/example_dags/example_branch_datetime_operator.py
[2022-08-29T12:47:36.425-0400] {processor.py:650} INFO - DAG(s) dict_keys(['example_branch_datetime_operator', 'example_branch_datetime_operator_2']) retrieved from /home/augenz/PycharmProjects/airflow/.env_airflow/lib/python3.9/site-packages/airflow/example_dags/example_branch_datetime_operator.py
[2022-08-29T12:47:37.044-0400] {logging_mixin.py:115} INFO - [2022-08-29T12:47:37.043-0400] {dag.py:2429} INFO - Sync 2 DAGs
[2022-08-29T12:47:37.073-0400] {logging_mixin.py:115} INFO - [2022-08-29T12:47:37.073-0400] {dag.py:2977} INFO - Setting next_dagrun for example_branch_datetime_operator to 2022-08-28T00:00:00+00:00, run_after=2022-08-29T00:00:00+00:00
[2022-08-29T12:47:37.078-0400] {logging_mixin.py:115} INFO - [2022-08-29T12:47:37.078-0400] {dag.py:2977} INFO - Setting next_dagrun for example_branch_datetime_operator_2 to 2022-08-28T00:00:00+00:00, run_after=2022-08-29T00:00:00+00:00
[2022-08-29T12:47:37.135-0400] {processor.py:161} INFO - Processing /home/augenz/PycharmProjects/airflow/.env_airflow/lib/python3.9/site-packages/airflow/example_dags/example_branch_datetime_operator.py took 0.739 seconds
[2022-08-29T12:48:07.550-0400] {processor.py:153} INFO - Started process (PID=1483) to work on /home/augenz/PycharmProjects/airflow/.env_airflow/lib/python3.9/site-packages/airflow/example_dags/example_branch_datetime_operator.py
[2022-08-29T12:48:07.564-0400] {processor.py:640} INFO - Processing file /home/augenz/PycharmProjects/airflow/.env_airflow/lib/python3.9/site-packages/airflow/example_dags/example_branch_datetime_operator.py for tasks to queue
[2022-08-29T12:48:07.565-0400] {logging_mixin.py:115} INFO - [2022-08-29T12:48:07.564-0400] {dagbag.py:508} INFO - Filling up the DagBag from /home/augenz/PycharmProjects/airflow/.env_airflow/lib/python3.9/site-packages/airflow/example_dags/example_branch_datetime_operator.py
[2022-08-29T12:48:07.581-0400] {processor.py:650} INFO - DAG(s) dict_keys(['example_branch_datetime_operator', 'example_branch_datetime_operator_2']) retrieved from /home/augenz/PycharmProjects/airflow/.env_airflow/lib/python3.9/site-packages/airflow/example_dags/example_branch_datetime_operator.py
[2022-08-29T12:48:08.180-0400] {logging_mixin.py:115} INFO - [2022-08-29T12:48:08.179-0400] {dag.py:2429} INFO - Sync 2 DAGs
[2022-08-29T12:48:08.209-0400] {logging_mixin.py:115} INFO - [2022-08-29T12:48:08.209-0400] {dag.py:2977} INFO - Setting next_dagrun for example_branch_datetime_operator to 2022-08-28T00:00:00+00:00, run_after=2022-08-29T00:00:00+00:00
[2022-08-29T12:48:08.212-0400] {logging_mixin.py:115} INFO - [2022-08-29T12:48:08.212-0400] {dag.py:2977} INFO - Setting next_dagrun for example_branch_datetime_operator_2 to 2022-08-28T00:00:00+00:00, run_after=2022-08-29T00:00:00+00:00
[2022-08-29T12:48:08.257-0400] {processor.py:161} INFO - Processing /home/augenz/PycharmProjects/airflow/.env_airflow/lib/python3.9/site-packages/airflow/example_dags/example_branch_datetime_operator.py took 0.713 seconds
[2022-08-29T12:48:38.685-0400] {processor.py:153} INFO - Started process (PID=1518) to work on /home/augenz/PycharmProjects/airflow/.env_airflow/lib/python3.9/site-packages/airflow/example_dags/example_branch_datetime_operator.py
[2022-08-29T12:48:38.689-0400] {processor.py:640} INFO - Processing file /home/augenz/PycharmProjects/airflow/.env_airflow/lib/python3.9/site-packages/airflow/example_dags/example_branch_datetime_operator.py for tasks to queue
[2022-08-29T12:48:38.690-0400] {logging_mixin.py:115} INFO - [2022-08-29T12:48:38.690-0400] {dagbag.py:508} INFO - Filling up the DagBag from /home/augenz/PycharmProjects/airflow/.env_airflow/lib/python3.9/site-packages/airflow/example_dags/example_branch_datetime_operator.py
[2022-08-29T12:48:38.711-0400] {processor.py:650} INFO - DAG(s) dict_keys(['example_branch_datetime_operator', 'example_branch_datetime_operator_2']) retrieved from /home/augenz/PycharmProjects/airflow/.env_airflow/lib/python3.9/site-packages/airflow/example_dags/example_branch_datetime_operator.py
[2022-08-29T12:48:39.222-0400] {logging_mixin.py:115} INFO - [2022-08-29T12:48:39.222-0400] {dag.py:2429} INFO - Sync 2 DAGs
[2022-08-29T12:48:39.252-0400] {logging_mixin.py:115} INFO - [2022-08-29T12:48:39.252-0400] {dag.py:2977} INFO - Setting next_dagrun for example_branch_datetime_operator to 2022-08-28T00:00:00+00:00, run_after=2022-08-29T00:00:00+00:00
[2022-08-29T12:48:39.256-0400] {logging_mixin.py:115} INFO - [2022-08-29T12:48:39.255-0400] {dag.py:2977} INFO - Setting next_dagrun for example_branch_datetime_operator_2 to 2022-08-28T00:00:00+00:00, run_after=2022-08-29T00:00:00+00:00
[2022-08-29T12:48:39.305-0400] {processor.py:161} INFO - Processing /home/augenz/PycharmProjects/airflow/.env_airflow/lib/python3.9/site-packages/airflow/example_dags/example_branch_datetime_operator.py took 0.624 seconds
[2022-08-29T12:49:10.285-0400] {processor.py:153} INFO - Started process (PID=1552) to work on /home/augenz/PycharmProjects/airflow/.env_airflow/lib/python3.9/site-packages/airflow/example_dags/example_branch_datetime_operator.py
[2022-08-29T12:49:10.290-0400] {processor.py:640} INFO - Processing file /home/augenz/PycharmProjects/airflow/.env_airflow/lib/python3.9/site-packages/airflow/example_dags/example_branch_datetime_operator.py for tasks to queue
[2022-08-29T12:49:10.291-0400] {logging_mixin.py:115} INFO - [2022-08-29T12:49:10.290-0400] {dagbag.py:508} INFO - Filling up the DagBag from /home/augenz/PycharmProjects/airflow/.env_airflow/lib/python3.9/site-packages/airflow/example_dags/example_branch_datetime_operator.py
[2022-08-29T12:49:10.304-0400] {processor.py:650} INFO - DAG(s) dict_keys(['example_branch_datetime_operator', 'example_branch_datetime_operator_2']) retrieved from /home/augenz/PycharmProjects/airflow/.env_airflow/lib/python3.9/site-packages/airflow/example_dags/example_branch_datetime_operator.py
[2022-08-29T12:49:10.762-0400] {logging_mixin.py:115} INFO - [2022-08-29T12:49:10.762-0400] {dag.py:2429} INFO - Sync 2 DAGs
[2022-08-29T12:49:10.792-0400] {logging_mixin.py:115} INFO - [2022-08-29T12:49:10.792-0400] {dag.py:2977} INFO - Setting next_dagrun for example_branch_datetime_operator to 2022-08-28T00:00:00+00:00, run_after=2022-08-29T00:00:00+00:00
[2022-08-29T12:49:10.796-0400] {logging_mixin.py:115} INFO - [2022-08-29T12:49:10.796-0400] {dag.py:2977} INFO - Setting next_dagrun for example_branch_datetime_operator_2 to 2022-08-28T00:00:00+00:00, run_after=2022-08-29T00:00:00+00:00
[2022-08-29T12:49:10.857-0400] {processor.py:161} INFO - Processing /home/augenz/PycharmProjects/airflow/.env_airflow/lib/python3.9/site-packages/airflow/example_dags/example_branch_datetime_operator.py took 0.579 seconds
[2022-08-29T12:49:41.140-0400] {processor.py:153} INFO - Started process (PID=1596) to work on /home/augenz/PycharmProjects/airflow/.env_airflow/lib/python3.9/site-packages/airflow/example_dags/example_branch_datetime_operator.py
[2022-08-29T12:49:41.156-0400] {processor.py:640} INFO - Processing file /home/augenz/PycharmProjects/airflow/.env_airflow/lib/python3.9/site-packages/airflow/example_dags/example_branch_datetime_operator.py for tasks to queue
[2022-08-29T12:49:41.157-0400] {logging_mixin.py:115} INFO - [2022-08-29T12:49:41.157-0400] {dagbag.py:508} INFO - Filling up the DagBag from /home/augenz/PycharmProjects/airflow/.env_airflow/lib/python3.9/site-packages/airflow/example_dags/example_branch_datetime_operator.py
[2022-08-29T12:49:41.173-0400] {processor.py:650} INFO - DAG(s) dict_keys(['example_branch_datetime_operator', 'example_branch_datetime_operator_2']) retrieved from /home/augenz/PycharmProjects/airflow/.env_airflow/lib/python3.9/site-packages/airflow/example_dags/example_branch_datetime_operator.py
[2022-08-29T12:49:41.836-0400] {logging_mixin.py:115} INFO - [2022-08-29T12:49:41.835-0400] {dag.py:2429} INFO - Sync 2 DAGs
[2022-08-29T12:49:41.870-0400] {logging_mixin.py:115} INFO - [2022-08-29T12:49:41.870-0400] {dag.py:2977} INFO - Setting next_dagrun for example_branch_datetime_operator to 2022-08-28T00:00:00+00:00, run_after=2022-08-29T00:00:00+00:00
[2022-08-29T12:49:41.874-0400] {logging_mixin.py:115} INFO - [2022-08-29T12:49:41.873-0400] {dag.py:2977} INFO - Setting next_dagrun for example_branch_datetime_operator_2 to 2022-08-28T00:00:00+00:00, run_after=2022-08-29T00:00:00+00:00
[2022-08-29T12:49:41.972-0400] {processor.py:161} INFO - Processing /home/augenz/PycharmProjects/airflow/.env_airflow/lib/python3.9/site-packages/airflow/example_dags/example_branch_datetime_operator.py took 0.837 seconds
[2022-08-29T12:50:12.626-0400] {processor.py:153} INFO - Started process (PID=1630) to work on /home/augenz/PycharmProjects/airflow/.env_airflow/lib/python3.9/site-packages/airflow/example_dags/example_branch_datetime_operator.py
[2022-08-29T12:50:12.630-0400] {processor.py:640} INFO - Processing file /home/augenz/PycharmProjects/airflow/.env_airflow/lib/python3.9/site-packages/airflow/example_dags/example_branch_datetime_operator.py for tasks to queue
[2022-08-29T12:50:12.632-0400] {logging_mixin.py:115} INFO - [2022-08-29T12:50:12.631-0400] {dagbag.py:508} INFO - Filling up the DagBag from /home/augenz/PycharmProjects/airflow/.env_airflow/lib/python3.9/site-packages/airflow/example_dags/example_branch_datetime_operator.py
[2022-08-29T12:50:12.647-0400] {processor.py:650} INFO - DAG(s) dict_keys(['example_branch_datetime_operator', 'example_branch_datetime_operator_2']) retrieved from /home/augenz/PycharmProjects/airflow/.env_airflow/lib/python3.9/site-packages/airflow/example_dags/example_branch_datetime_operator.py
[2022-08-29T12:50:13.127-0400] {logging_mixin.py:115} INFO - [2022-08-29T12:50:13.127-0400] {dag.py:2429} INFO - Sync 2 DAGs
[2022-08-29T12:50:13.157-0400] {logging_mixin.py:115} INFO - [2022-08-29T12:50:13.157-0400] {dag.py:2977} INFO - Setting next_dagrun for example_branch_datetime_operator to 2022-08-28T00:00:00+00:00, run_after=2022-08-29T00:00:00+00:00
[2022-08-29T12:50:13.161-0400] {logging_mixin.py:115} INFO - [2022-08-29T12:50:13.161-0400] {dag.py:2977} INFO - Setting next_dagrun for example_branch_datetime_operator_2 to 2022-08-28T00:00:00+00:00, run_after=2022-08-29T00:00:00+00:00
[2022-08-29T12:50:13.212-0400] {processor.py:161} INFO - Processing /home/augenz/PycharmProjects/airflow/.env_airflow/lib/python3.9/site-packages/airflow/example_dags/example_branch_datetime_operator.py took 0.591 seconds
[2022-08-29T12:50:43.431-0400] {processor.py:153} INFO - Started process (PID=1669) to work on /home/augenz/PycharmProjects/airflow/.env_airflow/lib/python3.9/site-packages/airflow/example_dags/example_branch_datetime_operator.py
[2022-08-29T12:50:43.436-0400] {processor.py:640} INFO - Processing file /home/augenz/PycharmProjects/airflow/.env_airflow/lib/python3.9/site-packages/airflow/example_dags/example_branch_datetime_operator.py for tasks to queue
[2022-08-29T12:50:43.437-0400] {logging_mixin.py:115} INFO - [2022-08-29T12:50:43.436-0400] {dagbag.py:508} INFO - Filling up the DagBag from /home/augenz/PycharmProjects/airflow/.env_airflow/lib/python3.9/site-packages/airflow/example_dags/example_branch_datetime_operator.py
[2022-08-29T12:50:43.453-0400] {processor.py:650} INFO - DAG(s) dict_keys(['example_branch_datetime_operator', 'example_branch_datetime_operator_2']) retrieved from /home/augenz/PycharmProjects/airflow/.env_airflow/lib/python3.9/site-packages/airflow/example_dags/example_branch_datetime_operator.py
[2022-08-29T12:50:43.953-0400] {logging_mixin.py:115} INFO - [2022-08-29T12:50:43.952-0400] {dag.py:2429} INFO - Sync 2 DAGs
[2022-08-29T12:50:43.983-0400] {logging_mixin.py:115} INFO - [2022-08-29T12:50:43.983-0400] {dag.py:2977} INFO - Setting next_dagrun for example_branch_datetime_operator to 2022-08-28T00:00:00+00:00, run_after=2022-08-29T00:00:00+00:00
[2022-08-29T12:50:43.986-0400] {logging_mixin.py:115} INFO - [2022-08-29T12:50:43.986-0400] {dag.py:2977} INFO - Setting next_dagrun for example_branch_datetime_operator_2 to 2022-08-28T00:00:00+00:00, run_after=2022-08-29T00:00:00+00:00
[2022-08-29T12:50:44.049-0400] {processor.py:161} INFO - Processing /home/augenz/PycharmProjects/airflow/.env_airflow/lib/python3.9/site-packages/airflow/example_dags/example_branch_datetime_operator.py took 0.625 seconds
[2022-08-29T12:51:14.689-0400] {processor.py:153} INFO - Started process (PID=1703) to work on /home/augenz/PycharmProjects/airflow/.env_airflow/lib/python3.9/site-packages/airflow/example_dags/example_branch_datetime_operator.py
[2022-08-29T12:51:14.708-0400] {processor.py:640} INFO - Processing file /home/augenz/PycharmProjects/airflow/.env_airflow/lib/python3.9/site-packages/airflow/example_dags/example_branch_datetime_operator.py for tasks to queue
[2022-08-29T12:51:14.709-0400] {logging_mixin.py:115} INFO - [2022-08-29T12:51:14.708-0400] {dagbag.py:508} INFO - Filling up the DagBag from /home/augenz/PycharmProjects/airflow/.env_airflow/lib/python3.9/site-packages/airflow/example_dags/example_branch_datetime_operator.py
[2022-08-29T12:51:14.724-0400] {processor.py:650} INFO - DAG(s) dict_keys(['example_branch_datetime_operator', 'example_branch_datetime_operator_2']) retrieved from /home/augenz/PycharmProjects/airflow/.env_airflow/lib/python3.9/site-packages/airflow/example_dags/example_branch_datetime_operator.py
[2022-08-29T12:51:15.193-0400] {logging_mixin.py:115} INFO - [2022-08-29T12:51:15.193-0400] {dag.py:2429} INFO - Sync 2 DAGs
[2022-08-29T12:51:15.224-0400] {logging_mixin.py:115} INFO - [2022-08-29T12:51:15.223-0400] {dag.py:2977} INFO - Setting next_dagrun for example_branch_datetime_operator to 2022-08-28T00:00:00+00:00, run_after=2022-08-29T00:00:00+00:00
[2022-08-29T12:51:15.227-0400] {logging_mixin.py:115} INFO - [2022-08-29T12:51:15.227-0400] {dag.py:2977} INFO - Setting next_dagrun for example_branch_datetime_operator_2 to 2022-08-28T00:00:00+00:00, run_after=2022-08-29T00:00:00+00:00
[2022-08-29T12:51:15.280-0400] {processor.py:161} INFO - Processing /home/augenz/PycharmProjects/airflow/.env_airflow/lib/python3.9/site-packages/airflow/example_dags/example_branch_datetime_operator.py took 0.596 seconds
[2022-08-29T12:51:45.550-0400] {processor.py:153} INFO - Started process (PID=1741) to work on /home/augenz/PycharmProjects/airflow/.env_airflow/lib/python3.9/site-packages/airflow/example_dags/example_branch_datetime_operator.py
[2022-08-29T12:51:45.554-0400] {processor.py:640} INFO - Processing file /home/augenz/PycharmProjects/airflow/.env_airflow/lib/python3.9/site-packages/airflow/example_dags/example_branch_datetime_operator.py for tasks to queue
[2022-08-29T12:51:45.556-0400] {logging_mixin.py:115} INFO - [2022-08-29T12:51:45.555-0400] {dagbag.py:508} INFO - Filling up the DagBag from /home/augenz/PycharmProjects/airflow/.env_airflow/lib/python3.9/site-packages/airflow/example_dags/example_branch_datetime_operator.py
[2022-08-29T12:51:45.572-0400] {processor.py:650} INFO - DAG(s) dict_keys(['example_branch_datetime_operator', 'example_branch_datetime_operator_2']) retrieved from /home/augenz/PycharmProjects/airflow/.env_airflow/lib/python3.9/site-packages/airflow/example_dags/example_branch_datetime_operator.py
[2022-08-29T12:51:46.036-0400] {logging_mixin.py:115} INFO - [2022-08-29T12:51:46.035-0400] {dag.py:2429} INFO - Sync 2 DAGs
[2022-08-29T12:51:46.066-0400] {logging_mixin.py:115} INFO - [2022-08-29T12:51:46.065-0400] {dag.py:2977} INFO - Setting next_dagrun for example_branch_datetime_operator to 2022-08-28T00:00:00+00:00, run_after=2022-08-29T00:00:00+00:00
[2022-08-29T12:51:46.069-0400] {logging_mixin.py:115} INFO - [2022-08-29T12:51:46.069-0400] {dag.py:2977} INFO - Setting next_dagrun for example_branch_datetime_operator_2 to 2022-08-28T00:00:00+00:00, run_after=2022-08-29T00:00:00+00:00
[2022-08-29T12:51:46.126-0400] {processor.py:161} INFO - Processing /home/augenz/PycharmProjects/airflow/.env_airflow/lib/python3.9/site-packages/airflow/example_dags/example_branch_datetime_operator.py took 0.581 seconds
[2022-08-29T12:52:16.594-0400] {processor.py:153} INFO - Started process (PID=1775) to work on /home/augenz/PycharmProjects/airflow/.env_airflow/lib/python3.9/site-packages/airflow/example_dags/example_branch_datetime_operator.py
[2022-08-29T12:52:16.599-0400] {processor.py:640} INFO - Processing file /home/augenz/PycharmProjects/airflow/.env_airflow/lib/python3.9/site-packages/airflow/example_dags/example_branch_datetime_operator.py for tasks to queue
[2022-08-29T12:52:16.601-0400] {logging_mixin.py:115} INFO - [2022-08-29T12:52:16.600-0400] {dagbag.py:508} INFO - Filling up the DagBag from /home/augenz/PycharmProjects/airflow/.env_airflow/lib/python3.9/site-packages/airflow/example_dags/example_branch_datetime_operator.py
[2022-08-29T12:52:16.620-0400] {processor.py:650} INFO - DAG(s) dict_keys(['example_branch_datetime_operator', 'example_branch_datetime_operator_2']) retrieved from /home/augenz/PycharmProjects/airflow/.env_airflow/lib/python3.9/site-packages/airflow/example_dags/example_branch_datetime_operator.py
[2022-08-29T12:52:17.085-0400] {logging_mixin.py:115} INFO - [2022-08-29T12:52:17.084-0400] {dag.py:2429} INFO - Sync 2 DAGs
[2022-08-29T12:52:17.115-0400] {logging_mixin.py:115} INFO - [2022-08-29T12:52:17.115-0400] {dag.py:2977} INFO - Setting next_dagrun for example_branch_datetime_operator to 2022-08-28T00:00:00+00:00, run_after=2022-08-29T00:00:00+00:00
[2022-08-29T12:52:17.118-0400] {logging_mixin.py:115} INFO - [2022-08-29T12:52:17.118-0400] {dag.py:2977} INFO - Setting next_dagrun for example_branch_datetime_operator_2 to 2022-08-28T00:00:00+00:00, run_after=2022-08-29T00:00:00+00:00
[2022-08-29T12:52:17.181-0400] {processor.py:161} INFO - Processing /home/augenz/PycharmProjects/airflow/.env_airflow/lib/python3.9/site-packages/airflow/example_dags/example_branch_datetime_operator.py took 0.594 seconds
[2022-08-29T12:52:47.269-0400] {processor.py:153} INFO - Started process (PID=1809) to work on /home/augenz/PycharmProjects/airflow/.env_airflow/lib/python3.9/site-packages/airflow/example_dags/example_branch_datetime_operator.py
[2022-08-29T12:52:47.273-0400] {processor.py:640} INFO - Processing file /home/augenz/PycharmProjects/airflow/.env_airflow/lib/python3.9/site-packages/airflow/example_dags/example_branch_datetime_operator.py for tasks to queue
[2022-08-29T12:52:47.274-0400] {logging_mixin.py:115} INFO - [2022-08-29T12:52:47.274-0400] {dagbag.py:508} INFO - Filling up the DagBag from /home/augenz/PycharmProjects/airflow/.env_airflow/lib/python3.9/site-packages/airflow/example_dags/example_branch_datetime_operator.py
[2022-08-29T12:52:47.290-0400] {processor.py:650} INFO - DAG(s) dict_keys(['example_branch_datetime_operator', 'example_branch_datetime_operator_2']) retrieved from /home/augenz/PycharmProjects/airflow/.env_airflow/lib/python3.9/site-packages/airflow/example_dags/example_branch_datetime_operator.py
[2022-08-29T12:52:47.754-0400] {logging_mixin.py:115} INFO - [2022-08-29T12:52:47.753-0400] {dag.py:2429} INFO - Sync 2 DAGs
[2022-08-29T12:52:47.784-0400] {logging_mixin.py:115} INFO - [2022-08-29T12:52:47.783-0400] {dag.py:2977} INFO - Setting next_dagrun for example_branch_datetime_operator to 2022-08-28T00:00:00+00:00, run_after=2022-08-29T00:00:00+00:00
[2022-08-29T12:52:47.787-0400] {logging_mixin.py:115} INFO - [2022-08-29T12:52:47.787-0400] {dag.py:2977} INFO - Setting next_dagrun for example_branch_datetime_operator_2 to 2022-08-28T00:00:00+00:00, run_after=2022-08-29T00:00:00+00:00
[2022-08-29T12:52:47.869-0400] {processor.py:161} INFO - Processing /home/augenz/PycharmProjects/airflow/.env_airflow/lib/python3.9/site-packages/airflow/example_dags/example_branch_datetime_operator.py took 0.607 seconds
[2022-08-29T12:53:18.384-0400] {processor.py:153} INFO - Started process (PID=1846) to work on /home/augenz/PycharmProjects/airflow/.env_airflow/lib/python3.9/site-packages/airflow/example_dags/example_branch_datetime_operator.py
[2022-08-29T12:53:18.402-0400] {processor.py:640} INFO - Processing file /home/augenz/PycharmProjects/airflow/.env_airflow/lib/python3.9/site-packages/airflow/example_dags/example_branch_datetime_operator.py for tasks to queue
[2022-08-29T12:53:18.404-0400] {logging_mixin.py:115} INFO - [2022-08-29T12:53:18.403-0400] {dagbag.py:508} INFO - Filling up the DagBag from /home/augenz/PycharmProjects/airflow/.env_airflow/lib/python3.9/site-packages/airflow/example_dags/example_branch_datetime_operator.py
[2022-08-29T12:53:18.420-0400] {processor.py:650} INFO - DAG(s) dict_keys(['example_branch_datetime_operator', 'example_branch_datetime_operator_2']) retrieved from /home/augenz/PycharmProjects/airflow/.env_airflow/lib/python3.9/site-packages/airflow/example_dags/example_branch_datetime_operator.py
[2022-08-29T12:53:18.894-0400] {logging_mixin.py:115} INFO - [2022-08-29T12:53:18.894-0400] {dag.py:2429} INFO - Sync 2 DAGs
[2022-08-29T12:53:18.924-0400] {logging_mixin.py:115} INFO - [2022-08-29T12:53:18.924-0400] {dag.py:2977} INFO - Setting next_dagrun for example_branch_datetime_operator to 2022-08-28T00:00:00+00:00, run_after=2022-08-29T00:00:00+00:00
[2022-08-29T12:53:18.927-0400] {logging_mixin.py:115} INFO - [2022-08-29T12:53:18.927-0400] {dag.py:2977} INFO - Setting next_dagrun for example_branch_datetime_operator_2 to 2022-08-28T00:00:00+00:00, run_after=2022-08-29T00:00:00+00:00
[2022-08-29T12:53:19.017-0400] {processor.py:161} INFO - Processing /home/augenz/PycharmProjects/airflow/.env_airflow/lib/python3.9/site-packages/airflow/example_dags/example_branch_datetime_operator.py took 0.638 seconds
[2022-08-29T12:53:49.772-0400] {processor.py:153} INFO - Started process (PID=1888) to work on /home/augenz/PycharmProjects/airflow/.env_airflow/lib/python3.9/site-packages/airflow/example_dags/example_branch_datetime_operator.py
[2022-08-29T12:53:49.776-0400] {processor.py:640} INFO - Processing file /home/augenz/PycharmProjects/airflow/.env_airflow/lib/python3.9/site-packages/airflow/example_dags/example_branch_datetime_operator.py for tasks to queue
[2022-08-29T12:53:49.778-0400] {logging_mixin.py:115} INFO - [2022-08-29T12:53:49.777-0400] {dagbag.py:508} INFO - Filling up the DagBag from /home/augenz/PycharmProjects/airflow/.env_airflow/lib/python3.9/site-packages/airflow/example_dags/example_branch_datetime_operator.py
[2022-08-29T12:53:49.801-0400] {processor.py:650} INFO - DAG(s) dict_keys(['example_branch_datetime_operator', 'example_branch_datetime_operator_2']) retrieved from /home/augenz/PycharmProjects/airflow/.env_airflow/lib/python3.9/site-packages/airflow/example_dags/example_branch_datetime_operator.py
[2022-08-29T12:53:50.317-0400] {logging_mixin.py:115} INFO - [2022-08-29T12:53:50.317-0400] {dag.py:2429} INFO - Sync 2 DAGs
[2022-08-29T12:53:50.346-0400] {logging_mixin.py:115} INFO - [2022-08-29T12:53:50.346-0400] {dag.py:2977} INFO - Setting next_dagrun for example_branch_datetime_operator to 2022-08-28T00:00:00+00:00, run_after=2022-08-29T00:00:00+00:00
[2022-08-29T12:53:50.350-0400] {logging_mixin.py:115} INFO - [2022-08-29T12:53:50.350-0400] {dag.py:2977} INFO - Setting next_dagrun for example_branch_datetime_operator_2 to 2022-08-28T00:00:00+00:00, run_after=2022-08-29T00:00:00+00:00
[2022-08-29T12:53:50.397-0400] {processor.py:161} INFO - Processing /home/augenz/PycharmProjects/airflow/.env_airflow/lib/python3.9/site-packages/airflow/example_dags/example_branch_datetime_operator.py took 0.633 seconds
