[2022-08-29T12:33:16.087-0400] {processor.py:153} INFO - Started process (PID=379) to work on /home/augenz/PycharmProjects/airflow/.env_airflow/lib/python3.9/site-packages/airflow/example_dags/example_trigger_target_dag.py
[2022-08-29T12:33:16.089-0400] {processor.py:640} INFO - Processing file /home/augenz/PycharmProjects/airflow/.env_airflow/lib/python3.9/site-packages/airflow/example_dags/example_trigger_target_dag.py for tasks to queue
[2022-08-29T12:33:16.090-0400] {logging_mixin.py:115} INFO - [2022-08-29T12:33:16.089-0400] {dagbag.py:508} INFO - Filling up the DagBag from /home/augenz/PycharmProjects/airflow/.env_airflow/lib/python3.9/site-packages/airflow/example_dags/example_trigger_target_dag.py
[2022-08-29T12:33:16.112-0400] {processor.py:650} INFO - DAG(s) dict_keys(['example_trigger_target_dag']) retrieved from /home/augenz/PycharmProjects/airflow/.env_airflow/lib/python3.9/site-packages/airflow/example_dags/example_trigger_target_dag.py
[2022-08-29T12:33:16.291-0400] {logging_mixin.py:115} INFO - [2022-08-29T12:33:16.291-0400] {manager.py:508} INFO - Created Permission View: can delete on DAG:example_trigger_target_dag
[2022-08-29T12:33:16.332-0400] {logging_mixin.py:115} INFO - [2022-08-29T12:33:16.332-0400] {manager.py:508} INFO - Created Permission View: can read on DAG:example_trigger_target_dag
[2022-08-29T12:33:16.366-0400] {logging_mixin.py:115} INFO - [2022-08-29T12:33:16.365-0400] {manager.py:508} INFO - Created Permission View: can edit on DAG:example_trigger_target_dag
[2022-08-29T12:33:16.367-0400] {logging_mixin.py:115} INFO - [2022-08-29T12:33:16.366-0400] {dag.py:2429} INFO - Sync 1 DAGs
[2022-08-29T12:33:16.387-0400] {logging_mixin.py:115} INFO - [2022-08-29T12:33:16.387-0400] {dag.py:2448} INFO - Creating ORM DAG for example_trigger_target_dag
[2022-08-29T12:33:16.409-0400] {logging_mixin.py:115} INFO - [2022-08-29T12:33:16.408-0400] {dag.py:2977} INFO - Setting next_dagrun for example_trigger_target_dag to None, run_after=None
[2022-08-29T12:33:16.481-0400] {processor.py:161} INFO - Processing /home/augenz/PycharmProjects/airflow/.env_airflow/lib/python3.9/site-packages/airflow/example_dags/example_trigger_target_dag.py took 0.401 seconds
[2022-08-29T12:33:47.120-0400] {processor.py:153} INFO - Started process (PID=419) to work on /home/augenz/PycharmProjects/airflow/.env_airflow/lib/python3.9/site-packages/airflow/example_dags/example_trigger_target_dag.py
[2022-08-29T12:33:47.135-0400] {processor.py:640} INFO - Processing file /home/augenz/PycharmProjects/airflow/.env_airflow/lib/python3.9/site-packages/airflow/example_dags/example_trigger_target_dag.py for tasks to queue
[2022-08-29T12:33:47.136-0400] {logging_mixin.py:115} INFO - [2022-08-29T12:33:47.136-0400] {dagbag.py:508} INFO - Filling up the DagBag from /home/augenz/PycharmProjects/airflow/.env_airflow/lib/python3.9/site-packages/airflow/example_dags/example_trigger_target_dag.py
[2022-08-29T12:33:47.162-0400] {processor.py:650} INFO - DAG(s) dict_keys(['example_trigger_target_dag']) retrieved from /home/augenz/PycharmProjects/airflow/.env_airflow/lib/python3.9/site-packages/airflow/example_dags/example_trigger_target_dag.py
[2022-08-29T12:33:47.203-0400] {logging_mixin.py:115} INFO - [2022-08-29T12:33:47.203-0400] {dag.py:2429} INFO - Sync 1 DAGs
[2022-08-29T12:33:47.235-0400] {logging_mixin.py:115} INFO - [2022-08-29T12:33:47.234-0400] {dag.py:2977} INFO - Setting next_dagrun for example_trigger_target_dag to None, run_after=None
[2022-08-29T12:33:47.269-0400] {processor.py:161} INFO - Processing /home/augenz/PycharmProjects/airflow/.env_airflow/lib/python3.9/site-packages/airflow/example_dags/example_trigger_target_dag.py took 0.156 seconds
[2022-08-29T12:34:17.731-0400] {processor.py:153} INFO - Started process (PID=454) to work on /home/augenz/PycharmProjects/airflow/.env_airflow/lib/python3.9/site-packages/airflow/example_dags/example_trigger_target_dag.py
[2022-08-29T12:34:17.735-0400] {processor.py:640} INFO - Processing file /home/augenz/PycharmProjects/airflow/.env_airflow/lib/python3.9/site-packages/airflow/example_dags/example_trigger_target_dag.py for tasks to queue
[2022-08-29T12:34:17.736-0400] {logging_mixin.py:115} INFO - [2022-08-29T12:34:17.736-0400] {dagbag.py:508} INFO - Filling up the DagBag from /home/augenz/PycharmProjects/airflow/.env_airflow/lib/python3.9/site-packages/airflow/example_dags/example_trigger_target_dag.py
[2022-08-29T12:34:17.775-0400] {processor.py:650} INFO - DAG(s) dict_keys(['example_trigger_target_dag']) retrieved from /home/augenz/PycharmProjects/airflow/.env_airflow/lib/python3.9/site-packages/airflow/example_dags/example_trigger_target_dag.py
[2022-08-29T12:34:17.830-0400] {logging_mixin.py:115} INFO - [2022-08-29T12:34:17.829-0400] {dag.py:2429} INFO - Sync 1 DAGs
[2022-08-29T12:34:17.878-0400] {logging_mixin.py:115} INFO - [2022-08-29T12:34:17.878-0400] {dag.py:2977} INFO - Setting next_dagrun for example_trigger_target_dag to None, run_after=None
[2022-08-29T12:34:17.929-0400] {processor.py:161} INFO - Processing /home/augenz/PycharmProjects/airflow/.env_airflow/lib/python3.9/site-packages/airflow/example_dags/example_trigger_target_dag.py took 0.205 seconds
[2022-08-29T12:34:48.416-0400] {processor.py:153} INFO - Started process (PID=489) to work on /home/augenz/PycharmProjects/airflow/.env_airflow/lib/python3.9/site-packages/airflow/example_dags/example_trigger_target_dag.py
[2022-08-29T12:34:48.419-0400] {processor.py:640} INFO - Processing file /home/augenz/PycharmProjects/airflow/.env_airflow/lib/python3.9/site-packages/airflow/example_dags/example_trigger_target_dag.py for tasks to queue
[2022-08-29T12:34:48.421-0400] {logging_mixin.py:115} INFO - [2022-08-29T12:34:48.420-0400] {dagbag.py:508} INFO - Filling up the DagBag from /home/augenz/PycharmProjects/airflow/.env_airflow/lib/python3.9/site-packages/airflow/example_dags/example_trigger_target_dag.py
[2022-08-29T12:34:48.459-0400] {processor.py:650} INFO - DAG(s) dict_keys(['example_trigger_target_dag']) retrieved from /home/augenz/PycharmProjects/airflow/.env_airflow/lib/python3.9/site-packages/airflow/example_dags/example_trigger_target_dag.py
[2022-08-29T12:34:48.515-0400] {logging_mixin.py:115} INFO - [2022-08-29T12:34:48.514-0400] {dag.py:2429} INFO - Sync 1 DAGs
[2022-08-29T12:34:48.567-0400] {logging_mixin.py:115} INFO - [2022-08-29T12:34:48.566-0400] {dag.py:2977} INFO - Setting next_dagrun for example_trigger_target_dag to None, run_after=None
[2022-08-29T12:34:48.616-0400] {processor.py:161} INFO - Processing /home/augenz/PycharmProjects/airflow/.env_airflow/lib/python3.9/site-packages/airflow/example_dags/example_trigger_target_dag.py took 0.207 seconds
[2022-08-29T12:35:19.108-0400] {processor.py:153} INFO - Started process (PID=546) to work on /home/augenz/PycharmProjects/airflow/.env_airflow/lib/python3.9/site-packages/airflow/example_dags/example_trigger_target_dag.py
[2022-08-29T12:35:19.109-0400] {processor.py:640} INFO - Processing file /home/augenz/PycharmProjects/airflow/.env_airflow/lib/python3.9/site-packages/airflow/example_dags/example_trigger_target_dag.py for tasks to queue
[2022-08-29T12:35:19.110-0400] {logging_mixin.py:115} INFO - [2022-08-29T12:35:19.110-0400] {dagbag.py:508} INFO - Filling up the DagBag from /home/augenz/PycharmProjects/airflow/.env_airflow/lib/python3.9/site-packages/airflow/example_dags/example_trigger_target_dag.py
[2022-08-29T12:35:19.133-0400] {processor.py:650} INFO - DAG(s) dict_keys(['example_trigger_target_dag']) retrieved from /home/augenz/PycharmProjects/airflow/.env_airflow/lib/python3.9/site-packages/airflow/example_dags/example_trigger_target_dag.py
[2022-08-29T12:35:19.178-0400] {logging_mixin.py:115} INFO - [2022-08-29T12:35:19.178-0400] {dag.py:2429} INFO - Sync 1 DAGs
[2022-08-29T12:35:19.212-0400] {logging_mixin.py:115} INFO - [2022-08-29T12:35:19.212-0400] {dag.py:2977} INFO - Setting next_dagrun for example_trigger_target_dag to None, run_after=None
[2022-08-29T12:35:19.251-0400] {processor.py:161} INFO - Processing /home/augenz/PycharmProjects/airflow/.env_airflow/lib/python3.9/site-packages/airflow/example_dags/example_trigger_target_dag.py took 0.148 seconds
[2022-08-29T12:35:50.947-0400] {processor.py:153} INFO - Started process (PID=589) to work on /home/augenz/PycharmProjects/airflow/.env_airflow/lib/python3.9/site-packages/airflow/example_dags/example_trigger_target_dag.py
[2022-08-29T12:35:50.948-0400] {processor.py:640} INFO - Processing file /home/augenz/PycharmProjects/airflow/.env_airflow/lib/python3.9/site-packages/airflow/example_dags/example_trigger_target_dag.py for tasks to queue
[2022-08-29T12:35:50.949-0400] {logging_mixin.py:115} INFO - [2022-08-29T12:35:50.949-0400] {dagbag.py:508} INFO - Filling up the DagBag from /home/augenz/PycharmProjects/airflow/.env_airflow/lib/python3.9/site-packages/airflow/example_dags/example_trigger_target_dag.py
[2022-08-29T12:35:50.985-0400] {processor.py:650} INFO - DAG(s) dict_keys(['example_trigger_target_dag']) retrieved from /home/augenz/PycharmProjects/airflow/.env_airflow/lib/python3.9/site-packages/airflow/example_dags/example_trigger_target_dag.py
[2022-08-29T12:35:51.495-0400] {logging_mixin.py:115} INFO - [2022-08-29T12:35:51.494-0400] {dag.py:2429} INFO - Sync 1 DAGs
[2022-08-29T12:35:51.522-0400] {logging_mixin.py:115} INFO - [2022-08-29T12:35:51.522-0400] {dag.py:2977} INFO - Setting next_dagrun for example_trigger_target_dag to None, run_after=None
[2022-08-29T12:35:51.562-0400] {processor.py:161} INFO - Processing /home/augenz/PycharmProjects/airflow/.env_airflow/lib/python3.9/site-packages/airflow/example_dags/example_trigger_target_dag.py took 0.620 seconds
[2022-08-29T12:36:22.109-0400] {processor.py:153} INFO - Started process (PID=623) to work on /home/augenz/PycharmProjects/airflow/.env_airflow/lib/python3.9/site-packages/airflow/example_dags/example_trigger_target_dag.py
[2022-08-29T12:36:22.111-0400] {processor.py:640} INFO - Processing file /home/augenz/PycharmProjects/airflow/.env_airflow/lib/python3.9/site-packages/airflow/example_dags/example_trigger_target_dag.py for tasks to queue
[2022-08-29T12:36:22.111-0400] {logging_mixin.py:115} INFO - [2022-08-29T12:36:22.111-0400] {dagbag.py:508} INFO - Filling up the DagBag from /home/augenz/PycharmProjects/airflow/.env_airflow/lib/python3.9/site-packages/airflow/example_dags/example_trigger_target_dag.py
[2022-08-29T12:36:22.133-0400] {processor.py:650} INFO - DAG(s) dict_keys(['example_trigger_target_dag']) retrieved from /home/augenz/PycharmProjects/airflow/.env_airflow/lib/python3.9/site-packages/airflow/example_dags/example_trigger_target_dag.py
[2022-08-29T12:36:22.727-0400] {logging_mixin.py:115} INFO - [2022-08-29T12:36:22.727-0400] {dag.py:2429} INFO - Sync 1 DAGs
[2022-08-29T12:36:22.753-0400] {logging_mixin.py:115} INFO - [2022-08-29T12:36:22.753-0400] {dag.py:2977} INFO - Setting next_dagrun for example_trigger_target_dag to None, run_after=None
[2022-08-29T12:36:22.794-0400] {processor.py:161} INFO - Processing /home/augenz/PycharmProjects/airflow/.env_airflow/lib/python3.9/site-packages/airflow/example_dags/example_trigger_target_dag.py took 0.689 seconds
[2022-08-29T12:36:54.301-0400] {processor.py:153} INFO - Started process (PID=674) to work on /home/augenz/PycharmProjects/airflow/.env_airflow/lib/python3.9/site-packages/airflow/example_dags/example_trigger_target_dag.py
[2022-08-29T12:36:54.303-0400] {processor.py:640} INFO - Processing file /home/augenz/PycharmProjects/airflow/.env_airflow/lib/python3.9/site-packages/airflow/example_dags/example_trigger_target_dag.py for tasks to queue
[2022-08-29T12:36:54.305-0400] {logging_mixin.py:115} INFO - [2022-08-29T12:36:54.304-0400] {dagbag.py:508} INFO - Filling up the DagBag from /home/augenz/PycharmProjects/airflow/.env_airflow/lib/python3.9/site-packages/airflow/example_dags/example_trigger_target_dag.py
[2022-08-29T12:36:54.370-0400] {processor.py:650} INFO - DAG(s) dict_keys(['example_trigger_target_dag']) retrieved from /home/augenz/PycharmProjects/airflow/.env_airflow/lib/python3.9/site-packages/airflow/example_dags/example_trigger_target_dag.py
[2022-08-29T12:36:55.354-0400] {logging_mixin.py:115} INFO - [2022-08-29T12:36:55.353-0400] {dag.py:2429} INFO - Sync 1 DAGs
[2022-08-29T12:36:55.417-0400] {logging_mixin.py:115} INFO - [2022-08-29T12:36:55.416-0400] {dag.py:2977} INFO - Setting next_dagrun for example_trigger_target_dag to None, run_after=None
[2022-08-29T12:36:55.472-0400] {processor.py:161} INFO - Processing /home/augenz/PycharmProjects/airflow/.env_airflow/lib/python3.9/site-packages/airflow/example_dags/example_trigger_target_dag.py took 1.178 seconds
[2022-08-29T12:37:29.969-0400] {processor.py:153} INFO - Started process (PID=715) to work on /home/augenz/PycharmProjects/airflow/.env_airflow/lib/python3.9/site-packages/airflow/example_dags/example_trigger_target_dag.py
[2022-08-29T12:37:29.996-0400] {processor.py:640} INFO - Processing file /home/augenz/PycharmProjects/airflow/.env_airflow/lib/python3.9/site-packages/airflow/example_dags/example_trigger_target_dag.py for tasks to queue
[2022-08-29T12:37:29.998-0400] {logging_mixin.py:115} INFO - [2022-08-29T12:37:29.997-0400] {dagbag.py:508} INFO - Filling up the DagBag from /home/augenz/PycharmProjects/airflow/.env_airflow/lib/python3.9/site-packages/airflow/example_dags/example_trigger_target_dag.py
[2022-08-29T12:37:30.286-0400] {processor.py:650} INFO - DAG(s) dict_keys(['example_trigger_target_dag']) retrieved from /home/augenz/PycharmProjects/airflow/.env_airflow/lib/python3.9/site-packages/airflow/example_dags/example_trigger_target_dag.py
[2022-08-29T12:37:32.325-0400] {logging_mixin.py:115} INFO - [2022-08-29T12:37:32.324-0400] {dag.py:2429} INFO - Sync 1 DAGs
[2022-08-29T12:37:32.400-0400] {logging_mixin.py:115} INFO - [2022-08-29T12:37:32.400-0400] {dag.py:2977} INFO - Setting next_dagrun for example_trigger_target_dag to None, run_after=None
[2022-08-29T12:37:32.567-0400] {processor.py:161} INFO - Processing /home/augenz/PycharmProjects/airflow/.env_airflow/lib/python3.9/site-packages/airflow/example_dags/example_trigger_target_dag.py took 2.628 seconds
[2022-08-29T12:38:02.985-0400] {processor.py:153} INFO - Started process (PID=774) to work on /home/augenz/PycharmProjects/airflow/.env_airflow/lib/python3.9/site-packages/airflow/example_dags/example_trigger_target_dag.py
[2022-08-29T12:38:03.047-0400] {processor.py:640} INFO - Processing file /home/augenz/PycharmProjects/airflow/.env_airflow/lib/python3.9/site-packages/airflow/example_dags/example_trigger_target_dag.py for tasks to queue
[2022-08-29T12:38:03.048-0400] {logging_mixin.py:115} INFO - [2022-08-29T12:38:03.048-0400] {dagbag.py:508} INFO - Filling up the DagBag from /home/augenz/PycharmProjects/airflow/.env_airflow/lib/python3.9/site-packages/airflow/example_dags/example_trigger_target_dag.py
[2022-08-29T12:38:03.109-0400] {processor.py:650} INFO - DAG(s) dict_keys(['example_trigger_target_dag']) retrieved from /home/augenz/PycharmProjects/airflow/.env_airflow/lib/python3.9/site-packages/airflow/example_dags/example_trigger_target_dag.py
[2022-08-29T12:38:04.109-0400] {logging_mixin.py:115} INFO - [2022-08-29T12:38:04.108-0400] {dag.py:2429} INFO - Sync 1 DAGs
[2022-08-29T12:38:04.177-0400] {logging_mixin.py:115} INFO - [2022-08-29T12:38:04.176-0400] {dag.py:2977} INFO - Setting next_dagrun for example_trigger_target_dag to None, run_after=None
[2022-08-29T12:38:04.251-0400] {processor.py:161} INFO - Processing /home/augenz/PycharmProjects/airflow/.env_airflow/lib/python3.9/site-packages/airflow/example_dags/example_trigger_target_dag.py took 1.278 seconds
[2022-08-29T12:38:35.080-0400] {processor.py:153} INFO - Started process (PID=813) to work on /home/augenz/PycharmProjects/airflow/.env_airflow/lib/python3.9/site-packages/airflow/example_dags/example_trigger_target_dag.py
[2022-08-29T12:38:35.084-0400] {processor.py:640} INFO - Processing file /home/augenz/PycharmProjects/airflow/.env_airflow/lib/python3.9/site-packages/airflow/example_dags/example_trigger_target_dag.py for tasks to queue
[2022-08-29T12:38:35.086-0400] {logging_mixin.py:115} INFO - [2022-08-29T12:38:35.085-0400] {dagbag.py:508} INFO - Filling up the DagBag from /home/augenz/PycharmProjects/airflow/.env_airflow/lib/python3.9/site-packages/airflow/example_dags/example_trigger_target_dag.py
[2022-08-29T12:38:35.145-0400] {processor.py:650} INFO - DAG(s) dict_keys(['example_trigger_target_dag']) retrieved from /home/augenz/PycharmProjects/airflow/.env_airflow/lib/python3.9/site-packages/airflow/example_dags/example_trigger_target_dag.py
[2022-08-29T12:38:35.750-0400] {logging_mixin.py:115} INFO - [2022-08-29T12:38:35.750-0400] {dag.py:2429} INFO - Sync 1 DAGs
[2022-08-29T12:38:35.813-0400] {logging_mixin.py:115} INFO - [2022-08-29T12:38:35.812-0400] {dag.py:2977} INFO - Setting next_dagrun for example_trigger_target_dag to None, run_after=None
[2022-08-29T12:38:35.864-0400] {processor.py:161} INFO - Processing /home/augenz/PycharmProjects/airflow/.env_airflow/lib/python3.9/site-packages/airflow/example_dags/example_trigger_target_dag.py took 0.790 seconds
[2022-08-29T12:39:06.674-0400] {processor.py:153} INFO - Started process (PID=848) to work on /home/augenz/PycharmProjects/airflow/.env_airflow/lib/python3.9/site-packages/airflow/example_dags/example_trigger_target_dag.py
[2022-08-29T12:39:06.679-0400] {processor.py:640} INFO - Processing file /home/augenz/PycharmProjects/airflow/.env_airflow/lib/python3.9/site-packages/airflow/example_dags/example_trigger_target_dag.py for tasks to queue
[2022-08-29T12:39:06.680-0400] {logging_mixin.py:115} INFO - [2022-08-29T12:39:06.680-0400] {dagbag.py:508} INFO - Filling up the DagBag from /home/augenz/PycharmProjects/airflow/.env_airflow/lib/python3.9/site-packages/airflow/example_dags/example_trigger_target_dag.py
[2022-08-29T12:39:06.703-0400] {processor.py:650} INFO - DAG(s) dict_keys(['example_trigger_target_dag']) retrieved from /home/augenz/PycharmProjects/airflow/.env_airflow/lib/python3.9/site-packages/airflow/example_dags/example_trigger_target_dag.py
[2022-08-29T12:39:07.167-0400] {logging_mixin.py:115} INFO - [2022-08-29T12:39:07.167-0400] {dag.py:2429} INFO - Sync 1 DAGs
[2022-08-29T12:39:07.194-0400] {logging_mixin.py:115} INFO - [2022-08-29T12:39:07.194-0400] {dag.py:2977} INFO - Setting next_dagrun for example_trigger_target_dag to None, run_after=None
[2022-08-29T12:39:07.229-0400] {processor.py:161} INFO - Processing /home/augenz/PycharmProjects/airflow/.env_airflow/lib/python3.9/site-packages/airflow/example_dags/example_trigger_target_dag.py took 0.562 seconds
[2022-08-29T12:39:37.622-0400] {processor.py:153} INFO - Started process (PID=882) to work on /home/augenz/PycharmProjects/airflow/.env_airflow/lib/python3.9/site-packages/airflow/example_dags/example_trigger_target_dag.py
[2022-08-29T12:39:37.626-0400] {processor.py:640} INFO - Processing file /home/augenz/PycharmProjects/airflow/.env_airflow/lib/python3.9/site-packages/airflow/example_dags/example_trigger_target_dag.py for tasks to queue
[2022-08-29T12:39:37.627-0400] {logging_mixin.py:115} INFO - [2022-08-29T12:39:37.627-0400] {dagbag.py:508} INFO - Filling up the DagBag from /home/augenz/PycharmProjects/airflow/.env_airflow/lib/python3.9/site-packages/airflow/example_dags/example_trigger_target_dag.py
[2022-08-29T12:39:37.652-0400] {processor.py:650} INFO - DAG(s) dict_keys(['example_trigger_target_dag']) retrieved from /home/augenz/PycharmProjects/airflow/.env_airflow/lib/python3.9/site-packages/airflow/example_dags/example_trigger_target_dag.py
[2022-08-29T12:39:38.118-0400] {logging_mixin.py:115} INFO - [2022-08-29T12:39:38.118-0400] {dag.py:2429} INFO - Sync 1 DAGs
[2022-08-29T12:39:38.145-0400] {logging_mixin.py:115} INFO - [2022-08-29T12:39:38.145-0400] {dag.py:2977} INFO - Setting next_dagrun for example_trigger_target_dag to None, run_after=None
[2022-08-29T12:39:38.205-0400] {processor.py:161} INFO - Processing /home/augenz/PycharmProjects/airflow/.env_airflow/lib/python3.9/site-packages/airflow/example_dags/example_trigger_target_dag.py took 0.588 seconds
[2022-08-29T12:40:08.649-0400] {processor.py:153} INFO - Started process (PID=921) to work on /home/augenz/PycharmProjects/airflow/.env_airflow/lib/python3.9/site-packages/airflow/example_dags/example_trigger_target_dag.py
[2022-08-29T12:40:08.654-0400] {processor.py:640} INFO - Processing file /home/augenz/PycharmProjects/airflow/.env_airflow/lib/python3.9/site-packages/airflow/example_dags/example_trigger_target_dag.py for tasks to queue
[2022-08-29T12:40:08.655-0400] {logging_mixin.py:115} INFO - [2022-08-29T12:40:08.654-0400] {dagbag.py:508} INFO - Filling up the DagBag from /home/augenz/PycharmProjects/airflow/.env_airflow/lib/python3.9/site-packages/airflow/example_dags/example_trigger_target_dag.py
[2022-08-29T12:40:08.679-0400] {processor.py:650} INFO - DAG(s) dict_keys(['example_trigger_target_dag']) retrieved from /home/augenz/PycharmProjects/airflow/.env_airflow/lib/python3.9/site-packages/airflow/example_dags/example_trigger_target_dag.py
[2022-08-29T12:40:09.282-0400] {logging_mixin.py:115} INFO - [2022-08-29T12:40:09.281-0400] {dag.py:2429} INFO - Sync 1 DAGs
[2022-08-29T12:40:09.307-0400] {logging_mixin.py:115} INFO - [2022-08-29T12:40:09.307-0400] {dag.py:2977} INFO - Setting next_dagrun for example_trigger_target_dag to None, run_after=None
[2022-08-29T12:40:09.357-0400] {processor.py:161} INFO - Processing /home/augenz/PycharmProjects/airflow/.env_airflow/lib/python3.9/site-packages/airflow/example_dags/example_trigger_target_dag.py took 0.712 seconds
[2022-08-29T12:40:39.832-0400] {processor.py:153} INFO - Started process (PID=956) to work on /home/augenz/PycharmProjects/airflow/.env_airflow/lib/python3.9/site-packages/airflow/example_dags/example_trigger_target_dag.py
[2022-08-29T12:40:39.837-0400] {processor.py:640} INFO - Processing file /home/augenz/PycharmProjects/airflow/.env_airflow/lib/python3.9/site-packages/airflow/example_dags/example_trigger_target_dag.py for tasks to queue
[2022-08-29T12:40:39.838-0400] {logging_mixin.py:115} INFO - [2022-08-29T12:40:39.838-0400] {dagbag.py:508} INFO - Filling up the DagBag from /home/augenz/PycharmProjects/airflow/.env_airflow/lib/python3.9/site-packages/airflow/example_dags/example_trigger_target_dag.py
[2022-08-29T12:40:39.862-0400] {processor.py:650} INFO - DAG(s) dict_keys(['example_trigger_target_dag']) retrieved from /home/augenz/PycharmProjects/airflow/.env_airflow/lib/python3.9/site-packages/airflow/example_dags/example_trigger_target_dag.py
[2022-08-29T12:40:40.315-0400] {logging_mixin.py:115} INFO - [2022-08-29T12:40:40.314-0400] {dag.py:2429} INFO - Sync 1 DAGs
[2022-08-29T12:40:40.347-0400] {logging_mixin.py:115} INFO - [2022-08-29T12:40:40.347-0400] {dag.py:2977} INFO - Setting next_dagrun for example_trigger_target_dag to None, run_after=None
[2022-08-29T12:40:40.428-0400] {processor.py:161} INFO - Processing /home/augenz/PycharmProjects/airflow/.env_airflow/lib/python3.9/site-packages/airflow/example_dags/example_trigger_target_dag.py took 0.601 seconds
[2022-08-29T12:41:10.541-0400] {processor.py:153} INFO - Started process (PID=990) to work on /home/augenz/PycharmProjects/airflow/.env_airflow/lib/python3.9/site-packages/airflow/example_dags/example_trigger_target_dag.py
[2022-08-29T12:41:10.545-0400] {processor.py:640} INFO - Processing file /home/augenz/PycharmProjects/airflow/.env_airflow/lib/python3.9/site-packages/airflow/example_dags/example_trigger_target_dag.py for tasks to queue
[2022-08-29T12:41:10.546-0400] {logging_mixin.py:115} INFO - [2022-08-29T12:41:10.546-0400] {dagbag.py:508} INFO - Filling up the DagBag from /home/augenz/PycharmProjects/airflow/.env_airflow/lib/python3.9/site-packages/airflow/example_dags/example_trigger_target_dag.py
[2022-08-29T12:41:10.568-0400] {processor.py:650} INFO - DAG(s) dict_keys(['example_trigger_target_dag']) retrieved from /home/augenz/PycharmProjects/airflow/.env_airflow/lib/python3.9/site-packages/airflow/example_dags/example_trigger_target_dag.py
[2022-08-29T12:41:11.014-0400] {logging_mixin.py:115} INFO - [2022-08-29T12:41:11.013-0400] {dag.py:2429} INFO - Sync 1 DAGs
[2022-08-29T12:41:11.041-0400] {logging_mixin.py:115} INFO - [2022-08-29T12:41:11.041-0400] {dag.py:2977} INFO - Setting next_dagrun for example_trigger_target_dag to None, run_after=None
[2022-08-29T12:41:11.090-0400] {processor.py:161} INFO - Processing /home/augenz/PycharmProjects/airflow/.env_airflow/lib/python3.9/site-packages/airflow/example_dags/example_trigger_target_dag.py took 0.554 seconds
[2022-08-29T12:41:41.976-0400] {processor.py:153} INFO - Started process (PID=1034) to work on /home/augenz/PycharmProjects/airflow/.env_airflow/lib/python3.9/site-packages/airflow/example_dags/example_trigger_target_dag.py
[2022-08-29T12:41:41.981-0400] {processor.py:640} INFO - Processing file /home/augenz/PycharmProjects/airflow/.env_airflow/lib/python3.9/site-packages/airflow/example_dags/example_trigger_target_dag.py for tasks to queue
[2022-08-29T12:41:41.982-0400] {logging_mixin.py:115} INFO - [2022-08-29T12:41:41.982-0400] {dagbag.py:508} INFO - Filling up the DagBag from /home/augenz/PycharmProjects/airflow/.env_airflow/lib/python3.9/site-packages/airflow/example_dags/example_trigger_target_dag.py
[2022-08-29T12:41:42.006-0400] {processor.py:650} INFO - DAG(s) dict_keys(['example_trigger_target_dag']) retrieved from /home/augenz/PycharmProjects/airflow/.env_airflow/lib/python3.9/site-packages/airflow/example_dags/example_trigger_target_dag.py
[2022-08-29T12:41:42.468-0400] {logging_mixin.py:115} INFO - [2022-08-29T12:41:42.468-0400] {dag.py:2429} INFO - Sync 1 DAGs
[2022-08-29T12:41:42.494-0400] {logging_mixin.py:115} INFO - [2022-08-29T12:41:42.494-0400] {dag.py:2977} INFO - Setting next_dagrun for example_trigger_target_dag to None, run_after=None
[2022-08-29T12:41:42.538-0400] {processor.py:161} INFO - Processing /home/augenz/PycharmProjects/airflow/.env_airflow/lib/python3.9/site-packages/airflow/example_dags/example_trigger_target_dag.py took 0.567 seconds
[2022-08-29T12:42:13.405-0400] {processor.py:153} INFO - Started process (PID=1068) to work on /home/augenz/PycharmProjects/airflow/.env_airflow/lib/python3.9/site-packages/airflow/example_dags/example_trigger_target_dag.py
[2022-08-29T12:42:13.416-0400] {processor.py:640} INFO - Processing file /home/augenz/PycharmProjects/airflow/.env_airflow/lib/python3.9/site-packages/airflow/example_dags/example_trigger_target_dag.py for tasks to queue
[2022-08-29T12:42:13.416-0400] {logging_mixin.py:115} INFO - [2022-08-29T12:42:13.416-0400] {dagbag.py:508} INFO - Filling up the DagBag from /home/augenz/PycharmProjects/airflow/.env_airflow/lib/python3.9/site-packages/airflow/example_dags/example_trigger_target_dag.py
[2022-08-29T12:42:13.437-0400] {processor.py:650} INFO - DAG(s) dict_keys(['example_trigger_target_dag']) retrieved from /home/augenz/PycharmProjects/airflow/.env_airflow/lib/python3.9/site-packages/airflow/example_dags/example_trigger_target_dag.py
[2022-08-29T12:42:13.884-0400] {logging_mixin.py:115} INFO - [2022-08-29T12:42:13.883-0400] {dag.py:2429} INFO - Sync 1 DAGs
[2022-08-29T12:42:13.909-0400] {logging_mixin.py:115} INFO - [2022-08-29T12:42:13.909-0400] {dag.py:2977} INFO - Setting next_dagrun for example_trigger_target_dag to None, run_after=None
[2022-08-29T12:42:13.966-0400] {processor.py:161} INFO - Processing /home/augenz/PycharmProjects/airflow/.env_airflow/lib/python3.9/site-packages/airflow/example_dags/example_trigger_target_dag.py took 0.566 seconds
[2022-08-29T12:42:44.180-0400] {processor.py:153} INFO - Started process (PID=1102) to work on /home/augenz/PycharmProjects/airflow/.env_airflow/lib/python3.9/site-packages/airflow/example_dags/example_trigger_target_dag.py
[2022-08-29T12:42:44.192-0400] {processor.py:640} INFO - Processing file /home/augenz/PycharmProjects/airflow/.env_airflow/lib/python3.9/site-packages/airflow/example_dags/example_trigger_target_dag.py for tasks to queue
[2022-08-29T12:42:44.193-0400] {logging_mixin.py:115} INFO - [2022-08-29T12:42:44.192-0400] {dagbag.py:508} INFO - Filling up the DagBag from /home/augenz/PycharmProjects/airflow/.env_airflow/lib/python3.9/site-packages/airflow/example_dags/example_trigger_target_dag.py
[2022-08-29T12:42:44.216-0400] {processor.py:650} INFO - DAG(s) dict_keys(['example_trigger_target_dag']) retrieved from /home/augenz/PycharmProjects/airflow/.env_airflow/lib/python3.9/site-packages/airflow/example_dags/example_trigger_target_dag.py
[2022-08-29T12:42:44.844-0400] {logging_mixin.py:115} INFO - [2022-08-29T12:42:44.844-0400] {dag.py:2429} INFO - Sync 1 DAGs
[2022-08-29T12:42:44.871-0400] {logging_mixin.py:115} INFO - [2022-08-29T12:42:44.871-0400] {dag.py:2977} INFO - Setting next_dagrun for example_trigger_target_dag to None, run_after=None
[2022-08-29T12:42:44.932-0400] {processor.py:161} INFO - Processing /home/augenz/PycharmProjects/airflow/.env_airflow/lib/python3.9/site-packages/airflow/example_dags/example_trigger_target_dag.py took 0.756 seconds
[2022-08-29T12:43:15.011-0400] {processor.py:153} INFO - Started process (PID=1137) to work on /home/augenz/PycharmProjects/airflow/.env_airflow/lib/python3.9/site-packages/airflow/example_dags/example_trigger_target_dag.py
[2022-08-29T12:43:15.016-0400] {processor.py:640} INFO - Processing file /home/augenz/PycharmProjects/airflow/.env_airflow/lib/python3.9/site-packages/airflow/example_dags/example_trigger_target_dag.py for tasks to queue
[2022-08-29T12:43:15.017-0400] {logging_mixin.py:115} INFO - [2022-08-29T12:43:15.017-0400] {dagbag.py:508} INFO - Filling up the DagBag from /home/augenz/PycharmProjects/airflow/.env_airflow/lib/python3.9/site-packages/airflow/example_dags/example_trigger_target_dag.py
[2022-08-29T12:43:15.041-0400] {processor.py:650} INFO - DAG(s) dict_keys(['example_trigger_target_dag']) retrieved from /home/augenz/PycharmProjects/airflow/.env_airflow/lib/python3.9/site-packages/airflow/example_dags/example_trigger_target_dag.py
[2022-08-29T12:43:15.494-0400] {logging_mixin.py:115} INFO - [2022-08-29T12:43:15.493-0400] {dag.py:2429} INFO - Sync 1 DAGs
[2022-08-29T12:43:15.520-0400] {logging_mixin.py:115} INFO - [2022-08-29T12:43:15.520-0400] {dag.py:2977} INFO - Setting next_dagrun for example_trigger_target_dag to None, run_after=None
[2022-08-29T12:43:15.577-0400] {processor.py:161} INFO - Processing /home/augenz/PycharmProjects/airflow/.env_airflow/lib/python3.9/site-packages/airflow/example_dags/example_trigger_target_dag.py took 0.571 seconds
[2022-08-29T12:43:46.116-0400] {processor.py:153} INFO - Started process (PID=1171) to work on /home/augenz/PycharmProjects/airflow/.env_airflow/lib/python3.9/site-packages/airflow/example_dags/example_trigger_target_dag.py
[2022-08-29T12:43:46.121-0400] {processor.py:640} INFO - Processing file /home/augenz/PycharmProjects/airflow/.env_airflow/lib/python3.9/site-packages/airflow/example_dags/example_trigger_target_dag.py for tasks to queue
[2022-08-29T12:43:46.123-0400] {logging_mixin.py:115} INFO - [2022-08-29T12:43:46.122-0400] {dagbag.py:508} INFO - Filling up the DagBag from /home/augenz/PycharmProjects/airflow/.env_airflow/lib/python3.9/site-packages/airflow/example_dags/example_trigger_target_dag.py
[2022-08-29T12:43:46.155-0400] {processor.py:650} INFO - DAG(s) dict_keys(['example_trigger_target_dag']) retrieved from /home/augenz/PycharmProjects/airflow/.env_airflow/lib/python3.9/site-packages/airflow/example_dags/example_trigger_target_dag.py
[2022-08-29T12:43:46.705-0400] {logging_mixin.py:115} INFO - [2022-08-29T12:43:46.704-0400] {dag.py:2429} INFO - Sync 1 DAGs
[2022-08-29T12:43:46.730-0400] {logging_mixin.py:115} INFO - [2022-08-29T12:43:46.730-0400] {dag.py:2977} INFO - Setting next_dagrun for example_trigger_target_dag to None, run_after=None
[2022-08-29T12:43:46.789-0400] {processor.py:161} INFO - Processing /home/augenz/PycharmProjects/airflow/.env_airflow/lib/python3.9/site-packages/airflow/example_dags/example_trigger_target_dag.py took 0.678 seconds
[2022-08-29T12:44:17.014-0400] {processor.py:153} INFO - Started process (PID=1205) to work on /home/augenz/PycharmProjects/airflow/.env_airflow/lib/python3.9/site-packages/airflow/example_dags/example_trigger_target_dag.py
[2022-08-29T12:44:17.018-0400] {processor.py:640} INFO - Processing file /home/augenz/PycharmProjects/airflow/.env_airflow/lib/python3.9/site-packages/airflow/example_dags/example_trigger_target_dag.py for tasks to queue
[2022-08-29T12:44:17.019-0400] {logging_mixin.py:115} INFO - [2022-08-29T12:44:17.019-0400] {dagbag.py:508} INFO - Filling up the DagBag from /home/augenz/PycharmProjects/airflow/.env_airflow/lib/python3.9/site-packages/airflow/example_dags/example_trigger_target_dag.py
[2022-08-29T12:44:17.045-0400] {processor.py:650} INFO - DAG(s) dict_keys(['example_trigger_target_dag']) retrieved from /home/augenz/PycharmProjects/airflow/.env_airflow/lib/python3.9/site-packages/airflow/example_dags/example_trigger_target_dag.py
[2022-08-29T12:44:17.623-0400] {logging_mixin.py:115} INFO - [2022-08-29T12:44:17.622-0400] {dag.py:2429} INFO - Sync 1 DAGs
[2022-08-29T12:44:17.661-0400] {logging_mixin.py:115} INFO - [2022-08-29T12:44:17.661-0400] {dag.py:2977} INFO - Setting next_dagrun for example_trigger_target_dag to None, run_after=None
[2022-08-29T12:44:17.710-0400] {processor.py:161} INFO - Processing /home/augenz/PycharmProjects/airflow/.env_airflow/lib/python3.9/site-packages/airflow/example_dags/example_trigger_target_dag.py took 0.701 seconds
[2022-08-29T12:44:47.915-0400] {processor.py:153} INFO - Started process (PID=1253) to work on /home/augenz/PycharmProjects/airflow/.env_airflow/lib/python3.9/site-packages/airflow/example_dags/example_trigger_target_dag.py
[2022-08-29T12:44:47.920-0400] {processor.py:640} INFO - Processing file /home/augenz/PycharmProjects/airflow/.env_airflow/lib/python3.9/site-packages/airflow/example_dags/example_trigger_target_dag.py for tasks to queue
[2022-08-29T12:44:47.921-0400] {logging_mixin.py:115} INFO - [2022-08-29T12:44:47.921-0400] {dagbag.py:508} INFO - Filling up the DagBag from /home/augenz/PycharmProjects/airflow/.env_airflow/lib/python3.9/site-packages/airflow/example_dags/example_trigger_target_dag.py
[2022-08-29T12:44:47.956-0400] {processor.py:650} INFO - DAG(s) dict_keys(['example_trigger_target_dag']) retrieved from /home/augenz/PycharmProjects/airflow/.env_airflow/lib/python3.9/site-packages/airflow/example_dags/example_trigger_target_dag.py
[2022-08-29T12:44:48.452-0400] {logging_mixin.py:115} INFO - [2022-08-29T12:44:48.451-0400] {dag.py:2429} INFO - Sync 1 DAGs
[2022-08-29T12:44:48.482-0400] {logging_mixin.py:115} INFO - [2022-08-29T12:44:48.482-0400] {dag.py:2977} INFO - Setting next_dagrun for example_trigger_target_dag to None, run_after=None
[2022-08-29T12:44:48.523-0400] {processor.py:161} INFO - Processing /home/augenz/PycharmProjects/airflow/.env_airflow/lib/python3.9/site-packages/airflow/example_dags/example_trigger_target_dag.py took 0.614 seconds
[2022-08-29T12:45:18.645-0400] {processor.py:153} INFO - Started process (PID=1287) to work on /home/augenz/PycharmProjects/airflow/.env_airflow/lib/python3.9/site-packages/airflow/example_dags/example_trigger_target_dag.py
[2022-08-29T12:45:18.650-0400] {processor.py:640} INFO - Processing file /home/augenz/PycharmProjects/airflow/.env_airflow/lib/python3.9/site-packages/airflow/example_dags/example_trigger_target_dag.py for tasks to queue
[2022-08-29T12:45:18.651-0400] {logging_mixin.py:115} INFO - [2022-08-29T12:45:18.651-0400] {dagbag.py:508} INFO - Filling up the DagBag from /home/augenz/PycharmProjects/airflow/.env_airflow/lib/python3.9/site-packages/airflow/example_dags/example_trigger_target_dag.py
[2022-08-29T12:45:18.681-0400] {processor.py:650} INFO - DAG(s) dict_keys(['example_trigger_target_dag']) retrieved from /home/augenz/PycharmProjects/airflow/.env_airflow/lib/python3.9/site-packages/airflow/example_dags/example_trigger_target_dag.py
[2022-08-29T12:45:19.143-0400] {logging_mixin.py:115} INFO - [2022-08-29T12:45:19.142-0400] {dag.py:2429} INFO - Sync 1 DAGs
[2022-08-29T12:45:19.169-0400] {logging_mixin.py:115} INFO - [2022-08-29T12:45:19.168-0400] {dag.py:2977} INFO - Setting next_dagrun for example_trigger_target_dag to None, run_after=None
[2022-08-29T12:45:19.219-0400] {processor.py:161} INFO - Processing /home/augenz/PycharmProjects/airflow/.env_airflow/lib/python3.9/site-packages/airflow/example_dags/example_trigger_target_dag.py took 0.582 seconds
[2022-08-29T12:45:49.709-0400] {processor.py:153} INFO - Started process (PID=1322) to work on /home/augenz/PycharmProjects/airflow/.env_airflow/lib/python3.9/site-packages/airflow/example_dags/example_trigger_target_dag.py
[2022-08-29T12:45:49.714-0400] {processor.py:640} INFO - Processing file /home/augenz/PycharmProjects/airflow/.env_airflow/lib/python3.9/site-packages/airflow/example_dags/example_trigger_target_dag.py for tasks to queue
[2022-08-29T12:45:49.715-0400] {logging_mixin.py:115} INFO - [2022-08-29T12:45:49.715-0400] {dagbag.py:508} INFO - Filling up the DagBag from /home/augenz/PycharmProjects/airflow/.env_airflow/lib/python3.9/site-packages/airflow/example_dags/example_trigger_target_dag.py
[2022-08-29T12:45:49.740-0400] {processor.py:650} INFO - DAG(s) dict_keys(['example_trigger_target_dag']) retrieved from /home/augenz/PycharmProjects/airflow/.env_airflow/lib/python3.9/site-packages/airflow/example_dags/example_trigger_target_dag.py
[2022-08-29T12:45:50.209-0400] {logging_mixin.py:115} INFO - [2022-08-29T12:45:50.208-0400] {dag.py:2429} INFO - Sync 1 DAGs
[2022-08-29T12:45:50.237-0400] {logging_mixin.py:115} INFO - [2022-08-29T12:45:50.237-0400] {dag.py:2977} INFO - Setting next_dagrun for example_trigger_target_dag to None, run_after=None
[2022-08-29T12:45:50.274-0400] {processor.py:161} INFO - Processing /home/augenz/PycharmProjects/airflow/.env_airflow/lib/python3.9/site-packages/airflow/example_dags/example_trigger_target_dag.py took 0.570 seconds
[2022-08-29T12:46:20.744-0400] {processor.py:153} INFO - Started process (PID=1356) to work on /home/augenz/PycharmProjects/airflow/.env_airflow/lib/python3.9/site-packages/airflow/example_dags/example_trigger_target_dag.py
[2022-08-29T12:46:20.748-0400] {processor.py:640} INFO - Processing file /home/augenz/PycharmProjects/airflow/.env_airflow/lib/python3.9/site-packages/airflow/example_dags/example_trigger_target_dag.py for tasks to queue
[2022-08-29T12:46:20.750-0400] {logging_mixin.py:115} INFO - [2022-08-29T12:46:20.749-0400] {dagbag.py:508} INFO - Filling up the DagBag from /home/augenz/PycharmProjects/airflow/.env_airflow/lib/python3.9/site-packages/airflow/example_dags/example_trigger_target_dag.py
[2022-08-29T12:46:20.774-0400] {processor.py:650} INFO - DAG(s) dict_keys(['example_trigger_target_dag']) retrieved from /home/augenz/PycharmProjects/airflow/.env_airflow/lib/python3.9/site-packages/airflow/example_dags/example_trigger_target_dag.py
[2022-08-29T12:46:21.369-0400] {logging_mixin.py:115} INFO - [2022-08-29T12:46:21.369-0400] {dag.py:2429} INFO - Sync 1 DAGs
[2022-08-29T12:46:21.396-0400] {logging_mixin.py:115} INFO - [2022-08-29T12:46:21.396-0400] {dag.py:2977} INFO - Setting next_dagrun for example_trigger_target_dag to None, run_after=None
[2022-08-29T12:46:21.445-0400] {processor.py:161} INFO - Processing /home/augenz/PycharmProjects/airflow/.env_airflow/lib/python3.9/site-packages/airflow/example_dags/example_trigger_target_dag.py took 0.709 seconds
[2022-08-29T12:46:51.765-0400] {processor.py:153} INFO - Started process (PID=1391) to work on /home/augenz/PycharmProjects/airflow/.env_airflow/lib/python3.9/site-packages/airflow/example_dags/example_trigger_target_dag.py
[2022-08-29T12:46:51.770-0400] {processor.py:640} INFO - Processing file /home/augenz/PycharmProjects/airflow/.env_airflow/lib/python3.9/site-packages/airflow/example_dags/example_trigger_target_dag.py for tasks to queue
[2022-08-29T12:46:51.771-0400] {logging_mixin.py:115} INFO - [2022-08-29T12:46:51.771-0400] {dagbag.py:508} INFO - Filling up the DagBag from /home/augenz/PycharmProjects/airflow/.env_airflow/lib/python3.9/site-packages/airflow/example_dags/example_trigger_target_dag.py
[2022-08-29T12:46:51.796-0400] {processor.py:650} INFO - DAG(s) dict_keys(['example_trigger_target_dag']) retrieved from /home/augenz/PycharmProjects/airflow/.env_airflow/lib/python3.9/site-packages/airflow/example_dags/example_trigger_target_dag.py
[2022-08-29T12:46:52.273-0400] {logging_mixin.py:115} INFO - [2022-08-29T12:46:52.273-0400] {dag.py:2429} INFO - Sync 1 DAGs
[2022-08-29T12:46:52.301-0400] {logging_mixin.py:115} INFO - [2022-08-29T12:46:52.301-0400] {dag.py:2977} INFO - Setting next_dagrun for example_trigger_target_dag to None, run_after=None
[2022-08-29T12:46:52.352-0400] {processor.py:161} INFO - Processing /home/augenz/PycharmProjects/airflow/.env_airflow/lib/python3.9/site-packages/airflow/example_dags/example_trigger_target_dag.py took 0.591 seconds
[2022-08-29T12:47:22.702-0400] {processor.py:153} INFO - Started process (PID=1426) to work on /home/augenz/PycharmProjects/airflow/.env_airflow/lib/python3.9/site-packages/airflow/example_dags/example_trigger_target_dag.py
[2022-08-29T12:47:22.707-0400] {processor.py:640} INFO - Processing file /home/augenz/PycharmProjects/airflow/.env_airflow/lib/python3.9/site-packages/airflow/example_dags/example_trigger_target_dag.py for tasks to queue
[2022-08-29T12:47:22.708-0400] {logging_mixin.py:115} INFO - [2022-08-29T12:47:22.708-0400] {dagbag.py:508} INFO - Filling up the DagBag from /home/augenz/PycharmProjects/airflow/.env_airflow/lib/python3.9/site-packages/airflow/example_dags/example_trigger_target_dag.py
[2022-08-29T12:47:22.742-0400] {processor.py:650} INFO - DAG(s) dict_keys(['example_trigger_target_dag']) retrieved from /home/augenz/PycharmProjects/airflow/.env_airflow/lib/python3.9/site-packages/airflow/example_dags/example_trigger_target_dag.py
[2022-08-29T12:47:23.527-0400] {logging_mixin.py:115} INFO - [2022-08-29T12:47:23.526-0400] {dag.py:2429} INFO - Sync 1 DAGs
[2022-08-29T12:47:23.578-0400] {logging_mixin.py:115} INFO - [2022-08-29T12:47:23.578-0400] {dag.py:2977} INFO - Setting next_dagrun for example_trigger_target_dag to None, run_after=None
[2022-08-29T12:47:23.625-0400] {processor.py:161} INFO - Processing /home/augenz/PycharmProjects/airflow/.env_airflow/lib/python3.9/site-packages/airflow/example_dags/example_trigger_target_dag.py took 0.930 seconds
[2022-08-29T12:47:53.844-0400] {processor.py:153} INFO - Started process (PID=1467) to work on /home/augenz/PycharmProjects/airflow/.env_airflow/lib/python3.9/site-packages/airflow/example_dags/example_trigger_target_dag.py
[2022-08-29T12:47:53.858-0400] {processor.py:640} INFO - Processing file /home/augenz/PycharmProjects/airflow/.env_airflow/lib/python3.9/site-packages/airflow/example_dags/example_trigger_target_dag.py for tasks to queue
[2022-08-29T12:47:53.860-0400] {logging_mixin.py:115} INFO - [2022-08-29T12:47:53.859-0400] {dagbag.py:508} INFO - Filling up the DagBag from /home/augenz/PycharmProjects/airflow/.env_airflow/lib/python3.9/site-packages/airflow/example_dags/example_trigger_target_dag.py
[2022-08-29T12:47:53.883-0400] {processor.py:650} INFO - DAG(s) dict_keys(['example_trigger_target_dag']) retrieved from /home/augenz/PycharmProjects/airflow/.env_airflow/lib/python3.9/site-packages/airflow/example_dags/example_trigger_target_dag.py
[2022-08-29T12:47:54.481-0400] {logging_mixin.py:115} INFO - [2022-08-29T12:47:54.481-0400] {dag.py:2429} INFO - Sync 1 DAGs
[2022-08-29T12:47:54.509-0400] {logging_mixin.py:115} INFO - [2022-08-29T12:47:54.509-0400] {dag.py:2977} INFO - Setting next_dagrun for example_trigger_target_dag to None, run_after=None
[2022-08-29T12:47:54.561-0400] {processor.py:161} INFO - Processing /home/augenz/PycharmProjects/airflow/.env_airflow/lib/python3.9/site-packages/airflow/example_dags/example_trigger_target_dag.py took 0.724 seconds
[2022-08-29T12:48:25.506-0400] {processor.py:153} INFO - Started process (PID=1501) to work on /home/augenz/PycharmProjects/airflow/.env_airflow/lib/python3.9/site-packages/airflow/example_dags/example_trigger_target_dag.py
[2022-08-29T12:48:25.510-0400] {processor.py:640} INFO - Processing file /home/augenz/PycharmProjects/airflow/.env_airflow/lib/python3.9/site-packages/airflow/example_dags/example_trigger_target_dag.py for tasks to queue
[2022-08-29T12:48:25.511-0400] {logging_mixin.py:115} INFO - [2022-08-29T12:48:25.511-0400] {dagbag.py:508} INFO - Filling up the DagBag from /home/augenz/PycharmProjects/airflow/.env_airflow/lib/python3.9/site-packages/airflow/example_dags/example_trigger_target_dag.py
[2022-08-29T12:48:25.533-0400] {processor.py:650} INFO - DAG(s) dict_keys(['example_trigger_target_dag']) retrieved from /home/augenz/PycharmProjects/airflow/.env_airflow/lib/python3.9/site-packages/airflow/example_dags/example_trigger_target_dag.py
[2022-08-29T12:48:25.990-0400] {logging_mixin.py:115} INFO - [2022-08-29T12:48:25.990-0400] {dag.py:2429} INFO - Sync 1 DAGs
[2022-08-29T12:48:26.017-0400] {logging_mixin.py:115} INFO - [2022-08-29T12:48:26.016-0400] {dag.py:2977} INFO - Setting next_dagrun for example_trigger_target_dag to None, run_after=None
[2022-08-29T12:48:26.093-0400] {processor.py:161} INFO - Processing /home/augenz/PycharmProjects/airflow/.env_airflow/lib/python3.9/site-packages/airflow/example_dags/example_trigger_target_dag.py took 0.595 seconds
[2022-08-29T12:48:56.736-0400] {processor.py:153} INFO - Started process (PID=1536) to work on /home/augenz/PycharmProjects/airflow/.env_airflow/lib/python3.9/site-packages/airflow/example_dags/example_trigger_target_dag.py
[2022-08-29T12:48:56.750-0400] {processor.py:640} INFO - Processing file /home/augenz/PycharmProjects/airflow/.env_airflow/lib/python3.9/site-packages/airflow/example_dags/example_trigger_target_dag.py for tasks to queue
[2022-08-29T12:48:56.751-0400] {logging_mixin.py:115} INFO - [2022-08-29T12:48:56.751-0400] {dagbag.py:508} INFO - Filling up the DagBag from /home/augenz/PycharmProjects/airflow/.env_airflow/lib/python3.9/site-packages/airflow/example_dags/example_trigger_target_dag.py
[2022-08-29T12:48:56.775-0400] {processor.py:650} INFO - DAG(s) dict_keys(['example_trigger_target_dag']) retrieved from /home/augenz/PycharmProjects/airflow/.env_airflow/lib/python3.9/site-packages/airflow/example_dags/example_trigger_target_dag.py
[2022-08-29T12:48:57.390-0400] {logging_mixin.py:115} INFO - [2022-08-29T12:48:57.390-0400] {dag.py:2429} INFO - Sync 1 DAGs
[2022-08-29T12:48:57.416-0400] {logging_mixin.py:115} INFO - [2022-08-29T12:48:57.416-0400] {dag.py:2977} INFO - Setting next_dagrun for example_trigger_target_dag to None, run_after=None
[2022-08-29T12:48:57.463-0400] {processor.py:161} INFO - Processing /home/augenz/PycharmProjects/airflow/.env_airflow/lib/python3.9/site-packages/airflow/example_dags/example_trigger_target_dag.py took 0.732 seconds
[2022-08-29T12:49:27.855-0400] {processor.py:153} INFO - Started process (PID=1579) to work on /home/augenz/PycharmProjects/airflow/.env_airflow/lib/python3.9/site-packages/airflow/example_dags/example_trigger_target_dag.py
[2022-08-29T12:49:27.860-0400] {processor.py:640} INFO - Processing file /home/augenz/PycharmProjects/airflow/.env_airflow/lib/python3.9/site-packages/airflow/example_dags/example_trigger_target_dag.py for tasks to queue
[2022-08-29T12:49:27.861-0400] {logging_mixin.py:115} INFO - [2022-08-29T12:49:27.861-0400] {dagbag.py:508} INFO - Filling up the DagBag from /home/augenz/PycharmProjects/airflow/.env_airflow/lib/python3.9/site-packages/airflow/example_dags/example_trigger_target_dag.py
[2022-08-29T12:49:27.896-0400] {processor.py:650} INFO - DAG(s) dict_keys(['example_trigger_target_dag']) retrieved from /home/augenz/PycharmProjects/airflow/.env_airflow/lib/python3.9/site-packages/airflow/example_dags/example_trigger_target_dag.py
[2022-08-29T12:49:28.411-0400] {logging_mixin.py:115} INFO - [2022-08-29T12:49:28.411-0400] {dag.py:2429} INFO - Sync 1 DAGs
[2022-08-29T12:49:28.439-0400] {logging_mixin.py:115} INFO - [2022-08-29T12:49:28.439-0400] {dag.py:2977} INFO - Setting next_dagrun for example_trigger_target_dag to None, run_after=None
[2022-08-29T12:49:28.510-0400] {processor.py:161} INFO - Processing /home/augenz/PycharmProjects/airflow/.env_airflow/lib/python3.9/site-packages/airflow/example_dags/example_trigger_target_dag.py took 0.660 seconds
[2022-08-29T12:49:59.113-0400] {processor.py:153} INFO - Started process (PID=1614) to work on /home/augenz/PycharmProjects/airflow/.env_airflow/lib/python3.9/site-packages/airflow/example_dags/example_trigger_target_dag.py
[2022-08-29T12:49:59.118-0400] {processor.py:640} INFO - Processing file /home/augenz/PycharmProjects/airflow/.env_airflow/lib/python3.9/site-packages/airflow/example_dags/example_trigger_target_dag.py for tasks to queue
[2022-08-29T12:49:59.119-0400] {logging_mixin.py:115} INFO - [2022-08-29T12:49:59.118-0400] {dagbag.py:508} INFO - Filling up the DagBag from /home/augenz/PycharmProjects/airflow/.env_airflow/lib/python3.9/site-packages/airflow/example_dags/example_trigger_target_dag.py
[2022-08-29T12:49:59.143-0400] {processor.py:650} INFO - DAG(s) dict_keys(['example_trigger_target_dag']) retrieved from /home/augenz/PycharmProjects/airflow/.env_airflow/lib/python3.9/site-packages/airflow/example_dags/example_trigger_target_dag.py
[2022-08-29T12:49:59.651-0400] {logging_mixin.py:115} INFO - [2022-08-29T12:49:59.651-0400] {dag.py:2429} INFO - Sync 1 DAGs
[2022-08-29T12:49:59.681-0400] {logging_mixin.py:115} INFO - [2022-08-29T12:49:59.681-0400] {dag.py:2977} INFO - Setting next_dagrun for example_trigger_target_dag to None, run_after=None
[2022-08-29T12:49:59.723-0400] {processor.py:161} INFO - Processing /home/augenz/PycharmProjects/airflow/.env_airflow/lib/python3.9/site-packages/airflow/example_dags/example_trigger_target_dag.py took 0.616 seconds
[2022-08-29T12:50:30.308-0400] {processor.py:153} INFO - Started process (PID=1653) to work on /home/augenz/PycharmProjects/airflow/.env_airflow/lib/python3.9/site-packages/airflow/example_dags/example_trigger_target_dag.py
[2022-08-29T12:50:30.313-0400] {processor.py:640} INFO - Processing file /home/augenz/PycharmProjects/airflow/.env_airflow/lib/python3.9/site-packages/airflow/example_dags/example_trigger_target_dag.py for tasks to queue
[2022-08-29T12:50:30.314-0400] {logging_mixin.py:115} INFO - [2022-08-29T12:50:30.314-0400] {dagbag.py:508} INFO - Filling up the DagBag from /home/augenz/PycharmProjects/airflow/.env_airflow/lib/python3.9/site-packages/airflow/example_dags/example_trigger_target_dag.py
[2022-08-29T12:50:30.356-0400] {processor.py:650} INFO - DAG(s) dict_keys(['example_trigger_target_dag']) retrieved from /home/augenz/PycharmProjects/airflow/.env_airflow/lib/python3.9/site-packages/airflow/example_dags/example_trigger_target_dag.py
[2022-08-29T12:50:30.940-0400] {logging_mixin.py:115} INFO - [2022-08-29T12:50:30.939-0400] {dag.py:2429} INFO - Sync 1 DAGs
[2022-08-29T12:50:30.970-0400] {logging_mixin.py:115} INFO - [2022-08-29T12:50:30.970-0400] {dag.py:2977} INFO - Setting next_dagrun for example_trigger_target_dag to None, run_after=None
[2022-08-29T12:50:31.004-0400] {processor.py:161} INFO - Processing /home/augenz/PycharmProjects/airflow/.env_airflow/lib/python3.9/site-packages/airflow/example_dags/example_trigger_target_dag.py took 0.701 seconds
[2022-08-29T12:51:01.962-0400] {processor.py:153} INFO - Started process (PID=1687) to work on /home/augenz/PycharmProjects/airflow/.env_airflow/lib/python3.9/site-packages/airflow/example_dags/example_trigger_target_dag.py
[2022-08-29T12:51:01.967-0400] {processor.py:640} INFO - Processing file /home/augenz/PycharmProjects/airflow/.env_airflow/lib/python3.9/site-packages/airflow/example_dags/example_trigger_target_dag.py for tasks to queue
[2022-08-29T12:51:01.969-0400] {logging_mixin.py:115} INFO - [2022-08-29T12:51:01.968-0400] {dagbag.py:508} INFO - Filling up the DagBag from /home/augenz/PycharmProjects/airflow/.env_airflow/lib/python3.9/site-packages/airflow/example_dags/example_trigger_target_dag.py
[2022-08-29T12:51:02.006-0400] {processor.py:650} INFO - DAG(s) dict_keys(['example_trigger_target_dag']) retrieved from /home/augenz/PycharmProjects/airflow/.env_airflow/lib/python3.9/site-packages/airflow/example_dags/example_trigger_target_dag.py
[2022-08-29T12:51:02.649-0400] {logging_mixin.py:115} INFO - [2022-08-29T12:51:02.649-0400] {dag.py:2429} INFO - Sync 1 DAGs
[2022-08-29T12:51:02.683-0400] {logging_mixin.py:115} INFO - [2022-08-29T12:51:02.683-0400] {dag.py:2977} INFO - Setting next_dagrun for example_trigger_target_dag to None, run_after=None
[2022-08-29T12:51:02.752-0400] {processor.py:161} INFO - Processing /home/augenz/PycharmProjects/airflow/.env_airflow/lib/python3.9/site-packages/airflow/example_dags/example_trigger_target_dag.py took 0.796 seconds
[2022-08-29T12:51:32.854-0400] {processor.py:153} INFO - Started process (PID=1725) to work on /home/augenz/PycharmProjects/airflow/.env_airflow/lib/python3.9/site-packages/airflow/example_dags/example_trigger_target_dag.py
[2022-08-29T12:51:32.857-0400] {processor.py:640} INFO - Processing file /home/augenz/PycharmProjects/airflow/.env_airflow/lib/python3.9/site-packages/airflow/example_dags/example_trigger_target_dag.py for tasks to queue
[2022-08-29T12:51:32.858-0400] {logging_mixin.py:115} INFO - [2022-08-29T12:51:32.858-0400] {dagbag.py:508} INFO - Filling up the DagBag from /home/augenz/PycharmProjects/airflow/.env_airflow/lib/python3.9/site-packages/airflow/example_dags/example_trigger_target_dag.py
[2022-08-29T12:51:32.886-0400] {processor.py:650} INFO - DAG(s) dict_keys(['example_trigger_target_dag']) retrieved from /home/augenz/PycharmProjects/airflow/.env_airflow/lib/python3.9/site-packages/airflow/example_dags/example_trigger_target_dag.py
[2022-08-29T12:51:33.430-0400] {logging_mixin.py:115} INFO - [2022-08-29T12:51:33.429-0400] {dag.py:2429} INFO - Sync 1 DAGs
[2022-08-29T12:51:33.458-0400] {logging_mixin.py:115} INFO - [2022-08-29T12:51:33.458-0400] {dag.py:2977} INFO - Setting next_dagrun for example_trigger_target_dag to None, run_after=None
[2022-08-29T12:51:33.515-0400] {processor.py:161} INFO - Processing /home/augenz/PycharmProjects/airflow/.env_airflow/lib/python3.9/site-packages/airflow/example_dags/example_trigger_target_dag.py took 0.664 seconds
[2022-08-29T12:52:04.283-0400] {processor.py:153} INFO - Started process (PID=1760) to work on /home/augenz/PycharmProjects/airflow/.env_airflow/lib/python3.9/site-packages/airflow/example_dags/example_trigger_target_dag.py
[2022-08-29T12:52:04.285-0400] {processor.py:640} INFO - Processing file /home/augenz/PycharmProjects/airflow/.env_airflow/lib/python3.9/site-packages/airflow/example_dags/example_trigger_target_dag.py for tasks to queue
[2022-08-29T12:52:04.286-0400] {logging_mixin.py:115} INFO - [2022-08-29T12:52:04.286-0400] {dagbag.py:508} INFO - Filling up the DagBag from /home/augenz/PycharmProjects/airflow/.env_airflow/lib/python3.9/site-packages/airflow/example_dags/example_trigger_target_dag.py
[2022-08-29T12:52:04.309-0400] {processor.py:650} INFO - DAG(s) dict_keys(['example_trigger_target_dag']) retrieved from /home/augenz/PycharmProjects/airflow/.env_airflow/lib/python3.9/site-packages/airflow/example_dags/example_trigger_target_dag.py
[2022-08-29T12:52:04.769-0400] {logging_mixin.py:115} INFO - [2022-08-29T12:52:04.768-0400] {dag.py:2429} INFO - Sync 1 DAGs
[2022-08-29T12:52:04.796-0400] {logging_mixin.py:115} INFO - [2022-08-29T12:52:04.796-0400] {dag.py:2977} INFO - Setting next_dagrun for example_trigger_target_dag to None, run_after=None
[2022-08-29T12:52:04.843-0400] {processor.py:161} INFO - Processing /home/augenz/PycharmProjects/airflow/.env_airflow/lib/python3.9/site-packages/airflow/example_dags/example_trigger_target_dag.py took 0.565 seconds
[2022-08-29T12:52:35.348-0400] {processor.py:153} INFO - Started process (PID=1794) to work on /home/augenz/PycharmProjects/airflow/.env_airflow/lib/python3.9/site-packages/airflow/example_dags/example_trigger_target_dag.py
[2022-08-29T12:52:35.365-0400] {processor.py:640} INFO - Processing file /home/augenz/PycharmProjects/airflow/.env_airflow/lib/python3.9/site-packages/airflow/example_dags/example_trigger_target_dag.py for tasks to queue
[2022-08-29T12:52:35.367-0400] {logging_mixin.py:115} INFO - [2022-08-29T12:52:35.366-0400] {dagbag.py:508} INFO - Filling up the DagBag from /home/augenz/PycharmProjects/airflow/.env_airflow/lib/python3.9/site-packages/airflow/example_dags/example_trigger_target_dag.py
[2022-08-29T12:52:35.394-0400] {processor.py:650} INFO - DAG(s) dict_keys(['example_trigger_target_dag']) retrieved from /home/augenz/PycharmProjects/airflow/.env_airflow/lib/python3.9/site-packages/airflow/example_dags/example_trigger_target_dag.py
[2022-08-29T12:52:35.853-0400] {logging_mixin.py:115} INFO - [2022-08-29T12:52:35.852-0400] {dag.py:2429} INFO - Sync 1 DAGs
[2022-08-29T12:52:35.884-0400] {logging_mixin.py:115} INFO - [2022-08-29T12:52:35.884-0400] {dag.py:2977} INFO - Setting next_dagrun for example_trigger_target_dag to None, run_after=None
[2022-08-29T12:52:35.923-0400] {processor.py:161} INFO - Processing /home/augenz/PycharmProjects/airflow/.env_airflow/lib/python3.9/site-packages/airflow/example_dags/example_trigger_target_dag.py took 0.580 seconds
[2022-08-29T12:53:06.372-0400] {processor.py:153} INFO - Started process (PID=1831) to work on /home/augenz/PycharmProjects/airflow/.env_airflow/lib/python3.9/site-packages/airflow/example_dags/example_trigger_target_dag.py
[2022-08-29T12:53:06.373-0400] {processor.py:640} INFO - Processing file /home/augenz/PycharmProjects/airflow/.env_airflow/lib/python3.9/site-packages/airflow/example_dags/example_trigger_target_dag.py for tasks to queue
[2022-08-29T12:53:06.374-0400] {logging_mixin.py:115} INFO - [2022-08-29T12:53:06.374-0400] {dagbag.py:508} INFO - Filling up the DagBag from /home/augenz/PycharmProjects/airflow/.env_airflow/lib/python3.9/site-packages/airflow/example_dags/example_trigger_target_dag.py
[2022-08-29T12:53:06.400-0400] {processor.py:650} INFO - DAG(s) dict_keys(['example_trigger_target_dag']) retrieved from /home/augenz/PycharmProjects/airflow/.env_airflow/lib/python3.9/site-packages/airflow/example_dags/example_trigger_target_dag.py
[2022-08-29T12:53:06.876-0400] {logging_mixin.py:115} INFO - [2022-08-29T12:53:06.876-0400] {dag.py:2429} INFO - Sync 1 DAGs
[2022-08-29T12:53:06.903-0400] {logging_mixin.py:115} INFO - [2022-08-29T12:53:06.902-0400] {dag.py:2977} INFO - Setting next_dagrun for example_trigger_target_dag to None, run_after=None
[2022-08-29T12:53:06.946-0400] {processor.py:161} INFO - Processing /home/augenz/PycharmProjects/airflow/.env_airflow/lib/python3.9/site-packages/airflow/example_dags/example_trigger_target_dag.py took 0.579 seconds
[2022-08-29T12:53:37.281-0400] {processor.py:153} INFO - Started process (PID=1866) to work on /home/augenz/PycharmProjects/airflow/.env_airflow/lib/python3.9/site-packages/airflow/example_dags/example_trigger_target_dag.py
[2022-08-29T12:53:37.283-0400] {processor.py:640} INFO - Processing file /home/augenz/PycharmProjects/airflow/.env_airflow/lib/python3.9/site-packages/airflow/example_dags/example_trigger_target_dag.py for tasks to queue
[2022-08-29T12:53:37.285-0400] {logging_mixin.py:115} INFO - [2022-08-29T12:53:37.284-0400] {dagbag.py:508} INFO - Filling up the DagBag from /home/augenz/PycharmProjects/airflow/.env_airflow/lib/python3.9/site-packages/airflow/example_dags/example_trigger_target_dag.py
[2022-08-29T12:53:37.307-0400] {processor.py:650} INFO - DAG(s) dict_keys(['example_trigger_target_dag']) retrieved from /home/augenz/PycharmProjects/airflow/.env_airflow/lib/python3.9/site-packages/airflow/example_dags/example_trigger_target_dag.py
[2022-08-29T12:53:37.732-0400] {logging_mixin.py:115} INFO - [2022-08-29T12:53:37.731-0400] {dag.py:2429} INFO - Sync 1 DAGs
[2022-08-29T12:53:37.758-0400] {logging_mixin.py:115} INFO - [2022-08-29T12:53:37.758-0400] {dag.py:2977} INFO - Setting next_dagrun for example_trigger_target_dag to None, run_after=None
[2022-08-29T12:53:37.826-0400] {processor.py:161} INFO - Processing /home/augenz/PycharmProjects/airflow/.env_airflow/lib/python3.9/site-packages/airflow/example_dags/example_trigger_target_dag.py took 0.549 seconds
