[2022-08-29T12:33:19.090-0400] {processor.py:153} INFO - Started process (PID=394) to work on /home/augenz/PycharmProjects/airflow/.env_airflow/lib/python3.9/site-packages/airflow/example_dags/example_complex.py
[2022-08-29T12:33:19.091-0400] {processor.py:640} INFO - Processing file /home/augenz/PycharmProjects/airflow/.env_airflow/lib/python3.9/site-packages/airflow/example_dags/example_complex.py for tasks to queue
[2022-08-29T12:33:19.092-0400] {logging_mixin.py:115} INFO - [2022-08-29T12:33:19.092-0400] {dagbag.py:508} INFO - Filling up the DagBag from /home/augenz/PycharmProjects/airflow/.env_airflow/lib/python3.9/site-packages/airflow/example_dags/example_complex.py
[2022-08-29T12:33:19.112-0400] {processor.py:650} INFO - DAG(s) dict_keys(['example_complex']) retrieved from /home/augenz/PycharmProjects/airflow/.env_airflow/lib/python3.9/site-packages/airflow/example_dags/example_complex.py
[2022-08-29T12:33:19.306-0400] {logging_mixin.py:115} INFO - [2022-08-29T12:33:19.306-0400] {manager.py:508} INFO - Created Permission View: can delete on DAG:example_complex
[2022-08-29T12:33:19.348-0400] {logging_mixin.py:115} INFO - [2022-08-29T12:33:19.348-0400] {manager.py:508} INFO - Created Permission View: can read on DAG:example_complex
[2022-08-29T12:33:19.399-0400] {logging_mixin.py:115} INFO - [2022-08-29T12:33:19.398-0400] {manager.py:508} INFO - Created Permission View: can edit on DAG:example_complex
[2022-08-29T12:33:19.401-0400] {logging_mixin.py:115} INFO - [2022-08-29T12:33:19.400-0400] {dag.py:2429} INFO - Sync 1 DAGs
[2022-08-29T12:33:19.426-0400] {logging_mixin.py:115} INFO - [2022-08-29T12:33:19.426-0400] {dag.py:2448} INFO - Creating ORM DAG for example_complex
[2022-08-29T12:33:19.444-0400] {logging_mixin.py:115} INFO - [2022-08-29T12:33:19.444-0400] {dag.py:2977} INFO - Setting next_dagrun for example_complex to None, run_after=None
[2022-08-29T12:33:19.495-0400] {processor.py:161} INFO - Processing /home/augenz/PycharmProjects/airflow/.env_airflow/lib/python3.9/site-packages/airflow/example_dags/example_complex.py took 0.409 seconds
[2022-08-29T12:33:49.616-0400] {processor.py:153} INFO - Started process (PID=434) to work on /home/augenz/PycharmProjects/airflow/.env_airflow/lib/python3.9/site-packages/airflow/example_dags/example_complex.py
[2022-08-29T12:33:49.620-0400] {processor.py:640} INFO - Processing file /home/augenz/PycharmProjects/airflow/.env_airflow/lib/python3.9/site-packages/airflow/example_dags/example_complex.py for tasks to queue
[2022-08-29T12:33:49.621-0400] {logging_mixin.py:115} INFO - [2022-08-29T12:33:49.620-0400] {dagbag.py:508} INFO - Filling up the DagBag from /home/augenz/PycharmProjects/airflow/.env_airflow/lib/python3.9/site-packages/airflow/example_dags/example_complex.py
[2022-08-29T12:33:49.641-0400] {processor.py:650} INFO - DAG(s) dict_keys(['example_complex']) retrieved from /home/augenz/PycharmProjects/airflow/.env_airflow/lib/python3.9/site-packages/airflow/example_dags/example_complex.py
[2022-08-29T12:33:49.692-0400] {logging_mixin.py:115} INFO - [2022-08-29T12:33:49.692-0400] {dag.py:2429} INFO - Sync 1 DAGs
[2022-08-29T12:33:49.723-0400] {logging_mixin.py:115} INFO - [2022-08-29T12:33:49.723-0400] {dag.py:2977} INFO - Setting next_dagrun for example_complex to None, run_after=None
[2022-08-29T12:33:49.767-0400] {processor.py:161} INFO - Processing /home/augenz/PycharmProjects/airflow/.env_airflow/lib/python3.9/site-packages/airflow/example_dags/example_complex.py took 0.156 seconds
[2022-08-29T12:34:20.308-0400] {processor.py:153} INFO - Started process (PID=469) to work on /home/augenz/PycharmProjects/airflow/.env_airflow/lib/python3.9/site-packages/airflow/example_dags/example_complex.py
[2022-08-29T12:34:20.310-0400] {processor.py:640} INFO - Processing file /home/augenz/PycharmProjects/airflow/.env_airflow/lib/python3.9/site-packages/airflow/example_dags/example_complex.py for tasks to queue
[2022-08-29T12:34:20.311-0400] {logging_mixin.py:115} INFO - [2022-08-29T12:34:20.311-0400] {dagbag.py:508} INFO - Filling up the DagBag from /home/augenz/PycharmProjects/airflow/.env_airflow/lib/python3.9/site-packages/airflow/example_dags/example_complex.py
[2022-08-29T12:34:20.336-0400] {processor.py:650} INFO - DAG(s) dict_keys(['example_complex']) retrieved from /home/augenz/PycharmProjects/airflow/.env_airflow/lib/python3.9/site-packages/airflow/example_dags/example_complex.py
[2022-08-29T12:34:20.394-0400] {logging_mixin.py:115} INFO - [2022-08-29T12:34:20.393-0400] {dag.py:2429} INFO - Sync 1 DAGs
[2022-08-29T12:34:20.432-0400] {logging_mixin.py:115} INFO - [2022-08-29T12:34:20.432-0400] {dag.py:2977} INFO - Setting next_dagrun for example_complex to None, run_after=None
[2022-08-29T12:34:20.499-0400] {processor.py:161} INFO - Processing /home/augenz/PycharmProjects/airflow/.env_airflow/lib/python3.9/site-packages/airflow/example_dags/example_complex.py took 0.197 seconds
[2022-08-29T12:34:51.803-0400] {processor.py:153} INFO - Started process (PID=505) to work on /home/augenz/PycharmProjects/airflow/.env_airflow/lib/python3.9/site-packages/airflow/example_dags/example_complex.py
[2022-08-29T12:34:51.808-0400] {processor.py:640} INFO - Processing file /home/augenz/PycharmProjects/airflow/.env_airflow/lib/python3.9/site-packages/airflow/example_dags/example_complex.py for tasks to queue
[2022-08-29T12:34:51.809-0400] {logging_mixin.py:115} INFO - [2022-08-29T12:34:51.809-0400] {dagbag.py:508} INFO - Filling up the DagBag from /home/augenz/PycharmProjects/airflow/.env_airflow/lib/python3.9/site-packages/airflow/example_dags/example_complex.py
[2022-08-29T12:34:51.848-0400] {processor.py:650} INFO - DAG(s) dict_keys(['example_complex']) retrieved from /home/augenz/PycharmProjects/airflow/.env_airflow/lib/python3.9/site-packages/airflow/example_dags/example_complex.py
[2022-08-29T12:34:51.914-0400] {logging_mixin.py:115} INFO - [2022-08-29T12:34:51.913-0400] {dag.py:2429} INFO - Sync 1 DAGs
[2022-08-29T12:34:51.973-0400] {logging_mixin.py:115} INFO - [2022-08-29T12:34:51.972-0400] {dag.py:2977} INFO - Setting next_dagrun for example_complex to None, run_after=None
[2022-08-29T12:34:52.024-0400] {processor.py:161} INFO - Processing /home/augenz/PycharmProjects/airflow/.env_airflow/lib/python3.9/site-packages/airflow/example_dags/example_complex.py took 0.228 seconds
[2022-08-29T12:35:22.424-0400] {processor.py:153} INFO - Started process (PID=561) to work on /home/augenz/PycharmProjects/airflow/.env_airflow/lib/python3.9/site-packages/airflow/example_dags/example_complex.py
[2022-08-29T12:35:22.427-0400] {processor.py:640} INFO - Processing file /home/augenz/PycharmProjects/airflow/.env_airflow/lib/python3.9/site-packages/airflow/example_dags/example_complex.py for tasks to queue
[2022-08-29T12:35:22.428-0400] {logging_mixin.py:115} INFO - [2022-08-29T12:35:22.428-0400] {dagbag.py:508} INFO - Filling up the DagBag from /home/augenz/PycharmProjects/airflow/.env_airflow/lib/python3.9/site-packages/airflow/example_dags/example_complex.py
[2022-08-29T12:35:22.459-0400] {processor.py:650} INFO - DAG(s) dict_keys(['example_complex']) retrieved from /home/augenz/PycharmProjects/airflow/.env_airflow/lib/python3.9/site-packages/airflow/example_dags/example_complex.py
[2022-08-29T12:35:22.515-0400] {logging_mixin.py:115} INFO - [2022-08-29T12:35:22.514-0400] {dag.py:2429} INFO - Sync 1 DAGs
[2022-08-29T12:35:22.556-0400] {logging_mixin.py:115} INFO - [2022-08-29T12:35:22.556-0400] {dag.py:2977} INFO - Setting next_dagrun for example_complex to None, run_after=None
[2022-08-29T12:35:22.599-0400] {processor.py:161} INFO - Processing /home/augenz/PycharmProjects/airflow/.env_airflow/lib/python3.9/site-packages/airflow/example_dags/example_complex.py took 0.180 seconds
[2022-08-29T12:35:56.588-0400] {processor.py:153} INFO - Started process (PID=604) to work on /home/augenz/PycharmProjects/airflow/.env_airflow/lib/python3.9/site-packages/airflow/example_dags/example_complex.py
[2022-08-29T12:35:56.591-0400] {processor.py:640} INFO - Processing file /home/augenz/PycharmProjects/airflow/.env_airflow/lib/python3.9/site-packages/airflow/example_dags/example_complex.py for tasks to queue
[2022-08-29T12:35:56.592-0400] {logging_mixin.py:115} INFO - [2022-08-29T12:35:56.592-0400] {dagbag.py:508} INFO - Filling up the DagBag from /home/augenz/PycharmProjects/airflow/.env_airflow/lib/python3.9/site-packages/airflow/example_dags/example_complex.py
[2022-08-29T12:35:56.610-0400] {processor.py:650} INFO - DAG(s) dict_keys(['example_complex']) retrieved from /home/augenz/PycharmProjects/airflow/.env_airflow/lib/python3.9/site-packages/airflow/example_dags/example_complex.py
[2022-08-29T12:35:57.124-0400] {logging_mixin.py:115} INFO - [2022-08-29T12:35:57.123-0400] {dag.py:2429} INFO - Sync 1 DAGs
[2022-08-29T12:35:57.155-0400] {logging_mixin.py:115} INFO - [2022-08-29T12:35:57.155-0400] {dag.py:2977} INFO - Setting next_dagrun for example_complex to None, run_after=None
[2022-08-29T12:35:57.185-0400] {processor.py:161} INFO - Processing /home/augenz/PycharmProjects/airflow/.env_airflow/lib/python3.9/site-packages/airflow/example_dags/example_complex.py took 0.601 seconds
[2022-08-29T12:36:27.993-0400] {processor.py:153} INFO - Started process (PID=638) to work on /home/augenz/PycharmProjects/airflow/.env_airflow/lib/python3.9/site-packages/airflow/example_dags/example_complex.py
[2022-08-29T12:36:27.994-0400] {processor.py:640} INFO - Processing file /home/augenz/PycharmProjects/airflow/.env_airflow/lib/python3.9/site-packages/airflow/example_dags/example_complex.py for tasks to queue
[2022-08-29T12:36:27.995-0400] {logging_mixin.py:115} INFO - [2022-08-29T12:36:27.995-0400] {dagbag.py:508} INFO - Filling up the DagBag from /home/augenz/PycharmProjects/airflow/.env_airflow/lib/python3.9/site-packages/airflow/example_dags/example_complex.py
[2022-08-29T12:36:28.015-0400] {processor.py:650} INFO - DAG(s) dict_keys(['example_complex']) retrieved from /home/augenz/PycharmProjects/airflow/.env_airflow/lib/python3.9/site-packages/airflow/example_dags/example_complex.py
[2022-08-29T12:36:28.531-0400] {logging_mixin.py:115} INFO - [2022-08-29T12:36:28.530-0400] {dag.py:2429} INFO - Sync 1 DAGs
[2022-08-29T12:36:28.559-0400] {logging_mixin.py:115} INFO - [2022-08-29T12:36:28.558-0400] {dag.py:2977} INFO - Setting next_dagrun for example_complex to None, run_after=None
[2022-08-29T12:36:28.598-0400] {processor.py:161} INFO - Processing /home/augenz/PycharmProjects/airflow/.env_airflow/lib/python3.9/site-packages/airflow/example_dags/example_complex.py took 0.610 seconds
[2022-08-29T12:37:04.795-0400] {processor.py:153} INFO - Started process (PID=690) to work on /home/augenz/PycharmProjects/airflow/.env_airflow/lib/python3.9/site-packages/airflow/example_dags/example_complex.py
[2022-08-29T12:37:04.798-0400] {processor.py:640} INFO - Processing file /home/augenz/PycharmProjects/airflow/.env_airflow/lib/python3.9/site-packages/airflow/example_dags/example_complex.py for tasks to queue
[2022-08-29T12:37:04.809-0400] {logging_mixin.py:115} INFO - [2022-08-29T12:37:04.808-0400] {dagbag.py:508} INFO - Filling up the DagBag from /home/augenz/PycharmProjects/airflow/.env_airflow/lib/python3.9/site-packages/airflow/example_dags/example_complex.py
[2022-08-29T12:37:04.863-0400] {processor.py:650} INFO - DAG(s) dict_keys(['example_complex']) retrieved from /home/augenz/PycharmProjects/airflow/.env_airflow/lib/python3.9/site-packages/airflow/example_dags/example_complex.py
[2022-08-29T12:37:05.906-0400] {logging_mixin.py:115} INFO - [2022-08-29T12:37:05.906-0400] {dag.py:2429} INFO - Sync 1 DAGs
[2022-08-29T12:37:05.968-0400] {logging_mixin.py:115} INFO - [2022-08-29T12:37:05.968-0400] {dag.py:2977} INFO - Setting next_dagrun for example_complex to None, run_after=None
[2022-08-29T12:37:06.036-0400] {processor.py:161} INFO - Processing /home/augenz/PycharmProjects/airflow/.env_airflow/lib/python3.9/site-packages/airflow/example_dags/example_complex.py took 1.255 seconds
[2022-08-29T12:37:44.202-0400] {processor.py:153} INFO - Started process (PID=732) to work on /home/augenz/PycharmProjects/airflow/.env_airflow/lib/python3.9/site-packages/airflow/example_dags/example_complex.py
[2022-08-29T12:37:44.228-0400] {processor.py:640} INFO - Processing file /home/augenz/PycharmProjects/airflow/.env_airflow/lib/python3.9/site-packages/airflow/example_dags/example_complex.py for tasks to queue
[2022-08-29T12:37:44.230-0400] {logging_mixin.py:115} INFO - [2022-08-29T12:37:44.229-0400] {dagbag.py:508} INFO - Filling up the DagBag from /home/augenz/PycharmProjects/airflow/.env_airflow/lib/python3.9/site-packages/airflow/example_dags/example_complex.py
[2022-08-29T12:37:44.314-0400] {processor.py:650} INFO - DAG(s) dict_keys(['example_complex']) retrieved from /home/augenz/PycharmProjects/airflow/.env_airflow/lib/python3.9/site-packages/airflow/example_dags/example_complex.py
[2022-08-29T12:37:44.653-0400] {logging_mixin.py:115} INFO - [2022-08-29T12:37:44.653-0400] {dag.py:2429} INFO - Sync 1 DAGs
[2022-08-29T12:37:44.760-0400] {logging_mixin.py:115} INFO - [2022-08-29T12:37:44.759-0400] {dag.py:2977} INFO - Setting next_dagrun for example_complex to None, run_after=None
[2022-08-29T12:37:44.839-0400] {processor.py:161} INFO - Processing /home/augenz/PycharmProjects/airflow/.env_airflow/lib/python3.9/site-packages/airflow/example_dags/example_complex.py took 0.645 seconds
[2022-08-29T12:38:17.325-0400] {processor.py:153} INFO - Started process (PID=792) to work on /home/augenz/PycharmProjects/airflow/.env_airflow/lib/python3.9/site-packages/airflow/example_dags/example_complex.py
[2022-08-29T12:38:17.332-0400] {processor.py:640} INFO - Processing file /home/augenz/PycharmProjects/airflow/.env_airflow/lib/python3.9/site-packages/airflow/example_dags/example_complex.py for tasks to queue
[2022-08-29T12:38:17.335-0400] {logging_mixin.py:115} INFO - [2022-08-29T12:38:17.334-0400] {dagbag.py:508} INFO - Filling up the DagBag from /home/augenz/PycharmProjects/airflow/.env_airflow/lib/python3.9/site-packages/airflow/example_dags/example_complex.py
[2022-08-29T12:38:17.468-0400] {processor.py:650} INFO - DAG(s) dict_keys(['example_complex']) retrieved from /home/augenz/PycharmProjects/airflow/.env_airflow/lib/python3.9/site-packages/airflow/example_dags/example_complex.py
[2022-08-29T12:38:18.782-0400] {logging_mixin.py:115} INFO - [2022-08-29T12:38:18.781-0400] {dag.py:2429} INFO - Sync 1 DAGs
[2022-08-29T12:38:18.835-0400] {logging_mixin.py:115} INFO - [2022-08-29T12:38:18.834-0400] {dag.py:2977} INFO - Setting next_dagrun for example_complex to None, run_after=None
[2022-08-29T12:38:18.885-0400] {processor.py:161} INFO - Processing /home/augenz/PycharmProjects/airflow/.env_airflow/lib/python3.9/site-packages/airflow/example_dags/example_complex.py took 1.574 seconds
[2022-08-29T12:38:49.256-0400] {processor.py:153} INFO - Started process (PID=828) to work on /home/augenz/PycharmProjects/airflow/.env_airflow/lib/python3.9/site-packages/airflow/example_dags/example_complex.py
[2022-08-29T12:38:49.257-0400] {processor.py:640} INFO - Processing file /home/augenz/PycharmProjects/airflow/.env_airflow/lib/python3.9/site-packages/airflow/example_dags/example_complex.py for tasks to queue
[2022-08-29T12:38:49.259-0400] {logging_mixin.py:115} INFO - [2022-08-29T12:38:49.258-0400] {dagbag.py:508} INFO - Filling up the DagBag from /home/augenz/PycharmProjects/airflow/.env_airflow/lib/python3.9/site-packages/airflow/example_dags/example_complex.py
[2022-08-29T12:38:49.279-0400] {processor.py:650} INFO - DAG(s) dict_keys(['example_complex']) retrieved from /home/augenz/PycharmProjects/airflow/.env_airflow/lib/python3.9/site-packages/airflow/example_dags/example_complex.py
[2022-08-29T12:38:49.942-0400] {logging_mixin.py:115} INFO - [2022-08-29T12:38:49.941-0400] {dag.py:2429} INFO - Sync 1 DAGs
[2022-08-29T12:38:50.005-0400] {logging_mixin.py:115} INFO - [2022-08-29T12:38:50.004-0400] {dag.py:2977} INFO - Setting next_dagrun for example_complex to None, run_after=None
[2022-08-29T12:38:50.056-0400] {processor.py:161} INFO - Processing /home/augenz/PycharmProjects/airflow/.env_airflow/lib/python3.9/site-packages/airflow/example_dags/example_complex.py took 0.808 seconds
[2022-08-29T12:39:20.199-0400] {processor.py:153} INFO - Started process (PID=863) to work on /home/augenz/PycharmProjects/airflow/.env_airflow/lib/python3.9/site-packages/airflow/example_dags/example_complex.py
[2022-08-29T12:39:20.203-0400] {processor.py:640} INFO - Processing file /home/augenz/PycharmProjects/airflow/.env_airflow/lib/python3.9/site-packages/airflow/example_dags/example_complex.py for tasks to queue
[2022-08-29T12:39:20.204-0400] {logging_mixin.py:115} INFO - [2022-08-29T12:39:20.204-0400] {dagbag.py:508} INFO - Filling up the DagBag from /home/augenz/PycharmProjects/airflow/.env_airflow/lib/python3.9/site-packages/airflow/example_dags/example_complex.py
[2022-08-29T12:39:20.236-0400] {processor.py:650} INFO - DAG(s) dict_keys(['example_complex']) retrieved from /home/augenz/PycharmProjects/airflow/.env_airflow/lib/python3.9/site-packages/airflow/example_dags/example_complex.py
[2022-08-29T12:39:20.769-0400] {logging_mixin.py:115} INFO - [2022-08-29T12:39:20.768-0400] {dag.py:2429} INFO - Sync 1 DAGs
[2022-08-29T12:39:20.797-0400] {logging_mixin.py:115} INFO - [2022-08-29T12:39:20.797-0400] {dag.py:2977} INFO - Setting next_dagrun for example_complex to None, run_after=None
[2022-08-29T12:39:20.844-0400] {processor.py:161} INFO - Processing /home/augenz/PycharmProjects/airflow/.env_airflow/lib/python3.9/site-packages/airflow/example_dags/example_complex.py took 0.650 seconds
[2022-08-29T12:39:51.001-0400] {processor.py:153} INFO - Started process (PID=902) to work on /home/augenz/PycharmProjects/airflow/.env_airflow/lib/python3.9/site-packages/airflow/example_dags/example_complex.py
[2022-08-29T12:39:51.002-0400] {processor.py:640} INFO - Processing file /home/augenz/PycharmProjects/airflow/.env_airflow/lib/python3.9/site-packages/airflow/example_dags/example_complex.py for tasks to queue
[2022-08-29T12:39:51.003-0400] {logging_mixin.py:115} INFO - [2022-08-29T12:39:51.003-0400] {dagbag.py:508} INFO - Filling up the DagBag from /home/augenz/PycharmProjects/airflow/.env_airflow/lib/python3.9/site-packages/airflow/example_dags/example_complex.py
[2022-08-29T12:39:51.023-0400] {processor.py:650} INFO - DAG(s) dict_keys(['example_complex']) retrieved from /home/augenz/PycharmProjects/airflow/.env_airflow/lib/python3.9/site-packages/airflow/example_dags/example_complex.py
[2022-08-29T12:39:51.592-0400] {logging_mixin.py:115} INFO - [2022-08-29T12:39:51.591-0400] {dag.py:2429} INFO - Sync 1 DAGs
[2022-08-29T12:39:51.618-0400] {logging_mixin.py:115} INFO - [2022-08-29T12:39:51.618-0400] {dag.py:2977} INFO - Setting next_dagrun for example_complex to None, run_after=None
[2022-08-29T12:39:51.679-0400] {processor.py:161} INFO - Processing /home/augenz/PycharmProjects/airflow/.env_airflow/lib/python3.9/site-packages/airflow/example_dags/example_complex.py took 0.684 seconds
[2022-08-29T12:40:22.321-0400] {processor.py:153} INFO - Started process (PID=937) to work on /home/augenz/PycharmProjects/airflow/.env_airflow/lib/python3.9/site-packages/airflow/example_dags/example_complex.py
[2022-08-29T12:40:22.322-0400] {processor.py:640} INFO - Processing file /home/augenz/PycharmProjects/airflow/.env_airflow/lib/python3.9/site-packages/airflow/example_dags/example_complex.py for tasks to queue
[2022-08-29T12:40:22.323-0400] {logging_mixin.py:115} INFO - [2022-08-29T12:40:22.323-0400] {dagbag.py:508} INFO - Filling up the DagBag from /home/augenz/PycharmProjects/airflow/.env_airflow/lib/python3.9/site-packages/airflow/example_dags/example_complex.py
[2022-08-29T12:40:22.345-0400] {processor.py:650} INFO - DAG(s) dict_keys(['example_complex']) retrieved from /home/augenz/PycharmProjects/airflow/.env_airflow/lib/python3.9/site-packages/airflow/example_dags/example_complex.py
[2022-08-29T12:40:22.807-0400] {logging_mixin.py:115} INFO - [2022-08-29T12:40:22.806-0400] {dag.py:2429} INFO - Sync 1 DAGs
[2022-08-29T12:40:22.832-0400] {logging_mixin.py:115} INFO - [2022-08-29T12:40:22.832-0400] {dag.py:2977} INFO - Setting next_dagrun for example_complex to None, run_after=None
[2022-08-29T12:40:22.885-0400] {processor.py:161} INFO - Processing /home/augenz/PycharmProjects/airflow/.env_airflow/lib/python3.9/site-packages/airflow/example_dags/example_complex.py took 0.570 seconds
[2022-08-29T12:40:53.132-0400] {processor.py:153} INFO - Started process (PID=971) to work on /home/augenz/PycharmProjects/airflow/.env_airflow/lib/python3.9/site-packages/airflow/example_dags/example_complex.py
[2022-08-29T12:40:53.133-0400] {processor.py:640} INFO - Processing file /home/augenz/PycharmProjects/airflow/.env_airflow/lib/python3.9/site-packages/airflow/example_dags/example_complex.py for tasks to queue
[2022-08-29T12:40:53.134-0400] {logging_mixin.py:115} INFO - [2022-08-29T12:40:53.134-0400] {dagbag.py:508} INFO - Filling up the DagBag from /home/augenz/PycharmProjects/airflow/.env_airflow/lib/python3.9/site-packages/airflow/example_dags/example_complex.py
[2022-08-29T12:40:53.155-0400] {processor.py:650} INFO - DAG(s) dict_keys(['example_complex']) retrieved from /home/augenz/PycharmProjects/airflow/.env_airflow/lib/python3.9/site-packages/airflow/example_dags/example_complex.py
[2022-08-29T12:40:53.688-0400] {logging_mixin.py:115} INFO - [2022-08-29T12:40:53.687-0400] {dag.py:2429} INFO - Sync 1 DAGs
[2022-08-29T12:40:53.718-0400] {logging_mixin.py:115} INFO - [2022-08-29T12:40:53.718-0400] {dag.py:2977} INFO - Setting next_dagrun for example_complex to None, run_after=None
[2022-08-29T12:40:53.765-0400] {processor.py:161} INFO - Processing /home/augenz/PycharmProjects/airflow/.env_airflow/lib/python3.9/site-packages/airflow/example_dags/example_complex.py took 0.639 seconds
[2022-08-29T12:41:24.211-0400] {processor.py:153} INFO - Started process (PID=1005) to work on /home/augenz/PycharmProjects/airflow/.env_airflow/lib/python3.9/site-packages/airflow/example_dags/example_complex.py
[2022-08-29T12:41:24.230-0400] {processor.py:640} INFO - Processing file /home/augenz/PycharmProjects/airflow/.env_airflow/lib/python3.9/site-packages/airflow/example_dags/example_complex.py for tasks to queue
[2022-08-29T12:41:24.232-0400] {logging_mixin.py:115} INFO - [2022-08-29T12:41:24.231-0400] {dagbag.py:508} INFO - Filling up the DagBag from /home/augenz/PycharmProjects/airflow/.env_airflow/lib/python3.9/site-packages/airflow/example_dags/example_complex.py
[2022-08-29T12:41:24.258-0400] {processor.py:650} INFO - DAG(s) dict_keys(['example_complex']) retrieved from /home/augenz/PycharmProjects/airflow/.env_airflow/lib/python3.9/site-packages/airflow/example_dags/example_complex.py
[2022-08-29T12:41:24.713-0400] {logging_mixin.py:115} INFO - [2022-08-29T12:41:24.712-0400] {dag.py:2429} INFO - Sync 1 DAGs
[2022-08-29T12:41:24.743-0400] {logging_mixin.py:115} INFO - [2022-08-29T12:41:24.743-0400] {dag.py:2977} INFO - Setting next_dagrun for example_complex to None, run_after=None
[2022-08-29T12:41:24.793-0400] {processor.py:161} INFO - Processing /home/augenz/PycharmProjects/airflow/.env_airflow/lib/python3.9/site-packages/airflow/example_dags/example_complex.py took 0.587 seconds
[2022-08-29T12:41:55.167-0400] {processor.py:153} INFO - Started process (PID=1049) to work on /home/augenz/PycharmProjects/airflow/.env_airflow/lib/python3.9/site-packages/airflow/example_dags/example_complex.py
[2022-08-29T12:41:55.173-0400] {processor.py:640} INFO - Processing file /home/augenz/PycharmProjects/airflow/.env_airflow/lib/python3.9/site-packages/airflow/example_dags/example_complex.py for tasks to queue
[2022-08-29T12:41:55.175-0400] {logging_mixin.py:115} INFO - [2022-08-29T12:41:55.174-0400] {dagbag.py:508} INFO - Filling up the DagBag from /home/augenz/PycharmProjects/airflow/.env_airflow/lib/python3.9/site-packages/airflow/example_dags/example_complex.py
[2022-08-29T12:41:55.194-0400] {processor.py:650} INFO - DAG(s) dict_keys(['example_complex']) retrieved from /home/augenz/PycharmProjects/airflow/.env_airflow/lib/python3.9/site-packages/airflow/example_dags/example_complex.py
[2022-08-29T12:41:55.650-0400] {logging_mixin.py:115} INFO - [2022-08-29T12:41:55.649-0400] {dag.py:2429} INFO - Sync 1 DAGs
[2022-08-29T12:41:55.678-0400] {logging_mixin.py:115} INFO - [2022-08-29T12:41:55.678-0400] {dag.py:2977} INFO - Setting next_dagrun for example_complex to None, run_after=None
[2022-08-29T12:41:55.732-0400] {processor.py:161} INFO - Processing /home/augenz/PycharmProjects/airflow/.env_airflow/lib/python3.9/site-packages/airflow/example_dags/example_complex.py took 0.570 seconds
[2022-08-29T12:42:25.991-0400] {processor.py:153} INFO - Started process (PID=1084) to work on /home/augenz/PycharmProjects/airflow/.env_airflow/lib/python3.9/site-packages/airflow/example_dags/example_complex.py
[2022-08-29T12:42:25.995-0400] {processor.py:640} INFO - Processing file /home/augenz/PycharmProjects/airflow/.env_airflow/lib/python3.9/site-packages/airflow/example_dags/example_complex.py for tasks to queue
[2022-08-29T12:42:25.996-0400] {logging_mixin.py:115} INFO - [2022-08-29T12:42:25.996-0400] {dagbag.py:508} INFO - Filling up the DagBag from /home/augenz/PycharmProjects/airflow/.env_airflow/lib/python3.9/site-packages/airflow/example_dags/example_complex.py
[2022-08-29T12:42:26.016-0400] {processor.py:650} INFO - DAG(s) dict_keys(['example_complex']) retrieved from /home/augenz/PycharmProjects/airflow/.env_airflow/lib/python3.9/site-packages/airflow/example_dags/example_complex.py
[2022-08-29T12:42:26.599-0400] {logging_mixin.py:115} INFO - [2022-08-29T12:42:26.598-0400] {dag.py:2429} INFO - Sync 1 DAGs
[2022-08-29T12:42:26.628-0400] {logging_mixin.py:115} INFO - [2022-08-29T12:42:26.627-0400] {dag.py:2977} INFO - Setting next_dagrun for example_complex to None, run_after=None
[2022-08-29T12:42:26.669-0400] {processor.py:161} INFO - Processing /home/augenz/PycharmProjects/airflow/.env_airflow/lib/python3.9/site-packages/airflow/example_dags/example_complex.py took 0.683 seconds
[2022-08-29T12:42:57.054-0400] {processor.py:153} INFO - Started process (PID=1118) to work on /home/augenz/PycharmProjects/airflow/.env_airflow/lib/python3.9/site-packages/airflow/example_dags/example_complex.py
[2022-08-29T12:42:57.055-0400] {processor.py:640} INFO - Processing file /home/augenz/PycharmProjects/airflow/.env_airflow/lib/python3.9/site-packages/airflow/example_dags/example_complex.py for tasks to queue
[2022-08-29T12:42:57.056-0400] {logging_mixin.py:115} INFO - [2022-08-29T12:42:57.056-0400] {dagbag.py:508} INFO - Filling up the DagBag from /home/augenz/PycharmProjects/airflow/.env_airflow/lib/python3.9/site-packages/airflow/example_dags/example_complex.py
[2022-08-29T12:42:57.076-0400] {processor.py:650} INFO - DAG(s) dict_keys(['example_complex']) retrieved from /home/augenz/PycharmProjects/airflow/.env_airflow/lib/python3.9/site-packages/airflow/example_dags/example_complex.py
[2022-08-29T12:42:57.539-0400] {logging_mixin.py:115} INFO - [2022-08-29T12:42:57.539-0400] {dag.py:2429} INFO - Sync 1 DAGs
[2022-08-29T12:42:57.566-0400] {logging_mixin.py:115} INFO - [2022-08-29T12:42:57.566-0400] {dag.py:2977} INFO - Setting next_dagrun for example_complex to None, run_after=None
[2022-08-29T12:42:57.599-0400] {processor.py:161} INFO - Processing /home/augenz/PycharmProjects/airflow/.env_airflow/lib/python3.9/site-packages/airflow/example_dags/example_complex.py took 0.549 seconds
[2022-08-29T12:43:28.182-0400] {processor.py:153} INFO - Started process (PID=1153) to work on /home/augenz/PycharmProjects/airflow/.env_airflow/lib/python3.9/site-packages/airflow/example_dags/example_complex.py
[2022-08-29T12:43:28.195-0400] {processor.py:640} INFO - Processing file /home/augenz/PycharmProjects/airflow/.env_airflow/lib/python3.9/site-packages/airflow/example_dags/example_complex.py for tasks to queue
[2022-08-29T12:43:28.196-0400] {logging_mixin.py:115} INFO - [2022-08-29T12:43:28.196-0400] {dagbag.py:508} INFO - Filling up the DagBag from /home/augenz/PycharmProjects/airflow/.env_airflow/lib/python3.9/site-packages/airflow/example_dags/example_complex.py
[2022-08-29T12:43:28.223-0400] {processor.py:650} INFO - DAG(s) dict_keys(['example_complex']) retrieved from /home/augenz/PycharmProjects/airflow/.env_airflow/lib/python3.9/site-packages/airflow/example_dags/example_complex.py
[2022-08-29T12:43:28.709-0400] {logging_mixin.py:115} INFO - [2022-08-29T12:43:28.708-0400] {dag.py:2429} INFO - Sync 1 DAGs
[2022-08-29T12:43:28.735-0400] {logging_mixin.py:115} INFO - [2022-08-29T12:43:28.735-0400] {dag.py:2977} INFO - Setting next_dagrun for example_complex to None, run_after=None
[2022-08-29T12:43:28.762-0400] {processor.py:161} INFO - Processing /home/augenz/PycharmProjects/airflow/.env_airflow/lib/python3.9/site-packages/airflow/example_dags/example_complex.py took 0.585 seconds
[2022-08-29T12:43:58.950-0400] {processor.py:153} INFO - Started process (PID=1188) to work on /home/augenz/PycharmProjects/airflow/.env_airflow/lib/python3.9/site-packages/airflow/example_dags/example_complex.py
[2022-08-29T12:43:58.954-0400] {processor.py:640} INFO - Processing file /home/augenz/PycharmProjects/airflow/.env_airflow/lib/python3.9/site-packages/airflow/example_dags/example_complex.py for tasks to queue
[2022-08-29T12:43:58.955-0400] {logging_mixin.py:115} INFO - [2022-08-29T12:43:58.955-0400] {dagbag.py:508} INFO - Filling up the DagBag from /home/augenz/PycharmProjects/airflow/.env_airflow/lib/python3.9/site-packages/airflow/example_dags/example_complex.py
[2022-08-29T12:43:58.985-0400] {processor.py:650} INFO - DAG(s) dict_keys(['example_complex']) retrieved from /home/augenz/PycharmProjects/airflow/.env_airflow/lib/python3.9/site-packages/airflow/example_dags/example_complex.py
[2022-08-29T12:43:59.515-0400] {logging_mixin.py:115} INFO - [2022-08-29T12:43:59.515-0400] {dag.py:2429} INFO - Sync 1 DAGs
[2022-08-29T12:43:59.542-0400] {logging_mixin.py:115} INFO - [2022-08-29T12:43:59.541-0400] {dag.py:2977} INFO - Setting next_dagrun for example_complex to None, run_after=None
[2022-08-29T12:43:59.584-0400] {processor.py:161} INFO - Processing /home/augenz/PycharmProjects/airflow/.env_airflow/lib/python3.9/site-packages/airflow/example_dags/example_complex.py took 0.637 seconds
[2022-08-29T12:44:30.219-0400] {processor.py:153} INFO - Started process (PID=1222) to work on /home/augenz/PycharmProjects/airflow/.env_airflow/lib/python3.9/site-packages/airflow/example_dags/example_complex.py
[2022-08-29T12:44:30.220-0400] {processor.py:640} INFO - Processing file /home/augenz/PycharmProjects/airflow/.env_airflow/lib/python3.9/site-packages/airflow/example_dags/example_complex.py for tasks to queue
[2022-08-29T12:44:30.221-0400] {logging_mixin.py:115} INFO - [2022-08-29T12:44:30.221-0400] {dagbag.py:508} INFO - Filling up the DagBag from /home/augenz/PycharmProjects/airflow/.env_airflow/lib/python3.9/site-packages/airflow/example_dags/example_complex.py
[2022-08-29T12:44:30.244-0400] {processor.py:650} INFO - DAG(s) dict_keys(['example_complex']) retrieved from /home/augenz/PycharmProjects/airflow/.env_airflow/lib/python3.9/site-packages/airflow/example_dags/example_complex.py
[2022-08-29T12:44:30.700-0400] {logging_mixin.py:115} INFO - [2022-08-29T12:44:30.700-0400] {dag.py:2429} INFO - Sync 1 DAGs
[2022-08-29T12:44:30.726-0400] {logging_mixin.py:115} INFO - [2022-08-29T12:44:30.726-0400] {dag.py:2977} INFO - Setting next_dagrun for example_complex to None, run_after=None
[2022-08-29T12:44:30.797-0400] {processor.py:161} INFO - Processing /home/augenz/PycharmProjects/airflow/.env_airflow/lib/python3.9/site-packages/airflow/example_dags/example_complex.py took 0.583 seconds
[2022-08-29T12:45:01.223-0400] {processor.py:153} INFO - Started process (PID=1270) to work on /home/augenz/PycharmProjects/airflow/.env_airflow/lib/python3.9/site-packages/airflow/example_dags/example_complex.py
[2022-08-29T12:45:01.225-0400] {processor.py:640} INFO - Processing file /home/augenz/PycharmProjects/airflow/.env_airflow/lib/python3.9/site-packages/airflow/example_dags/example_complex.py for tasks to queue
[2022-08-29T12:45:01.225-0400] {logging_mixin.py:115} INFO - [2022-08-29T12:45:01.225-0400] {dagbag.py:508} INFO - Filling up the DagBag from /home/augenz/PycharmProjects/airflow/.env_airflow/lib/python3.9/site-packages/airflow/example_dags/example_complex.py
[2022-08-29T12:45:01.246-0400] {processor.py:650} INFO - DAG(s) dict_keys(['example_complex']) retrieved from /home/augenz/PycharmProjects/airflow/.env_airflow/lib/python3.9/site-packages/airflow/example_dags/example_complex.py
[2022-08-29T12:45:01.741-0400] {logging_mixin.py:115} INFO - [2022-08-29T12:45:01.740-0400] {dag.py:2429} INFO - Sync 1 DAGs
[2022-08-29T12:45:01.768-0400] {logging_mixin.py:115} INFO - [2022-08-29T12:45:01.767-0400] {dag.py:2977} INFO - Setting next_dagrun for example_complex to None, run_after=None
[2022-08-29T12:45:01.818-0400] {processor.py:161} INFO - Processing /home/augenz/PycharmProjects/airflow/.env_airflow/lib/python3.9/site-packages/airflow/example_dags/example_complex.py took 0.599 seconds
[2022-08-29T12:45:32.657-0400] {processor.py:153} INFO - Started process (PID=1304) to work on /home/augenz/PycharmProjects/airflow/.env_airflow/lib/python3.9/site-packages/airflow/example_dags/example_complex.py
[2022-08-29T12:45:32.658-0400] {processor.py:640} INFO - Processing file /home/augenz/PycharmProjects/airflow/.env_airflow/lib/python3.9/site-packages/airflow/example_dags/example_complex.py for tasks to queue
[2022-08-29T12:45:32.659-0400] {logging_mixin.py:115} INFO - [2022-08-29T12:45:32.659-0400] {dagbag.py:508} INFO - Filling up the DagBag from /home/augenz/PycharmProjects/airflow/.env_airflow/lib/python3.9/site-packages/airflow/example_dags/example_complex.py
[2022-08-29T12:45:32.681-0400] {processor.py:650} INFO - DAG(s) dict_keys(['example_complex']) retrieved from /home/augenz/PycharmProjects/airflow/.env_airflow/lib/python3.9/site-packages/airflow/example_dags/example_complex.py
[2022-08-29T12:45:33.183-0400] {logging_mixin.py:115} INFO - [2022-08-29T12:45:33.182-0400] {dag.py:2429} INFO - Sync 1 DAGs
[2022-08-29T12:45:33.210-0400] {logging_mixin.py:115} INFO - [2022-08-29T12:45:33.209-0400] {dag.py:2977} INFO - Setting next_dagrun for example_complex to None, run_after=None
[2022-08-29T12:45:33.273-0400] {processor.py:161} INFO - Processing /home/augenz/PycharmProjects/airflow/.env_airflow/lib/python3.9/site-packages/airflow/example_dags/example_complex.py took 0.621 seconds
[2022-08-29T12:46:03.423-0400] {processor.py:153} INFO - Started process (PID=1339) to work on /home/augenz/PycharmProjects/airflow/.env_airflow/lib/python3.9/site-packages/airflow/example_dags/example_complex.py
[2022-08-29T12:46:03.425-0400] {processor.py:640} INFO - Processing file /home/augenz/PycharmProjects/airflow/.env_airflow/lib/python3.9/site-packages/airflow/example_dags/example_complex.py for tasks to queue
[2022-08-29T12:46:03.426-0400] {logging_mixin.py:115} INFO - [2022-08-29T12:46:03.426-0400] {dagbag.py:508} INFO - Filling up the DagBag from /home/augenz/PycharmProjects/airflow/.env_airflow/lib/python3.9/site-packages/airflow/example_dags/example_complex.py
[2022-08-29T12:46:03.446-0400] {processor.py:650} INFO - DAG(s) dict_keys(['example_complex']) retrieved from /home/augenz/PycharmProjects/airflow/.env_airflow/lib/python3.9/site-packages/airflow/example_dags/example_complex.py
[2022-08-29T12:46:03.921-0400] {logging_mixin.py:115} INFO - [2022-08-29T12:46:03.920-0400] {dag.py:2429} INFO - Sync 1 DAGs
[2022-08-29T12:46:03.948-0400] {logging_mixin.py:115} INFO - [2022-08-29T12:46:03.947-0400] {dag.py:2977} INFO - Setting next_dagrun for example_complex to None, run_after=None
[2022-08-29T12:46:04.002-0400] {processor.py:161} INFO - Processing /home/augenz/PycharmProjects/airflow/.env_airflow/lib/python3.9/site-packages/airflow/example_dags/example_complex.py took 0.584 seconds
[2022-08-29T12:46:34.832-0400] {processor.py:153} INFO - Started process (PID=1373) to work on /home/augenz/PycharmProjects/airflow/.env_airflow/lib/python3.9/site-packages/airflow/example_dags/example_complex.py
[2022-08-29T12:46:34.833-0400] {processor.py:640} INFO - Processing file /home/augenz/PycharmProjects/airflow/.env_airflow/lib/python3.9/site-packages/airflow/example_dags/example_complex.py for tasks to queue
[2022-08-29T12:46:34.834-0400] {logging_mixin.py:115} INFO - [2022-08-29T12:46:34.834-0400] {dagbag.py:508} INFO - Filling up the DagBag from /home/augenz/PycharmProjects/airflow/.env_airflow/lib/python3.9/site-packages/airflow/example_dags/example_complex.py
[2022-08-29T12:46:34.855-0400] {processor.py:650} INFO - DAG(s) dict_keys(['example_complex']) retrieved from /home/augenz/PycharmProjects/airflow/.env_airflow/lib/python3.9/site-packages/airflow/example_dags/example_complex.py
[2022-08-29T12:46:35.381-0400] {logging_mixin.py:115} INFO - [2022-08-29T12:46:35.380-0400] {dag.py:2429} INFO - Sync 1 DAGs
[2022-08-29T12:46:35.410-0400] {logging_mixin.py:115} INFO - [2022-08-29T12:46:35.410-0400] {dag.py:2977} INFO - Setting next_dagrun for example_complex to None, run_after=None
[2022-08-29T12:46:35.464-0400] {processor.py:161} INFO - Processing /home/augenz/PycharmProjects/airflow/.env_airflow/lib/python3.9/site-packages/airflow/example_dags/example_complex.py took 0.638 seconds
[2022-08-29T12:47:05.751-0400] {processor.py:153} INFO - Started process (PID=1408) to work on /home/augenz/PycharmProjects/airflow/.env_airflow/lib/python3.9/site-packages/airflow/example_dags/example_complex.py
[2022-08-29T12:47:05.753-0400] {processor.py:640} INFO - Processing file /home/augenz/PycharmProjects/airflow/.env_airflow/lib/python3.9/site-packages/airflow/example_dags/example_complex.py for tasks to queue
[2022-08-29T12:47:05.754-0400] {logging_mixin.py:115} INFO - [2022-08-29T12:47:05.753-0400] {dagbag.py:508} INFO - Filling up the DagBag from /home/augenz/PycharmProjects/airflow/.env_airflow/lib/python3.9/site-packages/airflow/example_dags/example_complex.py
[2022-08-29T12:47:05.783-0400] {processor.py:650} INFO - DAG(s) dict_keys(['example_complex']) retrieved from /home/augenz/PycharmProjects/airflow/.env_airflow/lib/python3.9/site-packages/airflow/example_dags/example_complex.py
[2022-08-29T12:47:06.290-0400] {logging_mixin.py:115} INFO - [2022-08-29T12:47:06.290-0400] {dag.py:2429} INFO - Sync 1 DAGs
[2022-08-29T12:47:06.323-0400] {logging_mixin.py:115} INFO - [2022-08-29T12:47:06.323-0400] {dag.py:2977} INFO - Setting next_dagrun for example_complex to None, run_after=None
[2022-08-29T12:47:06.372-0400] {processor.py:161} INFO - Processing /home/augenz/PycharmProjects/airflow/.env_airflow/lib/python3.9/site-packages/airflow/example_dags/example_complex.py took 0.626 seconds
[2022-08-29T12:47:36.421-0400] {processor.py:153} INFO - Started process (PID=1450) to work on /home/augenz/PycharmProjects/airflow/.env_airflow/lib/python3.9/site-packages/airflow/example_dags/example_complex.py
[2022-08-29T12:47:36.422-0400] {processor.py:640} INFO - Processing file /home/augenz/PycharmProjects/airflow/.env_airflow/lib/python3.9/site-packages/airflow/example_dags/example_complex.py for tasks to queue
[2022-08-29T12:47:36.423-0400] {logging_mixin.py:115} INFO - [2022-08-29T12:47:36.423-0400] {dagbag.py:508} INFO - Filling up the DagBag from /home/augenz/PycharmProjects/airflow/.env_airflow/lib/python3.9/site-packages/airflow/example_dags/example_complex.py
[2022-08-29T12:47:36.443-0400] {processor.py:650} INFO - DAG(s) dict_keys(['example_complex']) retrieved from /home/augenz/PycharmProjects/airflow/.env_airflow/lib/python3.9/site-packages/airflow/example_dags/example_complex.py
[2022-08-29T12:47:37.063-0400] {logging_mixin.py:115} INFO - [2022-08-29T12:47:37.063-0400] {dag.py:2429} INFO - Sync 1 DAGs
[2022-08-29T12:47:37.092-0400] {logging_mixin.py:115} INFO - [2022-08-29T12:47:37.092-0400] {dag.py:2977} INFO - Setting next_dagrun for example_complex to None, run_after=None
[2022-08-29T12:47:37.158-0400] {processor.py:161} INFO - Processing /home/augenz/PycharmProjects/airflow/.env_airflow/lib/python3.9/site-packages/airflow/example_dags/example_complex.py took 0.742 seconds
[2022-08-29T12:48:07.556-0400] {processor.py:153} INFO - Started process (PID=1484) to work on /home/augenz/PycharmProjects/airflow/.env_airflow/lib/python3.9/site-packages/airflow/example_dags/example_complex.py
[2022-08-29T12:48:07.564-0400] {processor.py:640} INFO - Processing file /home/augenz/PycharmProjects/airflow/.env_airflow/lib/python3.9/site-packages/airflow/example_dags/example_complex.py for tasks to queue
[2022-08-29T12:48:07.565-0400] {logging_mixin.py:115} INFO - [2022-08-29T12:48:07.564-0400] {dagbag.py:508} INFO - Filling up the DagBag from /home/augenz/PycharmProjects/airflow/.env_airflow/lib/python3.9/site-packages/airflow/example_dags/example_complex.py
[2022-08-29T12:48:07.586-0400] {processor.py:650} INFO - DAG(s) dict_keys(['example_complex']) retrieved from /home/augenz/PycharmProjects/airflow/.env_airflow/lib/python3.9/site-packages/airflow/example_dags/example_complex.py
[2022-08-29T12:48:08.187-0400] {logging_mixin.py:115} INFO - [2022-08-29T12:48:08.187-0400] {dag.py:2429} INFO - Sync 1 DAGs
[2022-08-29T12:48:08.213-0400] {logging_mixin.py:115} INFO - [2022-08-29T12:48:08.213-0400] {dag.py:2977} INFO - Setting next_dagrun for example_complex to None, run_after=None
[2022-08-29T12:48:08.281-0400] {processor.py:161} INFO - Processing /home/augenz/PycharmProjects/airflow/.env_airflow/lib/python3.9/site-packages/airflow/example_dags/example_complex.py took 0.730 seconds
[2022-08-29T12:48:38.689-0400] {processor.py:153} INFO - Started process (PID=1519) to work on /home/augenz/PycharmProjects/airflow/.env_airflow/lib/python3.9/site-packages/airflow/example_dags/example_complex.py
[2022-08-29T12:48:38.690-0400] {processor.py:640} INFO - Processing file /home/augenz/PycharmProjects/airflow/.env_airflow/lib/python3.9/site-packages/airflow/example_dags/example_complex.py for tasks to queue
[2022-08-29T12:48:38.692-0400] {logging_mixin.py:115} INFO - [2022-08-29T12:48:38.691-0400] {dagbag.py:508} INFO - Filling up the DagBag from /home/augenz/PycharmProjects/airflow/.env_airflow/lib/python3.9/site-packages/airflow/example_dags/example_complex.py
[2022-08-29T12:48:38.721-0400] {processor.py:650} INFO - DAG(s) dict_keys(['example_complex']) retrieved from /home/augenz/PycharmProjects/airflow/.env_airflow/lib/python3.9/site-packages/airflow/example_dags/example_complex.py
[2022-08-29T12:48:39.233-0400] {logging_mixin.py:115} INFO - [2022-08-29T12:48:39.232-0400] {dag.py:2429} INFO - Sync 1 DAGs
[2022-08-29T12:48:39.260-0400] {logging_mixin.py:115} INFO - [2022-08-29T12:48:39.260-0400] {dag.py:2977} INFO - Setting next_dagrun for example_complex to None, run_after=None
[2022-08-29T12:48:39.328-0400] {processor.py:161} INFO - Processing /home/augenz/PycharmProjects/airflow/.env_airflow/lib/python3.9/site-packages/airflow/example_dags/example_complex.py took 0.643 seconds
[2022-08-29T12:49:10.289-0400] {processor.py:153} INFO - Started process (PID=1553) to work on /home/augenz/PycharmProjects/airflow/.env_airflow/lib/python3.9/site-packages/airflow/example_dags/example_complex.py
[2022-08-29T12:49:10.292-0400] {processor.py:640} INFO - Processing file /home/augenz/PycharmProjects/airflow/.env_airflow/lib/python3.9/site-packages/airflow/example_dags/example_complex.py for tasks to queue
[2022-08-29T12:49:10.293-0400] {logging_mixin.py:115} INFO - [2022-08-29T12:49:10.293-0400] {dagbag.py:508} INFO - Filling up the DagBag from /home/augenz/PycharmProjects/airflow/.env_airflow/lib/python3.9/site-packages/airflow/example_dags/example_complex.py
[2022-08-29T12:49:10.311-0400] {processor.py:650} INFO - DAG(s) dict_keys(['example_complex']) retrieved from /home/augenz/PycharmProjects/airflow/.env_airflow/lib/python3.9/site-packages/airflow/example_dags/example_complex.py
[2022-08-29T12:49:10.773-0400] {logging_mixin.py:115} INFO - [2022-08-29T12:49:10.773-0400] {dag.py:2429} INFO - Sync 1 DAGs
[2022-08-29T12:49:10.805-0400] {logging_mixin.py:115} INFO - [2022-08-29T12:49:10.805-0400] {dag.py:2977} INFO - Setting next_dagrun for example_complex to None, run_after=None
[2022-08-29T12:49:10.883-0400] {processor.py:161} INFO - Processing /home/augenz/PycharmProjects/airflow/.env_airflow/lib/python3.9/site-packages/airflow/example_dags/example_complex.py took 0.599 seconds
[2022-08-29T12:49:41.146-0400] {processor.py:153} INFO - Started process (PID=1597) to work on /home/augenz/PycharmProjects/airflow/.env_airflow/lib/python3.9/site-packages/airflow/example_dags/example_complex.py
[2022-08-29T12:49:41.156-0400] {processor.py:640} INFO - Processing file /home/augenz/PycharmProjects/airflow/.env_airflow/lib/python3.9/site-packages/airflow/example_dags/example_complex.py for tasks to queue
[2022-08-29T12:49:41.157-0400] {logging_mixin.py:115} INFO - [2022-08-29T12:49:41.157-0400] {dagbag.py:508} INFO - Filling up the DagBag from /home/augenz/PycharmProjects/airflow/.env_airflow/lib/python3.9/site-packages/airflow/example_dags/example_complex.py
[2022-08-29T12:49:41.178-0400] {processor.py:650} INFO - DAG(s) dict_keys(['example_complex']) retrieved from /home/augenz/PycharmProjects/airflow/.env_airflow/lib/python3.9/site-packages/airflow/example_dags/example_complex.py
[2022-08-29T12:49:41.841-0400] {logging_mixin.py:115} INFO - [2022-08-29T12:49:41.841-0400] {dag.py:2429} INFO - Sync 1 DAGs
[2022-08-29T12:49:41.872-0400] {logging_mixin.py:115} INFO - [2022-08-29T12:49:41.872-0400] {dag.py:2977} INFO - Setting next_dagrun for example_complex to None, run_after=None
[2022-08-29T12:49:41.938-0400] {processor.py:161} INFO - Processing /home/augenz/PycharmProjects/airflow/.env_airflow/lib/python3.9/site-packages/airflow/example_dags/example_complex.py took 0.798 seconds
[2022-08-29T12:50:12.633-0400] {processor.py:153} INFO - Started process (PID=1631) to work on /home/augenz/PycharmProjects/airflow/.env_airflow/lib/python3.9/site-packages/airflow/example_dags/example_complex.py
[2022-08-29T12:50:12.634-0400] {processor.py:640} INFO - Processing file /home/augenz/PycharmProjects/airflow/.env_airflow/lib/python3.9/site-packages/airflow/example_dags/example_complex.py for tasks to queue
[2022-08-29T12:50:12.635-0400] {logging_mixin.py:115} INFO - [2022-08-29T12:50:12.635-0400] {dagbag.py:508} INFO - Filling up the DagBag from /home/augenz/PycharmProjects/airflow/.env_airflow/lib/python3.9/site-packages/airflow/example_dags/example_complex.py
[2022-08-29T12:50:12.655-0400] {processor.py:650} INFO - DAG(s) dict_keys(['example_complex']) retrieved from /home/augenz/PycharmProjects/airflow/.env_airflow/lib/python3.9/site-packages/airflow/example_dags/example_complex.py
[2022-08-29T12:50:13.138-0400] {logging_mixin.py:115} INFO - [2022-08-29T12:50:13.138-0400] {dag.py:2429} INFO - Sync 1 DAGs
[2022-08-29T12:50:13.166-0400] {logging_mixin.py:115} INFO - [2022-08-29T12:50:13.166-0400] {dag.py:2977} INFO - Setting next_dagrun for example_complex to None, run_after=None
[2022-08-29T12:50:13.236-0400] {processor.py:161} INFO - Processing /home/augenz/PycharmProjects/airflow/.env_airflow/lib/python3.9/site-packages/airflow/example_dags/example_complex.py took 0.610 seconds
[2022-08-29T12:50:43.437-0400] {processor.py:153} INFO - Started process (PID=1670) to work on /home/augenz/PycharmProjects/airflow/.env_airflow/lib/python3.9/site-packages/airflow/example_dags/example_complex.py
[2022-08-29T12:50:43.438-0400] {processor.py:640} INFO - Processing file /home/augenz/PycharmProjects/airflow/.env_airflow/lib/python3.9/site-packages/airflow/example_dags/example_complex.py for tasks to queue
[2022-08-29T12:50:43.440-0400] {logging_mixin.py:115} INFO - [2022-08-29T12:50:43.439-0400] {dagbag.py:508} INFO - Filling up the DagBag from /home/augenz/PycharmProjects/airflow/.env_airflow/lib/python3.9/site-packages/airflow/example_dags/example_complex.py
[2022-08-29T12:50:43.462-0400] {processor.py:650} INFO - DAG(s) dict_keys(['example_complex']) retrieved from /home/augenz/PycharmProjects/airflow/.env_airflow/lib/python3.9/site-packages/airflow/example_dags/example_complex.py
[2022-08-29T12:50:43.975-0400] {logging_mixin.py:115} INFO - [2022-08-29T12:50:43.975-0400] {dag.py:2429} INFO - Sync 1 DAGs
[2022-08-29T12:50:44.002-0400] {logging_mixin.py:115} INFO - [2022-08-29T12:50:44.002-0400] {dag.py:2977} INFO - Setting next_dagrun for example_complex to None, run_after=None
[2022-08-29T12:50:44.084-0400] {processor.py:161} INFO - Processing /home/augenz/PycharmProjects/airflow/.env_airflow/lib/python3.9/site-packages/airflow/example_dags/example_complex.py took 0.653 seconds
[2022-08-29T12:51:14.695-0400] {processor.py:153} INFO - Started process (PID=1704) to work on /home/augenz/PycharmProjects/airflow/.env_airflow/lib/python3.9/site-packages/airflow/example_dags/example_complex.py
[2022-08-29T12:51:14.708-0400] {processor.py:640} INFO - Processing file /home/augenz/PycharmProjects/airflow/.env_airflow/lib/python3.9/site-packages/airflow/example_dags/example_complex.py for tasks to queue
[2022-08-29T12:51:14.709-0400] {logging_mixin.py:115} INFO - [2022-08-29T12:51:14.708-0400] {dagbag.py:508} INFO - Filling up the DagBag from /home/augenz/PycharmProjects/airflow/.env_airflow/lib/python3.9/site-packages/airflow/example_dags/example_complex.py
[2022-08-29T12:51:14.729-0400] {processor.py:650} INFO - DAG(s) dict_keys(['example_complex']) retrieved from /home/augenz/PycharmProjects/airflow/.env_airflow/lib/python3.9/site-packages/airflow/example_dags/example_complex.py
[2022-08-29T12:51:15.210-0400] {logging_mixin.py:115} INFO - [2022-08-29T12:51:15.210-0400] {dag.py:2429} INFO - Sync 1 DAGs
[2022-08-29T12:51:15.237-0400] {logging_mixin.py:115} INFO - [2022-08-29T12:51:15.237-0400] {dag.py:2977} INFO - Setting next_dagrun for example_complex to None, run_after=None
[2022-08-29T12:51:15.306-0400] {processor.py:161} INFO - Processing /home/augenz/PycharmProjects/airflow/.env_airflow/lib/python3.9/site-packages/airflow/example_dags/example_complex.py took 0.616 seconds
[2022-08-29T12:51:45.555-0400] {processor.py:153} INFO - Started process (PID=1742) to work on /home/augenz/PycharmProjects/airflow/.env_airflow/lib/python3.9/site-packages/airflow/example_dags/example_complex.py
[2022-08-29T12:51:45.557-0400] {processor.py:640} INFO - Processing file /home/augenz/PycharmProjects/airflow/.env_airflow/lib/python3.9/site-packages/airflow/example_dags/example_complex.py for tasks to queue
[2022-08-29T12:51:45.558-0400] {logging_mixin.py:115} INFO - [2022-08-29T12:51:45.557-0400] {dagbag.py:508} INFO - Filling up the DagBag from /home/augenz/PycharmProjects/airflow/.env_airflow/lib/python3.9/site-packages/airflow/example_dags/example_complex.py
[2022-08-29T12:51:45.580-0400] {processor.py:650} INFO - DAG(s) dict_keys(['example_complex']) retrieved from /home/augenz/PycharmProjects/airflow/.env_airflow/lib/python3.9/site-packages/airflow/example_dags/example_complex.py
[2022-08-29T12:51:46.045-0400] {logging_mixin.py:115} INFO - [2022-08-29T12:51:46.044-0400] {dag.py:2429} INFO - Sync 1 DAGs
[2022-08-29T12:51:46.072-0400] {logging_mixin.py:115} INFO - [2022-08-29T12:51:46.071-0400] {dag.py:2977} INFO - Setting next_dagrun for example_complex to None, run_after=None
[2022-08-29T12:51:46.160-0400] {processor.py:161} INFO - Processing /home/augenz/PycharmProjects/airflow/.env_airflow/lib/python3.9/site-packages/airflow/example_dags/example_complex.py took 0.610 seconds
[2022-08-29T12:52:16.600-0400] {processor.py:153} INFO - Started process (PID=1776) to work on /home/augenz/PycharmProjects/airflow/.env_airflow/lib/python3.9/site-packages/airflow/example_dags/example_complex.py
[2022-08-29T12:52:16.601-0400] {processor.py:640} INFO - Processing file /home/augenz/PycharmProjects/airflow/.env_airflow/lib/python3.9/site-packages/airflow/example_dags/example_complex.py for tasks to queue
[2022-08-29T12:52:16.602-0400] {logging_mixin.py:115} INFO - [2022-08-29T12:52:16.602-0400] {dagbag.py:508} INFO - Filling up the DagBag from /home/augenz/PycharmProjects/airflow/.env_airflow/lib/python3.9/site-packages/airflow/example_dags/example_complex.py
[2022-08-29T12:52:16.624-0400] {processor.py:650} INFO - DAG(s) dict_keys(['example_complex']) retrieved from /home/augenz/PycharmProjects/airflow/.env_airflow/lib/python3.9/site-packages/airflow/example_dags/example_complex.py
[2022-08-29T12:52:17.088-0400] {logging_mixin.py:115} INFO - [2022-08-29T12:52:17.088-0400] {dag.py:2429} INFO - Sync 1 DAGs
[2022-08-29T12:52:17.114-0400] {logging_mixin.py:115} INFO - [2022-08-29T12:52:17.114-0400] {dag.py:2977} INFO - Setting next_dagrun for example_complex to None, run_after=None
[2022-08-29T12:52:17.156-0400] {processor.py:161} INFO - Processing /home/augenz/PycharmProjects/airflow/.env_airflow/lib/python3.9/site-packages/airflow/example_dags/example_complex.py took 0.562 seconds
[2022-08-29T12:52:47.273-0400] {processor.py:153} INFO - Started process (PID=1810) to work on /home/augenz/PycharmProjects/airflow/.env_airflow/lib/python3.9/site-packages/airflow/example_dags/example_complex.py
[2022-08-29T12:52:47.274-0400] {processor.py:640} INFO - Processing file /home/augenz/PycharmProjects/airflow/.env_airflow/lib/python3.9/site-packages/airflow/example_dags/example_complex.py for tasks to queue
[2022-08-29T12:52:47.275-0400] {logging_mixin.py:115} INFO - [2022-08-29T12:52:47.275-0400] {dagbag.py:508} INFO - Filling up the DagBag from /home/augenz/PycharmProjects/airflow/.env_airflow/lib/python3.9/site-packages/airflow/example_dags/example_complex.py
[2022-08-29T12:52:47.296-0400] {processor.py:650} INFO - DAG(s) dict_keys(['example_complex']) retrieved from /home/augenz/PycharmProjects/airflow/.env_airflow/lib/python3.9/site-packages/airflow/example_dags/example_complex.py
[2022-08-29T12:52:47.759-0400] {logging_mixin.py:115} INFO - [2022-08-29T12:52:47.759-0400] {dag.py:2429} INFO - Sync 1 DAGs
[2022-08-29T12:52:47.785-0400] {logging_mixin.py:115} INFO - [2022-08-29T12:52:47.785-0400] {dag.py:2977} INFO - Setting next_dagrun for example_complex to None, run_after=None
[2022-08-29T12:52:47.846-0400] {processor.py:161} INFO - Processing /home/augenz/PycharmProjects/airflow/.env_airflow/lib/python3.9/site-packages/airflow/example_dags/example_complex.py took 0.578 seconds
[2022-08-29T12:53:18.390-0400] {processor.py:153} INFO - Started process (PID=1847) to work on /home/augenz/PycharmProjects/airflow/.env_airflow/lib/python3.9/site-packages/airflow/example_dags/example_complex.py
[2022-08-29T12:53:18.402-0400] {processor.py:640} INFO - Processing file /home/augenz/PycharmProjects/airflow/.env_airflow/lib/python3.9/site-packages/airflow/example_dags/example_complex.py for tasks to queue
[2022-08-29T12:53:18.404-0400] {logging_mixin.py:115} INFO - [2022-08-29T12:53:18.403-0400] {dagbag.py:508} INFO - Filling up the DagBag from /home/augenz/PycharmProjects/airflow/.env_airflow/lib/python3.9/site-packages/airflow/example_dags/example_complex.py
[2022-08-29T12:53:18.425-0400] {processor.py:650} INFO - DAG(s) dict_keys(['example_complex']) retrieved from /home/augenz/PycharmProjects/airflow/.env_airflow/lib/python3.9/site-packages/airflow/example_dags/example_complex.py
[2022-08-29T12:53:18.897-0400] {logging_mixin.py:115} INFO - [2022-08-29T12:53:18.897-0400] {dag.py:2429} INFO - Sync 1 DAGs
[2022-08-29T12:53:18.924-0400] {logging_mixin.py:115} INFO - [2022-08-29T12:53:18.923-0400] {dag.py:2977} INFO - Setting next_dagrun for example_complex to None, run_after=None
[2022-08-29T12:53:18.985-0400] {processor.py:161} INFO - Processing /home/augenz/PycharmProjects/airflow/.env_airflow/lib/python3.9/site-packages/airflow/example_dags/example_complex.py took 0.600 seconds
[2022-08-29T12:53:49.776-0400] {processor.py:153} INFO - Started process (PID=1889) to work on /home/augenz/PycharmProjects/airflow/.env_airflow/lib/python3.9/site-packages/airflow/example_dags/example_complex.py
[2022-08-29T12:53:49.777-0400] {processor.py:640} INFO - Processing file /home/augenz/PycharmProjects/airflow/.env_airflow/lib/python3.9/site-packages/airflow/example_dags/example_complex.py for tasks to queue
[2022-08-29T12:53:49.779-0400] {logging_mixin.py:115} INFO - [2022-08-29T12:53:49.778-0400] {dagbag.py:508} INFO - Filling up the DagBag from /home/augenz/PycharmProjects/airflow/.env_airflow/lib/python3.9/site-packages/airflow/example_dags/example_complex.py
[2022-08-29T12:53:49.810-0400] {processor.py:650} INFO - DAG(s) dict_keys(['example_complex']) retrieved from /home/augenz/PycharmProjects/airflow/.env_airflow/lib/python3.9/site-packages/airflow/example_dags/example_complex.py
[2022-08-29T12:53:50.325-0400] {logging_mixin.py:115} INFO - [2022-08-29T12:53:50.324-0400] {dag.py:2429} INFO - Sync 1 DAGs
[2022-08-29T12:53:50.351-0400] {logging_mixin.py:115} INFO - [2022-08-29T12:53:50.351-0400] {dag.py:2977} INFO - Setting next_dagrun for example_complex to None, run_after=None
[2022-08-29T12:53:50.421-0400] {processor.py:161} INFO - Processing /home/augenz/PycharmProjects/airflow/.env_airflow/lib/python3.9/site-packages/airflow/example_dags/example_complex.py took 0.650 seconds
