[2022-08-29T12:33:17.657-0400] {processor.py:153} INFO - Started process (PID=388) to work on /home/augenz/PycharmProjects/airflow/.env_airflow/lib/python3.9/site-packages/airflow/example_dags/example_latest_only_with_trigger.py
[2022-08-29T12:33:17.658-0400] {processor.py:640} INFO - Processing file /home/augenz/PycharmProjects/airflow/.env_airflow/lib/python3.9/site-packages/airflow/example_dags/example_latest_only_with_trigger.py for tasks to queue
[2022-08-29T12:33:17.659-0400] {logging_mixin.py:115} INFO - [2022-08-29T12:33:17.659-0400] {dagbag.py:508} INFO - Filling up the DagBag from /home/augenz/PycharmProjects/airflow/.env_airflow/lib/python3.9/site-packages/airflow/example_dags/example_latest_only_with_trigger.py
[2022-08-29T12:33:17.667-0400] {processor.py:650} INFO - DAG(s) dict_keys(['latest_only_with_trigger']) retrieved from /home/augenz/PycharmProjects/airflow/.env_airflow/lib/python3.9/site-packages/airflow/example_dags/example_latest_only_with_trigger.py
[2022-08-29T12:33:17.882-0400] {logging_mixin.py:115} INFO - [2022-08-29T12:33:17.882-0400] {manager.py:508} INFO - Created Permission View: can delete on DAG:latest_only_with_trigger
[2022-08-29T12:33:17.949-0400] {logging_mixin.py:115} INFO - [2022-08-29T12:33:17.949-0400] {manager.py:508} INFO - Created Permission View: can read on DAG:latest_only_with_trigger
[2022-08-29T12:33:17.999-0400] {logging_mixin.py:115} INFO - [2022-08-29T12:33:17.998-0400] {manager.py:508} INFO - Created Permission View: can edit on DAG:latest_only_with_trigger
[2022-08-29T12:33:18.000-0400] {logging_mixin.py:115} INFO - [2022-08-29T12:33:17.999-0400] {dag.py:2429} INFO - Sync 1 DAGs
[2022-08-29T12:33:18.024-0400] {logging_mixin.py:115} INFO - [2022-08-29T12:33:18.023-0400] {dag.py:2448} INFO - Creating ORM DAG for latest_only_with_trigger
[2022-08-29T12:33:18.058-0400] {logging_mixin.py:115} INFO - [2022-08-29T12:33:18.057-0400] {dag.py:2977} INFO - Setting next_dagrun for latest_only_with_trigger to 2022-08-29T12:33:18.057242+00:00, run_after=2022-08-29T16:33:18.057242+00:00
[2022-08-29T12:33:18.118-0400] {processor.py:161} INFO - Processing /home/augenz/PycharmProjects/airflow/.env_airflow/lib/python3.9/site-packages/airflow/example_dags/example_latest_only_with_trigger.py took 0.465 seconds
[2022-08-29T12:33:48.839-0400] {processor.py:153} INFO - Started process (PID=428) to work on /home/augenz/PycharmProjects/airflow/.env_airflow/lib/python3.9/site-packages/airflow/example_dags/example_latest_only_with_trigger.py
[2022-08-29T12:33:48.840-0400] {processor.py:640} INFO - Processing file /home/augenz/PycharmProjects/airflow/.env_airflow/lib/python3.9/site-packages/airflow/example_dags/example_latest_only_with_trigger.py for tasks to queue
[2022-08-29T12:33:48.841-0400] {logging_mixin.py:115} INFO - [2022-08-29T12:33:48.841-0400] {dagbag.py:508} INFO - Filling up the DagBag from /home/augenz/PycharmProjects/airflow/.env_airflow/lib/python3.9/site-packages/airflow/example_dags/example_latest_only_with_trigger.py
[2022-08-29T12:33:48.849-0400] {processor.py:650} INFO - DAG(s) dict_keys(['latest_only_with_trigger']) retrieved from /home/augenz/PycharmProjects/airflow/.env_airflow/lib/python3.9/site-packages/airflow/example_dags/example_latest_only_with_trigger.py
[2022-08-29T12:33:48.895-0400] {logging_mixin.py:115} INFO - [2022-08-29T12:33:48.895-0400] {dag.py:2429} INFO - Sync 1 DAGs
[2022-08-29T12:33:48.925-0400] {logging_mixin.py:115} INFO - [2022-08-29T12:33:48.925-0400] {dag.py:2977} INFO - Setting next_dagrun for latest_only_with_trigger to 2022-08-29T12:33:48.925222+00:00, run_after=2022-08-29T16:33:48.925222+00:00
[2022-08-29T12:33:48.968-0400] {processor.py:161} INFO - Processing /home/augenz/PycharmProjects/airflow/.env_airflow/lib/python3.9/site-packages/airflow/example_dags/example_latest_only_with_trigger.py took 0.134 seconds
[2022-08-29T12:34:19.539-0400] {processor.py:153} INFO - Started process (PID=463) to work on /home/augenz/PycharmProjects/airflow/.env_airflow/lib/python3.9/site-packages/airflow/example_dags/example_latest_only_with_trigger.py
[2022-08-29T12:34:19.541-0400] {processor.py:640} INFO - Processing file /home/augenz/PycharmProjects/airflow/.env_airflow/lib/python3.9/site-packages/airflow/example_dags/example_latest_only_with_trigger.py for tasks to queue
[2022-08-29T12:34:19.542-0400] {logging_mixin.py:115} INFO - [2022-08-29T12:34:19.542-0400] {dagbag.py:508} INFO - Filling up the DagBag from /home/augenz/PycharmProjects/airflow/.env_airflow/lib/python3.9/site-packages/airflow/example_dags/example_latest_only_with_trigger.py
[2022-08-29T12:34:19.555-0400] {processor.py:650} INFO - DAG(s) dict_keys(['latest_only_with_trigger']) retrieved from /home/augenz/PycharmProjects/airflow/.env_airflow/lib/python3.9/site-packages/airflow/example_dags/example_latest_only_with_trigger.py
[2022-08-29T12:34:19.609-0400] {logging_mixin.py:115} INFO - [2022-08-29T12:34:19.609-0400] {dag.py:2429} INFO - Sync 1 DAGs
[2022-08-29T12:34:19.648-0400] {logging_mixin.py:115} INFO - [2022-08-29T12:34:19.648-0400] {dag.py:2977} INFO - Setting next_dagrun for latest_only_with_trigger to 2022-08-29T12:34:19.647425+00:00, run_after=2022-08-29T16:34:19.647425+00:00
[2022-08-29T12:34:19.693-0400] {processor.py:161} INFO - Processing /home/augenz/PycharmProjects/airflow/.env_airflow/lib/python3.9/site-packages/airflow/example_dags/example_latest_only_with_trigger.py took 0.161 seconds
[2022-08-29T12:34:50.282-0400] {processor.py:153} INFO - Started process (PID=498) to work on /home/augenz/PycharmProjects/airflow/.env_airflow/lib/python3.9/site-packages/airflow/example_dags/example_latest_only_with_trigger.py
[2022-08-29T12:34:50.283-0400] {processor.py:640} INFO - Processing file /home/augenz/PycharmProjects/airflow/.env_airflow/lib/python3.9/site-packages/airflow/example_dags/example_latest_only_with_trigger.py for tasks to queue
[2022-08-29T12:34:50.285-0400] {logging_mixin.py:115} INFO - [2022-08-29T12:34:50.284-0400] {dagbag.py:508} INFO - Filling up the DagBag from /home/augenz/PycharmProjects/airflow/.env_airflow/lib/python3.9/site-packages/airflow/example_dags/example_latest_only_with_trigger.py
[2022-08-29T12:34:50.295-0400] {processor.py:650} INFO - DAG(s) dict_keys(['latest_only_with_trigger']) retrieved from /home/augenz/PycharmProjects/airflow/.env_airflow/lib/python3.9/site-packages/airflow/example_dags/example_latest_only_with_trigger.py
[2022-08-29T12:34:50.360-0400] {logging_mixin.py:115} INFO - [2022-08-29T12:34:50.359-0400] {dag.py:2429} INFO - Sync 1 DAGs
[2022-08-29T12:34:50.474-0400] {logging_mixin.py:115} INFO - [2022-08-29T12:34:50.473-0400] {dag.py:2977} INFO - Setting next_dagrun for latest_only_with_trigger to 2022-08-29T12:34:50.472988+00:00, run_after=2022-08-29T16:34:50.472988+00:00
[2022-08-29T12:34:50.530-0400] {processor.py:161} INFO - Processing /home/augenz/PycharmProjects/airflow/.env_airflow/lib/python3.9/site-packages/airflow/example_dags/example_latest_only_with_trigger.py took 0.254 seconds
[2022-08-29T12:35:20.746-0400] {processor.py:153} INFO - Started process (PID=555) to work on /home/augenz/PycharmProjects/airflow/.env_airflow/lib/python3.9/site-packages/airflow/example_dags/example_latest_only_with_trigger.py
[2022-08-29T12:35:20.760-0400] {processor.py:640} INFO - Processing file /home/augenz/PycharmProjects/airflow/.env_airflow/lib/python3.9/site-packages/airflow/example_dags/example_latest_only_with_trigger.py for tasks to queue
[2022-08-29T12:35:20.761-0400] {logging_mixin.py:115} INFO - [2022-08-29T12:35:20.760-0400] {dagbag.py:508} INFO - Filling up the DagBag from /home/augenz/PycharmProjects/airflow/.env_airflow/lib/python3.9/site-packages/airflow/example_dags/example_latest_only_with_trigger.py
[2022-08-29T12:35:20.770-0400] {processor.py:650} INFO - DAG(s) dict_keys(['latest_only_with_trigger']) retrieved from /home/augenz/PycharmProjects/airflow/.env_airflow/lib/python3.9/site-packages/airflow/example_dags/example_latest_only_with_trigger.py
[2022-08-29T12:35:20.817-0400] {logging_mixin.py:115} INFO - [2022-08-29T12:35:20.817-0400] {dag.py:2429} INFO - Sync 1 DAGs
[2022-08-29T12:35:20.849-0400] {logging_mixin.py:115} INFO - [2022-08-29T12:35:20.849-0400] {dag.py:2977} INFO - Setting next_dagrun for latest_only_with_trigger to 2022-08-29T12:35:20.849196+00:00, run_after=2022-08-29T16:35:20.849196+00:00
[2022-08-29T12:35:20.910-0400] {processor.py:161} INFO - Processing /home/augenz/PycharmProjects/airflow/.env_airflow/lib/python3.9/site-packages/airflow/example_dags/example_latest_only_with_trigger.py took 0.168 seconds
[2022-08-29T12:35:53.816-0400] {processor.py:153} INFO - Started process (PID=597) to work on /home/augenz/PycharmProjects/airflow/.env_airflow/lib/python3.9/site-packages/airflow/example_dags/example_latest_only_with_trigger.py
[2022-08-29T12:35:53.817-0400] {processor.py:640} INFO - Processing file /home/augenz/PycharmProjects/airflow/.env_airflow/lib/python3.9/site-packages/airflow/example_dags/example_latest_only_with_trigger.py for tasks to queue
[2022-08-29T12:35:53.818-0400] {logging_mixin.py:115} INFO - [2022-08-29T12:35:53.818-0400] {dagbag.py:508} INFO - Filling up the DagBag from /home/augenz/PycharmProjects/airflow/.env_airflow/lib/python3.9/site-packages/airflow/example_dags/example_latest_only_with_trigger.py
[2022-08-29T12:35:53.825-0400] {processor.py:650} INFO - DAG(s) dict_keys(['latest_only_with_trigger']) retrieved from /home/augenz/PycharmProjects/airflow/.env_airflow/lib/python3.9/site-packages/airflow/example_dags/example_latest_only_with_trigger.py
[2022-08-29T12:35:54.507-0400] {logging_mixin.py:115} INFO - [2022-08-29T12:35:54.507-0400] {dag.py:2429} INFO - Sync 1 DAGs
[2022-08-29T12:35:54.533-0400] {logging_mixin.py:115} INFO - [2022-08-29T12:35:54.533-0400] {dag.py:2977} INFO - Setting next_dagrun for latest_only_with_trigger to 2022-08-29T12:35:54.532825+00:00, run_after=2022-08-29T16:35:54.532825+00:00
[2022-08-29T12:35:54.596-0400] {processor.py:161} INFO - Processing /home/augenz/PycharmProjects/airflow/.env_airflow/lib/python3.9/site-packages/airflow/example_dags/example_latest_only_with_trigger.py took 0.783 seconds
[2022-08-29T12:36:26.244-0400] {processor.py:153} INFO - Started process (PID=632) to work on /home/augenz/PycharmProjects/airflow/.env_airflow/lib/python3.9/site-packages/airflow/example_dags/example_latest_only_with_trigger.py
[2022-08-29T12:36:26.247-0400] {processor.py:640} INFO - Processing file /home/augenz/PycharmProjects/airflow/.env_airflow/lib/python3.9/site-packages/airflow/example_dags/example_latest_only_with_trigger.py for tasks to queue
[2022-08-29T12:36:26.248-0400] {logging_mixin.py:115} INFO - [2022-08-29T12:36:26.248-0400] {dagbag.py:508} INFO - Filling up the DagBag from /home/augenz/PycharmProjects/airflow/.env_airflow/lib/python3.9/site-packages/airflow/example_dags/example_latest_only_with_trigger.py
[2022-08-29T12:36:26.257-0400] {processor.py:650} INFO - DAG(s) dict_keys(['latest_only_with_trigger']) retrieved from /home/augenz/PycharmProjects/airflow/.env_airflow/lib/python3.9/site-packages/airflow/example_dags/example_latest_only_with_trigger.py
[2022-08-29T12:36:26.725-0400] {logging_mixin.py:115} INFO - [2022-08-29T12:36:26.725-0400] {dag.py:2429} INFO - Sync 1 DAGs
[2022-08-29T12:36:26.755-0400] {logging_mixin.py:115} INFO - [2022-08-29T12:36:26.755-0400] {dag.py:2977} INFO - Setting next_dagrun for latest_only_with_trigger to 2022-08-29T12:36:26.754959+00:00, run_after=2022-08-29T16:36:26.754959+00:00
[2022-08-29T12:36:26.790-0400] {processor.py:161} INFO - Processing /home/augenz/PycharmProjects/airflow/.env_airflow/lib/python3.9/site-packages/airflow/example_dags/example_latest_only_with_trigger.py took 0.552 seconds
[2022-08-29T12:37:01.030-0400] {processor.py:153} INFO - Started process (PID=684) to work on /home/augenz/PycharmProjects/airflow/.env_airflow/lib/python3.9/site-packages/airflow/example_dags/example_latest_only_with_trigger.py
[2022-08-29T12:37:01.033-0400] {processor.py:640} INFO - Processing file /home/augenz/PycharmProjects/airflow/.env_airflow/lib/python3.9/site-packages/airflow/example_dags/example_latest_only_with_trigger.py for tasks to queue
[2022-08-29T12:37:01.034-0400] {logging_mixin.py:115} INFO - [2022-08-29T12:37:01.034-0400] {dagbag.py:508} INFO - Filling up the DagBag from /home/augenz/PycharmProjects/airflow/.env_airflow/lib/python3.9/site-packages/airflow/example_dags/example_latest_only_with_trigger.py
[2022-08-29T12:37:01.055-0400] {processor.py:650} INFO - DAG(s) dict_keys(['latest_only_with_trigger']) retrieved from /home/augenz/PycharmProjects/airflow/.env_airflow/lib/python3.9/site-packages/airflow/example_dags/example_latest_only_with_trigger.py
[2022-08-29T12:37:02.193-0400] {logging_mixin.py:115} INFO - [2022-08-29T12:37:02.192-0400] {dag.py:2429} INFO - Sync 1 DAGs
[2022-08-29T12:37:02.284-0400] {logging_mixin.py:115} INFO - [2022-08-29T12:37:02.283-0400] {dag.py:2977} INFO - Setting next_dagrun for latest_only_with_trigger to 2022-08-29T12:37:02.283405+00:00, run_after=2022-08-29T16:37:02.283405+00:00
[2022-08-29T12:37:02.337-0400] {processor.py:161} INFO - Processing /home/augenz/PycharmProjects/airflow/.env_airflow/lib/python3.9/site-packages/airflow/example_dags/example_latest_only_with_trigger.py took 1.319 seconds
[2022-08-29T12:37:38.618-0400] {processor.py:153} INFO - Started process (PID=726) to work on /home/augenz/PycharmProjects/airflow/.env_airflow/lib/python3.9/site-packages/airflow/example_dags/example_latest_only_with_trigger.py
[2022-08-29T12:37:38.621-0400] {processor.py:640} INFO - Processing file /home/augenz/PycharmProjects/airflow/.env_airflow/lib/python3.9/site-packages/airflow/example_dags/example_latest_only_with_trigger.py for tasks to queue
[2022-08-29T12:37:38.622-0400] {logging_mixin.py:115} INFO - [2022-08-29T12:37:38.622-0400] {dagbag.py:508} INFO - Filling up the DagBag from /home/augenz/PycharmProjects/airflow/.env_airflow/lib/python3.9/site-packages/airflow/example_dags/example_latest_only_with_trigger.py
[2022-08-29T12:37:38.647-0400] {processor.py:650} INFO - DAG(s) dict_keys(['latest_only_with_trigger']) retrieved from /home/augenz/PycharmProjects/airflow/.env_airflow/lib/python3.9/site-packages/airflow/example_dags/example_latest_only_with_trigger.py
[2022-08-29T12:37:40.128-0400] {logging_mixin.py:115} INFO - [2022-08-29T12:37:40.127-0400] {dag.py:2429} INFO - Sync 1 DAGs
[2022-08-29T12:37:40.202-0400] {logging_mixin.py:115} INFO - [2022-08-29T12:37:40.201-0400] {dag.py:2977} INFO - Setting next_dagrun for latest_only_with_trigger to 2022-08-29T12:37:40.200919+00:00, run_after=2022-08-29T16:37:40.200919+00:00
[2022-08-29T12:37:40.266-0400] {processor.py:161} INFO - Processing /home/augenz/PycharmProjects/airflow/.env_airflow/lib/python3.9/site-packages/airflow/example_dags/example_latest_only_with_trigger.py took 1.667 seconds
[2022-08-29T12:38:10.593-0400] {processor.py:153} INFO - Started process (PID=784) to work on /home/augenz/PycharmProjects/airflow/.env_airflow/lib/python3.9/site-packages/airflow/example_dags/example_latest_only_with_trigger.py
[2022-08-29T12:38:10.664-0400] {processor.py:640} INFO - Processing file /home/augenz/PycharmProjects/airflow/.env_airflow/lib/python3.9/site-packages/airflow/example_dags/example_latest_only_with_trigger.py for tasks to queue
[2022-08-29T12:38:10.666-0400] {logging_mixin.py:115} INFO - [2022-08-29T12:38:10.665-0400] {dagbag.py:508} INFO - Filling up the DagBag from /home/augenz/PycharmProjects/airflow/.env_airflow/lib/python3.9/site-packages/airflow/example_dags/example_latest_only_with_trigger.py
[2022-08-29T12:38:10.681-0400] {processor.py:650} INFO - DAG(s) dict_keys(['latest_only_with_trigger']) retrieved from /home/augenz/PycharmProjects/airflow/.env_airflow/lib/python3.9/site-packages/airflow/example_dags/example_latest_only_with_trigger.py
[2022-08-29T12:38:11.929-0400] {logging_mixin.py:115} INFO - [2022-08-29T12:38:11.928-0400] {dag.py:2429} INFO - Sync 1 DAGs
[2022-08-29T12:38:11.989-0400] {logging_mixin.py:115} INFO - [2022-08-29T12:38:11.989-0400] {dag.py:2977} INFO - Setting next_dagrun for latest_only_with_trigger to 2022-08-29T12:38:11.988744+00:00, run_after=2022-08-29T16:38:11.988744+00:00
[2022-08-29T12:38:12.138-0400] {processor.py:161} INFO - Processing /home/augenz/PycharmProjects/airflow/.env_airflow/lib/python3.9/site-packages/airflow/example_dags/example_latest_only_with_trigger.py took 1.564 seconds
[2022-08-29T12:38:42.345-0400] {processor.py:153} INFO - Started process (PID=821) to work on /home/augenz/PycharmProjects/airflow/.env_airflow/lib/python3.9/site-packages/airflow/example_dags/example_latest_only_with_trigger.py
[2022-08-29T12:38:42.351-0400] {processor.py:640} INFO - Processing file /home/augenz/PycharmProjects/airflow/.env_airflow/lib/python3.9/site-packages/airflow/example_dags/example_latest_only_with_trigger.py for tasks to queue
[2022-08-29T12:38:42.352-0400] {logging_mixin.py:115} INFO - [2022-08-29T12:38:42.352-0400] {dagbag.py:508} INFO - Filling up the DagBag from /home/augenz/PycharmProjects/airflow/.env_airflow/lib/python3.9/site-packages/airflow/example_dags/example_latest_only_with_trigger.py
[2022-08-29T12:38:42.367-0400] {processor.py:650} INFO - DAG(s) dict_keys(['latest_only_with_trigger']) retrieved from /home/augenz/PycharmProjects/airflow/.env_airflow/lib/python3.9/site-packages/airflow/example_dags/example_latest_only_with_trigger.py
[2022-08-29T12:38:42.835-0400] {logging_mixin.py:115} INFO - [2022-08-29T12:38:42.835-0400] {dag.py:2429} INFO - Sync 1 DAGs
[2022-08-29T12:38:42.874-0400] {logging_mixin.py:115} INFO - [2022-08-29T12:38:42.874-0400] {dag.py:2977} INFO - Setting next_dagrun for latest_only_with_trigger to 2022-08-29T12:38:42.873955+00:00, run_after=2022-08-29T16:38:42.873955+00:00
[2022-08-29T12:38:42.930-0400] {processor.py:161} INFO - Processing /home/augenz/PycharmProjects/airflow/.env_airflow/lib/python3.9/site-packages/airflow/example_dags/example_latest_only_with_trigger.py took 0.590 seconds
[2022-08-29T12:39:13.522-0400] {processor.py:153} INFO - Started process (PID=857) to work on /home/augenz/PycharmProjects/airflow/.env_airflow/lib/python3.9/site-packages/airflow/example_dags/example_latest_only_with_trigger.py
[2022-08-29T12:39:13.523-0400] {processor.py:640} INFO - Processing file /home/augenz/PycharmProjects/airflow/.env_airflow/lib/python3.9/site-packages/airflow/example_dags/example_latest_only_with_trigger.py for tasks to queue
[2022-08-29T12:39:13.524-0400] {logging_mixin.py:115} INFO - [2022-08-29T12:39:13.524-0400] {dagbag.py:508} INFO - Filling up the DagBag from /home/augenz/PycharmProjects/airflow/.env_airflow/lib/python3.9/site-packages/airflow/example_dags/example_latest_only_with_trigger.py
[2022-08-29T12:39:13.534-0400] {processor.py:650} INFO - DAG(s) dict_keys(['latest_only_with_trigger']) retrieved from /home/augenz/PycharmProjects/airflow/.env_airflow/lib/python3.9/site-packages/airflow/example_dags/example_latest_only_with_trigger.py
[2022-08-29T12:39:13.998-0400] {logging_mixin.py:115} INFO - [2022-08-29T12:39:13.997-0400] {dag.py:2429} INFO - Sync 1 DAGs
[2022-08-29T12:39:14.024-0400] {logging_mixin.py:115} INFO - [2022-08-29T12:39:14.024-0400] {dag.py:2977} INFO - Setting next_dagrun for latest_only_with_trigger to 2022-08-29T12:39:14.024407+00:00, run_after=2022-08-29T16:39:14.024407+00:00
[2022-08-29T12:39:14.070-0400] {processor.py:161} INFO - Processing /home/augenz/PycharmProjects/airflow/.env_airflow/lib/python3.9/site-packages/airflow/example_dags/example_latest_only_with_trigger.py took 0.553 seconds
[2022-08-29T12:39:44.656-0400] {processor.py:153} INFO - Started process (PID=891) to work on /home/augenz/PycharmProjects/airflow/.env_airflow/lib/python3.9/site-packages/airflow/example_dags/example_latest_only_with_trigger.py
[2022-08-29T12:39:44.660-0400] {processor.py:640} INFO - Processing file /home/augenz/PycharmProjects/airflow/.env_airflow/lib/python3.9/site-packages/airflow/example_dags/example_latest_only_with_trigger.py for tasks to queue
[2022-08-29T12:39:44.661-0400] {logging_mixin.py:115} INFO - [2022-08-29T12:39:44.661-0400] {dagbag.py:508} INFO - Filling up the DagBag from /home/augenz/PycharmProjects/airflow/.env_airflow/lib/python3.9/site-packages/airflow/example_dags/example_latest_only_with_trigger.py
[2022-08-29T12:39:44.672-0400] {processor.py:650} INFO - DAG(s) dict_keys(['latest_only_with_trigger']) retrieved from /home/augenz/PycharmProjects/airflow/.env_airflow/lib/python3.9/site-packages/airflow/example_dags/example_latest_only_with_trigger.py
[2022-08-29T12:39:45.169-0400] {logging_mixin.py:115} INFO - [2022-08-29T12:39:45.168-0400] {dag.py:2429} INFO - Sync 1 DAGs
[2022-08-29T12:39:45.197-0400] {logging_mixin.py:115} INFO - [2022-08-29T12:39:45.196-0400] {dag.py:2977} INFO - Setting next_dagrun for latest_only_with_trigger to 2022-08-29T12:39:45.196478+00:00, run_after=2022-08-29T16:39:45.196478+00:00
[2022-08-29T12:39:45.231-0400] {processor.py:161} INFO - Processing /home/augenz/PycharmProjects/airflow/.env_airflow/lib/python3.9/site-packages/airflow/example_dags/example_latest_only_with_trigger.py took 0.580 seconds
[2022-08-29T12:40:15.447-0400] {processor.py:153} INFO - Started process (PID=931) to work on /home/augenz/PycharmProjects/airflow/.env_airflow/lib/python3.9/site-packages/airflow/example_dags/example_latest_only_with_trigger.py
[2022-08-29T12:40:15.448-0400] {processor.py:640} INFO - Processing file /home/augenz/PycharmProjects/airflow/.env_airflow/lib/python3.9/site-packages/airflow/example_dags/example_latest_only_with_trigger.py for tasks to queue
[2022-08-29T12:40:15.450-0400] {logging_mixin.py:115} INFO - [2022-08-29T12:40:15.450-0400] {dagbag.py:508} INFO - Filling up the DagBag from /home/augenz/PycharmProjects/airflow/.env_airflow/lib/python3.9/site-packages/airflow/example_dags/example_latest_only_with_trigger.py
[2022-08-29T12:40:15.458-0400] {processor.py:650} INFO - DAG(s) dict_keys(['latest_only_with_trigger']) retrieved from /home/augenz/PycharmProjects/airflow/.env_airflow/lib/python3.9/site-packages/airflow/example_dags/example_latest_only_with_trigger.py
[2022-08-29T12:40:15.923-0400] {logging_mixin.py:115} INFO - [2022-08-29T12:40:15.922-0400] {dag.py:2429} INFO - Sync 1 DAGs
[2022-08-29T12:40:15.950-0400] {logging_mixin.py:115} INFO - [2022-08-29T12:40:15.950-0400] {dag.py:2977} INFO - Setting next_dagrun for latest_only_with_trigger to 2022-08-29T12:40:15.949880+00:00, run_after=2022-08-29T16:40:15.949880+00:00
[2022-08-29T12:40:15.986-0400] {processor.py:161} INFO - Processing /home/augenz/PycharmProjects/airflow/.env_airflow/lib/python3.9/site-packages/airflow/example_dags/example_latest_only_with_trigger.py took 0.544 seconds
[2022-08-29T12:40:46.292-0400] {processor.py:153} INFO - Started process (PID=965) to work on /home/augenz/PycharmProjects/airflow/.env_airflow/lib/python3.9/site-packages/airflow/example_dags/example_latest_only_with_trigger.py
[2022-08-29T12:40:46.293-0400] {processor.py:640} INFO - Processing file /home/augenz/PycharmProjects/airflow/.env_airflow/lib/python3.9/site-packages/airflow/example_dags/example_latest_only_with_trigger.py for tasks to queue
[2022-08-29T12:40:46.294-0400] {logging_mixin.py:115} INFO - [2022-08-29T12:40:46.294-0400] {dagbag.py:508} INFO - Filling up the DagBag from /home/augenz/PycharmProjects/airflow/.env_airflow/lib/python3.9/site-packages/airflow/example_dags/example_latest_only_with_trigger.py
[2022-08-29T12:40:46.302-0400] {processor.py:650} INFO - DAG(s) dict_keys(['latest_only_with_trigger']) retrieved from /home/augenz/PycharmProjects/airflow/.env_airflow/lib/python3.9/site-packages/airflow/example_dags/example_latest_only_with_trigger.py
[2022-08-29T12:40:46.766-0400] {logging_mixin.py:115} INFO - [2022-08-29T12:40:46.766-0400] {dag.py:2429} INFO - Sync 1 DAGs
[2022-08-29T12:40:46.793-0400] {logging_mixin.py:115} INFO - [2022-08-29T12:40:46.792-0400] {dag.py:2977} INFO - Setting next_dagrun for latest_only_with_trigger to 2022-08-29T12:40:46.792599+00:00, run_after=2022-08-29T16:40:46.792599+00:00
[2022-08-29T12:40:46.833-0400] {processor.py:161} INFO - Processing /home/augenz/PycharmProjects/airflow/.env_airflow/lib/python3.9/site-packages/airflow/example_dags/example_latest_only_with_trigger.py took 0.546 seconds
[2022-08-29T12:41:17.084-0400] {processor.py:153} INFO - Started process (PID=999) to work on /home/augenz/PycharmProjects/airflow/.env_airflow/lib/python3.9/site-packages/airflow/example_dags/example_latest_only_with_trigger.py
[2022-08-29T12:41:17.085-0400] {processor.py:640} INFO - Processing file /home/augenz/PycharmProjects/airflow/.env_airflow/lib/python3.9/site-packages/airflow/example_dags/example_latest_only_with_trigger.py for tasks to queue
[2022-08-29T12:41:17.086-0400] {logging_mixin.py:115} INFO - [2022-08-29T12:41:17.086-0400] {dagbag.py:508} INFO - Filling up the DagBag from /home/augenz/PycharmProjects/airflow/.env_airflow/lib/python3.9/site-packages/airflow/example_dags/example_latest_only_with_trigger.py
[2022-08-29T12:41:17.093-0400] {processor.py:650} INFO - DAG(s) dict_keys(['latest_only_with_trigger']) retrieved from /home/augenz/PycharmProjects/airflow/.env_airflow/lib/python3.9/site-packages/airflow/example_dags/example_latest_only_with_trigger.py
[2022-08-29T12:41:17.686-0400] {logging_mixin.py:115} INFO - [2022-08-29T12:41:17.685-0400] {dag.py:2429} INFO - Sync 1 DAGs
[2022-08-29T12:41:17.716-0400] {logging_mixin.py:115} INFO - [2022-08-29T12:41:17.716-0400] {dag.py:2977} INFO - Setting next_dagrun for latest_only_with_trigger to 2022-08-29T12:41:17.716023+00:00, run_after=2022-08-29T16:41:17.716023+00:00
[2022-08-29T12:41:17.747-0400] {processor.py:161} INFO - Processing /home/augenz/PycharmProjects/airflow/.env_airflow/lib/python3.9/site-packages/airflow/example_dags/example_latest_only_with_trigger.py took 0.668 seconds
[2022-08-29T12:41:47.898-0400] {processor.py:153} INFO - Started process (PID=1043) to work on /home/augenz/PycharmProjects/airflow/.env_airflow/lib/python3.9/site-packages/airflow/example_dags/example_latest_only_with_trigger.py
[2022-08-29T12:41:47.899-0400] {processor.py:640} INFO - Processing file /home/augenz/PycharmProjects/airflow/.env_airflow/lib/python3.9/site-packages/airflow/example_dags/example_latest_only_with_trigger.py for tasks to queue
[2022-08-29T12:41:47.900-0400] {logging_mixin.py:115} INFO - [2022-08-29T12:41:47.900-0400] {dagbag.py:508} INFO - Filling up the DagBag from /home/augenz/PycharmProjects/airflow/.env_airflow/lib/python3.9/site-packages/airflow/example_dags/example_latest_only_with_trigger.py
[2022-08-29T12:41:47.908-0400] {processor.py:650} INFO - DAG(s) dict_keys(['latest_only_with_trigger']) retrieved from /home/augenz/PycharmProjects/airflow/.env_airflow/lib/python3.9/site-packages/airflow/example_dags/example_latest_only_with_trigger.py
[2022-08-29T12:41:48.374-0400] {logging_mixin.py:115} INFO - [2022-08-29T12:41:48.374-0400] {dag.py:2429} INFO - Sync 1 DAGs
[2022-08-29T12:41:48.401-0400] {logging_mixin.py:115} INFO - [2022-08-29T12:41:48.400-0400] {dag.py:2977} INFO - Setting next_dagrun for latest_only_with_trigger to 2022-08-29T12:41:48.400705+00:00, run_after=2022-08-29T16:41:48.400705+00:00
[2022-08-29T12:41:48.442-0400] {processor.py:161} INFO - Processing /home/augenz/PycharmProjects/airflow/.env_airflow/lib/python3.9/site-packages/airflow/example_dags/example_latest_only_with_trigger.py took 0.548 seconds
[2022-08-29T12:42:18.975-0400] {processor.py:153} INFO - Started process (PID=1077) to work on /home/augenz/PycharmProjects/airflow/.env_airflow/lib/python3.9/site-packages/airflow/example_dags/example_latest_only_with_trigger.py
[2022-08-29T12:42:18.980-0400] {processor.py:640} INFO - Processing file /home/augenz/PycharmProjects/airflow/.env_airflow/lib/python3.9/site-packages/airflow/example_dags/example_latest_only_with_trigger.py for tasks to queue
[2022-08-29T12:42:18.981-0400] {logging_mixin.py:115} INFO - [2022-08-29T12:42:18.981-0400] {dagbag.py:508} INFO - Filling up the DagBag from /home/augenz/PycharmProjects/airflow/.env_airflow/lib/python3.9/site-packages/airflow/example_dags/example_latest_only_with_trigger.py
[2022-08-29T12:42:18.990-0400] {processor.py:650} INFO - DAG(s) dict_keys(['latest_only_with_trigger']) retrieved from /home/augenz/PycharmProjects/airflow/.env_airflow/lib/python3.9/site-packages/airflow/example_dags/example_latest_only_with_trigger.py
[2022-08-29T12:42:19.593-0400] {logging_mixin.py:115} INFO - [2022-08-29T12:42:19.592-0400] {dag.py:2429} INFO - Sync 1 DAGs
[2022-08-29T12:42:19.619-0400] {logging_mixin.py:115} INFO - [2022-08-29T12:42:19.618-0400] {dag.py:2977} INFO - Setting next_dagrun for latest_only_with_trigger to 2022-08-29T12:42:19.618492+00:00, run_after=2022-08-29T16:42:19.618492+00:00
[2022-08-29T12:42:19.655-0400] {processor.py:161} INFO - Processing /home/augenz/PycharmProjects/airflow/.env_airflow/lib/python3.9/site-packages/airflow/example_dags/example_latest_only_with_trigger.py took 0.685 seconds
[2022-08-29T12:42:49.984-0400] {processor.py:153} INFO - Started process (PID=1111) to work on /home/augenz/PycharmProjects/airflow/.env_airflow/lib/python3.9/site-packages/airflow/example_dags/example_latest_only_with_trigger.py
[2022-08-29T12:42:49.990-0400] {processor.py:640} INFO - Processing file /home/augenz/PycharmProjects/airflow/.env_airflow/lib/python3.9/site-packages/airflow/example_dags/example_latest_only_with_trigger.py for tasks to queue
[2022-08-29T12:42:49.992-0400] {logging_mixin.py:115} INFO - [2022-08-29T12:42:49.991-0400] {dagbag.py:508} INFO - Filling up the DagBag from /home/augenz/PycharmProjects/airflow/.env_airflow/lib/python3.9/site-packages/airflow/example_dags/example_latest_only_with_trigger.py
[2022-08-29T12:42:50.004-0400] {processor.py:650} INFO - DAG(s) dict_keys(['latest_only_with_trigger']) retrieved from /home/augenz/PycharmProjects/airflow/.env_airflow/lib/python3.9/site-packages/airflow/example_dags/example_latest_only_with_trigger.py
[2022-08-29T12:42:50.533-0400] {logging_mixin.py:115} INFO - [2022-08-29T12:42:50.533-0400] {dag.py:2429} INFO - Sync 1 DAGs
[2022-08-29T12:42:50.564-0400] {logging_mixin.py:115} INFO - [2022-08-29T12:42:50.563-0400] {dag.py:2977} INFO - Setting next_dagrun for latest_only_with_trigger to 2022-08-29T12:42:50.563249+00:00, run_after=2022-08-29T16:42:50.563249+00:00
[2022-08-29T12:42:50.601-0400] {processor.py:161} INFO - Processing /home/augenz/PycharmProjects/airflow/.env_airflow/lib/python3.9/site-packages/airflow/example_dags/example_latest_only_with_trigger.py took 0.622 seconds
[2022-08-29T12:43:20.837-0400] {processor.py:153} INFO - Started process (PID=1146) to work on /home/augenz/PycharmProjects/airflow/.env_airflow/lib/python3.9/site-packages/airflow/example_dags/example_latest_only_with_trigger.py
[2022-08-29T12:43:20.838-0400] {processor.py:640} INFO - Processing file /home/augenz/PycharmProjects/airflow/.env_airflow/lib/python3.9/site-packages/airflow/example_dags/example_latest_only_with_trigger.py for tasks to queue
[2022-08-29T12:43:20.839-0400] {logging_mixin.py:115} INFO - [2022-08-29T12:43:20.839-0400] {dagbag.py:508} INFO - Filling up the DagBag from /home/augenz/PycharmProjects/airflow/.env_airflow/lib/python3.9/site-packages/airflow/example_dags/example_latest_only_with_trigger.py
[2022-08-29T12:43:20.852-0400] {processor.py:650} INFO - DAG(s) dict_keys(['latest_only_with_trigger']) retrieved from /home/augenz/PycharmProjects/airflow/.env_airflow/lib/python3.9/site-packages/airflow/example_dags/example_latest_only_with_trigger.py
[2022-08-29T12:43:21.328-0400] {logging_mixin.py:115} INFO - [2022-08-29T12:43:21.327-0400] {dag.py:2429} INFO - Sync 1 DAGs
[2022-08-29T12:43:21.354-0400] {logging_mixin.py:115} INFO - [2022-08-29T12:43:21.354-0400] {dag.py:2977} INFO - Setting next_dagrun for latest_only_with_trigger to 2022-08-29T12:43:21.354213+00:00, run_after=2022-08-29T16:43:21.354213+00:00
[2022-08-29T12:43:21.381-0400] {processor.py:161} INFO - Processing /home/augenz/PycharmProjects/airflow/.env_airflow/lib/python3.9/site-packages/airflow/example_dags/example_latest_only_with_trigger.py took 0.549 seconds
[2022-08-29T12:43:51.647-0400] {processor.py:153} INFO - Started process (PID=1180) to work on /home/augenz/PycharmProjects/airflow/.env_airflow/lib/python3.9/site-packages/airflow/example_dags/example_latest_only_with_trigger.py
[2022-08-29T12:43:51.650-0400] {processor.py:640} INFO - Processing file /home/augenz/PycharmProjects/airflow/.env_airflow/lib/python3.9/site-packages/airflow/example_dags/example_latest_only_with_trigger.py for tasks to queue
[2022-08-29T12:43:51.651-0400] {logging_mixin.py:115} INFO - [2022-08-29T12:43:51.651-0400] {dagbag.py:508} INFO - Filling up the DagBag from /home/augenz/PycharmProjects/airflow/.env_airflow/lib/python3.9/site-packages/airflow/example_dags/example_latest_only_with_trigger.py
[2022-08-29T12:43:51.661-0400] {processor.py:650} INFO - DAG(s) dict_keys(['latest_only_with_trigger']) retrieved from /home/augenz/PycharmProjects/airflow/.env_airflow/lib/python3.9/site-packages/airflow/example_dags/example_latest_only_with_trigger.py
[2022-08-29T12:43:52.132-0400] {logging_mixin.py:115} INFO - [2022-08-29T12:43:52.132-0400] {dag.py:2429} INFO - Sync 1 DAGs
[2022-08-29T12:43:52.159-0400] {logging_mixin.py:115} INFO - [2022-08-29T12:43:52.159-0400] {dag.py:2977} INFO - Setting next_dagrun for latest_only_with_trigger to 2022-08-29T12:43:52.159378+00:00, run_after=2022-08-29T16:43:52.159378+00:00
[2022-08-29T12:43:52.195-0400] {processor.py:161} INFO - Processing /home/augenz/PycharmProjects/airflow/.env_airflow/lib/python3.9/site-packages/airflow/example_dags/example_latest_only_with_trigger.py took 0.553 seconds
[2022-08-29T12:44:22.616-0400] {processor.py:153} INFO - Started process (PID=1214) to work on /home/augenz/PycharmProjects/airflow/.env_airflow/lib/python3.9/site-packages/airflow/example_dags/example_latest_only_with_trigger.py
[2022-08-29T12:44:22.617-0400] {processor.py:640} INFO - Processing file /home/augenz/PycharmProjects/airflow/.env_airflow/lib/python3.9/site-packages/airflow/example_dags/example_latest_only_with_trigger.py for tasks to queue
[2022-08-29T12:44:22.618-0400] {logging_mixin.py:115} INFO - [2022-08-29T12:44:22.618-0400] {dagbag.py:508} INFO - Filling up the DagBag from /home/augenz/PycharmProjects/airflow/.env_airflow/lib/python3.9/site-packages/airflow/example_dags/example_latest_only_with_trigger.py
[2022-08-29T12:44:22.627-0400] {processor.py:650} INFO - DAG(s) dict_keys(['latest_only_with_trigger']) retrieved from /home/augenz/PycharmProjects/airflow/.env_airflow/lib/python3.9/site-packages/airflow/example_dags/example_latest_only_with_trigger.py
[2022-08-29T12:44:23.088-0400] {logging_mixin.py:115} INFO - [2022-08-29T12:44:23.087-0400] {dag.py:2429} INFO - Sync 1 DAGs
[2022-08-29T12:44:23.116-0400] {logging_mixin.py:115} INFO - [2022-08-29T12:44:23.116-0400] {dag.py:2977} INFO - Setting next_dagrun for latest_only_with_trigger to 2022-08-29T12:44:23.115945+00:00, run_after=2022-08-29T16:44:23.115945+00:00
[2022-08-29T12:44:23.157-0400] {processor.py:161} INFO - Processing /home/augenz/PycharmProjects/airflow/.env_airflow/lib/python3.9/site-packages/airflow/example_dags/example_latest_only_with_trigger.py took 0.548 seconds
[2022-08-29T12:44:53.371-0400] {processor.py:153} INFO - Started process (PID=1262) to work on /home/augenz/PycharmProjects/airflow/.env_airflow/lib/python3.9/site-packages/airflow/example_dags/example_latest_only_with_trigger.py
[2022-08-29T12:44:53.373-0400] {processor.py:640} INFO - Processing file /home/augenz/PycharmProjects/airflow/.env_airflow/lib/python3.9/site-packages/airflow/example_dags/example_latest_only_with_trigger.py for tasks to queue
[2022-08-29T12:44:53.374-0400] {logging_mixin.py:115} INFO - [2022-08-29T12:44:53.373-0400] {dagbag.py:508} INFO - Filling up the DagBag from /home/augenz/PycharmProjects/airflow/.env_airflow/lib/python3.9/site-packages/airflow/example_dags/example_latest_only_with_trigger.py
[2022-08-29T12:44:53.384-0400] {processor.py:650} INFO - DAG(s) dict_keys(['latest_only_with_trigger']) retrieved from /home/augenz/PycharmProjects/airflow/.env_airflow/lib/python3.9/site-packages/airflow/example_dags/example_latest_only_with_trigger.py
[2022-08-29T12:44:53.999-0400] {logging_mixin.py:115} INFO - [2022-08-29T12:44:53.999-0400] {dag.py:2429} INFO - Sync 1 DAGs
[2022-08-29T12:44:54.032-0400] {logging_mixin.py:115} INFO - [2022-08-29T12:44:54.031-0400] {dag.py:2977} INFO - Setting next_dagrun for latest_only_with_trigger to 2022-08-29T12:44:54.031133+00:00, run_after=2022-08-29T16:44:54.031133+00:00
[2022-08-29T12:44:54.070-0400] {processor.py:161} INFO - Processing /home/augenz/PycharmProjects/airflow/.env_airflow/lib/python3.9/site-packages/airflow/example_dags/example_latest_only_with_trigger.py took 0.704 seconds
[2022-08-29T12:45:24.167-0400] {processor.py:153} INFO - Started process (PID=1296) to work on /home/augenz/PycharmProjects/airflow/.env_airflow/lib/python3.9/site-packages/airflow/example_dags/example_latest_only_with_trigger.py
[2022-08-29T12:45:24.173-0400] {processor.py:640} INFO - Processing file /home/augenz/PycharmProjects/airflow/.env_airflow/lib/python3.9/site-packages/airflow/example_dags/example_latest_only_with_trigger.py for tasks to queue
[2022-08-29T12:45:24.174-0400] {logging_mixin.py:115} INFO - [2022-08-29T12:45:24.174-0400] {dagbag.py:508} INFO - Filling up the DagBag from /home/augenz/PycharmProjects/airflow/.env_airflow/lib/python3.9/site-packages/airflow/example_dags/example_latest_only_with_trigger.py
[2022-08-29T12:45:24.182-0400] {processor.py:650} INFO - DAG(s) dict_keys(['latest_only_with_trigger']) retrieved from /home/augenz/PycharmProjects/airflow/.env_airflow/lib/python3.9/site-packages/airflow/example_dags/example_latest_only_with_trigger.py
[2022-08-29T12:45:24.788-0400] {logging_mixin.py:115} INFO - [2022-08-29T12:45:24.787-0400] {dag.py:2429} INFO - Sync 1 DAGs
[2022-08-29T12:45:24.814-0400] {logging_mixin.py:115} INFO - [2022-08-29T12:45:24.814-0400] {dag.py:2977} INFO - Setting next_dagrun for latest_only_with_trigger to 2022-08-29T12:45:24.814130+00:00, run_after=2022-08-29T16:45:24.814130+00:00
[2022-08-29T12:45:24.850-0400] {processor.py:161} INFO - Processing /home/augenz/PycharmProjects/airflow/.env_airflow/lib/python3.9/site-packages/airflow/example_dags/example_latest_only_with_trigger.py took 0.687 seconds
[2022-08-29T12:45:55.145-0400] {processor.py:153} INFO - Started process (PID=1331) to work on /home/augenz/PycharmProjects/airflow/.env_airflow/lib/python3.9/site-packages/airflow/example_dags/example_latest_only_with_trigger.py
[2022-08-29T12:45:55.148-0400] {processor.py:640} INFO - Processing file /home/augenz/PycharmProjects/airflow/.env_airflow/lib/python3.9/site-packages/airflow/example_dags/example_latest_only_with_trigger.py for tasks to queue
[2022-08-29T12:45:55.149-0400] {logging_mixin.py:115} INFO - [2022-08-29T12:45:55.149-0400] {dagbag.py:508} INFO - Filling up the DagBag from /home/augenz/PycharmProjects/airflow/.env_airflow/lib/python3.9/site-packages/airflow/example_dags/example_latest_only_with_trigger.py
[2022-08-29T12:45:55.156-0400] {processor.py:650} INFO - DAG(s) dict_keys(['latest_only_with_trigger']) retrieved from /home/augenz/PycharmProjects/airflow/.env_airflow/lib/python3.9/site-packages/airflow/example_dags/example_latest_only_with_trigger.py
[2022-08-29T12:45:55.618-0400] {logging_mixin.py:115} INFO - [2022-08-29T12:45:55.617-0400] {dag.py:2429} INFO - Sync 1 DAGs
[2022-08-29T12:45:55.644-0400] {logging_mixin.py:115} INFO - [2022-08-29T12:45:55.643-0400] {dag.py:2977} INFO - Setting next_dagrun for latest_only_with_trigger to 2022-08-29T12:45:55.643516+00:00, run_after=2022-08-29T16:45:55.643516+00:00
[2022-08-29T12:45:55.679-0400] {processor.py:161} INFO - Processing /home/augenz/PycharmProjects/airflow/.env_airflow/lib/python3.9/site-packages/airflow/example_dags/example_latest_only_with_trigger.py took 0.538 seconds
[2022-08-29T12:46:26.256-0400] {processor.py:153} INFO - Started process (PID=1365) to work on /home/augenz/PycharmProjects/airflow/.env_airflow/lib/python3.9/site-packages/airflow/example_dags/example_latest_only_with_trigger.py
[2022-08-29T12:46:26.263-0400] {processor.py:640} INFO - Processing file /home/augenz/PycharmProjects/airflow/.env_airflow/lib/python3.9/site-packages/airflow/example_dags/example_latest_only_with_trigger.py for tasks to queue
[2022-08-29T12:46:26.264-0400] {logging_mixin.py:115} INFO - [2022-08-29T12:46:26.264-0400] {dagbag.py:508} INFO - Filling up the DagBag from /home/augenz/PycharmProjects/airflow/.env_airflow/lib/python3.9/site-packages/airflow/example_dags/example_latest_only_with_trigger.py
[2022-08-29T12:46:26.273-0400] {processor.py:650} INFO - DAG(s) dict_keys(['latest_only_with_trigger']) retrieved from /home/augenz/PycharmProjects/airflow/.env_airflow/lib/python3.9/site-packages/airflow/example_dags/example_latest_only_with_trigger.py
[2022-08-29T12:46:26.790-0400] {logging_mixin.py:115} INFO - [2022-08-29T12:46:26.789-0400] {dag.py:2429} INFO - Sync 1 DAGs
[2022-08-29T12:46:26.820-0400] {logging_mixin.py:115} INFO - [2022-08-29T12:46:26.819-0400] {dag.py:2977} INFO - Setting next_dagrun for latest_only_with_trigger to 2022-08-29T12:46:26.819704+00:00, run_after=2022-08-29T16:46:26.819704+00:00
[2022-08-29T12:46:26.860-0400] {processor.py:161} INFO - Processing /home/augenz/PycharmProjects/airflow/.env_airflow/lib/python3.9/site-packages/airflow/example_dags/example_latest_only_with_trigger.py took 0.609 seconds
[2022-08-29T12:46:57.219-0400] {processor.py:153} INFO - Started process (PID=1400) to work on /home/augenz/PycharmProjects/airflow/.env_airflow/lib/python3.9/site-packages/airflow/example_dags/example_latest_only_with_trigger.py
[2022-08-29T12:46:57.220-0400] {processor.py:640} INFO - Processing file /home/augenz/PycharmProjects/airflow/.env_airflow/lib/python3.9/site-packages/airflow/example_dags/example_latest_only_with_trigger.py for tasks to queue
[2022-08-29T12:46:57.221-0400] {logging_mixin.py:115} INFO - [2022-08-29T12:46:57.221-0400] {dagbag.py:508} INFO - Filling up the DagBag from /home/augenz/PycharmProjects/airflow/.env_airflow/lib/python3.9/site-packages/airflow/example_dags/example_latest_only_with_trigger.py
[2022-08-29T12:46:57.230-0400] {processor.py:650} INFO - DAG(s) dict_keys(['latest_only_with_trigger']) retrieved from /home/augenz/PycharmProjects/airflow/.env_airflow/lib/python3.9/site-packages/airflow/example_dags/example_latest_only_with_trigger.py
[2022-08-29T12:46:57.692-0400] {logging_mixin.py:115} INFO - [2022-08-29T12:46:57.692-0400] {dag.py:2429} INFO - Sync 1 DAGs
[2022-08-29T12:46:57.719-0400] {logging_mixin.py:115} INFO - [2022-08-29T12:46:57.718-0400] {dag.py:2977} INFO - Setting next_dagrun for latest_only_with_trigger to 2022-08-29T12:46:57.718513+00:00, run_after=2022-08-29T16:46:57.718513+00:00
[2022-08-29T12:46:57.774-0400] {processor.py:161} INFO - Processing /home/augenz/PycharmProjects/airflow/.env_airflow/lib/python3.9/site-packages/airflow/example_dags/example_latest_only_with_trigger.py took 0.562 seconds
[2022-08-29T12:47:28.464-0400] {processor.py:153} INFO - Started process (PID=1442) to work on /home/augenz/PycharmProjects/airflow/.env_airflow/lib/python3.9/site-packages/airflow/example_dags/example_latest_only_with_trigger.py
[2022-08-29T12:47:28.465-0400] {processor.py:640} INFO - Processing file /home/augenz/PycharmProjects/airflow/.env_airflow/lib/python3.9/site-packages/airflow/example_dags/example_latest_only_with_trigger.py for tasks to queue
[2022-08-29T12:47:28.466-0400] {logging_mixin.py:115} INFO - [2022-08-29T12:47:28.466-0400] {dagbag.py:508} INFO - Filling up the DagBag from /home/augenz/PycharmProjects/airflow/.env_airflow/lib/python3.9/site-packages/airflow/example_dags/example_latest_only_with_trigger.py
[2022-08-29T12:47:28.475-0400] {processor.py:650} INFO - DAG(s) dict_keys(['latest_only_with_trigger']) retrieved from /home/augenz/PycharmProjects/airflow/.env_airflow/lib/python3.9/site-packages/airflow/example_dags/example_latest_only_with_trigger.py
[2022-08-29T12:47:28.924-0400] {logging_mixin.py:115} INFO - [2022-08-29T12:47:28.924-0400] {dag.py:2429} INFO - Sync 1 DAGs
[2022-08-29T12:47:28.951-0400] {logging_mixin.py:115} INFO - [2022-08-29T12:47:28.951-0400] {dag.py:2977} INFO - Setting next_dagrun for latest_only_with_trigger to 2022-08-29T12:47:28.950885+00:00, run_after=2022-08-29T16:47:28.950885+00:00
[2022-08-29T12:47:29.004-0400] {processor.py:161} INFO - Processing /home/augenz/PycharmProjects/airflow/.env_airflow/lib/python3.9/site-packages/airflow/example_dags/example_latest_only_with_trigger.py took 0.544 seconds
[2022-08-29T12:47:59.638-0400] {processor.py:153} INFO - Started process (PID=1476) to work on /home/augenz/PycharmProjects/airflow/.env_airflow/lib/python3.9/site-packages/airflow/example_dags/example_latest_only_with_trigger.py
[2022-08-29T12:47:59.639-0400] {processor.py:640} INFO - Processing file /home/augenz/PycharmProjects/airflow/.env_airflow/lib/python3.9/site-packages/airflow/example_dags/example_latest_only_with_trigger.py for tasks to queue
[2022-08-29T12:47:59.641-0400] {logging_mixin.py:115} INFO - [2022-08-29T12:47:59.640-0400] {dagbag.py:508} INFO - Filling up the DagBag from /home/augenz/PycharmProjects/airflow/.env_airflow/lib/python3.9/site-packages/airflow/example_dags/example_latest_only_with_trigger.py
[2022-08-29T12:47:59.653-0400] {processor.py:650} INFO - DAG(s) dict_keys(['latest_only_with_trigger']) retrieved from /home/augenz/PycharmProjects/airflow/.env_airflow/lib/python3.9/site-packages/airflow/example_dags/example_latest_only_with_trigger.py
[2022-08-29T12:48:00.153-0400] {logging_mixin.py:115} INFO - [2022-08-29T12:48:00.153-0400] {dag.py:2429} INFO - Sync 1 DAGs
[2022-08-29T12:48:00.180-0400] {logging_mixin.py:115} INFO - [2022-08-29T12:48:00.180-0400] {dag.py:2977} INFO - Setting next_dagrun for latest_only_with_trigger to 2022-08-29T12:48:00.180110+00:00, run_after=2022-08-29T16:48:00.180110+00:00
[2022-08-29T12:48:00.217-0400] {processor.py:161} INFO - Processing /home/augenz/PycharmProjects/airflow/.env_airflow/lib/python3.9/site-packages/airflow/example_dags/example_latest_only_with_trigger.py took 0.584 seconds
[2022-08-29T12:48:31.045-0400] {processor.py:153} INFO - Started process (PID=1511) to work on /home/augenz/PycharmProjects/airflow/.env_airflow/lib/python3.9/site-packages/airflow/example_dags/example_latest_only_with_trigger.py
[2022-08-29T12:48:31.046-0400] {processor.py:640} INFO - Processing file /home/augenz/PycharmProjects/airflow/.env_airflow/lib/python3.9/site-packages/airflow/example_dags/example_latest_only_with_trigger.py for tasks to queue
[2022-08-29T12:48:31.048-0400] {logging_mixin.py:115} INFO - [2022-08-29T12:48:31.047-0400] {dagbag.py:508} INFO - Filling up the DagBag from /home/augenz/PycharmProjects/airflow/.env_airflow/lib/python3.9/site-packages/airflow/example_dags/example_latest_only_with_trigger.py
[2022-08-29T12:48:31.055-0400] {processor.py:650} INFO - DAG(s) dict_keys(['latest_only_with_trigger']) retrieved from /home/augenz/PycharmProjects/airflow/.env_airflow/lib/python3.9/site-packages/airflow/example_dags/example_latest_only_with_trigger.py
[2022-08-29T12:48:31.613-0400] {logging_mixin.py:115} INFO - [2022-08-29T12:48:31.613-0400] {dag.py:2429} INFO - Sync 1 DAGs
[2022-08-29T12:48:31.639-0400] {logging_mixin.py:115} INFO - [2022-08-29T12:48:31.639-0400] {dag.py:2977} INFO - Setting next_dagrun for latest_only_with_trigger to 2022-08-29T12:48:31.639251+00:00, run_after=2022-08-29T16:48:31.639251+00:00
[2022-08-29T12:48:31.689-0400] {processor.py:161} INFO - Processing /home/augenz/PycharmProjects/airflow/.env_airflow/lib/python3.9/site-packages/airflow/example_dags/example_latest_only_with_trigger.py took 0.649 seconds
[2022-08-29T12:49:02.135-0400] {processor.py:153} INFO - Started process (PID=1546) to work on /home/augenz/PycharmProjects/airflow/.env_airflow/lib/python3.9/site-packages/airflow/example_dags/example_latest_only_with_trigger.py
[2022-08-29T12:49:02.137-0400] {processor.py:640} INFO - Processing file /home/augenz/PycharmProjects/airflow/.env_airflow/lib/python3.9/site-packages/airflow/example_dags/example_latest_only_with_trigger.py for tasks to queue
[2022-08-29T12:49:02.139-0400] {logging_mixin.py:115} INFO - [2022-08-29T12:49:02.138-0400] {dagbag.py:508} INFO - Filling up the DagBag from /home/augenz/PycharmProjects/airflow/.env_airflow/lib/python3.9/site-packages/airflow/example_dags/example_latest_only_with_trigger.py
[2022-08-29T12:49:02.149-0400] {processor.py:650} INFO - DAG(s) dict_keys(['latest_only_with_trigger']) retrieved from /home/augenz/PycharmProjects/airflow/.env_airflow/lib/python3.9/site-packages/airflow/example_dags/example_latest_only_with_trigger.py
[2022-08-29T12:49:02.664-0400] {logging_mixin.py:115} INFO - [2022-08-29T12:49:02.664-0400] {dag.py:2429} INFO - Sync 1 DAGs
[2022-08-29T12:49:02.693-0400] {logging_mixin.py:115} INFO - [2022-08-29T12:49:02.692-0400] {dag.py:2977} INFO - Setting next_dagrun for latest_only_with_trigger to 2022-08-29T12:49:02.692456+00:00, run_after=2022-08-29T16:49:02.692456+00:00
[2022-08-29T12:49:02.735-0400] {processor.py:161} INFO - Processing /home/augenz/PycharmProjects/airflow/.env_airflow/lib/python3.9/site-packages/airflow/example_dags/example_latest_only_with_trigger.py took 0.605 seconds
[2022-08-29T12:49:32.779-0400] {processor.py:153} INFO - Started process (PID=1589) to work on /home/augenz/PycharmProjects/airflow/.env_airflow/lib/python3.9/site-packages/airflow/example_dags/example_latest_only_with_trigger.py
[2022-08-29T12:49:32.784-0400] {processor.py:640} INFO - Processing file /home/augenz/PycharmProjects/airflow/.env_airflow/lib/python3.9/site-packages/airflow/example_dags/example_latest_only_with_trigger.py for tasks to queue
[2022-08-29T12:49:32.785-0400] {logging_mixin.py:115} INFO - [2022-08-29T12:49:32.785-0400] {dagbag.py:508} INFO - Filling up the DagBag from /home/augenz/PycharmProjects/airflow/.env_airflow/lib/python3.9/site-packages/airflow/example_dags/example_latest_only_with_trigger.py
[2022-08-29T12:49:32.792-0400] {processor.py:650} INFO - DAG(s) dict_keys(['latest_only_with_trigger']) retrieved from /home/augenz/PycharmProjects/airflow/.env_airflow/lib/python3.9/site-packages/airflow/example_dags/example_latest_only_with_trigger.py
[2022-08-29T12:49:33.311-0400] {logging_mixin.py:115} INFO - [2022-08-29T12:49:33.310-0400] {dag.py:2429} INFO - Sync 1 DAGs
[2022-08-29T12:49:33.338-0400] {logging_mixin.py:115} INFO - [2022-08-29T12:49:33.338-0400] {dag.py:2977} INFO - Setting next_dagrun for latest_only_with_trigger to 2022-08-29T12:49:33.338466+00:00, run_after=2022-08-29T16:49:33.338466+00:00
[2022-08-29T12:49:33.400-0400] {processor.py:161} INFO - Processing /home/augenz/PycharmProjects/airflow/.env_airflow/lib/python3.9/site-packages/airflow/example_dags/example_latest_only_with_trigger.py took 0.626 seconds
[2022-08-29T12:50:03.724-0400] {processor.py:153} INFO - Started process (PID=1624) to work on /home/augenz/PycharmProjects/airflow/.env_airflow/lib/python3.9/site-packages/airflow/example_dags/example_latest_only_with_trigger.py
[2022-08-29T12:50:03.725-0400] {processor.py:640} INFO - Processing file /home/augenz/PycharmProjects/airflow/.env_airflow/lib/python3.9/site-packages/airflow/example_dags/example_latest_only_with_trigger.py for tasks to queue
[2022-08-29T12:50:03.726-0400] {logging_mixin.py:115} INFO - [2022-08-29T12:50:03.726-0400] {dagbag.py:508} INFO - Filling up the DagBag from /home/augenz/PycharmProjects/airflow/.env_airflow/lib/python3.9/site-packages/airflow/example_dags/example_latest_only_with_trigger.py
[2022-08-29T12:50:03.736-0400] {processor.py:650} INFO - DAG(s) dict_keys(['latest_only_with_trigger']) retrieved from /home/augenz/PycharmProjects/airflow/.env_airflow/lib/python3.9/site-packages/airflow/example_dags/example_latest_only_with_trigger.py
[2022-08-29T12:50:04.166-0400] {logging_mixin.py:115} INFO - [2022-08-29T12:50:04.166-0400] {dag.py:2429} INFO - Sync 1 DAGs
[2022-08-29T12:50:04.193-0400] {logging_mixin.py:115} INFO - [2022-08-29T12:50:04.193-0400] {dag.py:2977} INFO - Setting next_dagrun for latest_only_with_trigger to 2022-08-29T12:50:04.192762+00:00, run_after=2022-08-29T16:50:04.192762+00:00
[2022-08-29T12:50:04.231-0400] {processor.py:161} INFO - Processing /home/augenz/PycharmProjects/airflow/.env_airflow/lib/python3.9/site-packages/airflow/example_dags/example_latest_only_with_trigger.py took 0.512 seconds
[2022-08-29T12:50:34.741-0400] {processor.py:153} INFO - Started process (PID=1663) to work on /home/augenz/PycharmProjects/airflow/.env_airflow/lib/python3.9/site-packages/airflow/example_dags/example_latest_only_with_trigger.py
[2022-08-29T12:50:34.744-0400] {processor.py:640} INFO - Processing file /home/augenz/PycharmProjects/airflow/.env_airflow/lib/python3.9/site-packages/airflow/example_dags/example_latest_only_with_trigger.py for tasks to queue
[2022-08-29T12:50:34.746-0400] {logging_mixin.py:115} INFO - [2022-08-29T12:50:34.745-0400] {dagbag.py:508} INFO - Filling up the DagBag from /home/augenz/PycharmProjects/airflow/.env_airflow/lib/python3.9/site-packages/airflow/example_dags/example_latest_only_with_trigger.py
[2022-08-29T12:50:34.764-0400] {processor.py:650} INFO - DAG(s) dict_keys(['latest_only_with_trigger']) retrieved from /home/augenz/PycharmProjects/airflow/.env_airflow/lib/python3.9/site-packages/airflow/example_dags/example_latest_only_with_trigger.py
[2022-08-29T12:50:35.755-0400] {logging_mixin.py:115} INFO - [2022-08-29T12:50:35.754-0400] {dag.py:2429} INFO - Sync 1 DAGs
[2022-08-29T12:50:35.807-0400] {logging_mixin.py:115} INFO - [2022-08-29T12:50:35.807-0400] {dag.py:2977} INFO - Setting next_dagrun for latest_only_with_trigger to 2022-08-29T12:50:35.806708+00:00, run_after=2022-08-29T16:50:35.806708+00:00
[2022-08-29T12:50:35.871-0400] {processor.py:161} INFO - Processing /home/augenz/PycharmProjects/airflow/.env_airflow/lib/python3.9/site-packages/airflow/example_dags/example_latest_only_with_trigger.py took 1.137 seconds
[2022-08-29T12:51:06.125-0400] {processor.py:153} INFO - Started process (PID=1697) to work on /home/augenz/PycharmProjects/airflow/.env_airflow/lib/python3.9/site-packages/airflow/example_dags/example_latest_only_with_trigger.py
[2022-08-29T12:51:06.142-0400] {processor.py:640} INFO - Processing file /home/augenz/PycharmProjects/airflow/.env_airflow/lib/python3.9/site-packages/airflow/example_dags/example_latest_only_with_trigger.py for tasks to queue
[2022-08-29T12:51:06.143-0400] {logging_mixin.py:115} INFO - [2022-08-29T12:51:06.143-0400] {dagbag.py:508} INFO - Filling up the DagBag from /home/augenz/PycharmProjects/airflow/.env_airflow/lib/python3.9/site-packages/airflow/example_dags/example_latest_only_with_trigger.py
[2022-08-29T12:51:06.150-0400] {processor.py:650} INFO - DAG(s) dict_keys(['latest_only_with_trigger']) retrieved from /home/augenz/PycharmProjects/airflow/.env_airflow/lib/python3.9/site-packages/airflow/example_dags/example_latest_only_with_trigger.py
[2022-08-29T12:51:06.618-0400] {logging_mixin.py:115} INFO - [2022-08-29T12:51:06.618-0400] {dag.py:2429} INFO - Sync 1 DAGs
[2022-08-29T12:51:06.649-0400] {logging_mixin.py:115} INFO - [2022-08-29T12:51:06.649-0400] {dag.py:2977} INFO - Setting next_dagrun for latest_only_with_trigger to 2022-08-29T12:51:06.649080+00:00, run_after=2022-08-29T16:51:06.649080+00:00
[2022-08-29T12:51:06.689-0400] {processor.py:161} INFO - Processing /home/augenz/PycharmProjects/airflow/.env_airflow/lib/python3.9/site-packages/airflow/example_dags/example_latest_only_with_trigger.py took 0.569 seconds
[2022-08-29T12:51:37.272-0400] {processor.py:153} INFO - Started process (PID=1735) to work on /home/augenz/PycharmProjects/airflow/.env_airflow/lib/python3.9/site-packages/airflow/example_dags/example_latest_only_with_trigger.py
[2022-08-29T12:51:37.274-0400] {processor.py:640} INFO - Processing file /home/augenz/PycharmProjects/airflow/.env_airflow/lib/python3.9/site-packages/airflow/example_dags/example_latest_only_with_trigger.py for tasks to queue
[2022-08-29T12:51:37.276-0400] {logging_mixin.py:115} INFO - [2022-08-29T12:51:37.275-0400] {dagbag.py:508} INFO - Filling up the DagBag from /home/augenz/PycharmProjects/airflow/.env_airflow/lib/python3.9/site-packages/airflow/example_dags/example_latest_only_with_trigger.py
[2022-08-29T12:51:37.286-0400] {processor.py:650} INFO - DAG(s) dict_keys(['latest_only_with_trigger']) retrieved from /home/augenz/PycharmProjects/airflow/.env_airflow/lib/python3.9/site-packages/airflow/example_dags/example_latest_only_with_trigger.py
[2022-08-29T12:51:37.761-0400] {logging_mixin.py:115} INFO - [2022-08-29T12:51:37.761-0400] {dag.py:2429} INFO - Sync 1 DAGs
[2022-08-29T12:51:37.788-0400] {logging_mixin.py:115} INFO - [2022-08-29T12:51:37.787-0400] {dag.py:2977} INFO - Setting next_dagrun for latest_only_with_trigger to 2022-08-29T12:51:37.787452+00:00, run_after=2022-08-29T16:51:37.787452+00:00
[2022-08-29T12:51:37.828-0400] {processor.py:161} INFO - Processing /home/augenz/PycharmProjects/airflow/.env_airflow/lib/python3.9/site-packages/airflow/example_dags/example_latest_only_with_trigger.py took 0.561 seconds
[2022-08-29T12:52:08.314-0400] {processor.py:153} INFO - Started process (PID=1770) to work on /home/augenz/PycharmProjects/airflow/.env_airflow/lib/python3.9/site-packages/airflow/example_dags/example_latest_only_with_trigger.py
[2022-08-29T12:52:08.317-0400] {processor.py:640} INFO - Processing file /home/augenz/PycharmProjects/airflow/.env_airflow/lib/python3.9/site-packages/airflow/example_dags/example_latest_only_with_trigger.py for tasks to queue
[2022-08-29T12:52:08.319-0400] {logging_mixin.py:115} INFO - [2022-08-29T12:52:08.319-0400] {dagbag.py:508} INFO - Filling up the DagBag from /home/augenz/PycharmProjects/airflow/.env_airflow/lib/python3.9/site-packages/airflow/example_dags/example_latest_only_with_trigger.py
[2022-08-29T12:52:08.330-0400] {processor.py:650} INFO - DAG(s) dict_keys(['latest_only_with_trigger']) retrieved from /home/augenz/PycharmProjects/airflow/.env_airflow/lib/python3.9/site-packages/airflow/example_dags/example_latest_only_with_trigger.py
[2022-08-29T12:52:08.794-0400] {logging_mixin.py:115} INFO - [2022-08-29T12:52:08.794-0400] {dag.py:2429} INFO - Sync 1 DAGs
[2022-08-29T12:52:08.821-0400] {logging_mixin.py:115} INFO - [2022-08-29T12:52:08.821-0400] {dag.py:2977} INFO - Setting next_dagrun for latest_only_with_trigger to 2022-08-29T12:52:08.821412+00:00, run_after=2022-08-29T16:52:08.821412+00:00
[2022-08-29T12:52:08.867-0400] {processor.py:161} INFO - Processing /home/augenz/PycharmProjects/airflow/.env_airflow/lib/python3.9/site-packages/airflow/example_dags/example_latest_only_with_trigger.py took 0.557 seconds
[2022-08-29T12:52:39.019-0400] {processor.py:153} INFO - Started process (PID=1804) to work on /home/augenz/PycharmProjects/airflow/.env_airflow/lib/python3.9/site-packages/airflow/example_dags/example_latest_only_with_trigger.py
[2022-08-29T12:52:39.020-0400] {processor.py:640} INFO - Processing file /home/augenz/PycharmProjects/airflow/.env_airflow/lib/python3.9/site-packages/airflow/example_dags/example_latest_only_with_trigger.py for tasks to queue
[2022-08-29T12:52:39.021-0400] {logging_mixin.py:115} INFO - [2022-08-29T12:52:39.021-0400] {dagbag.py:508} INFO - Filling up the DagBag from /home/augenz/PycharmProjects/airflow/.env_airflow/lib/python3.9/site-packages/airflow/example_dags/example_latest_only_with_trigger.py
[2022-08-29T12:52:39.028-0400] {processor.py:650} INFO - DAG(s) dict_keys(['latest_only_with_trigger']) retrieved from /home/augenz/PycharmProjects/airflow/.env_airflow/lib/python3.9/site-packages/airflow/example_dags/example_latest_only_with_trigger.py
[2022-08-29T12:52:39.482-0400] {logging_mixin.py:115} INFO - [2022-08-29T12:52:39.482-0400] {dag.py:2429} INFO - Sync 1 DAGs
[2022-08-29T12:52:39.509-0400] {logging_mixin.py:115} INFO - [2022-08-29T12:52:39.509-0400] {dag.py:2977} INFO - Setting next_dagrun for latest_only_with_trigger to 2022-08-29T12:52:39.509316+00:00, run_after=2022-08-29T16:52:39.509316+00:00
[2022-08-29T12:52:39.572-0400] {processor.py:161} INFO - Processing /home/augenz/PycharmProjects/airflow/.env_airflow/lib/python3.9/site-packages/airflow/example_dags/example_latest_only_with_trigger.py took 0.557 seconds
[2022-08-29T12:53:09.959-0400] {processor.py:153} INFO - Started process (PID=1841) to work on /home/augenz/PycharmProjects/airflow/.env_airflow/lib/python3.9/site-packages/airflow/example_dags/example_latest_only_with_trigger.py
[2022-08-29T12:53:09.960-0400] {processor.py:640} INFO - Processing file /home/augenz/PycharmProjects/airflow/.env_airflow/lib/python3.9/site-packages/airflow/example_dags/example_latest_only_with_trigger.py for tasks to queue
[2022-08-29T12:53:09.961-0400] {logging_mixin.py:115} INFO - [2022-08-29T12:53:09.960-0400] {dagbag.py:508} INFO - Filling up the DagBag from /home/augenz/PycharmProjects/airflow/.env_airflow/lib/python3.9/site-packages/airflow/example_dags/example_latest_only_with_trigger.py
[2022-08-29T12:53:09.968-0400] {processor.py:650} INFO - DAG(s) dict_keys(['latest_only_with_trigger']) retrieved from /home/augenz/PycharmProjects/airflow/.env_airflow/lib/python3.9/site-packages/airflow/example_dags/example_latest_only_with_trigger.py
[2022-08-29T12:53:10.443-0400] {logging_mixin.py:115} INFO - [2022-08-29T12:53:10.443-0400] {dag.py:2429} INFO - Sync 1 DAGs
[2022-08-29T12:53:10.470-0400] {logging_mixin.py:115} INFO - [2022-08-29T12:53:10.470-0400] {dag.py:2977} INFO - Setting next_dagrun for latest_only_with_trigger to 2022-08-29T12:53:10.470059+00:00, run_after=2022-08-29T16:53:10.470059+00:00
[2022-08-29T12:53:10.535-0400] {processor.py:161} INFO - Processing /home/augenz/PycharmProjects/airflow/.env_airflow/lib/python3.9/site-packages/airflow/example_dags/example_latest_only_with_trigger.py took 0.581 seconds
[2022-08-29T12:53:41.239-0400] {processor.py:153} INFO - Started process (PID=1881) to work on /home/augenz/PycharmProjects/airflow/.env_airflow/lib/python3.9/site-packages/airflow/example_dags/example_latest_only_with_trigger.py
[2022-08-29T12:53:41.240-0400] {processor.py:640} INFO - Processing file /home/augenz/PycharmProjects/airflow/.env_airflow/lib/python3.9/site-packages/airflow/example_dags/example_latest_only_with_trigger.py for tasks to queue
[2022-08-29T12:53:41.242-0400] {logging_mixin.py:115} INFO - [2022-08-29T12:53:41.242-0400] {dagbag.py:508} INFO - Filling up the DagBag from /home/augenz/PycharmProjects/airflow/.env_airflow/lib/python3.9/site-packages/airflow/example_dags/example_latest_only_with_trigger.py
[2022-08-29T12:53:41.253-0400] {processor.py:650} INFO - DAG(s) dict_keys(['latest_only_with_trigger']) retrieved from /home/augenz/PycharmProjects/airflow/.env_airflow/lib/python3.9/site-packages/airflow/example_dags/example_latest_only_with_trigger.py
[2022-08-29T12:53:41.882-0400] {logging_mixin.py:115} INFO - [2022-08-29T12:53:41.881-0400] {dag.py:2429} INFO - Sync 1 DAGs
[2022-08-29T12:53:41.910-0400] {logging_mixin.py:115} INFO - [2022-08-29T12:53:41.910-0400] {dag.py:2977} INFO - Setting next_dagrun for latest_only_with_trigger to 2022-08-29T12:53:41.909766+00:00, run_after=2022-08-29T16:53:41.909766+00:00
[2022-08-29T12:53:41.948-0400] {processor.py:161} INFO - Processing /home/augenz/PycharmProjects/airflow/.env_airflow/lib/python3.9/site-packages/airflow/example_dags/example_latest_only_with_trigger.py took 0.714 seconds
