[2022-08-29T12:33:16.260-0400] {processor.py:153} INFO - Started process (PID=380) to work on /home/augenz/PycharmProjects/airflow/.env_airflow/lib/python3.9/site-packages/airflow/example_dags/example_python_operator.py
[2022-08-29T12:33:16.261-0400] {processor.py:640} INFO - Processing file /home/augenz/PycharmProjects/airflow/.env_airflow/lib/python3.9/site-packages/airflow/example_dags/example_python_operator.py for tasks to queue
[2022-08-29T12:33:16.262-0400] {logging_mixin.py:115} INFO - [2022-08-29T12:33:16.261-0400] {dagbag.py:508} INFO - Filling up the DagBag from /home/augenz/PycharmProjects/airflow/.env_airflow/lib/python3.9/site-packages/airflow/example_dags/example_python_operator.py
[2022-08-29T12:33:16.285-0400] {processor.py:650} INFO - DAG(s) dict_keys(['example_python_operator']) retrieved from /home/augenz/PycharmProjects/airflow/.env_airflow/lib/python3.9/site-packages/airflow/example_dags/example_python_operator.py
[2022-08-29T12:33:16.441-0400] {logging_mixin.py:115} INFO - [2022-08-29T12:33:16.441-0400] {manager.py:508} INFO - Created Permission View: can delete on DAG:example_python_operator
[2022-08-29T12:33:16.500-0400] {logging_mixin.py:115} INFO - [2022-08-29T12:33:16.499-0400] {manager.py:508} INFO - Created Permission View: can read on DAG:example_python_operator
[2022-08-29T12:33:16.542-0400] {logging_mixin.py:115} INFO - [2022-08-29T12:33:16.541-0400] {manager.py:508} INFO - Created Permission View: can edit on DAG:example_python_operator
[2022-08-29T12:33:16.542-0400] {logging_mixin.py:115} INFO - [2022-08-29T12:33:16.542-0400] {dag.py:2429} INFO - Sync 1 DAGs
[2022-08-29T12:33:16.561-0400] {logging_mixin.py:115} INFO - [2022-08-29T12:33:16.560-0400] {dag.py:2448} INFO - Creating ORM DAG for example_python_operator
[2022-08-29T12:33:16.581-0400] {logging_mixin.py:115} INFO - [2022-08-29T12:33:16.580-0400] {dag.py:2977} INFO - Setting next_dagrun for example_python_operator to None, run_after=None
[2022-08-29T12:33:16.629-0400] {processor.py:161} INFO - Processing /home/augenz/PycharmProjects/airflow/.env_airflow/lib/python3.9/site-packages/airflow/example_dags/example_python_operator.py took 0.373 seconds
[2022-08-29T12:33:47.138-0400] {processor.py:153} INFO - Started process (PID=420) to work on /home/augenz/PycharmProjects/airflow/.env_airflow/lib/python3.9/site-packages/airflow/example_dags/example_python_operator.py
[2022-08-29T12:33:47.149-0400] {processor.py:640} INFO - Processing file /home/augenz/PycharmProjects/airflow/.env_airflow/lib/python3.9/site-packages/airflow/example_dags/example_python_operator.py for tasks to queue
[2022-08-29T12:33:47.150-0400] {logging_mixin.py:115} INFO - [2022-08-29T12:33:47.150-0400] {dagbag.py:508} INFO - Filling up the DagBag from /home/augenz/PycharmProjects/airflow/.env_airflow/lib/python3.9/site-packages/airflow/example_dags/example_python_operator.py
[2022-08-29T12:33:47.178-0400] {processor.py:650} INFO - DAG(s) dict_keys(['example_python_operator']) retrieved from /home/augenz/PycharmProjects/airflow/.env_airflow/lib/python3.9/site-packages/airflow/example_dags/example_python_operator.py
[2022-08-29T12:33:47.219-0400] {logging_mixin.py:115} INFO - [2022-08-29T12:33:47.218-0400] {dag.py:2429} INFO - Sync 1 DAGs
[2022-08-29T12:33:47.249-0400] {logging_mixin.py:115} INFO - [2022-08-29T12:33:47.248-0400] {dag.py:2977} INFO - Setting next_dagrun for example_python_operator to None, run_after=None
[2022-08-29T12:33:47.286-0400] {processor.py:161} INFO - Processing /home/augenz/PycharmProjects/airflow/.env_airflow/lib/python3.9/site-packages/airflow/example_dags/example_python_operator.py took 0.152 seconds
[2022-08-29T12:34:17.775-0400] {processor.py:153} INFO - Started process (PID=455) to work on /home/augenz/PycharmProjects/airflow/.env_airflow/lib/python3.9/site-packages/airflow/example_dags/example_python_operator.py
[2022-08-29T12:34:17.778-0400] {processor.py:640} INFO - Processing file /home/augenz/PycharmProjects/airflow/.env_airflow/lib/python3.9/site-packages/airflow/example_dags/example_python_operator.py for tasks to queue
[2022-08-29T12:34:17.780-0400] {logging_mixin.py:115} INFO - [2022-08-29T12:34:17.780-0400] {dagbag.py:508} INFO - Filling up the DagBag from /home/augenz/PycharmProjects/airflow/.env_airflow/lib/python3.9/site-packages/airflow/example_dags/example_python_operator.py
[2022-08-29T12:34:17.827-0400] {processor.py:650} INFO - DAG(s) dict_keys(['example_python_operator']) retrieved from /home/augenz/PycharmProjects/airflow/.env_airflow/lib/python3.9/site-packages/airflow/example_dags/example_python_operator.py
[2022-08-29T12:34:17.881-0400] {logging_mixin.py:115} INFO - [2022-08-29T12:34:17.881-0400] {dag.py:2429} INFO - Sync 1 DAGs
[2022-08-29T12:34:17.922-0400] {logging_mixin.py:115} INFO - [2022-08-29T12:34:17.922-0400] {dag.py:2977} INFO - Setting next_dagrun for example_python_operator to None, run_after=None
[2022-08-29T12:34:17.976-0400] {processor.py:161} INFO - Processing /home/augenz/PycharmProjects/airflow/.env_airflow/lib/python3.9/site-packages/airflow/example_dags/example_python_operator.py took 0.208 seconds
[2022-08-29T12:34:48.457-0400] {processor.py:153} INFO - Started process (PID=490) to work on /home/augenz/PycharmProjects/airflow/.env_airflow/lib/python3.9/site-packages/airflow/example_dags/example_python_operator.py
[2022-08-29T12:34:48.459-0400] {processor.py:640} INFO - Processing file /home/augenz/PycharmProjects/airflow/.env_airflow/lib/python3.9/site-packages/airflow/example_dags/example_python_operator.py for tasks to queue
[2022-08-29T12:34:48.460-0400] {logging_mixin.py:115} INFO - [2022-08-29T12:34:48.460-0400] {dagbag.py:508} INFO - Filling up the DagBag from /home/augenz/PycharmProjects/airflow/.env_airflow/lib/python3.9/site-packages/airflow/example_dags/example_python_operator.py
[2022-08-29T12:34:48.503-0400] {processor.py:650} INFO - DAG(s) dict_keys(['example_python_operator']) retrieved from /home/augenz/PycharmProjects/airflow/.env_airflow/lib/python3.9/site-packages/airflow/example_dags/example_python_operator.py
[2022-08-29T12:34:48.564-0400] {logging_mixin.py:115} INFO - [2022-08-29T12:34:48.564-0400] {dag.py:2429} INFO - Sync 1 DAGs
[2022-08-29T12:34:48.613-0400] {logging_mixin.py:115} INFO - [2022-08-29T12:34:48.612-0400] {dag.py:2977} INFO - Setting next_dagrun for example_python_operator to None, run_after=None
[2022-08-29T12:34:48.673-0400] {processor.py:161} INFO - Processing /home/augenz/PycharmProjects/airflow/.env_airflow/lib/python3.9/site-packages/airflow/example_dags/example_python_operator.py took 0.222 seconds
[2022-08-29T12:35:19.129-0400] {processor.py:153} INFO - Started process (PID=547) to work on /home/augenz/PycharmProjects/airflow/.env_airflow/lib/python3.9/site-packages/airflow/example_dags/example_python_operator.py
[2022-08-29T12:35:19.130-0400] {processor.py:640} INFO - Processing file /home/augenz/PycharmProjects/airflow/.env_airflow/lib/python3.9/site-packages/airflow/example_dags/example_python_operator.py for tasks to queue
[2022-08-29T12:35:19.131-0400] {logging_mixin.py:115} INFO - [2022-08-29T12:35:19.130-0400] {dagbag.py:508} INFO - Filling up the DagBag from /home/augenz/PycharmProjects/airflow/.env_airflow/lib/python3.9/site-packages/airflow/example_dags/example_python_operator.py
[2022-08-29T12:35:19.158-0400] {processor.py:650} INFO - DAG(s) dict_keys(['example_python_operator']) retrieved from /home/augenz/PycharmProjects/airflow/.env_airflow/lib/python3.9/site-packages/airflow/example_dags/example_python_operator.py
[2022-08-29T12:35:19.205-0400] {logging_mixin.py:115} INFO - [2022-08-29T12:35:19.205-0400] {dag.py:2429} INFO - Sync 1 DAGs
[2022-08-29T12:35:19.235-0400] {logging_mixin.py:115} INFO - [2022-08-29T12:35:19.235-0400] {dag.py:2977} INFO - Setting next_dagrun for example_python_operator to None, run_after=None
[2022-08-29T12:35:19.276-0400] {processor.py:161} INFO - Processing /home/augenz/PycharmProjects/airflow/.env_airflow/lib/python3.9/site-packages/airflow/example_dags/example_python_operator.py took 0.152 seconds
[2022-08-29T12:35:51.427-0400] {processor.py:153} INFO - Started process (PID=590) to work on /home/augenz/PycharmProjects/airflow/.env_airflow/lib/python3.9/site-packages/airflow/example_dags/example_python_operator.py
[2022-08-29T12:35:51.430-0400] {processor.py:640} INFO - Processing file /home/augenz/PycharmProjects/airflow/.env_airflow/lib/python3.9/site-packages/airflow/example_dags/example_python_operator.py for tasks to queue
[2022-08-29T12:35:51.431-0400] {logging_mixin.py:115} INFO - [2022-08-29T12:35:51.430-0400] {dagbag.py:508} INFO - Filling up the DagBag from /home/augenz/PycharmProjects/airflow/.env_airflow/lib/python3.9/site-packages/airflow/example_dags/example_python_operator.py
[2022-08-29T12:35:51.460-0400] {processor.py:650} INFO - DAG(s) dict_keys(['example_python_operator']) retrieved from /home/augenz/PycharmProjects/airflow/.env_airflow/lib/python3.9/site-packages/airflow/example_dags/example_python_operator.py
[2022-08-29T12:35:52.094-0400] {logging_mixin.py:115} INFO - [2022-08-29T12:35:52.093-0400] {dag.py:2429} INFO - Sync 1 DAGs
[2022-08-29T12:35:52.137-0400] {logging_mixin.py:115} INFO - [2022-08-29T12:35:52.136-0400] {dag.py:2977} INFO - Setting next_dagrun for example_python_operator to None, run_after=None
[2022-08-29T12:35:52.181-0400] {processor.py:161} INFO - Processing /home/augenz/PycharmProjects/airflow/.env_airflow/lib/python3.9/site-packages/airflow/example_dags/example_python_operator.py took 0.759 seconds
[2022-08-29T12:36:22.571-0400] {processor.py:153} INFO - Started process (PID=624) to work on /home/augenz/PycharmProjects/airflow/.env_airflow/lib/python3.9/site-packages/airflow/example_dags/example_python_operator.py
[2022-08-29T12:36:22.574-0400] {processor.py:640} INFO - Processing file /home/augenz/PycharmProjects/airflow/.env_airflow/lib/python3.9/site-packages/airflow/example_dags/example_python_operator.py for tasks to queue
[2022-08-29T12:36:22.575-0400] {logging_mixin.py:115} INFO - [2022-08-29T12:36:22.575-0400] {dagbag.py:508} INFO - Filling up the DagBag from /home/augenz/PycharmProjects/airflow/.env_airflow/lib/python3.9/site-packages/airflow/example_dags/example_python_operator.py
[2022-08-29T12:36:22.604-0400] {processor.py:650} INFO - DAG(s) dict_keys(['example_python_operator']) retrieved from /home/augenz/PycharmProjects/airflow/.env_airflow/lib/python3.9/site-packages/airflow/example_dags/example_python_operator.py
[2022-08-29T12:36:23.104-0400] {logging_mixin.py:115} INFO - [2022-08-29T12:36:23.103-0400] {dag.py:2429} INFO - Sync 1 DAGs
[2022-08-29T12:36:23.132-0400] {logging_mixin.py:115} INFO - [2022-08-29T12:36:23.131-0400] {dag.py:2977} INFO - Setting next_dagrun for example_python_operator to None, run_after=None
[2022-08-29T12:36:23.168-0400] {processor.py:161} INFO - Processing /home/augenz/PycharmProjects/airflow/.env_airflow/lib/python3.9/site-packages/airflow/example_dags/example_python_operator.py took 0.601 seconds
[2022-08-29T12:36:54.891-0400] {processor.py:153} INFO - Started process (PID=675) to work on /home/augenz/PycharmProjects/airflow/.env_airflow/lib/python3.9/site-packages/airflow/example_dags/example_python_operator.py
[2022-08-29T12:36:54.903-0400] {processor.py:640} INFO - Processing file /home/augenz/PycharmProjects/airflow/.env_airflow/lib/python3.9/site-packages/airflow/example_dags/example_python_operator.py for tasks to queue
[2022-08-29T12:36:54.905-0400] {logging_mixin.py:115} INFO - [2022-08-29T12:36:54.904-0400] {dagbag.py:508} INFO - Filling up the DagBag from /home/augenz/PycharmProjects/airflow/.env_airflow/lib/python3.9/site-packages/airflow/example_dags/example_python_operator.py
[2022-08-29T12:36:54.962-0400] {processor.py:650} INFO - DAG(s) dict_keys(['example_python_operator']) retrieved from /home/augenz/PycharmProjects/airflow/.env_airflow/lib/python3.9/site-packages/airflow/example_dags/example_python_operator.py
[2022-08-29T12:36:56.095-0400] {logging_mixin.py:115} INFO - [2022-08-29T12:36:56.095-0400] {dag.py:2429} INFO - Sync 1 DAGs
[2022-08-29T12:36:56.175-0400] {logging_mixin.py:115} INFO - [2022-08-29T12:36:56.175-0400] {dag.py:2977} INFO - Setting next_dagrun for example_python_operator to None, run_after=None
[2022-08-29T12:36:56.240-0400] {processor.py:161} INFO - Processing /home/augenz/PycharmProjects/airflow/.env_airflow/lib/python3.9/site-packages/airflow/example_dags/example_python_operator.py took 1.357 seconds
[2022-08-29T12:37:31.012-0400] {processor.py:153} INFO - Started process (PID=716) to work on /home/augenz/PycharmProjects/airflow/.env_airflow/lib/python3.9/site-packages/airflow/example_dags/example_python_operator.py
[2022-08-29T12:37:31.036-0400] {processor.py:640} INFO - Processing file /home/augenz/PycharmProjects/airflow/.env_airflow/lib/python3.9/site-packages/airflow/example_dags/example_python_operator.py for tasks to queue
[2022-08-29T12:37:31.038-0400] {logging_mixin.py:115} INFO - [2022-08-29T12:37:31.037-0400] {dagbag.py:508} INFO - Filling up the DagBag from /home/augenz/PycharmProjects/airflow/.env_airflow/lib/python3.9/site-packages/airflow/example_dags/example_python_operator.py
[2022-08-29T12:37:31.281-0400] {processor.py:650} INFO - DAG(s) dict_keys(['example_python_operator']) retrieved from /home/augenz/PycharmProjects/airflow/.env_airflow/lib/python3.9/site-packages/airflow/example_dags/example_python_operator.py
[2022-08-29T12:37:32.705-0400] {logging_mixin.py:115} INFO - [2022-08-29T12:37:32.704-0400] {dag.py:2429} INFO - Sync 1 DAGs
[2022-08-29T12:37:32.797-0400] {logging_mixin.py:115} INFO - [2022-08-29T12:37:32.796-0400] {dag.py:2977} INFO - Setting next_dagrun for example_python_operator to None, run_after=None
[2022-08-29T12:37:32.864-0400] {processor.py:161} INFO - Processing /home/augenz/PycharmProjects/airflow/.env_airflow/lib/python3.9/site-packages/airflow/example_dags/example_python_operator.py took 1.872 seconds
[2022-08-29T12:38:03.004-0400] {processor.py:153} INFO - Started process (PID=775) to work on /home/augenz/PycharmProjects/airflow/.env_airflow/lib/python3.9/site-packages/airflow/example_dags/example_python_operator.py
[2022-08-29T12:38:03.047-0400] {processor.py:640} INFO - Processing file /home/augenz/PycharmProjects/airflow/.env_airflow/lib/python3.9/site-packages/airflow/example_dags/example_python_operator.py for tasks to queue
[2022-08-29T12:38:03.048-0400] {logging_mixin.py:115} INFO - [2022-08-29T12:38:03.048-0400] {dagbag.py:508} INFO - Filling up the DagBag from /home/augenz/PycharmProjects/airflow/.env_airflow/lib/python3.9/site-packages/airflow/example_dags/example_python_operator.py
[2022-08-29T12:38:03.124-0400] {processor.py:650} INFO - DAG(s) dict_keys(['example_python_operator']) retrieved from /home/augenz/PycharmProjects/airflow/.env_airflow/lib/python3.9/site-packages/airflow/example_dags/example_python_operator.py
[2022-08-29T12:38:04.265-0400] {logging_mixin.py:115} INFO - [2022-08-29T12:38:04.264-0400] {dag.py:2429} INFO - Sync 1 DAGs
[2022-08-29T12:38:04.317-0400] {logging_mixin.py:115} INFO - [2022-08-29T12:38:04.317-0400] {dag.py:2977} INFO - Setting next_dagrun for example_python_operator to None, run_after=None
[2022-08-29T12:38:04.398-0400] {processor.py:161} INFO - Processing /home/augenz/PycharmProjects/airflow/.env_airflow/lib/python3.9/site-packages/airflow/example_dags/example_python_operator.py took 1.410 seconds
[2022-08-29T12:38:35.087-0400] {processor.py:153} INFO - Started process (PID=814) to work on /home/augenz/PycharmProjects/airflow/.env_airflow/lib/python3.9/site-packages/airflow/example_dags/example_python_operator.py
[2022-08-29T12:38:35.089-0400] {processor.py:640} INFO - Processing file /home/augenz/PycharmProjects/airflow/.env_airflow/lib/python3.9/site-packages/airflow/example_dags/example_python_operator.py for tasks to queue
[2022-08-29T12:38:35.090-0400] {logging_mixin.py:115} INFO - [2022-08-29T12:38:35.090-0400] {dagbag.py:508} INFO - Filling up the DagBag from /home/augenz/PycharmProjects/airflow/.env_airflow/lib/python3.9/site-packages/airflow/example_dags/example_python_operator.py
[2022-08-29T12:38:35.126-0400] {processor.py:650} INFO - DAG(s) dict_keys(['example_python_operator']) retrieved from /home/augenz/PycharmProjects/airflow/.env_airflow/lib/python3.9/site-packages/airflow/example_dags/example_python_operator.py
[2022-08-29T12:38:35.752-0400] {logging_mixin.py:115} INFO - [2022-08-29T12:38:35.751-0400] {dag.py:2429} INFO - Sync 1 DAGs
[2022-08-29T12:38:35.815-0400] {logging_mixin.py:115} INFO - [2022-08-29T12:38:35.815-0400] {dag.py:2977} INFO - Setting next_dagrun for example_python_operator to None, run_after=None
[2022-08-29T12:38:35.893-0400] {processor.py:161} INFO - Processing /home/augenz/PycharmProjects/airflow/.env_airflow/lib/python3.9/site-packages/airflow/example_dags/example_python_operator.py took 0.812 seconds
[2022-08-29T12:39:06.680-0400] {processor.py:153} INFO - Started process (PID=849) to work on /home/augenz/PycharmProjects/airflow/.env_airflow/lib/python3.9/site-packages/airflow/example_dags/example_python_operator.py
[2022-08-29T12:39:06.681-0400] {processor.py:640} INFO - Processing file /home/augenz/PycharmProjects/airflow/.env_airflow/lib/python3.9/site-packages/airflow/example_dags/example_python_operator.py for tasks to queue
[2022-08-29T12:39:06.682-0400] {logging_mixin.py:115} INFO - [2022-08-29T12:39:06.682-0400] {dagbag.py:508} INFO - Filling up the DagBag from /home/augenz/PycharmProjects/airflow/.env_airflow/lib/python3.9/site-packages/airflow/example_dags/example_python_operator.py
[2022-08-29T12:39:06.708-0400] {processor.py:650} INFO - DAG(s) dict_keys(['example_python_operator']) retrieved from /home/augenz/PycharmProjects/airflow/.env_airflow/lib/python3.9/site-packages/airflow/example_dags/example_python_operator.py
[2022-08-29T12:39:07.179-0400] {logging_mixin.py:115} INFO - [2022-08-29T12:39:07.178-0400] {dag.py:2429} INFO - Sync 1 DAGs
[2022-08-29T12:39:07.207-0400] {logging_mixin.py:115} INFO - [2022-08-29T12:39:07.207-0400] {dag.py:2977} INFO - Setting next_dagrun for example_python_operator to None, run_after=None
[2022-08-29T12:39:07.256-0400] {processor.py:161} INFO - Processing /home/augenz/PycharmProjects/airflow/.env_airflow/lib/python3.9/site-packages/airflow/example_dags/example_python_operator.py took 0.580 seconds
[2022-08-29T12:39:37.628-0400] {processor.py:153} INFO - Started process (PID=883) to work on /home/augenz/PycharmProjects/airflow/.env_airflow/lib/python3.9/site-packages/airflow/example_dags/example_python_operator.py
[2022-08-29T12:39:37.629-0400] {processor.py:640} INFO - Processing file /home/augenz/PycharmProjects/airflow/.env_airflow/lib/python3.9/site-packages/airflow/example_dags/example_python_operator.py for tasks to queue
[2022-08-29T12:39:37.630-0400] {logging_mixin.py:115} INFO - [2022-08-29T12:39:37.630-0400] {dagbag.py:508} INFO - Filling up the DagBag from /home/augenz/PycharmProjects/airflow/.env_airflow/lib/python3.9/site-packages/airflow/example_dags/example_python_operator.py
[2022-08-29T12:39:37.657-0400] {processor.py:650} INFO - DAG(s) dict_keys(['example_python_operator']) retrieved from /home/augenz/PycharmProjects/airflow/.env_airflow/lib/python3.9/site-packages/airflow/example_dags/example_python_operator.py
[2022-08-29T12:39:38.119-0400] {logging_mixin.py:115} INFO - [2022-08-29T12:39:38.119-0400] {dag.py:2429} INFO - Sync 1 DAGs
[2022-08-29T12:39:38.145-0400] {logging_mixin.py:115} INFO - [2022-08-29T12:39:38.145-0400] {dag.py:2977} INFO - Setting next_dagrun for example_python_operator to None, run_after=None
[2022-08-29T12:39:38.206-0400] {processor.py:161} INFO - Processing /home/augenz/PycharmProjects/airflow/.env_airflow/lib/python3.9/site-packages/airflow/example_dags/example_python_operator.py took 0.584 seconds
[2022-08-29T12:40:08.655-0400] {processor.py:153} INFO - Started process (PID=922) to work on /home/augenz/PycharmProjects/airflow/.env_airflow/lib/python3.9/site-packages/airflow/example_dags/example_python_operator.py
[2022-08-29T12:40:08.656-0400] {processor.py:640} INFO - Processing file /home/augenz/PycharmProjects/airflow/.env_airflow/lib/python3.9/site-packages/airflow/example_dags/example_python_operator.py for tasks to queue
[2022-08-29T12:40:08.658-0400] {logging_mixin.py:115} INFO - [2022-08-29T12:40:08.657-0400] {dagbag.py:508} INFO - Filling up the DagBag from /home/augenz/PycharmProjects/airflow/.env_airflow/lib/python3.9/site-packages/airflow/example_dags/example_python_operator.py
[2022-08-29T12:40:08.685-0400] {processor.py:650} INFO - DAG(s) dict_keys(['example_python_operator']) retrieved from /home/augenz/PycharmProjects/airflow/.env_airflow/lib/python3.9/site-packages/airflow/example_dags/example_python_operator.py
[2022-08-29T12:40:09.290-0400] {logging_mixin.py:115} INFO - [2022-08-29T12:40:09.290-0400] {dag.py:2429} INFO - Sync 1 DAGs
[2022-08-29T12:40:09.317-0400] {logging_mixin.py:115} INFO - [2022-08-29T12:40:09.317-0400] {dag.py:2977} INFO - Setting next_dagrun for example_python_operator to None, run_after=None
[2022-08-29T12:40:09.381-0400] {processor.py:161} INFO - Processing /home/augenz/PycharmProjects/airflow/.env_airflow/lib/python3.9/site-packages/airflow/example_dags/example_python_operator.py took 0.731 seconds
[2022-08-29T12:40:39.838-0400] {processor.py:153} INFO - Started process (PID=957) to work on /home/augenz/PycharmProjects/airflow/.env_airflow/lib/python3.9/site-packages/airflow/example_dags/example_python_operator.py
[2022-08-29T12:40:39.839-0400] {processor.py:640} INFO - Processing file /home/augenz/PycharmProjects/airflow/.env_airflow/lib/python3.9/site-packages/airflow/example_dags/example_python_operator.py for tasks to queue
[2022-08-29T12:40:39.840-0400] {logging_mixin.py:115} INFO - [2022-08-29T12:40:39.840-0400] {dagbag.py:508} INFO - Filling up the DagBag from /home/augenz/PycharmProjects/airflow/.env_airflow/lib/python3.9/site-packages/airflow/example_dags/example_python_operator.py
[2022-08-29T12:40:39.869-0400] {processor.py:650} INFO - DAG(s) dict_keys(['example_python_operator']) retrieved from /home/augenz/PycharmProjects/airflow/.env_airflow/lib/python3.9/site-packages/airflow/example_dags/example_python_operator.py
[2022-08-29T12:40:40.318-0400] {logging_mixin.py:115} INFO - [2022-08-29T12:40:40.318-0400] {dag.py:2429} INFO - Sync 1 DAGs
[2022-08-29T12:40:40.346-0400] {logging_mixin.py:115} INFO - [2022-08-29T12:40:40.346-0400] {dag.py:2977} INFO - Setting next_dagrun for example_python_operator to None, run_after=None
[2022-08-29T12:40:40.428-0400] {processor.py:161} INFO - Processing /home/augenz/PycharmProjects/airflow/.env_airflow/lib/python3.9/site-packages/airflow/example_dags/example_python_operator.py took 0.595 seconds
[2022-08-29T12:41:10.547-0400] {processor.py:153} INFO - Started process (PID=991) to work on /home/augenz/PycharmProjects/airflow/.env_airflow/lib/python3.9/site-packages/airflow/example_dags/example_python_operator.py
[2022-08-29T12:41:10.548-0400] {processor.py:640} INFO - Processing file /home/augenz/PycharmProjects/airflow/.env_airflow/lib/python3.9/site-packages/airflow/example_dags/example_python_operator.py for tasks to queue
[2022-08-29T12:41:10.549-0400] {logging_mixin.py:115} INFO - [2022-08-29T12:41:10.549-0400] {dagbag.py:508} INFO - Filling up the DagBag from /home/augenz/PycharmProjects/airflow/.env_airflow/lib/python3.9/site-packages/airflow/example_dags/example_python_operator.py
[2022-08-29T12:41:10.574-0400] {processor.py:650} INFO - DAG(s) dict_keys(['example_python_operator']) retrieved from /home/augenz/PycharmProjects/airflow/.env_airflow/lib/python3.9/site-packages/airflow/example_dags/example_python_operator.py
[2022-08-29T12:41:11.025-0400] {logging_mixin.py:115} INFO - [2022-08-29T12:41:11.024-0400] {dag.py:2429} INFO - Sync 1 DAGs
[2022-08-29T12:41:11.053-0400] {logging_mixin.py:115} INFO - [2022-08-29T12:41:11.053-0400] {dag.py:2977} INFO - Setting next_dagrun for example_python_operator to None, run_after=None
[2022-08-29T12:41:11.107-0400] {processor.py:161} INFO - Processing /home/augenz/PycharmProjects/airflow/.env_airflow/lib/python3.9/site-packages/airflow/example_dags/example_python_operator.py took 0.565 seconds
[2022-08-29T12:41:41.983-0400] {processor.py:153} INFO - Started process (PID=1035) to work on /home/augenz/PycharmProjects/airflow/.env_airflow/lib/python3.9/site-packages/airflow/example_dags/example_python_operator.py
[2022-08-29T12:41:41.984-0400] {processor.py:640} INFO - Processing file /home/augenz/PycharmProjects/airflow/.env_airflow/lib/python3.9/site-packages/airflow/example_dags/example_python_operator.py for tasks to queue
[2022-08-29T12:41:41.985-0400] {logging_mixin.py:115} INFO - [2022-08-29T12:41:41.985-0400] {dagbag.py:508} INFO - Filling up the DagBag from /home/augenz/PycharmProjects/airflow/.env_airflow/lib/python3.9/site-packages/airflow/example_dags/example_python_operator.py
[2022-08-29T12:41:42.012-0400] {processor.py:650} INFO - DAG(s) dict_keys(['example_python_operator']) retrieved from /home/augenz/PycharmProjects/airflow/.env_airflow/lib/python3.9/site-packages/airflow/example_dags/example_python_operator.py
[2022-08-29T12:41:42.467-0400] {logging_mixin.py:115} INFO - [2022-08-29T12:41:42.466-0400] {dag.py:2429} INFO - Sync 1 DAGs
[2022-08-29T12:41:42.494-0400] {logging_mixin.py:115} INFO - [2022-08-29T12:41:42.494-0400] {dag.py:2977} INFO - Setting next_dagrun for example_python_operator to None, run_after=None
[2022-08-29T12:41:42.538-0400] {processor.py:161} INFO - Processing /home/augenz/PycharmProjects/airflow/.env_airflow/lib/python3.9/site-packages/airflow/example_dags/example_python_operator.py took 0.561 seconds
[2022-08-29T12:42:13.412-0400] {processor.py:153} INFO - Started process (PID=1069) to work on /home/augenz/PycharmProjects/airflow/.env_airflow/lib/python3.9/site-packages/airflow/example_dags/example_python_operator.py
[2022-08-29T12:42:13.416-0400] {processor.py:640} INFO - Processing file /home/augenz/PycharmProjects/airflow/.env_airflow/lib/python3.9/site-packages/airflow/example_dags/example_python_operator.py for tasks to queue
[2022-08-29T12:42:13.416-0400] {logging_mixin.py:115} INFO - [2022-08-29T12:42:13.416-0400] {dagbag.py:508} INFO - Filling up the DagBag from /home/augenz/PycharmProjects/airflow/.env_airflow/lib/python3.9/site-packages/airflow/example_dags/example_python_operator.py
[2022-08-29T12:42:13.440-0400] {processor.py:650} INFO - DAG(s) dict_keys(['example_python_operator']) retrieved from /home/augenz/PycharmProjects/airflow/.env_airflow/lib/python3.9/site-packages/airflow/example_dags/example_python_operator.py
[2022-08-29T12:42:13.889-0400] {logging_mixin.py:115} INFO - [2022-08-29T12:42:13.889-0400] {dag.py:2429} INFO - Sync 1 DAGs
[2022-08-29T12:42:13.915-0400] {logging_mixin.py:115} INFO - [2022-08-29T12:42:13.915-0400] {dag.py:2977} INFO - Setting next_dagrun for example_python_operator to None, run_after=None
[2022-08-29T12:42:13.985-0400] {processor.py:161} INFO - Processing /home/augenz/PycharmProjects/airflow/.env_airflow/lib/python3.9/site-packages/airflow/example_dags/example_python_operator.py took 0.579 seconds
[2022-08-29T12:42:44.188-0400] {processor.py:153} INFO - Started process (PID=1103) to work on /home/augenz/PycharmProjects/airflow/.env_airflow/lib/python3.9/site-packages/airflow/example_dags/example_python_operator.py
[2022-08-29T12:42:44.192-0400] {processor.py:640} INFO - Processing file /home/augenz/PycharmProjects/airflow/.env_airflow/lib/python3.9/site-packages/airflow/example_dags/example_python_operator.py for tasks to queue
[2022-08-29T12:42:44.193-0400] {logging_mixin.py:115} INFO - [2022-08-29T12:42:44.192-0400] {dagbag.py:508} INFO - Filling up the DagBag from /home/augenz/PycharmProjects/airflow/.env_airflow/lib/python3.9/site-packages/airflow/example_dags/example_python_operator.py
[2022-08-29T12:42:44.221-0400] {processor.py:650} INFO - DAG(s) dict_keys(['example_python_operator']) retrieved from /home/augenz/PycharmProjects/airflow/.env_airflow/lib/python3.9/site-packages/airflow/example_dags/example_python_operator.py
[2022-08-29T12:42:44.848-0400] {logging_mixin.py:115} INFO - [2022-08-29T12:42:44.847-0400] {dag.py:2429} INFO - Sync 1 DAGs
[2022-08-29T12:42:44.873-0400] {logging_mixin.py:115} INFO - [2022-08-29T12:42:44.873-0400] {dag.py:2977} INFO - Setting next_dagrun for example_python_operator to None, run_after=None
[2022-08-29T12:42:44.956-0400] {processor.py:161} INFO - Processing /home/augenz/PycharmProjects/airflow/.env_airflow/lib/python3.9/site-packages/airflow/example_dags/example_python_operator.py took 0.775 seconds
[2022-08-29T12:43:15.018-0400] {processor.py:153} INFO - Started process (PID=1138) to work on /home/augenz/PycharmProjects/airflow/.env_airflow/lib/python3.9/site-packages/airflow/example_dags/example_python_operator.py
[2022-08-29T12:43:15.019-0400] {processor.py:640} INFO - Processing file /home/augenz/PycharmProjects/airflow/.env_airflow/lib/python3.9/site-packages/airflow/example_dags/example_python_operator.py for tasks to queue
[2022-08-29T12:43:15.020-0400] {logging_mixin.py:115} INFO - [2022-08-29T12:43:15.020-0400] {dagbag.py:508} INFO - Filling up the DagBag from /home/augenz/PycharmProjects/airflow/.env_airflow/lib/python3.9/site-packages/airflow/example_dags/example_python_operator.py
[2022-08-29T12:43:15.049-0400] {processor.py:650} INFO - DAG(s) dict_keys(['example_python_operator']) retrieved from /home/augenz/PycharmProjects/airflow/.env_airflow/lib/python3.9/site-packages/airflow/example_dags/example_python_operator.py
[2022-08-29T12:43:15.498-0400] {logging_mixin.py:115} INFO - [2022-08-29T12:43:15.498-0400] {dag.py:2429} INFO - Sync 1 DAGs
[2022-08-29T12:43:15.525-0400] {logging_mixin.py:115} INFO - [2022-08-29T12:43:15.524-0400] {dag.py:2977} INFO - Setting next_dagrun for example_python_operator to None, run_after=None
[2022-08-29T12:43:15.601-0400] {processor.py:161} INFO - Processing /home/augenz/PycharmProjects/airflow/.env_airflow/lib/python3.9/site-packages/airflow/example_dags/example_python_operator.py took 0.589 seconds
[2022-08-29T12:43:46.123-0400] {processor.py:153} INFO - Started process (PID=1172) to work on /home/augenz/PycharmProjects/airflow/.env_airflow/lib/python3.9/site-packages/airflow/example_dags/example_python_operator.py
[2022-08-29T12:43:46.125-0400] {processor.py:640} INFO - Processing file /home/augenz/PycharmProjects/airflow/.env_airflow/lib/python3.9/site-packages/airflow/example_dags/example_python_operator.py for tasks to queue
[2022-08-29T12:43:46.126-0400] {logging_mixin.py:115} INFO - [2022-08-29T12:43:46.126-0400] {dagbag.py:508} INFO - Filling up the DagBag from /home/augenz/PycharmProjects/airflow/.env_airflow/lib/python3.9/site-packages/airflow/example_dags/example_python_operator.py
[2022-08-29T12:43:46.163-0400] {processor.py:650} INFO - DAG(s) dict_keys(['example_python_operator']) retrieved from /home/augenz/PycharmProjects/airflow/.env_airflow/lib/python3.9/site-packages/airflow/example_dags/example_python_operator.py
[2022-08-29T12:43:46.712-0400] {logging_mixin.py:115} INFO - [2022-08-29T12:43:46.711-0400] {dag.py:2429} INFO - Sync 1 DAGs
[2022-08-29T12:43:46.740-0400] {logging_mixin.py:115} INFO - [2022-08-29T12:43:46.739-0400] {dag.py:2977} INFO - Setting next_dagrun for example_python_operator to None, run_after=None
[2022-08-29T12:43:46.814-0400] {processor.py:161} INFO - Processing /home/augenz/PycharmProjects/airflow/.env_airflow/lib/python3.9/site-packages/airflow/example_dags/example_python_operator.py took 0.696 seconds
[2022-08-29T12:44:17.021-0400] {processor.py:153} INFO - Started process (PID=1206) to work on /home/augenz/PycharmProjects/airflow/.env_airflow/lib/python3.9/site-packages/airflow/example_dags/example_python_operator.py
[2022-08-29T12:44:17.023-0400] {processor.py:640} INFO - Processing file /home/augenz/PycharmProjects/airflow/.env_airflow/lib/python3.9/site-packages/airflow/example_dags/example_python_operator.py for tasks to queue
[2022-08-29T12:44:17.023-0400] {logging_mixin.py:115} INFO - [2022-08-29T12:44:17.023-0400] {dagbag.py:508} INFO - Filling up the DagBag from /home/augenz/PycharmProjects/airflow/.env_airflow/lib/python3.9/site-packages/airflow/example_dags/example_python_operator.py
[2022-08-29T12:44:17.051-0400] {processor.py:650} INFO - DAG(s) dict_keys(['example_python_operator']) retrieved from /home/augenz/PycharmProjects/airflow/.env_airflow/lib/python3.9/site-packages/airflow/example_dags/example_python_operator.py
[2022-08-29T12:44:17.606-0400] {logging_mixin.py:115} INFO - [2022-08-29T12:44:17.605-0400] {dag.py:2429} INFO - Sync 1 DAGs
[2022-08-29T12:44:17.646-0400] {logging_mixin.py:115} INFO - [2022-08-29T12:44:17.646-0400] {dag.py:2977} INFO - Setting next_dagrun for example_python_operator to None, run_after=None
[2022-08-29T12:44:17.684-0400] {processor.py:161} INFO - Processing /home/augenz/PycharmProjects/airflow/.env_airflow/lib/python3.9/site-packages/airflow/example_dags/example_python_operator.py took 0.669 seconds
[2022-08-29T12:44:47.920-0400] {processor.py:153} INFO - Started process (PID=1254) to work on /home/augenz/PycharmProjects/airflow/.env_airflow/lib/python3.9/site-packages/airflow/example_dags/example_python_operator.py
[2022-08-29T12:44:47.921-0400] {processor.py:640} INFO - Processing file /home/augenz/PycharmProjects/airflow/.env_airflow/lib/python3.9/site-packages/airflow/example_dags/example_python_operator.py for tasks to queue
[2022-08-29T12:44:47.923-0400] {logging_mixin.py:115} INFO - [2022-08-29T12:44:47.922-0400] {dagbag.py:508} INFO - Filling up the DagBag from /home/augenz/PycharmProjects/airflow/.env_airflow/lib/python3.9/site-packages/airflow/example_dags/example_python_operator.py
[2022-08-29T12:44:47.963-0400] {processor.py:650} INFO - DAG(s) dict_keys(['example_python_operator']) retrieved from /home/augenz/PycharmProjects/airflow/.env_airflow/lib/python3.9/site-packages/airflow/example_dags/example_python_operator.py
[2022-08-29T12:44:48.454-0400] {logging_mixin.py:115} INFO - [2022-08-29T12:44:48.454-0400] {dag.py:2429} INFO - Sync 1 DAGs
[2022-08-29T12:44:48.482-0400] {logging_mixin.py:115} INFO - [2022-08-29T12:44:48.482-0400] {dag.py:2977} INFO - Setting next_dagrun for example_python_operator to None, run_after=None
[2022-08-29T12:44:48.523-0400] {processor.py:161} INFO - Processing /home/augenz/PycharmProjects/airflow/.env_airflow/lib/python3.9/site-packages/airflow/example_dags/example_python_operator.py took 0.608 seconds
[2022-08-29T12:45:18.648-0400] {processor.py:153} INFO - Started process (PID=1288) to work on /home/augenz/PycharmProjects/airflow/.env_airflow/lib/python3.9/site-packages/airflow/example_dags/example_python_operator.py
[2022-08-29T12:45:18.650-0400] {processor.py:640} INFO - Processing file /home/augenz/PycharmProjects/airflow/.env_airflow/lib/python3.9/site-packages/airflow/example_dags/example_python_operator.py for tasks to queue
[2022-08-29T12:45:18.651-0400] {logging_mixin.py:115} INFO - [2022-08-29T12:45:18.650-0400] {dagbag.py:508} INFO - Filling up the DagBag from /home/augenz/PycharmProjects/airflow/.env_airflow/lib/python3.9/site-packages/airflow/example_dags/example_python_operator.py
[2022-08-29T12:45:18.678-0400] {processor.py:650} INFO - DAG(s) dict_keys(['example_python_operator']) retrieved from /home/augenz/PycharmProjects/airflow/.env_airflow/lib/python3.9/site-packages/airflow/example_dags/example_python_operator.py
[2022-08-29T12:45:19.137-0400] {logging_mixin.py:115} INFO - [2022-08-29T12:45:19.137-0400] {dag.py:2429} INFO - Sync 1 DAGs
[2022-08-29T12:45:19.164-0400] {logging_mixin.py:115} INFO - [2022-08-29T12:45:19.164-0400] {dag.py:2977} INFO - Setting next_dagrun for example_python_operator to None, run_after=None
[2022-08-29T12:45:19.203-0400] {processor.py:161} INFO - Processing /home/augenz/PycharmProjects/airflow/.env_airflow/lib/python3.9/site-packages/airflow/example_dags/example_python_operator.py took 0.560 seconds
[2022-08-29T12:45:49.716-0400] {processor.py:153} INFO - Started process (PID=1323) to work on /home/augenz/PycharmProjects/airflow/.env_airflow/lib/python3.9/site-packages/airflow/example_dags/example_python_operator.py
[2022-08-29T12:45:49.717-0400] {processor.py:640} INFO - Processing file /home/augenz/PycharmProjects/airflow/.env_airflow/lib/python3.9/site-packages/airflow/example_dags/example_python_operator.py for tasks to queue
[2022-08-29T12:45:49.718-0400] {logging_mixin.py:115} INFO - [2022-08-29T12:45:49.718-0400] {dagbag.py:508} INFO - Filling up the DagBag from /home/augenz/PycharmProjects/airflow/.env_airflow/lib/python3.9/site-packages/airflow/example_dags/example_python_operator.py
[2022-08-29T12:45:49.745-0400] {processor.py:650} INFO - DAG(s) dict_keys(['example_python_operator']) retrieved from /home/augenz/PycharmProjects/airflow/.env_airflow/lib/python3.9/site-packages/airflow/example_dags/example_python_operator.py
[2022-08-29T12:45:50.206-0400] {logging_mixin.py:115} INFO - [2022-08-29T12:45:50.206-0400] {dag.py:2429} INFO - Sync 1 DAGs
[2022-08-29T12:45:50.236-0400] {logging_mixin.py:115} INFO - [2022-08-29T12:45:50.236-0400] {dag.py:2977} INFO - Setting next_dagrun for example_python_operator to None, run_after=None
[2022-08-29T12:45:50.292-0400] {processor.py:161} INFO - Processing /home/augenz/PycharmProjects/airflow/.env_airflow/lib/python3.9/site-packages/airflow/example_dags/example_python_operator.py took 0.581 seconds
[2022-08-29T12:46:20.746-0400] {processor.py:153} INFO - Started process (PID=1357) to work on /home/augenz/PycharmProjects/airflow/.env_airflow/lib/python3.9/site-packages/airflow/example_dags/example_python_operator.py
[2022-08-29T12:46:20.748-0400] {processor.py:640} INFO - Processing file /home/augenz/PycharmProjects/airflow/.env_airflow/lib/python3.9/site-packages/airflow/example_dags/example_python_operator.py for tasks to queue
[2022-08-29T12:46:20.750-0400] {logging_mixin.py:115} INFO - [2022-08-29T12:46:20.749-0400] {dagbag.py:508} INFO - Filling up the DagBag from /home/augenz/PycharmProjects/airflow/.env_airflow/lib/python3.9/site-packages/airflow/example_dags/example_python_operator.py
[2022-08-29T12:46:20.778-0400] {processor.py:650} INFO - DAG(s) dict_keys(['example_python_operator']) retrieved from /home/augenz/PycharmProjects/airflow/.env_airflow/lib/python3.9/site-packages/airflow/example_dags/example_python_operator.py
[2022-08-29T12:46:21.375-0400] {logging_mixin.py:115} INFO - [2022-08-29T12:46:21.374-0400] {dag.py:2429} INFO - Sync 1 DAGs
[2022-08-29T12:46:21.401-0400] {logging_mixin.py:115} INFO - [2022-08-29T12:46:21.400-0400] {dag.py:2977} INFO - Setting next_dagrun for example_python_operator to None, run_after=None
[2022-08-29T12:46:21.461-0400] {processor.py:161} INFO - Processing /home/augenz/PycharmProjects/airflow/.env_airflow/lib/python3.9/site-packages/airflow/example_dags/example_python_operator.py took 0.719 seconds
[2022-08-29T12:46:51.773-0400] {processor.py:153} INFO - Started process (PID=1392) to work on /home/augenz/PycharmProjects/airflow/.env_airflow/lib/python3.9/site-packages/airflow/example_dags/example_python_operator.py
[2022-08-29T12:46:51.774-0400] {processor.py:640} INFO - Processing file /home/augenz/PycharmProjects/airflow/.env_airflow/lib/python3.9/site-packages/airflow/example_dags/example_python_operator.py for tasks to queue
[2022-08-29T12:46:51.775-0400] {logging_mixin.py:115} INFO - [2022-08-29T12:46:51.775-0400] {dagbag.py:508} INFO - Filling up the DagBag from /home/augenz/PycharmProjects/airflow/.env_airflow/lib/python3.9/site-packages/airflow/example_dags/example_python_operator.py
[2022-08-29T12:46:51.802-0400] {processor.py:650} INFO - DAG(s) dict_keys(['example_python_operator']) retrieved from /home/augenz/PycharmProjects/airflow/.env_airflow/lib/python3.9/site-packages/airflow/example_dags/example_python_operator.py
[2022-08-29T12:46:52.274-0400] {logging_mixin.py:115} INFO - [2022-08-29T12:46:52.274-0400] {dag.py:2429} INFO - Sync 1 DAGs
[2022-08-29T12:46:52.301-0400] {logging_mixin.py:115} INFO - [2022-08-29T12:46:52.301-0400] {dag.py:2977} INFO - Setting next_dagrun for example_python_operator to None, run_after=None
[2022-08-29T12:46:52.334-0400] {processor.py:161} INFO - Processing /home/augenz/PycharmProjects/airflow/.env_airflow/lib/python3.9/site-packages/airflow/example_dags/example_python_operator.py took 0.568 seconds
[2022-08-29T12:47:22.710-0400] {processor.py:153} INFO - Started process (PID=1427) to work on /home/augenz/PycharmProjects/airflow/.env_airflow/lib/python3.9/site-packages/airflow/example_dags/example_python_operator.py
[2022-08-29T12:47:22.711-0400] {processor.py:640} INFO - Processing file /home/augenz/PycharmProjects/airflow/.env_airflow/lib/python3.9/site-packages/airflow/example_dags/example_python_operator.py for tasks to queue
[2022-08-29T12:47:22.712-0400] {logging_mixin.py:115} INFO - [2022-08-29T12:47:22.712-0400] {dagbag.py:508} INFO - Filling up the DagBag from /home/augenz/PycharmProjects/airflow/.env_airflow/lib/python3.9/site-packages/airflow/example_dags/example_python_operator.py
[2022-08-29T12:47:22.742-0400] {processor.py:650} INFO - DAG(s) dict_keys(['example_python_operator']) retrieved from /home/augenz/PycharmProjects/airflow/.env_airflow/lib/python3.9/site-packages/airflow/example_dags/example_python_operator.py
[2022-08-29T12:47:23.521-0400] {logging_mixin.py:115} INFO - [2022-08-29T12:47:23.520-0400] {dag.py:2429} INFO - Sync 1 DAGs
[2022-08-29T12:47:23.585-0400] {logging_mixin.py:115} INFO - [2022-08-29T12:47:23.584-0400] {dag.py:2977} INFO - Setting next_dagrun for example_python_operator to None, run_after=None
[2022-08-29T12:47:23.640-0400] {processor.py:161} INFO - Processing /home/augenz/PycharmProjects/airflow/.env_airflow/lib/python3.9/site-packages/airflow/example_dags/example_python_operator.py took 0.937 seconds
[2022-08-29T12:47:53.848-0400] {processor.py:153} INFO - Started process (PID=1468) to work on /home/augenz/PycharmProjects/airflow/.env_airflow/lib/python3.9/site-packages/airflow/example_dags/example_python_operator.py
[2022-08-29T12:47:53.858-0400] {processor.py:640} INFO - Processing file /home/augenz/PycharmProjects/airflow/.env_airflow/lib/python3.9/site-packages/airflow/example_dags/example_python_operator.py for tasks to queue
[2022-08-29T12:47:53.860-0400] {logging_mixin.py:115} INFO - [2022-08-29T12:47:53.859-0400] {dagbag.py:508} INFO - Filling up the DagBag from /home/augenz/PycharmProjects/airflow/.env_airflow/lib/python3.9/site-packages/airflow/example_dags/example_python_operator.py
[2022-08-29T12:47:53.886-0400] {processor.py:650} INFO - DAG(s) dict_keys(['example_python_operator']) retrieved from /home/augenz/PycharmProjects/airflow/.env_airflow/lib/python3.9/site-packages/airflow/example_dags/example_python_operator.py
[2022-08-29T12:47:54.483-0400] {logging_mixin.py:115} INFO - [2022-08-29T12:47:54.482-0400] {dag.py:2429} INFO - Sync 1 DAGs
[2022-08-29T12:47:54.509-0400] {logging_mixin.py:115} INFO - [2022-08-29T12:47:54.509-0400] {dag.py:2977} INFO - Setting next_dagrun for example_python_operator to None, run_after=None
[2022-08-29T12:47:54.561-0400] {processor.py:161} INFO - Processing /home/augenz/PycharmProjects/airflow/.env_airflow/lib/python3.9/site-packages/airflow/example_dags/example_python_operator.py took 0.718 seconds
[2022-08-29T12:48:25.509-0400] {processor.py:153} INFO - Started process (PID=1502) to work on /home/augenz/PycharmProjects/airflow/.env_airflow/lib/python3.9/site-packages/airflow/example_dags/example_python_operator.py
[2022-08-29T12:48:25.510-0400] {processor.py:640} INFO - Processing file /home/augenz/PycharmProjects/airflow/.env_airflow/lib/python3.9/site-packages/airflow/example_dags/example_python_operator.py for tasks to queue
[2022-08-29T12:48:25.511-0400] {logging_mixin.py:115} INFO - [2022-08-29T12:48:25.511-0400] {dagbag.py:508} INFO - Filling up the DagBag from /home/augenz/PycharmProjects/airflow/.env_airflow/lib/python3.9/site-packages/airflow/example_dags/example_python_operator.py
[2022-08-29T12:48:25.536-0400] {processor.py:650} INFO - DAG(s) dict_keys(['example_python_operator']) retrieved from /home/augenz/PycharmProjects/airflow/.env_airflow/lib/python3.9/site-packages/airflow/example_dags/example_python_operator.py
[2022-08-29T12:48:25.983-0400] {logging_mixin.py:115} INFO - [2022-08-29T12:48:25.982-0400] {dag.py:2429} INFO - Sync 1 DAGs
[2022-08-29T12:48:26.009-0400] {logging_mixin.py:115} INFO - [2022-08-29T12:48:26.009-0400] {dag.py:2977} INFO - Setting next_dagrun for example_python_operator to None, run_after=None
[2022-08-29T12:48:26.067-0400] {processor.py:161} INFO - Processing /home/augenz/PycharmProjects/airflow/.env_airflow/lib/python3.9/site-packages/airflow/example_dags/example_python_operator.py took 0.563 seconds
[2022-08-29T12:48:56.741-0400] {processor.py:153} INFO - Started process (PID=1537) to work on /home/augenz/PycharmProjects/airflow/.env_airflow/lib/python3.9/site-packages/airflow/example_dags/example_python_operator.py
[2022-08-29T12:48:56.750-0400] {processor.py:640} INFO - Processing file /home/augenz/PycharmProjects/airflow/.env_airflow/lib/python3.9/site-packages/airflow/example_dags/example_python_operator.py for tasks to queue
[2022-08-29T12:48:56.751-0400] {logging_mixin.py:115} INFO - [2022-08-29T12:48:56.751-0400] {dagbag.py:508} INFO - Filling up the DagBag from /home/augenz/PycharmProjects/airflow/.env_airflow/lib/python3.9/site-packages/airflow/example_dags/example_python_operator.py
[2022-08-29T12:48:56.780-0400] {processor.py:650} INFO - DAG(s) dict_keys(['example_python_operator']) retrieved from /home/augenz/PycharmProjects/airflow/.env_airflow/lib/python3.9/site-packages/airflow/example_dags/example_python_operator.py
[2022-08-29T12:48:57.395-0400] {logging_mixin.py:115} INFO - [2022-08-29T12:48:57.395-0400] {dag.py:2429} INFO - Sync 1 DAGs
[2022-08-29T12:48:57.422-0400] {logging_mixin.py:115} INFO - [2022-08-29T12:48:57.421-0400] {dag.py:2977} INFO - Setting next_dagrun for example_python_operator to None, run_after=None
[2022-08-29T12:48:57.487-0400] {processor.py:161} INFO - Processing /home/augenz/PycharmProjects/airflow/.env_airflow/lib/python3.9/site-packages/airflow/example_dags/example_python_operator.py took 0.750 seconds
[2022-08-29T12:49:27.861-0400] {processor.py:153} INFO - Started process (PID=1580) to work on /home/augenz/PycharmProjects/airflow/.env_airflow/lib/python3.9/site-packages/airflow/example_dags/example_python_operator.py
[2022-08-29T12:49:27.863-0400] {processor.py:640} INFO - Processing file /home/augenz/PycharmProjects/airflow/.env_airflow/lib/python3.9/site-packages/airflow/example_dags/example_python_operator.py for tasks to queue
[2022-08-29T12:49:27.863-0400] {logging_mixin.py:115} INFO - [2022-08-29T12:49:27.863-0400] {dagbag.py:508} INFO - Filling up the DagBag from /home/augenz/PycharmProjects/airflow/.env_airflow/lib/python3.9/site-packages/airflow/example_dags/example_python_operator.py
[2022-08-29T12:49:27.889-0400] {processor.py:650} INFO - DAG(s) dict_keys(['example_python_operator']) retrieved from /home/augenz/PycharmProjects/airflow/.env_airflow/lib/python3.9/site-packages/airflow/example_dags/example_python_operator.py
[2022-08-29T12:49:28.406-0400] {logging_mixin.py:115} INFO - [2022-08-29T12:49:28.406-0400] {dag.py:2429} INFO - Sync 1 DAGs
[2022-08-29T12:49:28.435-0400] {logging_mixin.py:115} INFO - [2022-08-29T12:49:28.434-0400] {dag.py:2977} INFO - Setting next_dagrun for example_python_operator to None, run_after=None
[2022-08-29T12:49:28.485-0400] {processor.py:161} INFO - Processing /home/augenz/PycharmProjects/airflow/.env_airflow/lib/python3.9/site-packages/airflow/example_dags/example_python_operator.py took 0.628 seconds
[2022-08-29T12:49:59.119-0400] {processor.py:153} INFO - Started process (PID=1615) to work on /home/augenz/PycharmProjects/airflow/.env_airflow/lib/python3.9/site-packages/airflow/example_dags/example_python_operator.py
[2022-08-29T12:49:59.120-0400] {processor.py:640} INFO - Processing file /home/augenz/PycharmProjects/airflow/.env_airflow/lib/python3.9/site-packages/airflow/example_dags/example_python_operator.py for tasks to queue
[2022-08-29T12:49:59.121-0400] {logging_mixin.py:115} INFO - [2022-08-29T12:49:59.121-0400] {dagbag.py:508} INFO - Filling up the DagBag from /home/augenz/PycharmProjects/airflow/.env_airflow/lib/python3.9/site-packages/airflow/example_dags/example_python_operator.py
[2022-08-29T12:49:59.149-0400] {processor.py:650} INFO - DAG(s) dict_keys(['example_python_operator']) retrieved from /home/augenz/PycharmProjects/airflow/.env_airflow/lib/python3.9/site-packages/airflow/example_dags/example_python_operator.py
[2022-08-29T12:49:59.616-0400] {logging_mixin.py:115} INFO - [2022-08-29T12:49:59.616-0400] {dag.py:2429} INFO - Sync 1 DAGs
[2022-08-29T12:49:59.645-0400] {logging_mixin.py:115} INFO - [2022-08-29T12:49:59.644-0400] {dag.py:2977} INFO - Setting next_dagrun for example_python_operator to None, run_after=None
[2022-08-29T12:49:59.699-0400] {processor.py:161} INFO - Processing /home/augenz/PycharmProjects/airflow/.env_airflow/lib/python3.9/site-packages/airflow/example_dags/example_python_operator.py took 0.585 seconds
[2022-08-29T12:50:30.314-0400] {processor.py:153} INFO - Started process (PID=1654) to work on /home/augenz/PycharmProjects/airflow/.env_airflow/lib/python3.9/site-packages/airflow/example_dags/example_python_operator.py
[2022-08-29T12:50:30.315-0400] {processor.py:640} INFO - Processing file /home/augenz/PycharmProjects/airflow/.env_airflow/lib/python3.9/site-packages/airflow/example_dags/example_python_operator.py for tasks to queue
[2022-08-29T12:50:30.316-0400] {logging_mixin.py:115} INFO - [2022-08-29T12:50:30.316-0400] {dagbag.py:508} INFO - Filling up the DagBag from /home/augenz/PycharmProjects/airflow/.env_airflow/lib/python3.9/site-packages/airflow/example_dags/example_python_operator.py
[2022-08-29T12:50:30.375-0400] {processor.py:650} INFO - DAG(s) dict_keys(['example_python_operator']) retrieved from /home/augenz/PycharmProjects/airflow/.env_airflow/lib/python3.9/site-packages/airflow/example_dags/example_python_operator.py
[2022-08-29T12:50:30.948-0400] {logging_mixin.py:115} INFO - [2022-08-29T12:50:30.948-0400] {dag.py:2429} INFO - Sync 1 DAGs
[2022-08-29T12:50:30.977-0400] {logging_mixin.py:115} INFO - [2022-08-29T12:50:30.977-0400] {dag.py:2977} INFO - Setting next_dagrun for example_python_operator to None, run_after=None
[2022-08-29T12:50:31.028-0400] {processor.py:161} INFO - Processing /home/augenz/PycharmProjects/airflow/.env_airflow/lib/python3.9/site-packages/airflow/example_dags/example_python_operator.py took 0.720 seconds
[2022-08-29T12:51:01.970-0400] {processor.py:153} INFO - Started process (PID=1688) to work on /home/augenz/PycharmProjects/airflow/.env_airflow/lib/python3.9/site-packages/airflow/example_dags/example_python_operator.py
[2022-08-29T12:51:01.972-0400] {processor.py:640} INFO - Processing file /home/augenz/PycharmProjects/airflow/.env_airflow/lib/python3.9/site-packages/airflow/example_dags/example_python_operator.py for tasks to queue
[2022-08-29T12:51:01.973-0400] {logging_mixin.py:115} INFO - [2022-08-29T12:51:01.973-0400] {dagbag.py:508} INFO - Filling up the DagBag from /home/augenz/PycharmProjects/airflow/.env_airflow/lib/python3.9/site-packages/airflow/example_dags/example_python_operator.py
[2022-08-29T12:51:02.013-0400] {processor.py:650} INFO - DAG(s) dict_keys(['example_python_operator']) retrieved from /home/augenz/PycharmProjects/airflow/.env_airflow/lib/python3.9/site-packages/airflow/example_dags/example_python_operator.py
[2022-08-29T12:51:02.656-0400] {logging_mixin.py:115} INFO - [2022-08-29T12:51:02.656-0400] {dag.py:2429} INFO - Sync 1 DAGs
[2022-08-29T12:51:02.690-0400] {logging_mixin.py:115} INFO - [2022-08-29T12:51:02.689-0400] {dag.py:2977} INFO - Setting next_dagrun for example_python_operator to None, run_after=None
[2022-08-29T12:51:02.776-0400] {processor.py:161} INFO - Processing /home/augenz/PycharmProjects/airflow/.env_airflow/lib/python3.9/site-packages/airflow/example_dags/example_python_operator.py took 0.813 seconds
[2022-08-29T12:51:32.893-0400] {processor.py:153} INFO - Started process (PID=1726) to work on /home/augenz/PycharmProjects/airflow/.env_airflow/lib/python3.9/site-packages/airflow/example_dags/example_python_operator.py
[2022-08-29T12:51:32.895-0400] {processor.py:640} INFO - Processing file /home/augenz/PycharmProjects/airflow/.env_airflow/lib/python3.9/site-packages/airflow/example_dags/example_python_operator.py for tasks to queue
[2022-08-29T12:51:32.896-0400] {logging_mixin.py:115} INFO - [2022-08-29T12:51:32.896-0400] {dagbag.py:508} INFO - Filling up the DagBag from /home/augenz/PycharmProjects/airflow/.env_airflow/lib/python3.9/site-packages/airflow/example_dags/example_python_operator.py
[2022-08-29T12:51:32.924-0400] {processor.py:650} INFO - DAG(s) dict_keys(['example_python_operator']) retrieved from /home/augenz/PycharmProjects/airflow/.env_airflow/lib/python3.9/site-packages/airflow/example_dags/example_python_operator.py
[2022-08-29T12:51:33.470-0400] {logging_mixin.py:115} INFO - [2022-08-29T12:51:33.470-0400] {dag.py:2429} INFO - Sync 1 DAGs
[2022-08-29T12:51:33.497-0400] {logging_mixin.py:115} INFO - [2022-08-29T12:51:33.497-0400] {dag.py:2977} INFO - Setting next_dagrun for example_python_operator to None, run_after=None
[2022-08-29T12:51:33.539-0400] {processor.py:161} INFO - Processing /home/augenz/PycharmProjects/airflow/.env_airflow/lib/python3.9/site-packages/airflow/example_dags/example_python_operator.py took 0.652 seconds
[2022-08-29T12:52:04.344-0400] {processor.py:153} INFO - Started process (PID=1761) to work on /home/augenz/PycharmProjects/airflow/.env_airflow/lib/python3.9/site-packages/airflow/example_dags/example_python_operator.py
[2022-08-29T12:52:04.346-0400] {processor.py:640} INFO - Processing file /home/augenz/PycharmProjects/airflow/.env_airflow/lib/python3.9/site-packages/airflow/example_dags/example_python_operator.py for tasks to queue
[2022-08-29T12:52:04.347-0400] {logging_mixin.py:115} INFO - [2022-08-29T12:52:04.347-0400] {dagbag.py:508} INFO - Filling up the DagBag from /home/augenz/PycharmProjects/airflow/.env_airflow/lib/python3.9/site-packages/airflow/example_dags/example_python_operator.py
[2022-08-29T12:52:04.372-0400] {processor.py:650} INFO - DAG(s) dict_keys(['example_python_operator']) retrieved from /home/augenz/PycharmProjects/airflow/.env_airflow/lib/python3.9/site-packages/airflow/example_dags/example_python_operator.py
[2022-08-29T12:52:04.827-0400] {logging_mixin.py:115} INFO - [2022-08-29T12:52:04.827-0400] {dag.py:2429} INFO - Sync 1 DAGs
[2022-08-29T12:52:04.857-0400] {logging_mixin.py:115} INFO - [2022-08-29T12:52:04.857-0400] {dag.py:2977} INFO - Setting next_dagrun for example_python_operator to None, run_after=None
[2022-08-29T12:52:04.902-0400] {processor.py:161} INFO - Processing /home/augenz/PycharmProjects/airflow/.env_airflow/lib/python3.9/site-packages/airflow/example_dags/example_python_operator.py took 0.563 seconds
[2022-08-29T12:52:35.382-0400] {processor.py:153} INFO - Started process (PID=1795) to work on /home/augenz/PycharmProjects/airflow/.env_airflow/lib/python3.9/site-packages/airflow/example_dags/example_python_operator.py
[2022-08-29T12:52:35.383-0400] {processor.py:640} INFO - Processing file /home/augenz/PycharmProjects/airflow/.env_airflow/lib/python3.9/site-packages/airflow/example_dags/example_python_operator.py for tasks to queue
[2022-08-29T12:52:35.384-0400] {logging_mixin.py:115} INFO - [2022-08-29T12:52:35.384-0400] {dagbag.py:508} INFO - Filling up the DagBag from /home/augenz/PycharmProjects/airflow/.env_airflow/lib/python3.9/site-packages/airflow/example_dags/example_python_operator.py
[2022-08-29T12:52:35.412-0400] {processor.py:650} INFO - DAG(s) dict_keys(['example_python_operator']) retrieved from /home/augenz/PycharmProjects/airflow/.env_airflow/lib/python3.9/site-packages/airflow/example_dags/example_python_operator.py
[2022-08-29T12:52:35.884-0400] {logging_mixin.py:115} INFO - [2022-08-29T12:52:35.883-0400] {dag.py:2429} INFO - Sync 1 DAGs
[2022-08-29T12:52:35.910-0400] {logging_mixin.py:115} INFO - [2022-08-29T12:52:35.910-0400] {dag.py:2977} INFO - Setting next_dagrun for example_python_operator to None, run_after=None
[2022-08-29T12:52:35.958-0400] {processor.py:161} INFO - Processing /home/augenz/PycharmProjects/airflow/.env_airflow/lib/python3.9/site-packages/airflow/example_dags/example_python_operator.py took 0.581 seconds
[2022-08-29T12:53:06.402-0400] {processor.py:153} INFO - Started process (PID=1832) to work on /home/augenz/PycharmProjects/airflow/.env_airflow/lib/python3.9/site-packages/airflow/example_dags/example_python_operator.py
[2022-08-29T12:53:06.403-0400] {processor.py:640} INFO - Processing file /home/augenz/PycharmProjects/airflow/.env_airflow/lib/python3.9/site-packages/airflow/example_dags/example_python_operator.py for tasks to queue
[2022-08-29T12:53:06.404-0400] {logging_mixin.py:115} INFO - [2022-08-29T12:53:06.404-0400] {dagbag.py:508} INFO - Filling up the DagBag from /home/augenz/PycharmProjects/airflow/.env_airflow/lib/python3.9/site-packages/airflow/example_dags/example_python_operator.py
[2022-08-29T12:53:06.433-0400] {processor.py:650} INFO - DAG(s) dict_keys(['example_python_operator']) retrieved from /home/augenz/PycharmProjects/airflow/.env_airflow/lib/python3.9/site-packages/airflow/example_dags/example_python_operator.py
[2022-08-29T12:53:06.899-0400] {logging_mixin.py:115} INFO - [2022-08-29T12:53:06.898-0400] {dag.py:2429} INFO - Sync 1 DAGs
[2022-08-29T12:53:06.925-0400] {logging_mixin.py:115} INFO - [2022-08-29T12:53:06.924-0400] {dag.py:2977} INFO - Setting next_dagrun for example_python_operator to None, run_after=None
[2022-08-29T12:53:06.970-0400] {processor.py:161} INFO - Processing /home/augenz/PycharmProjects/airflow/.env_airflow/lib/python3.9/site-packages/airflow/example_dags/example_python_operator.py took 0.573 seconds
[2022-08-29T12:53:37.860-0400] {processor.py:153} INFO - Started process (PID=1867) to work on /home/augenz/PycharmProjects/airflow/.env_airflow/lib/python3.9/site-packages/airflow/example_dags/example_python_operator.py
[2022-08-29T12:53:37.863-0400] {processor.py:640} INFO - Processing file /home/augenz/PycharmProjects/airflow/.env_airflow/lib/python3.9/site-packages/airflow/example_dags/example_python_operator.py for tasks to queue
[2022-08-29T12:53:37.864-0400] {logging_mixin.py:115} INFO - [2022-08-29T12:53:37.863-0400] {dagbag.py:508} INFO - Filling up the DagBag from /home/augenz/PycharmProjects/airflow/.env_airflow/lib/python3.9/site-packages/airflow/example_dags/example_python_operator.py
[2022-08-29T12:53:37.891-0400] {processor.py:650} INFO - DAG(s) dict_keys(['example_python_operator']) retrieved from /home/augenz/PycharmProjects/airflow/.env_airflow/lib/python3.9/site-packages/airflow/example_dags/example_python_operator.py
[2022-08-29T12:53:38.341-0400] {logging_mixin.py:115} INFO - [2022-08-29T12:53:38.341-0400] {dag.py:2429} INFO - Sync 1 DAGs
[2022-08-29T12:53:38.378-0400] {logging_mixin.py:115} INFO - [2022-08-29T12:53:38.378-0400] {dag.py:2977} INFO - Setting next_dagrun for example_python_operator to None, run_after=None
[2022-08-29T12:53:38.426-0400] {processor.py:161} INFO - Processing /home/augenz/PycharmProjects/airflow/.env_airflow/lib/python3.9/site-packages/airflow/example_dags/example_python_operator.py took 0.571 seconds
