[2022-08-29T12:33:14.759-0400] {processor.py:153} INFO - Started process (PID=373) to work on /home/augenz/PycharmProjects/airflow/.env_airflow/lib/python3.9/site-packages/airflow/example_dags/example_trigger_controller_dag.py
[2022-08-29T12:33:14.760-0400] {processor.py:640} INFO - Processing file /home/augenz/PycharmProjects/airflow/.env_airflow/lib/python3.9/site-packages/airflow/example_dags/example_trigger_controller_dag.py for tasks to queue
[2022-08-29T12:33:14.761-0400] {logging_mixin.py:115} INFO - [2022-08-29T12:33:14.761-0400] {dagbag.py:508} INFO - Filling up the DagBag from /home/augenz/PycharmProjects/airflow/.env_airflow/lib/python3.9/site-packages/airflow/example_dags/example_trigger_controller_dag.py
[2022-08-29T12:33:14.766-0400] {processor.py:650} INFO - DAG(s) dict_keys(['example_trigger_controller_dag']) retrieved from /home/augenz/PycharmProjects/airflow/.env_airflow/lib/python3.9/site-packages/airflow/example_dags/example_trigger_controller_dag.py
[2022-08-29T12:33:14.925-0400] {logging_mixin.py:115} INFO - [2022-08-29T12:33:14.925-0400] {manager.py:508} INFO - Created Permission View: can delete on DAG:example_trigger_controller_dag
[2022-08-29T12:33:14.966-0400] {logging_mixin.py:115} INFO - [2022-08-29T12:33:14.966-0400] {manager.py:508} INFO - Created Permission View: can read on DAG:example_trigger_controller_dag
[2022-08-29T12:33:14.999-0400] {logging_mixin.py:115} INFO - [2022-08-29T12:33:14.999-0400] {manager.py:508} INFO - Created Permission View: can edit on DAG:example_trigger_controller_dag
[2022-08-29T12:33:15.000-0400] {logging_mixin.py:115} INFO - [2022-08-29T12:33:15.000-0400] {dag.py:2429} INFO - Sync 1 DAGs
[2022-08-29T12:33:15.012-0400] {logging_mixin.py:115} INFO - [2022-08-29T12:33:15.011-0400] {dag.py:2448} INFO - Creating ORM DAG for example_trigger_controller_dag
[2022-08-29T12:33:15.029-0400] {logging_mixin.py:115} INFO - [2022-08-29T12:33:15.028-0400] {dag.py:2977} INFO - Setting next_dagrun for example_trigger_controller_dag to 2021-01-01T00:00:00+00:00, run_after=2021-01-01T00:00:00+00:00
[2022-08-29T12:33:15.073-0400] {processor.py:161} INFO - Processing /home/augenz/PycharmProjects/airflow/.env_airflow/lib/python3.9/site-packages/airflow/example_dags/example_trigger_controller_dag.py took 0.320 seconds
[2022-08-29T12:33:45.373-0400] {processor.py:153} INFO - Started process (PID=413) to work on /home/augenz/PycharmProjects/airflow/.env_airflow/lib/python3.9/site-packages/airflow/example_dags/example_trigger_controller_dag.py
[2022-08-29T12:33:45.388-0400] {processor.py:640} INFO - Processing file /home/augenz/PycharmProjects/airflow/.env_airflow/lib/python3.9/site-packages/airflow/example_dags/example_trigger_controller_dag.py for tasks to queue
[2022-08-29T12:33:45.390-0400] {logging_mixin.py:115} INFO - [2022-08-29T12:33:45.389-0400] {dagbag.py:508} INFO - Filling up the DagBag from /home/augenz/PycharmProjects/airflow/.env_airflow/lib/python3.9/site-packages/airflow/example_dags/example_trigger_controller_dag.py
[2022-08-29T12:33:45.395-0400] {processor.py:650} INFO - DAG(s) dict_keys(['example_trigger_controller_dag']) retrieved from /home/augenz/PycharmProjects/airflow/.env_airflow/lib/python3.9/site-packages/airflow/example_dags/example_trigger_controller_dag.py
[2022-08-29T12:33:45.436-0400] {logging_mixin.py:115} INFO - [2022-08-29T12:33:45.435-0400] {dag.py:2429} INFO - Sync 1 DAGs
[2022-08-29T12:33:45.477-0400] {logging_mixin.py:115} INFO - [2022-08-29T12:33:45.477-0400] {dag.py:2977} INFO - Setting next_dagrun for example_trigger_controller_dag to 2021-01-01T00:00:00+00:00, run_after=2021-01-01T00:00:00+00:00
[2022-08-29T12:33:45.511-0400] {processor.py:161} INFO - Processing /home/augenz/PycharmProjects/airflow/.env_airflow/lib/python3.9/site-packages/airflow/example_dags/example_trigger_controller_dag.py took 0.143 seconds
[2022-08-29T12:34:15.702-0400] {processor.py:153} INFO - Started process (PID=448) to work on /home/augenz/PycharmProjects/airflow/.env_airflow/lib/python3.9/site-packages/airflow/example_dags/example_trigger_controller_dag.py
[2022-08-29T12:34:15.705-0400] {processor.py:640} INFO - Processing file /home/augenz/PycharmProjects/airflow/.env_airflow/lib/python3.9/site-packages/airflow/example_dags/example_trigger_controller_dag.py for tasks to queue
[2022-08-29T12:34:15.707-0400] {logging_mixin.py:115} INFO - [2022-08-29T12:34:15.706-0400] {dagbag.py:508} INFO - Filling up the DagBag from /home/augenz/PycharmProjects/airflow/.env_airflow/lib/python3.9/site-packages/airflow/example_dags/example_trigger_controller_dag.py
[2022-08-29T12:34:15.713-0400] {processor.py:650} INFO - DAG(s) dict_keys(['example_trigger_controller_dag']) retrieved from /home/augenz/PycharmProjects/airflow/.env_airflow/lib/python3.9/site-packages/airflow/example_dags/example_trigger_controller_dag.py
[2022-08-29T12:34:15.768-0400] {logging_mixin.py:115} INFO - [2022-08-29T12:34:15.768-0400] {dag.py:2429} INFO - Sync 1 DAGs
[2022-08-29T12:34:15.823-0400] {logging_mixin.py:115} INFO - [2022-08-29T12:34:15.823-0400] {dag.py:2977} INFO - Setting next_dagrun for example_trigger_controller_dag to 2021-01-01T00:00:00+00:00, run_after=2021-01-01T00:00:00+00:00
[2022-08-29T12:34:15.876-0400] {processor.py:161} INFO - Processing /home/augenz/PycharmProjects/airflow/.env_airflow/lib/python3.9/site-packages/airflow/example_dags/example_trigger_controller_dag.py took 0.182 seconds
[2022-08-29T12:34:46.302-0400] {processor.py:153} INFO - Started process (PID=482) to work on /home/augenz/PycharmProjects/airflow/.env_airflow/lib/python3.9/site-packages/airflow/example_dags/example_trigger_controller_dag.py
[2022-08-29T12:34:46.303-0400] {processor.py:640} INFO - Processing file /home/augenz/PycharmProjects/airflow/.env_airflow/lib/python3.9/site-packages/airflow/example_dags/example_trigger_controller_dag.py for tasks to queue
[2022-08-29T12:34:46.304-0400] {logging_mixin.py:115} INFO - [2022-08-29T12:34:46.304-0400] {dagbag.py:508} INFO - Filling up the DagBag from /home/augenz/PycharmProjects/airflow/.env_airflow/lib/python3.9/site-packages/airflow/example_dags/example_trigger_controller_dag.py
[2022-08-29T12:34:46.310-0400] {processor.py:650} INFO - DAG(s) dict_keys(['example_trigger_controller_dag']) retrieved from /home/augenz/PycharmProjects/airflow/.env_airflow/lib/python3.9/site-packages/airflow/example_dags/example_trigger_controller_dag.py
[2022-08-29T12:34:46.364-0400] {logging_mixin.py:115} INFO - [2022-08-29T12:34:46.364-0400] {dag.py:2429} INFO - Sync 1 DAGs
[2022-08-29T12:34:46.421-0400] {logging_mixin.py:115} INFO - [2022-08-29T12:34:46.421-0400] {dag.py:2977} INFO - Setting next_dagrun for example_trigger_controller_dag to 2021-01-01T00:00:00+00:00, run_after=2021-01-01T00:00:00+00:00
[2022-08-29T12:34:46.464-0400] {processor.py:161} INFO - Processing /home/augenz/PycharmProjects/airflow/.env_airflow/lib/python3.9/site-packages/airflow/example_dags/example_trigger_controller_dag.py took 0.168 seconds
[2022-08-29T12:35:17.312-0400] {processor.py:153} INFO - Started process (PID=539) to work on /home/augenz/PycharmProjects/airflow/.env_airflow/lib/python3.9/site-packages/airflow/example_dags/example_trigger_controller_dag.py
[2022-08-29T12:35:17.315-0400] {processor.py:640} INFO - Processing file /home/augenz/PycharmProjects/airflow/.env_airflow/lib/python3.9/site-packages/airflow/example_dags/example_trigger_controller_dag.py for tasks to queue
[2022-08-29T12:35:17.316-0400] {logging_mixin.py:115} INFO - [2022-08-29T12:35:17.316-0400] {dagbag.py:508} INFO - Filling up the DagBag from /home/augenz/PycharmProjects/airflow/.env_airflow/lib/python3.9/site-packages/airflow/example_dags/example_trigger_controller_dag.py
[2022-08-29T12:35:17.320-0400] {processor.py:650} INFO - DAG(s) dict_keys(['example_trigger_controller_dag']) retrieved from /home/augenz/PycharmProjects/airflow/.env_airflow/lib/python3.9/site-packages/airflow/example_dags/example_trigger_controller_dag.py
[2022-08-29T12:35:17.371-0400] {logging_mixin.py:115} INFO - [2022-08-29T12:35:17.370-0400] {dag.py:2429} INFO - Sync 1 DAGs
[2022-08-29T12:35:17.418-0400] {logging_mixin.py:115} INFO - [2022-08-29T12:35:17.418-0400] {dag.py:2977} INFO - Setting next_dagrun for example_trigger_controller_dag to 2021-01-01T00:00:00+00:00, run_after=2021-01-01T00:00:00+00:00
[2022-08-29T12:35:17.462-0400] {processor.py:161} INFO - Processing /home/augenz/PycharmProjects/airflow/.env_airflow/lib/python3.9/site-packages/airflow/example_dags/example_trigger_controller_dag.py took 0.154 seconds
[2022-08-29T12:35:48.932-0400] {processor.py:153} INFO - Started process (PID=583) to work on /home/augenz/PycharmProjects/airflow/.env_airflow/lib/python3.9/site-packages/airflow/example_dags/example_trigger_controller_dag.py
[2022-08-29T12:35:48.933-0400] {processor.py:640} INFO - Processing file /home/augenz/PycharmProjects/airflow/.env_airflow/lib/python3.9/site-packages/airflow/example_dags/example_trigger_controller_dag.py for tasks to queue
[2022-08-29T12:35:48.934-0400] {logging_mixin.py:115} INFO - [2022-08-29T12:35:48.934-0400] {dagbag.py:508} INFO - Filling up the DagBag from /home/augenz/PycharmProjects/airflow/.env_airflow/lib/python3.9/site-packages/airflow/example_dags/example_trigger_controller_dag.py
[2022-08-29T12:35:48.938-0400] {processor.py:650} INFO - DAG(s) dict_keys(['example_trigger_controller_dag']) retrieved from /home/augenz/PycharmProjects/airflow/.env_airflow/lib/python3.9/site-packages/airflow/example_dags/example_trigger_controller_dag.py
[2022-08-29T12:35:49.511-0400] {logging_mixin.py:115} INFO - [2022-08-29T12:35:49.510-0400] {dag.py:2429} INFO - Sync 1 DAGs
[2022-08-29T12:35:49.552-0400] {logging_mixin.py:115} INFO - [2022-08-29T12:35:49.551-0400] {dag.py:2977} INFO - Setting next_dagrun for example_trigger_controller_dag to 2021-01-01T00:00:00+00:00, run_after=2021-01-01T00:00:00+00:00
[2022-08-29T12:35:49.598-0400] {processor.py:161} INFO - Processing /home/augenz/PycharmProjects/airflow/.env_airflow/lib/python3.9/site-packages/airflow/example_dags/example_trigger_controller_dag.py took 0.670 seconds
[2022-08-29T12:36:20.082-0400] {processor.py:153} INFO - Started process (PID=617) to work on /home/augenz/PycharmProjects/airflow/.env_airflow/lib/python3.9/site-packages/airflow/example_dags/example_trigger_controller_dag.py
[2022-08-29T12:36:20.085-0400] {processor.py:640} INFO - Processing file /home/augenz/PycharmProjects/airflow/.env_airflow/lib/python3.9/site-packages/airflow/example_dags/example_trigger_controller_dag.py for tasks to queue
[2022-08-29T12:36:20.085-0400] {logging_mixin.py:115} INFO - [2022-08-29T12:36:20.085-0400] {dagbag.py:508} INFO - Filling up the DagBag from /home/augenz/PycharmProjects/airflow/.env_airflow/lib/python3.9/site-packages/airflow/example_dags/example_trigger_controller_dag.py
[2022-08-29T12:36:20.089-0400] {processor.py:650} INFO - DAG(s) dict_keys(['example_trigger_controller_dag']) retrieved from /home/augenz/PycharmProjects/airflow/.env_airflow/lib/python3.9/site-packages/airflow/example_dags/example_trigger_controller_dag.py
[2022-08-29T12:36:20.655-0400] {logging_mixin.py:115} INFO - [2022-08-29T12:36:20.654-0400] {dag.py:2429} INFO - Sync 1 DAGs
[2022-08-29T12:36:20.693-0400] {logging_mixin.py:115} INFO - [2022-08-29T12:36:20.693-0400] {dag.py:2977} INFO - Setting next_dagrun for example_trigger_controller_dag to 2021-01-01T00:00:00+00:00, run_after=2021-01-01T00:00:00+00:00
[2022-08-29T12:36:20.769-0400] {processor.py:161} INFO - Processing /home/augenz/PycharmProjects/airflow/.env_airflow/lib/python3.9/site-packages/airflow/example_dags/example_trigger_controller_dag.py took 0.691 seconds
[2022-08-29T12:36:50.880-0400] {processor.py:153} INFO - Started process (PID=653) to work on /home/augenz/PycharmProjects/airflow/.env_airflow/lib/python3.9/site-packages/airflow/example_dags/example_trigger_controller_dag.py
[2022-08-29T12:36:50.903-0400] {processor.py:640} INFO - Processing file /home/augenz/PycharmProjects/airflow/.env_airflow/lib/python3.9/site-packages/airflow/example_dags/example_trigger_controller_dag.py for tasks to queue
[2022-08-29T12:36:50.904-0400] {logging_mixin.py:115} INFO - [2022-08-29T12:36:50.904-0400] {dagbag.py:508} INFO - Filling up the DagBag from /home/augenz/PycharmProjects/airflow/.env_airflow/lib/python3.9/site-packages/airflow/example_dags/example_trigger_controller_dag.py
[2022-08-29T12:36:50.908-0400] {processor.py:650} INFO - DAG(s) dict_keys(['example_trigger_controller_dag']) retrieved from /home/augenz/PycharmProjects/airflow/.env_airflow/lib/python3.9/site-packages/airflow/example_dags/example_trigger_controller_dag.py
[2022-08-29T12:36:51.360-0400] {logging_mixin.py:115} INFO - [2022-08-29T12:36:51.359-0400] {dag.py:2429} INFO - Sync 1 DAGs
[2022-08-29T12:36:51.386-0400] {logging_mixin.py:115} INFO - [2022-08-29T12:36:51.386-0400] {dag.py:2977} INFO - Setting next_dagrun for example_trigger_controller_dag to 2021-01-01T00:00:00+00:00, run_after=2021-01-01T00:00:00+00:00
[2022-08-29T12:36:51.424-0400] {processor.py:161} INFO - Processing /home/augenz/PycharmProjects/airflow/.env_airflow/lib/python3.9/site-packages/airflow/example_dags/example_trigger_controller_dag.py took 0.548 seconds
[2022-08-29T12:37:24.496-0400] {processor.py:153} INFO - Started process (PID=708) to work on /home/augenz/PycharmProjects/airflow/.env_airflow/lib/python3.9/site-packages/airflow/example_dags/example_trigger_controller_dag.py
[2022-08-29T12:37:24.520-0400] {processor.py:640} INFO - Processing file /home/augenz/PycharmProjects/airflow/.env_airflow/lib/python3.9/site-packages/airflow/example_dags/example_trigger_controller_dag.py for tasks to queue
[2022-08-29T12:37:24.522-0400] {logging_mixin.py:115} INFO - [2022-08-29T12:37:24.522-0400] {dagbag.py:508} INFO - Filling up the DagBag from /home/augenz/PycharmProjects/airflow/.env_airflow/lib/python3.9/site-packages/airflow/example_dags/example_trigger_controller_dag.py
[2022-08-29T12:37:24.537-0400] {processor.py:650} INFO - DAG(s) dict_keys(['example_trigger_controller_dag']) retrieved from /home/augenz/PycharmProjects/airflow/.env_airflow/lib/python3.9/site-packages/airflow/example_dags/example_trigger_controller_dag.py
[2022-08-29T12:37:26.005-0400] {logging_mixin.py:115} INFO - [2022-08-29T12:37:26.004-0400] {dag.py:2429} INFO - Sync 1 DAGs
[2022-08-29T12:37:26.108-0400] {logging_mixin.py:115} INFO - [2022-08-29T12:37:26.108-0400] {dag.py:2977} INFO - Setting next_dagrun for example_trigger_controller_dag to 2021-01-01T00:00:00+00:00, run_after=2021-01-01T00:00:00+00:00
[2022-08-29T12:37:26.177-0400] {processor.py:161} INFO - Processing /home/augenz/PycharmProjects/airflow/.env_airflow/lib/python3.9/site-packages/airflow/example_dags/example_trigger_controller_dag.py took 1.699 seconds
[2022-08-29T12:37:57.350-0400] {processor.py:153} INFO - Started process (PID=755) to work on /home/augenz/PycharmProjects/airflow/.env_airflow/lib/python3.9/site-packages/airflow/example_dags/example_trigger_controller_dag.py
[2022-08-29T12:37:57.356-0400] {processor.py:640} INFO - Processing file /home/augenz/PycharmProjects/airflow/.env_airflow/lib/python3.9/site-packages/airflow/example_dags/example_trigger_controller_dag.py for tasks to queue
[2022-08-29T12:37:57.358-0400] {logging_mixin.py:115} INFO - [2022-08-29T12:37:57.357-0400] {dagbag.py:508} INFO - Filling up the DagBag from /home/augenz/PycharmProjects/airflow/.env_airflow/lib/python3.9/site-packages/airflow/example_dags/example_trigger_controller_dag.py
[2022-08-29T12:37:57.364-0400] {processor.py:650} INFO - DAG(s) dict_keys(['example_trigger_controller_dag']) retrieved from /home/augenz/PycharmProjects/airflow/.env_airflow/lib/python3.9/site-packages/airflow/example_dags/example_trigger_controller_dag.py
[2022-08-29T12:37:58.432-0400] {logging_mixin.py:115} INFO - [2022-08-29T12:37:58.431-0400] {dag.py:2429} INFO - Sync 1 DAGs
[2022-08-29T12:37:58.491-0400] {logging_mixin.py:115} INFO - [2022-08-29T12:37:58.490-0400] {dag.py:2977} INFO - Setting next_dagrun for example_trigger_controller_dag to 2021-01-01T00:00:00+00:00, run_after=2021-01-01T00:00:00+00:00
[2022-08-29T12:37:58.554-0400] {processor.py:161} INFO - Processing /home/augenz/PycharmProjects/airflow/.env_airflow/lib/python3.9/site-packages/airflow/example_dags/example_trigger_controller_dag.py took 1.211 seconds
[2022-08-29T12:38:29.477-0400] {processor.py:153} INFO - Started process (PID=807) to work on /home/augenz/PycharmProjects/airflow/.env_airflow/lib/python3.9/site-packages/airflow/example_dags/example_trigger_controller_dag.py
[2022-08-29T12:38:29.484-0400] {processor.py:640} INFO - Processing file /home/augenz/PycharmProjects/airflow/.env_airflow/lib/python3.9/site-packages/airflow/example_dags/example_trigger_controller_dag.py for tasks to queue
[2022-08-29T12:38:29.490-0400] {logging_mixin.py:115} INFO - [2022-08-29T12:38:29.490-0400] {dagbag.py:508} INFO - Filling up the DagBag from /home/augenz/PycharmProjects/airflow/.env_airflow/lib/python3.9/site-packages/airflow/example_dags/example_trigger_controller_dag.py
[2022-08-29T12:38:29.510-0400] {processor.py:650} INFO - DAG(s) dict_keys(['example_trigger_controller_dag']) retrieved from /home/augenz/PycharmProjects/airflow/.env_airflow/lib/python3.9/site-packages/airflow/example_dags/example_trigger_controller_dag.py
[2022-08-29T12:38:31.081-0400] {logging_mixin.py:115} INFO - [2022-08-29T12:38:31.080-0400] {dag.py:2429} INFO - Sync 1 DAGs
[2022-08-29T12:38:31.121-0400] {logging_mixin.py:115} INFO - [2022-08-29T12:38:31.121-0400] {dag.py:2977} INFO - Setting next_dagrun for example_trigger_controller_dag to 2021-01-01T00:00:00+00:00, run_after=2021-01-01T00:00:00+00:00
[2022-08-29T12:38:31.164-0400] {processor.py:161} INFO - Processing /home/augenz/PycharmProjects/airflow/.env_airflow/lib/python3.9/site-packages/airflow/example_dags/example_trigger_controller_dag.py took 1.698 seconds
[2022-08-29T12:39:01.649-0400] {processor.py:153} INFO - Started process (PID=841) to work on /home/augenz/PycharmProjects/airflow/.env_airflow/lib/python3.9/site-packages/airflow/example_dags/example_trigger_controller_dag.py
[2022-08-29T12:39:01.654-0400] {processor.py:640} INFO - Processing file /home/augenz/PycharmProjects/airflow/.env_airflow/lib/python3.9/site-packages/airflow/example_dags/example_trigger_controller_dag.py for tasks to queue
[2022-08-29T12:39:01.655-0400] {logging_mixin.py:115} INFO - [2022-08-29T12:39:01.654-0400] {dagbag.py:508} INFO - Filling up the DagBag from /home/augenz/PycharmProjects/airflow/.env_airflow/lib/python3.9/site-packages/airflow/example_dags/example_trigger_controller_dag.py
[2022-08-29T12:39:01.659-0400] {processor.py:650} INFO - DAG(s) dict_keys(['example_trigger_controller_dag']) retrieved from /home/augenz/PycharmProjects/airflow/.env_airflow/lib/python3.9/site-packages/airflow/example_dags/example_trigger_controller_dag.py
[2022-08-29T12:39:02.117-0400] {logging_mixin.py:115} INFO - [2022-08-29T12:39:02.117-0400] {dag.py:2429} INFO - Sync 1 DAGs
[2022-08-29T12:39:02.144-0400] {logging_mixin.py:115} INFO - [2022-08-29T12:39:02.143-0400] {dag.py:2977} INFO - Setting next_dagrun for example_trigger_controller_dag to 2021-01-01T00:00:00+00:00, run_after=2021-01-01T00:00:00+00:00
[2022-08-29T12:39:02.203-0400] {processor.py:161} INFO - Processing /home/augenz/PycharmProjects/airflow/.env_airflow/lib/python3.9/site-packages/airflow/example_dags/example_trigger_controller_dag.py took 0.559 seconds
[2022-08-29T12:39:32.766-0400] {processor.py:153} INFO - Started process (PID=876) to work on /home/augenz/PycharmProjects/airflow/.env_airflow/lib/python3.9/site-packages/airflow/example_dags/example_trigger_controller_dag.py
[2022-08-29T12:39:32.776-0400] {processor.py:640} INFO - Processing file /home/augenz/PycharmProjects/airflow/.env_airflow/lib/python3.9/site-packages/airflow/example_dags/example_trigger_controller_dag.py for tasks to queue
[2022-08-29T12:39:32.777-0400] {logging_mixin.py:115} INFO - [2022-08-29T12:39:32.777-0400] {dagbag.py:508} INFO - Filling up the DagBag from /home/augenz/PycharmProjects/airflow/.env_airflow/lib/python3.9/site-packages/airflow/example_dags/example_trigger_controller_dag.py
[2022-08-29T12:39:32.781-0400] {processor.py:650} INFO - DAG(s) dict_keys(['example_trigger_controller_dag']) retrieved from /home/augenz/PycharmProjects/airflow/.env_airflow/lib/python3.9/site-packages/airflow/example_dags/example_trigger_controller_dag.py
[2022-08-29T12:39:33.226-0400] {logging_mixin.py:115} INFO - [2022-08-29T12:39:33.226-0400] {dag.py:2429} INFO - Sync 1 DAGs
[2022-08-29T12:39:33.252-0400] {logging_mixin.py:115} INFO - [2022-08-29T12:39:33.252-0400] {dag.py:2977} INFO - Setting next_dagrun for example_trigger_controller_dag to 2021-01-01T00:00:00+00:00, run_after=2021-01-01T00:00:00+00:00
[2022-08-29T12:39:33.287-0400] {processor.py:161} INFO - Processing /home/augenz/PycharmProjects/airflow/.env_airflow/lib/python3.9/site-packages/airflow/example_dags/example_trigger_controller_dag.py took 0.526 seconds
[2022-08-29T12:40:03.488-0400] {processor.py:153} INFO - Started process (PID=915) to work on /home/augenz/PycharmProjects/airflow/.env_airflow/lib/python3.9/site-packages/airflow/example_dags/example_trigger_controller_dag.py
[2022-08-29T12:40:03.498-0400] {processor.py:640} INFO - Processing file /home/augenz/PycharmProjects/airflow/.env_airflow/lib/python3.9/site-packages/airflow/example_dags/example_trigger_controller_dag.py for tasks to queue
[2022-08-29T12:40:03.499-0400] {logging_mixin.py:115} INFO - [2022-08-29T12:40:03.499-0400] {dagbag.py:508} INFO - Filling up the DagBag from /home/augenz/PycharmProjects/airflow/.env_airflow/lib/python3.9/site-packages/airflow/example_dags/example_trigger_controller_dag.py
[2022-08-29T12:40:03.504-0400] {processor.py:650} INFO - DAG(s) dict_keys(['example_trigger_controller_dag']) retrieved from /home/augenz/PycharmProjects/airflow/.env_airflow/lib/python3.9/site-packages/airflow/example_dags/example_trigger_controller_dag.py
[2022-08-29T12:40:03.991-0400] {logging_mixin.py:115} INFO - [2022-08-29T12:40:03.991-0400] {dag.py:2429} INFO - Sync 1 DAGs
[2022-08-29T12:40:04.020-0400] {logging_mixin.py:115} INFO - [2022-08-29T12:40:04.019-0400] {dag.py:2977} INFO - Setting next_dagrun for example_trigger_controller_dag to 2021-01-01T00:00:00+00:00, run_after=2021-01-01T00:00:00+00:00
[2022-08-29T12:40:04.060-0400] {processor.py:161} INFO - Processing /home/augenz/PycharmProjects/airflow/.env_airflow/lib/python3.9/site-packages/airflow/example_dags/example_trigger_controller_dag.py took 0.576 seconds
[2022-08-29T12:40:34.119-0400] {processor.py:153} INFO - Started process (PID=950) to work on /home/augenz/PycharmProjects/airflow/.env_airflow/lib/python3.9/site-packages/airflow/example_dags/example_trigger_controller_dag.py
[2022-08-29T12:40:34.120-0400] {processor.py:640} INFO - Processing file /home/augenz/PycharmProjects/airflow/.env_airflow/lib/python3.9/site-packages/airflow/example_dags/example_trigger_controller_dag.py for tasks to queue
[2022-08-29T12:40:34.121-0400] {logging_mixin.py:115} INFO - [2022-08-29T12:40:34.121-0400] {dagbag.py:508} INFO - Filling up the DagBag from /home/augenz/PycharmProjects/airflow/.env_airflow/lib/python3.9/site-packages/airflow/example_dags/example_trigger_controller_dag.py
[2022-08-29T12:40:34.125-0400] {processor.py:650} INFO - DAG(s) dict_keys(['example_trigger_controller_dag']) retrieved from /home/augenz/PycharmProjects/airflow/.env_airflow/lib/python3.9/site-packages/airflow/example_dags/example_trigger_controller_dag.py
[2022-08-29T12:40:34.656-0400] {logging_mixin.py:115} INFO - [2022-08-29T12:40:34.656-0400] {dag.py:2429} INFO - Sync 1 DAGs
[2022-08-29T12:40:34.682-0400] {logging_mixin.py:115} INFO - [2022-08-29T12:40:34.681-0400] {dag.py:2977} INFO - Setting next_dagrun for example_trigger_controller_dag to 2021-01-01T00:00:00+00:00, run_after=2021-01-01T00:00:00+00:00
[2022-08-29T12:40:34.745-0400] {processor.py:161} INFO - Processing /home/augenz/PycharmProjects/airflow/.env_airflow/lib/python3.9/site-packages/airflow/example_dags/example_trigger_controller_dag.py took 0.631 seconds
[2022-08-29T12:41:04.959-0400] {processor.py:153} INFO - Started process (PID=983) to work on /home/augenz/PycharmProjects/airflow/.env_airflow/lib/python3.9/site-packages/airflow/example_dags/example_trigger_controller_dag.py
[2022-08-29T12:41:04.963-0400] {processor.py:640} INFO - Processing file /home/augenz/PycharmProjects/airflow/.env_airflow/lib/python3.9/site-packages/airflow/example_dags/example_trigger_controller_dag.py for tasks to queue
[2022-08-29T12:41:04.964-0400] {logging_mixin.py:115} INFO - [2022-08-29T12:41:04.964-0400] {dagbag.py:508} INFO - Filling up the DagBag from /home/augenz/PycharmProjects/airflow/.env_airflow/lib/python3.9/site-packages/airflow/example_dags/example_trigger_controller_dag.py
[2022-08-29T12:41:04.969-0400] {processor.py:650} INFO - DAG(s) dict_keys(['example_trigger_controller_dag']) retrieved from /home/augenz/PycharmProjects/airflow/.env_airflow/lib/python3.9/site-packages/airflow/example_dags/example_trigger_controller_dag.py
[2022-08-29T12:41:05.428-0400] {logging_mixin.py:115} INFO - [2022-08-29T12:41:05.428-0400] {dag.py:2429} INFO - Sync 1 DAGs
[2022-08-29T12:41:05.457-0400] {logging_mixin.py:115} INFO - [2022-08-29T12:41:05.457-0400] {dag.py:2977} INFO - Setting next_dagrun for example_trigger_controller_dag to 2021-01-01T00:00:00+00:00, run_after=2021-01-01T00:00:00+00:00
[2022-08-29T12:41:05.492-0400] {processor.py:161} INFO - Processing /home/augenz/PycharmProjects/airflow/.env_airflow/lib/python3.9/site-packages/airflow/example_dags/example_trigger_controller_dag.py took 0.538 seconds
[2022-08-29T12:41:35.881-0400] {processor.py:153} INFO - Started process (PID=1027) to work on /home/augenz/PycharmProjects/airflow/.env_airflow/lib/python3.9/site-packages/airflow/example_dags/example_trigger_controller_dag.py
[2022-08-29T12:41:35.882-0400] {processor.py:640} INFO - Processing file /home/augenz/PycharmProjects/airflow/.env_airflow/lib/python3.9/site-packages/airflow/example_dags/example_trigger_controller_dag.py for tasks to queue
[2022-08-29T12:41:35.883-0400] {logging_mixin.py:115} INFO - [2022-08-29T12:41:35.883-0400] {dagbag.py:508} INFO - Filling up the DagBag from /home/augenz/PycharmProjects/airflow/.env_airflow/lib/python3.9/site-packages/airflow/example_dags/example_trigger_controller_dag.py
[2022-08-29T12:41:35.887-0400] {processor.py:650} INFO - DAG(s) dict_keys(['example_trigger_controller_dag']) retrieved from /home/augenz/PycharmProjects/airflow/.env_airflow/lib/python3.9/site-packages/airflow/example_dags/example_trigger_controller_dag.py
[2022-08-29T12:41:36.503-0400] {logging_mixin.py:115} INFO - [2022-08-29T12:41:36.503-0400] {dag.py:2429} INFO - Sync 1 DAGs
[2022-08-29T12:41:36.530-0400] {logging_mixin.py:115} INFO - [2022-08-29T12:41:36.530-0400] {dag.py:2977} INFO - Setting next_dagrun for example_trigger_controller_dag to 2021-01-01T00:00:00+00:00, run_after=2021-01-01T00:00:00+00:00
[2022-08-29T12:41:36.597-0400] {processor.py:161} INFO - Processing /home/augenz/PycharmProjects/airflow/.env_airflow/lib/python3.9/site-packages/airflow/example_dags/example_trigger_controller_dag.py took 0.720 seconds
[2022-08-29T12:42:07.573-0400] {processor.py:153} INFO - Started process (PID=1061) to work on /home/augenz/PycharmProjects/airflow/.env_airflow/lib/python3.9/site-packages/airflow/example_dags/example_trigger_controller_dag.py
[2022-08-29T12:42:07.574-0400] {processor.py:640} INFO - Processing file /home/augenz/PycharmProjects/airflow/.env_airflow/lib/python3.9/site-packages/airflow/example_dags/example_trigger_controller_dag.py for tasks to queue
[2022-08-29T12:42:07.575-0400] {logging_mixin.py:115} INFO - [2022-08-29T12:42:07.575-0400] {dagbag.py:508} INFO - Filling up the DagBag from /home/augenz/PycharmProjects/airflow/.env_airflow/lib/python3.9/site-packages/airflow/example_dags/example_trigger_controller_dag.py
[2022-08-29T12:42:07.580-0400] {processor.py:650} INFO - DAG(s) dict_keys(['example_trigger_controller_dag']) retrieved from /home/augenz/PycharmProjects/airflow/.env_airflow/lib/python3.9/site-packages/airflow/example_dags/example_trigger_controller_dag.py
[2022-08-29T12:42:08.056-0400] {logging_mixin.py:115} INFO - [2022-08-29T12:42:08.056-0400] {dag.py:2429} INFO - Sync 1 DAGs
[2022-08-29T12:42:08.088-0400] {logging_mixin.py:115} INFO - [2022-08-29T12:42:08.088-0400] {dag.py:2977} INFO - Setting next_dagrun for example_trigger_controller_dag to 2021-01-01T00:00:00+00:00, run_after=2021-01-01T00:00:00+00:00
[2022-08-29T12:42:08.136-0400] {processor.py:161} INFO - Processing /home/augenz/PycharmProjects/airflow/.env_airflow/lib/python3.9/site-packages/airflow/example_dags/example_trigger_controller_dag.py took 0.568 seconds
[2022-08-29T12:42:38.388-0400] {processor.py:153} INFO - Started process (PID=1095) to work on /home/augenz/PycharmProjects/airflow/.env_airflow/lib/python3.9/site-packages/airflow/example_dags/example_trigger_controller_dag.py
[2022-08-29T12:42:38.390-0400] {processor.py:640} INFO - Processing file /home/augenz/PycharmProjects/airflow/.env_airflow/lib/python3.9/site-packages/airflow/example_dags/example_trigger_controller_dag.py for tasks to queue
[2022-08-29T12:42:38.391-0400] {logging_mixin.py:115} INFO - [2022-08-29T12:42:38.391-0400] {dagbag.py:508} INFO - Filling up the DagBag from /home/augenz/PycharmProjects/airflow/.env_airflow/lib/python3.9/site-packages/airflow/example_dags/example_trigger_controller_dag.py
[2022-08-29T12:42:38.395-0400] {processor.py:650} INFO - DAG(s) dict_keys(['example_trigger_controller_dag']) retrieved from /home/augenz/PycharmProjects/airflow/.env_airflow/lib/python3.9/site-packages/airflow/example_dags/example_trigger_controller_dag.py
[2022-08-29T12:42:38.896-0400] {logging_mixin.py:115} INFO - [2022-08-29T12:42:38.895-0400] {dag.py:2429} INFO - Sync 1 DAGs
[2022-08-29T12:42:38.921-0400] {logging_mixin.py:115} INFO - [2022-08-29T12:42:38.921-0400] {dag.py:2977} INFO - Setting next_dagrun for example_trigger_controller_dag to 2021-01-01T00:00:00+00:00, run_after=2021-01-01T00:00:00+00:00
[2022-08-29T12:42:38.958-0400] {processor.py:161} INFO - Processing /home/augenz/PycharmProjects/airflow/.env_airflow/lib/python3.9/site-packages/airflow/example_dags/example_trigger_controller_dag.py took 0.573 seconds
[2022-08-29T12:43:09.322-0400] {processor.py:153} INFO - Started process (PID=1130) to work on /home/augenz/PycharmProjects/airflow/.env_airflow/lib/python3.9/site-packages/airflow/example_dags/example_trigger_controller_dag.py
[2022-08-29T12:43:09.323-0400] {processor.py:640} INFO - Processing file /home/augenz/PycharmProjects/airflow/.env_airflow/lib/python3.9/site-packages/airflow/example_dags/example_trigger_controller_dag.py for tasks to queue
[2022-08-29T12:43:09.324-0400] {logging_mixin.py:115} INFO - [2022-08-29T12:43:09.324-0400] {dagbag.py:508} INFO - Filling up the DagBag from /home/augenz/PycharmProjects/airflow/.env_airflow/lib/python3.9/site-packages/airflow/example_dags/example_trigger_controller_dag.py
[2022-08-29T12:43:09.328-0400] {processor.py:650} INFO - DAG(s) dict_keys(['example_trigger_controller_dag']) retrieved from /home/augenz/PycharmProjects/airflow/.env_airflow/lib/python3.9/site-packages/airflow/example_dags/example_trigger_controller_dag.py
[2022-08-29T12:43:09.778-0400] {logging_mixin.py:115} INFO - [2022-08-29T12:43:09.778-0400] {dag.py:2429} INFO - Sync 1 DAGs
[2022-08-29T12:43:09.805-0400] {logging_mixin.py:115} INFO - [2022-08-29T12:43:09.805-0400] {dag.py:2977} INFO - Setting next_dagrun for example_trigger_controller_dag to 2021-01-01T00:00:00+00:00, run_after=2021-01-01T00:00:00+00:00
[2022-08-29T12:43:09.846-0400] {processor.py:161} INFO - Processing /home/augenz/PycharmProjects/airflow/.env_airflow/lib/python3.9/site-packages/airflow/example_dags/example_trigger_controller_dag.py took 0.529 seconds
[2022-08-29T12:43:40.258-0400] {processor.py:153} INFO - Started process (PID=1164) to work on /home/augenz/PycharmProjects/airflow/.env_airflow/lib/python3.9/site-packages/airflow/example_dags/example_trigger_controller_dag.py
[2022-08-29T12:43:40.259-0400] {processor.py:640} INFO - Processing file /home/augenz/PycharmProjects/airflow/.env_airflow/lib/python3.9/site-packages/airflow/example_dags/example_trigger_controller_dag.py for tasks to queue
[2022-08-29T12:43:40.260-0400] {logging_mixin.py:115} INFO - [2022-08-29T12:43:40.260-0400] {dagbag.py:508} INFO - Filling up the DagBag from /home/augenz/PycharmProjects/airflow/.env_airflow/lib/python3.9/site-packages/airflow/example_dags/example_trigger_controller_dag.py
[2022-08-29T12:43:40.264-0400] {processor.py:650} INFO - DAG(s) dict_keys(['example_trigger_controller_dag']) retrieved from /home/augenz/PycharmProjects/airflow/.env_airflow/lib/python3.9/site-packages/airflow/example_dags/example_trigger_controller_dag.py
[2022-08-29T12:43:40.783-0400] {logging_mixin.py:115} INFO - [2022-08-29T12:43:40.783-0400] {dag.py:2429} INFO - Sync 1 DAGs
[2022-08-29T12:43:40.809-0400] {logging_mixin.py:115} INFO - [2022-08-29T12:43:40.809-0400] {dag.py:2977} INFO - Setting next_dagrun for example_trigger_controller_dag to 2021-01-01T00:00:00+00:00, run_after=2021-01-01T00:00:00+00:00
[2022-08-29T12:43:40.850-0400] {processor.py:161} INFO - Processing /home/augenz/PycharmProjects/airflow/.env_airflow/lib/python3.9/site-packages/airflow/example_dags/example_trigger_controller_dag.py took 0.596 seconds
[2022-08-29T12:44:11.197-0400] {processor.py:153} INFO - Started process (PID=1198) to work on /home/augenz/PycharmProjects/airflow/.env_airflow/lib/python3.9/site-packages/airflow/example_dags/example_trigger_controller_dag.py
[2022-08-29T12:44:11.198-0400] {processor.py:640} INFO - Processing file /home/augenz/PycharmProjects/airflow/.env_airflow/lib/python3.9/site-packages/airflow/example_dags/example_trigger_controller_dag.py for tasks to queue
[2022-08-29T12:44:11.199-0400] {logging_mixin.py:115} INFO - [2022-08-29T12:44:11.199-0400] {dagbag.py:508} INFO - Filling up the DagBag from /home/augenz/PycharmProjects/airflow/.env_airflow/lib/python3.9/site-packages/airflow/example_dags/example_trigger_controller_dag.py
[2022-08-29T12:44:11.203-0400] {processor.py:650} INFO - DAG(s) dict_keys(['example_trigger_controller_dag']) retrieved from /home/augenz/PycharmProjects/airflow/.env_airflow/lib/python3.9/site-packages/airflow/example_dags/example_trigger_controller_dag.py
[2022-08-29T12:44:11.719-0400] {logging_mixin.py:115} INFO - [2022-08-29T12:44:11.719-0400] {dag.py:2429} INFO - Sync 1 DAGs
[2022-08-29T12:44:11.754-0400] {logging_mixin.py:115} INFO - [2022-08-29T12:44:11.754-0400] {dag.py:2977} INFO - Setting next_dagrun for example_trigger_controller_dag to 2021-01-01T00:00:00+00:00, run_after=2021-01-01T00:00:00+00:00
[2022-08-29T12:44:11.796-0400] {processor.py:161} INFO - Processing /home/augenz/PycharmProjects/airflow/.env_airflow/lib/python3.9/site-packages/airflow/example_dags/example_trigger_controller_dag.py took 0.604 seconds
[2022-08-29T12:44:42.082-0400] {processor.py:153} INFO - Started process (PID=1246) to work on /home/augenz/PycharmProjects/airflow/.env_airflow/lib/python3.9/site-packages/airflow/example_dags/example_trigger_controller_dag.py
[2022-08-29T12:44:42.086-0400] {processor.py:640} INFO - Processing file /home/augenz/PycharmProjects/airflow/.env_airflow/lib/python3.9/site-packages/airflow/example_dags/example_trigger_controller_dag.py for tasks to queue
[2022-08-29T12:44:42.088-0400] {logging_mixin.py:115} INFO - [2022-08-29T12:44:42.087-0400] {dagbag.py:508} INFO - Filling up the DagBag from /home/augenz/PycharmProjects/airflow/.env_airflow/lib/python3.9/site-packages/airflow/example_dags/example_trigger_controller_dag.py
[2022-08-29T12:44:42.092-0400] {processor.py:650} INFO - DAG(s) dict_keys(['example_trigger_controller_dag']) retrieved from /home/augenz/PycharmProjects/airflow/.env_airflow/lib/python3.9/site-packages/airflow/example_dags/example_trigger_controller_dag.py
[2022-08-29T12:44:42.707-0400] {logging_mixin.py:115} INFO - [2022-08-29T12:44:42.706-0400] {dag.py:2429} INFO - Sync 1 DAGs
[2022-08-29T12:44:42.733-0400] {logging_mixin.py:115} INFO - [2022-08-29T12:44:42.732-0400] {dag.py:2977} INFO - Setting next_dagrun for example_trigger_controller_dag to 2021-01-01T00:00:00+00:00, run_after=2021-01-01T00:00:00+00:00
[2022-08-29T12:44:42.801-0400] {processor.py:161} INFO - Processing /home/augenz/PycharmProjects/airflow/.env_airflow/lib/python3.9/site-packages/airflow/example_dags/example_trigger_controller_dag.py took 0.723 seconds
[2022-08-29T12:45:12.872-0400] {processor.py:153} INFO - Started process (PID=1280) to work on /home/augenz/PycharmProjects/airflow/.env_airflow/lib/python3.9/site-packages/airflow/example_dags/example_trigger_controller_dag.py
[2022-08-29T12:45:12.874-0400] {processor.py:640} INFO - Processing file /home/augenz/PycharmProjects/airflow/.env_airflow/lib/python3.9/site-packages/airflow/example_dags/example_trigger_controller_dag.py for tasks to queue
[2022-08-29T12:45:12.875-0400] {logging_mixin.py:115} INFO - [2022-08-29T12:45:12.875-0400] {dagbag.py:508} INFO - Filling up the DagBag from /home/augenz/PycharmProjects/airflow/.env_airflow/lib/python3.9/site-packages/airflow/example_dags/example_trigger_controller_dag.py
[2022-08-29T12:45:12.878-0400] {processor.py:650} INFO - DAG(s) dict_keys(['example_trigger_controller_dag']) retrieved from /home/augenz/PycharmProjects/airflow/.env_airflow/lib/python3.9/site-packages/airflow/example_dags/example_trigger_controller_dag.py
[2022-08-29T12:45:13.356-0400] {logging_mixin.py:115} INFO - [2022-08-29T12:45:13.356-0400] {dag.py:2429} INFO - Sync 1 DAGs
[2022-08-29T12:45:13.382-0400] {logging_mixin.py:115} INFO - [2022-08-29T12:45:13.382-0400] {dag.py:2977} INFO - Setting next_dagrun for example_trigger_controller_dag to 2021-01-01T00:00:00+00:00, run_after=2021-01-01T00:00:00+00:00
[2022-08-29T12:45:13.422-0400] {processor.py:161} INFO - Processing /home/augenz/PycharmProjects/airflow/.env_airflow/lib/python3.9/site-packages/airflow/example_dags/example_trigger_controller_dag.py took 0.554 seconds
[2022-08-29T12:45:44.010-0400] {processor.py:153} INFO - Started process (PID=1314) to work on /home/augenz/PycharmProjects/airflow/.env_airflow/lib/python3.9/site-packages/airflow/example_dags/example_trigger_controller_dag.py
[2022-08-29T12:45:44.021-0400] {processor.py:640} INFO - Processing file /home/augenz/PycharmProjects/airflow/.env_airflow/lib/python3.9/site-packages/airflow/example_dags/example_trigger_controller_dag.py for tasks to queue
[2022-08-29T12:45:44.022-0400] {logging_mixin.py:115} INFO - [2022-08-29T12:45:44.022-0400] {dagbag.py:508} INFO - Filling up the DagBag from /home/augenz/PycharmProjects/airflow/.env_airflow/lib/python3.9/site-packages/airflow/example_dags/example_trigger_controller_dag.py
[2022-08-29T12:45:44.026-0400] {processor.py:650} INFO - DAG(s) dict_keys(['example_trigger_controller_dag']) retrieved from /home/augenz/PycharmProjects/airflow/.env_airflow/lib/python3.9/site-packages/airflow/example_dags/example_trigger_controller_dag.py
[2022-08-29T12:45:44.528-0400] {logging_mixin.py:115} INFO - [2022-08-29T12:45:44.527-0400] {dag.py:2429} INFO - Sync 1 DAGs
[2022-08-29T12:45:44.562-0400] {logging_mixin.py:115} INFO - [2022-08-29T12:45:44.562-0400] {dag.py:2977} INFO - Setting next_dagrun for example_trigger_controller_dag to 2021-01-01T00:00:00+00:00, run_after=2021-01-01T00:00:00+00:00
[2022-08-29T12:45:44.601-0400] {processor.py:161} INFO - Processing /home/augenz/PycharmProjects/airflow/.env_airflow/lib/python3.9/site-packages/airflow/example_dags/example_trigger_controller_dag.py took 0.594 seconds
[2022-08-29T12:46:15.161-0400] {processor.py:153} INFO - Started process (PID=1349) to work on /home/augenz/PycharmProjects/airflow/.env_airflow/lib/python3.9/site-packages/airflow/example_dags/example_trigger_controller_dag.py
[2022-08-29T12:46:15.164-0400] {processor.py:640} INFO - Processing file /home/augenz/PycharmProjects/airflow/.env_airflow/lib/python3.9/site-packages/airflow/example_dags/example_trigger_controller_dag.py for tasks to queue
[2022-08-29T12:46:15.165-0400] {logging_mixin.py:115} INFO - [2022-08-29T12:46:15.165-0400] {dagbag.py:508} INFO - Filling up the DagBag from /home/augenz/PycharmProjects/airflow/.env_airflow/lib/python3.9/site-packages/airflow/example_dags/example_trigger_controller_dag.py
[2022-08-29T12:46:15.168-0400] {processor.py:650} INFO - DAG(s) dict_keys(['example_trigger_controller_dag']) retrieved from /home/augenz/PycharmProjects/airflow/.env_airflow/lib/python3.9/site-packages/airflow/example_dags/example_trigger_controller_dag.py
[2022-08-29T12:46:15.639-0400] {logging_mixin.py:115} INFO - [2022-08-29T12:46:15.639-0400] {dag.py:2429} INFO - Sync 1 DAGs
[2022-08-29T12:46:15.664-0400] {logging_mixin.py:115} INFO - [2022-08-29T12:46:15.664-0400] {dag.py:2977} INFO - Setting next_dagrun for example_trigger_controller_dag to 2021-01-01T00:00:00+00:00, run_after=2021-01-01T00:00:00+00:00
[2022-08-29T12:46:15.697-0400] {processor.py:161} INFO - Processing /home/augenz/PycharmProjects/airflow/.env_airflow/lib/python3.9/site-packages/airflow/example_dags/example_trigger_controller_dag.py took 0.540 seconds
[2022-08-29T12:46:45.975-0400] {processor.py:153} INFO - Started process (PID=1384) to work on /home/augenz/PycharmProjects/airflow/.env_airflow/lib/python3.9/site-packages/airflow/example_dags/example_trigger_controller_dag.py
[2022-08-29T12:46:45.979-0400] {processor.py:640} INFO - Processing file /home/augenz/PycharmProjects/airflow/.env_airflow/lib/python3.9/site-packages/airflow/example_dags/example_trigger_controller_dag.py for tasks to queue
[2022-08-29T12:46:45.980-0400] {logging_mixin.py:115} INFO - [2022-08-29T12:46:45.980-0400] {dagbag.py:508} INFO - Filling up the DagBag from /home/augenz/PycharmProjects/airflow/.env_airflow/lib/python3.9/site-packages/airflow/example_dags/example_trigger_controller_dag.py
[2022-08-29T12:46:45.984-0400] {processor.py:650} INFO - DAG(s) dict_keys(['example_trigger_controller_dag']) retrieved from /home/augenz/PycharmProjects/airflow/.env_airflow/lib/python3.9/site-packages/airflow/example_dags/example_trigger_controller_dag.py
[2022-08-29T12:46:46.462-0400] {logging_mixin.py:115} INFO - [2022-08-29T12:46:46.461-0400] {dag.py:2429} INFO - Sync 1 DAGs
[2022-08-29T12:46:46.488-0400] {logging_mixin.py:115} INFO - [2022-08-29T12:46:46.488-0400] {dag.py:2977} INFO - Setting next_dagrun for example_trigger_controller_dag to 2021-01-01T00:00:00+00:00, run_after=2021-01-01T00:00:00+00:00
[2022-08-29T12:46:46.537-0400] {processor.py:161} INFO - Processing /home/augenz/PycharmProjects/airflow/.env_airflow/lib/python3.9/site-packages/airflow/example_dags/example_trigger_controller_dag.py took 0.566 seconds
[2022-08-29T12:47:16.979-0400] {processor.py:153} INFO - Started process (PID=1418) to work on /home/augenz/PycharmProjects/airflow/.env_airflow/lib/python3.9/site-packages/airflow/example_dags/example_trigger_controller_dag.py
[2022-08-29T12:47:16.980-0400] {processor.py:640} INFO - Processing file /home/augenz/PycharmProjects/airflow/.env_airflow/lib/python3.9/site-packages/airflow/example_dags/example_trigger_controller_dag.py for tasks to queue
[2022-08-29T12:47:16.981-0400] {logging_mixin.py:115} INFO - [2022-08-29T12:47:16.981-0400] {dagbag.py:508} INFO - Filling up the DagBag from /home/augenz/PycharmProjects/airflow/.env_airflow/lib/python3.9/site-packages/airflow/example_dags/example_trigger_controller_dag.py
[2022-08-29T12:47:16.984-0400] {processor.py:650} INFO - DAG(s) dict_keys(['example_trigger_controller_dag']) retrieved from /home/augenz/PycharmProjects/airflow/.env_airflow/lib/python3.9/site-packages/airflow/example_dags/example_trigger_controller_dag.py
[2022-08-29T12:47:17.463-0400] {logging_mixin.py:115} INFO - [2022-08-29T12:47:17.462-0400] {dag.py:2429} INFO - Sync 1 DAGs
[2022-08-29T12:47:17.496-0400] {logging_mixin.py:115} INFO - [2022-08-29T12:47:17.495-0400] {dag.py:2977} INFO - Setting next_dagrun for example_trigger_controller_dag to 2021-01-01T00:00:00+00:00, run_after=2021-01-01T00:00:00+00:00
[2022-08-29T12:47:17.542-0400] {processor.py:161} INFO - Processing /home/augenz/PycharmProjects/airflow/.env_airflow/lib/python3.9/site-packages/airflow/example_dags/example_trigger_controller_dag.py took 0.567 seconds
[2022-08-29T12:47:48.169-0400] {processor.py:153} INFO - Started process (PID=1460) to work on /home/augenz/PycharmProjects/airflow/.env_airflow/lib/python3.9/site-packages/airflow/example_dags/example_trigger_controller_dag.py
[2022-08-29T12:47:48.171-0400] {processor.py:640} INFO - Processing file /home/augenz/PycharmProjects/airflow/.env_airflow/lib/python3.9/site-packages/airflow/example_dags/example_trigger_controller_dag.py for tasks to queue
[2022-08-29T12:47:48.171-0400] {logging_mixin.py:115} INFO - [2022-08-29T12:47:48.171-0400] {dagbag.py:508} INFO - Filling up the DagBag from /home/augenz/PycharmProjects/airflow/.env_airflow/lib/python3.9/site-packages/airflow/example_dags/example_trigger_controller_dag.py
[2022-08-29T12:47:48.175-0400] {processor.py:650} INFO - DAG(s) dict_keys(['example_trigger_controller_dag']) retrieved from /home/augenz/PycharmProjects/airflow/.env_airflow/lib/python3.9/site-packages/airflow/example_dags/example_trigger_controller_dag.py
[2022-08-29T12:47:48.632-0400] {logging_mixin.py:115} INFO - [2022-08-29T12:47:48.631-0400] {dag.py:2429} INFO - Sync 1 DAGs
[2022-08-29T12:47:48.658-0400] {logging_mixin.py:115} INFO - [2022-08-29T12:47:48.658-0400] {dag.py:2977} INFO - Setting next_dagrun for example_trigger_controller_dag to 2021-01-01T00:00:00+00:00, run_after=2021-01-01T00:00:00+00:00
[2022-08-29T12:47:48.722-0400] {processor.py:161} INFO - Processing /home/augenz/PycharmProjects/airflow/.env_airflow/lib/python3.9/site-packages/airflow/example_dags/example_trigger_controller_dag.py took 0.557 seconds
[2022-08-29T12:48:18.844-0400] {processor.py:153} INFO - Started process (PID=1494) to work on /home/augenz/PycharmProjects/airflow/.env_airflow/lib/python3.9/site-packages/airflow/example_dags/example_trigger_controller_dag.py
[2022-08-29T12:48:18.847-0400] {processor.py:640} INFO - Processing file /home/augenz/PycharmProjects/airflow/.env_airflow/lib/python3.9/site-packages/airflow/example_dags/example_trigger_controller_dag.py for tasks to queue
[2022-08-29T12:48:18.848-0400] {logging_mixin.py:115} INFO - [2022-08-29T12:48:18.848-0400] {dagbag.py:508} INFO - Filling up the DagBag from /home/augenz/PycharmProjects/airflow/.env_airflow/lib/python3.9/site-packages/airflow/example_dags/example_trigger_controller_dag.py
[2022-08-29T12:48:18.852-0400] {processor.py:650} INFO - DAG(s) dict_keys(['example_trigger_controller_dag']) retrieved from /home/augenz/PycharmProjects/airflow/.env_airflow/lib/python3.9/site-packages/airflow/example_dags/example_trigger_controller_dag.py
[2022-08-29T12:48:19.310-0400] {logging_mixin.py:115} INFO - [2022-08-29T12:48:19.310-0400] {dag.py:2429} INFO - Sync 1 DAGs
[2022-08-29T12:48:19.338-0400] {logging_mixin.py:115} INFO - [2022-08-29T12:48:19.338-0400] {dag.py:2977} INFO - Setting next_dagrun for example_trigger_controller_dag to 2021-01-01T00:00:00+00:00, run_after=2021-01-01T00:00:00+00:00
[2022-08-29T12:48:19.368-0400] {processor.py:161} INFO - Processing /home/augenz/PycharmProjects/airflow/.env_airflow/lib/python3.9/site-packages/airflow/example_dags/example_trigger_controller_dag.py took 0.529 seconds
[2022-08-29T12:48:50.045-0400] {processor.py:153} INFO - Started process (PID=1529) to work on /home/augenz/PycharmProjects/airflow/.env_airflow/lib/python3.9/site-packages/airflow/example_dags/example_trigger_controller_dag.py
[2022-08-29T12:48:50.047-0400] {processor.py:640} INFO - Processing file /home/augenz/PycharmProjects/airflow/.env_airflow/lib/python3.9/site-packages/airflow/example_dags/example_trigger_controller_dag.py for tasks to queue
[2022-08-29T12:48:50.048-0400] {logging_mixin.py:115} INFO - [2022-08-29T12:48:50.048-0400] {dagbag.py:508} INFO - Filling up the DagBag from /home/augenz/PycharmProjects/airflow/.env_airflow/lib/python3.9/site-packages/airflow/example_dags/example_trigger_controller_dag.py
[2022-08-29T12:48:50.051-0400] {processor.py:650} INFO - DAG(s) dict_keys(['example_trigger_controller_dag']) retrieved from /home/augenz/PycharmProjects/airflow/.env_airflow/lib/python3.9/site-packages/airflow/example_dags/example_trigger_controller_dag.py
[2022-08-29T12:48:50.524-0400] {logging_mixin.py:115} INFO - [2022-08-29T12:48:50.523-0400] {dag.py:2429} INFO - Sync 1 DAGs
[2022-08-29T12:48:50.560-0400] {logging_mixin.py:115} INFO - [2022-08-29T12:48:50.559-0400] {dag.py:2977} INFO - Setting next_dagrun for example_trigger_controller_dag to 2021-01-01T00:00:00+00:00, run_after=2021-01-01T00:00:00+00:00
[2022-08-29T12:48:50.606-0400] {processor.py:161} INFO - Processing /home/augenz/PycharmProjects/airflow/.env_airflow/lib/python3.9/site-packages/airflow/example_dags/example_trigger_controller_dag.py took 0.566 seconds
[2022-08-29T12:49:21.154-0400] {processor.py:153} INFO - Started process (PID=1571) to work on /home/augenz/PycharmProjects/airflow/.env_airflow/lib/python3.9/site-packages/airflow/example_dags/example_trigger_controller_dag.py
[2022-08-29T12:49:21.155-0400] {processor.py:640} INFO - Processing file /home/augenz/PycharmProjects/airflow/.env_airflow/lib/python3.9/site-packages/airflow/example_dags/example_trigger_controller_dag.py for tasks to queue
[2022-08-29T12:49:21.156-0400] {logging_mixin.py:115} INFO - [2022-08-29T12:49:21.156-0400] {dagbag.py:508} INFO - Filling up the DagBag from /home/augenz/PycharmProjects/airflow/.env_airflow/lib/python3.9/site-packages/airflow/example_dags/example_trigger_controller_dag.py
[2022-08-29T12:49:21.161-0400] {processor.py:650} INFO - DAG(s) dict_keys(['example_trigger_controller_dag']) retrieved from /home/augenz/PycharmProjects/airflow/.env_airflow/lib/python3.9/site-packages/airflow/example_dags/example_trigger_controller_dag.py
[2022-08-29T12:49:21.865-0400] {logging_mixin.py:115} INFO - [2022-08-29T12:49:21.865-0400] {dag.py:2429} INFO - Sync 1 DAGs
[2022-08-29T12:49:21.894-0400] {logging_mixin.py:115} INFO - [2022-08-29T12:49:21.894-0400] {dag.py:2977} INFO - Setting next_dagrun for example_trigger_controller_dag to 2021-01-01T00:00:00+00:00, run_after=2021-01-01T00:00:00+00:00
[2022-08-29T12:49:21.937-0400] {processor.py:161} INFO - Processing /home/augenz/PycharmProjects/airflow/.env_airflow/lib/python3.9/site-packages/airflow/example_dags/example_trigger_controller_dag.py took 0.789 seconds
[2022-08-29T12:49:52.003-0400] {processor.py:153} INFO - Started process (PID=1607) to work on /home/augenz/PycharmProjects/airflow/.env_airflow/lib/python3.9/site-packages/airflow/example_dags/example_trigger_controller_dag.py
[2022-08-29T12:49:52.005-0400] {processor.py:640} INFO - Processing file /home/augenz/PycharmProjects/airflow/.env_airflow/lib/python3.9/site-packages/airflow/example_dags/example_trigger_controller_dag.py for tasks to queue
[2022-08-29T12:49:52.006-0400] {logging_mixin.py:115} INFO - [2022-08-29T12:49:52.006-0400] {dagbag.py:508} INFO - Filling up the DagBag from /home/augenz/PycharmProjects/airflow/.env_airflow/lib/python3.9/site-packages/airflow/example_dags/example_trigger_controller_dag.py
[2022-08-29T12:49:52.012-0400] {processor.py:650} INFO - DAG(s) dict_keys(['example_trigger_controller_dag']) retrieved from /home/augenz/PycharmProjects/airflow/.env_airflow/lib/python3.9/site-packages/airflow/example_dags/example_trigger_controller_dag.py
[2022-08-29T12:49:52.626-0400] {logging_mixin.py:115} INFO - [2022-08-29T12:49:52.626-0400] {dag.py:2429} INFO - Sync 1 DAGs
[2022-08-29T12:49:52.652-0400] {logging_mixin.py:115} INFO - [2022-08-29T12:49:52.652-0400] {dag.py:2977} INFO - Setting next_dagrun for example_trigger_controller_dag to 2021-01-01T00:00:00+00:00, run_after=2021-01-01T00:00:00+00:00
[2022-08-29T12:49:52.701-0400] {processor.py:161} INFO - Processing /home/augenz/PycharmProjects/airflow/.env_airflow/lib/python3.9/site-packages/airflow/example_dags/example_trigger_controller_dag.py took 0.702 seconds
[2022-08-29T12:50:23.818-0400] {processor.py:153} INFO - Started process (PID=1646) to work on /home/augenz/PycharmProjects/airflow/.env_airflow/lib/python3.9/site-packages/airflow/example_dags/example_trigger_controller_dag.py
[2022-08-29T12:50:23.821-0400] {processor.py:640} INFO - Processing file /home/augenz/PycharmProjects/airflow/.env_airflow/lib/python3.9/site-packages/airflow/example_dags/example_trigger_controller_dag.py for tasks to queue
[2022-08-29T12:50:23.823-0400] {logging_mixin.py:115} INFO - [2022-08-29T12:50:23.822-0400] {dagbag.py:508} INFO - Filling up the DagBag from /home/augenz/PycharmProjects/airflow/.env_airflow/lib/python3.9/site-packages/airflow/example_dags/example_trigger_controller_dag.py
[2022-08-29T12:50:23.829-0400] {processor.py:650} INFO - DAG(s) dict_keys(['example_trigger_controller_dag']) retrieved from /home/augenz/PycharmProjects/airflow/.env_airflow/lib/python3.9/site-packages/airflow/example_dags/example_trigger_controller_dag.py
[2022-08-29T12:50:24.466-0400] {logging_mixin.py:115} INFO - [2022-08-29T12:50:24.466-0400] {dag.py:2429} INFO - Sync 1 DAGs
[2022-08-29T12:50:24.496-0400] {logging_mixin.py:115} INFO - [2022-08-29T12:50:24.496-0400] {dag.py:2977} INFO - Setting next_dagrun for example_trigger_controller_dag to 2021-01-01T00:00:00+00:00, run_after=2021-01-01T00:00:00+00:00
[2022-08-29T12:50:24.539-0400] {processor.py:161} INFO - Processing /home/augenz/PycharmProjects/airflow/.env_airflow/lib/python3.9/site-packages/airflow/example_dags/example_trigger_controller_dag.py took 0.728 seconds
[2022-08-29T12:50:54.914-0400] {processor.py:153} INFO - Started process (PID=1680) to work on /home/augenz/PycharmProjects/airflow/.env_airflow/lib/python3.9/site-packages/airflow/example_dags/example_trigger_controller_dag.py
[2022-08-29T12:50:54.915-0400] {processor.py:640} INFO - Processing file /home/augenz/PycharmProjects/airflow/.env_airflow/lib/python3.9/site-packages/airflow/example_dags/example_trigger_controller_dag.py for tasks to queue
[2022-08-29T12:50:54.917-0400] {logging_mixin.py:115} INFO - [2022-08-29T12:50:54.916-0400] {dagbag.py:508} INFO - Filling up the DagBag from /home/augenz/PycharmProjects/airflow/.env_airflow/lib/python3.9/site-packages/airflow/example_dags/example_trigger_controller_dag.py
[2022-08-29T12:50:54.923-0400] {processor.py:650} INFO - DAG(s) dict_keys(['example_trigger_controller_dag']) retrieved from /home/augenz/PycharmProjects/airflow/.env_airflow/lib/python3.9/site-packages/airflow/example_dags/example_trigger_controller_dag.py
[2022-08-29T12:50:55.625-0400] {logging_mixin.py:115} INFO - [2022-08-29T12:50:55.624-0400] {dag.py:2429} INFO - Sync 1 DAGs
[2022-08-29T12:50:55.657-0400] {logging_mixin.py:115} INFO - [2022-08-29T12:50:55.657-0400] {dag.py:2977} INFO - Setting next_dagrun for example_trigger_controller_dag to 2021-01-01T00:00:00+00:00, run_after=2021-01-01T00:00:00+00:00
[2022-08-29T12:50:55.702-0400] {processor.py:161} INFO - Processing /home/augenz/PycharmProjects/airflow/.env_airflow/lib/python3.9/site-packages/airflow/example_dags/example_trigger_controller_dag.py took 0.793 seconds
[2022-08-29T12:51:26.696-0400] {processor.py:153} INFO - Started process (PID=1718) to work on /home/augenz/PycharmProjects/airflow/.env_airflow/lib/python3.9/site-packages/airflow/example_dags/example_trigger_controller_dag.py
[2022-08-29T12:51:26.697-0400] {processor.py:640} INFO - Processing file /home/augenz/PycharmProjects/airflow/.env_airflow/lib/python3.9/site-packages/airflow/example_dags/example_trigger_controller_dag.py for tasks to queue
[2022-08-29T12:51:26.698-0400] {logging_mixin.py:115} INFO - [2022-08-29T12:51:26.698-0400] {dagbag.py:508} INFO - Filling up the DagBag from /home/augenz/PycharmProjects/airflow/.env_airflow/lib/python3.9/site-packages/airflow/example_dags/example_trigger_controller_dag.py
[2022-08-29T12:51:26.702-0400] {processor.py:650} INFO - DAG(s) dict_keys(['example_trigger_controller_dag']) retrieved from /home/augenz/PycharmProjects/airflow/.env_airflow/lib/python3.9/site-packages/airflow/example_dags/example_trigger_controller_dag.py
[2022-08-29T12:51:27.313-0400] {logging_mixin.py:115} INFO - [2022-08-29T12:51:27.312-0400] {dag.py:2429} INFO - Sync 1 DAGs
[2022-08-29T12:51:27.345-0400] {logging_mixin.py:115} INFO - [2022-08-29T12:51:27.345-0400] {dag.py:2977} INFO - Setting next_dagrun for example_trigger_controller_dag to 2021-01-01T00:00:00+00:00, run_after=2021-01-01T00:00:00+00:00
[2022-08-29T12:51:27.382-0400] {processor.py:161} INFO - Processing /home/augenz/PycharmProjects/airflow/.env_airflow/lib/python3.9/site-packages/airflow/example_dags/example_trigger_controller_dag.py took 0.692 seconds
[2022-08-29T12:51:57.691-0400] {processor.py:153} INFO - Started process (PID=1752) to work on /home/augenz/PycharmProjects/airflow/.env_airflow/lib/python3.9/site-packages/airflow/example_dags/example_trigger_controller_dag.py
[2022-08-29T12:51:57.692-0400] {processor.py:640} INFO - Processing file /home/augenz/PycharmProjects/airflow/.env_airflow/lib/python3.9/site-packages/airflow/example_dags/example_trigger_controller_dag.py for tasks to queue
[2022-08-29T12:51:57.693-0400] {logging_mixin.py:115} INFO - [2022-08-29T12:51:57.693-0400] {dagbag.py:508} INFO - Filling up the DagBag from /home/augenz/PycharmProjects/airflow/.env_airflow/lib/python3.9/site-packages/airflow/example_dags/example_trigger_controller_dag.py
[2022-08-29T12:51:57.697-0400] {processor.py:650} INFO - DAG(s) dict_keys(['example_trigger_controller_dag']) retrieved from /home/augenz/PycharmProjects/airflow/.env_airflow/lib/python3.9/site-packages/airflow/example_dags/example_trigger_controller_dag.py
[2022-08-29T12:51:58.160-0400] {logging_mixin.py:115} INFO - [2022-08-29T12:51:58.159-0400] {dag.py:2429} INFO - Sync 1 DAGs
[2022-08-29T12:51:58.188-0400] {logging_mixin.py:115} INFO - [2022-08-29T12:51:58.188-0400] {dag.py:2977} INFO - Setting next_dagrun for example_trigger_controller_dag to 2021-01-01T00:00:00+00:00, run_after=2021-01-01T00:00:00+00:00
[2022-08-29T12:51:58.247-0400] {processor.py:161} INFO - Processing /home/augenz/PycharmProjects/airflow/.env_airflow/lib/python3.9/site-packages/airflow/example_dags/example_trigger_controller_dag.py took 0.562 seconds
[2022-08-29T12:52:28.711-0400] {processor.py:153} INFO - Started process (PID=1786) to work on /home/augenz/PycharmProjects/airflow/.env_airflow/lib/python3.9/site-packages/airflow/example_dags/example_trigger_controller_dag.py
[2022-08-29T12:52:28.713-0400] {processor.py:640} INFO - Processing file /home/augenz/PycharmProjects/airflow/.env_airflow/lib/python3.9/site-packages/airflow/example_dags/example_trigger_controller_dag.py for tasks to queue
[2022-08-29T12:52:28.714-0400] {logging_mixin.py:115} INFO - [2022-08-29T12:52:28.714-0400] {dagbag.py:508} INFO - Filling up the DagBag from /home/augenz/PycharmProjects/airflow/.env_airflow/lib/python3.9/site-packages/airflow/example_dags/example_trigger_controller_dag.py
[2022-08-29T12:52:28.718-0400] {processor.py:650} INFO - DAG(s) dict_keys(['example_trigger_controller_dag']) retrieved from /home/augenz/PycharmProjects/airflow/.env_airflow/lib/python3.9/site-packages/airflow/example_dags/example_trigger_controller_dag.py
[2022-08-29T12:52:29.191-0400] {logging_mixin.py:115} INFO - [2022-08-29T12:52:29.190-0400] {dag.py:2429} INFO - Sync 1 DAGs
[2022-08-29T12:52:29.218-0400] {logging_mixin.py:115} INFO - [2022-08-29T12:52:29.218-0400] {dag.py:2977} INFO - Setting next_dagrun for example_trigger_controller_dag to 2021-01-01T00:00:00+00:00, run_after=2021-01-01T00:00:00+00:00
[2022-08-29T12:52:29.260-0400] {processor.py:161} INFO - Processing /home/augenz/PycharmProjects/airflow/.env_airflow/lib/python3.9/site-packages/airflow/example_dags/example_trigger_controller_dag.py took 0.553 seconds
[2022-08-29T12:52:59.347-0400] {processor.py:153} INFO - Started process (PID=1820) to work on /home/augenz/PycharmProjects/airflow/.env_airflow/lib/python3.9/site-packages/airflow/example_dags/example_trigger_controller_dag.py
[2022-08-29T12:52:59.356-0400] {processor.py:640} INFO - Processing file /home/augenz/PycharmProjects/airflow/.env_airflow/lib/python3.9/site-packages/airflow/example_dags/example_trigger_controller_dag.py for tasks to queue
[2022-08-29T12:52:59.357-0400] {logging_mixin.py:115} INFO - [2022-08-29T12:52:59.357-0400] {dagbag.py:508} INFO - Filling up the DagBag from /home/augenz/PycharmProjects/airflow/.env_airflow/lib/python3.9/site-packages/airflow/example_dags/example_trigger_controller_dag.py
[2022-08-29T12:52:59.363-0400] {processor.py:650} INFO - DAG(s) dict_keys(['example_trigger_controller_dag']) retrieved from /home/augenz/PycharmProjects/airflow/.env_airflow/lib/python3.9/site-packages/airflow/example_dags/example_trigger_controller_dag.py
[2022-08-29T12:52:59.956-0400] {logging_mixin.py:115} INFO - [2022-08-29T12:52:59.956-0400] {dag.py:2429} INFO - Sync 1 DAGs
[2022-08-29T12:52:59.984-0400] {logging_mixin.py:115} INFO - [2022-08-29T12:52:59.984-0400] {dag.py:2977} INFO - Setting next_dagrun for example_trigger_controller_dag to 2021-01-01T00:00:00+00:00, run_after=2021-01-01T00:00:00+00:00
[2022-08-29T12:53:00.032-0400] {processor.py:161} INFO - Processing /home/augenz/PycharmProjects/airflow/.env_airflow/lib/python3.9/site-packages/airflow/example_dags/example_trigger_controller_dag.py took 0.692 seconds
[2022-08-29T12:53:30.525-0400] {processor.py:153} INFO - Started process (PID=1857) to work on /home/augenz/PycharmProjects/airflow/.env_airflow/lib/python3.9/site-packages/airflow/example_dags/example_trigger_controller_dag.py
[2022-08-29T12:53:30.526-0400] {processor.py:640} INFO - Processing file /home/augenz/PycharmProjects/airflow/.env_airflow/lib/python3.9/site-packages/airflow/example_dags/example_trigger_controller_dag.py for tasks to queue
[2022-08-29T12:53:30.527-0400] {logging_mixin.py:115} INFO - [2022-08-29T12:53:30.526-0400] {dagbag.py:508} INFO - Filling up the DagBag from /home/augenz/PycharmProjects/airflow/.env_airflow/lib/python3.9/site-packages/airflow/example_dags/example_trigger_controller_dag.py
[2022-08-29T12:53:30.531-0400] {processor.py:650} INFO - DAG(s) dict_keys(['example_trigger_controller_dag']) retrieved from /home/augenz/PycharmProjects/airflow/.env_airflow/lib/python3.9/site-packages/airflow/example_dags/example_trigger_controller_dag.py
[2022-08-29T12:53:30.997-0400] {logging_mixin.py:115} INFO - [2022-08-29T12:53:30.996-0400] {dag.py:2429} INFO - Sync 1 DAGs
[2022-08-29T12:53:31.024-0400] {logging_mixin.py:115} INFO - [2022-08-29T12:53:31.024-0400] {dag.py:2977} INFO - Setting next_dagrun for example_trigger_controller_dag to 2021-01-01T00:00:00+00:00, run_after=2021-01-01T00:00:00+00:00
[2022-08-29T12:53:31.080-0400] {processor.py:161} INFO - Processing /home/augenz/PycharmProjects/airflow/.env_airflow/lib/python3.9/site-packages/airflow/example_dags/example_trigger_controller_dag.py took 0.561 seconds
[2022-08-29T12:54:01.426-0400] {processor.py:153} INFO - Started process (PID=1899) to work on /home/augenz/PycharmProjects/airflow/.env_airflow/lib/python3.9/site-packages/airflow/example_dags/example_trigger_controller_dag.py
[2022-08-29T12:54:01.439-0400] {processor.py:640} INFO - Processing file /home/augenz/PycharmProjects/airflow/.env_airflow/lib/python3.9/site-packages/airflow/example_dags/example_trigger_controller_dag.py for tasks to queue
[2022-08-29T12:54:01.440-0400] {logging_mixin.py:115} INFO - [2022-08-29T12:54:01.440-0400] {dagbag.py:508} INFO - Filling up the DagBag from /home/augenz/PycharmProjects/airflow/.env_airflow/lib/python3.9/site-packages/airflow/example_dags/example_trigger_controller_dag.py
[2022-08-29T12:54:01.445-0400] {processor.py:650} INFO - DAG(s) dict_keys(['example_trigger_controller_dag']) retrieved from /home/augenz/PycharmProjects/airflow/.env_airflow/lib/python3.9/site-packages/airflow/example_dags/example_trigger_controller_dag.py
[2022-08-29T12:54:03.822-0400] {logging_mixin.py:115} INFO - [2022-08-29T12:54:03.822-0400] {process_utils.py:240} INFO - Waiting up to 5 seconds for processes to exit...
[2022-08-29T12:54:03.823-0400] {logging_mixin.py:115} WARNING - Exception ignored in: <function _collection_gced at 0x7f3002586dc0>
[2022-08-29T12:54:03.823-0400] {logging_mixin.py:115} WARNING - Traceback (most recent call last):
[2022-08-29T12:54:03.824-0400] {logging_mixin.py:115} WARNING -   File "/home/augenz/PycharmProjects/airflow/.env_airflow/lib/python3.9/site-packages/sqlalchemy/event/registry.py", line 53, in _collection_gced
[2022-08-29T12:54:03.824-0400] {logging_mixin.py:115} WARNING -     def _collection_gced(ref):
[2022-08-29T12:54:03.824-0400] {logging_mixin.py:115} WARNING -   File "/home/augenz/PycharmProjects/airflow/.env_airflow/lib/python3.9/site-packages/airflow/dag_processing/manager.py", line 465, in _exit_gracefully
[2022-08-29T12:54:03.824-0400] {logging_mixin.py:115} WARNING -     self.end()
[2022-08-29T12:54:03.824-0400] {logging_mixin.py:115} WARNING -   File "/home/augenz/PycharmProjects/airflow/.env_airflow/lib/python3.9/site-packages/airflow/dag_processing/manager.py", line 1144, in end
[2022-08-29T12:54:03.825-0400] {logging_mixin.py:115} WARNING -     kill_child_processes_by_pids(pids_to_kill)
[2022-08-29T12:54:03.825-0400] {logging_mixin.py:115} WARNING -   File "/home/augenz/PycharmProjects/airflow/.env_airflow/lib/python3.9/site-packages/airflow/utils/process_utils.py", line 227, in kill_child_processes_by_pids
[2022-08-29T12:54:03.825-0400] {logging_mixin.py:115} WARNING -     this_process = psutil.Process(os.getpid())
[2022-08-29T12:54:03.825-0400] {logging_mixin.py:115} WARNING -   File "/home/augenz/PycharmProjects/airflow/.env_airflow/lib/python3.9/site-packages/psutil/__init__.py", line 332, in __init__
[2022-08-29T12:54:03.826-0400] {logging_mixin.py:115} WARNING -     self._init(pid)
[2022-08-29T12:54:03.826-0400] {logging_mixin.py:115} WARNING -   File "/home/augenz/PycharmProjects/airflow/.env_airflow/lib/python3.9/site-packages/psutil/__init__.py", line 343, in _init
[2022-08-29T12:54:03.826-0400] {logging_mixin.py:115} WARNING -     self._pid = pid
[2022-08-29T12:54:03.826-0400] {logging_mixin.py:115} WARNING -   File "/home/augenz/PycharmProjects/airflow/.env_airflow/lib/python3.9/site-packages/airflow/dag_processing/manager.py", line 467, in _exit_gracefully
[2022-08-29T12:54:03.827-0400] {logging_mixin.py:115} WARNING -     sys.exit(os.EX_OK)
[2022-08-29T12:54:03.827-0400] {logging_mixin.py:115} WARNING - SystemExit: 0
[2022-08-29T12:54:03.857-0400] {logging_mixin.py:115} INFO - [2022-08-29T12:54:03.857-0400] {dag.py:2429} INFO - Sync 1 DAGs
[2022-08-29T12:54:03.885-0400] {logging_mixin.py:115} INFO - [2022-08-29T12:54:03.885-0400] {dag.py:2977} INFO - Setting next_dagrun for example_trigger_controller_dag to 2021-01-01T00:00:00+00:00, run_after=2021-01-01T00:00:00+00:00
[2022-08-29T12:54:03.940-0400] {processor.py:161} INFO - Processing /home/augenz/PycharmProjects/airflow/.env_airflow/lib/python3.9/site-packages/airflow/example_dags/example_trigger_controller_dag.py took 2.519 seconds
