[2022-08-29T12:33:20.330-0400] {processor.py:153} INFO - Started process (PID=399) to work on /home/augenz/PycharmProjects/airflow/.env_airflow/lib/python3.9/site-packages/airflow/example_dags/example_branch_operator.py
[2022-08-29T12:33:20.332-0400] {processor.py:640} INFO - Processing file /home/augenz/PycharmProjects/airflow/.env_airflow/lib/python3.9/site-packages/airflow/example_dags/example_branch_operator.py for tasks to queue
[2022-08-29T12:33:20.333-0400] {logging_mixin.py:115} INFO - [2022-08-29T12:33:20.332-0400] {dagbag.py:508} INFO - Filling up the DagBag from /home/augenz/PycharmProjects/airflow/.env_airflow/lib/python3.9/site-packages/airflow/example_dags/example_branch_operator.py
[2022-08-29T12:33:20.350-0400] {processor.py:650} INFO - DAG(s) dict_keys(['example_branch_operator']) retrieved from /home/augenz/PycharmProjects/airflow/.env_airflow/lib/python3.9/site-packages/airflow/example_dags/example_branch_operator.py
[2022-08-29T12:33:20.531-0400] {logging_mixin.py:115} INFO - [2022-08-29T12:33:20.531-0400] {manager.py:508} INFO - Created Permission View: can delete on DAG:example_branch_operator
[2022-08-29T12:33:20.581-0400] {logging_mixin.py:115} INFO - [2022-08-29T12:33:20.581-0400] {manager.py:508} INFO - Created Permission View: can read on DAG:example_branch_operator
[2022-08-29T12:33:20.632-0400] {logging_mixin.py:115} INFO - [2022-08-29T12:33:20.631-0400] {manager.py:508} INFO - Created Permission View: can edit on DAG:example_branch_operator
[2022-08-29T12:33:20.633-0400] {logging_mixin.py:115} INFO - [2022-08-29T12:33:20.632-0400] {dag.py:2429} INFO - Sync 1 DAGs
[2022-08-29T12:33:20.668-0400] {logging_mixin.py:115} INFO - [2022-08-29T12:33:20.668-0400] {dag.py:2448} INFO - Creating ORM DAG for example_branch_operator
[2022-08-29T12:33:20.708-0400] {logging_mixin.py:115} INFO - [2022-08-29T12:33:20.708-0400] {dag.py:2977} INFO - Setting next_dagrun for example_branch_operator to 2022-08-28T00:00:00+00:00, run_after=2022-08-29T00:00:00+00:00
[2022-08-29T12:33:20.776-0400] {processor.py:161} INFO - Processing /home/augenz/PycharmProjects/airflow/.env_airflow/lib/python3.9/site-packages/airflow/example_dags/example_branch_operator.py took 0.451 seconds
[2022-08-29T12:33:50.996-0400] {processor.py:153} INFO - Started process (PID=439) to work on /home/augenz/PycharmProjects/airflow/.env_airflow/lib/python3.9/site-packages/airflow/example_dags/example_branch_operator.py
[2022-08-29T12:33:50.999-0400] {processor.py:640} INFO - Processing file /home/augenz/PycharmProjects/airflow/.env_airflow/lib/python3.9/site-packages/airflow/example_dags/example_branch_operator.py for tasks to queue
[2022-08-29T12:33:51.000-0400] {logging_mixin.py:115} INFO - [2022-08-29T12:33:51.000-0400] {dagbag.py:508} INFO - Filling up the DagBag from /home/augenz/PycharmProjects/airflow/.env_airflow/lib/python3.9/site-packages/airflow/example_dags/example_branch_operator.py
[2022-08-29T12:33:51.016-0400] {processor.py:650} INFO - DAG(s) dict_keys(['example_branch_operator']) retrieved from /home/augenz/PycharmProjects/airflow/.env_airflow/lib/python3.9/site-packages/airflow/example_dags/example_branch_operator.py
[2022-08-29T12:33:51.061-0400] {logging_mixin.py:115} INFO - [2022-08-29T12:33:51.061-0400] {dag.py:2429} INFO - Sync 1 DAGs
[2022-08-29T12:33:51.098-0400] {logging_mixin.py:115} INFO - [2022-08-29T12:33:51.098-0400] {dag.py:2977} INFO - Setting next_dagrun for example_branch_operator to 2022-08-28T00:00:00+00:00, run_after=2022-08-29T00:00:00+00:00
[2022-08-29T12:33:51.144-0400] {processor.py:161} INFO - Processing /home/augenz/PycharmProjects/airflow/.env_airflow/lib/python3.9/site-packages/airflow/example_dags/example_branch_operator.py took 0.152 seconds
[2022-08-29T12:34:21.781-0400] {processor.py:153} INFO - Started process (PID=474) to work on /home/augenz/PycharmProjects/airflow/.env_airflow/lib/python3.9/site-packages/airflow/example_dags/example_branch_operator.py
[2022-08-29T12:34:21.784-0400] {processor.py:640} INFO - Processing file /home/augenz/PycharmProjects/airflow/.env_airflow/lib/python3.9/site-packages/airflow/example_dags/example_branch_operator.py for tasks to queue
[2022-08-29T12:34:21.785-0400] {logging_mixin.py:115} INFO - [2022-08-29T12:34:21.785-0400] {dagbag.py:508} INFO - Filling up the DagBag from /home/augenz/PycharmProjects/airflow/.env_airflow/lib/python3.9/site-packages/airflow/example_dags/example_branch_operator.py
[2022-08-29T12:34:21.803-0400] {processor.py:650} INFO - DAG(s) dict_keys(['example_branch_operator']) retrieved from /home/augenz/PycharmProjects/airflow/.env_airflow/lib/python3.9/site-packages/airflow/example_dags/example_branch_operator.py
[2022-08-29T12:34:21.850-0400] {logging_mixin.py:115} INFO - [2022-08-29T12:34:21.849-0400] {dag.py:2429} INFO - Sync 1 DAGs
[2022-08-29T12:34:21.889-0400] {logging_mixin.py:115} INFO - [2022-08-29T12:34:21.889-0400] {dag.py:2977} INFO - Setting next_dagrun for example_branch_operator to 2022-08-28T00:00:00+00:00, run_after=2022-08-29T00:00:00+00:00
[2022-08-29T12:34:21.922-0400] {processor.py:161} INFO - Processing /home/augenz/PycharmProjects/airflow/.env_airflow/lib/python3.9/site-packages/airflow/example_dags/example_branch_operator.py took 0.147 seconds
[2022-08-29T12:34:52.497-0400] {processor.py:153} INFO - Started process (PID=510) to work on /home/augenz/PycharmProjects/airflow/.env_airflow/lib/python3.9/site-packages/airflow/example_dags/example_branch_operator.py
[2022-08-29T12:34:52.504-0400] {processor.py:640} INFO - Processing file /home/augenz/PycharmProjects/airflow/.env_airflow/lib/python3.9/site-packages/airflow/example_dags/example_branch_operator.py for tasks to queue
[2022-08-29T12:34:52.506-0400] {logging_mixin.py:115} INFO - [2022-08-29T12:34:52.505-0400] {dagbag.py:508} INFO - Filling up the DagBag from /home/augenz/PycharmProjects/airflow/.env_airflow/lib/python3.9/site-packages/airflow/example_dags/example_branch_operator.py
[2022-08-29T12:34:52.537-0400] {processor.py:650} INFO - DAG(s) dict_keys(['example_branch_operator']) retrieved from /home/augenz/PycharmProjects/airflow/.env_airflow/lib/python3.9/site-packages/airflow/example_dags/example_branch_operator.py
[2022-08-29T12:34:52.664-0400] {logging_mixin.py:115} INFO - [2022-08-29T12:34:52.664-0400] {dag.py:2429} INFO - Sync 1 DAGs
[2022-08-29T12:34:52.796-0400] {logging_mixin.py:115} INFO - [2022-08-29T12:34:52.796-0400] {dag.py:2977} INFO - Setting next_dagrun for example_branch_operator to 2022-08-28T00:00:00+00:00, run_after=2022-08-29T00:00:00+00:00
[2022-08-29T12:34:52.855-0400] {processor.py:161} INFO - Processing /home/augenz/PycharmProjects/airflow/.env_airflow/lib/python3.9/site-packages/airflow/example_dags/example_branch_operator.py took 0.369 seconds
[2022-08-29T12:35:22.965-0400] {processor.py:153} INFO - Started process (PID=566) to work on /home/augenz/PycharmProjects/airflow/.env_airflow/lib/python3.9/site-packages/airflow/example_dags/example_branch_operator.py
[2022-08-29T12:35:22.966-0400] {processor.py:640} INFO - Processing file /home/augenz/PycharmProjects/airflow/.env_airflow/lib/python3.9/site-packages/airflow/example_dags/example_branch_operator.py for tasks to queue
[2022-08-29T12:35:22.967-0400] {logging_mixin.py:115} INFO - [2022-08-29T12:35:22.967-0400] {dagbag.py:508} INFO - Filling up the DagBag from /home/augenz/PycharmProjects/airflow/.env_airflow/lib/python3.9/site-packages/airflow/example_dags/example_branch_operator.py
[2022-08-29T12:35:22.982-0400] {processor.py:650} INFO - DAG(s) dict_keys(['example_branch_operator']) retrieved from /home/augenz/PycharmProjects/airflow/.env_airflow/lib/python3.9/site-packages/airflow/example_dags/example_branch_operator.py
[2022-08-29T12:35:23.029-0400] {logging_mixin.py:115} INFO - [2022-08-29T12:35:23.029-0400] {dag.py:2429} INFO - Sync 1 DAGs
[2022-08-29T12:35:23.074-0400] {logging_mixin.py:115} INFO - [2022-08-29T12:35:23.074-0400] {dag.py:2977} INFO - Setting next_dagrun for example_branch_operator to 2022-08-28T00:00:00+00:00, run_after=2022-08-29T00:00:00+00:00
[2022-08-29T12:35:23.116-0400] {processor.py:161} INFO - Processing /home/augenz/PycharmProjects/airflow/.env_airflow/lib/python3.9/site-packages/airflow/example_dags/example_branch_operator.py took 0.155 seconds
[2022-08-29T12:35:58.332-0400] {processor.py:153} INFO - Started process (PID=609) to work on /home/augenz/PycharmProjects/airflow/.env_airflow/lib/python3.9/site-packages/airflow/example_dags/example_branch_operator.py
[2022-08-29T12:35:58.336-0400] {processor.py:640} INFO - Processing file /home/augenz/PycharmProjects/airflow/.env_airflow/lib/python3.9/site-packages/airflow/example_dags/example_branch_operator.py for tasks to queue
[2022-08-29T12:35:58.337-0400] {logging_mixin.py:115} INFO - [2022-08-29T12:35:58.337-0400] {dagbag.py:508} INFO - Filling up the DagBag from /home/augenz/PycharmProjects/airflow/.env_airflow/lib/python3.9/site-packages/airflow/example_dags/example_branch_operator.py
[2022-08-29T12:35:58.354-0400] {processor.py:650} INFO - DAG(s) dict_keys(['example_branch_operator']) retrieved from /home/augenz/PycharmProjects/airflow/.env_airflow/lib/python3.9/site-packages/airflow/example_dags/example_branch_operator.py
[2022-08-29T12:35:58.821-0400] {logging_mixin.py:115} INFO - [2022-08-29T12:35:58.819-0400] {dag.py:2429} INFO - Sync 1 DAGs
[2022-08-29T12:35:58.888-0400] {logging_mixin.py:115} INFO - [2022-08-29T12:35:58.888-0400] {dag.py:2977} INFO - Setting next_dagrun for example_branch_operator to 2022-08-28T00:00:00+00:00, run_after=2022-08-29T00:00:00+00:00
[2022-08-29T12:35:58.938-0400] {processor.py:161} INFO - Processing /home/augenz/PycharmProjects/airflow/.env_airflow/lib/python3.9/site-packages/airflow/example_dags/example_branch_operator.py took 0.610 seconds
[2022-08-29T12:36:29.508-0400] {processor.py:153} INFO - Started process (PID=643) to work on /home/augenz/PycharmProjects/airflow/.env_airflow/lib/python3.9/site-packages/airflow/example_dags/example_branch_operator.py
[2022-08-29T12:36:29.509-0400] {processor.py:640} INFO - Processing file /home/augenz/PycharmProjects/airflow/.env_airflow/lib/python3.9/site-packages/airflow/example_dags/example_branch_operator.py for tasks to queue
[2022-08-29T12:36:29.510-0400] {logging_mixin.py:115} INFO - [2022-08-29T12:36:29.509-0400] {dagbag.py:508} INFO - Filling up the DagBag from /home/augenz/PycharmProjects/airflow/.env_airflow/lib/python3.9/site-packages/airflow/example_dags/example_branch_operator.py
[2022-08-29T12:36:29.526-0400] {processor.py:650} INFO - DAG(s) dict_keys(['example_branch_operator']) retrieved from /home/augenz/PycharmProjects/airflow/.env_airflow/lib/python3.9/site-packages/airflow/example_dags/example_branch_operator.py
[2022-08-29T12:36:30.001-0400] {logging_mixin.py:115} INFO - [2022-08-29T12:36:30.000-0400] {dag.py:2429} INFO - Sync 1 DAGs
[2022-08-29T12:36:30.029-0400] {logging_mixin.py:115} INFO - [2022-08-29T12:36:30.029-0400] {dag.py:2977} INFO - Setting next_dagrun for example_branch_operator to 2022-08-28T00:00:00+00:00, run_after=2022-08-29T00:00:00+00:00
[2022-08-29T12:36:30.065-0400] {processor.py:161} INFO - Processing /home/augenz/PycharmProjects/airflow/.env_airflow/lib/python3.9/site-packages/airflow/example_dags/example_branch_operator.py took 0.562 seconds
[2022-08-29T12:37:08.447-0400] {processor.py:153} INFO - Started process (PID=695) to work on /home/augenz/PycharmProjects/airflow/.env_airflow/lib/python3.9/site-packages/airflow/example_dags/example_branch_operator.py
[2022-08-29T12:37:08.452-0400] {processor.py:640} INFO - Processing file /home/augenz/PycharmProjects/airflow/.env_airflow/lib/python3.9/site-packages/airflow/example_dags/example_branch_operator.py for tasks to queue
[2022-08-29T12:37:08.454-0400] {logging_mixin.py:115} INFO - [2022-08-29T12:37:08.453-0400] {dagbag.py:508} INFO - Filling up the DagBag from /home/augenz/PycharmProjects/airflow/.env_airflow/lib/python3.9/site-packages/airflow/example_dags/example_branch_operator.py
[2022-08-29T12:37:08.529-0400] {processor.py:650} INFO - DAG(s) dict_keys(['example_branch_operator']) retrieved from /home/augenz/PycharmProjects/airflow/.env_airflow/lib/python3.9/site-packages/airflow/example_dags/example_branch_operator.py
[2022-08-29T12:37:09.645-0400] {logging_mixin.py:115} INFO - [2022-08-29T12:37:09.644-0400] {dag.py:2429} INFO - Sync 1 DAGs
[2022-08-29T12:37:09.703-0400] {logging_mixin.py:115} INFO - [2022-08-29T12:37:09.703-0400] {dag.py:2977} INFO - Setting next_dagrun for example_branch_operator to 2022-08-28T00:00:00+00:00, run_after=2022-08-29T00:00:00+00:00
[2022-08-29T12:37:09.752-0400] {processor.py:161} INFO - Processing /home/augenz/PycharmProjects/airflow/.env_airflow/lib/python3.9/site-packages/airflow/example_dags/example_branch_operator.py took 1.314 seconds
[2022-08-29T12:37:52.913-0400] {processor.py:153} INFO - Started process (PID=740) to work on /home/augenz/PycharmProjects/airflow/.env_airflow/lib/python3.9/site-packages/airflow/example_dags/example_branch_operator.py
[2022-08-29T12:37:52.919-0400] {processor.py:640} INFO - Processing file /home/augenz/PycharmProjects/airflow/.env_airflow/lib/python3.9/site-packages/airflow/example_dags/example_branch_operator.py for tasks to queue
[2022-08-29T12:37:52.935-0400] {logging_mixin.py:115} INFO - [2022-08-29T12:37:52.922-0400] {dagbag.py:508} INFO - Filling up the DagBag from /home/augenz/PycharmProjects/airflow/.env_airflow/lib/python3.9/site-packages/airflow/example_dags/example_branch_operator.py
[2022-08-29T12:37:53.027-0400] {processor.py:650} INFO - DAG(s) dict_keys(['example_branch_operator']) retrieved from /home/augenz/PycharmProjects/airflow/.env_airflow/lib/python3.9/site-packages/airflow/example_dags/example_branch_operator.py
[2022-08-29T12:37:54.557-0400] {logging_mixin.py:115} INFO - [2022-08-29T12:37:54.556-0400] {dag.py:2429} INFO - Sync 1 DAGs
[2022-08-29T12:37:54.784-0400] {logging_mixin.py:115} INFO - [2022-08-29T12:37:54.783-0400] {dag.py:2977} INFO - Setting next_dagrun for example_branch_operator to 2022-08-28T00:00:00+00:00, run_after=2022-08-29T00:00:00+00:00
[2022-08-29T12:37:54.900-0400] {processor.py:161} INFO - Processing /home/augenz/PycharmProjects/airflow/.env_airflow/lib/python3.9/site-packages/airflow/example_dags/example_branch_operator.py took 2.010 seconds
[2022-08-29T12:38:25.263-0400] {processor.py:153} INFO - Started process (PID=801) to work on /home/augenz/PycharmProjects/airflow/.env_airflow/lib/python3.9/site-packages/airflow/example_dags/example_branch_operator.py
[2022-08-29T12:38:25.265-0400] {processor.py:640} INFO - Processing file /home/augenz/PycharmProjects/airflow/.env_airflow/lib/python3.9/site-packages/airflow/example_dags/example_branch_operator.py for tasks to queue
[2022-08-29T12:38:25.267-0400] {logging_mixin.py:115} INFO - [2022-08-29T12:38:25.266-0400] {dagbag.py:508} INFO - Filling up the DagBag from /home/augenz/PycharmProjects/airflow/.env_airflow/lib/python3.9/site-packages/airflow/example_dags/example_branch_operator.py
[2022-08-29T12:38:25.297-0400] {processor.py:650} INFO - DAG(s) dict_keys(['example_branch_operator']) retrieved from /home/augenz/PycharmProjects/airflow/.env_airflow/lib/python3.9/site-packages/airflow/example_dags/example_branch_operator.py
[2022-08-29T12:38:26.694-0400] {logging_mixin.py:115} INFO - [2022-08-29T12:38:26.693-0400] {dag.py:2429} INFO - Sync 1 DAGs
[2022-08-29T12:38:26.817-0400] {logging_mixin.py:115} INFO - [2022-08-29T12:38:26.812-0400] {dag.py:2977} INFO - Setting next_dagrun for example_branch_operator to 2022-08-28T00:00:00+00:00, run_after=2022-08-29T00:00:00+00:00
[2022-08-29T12:38:26.932-0400] {processor.py:161} INFO - Processing /home/augenz/PycharmProjects/airflow/.env_airflow/lib/python3.9/site-packages/airflow/example_dags/example_branch_operator.py took 1.676 seconds
[2022-08-29T12:38:57.187-0400] {processor.py:153} INFO - Started process (PID=836) to work on /home/augenz/PycharmProjects/airflow/.env_airflow/lib/python3.9/site-packages/airflow/example_dags/example_branch_operator.py
[2022-08-29T12:38:57.188-0400] {processor.py:640} INFO - Processing file /home/augenz/PycharmProjects/airflow/.env_airflow/lib/python3.9/site-packages/airflow/example_dags/example_branch_operator.py for tasks to queue
[2022-08-29T12:38:57.189-0400] {logging_mixin.py:115} INFO - [2022-08-29T12:38:57.189-0400] {dagbag.py:508} INFO - Filling up the DagBag from /home/augenz/PycharmProjects/airflow/.env_airflow/lib/python3.9/site-packages/airflow/example_dags/example_branch_operator.py
[2022-08-29T12:38:57.207-0400] {processor.py:650} INFO - DAG(s) dict_keys(['example_branch_operator']) retrieved from /home/augenz/PycharmProjects/airflow/.env_airflow/lib/python3.9/site-packages/airflow/example_dags/example_branch_operator.py
[2022-08-29T12:38:57.761-0400] {logging_mixin.py:115} INFO - [2022-08-29T12:38:57.761-0400] {dag.py:2429} INFO - Sync 1 DAGs
[2022-08-29T12:38:57.790-0400] {logging_mixin.py:115} INFO - [2022-08-29T12:38:57.790-0400] {dag.py:2977} INFO - Setting next_dagrun for example_branch_operator to 2022-08-28T00:00:00+00:00, run_after=2022-08-29T00:00:00+00:00
[2022-08-29T12:38:57.844-0400] {processor.py:161} INFO - Processing /home/augenz/PycharmProjects/airflow/.env_airflow/lib/python3.9/site-packages/airflow/example_dags/example_branch_operator.py took 0.662 seconds
[2022-08-29T12:39:27.934-0400] {processor.py:153} INFO - Started process (PID=871) to work on /home/augenz/PycharmProjects/airflow/.env_airflow/lib/python3.9/site-packages/airflow/example_dags/example_branch_operator.py
[2022-08-29T12:39:27.937-0400] {processor.py:640} INFO - Processing file /home/augenz/PycharmProjects/airflow/.env_airflow/lib/python3.9/site-packages/airflow/example_dags/example_branch_operator.py for tasks to queue
[2022-08-29T12:39:27.938-0400] {logging_mixin.py:115} INFO - [2022-08-29T12:39:27.938-0400] {dagbag.py:508} INFO - Filling up the DagBag from /home/augenz/PycharmProjects/airflow/.env_airflow/lib/python3.9/site-packages/airflow/example_dags/example_branch_operator.py
[2022-08-29T12:39:27.953-0400] {processor.py:650} INFO - DAG(s) dict_keys(['example_branch_operator']) retrieved from /home/augenz/PycharmProjects/airflow/.env_airflow/lib/python3.9/site-packages/airflow/example_dags/example_branch_operator.py
[2022-08-29T12:39:28.417-0400] {logging_mixin.py:115} INFO - [2022-08-29T12:39:28.417-0400] {dag.py:2429} INFO - Sync 1 DAGs
[2022-08-29T12:39:28.447-0400] {logging_mixin.py:115} INFO - [2022-08-29T12:39:28.447-0400] {dag.py:2977} INFO - Setting next_dagrun for example_branch_operator to 2022-08-28T00:00:00+00:00, run_after=2022-08-29T00:00:00+00:00
[2022-08-29T12:39:28.496-0400] {processor.py:161} INFO - Processing /home/augenz/PycharmProjects/airflow/.env_airflow/lib/python3.9/site-packages/airflow/example_dags/example_branch_operator.py took 0.566 seconds
[2022-08-29T12:39:58.571-0400] {processor.py:153} INFO - Started process (PID=910) to work on /home/augenz/PycharmProjects/airflow/.env_airflow/lib/python3.9/site-packages/airflow/example_dags/example_branch_operator.py
[2022-08-29T12:39:58.572-0400] {processor.py:640} INFO - Processing file /home/augenz/PycharmProjects/airflow/.env_airflow/lib/python3.9/site-packages/airflow/example_dags/example_branch_operator.py for tasks to queue
[2022-08-29T12:39:58.573-0400] {logging_mixin.py:115} INFO - [2022-08-29T12:39:58.573-0400] {dagbag.py:508} INFO - Filling up the DagBag from /home/augenz/PycharmProjects/airflow/.env_airflow/lib/python3.9/site-packages/airflow/example_dags/example_branch_operator.py
[2022-08-29T12:39:58.591-0400] {processor.py:650} INFO - DAG(s) dict_keys(['example_branch_operator']) retrieved from /home/augenz/PycharmProjects/airflow/.env_airflow/lib/python3.9/site-packages/airflow/example_dags/example_branch_operator.py
[2022-08-29T12:39:59.045-0400] {logging_mixin.py:115} INFO - [2022-08-29T12:39:59.044-0400] {dag.py:2429} INFO - Sync 1 DAGs
[2022-08-29T12:39:59.074-0400] {logging_mixin.py:115} INFO - [2022-08-29T12:39:59.074-0400] {dag.py:2977} INFO - Setting next_dagrun for example_branch_operator to 2022-08-28T00:00:00+00:00, run_after=2022-08-29T00:00:00+00:00
[2022-08-29T12:39:59.136-0400] {processor.py:161} INFO - Processing /home/augenz/PycharmProjects/airflow/.env_airflow/lib/python3.9/site-packages/airflow/example_dags/example_branch_operator.py took 0.570 seconds
[2022-08-29T12:40:29.275-0400] {processor.py:153} INFO - Started process (PID=945) to work on /home/augenz/PycharmProjects/airflow/.env_airflow/lib/python3.9/site-packages/airflow/example_dags/example_branch_operator.py
[2022-08-29T12:40:29.276-0400] {processor.py:640} INFO - Processing file /home/augenz/PycharmProjects/airflow/.env_airflow/lib/python3.9/site-packages/airflow/example_dags/example_branch_operator.py for tasks to queue
[2022-08-29T12:40:29.277-0400] {logging_mixin.py:115} INFO - [2022-08-29T12:40:29.277-0400] {dagbag.py:508} INFO - Filling up the DagBag from /home/augenz/PycharmProjects/airflow/.env_airflow/lib/python3.9/site-packages/airflow/example_dags/example_branch_operator.py
[2022-08-29T12:40:29.295-0400] {processor.py:650} INFO - DAG(s) dict_keys(['example_branch_operator']) retrieved from /home/augenz/PycharmProjects/airflow/.env_airflow/lib/python3.9/site-packages/airflow/example_dags/example_branch_operator.py
[2022-08-29T12:40:29.794-0400] {logging_mixin.py:115} INFO - [2022-08-29T12:40:29.793-0400] {dag.py:2429} INFO - Sync 1 DAGs
[2022-08-29T12:40:29.826-0400] {logging_mixin.py:115} INFO - [2022-08-29T12:40:29.826-0400] {dag.py:2977} INFO - Setting next_dagrun for example_branch_operator to 2022-08-28T00:00:00+00:00, run_after=2022-08-29T00:00:00+00:00
[2022-08-29T12:40:29.873-0400] {processor.py:161} INFO - Processing /home/augenz/PycharmProjects/airflow/.env_airflow/lib/python3.9/site-packages/airflow/example_dags/example_branch_operator.py took 0.603 seconds
[2022-08-29T12:41:00.076-0400] {processor.py:153} INFO - Started process (PID=979) to work on /home/augenz/PycharmProjects/airflow/.env_airflow/lib/python3.9/site-packages/airflow/example_dags/example_branch_operator.py
[2022-08-29T12:41:00.077-0400] {processor.py:640} INFO - Processing file /home/augenz/PycharmProjects/airflow/.env_airflow/lib/python3.9/site-packages/airflow/example_dags/example_branch_operator.py for tasks to queue
[2022-08-29T12:41:00.078-0400] {logging_mixin.py:115} INFO - [2022-08-29T12:41:00.077-0400] {dagbag.py:508} INFO - Filling up the DagBag from /home/augenz/PycharmProjects/airflow/.env_airflow/lib/python3.9/site-packages/airflow/example_dags/example_branch_operator.py
[2022-08-29T12:41:00.095-0400] {processor.py:650} INFO - DAG(s) dict_keys(['example_branch_operator']) retrieved from /home/augenz/PycharmProjects/airflow/.env_airflow/lib/python3.9/site-packages/airflow/example_dags/example_branch_operator.py
[2022-08-29T12:41:00.544-0400] {logging_mixin.py:115} INFO - [2022-08-29T12:41:00.544-0400] {dag.py:2429} INFO - Sync 1 DAGs
[2022-08-29T12:41:00.573-0400] {logging_mixin.py:115} INFO - [2022-08-29T12:41:00.573-0400] {dag.py:2977} INFO - Setting next_dagrun for example_branch_operator to 2022-08-28T00:00:00+00:00, run_after=2022-08-29T00:00:00+00:00
[2022-08-29T12:41:00.645-0400] {processor.py:161} INFO - Processing /home/augenz/PycharmProjects/airflow/.env_airflow/lib/python3.9/site-packages/airflow/example_dags/example_branch_operator.py took 0.574 seconds
[2022-08-29T12:41:31.572-0400] {processor.py:153} INFO - Started process (PID=1013) to work on /home/augenz/PycharmProjects/airflow/.env_airflow/lib/python3.9/site-packages/airflow/example_dags/example_branch_operator.py
[2022-08-29T12:41:31.573-0400] {processor.py:640} INFO - Processing file /home/augenz/PycharmProjects/airflow/.env_airflow/lib/python3.9/site-packages/airflow/example_dags/example_branch_operator.py for tasks to queue
[2022-08-29T12:41:31.574-0400] {logging_mixin.py:115} INFO - [2022-08-29T12:41:31.573-0400] {dagbag.py:508} INFO - Filling up the DagBag from /home/augenz/PycharmProjects/airflow/.env_airflow/lib/python3.9/site-packages/airflow/example_dags/example_branch_operator.py
[2022-08-29T12:41:31.591-0400] {processor.py:650} INFO - DAG(s) dict_keys(['example_branch_operator']) retrieved from /home/augenz/PycharmProjects/airflow/.env_airflow/lib/python3.9/site-packages/airflow/example_dags/example_branch_operator.py
[2022-08-29T12:41:32.055-0400] {logging_mixin.py:115} INFO - [2022-08-29T12:41:32.055-0400] {dag.py:2429} INFO - Sync 1 DAGs
[2022-08-29T12:41:32.088-0400] {logging_mixin.py:115} INFO - [2022-08-29T12:41:32.087-0400] {dag.py:2977} INFO - Setting next_dagrun for example_branch_operator to 2022-08-28T00:00:00+00:00, run_after=2022-08-29T00:00:00+00:00
[2022-08-29T12:41:32.132-0400] {processor.py:161} INFO - Processing /home/augenz/PycharmProjects/airflow/.env_airflow/lib/python3.9/site-packages/airflow/example_dags/example_branch_operator.py took 0.567 seconds
[2022-08-29T12:42:03.067-0400] {processor.py:153} INFO - Started process (PID=1057) to work on /home/augenz/PycharmProjects/airflow/.env_airflow/lib/python3.9/site-packages/airflow/example_dags/example_branch_operator.py
[2022-08-29T12:42:03.068-0400] {processor.py:640} INFO - Processing file /home/augenz/PycharmProjects/airflow/.env_airflow/lib/python3.9/site-packages/airflow/example_dags/example_branch_operator.py for tasks to queue
[2022-08-29T12:42:03.069-0400] {logging_mixin.py:115} INFO - [2022-08-29T12:42:03.069-0400] {dagbag.py:508} INFO - Filling up the DagBag from /home/augenz/PycharmProjects/airflow/.env_airflow/lib/python3.9/site-packages/airflow/example_dags/example_branch_operator.py
[2022-08-29T12:42:03.092-0400] {processor.py:650} INFO - DAG(s) dict_keys(['example_branch_operator']) retrieved from /home/augenz/PycharmProjects/airflow/.env_airflow/lib/python3.9/site-packages/airflow/example_dags/example_branch_operator.py
[2022-08-29T12:42:03.659-0400] {logging_mixin.py:115} INFO - [2022-08-29T12:42:03.659-0400] {dag.py:2429} INFO - Sync 1 DAGs
[2022-08-29T12:42:03.689-0400] {logging_mixin.py:115} INFO - [2022-08-29T12:42:03.688-0400] {dag.py:2977} INFO - Setting next_dagrun for example_branch_operator to 2022-08-28T00:00:00+00:00, run_after=2022-08-29T00:00:00+00:00
[2022-08-29T12:42:03.745-0400] {processor.py:161} INFO - Processing /home/augenz/PycharmProjects/airflow/.env_airflow/lib/python3.9/site-packages/airflow/example_dags/example_branch_operator.py took 0.683 seconds
[2022-08-29T12:42:33.967-0400] {processor.py:153} INFO - Started process (PID=1091) to work on /home/augenz/PycharmProjects/airflow/.env_airflow/lib/python3.9/site-packages/airflow/example_dags/example_branch_operator.py
[2022-08-29T12:42:33.969-0400] {processor.py:640} INFO - Processing file /home/augenz/PycharmProjects/airflow/.env_airflow/lib/python3.9/site-packages/airflow/example_dags/example_branch_operator.py for tasks to queue
[2022-08-29T12:42:33.970-0400] {logging_mixin.py:115} INFO - [2022-08-29T12:42:33.970-0400] {dagbag.py:508} INFO - Filling up the DagBag from /home/augenz/PycharmProjects/airflow/.env_airflow/lib/python3.9/site-packages/airflow/example_dags/example_branch_operator.py
[2022-08-29T12:42:33.994-0400] {processor.py:650} INFO - DAG(s) dict_keys(['example_branch_operator']) retrieved from /home/augenz/PycharmProjects/airflow/.env_airflow/lib/python3.9/site-packages/airflow/example_dags/example_branch_operator.py
[2022-08-29T12:42:34.601-0400] {logging_mixin.py:115} INFO - [2022-08-29T12:42:34.601-0400] {dag.py:2429} INFO - Sync 1 DAGs
[2022-08-29T12:42:34.629-0400] {logging_mixin.py:115} INFO - [2022-08-29T12:42:34.629-0400] {dag.py:2977} INFO - Setting next_dagrun for example_branch_operator to 2022-08-28T00:00:00+00:00, run_after=2022-08-29T00:00:00+00:00
[2022-08-29T12:42:34.693-0400] {processor.py:161} INFO - Processing /home/augenz/PycharmProjects/airflow/.env_airflow/lib/python3.9/site-packages/airflow/example_dags/example_branch_operator.py took 0.732 seconds
[2022-08-29T12:43:04.964-0400] {processor.py:153} INFO - Started process (PID=1126) to work on /home/augenz/PycharmProjects/airflow/.env_airflow/lib/python3.9/site-packages/airflow/example_dags/example_branch_operator.py
[2022-08-29T12:43:04.965-0400] {processor.py:640} INFO - Processing file /home/augenz/PycharmProjects/airflow/.env_airflow/lib/python3.9/site-packages/airflow/example_dags/example_branch_operator.py for tasks to queue
[2022-08-29T12:43:04.966-0400] {logging_mixin.py:115} INFO - [2022-08-29T12:43:04.966-0400] {dagbag.py:508} INFO - Filling up the DagBag from /home/augenz/PycharmProjects/airflow/.env_airflow/lib/python3.9/site-packages/airflow/example_dags/example_branch_operator.py
[2022-08-29T12:43:04.984-0400] {processor.py:650} INFO - DAG(s) dict_keys(['example_branch_operator']) retrieved from /home/augenz/PycharmProjects/airflow/.env_airflow/lib/python3.9/site-packages/airflow/example_dags/example_branch_operator.py
[2022-08-29T12:43:05.483-0400] {logging_mixin.py:115} INFO - [2022-08-29T12:43:05.483-0400] {dag.py:2429} INFO - Sync 1 DAGs
[2022-08-29T12:43:05.515-0400] {logging_mixin.py:115} INFO - [2022-08-29T12:43:05.515-0400] {dag.py:2977} INFO - Setting next_dagrun for example_branch_operator to 2022-08-28T00:00:00+00:00, run_after=2022-08-29T00:00:00+00:00
[2022-08-29T12:43:05.563-0400] {processor.py:161} INFO - Processing /home/augenz/PycharmProjects/airflow/.env_airflow/lib/python3.9/site-packages/airflow/example_dags/example_branch_operator.py took 0.605 seconds
[2022-08-29T12:43:36.043-0400] {processor.py:153} INFO - Started process (PID=1160) to work on /home/augenz/PycharmProjects/airflow/.env_airflow/lib/python3.9/site-packages/airflow/example_dags/example_branch_operator.py
[2022-08-29T12:43:36.045-0400] {processor.py:640} INFO - Processing file /home/augenz/PycharmProjects/airflow/.env_airflow/lib/python3.9/site-packages/airflow/example_dags/example_branch_operator.py for tasks to queue
[2022-08-29T12:43:36.046-0400] {logging_mixin.py:115} INFO - [2022-08-29T12:43:36.045-0400] {dagbag.py:508} INFO - Filling up the DagBag from /home/augenz/PycharmProjects/airflow/.env_airflow/lib/python3.9/site-packages/airflow/example_dags/example_branch_operator.py
[2022-08-29T12:43:36.065-0400] {processor.py:650} INFO - DAG(s) dict_keys(['example_branch_operator']) retrieved from /home/augenz/PycharmProjects/airflow/.env_airflow/lib/python3.9/site-packages/airflow/example_dags/example_branch_operator.py
[2022-08-29T12:43:36.527-0400] {logging_mixin.py:115} INFO - [2022-08-29T12:43:36.527-0400] {dag.py:2429} INFO - Sync 1 DAGs
[2022-08-29T12:43:36.557-0400] {logging_mixin.py:115} INFO - [2022-08-29T12:43:36.557-0400] {dag.py:2977} INFO - Setting next_dagrun for example_branch_operator to 2022-08-28T00:00:00+00:00, run_after=2022-08-29T00:00:00+00:00
[2022-08-29T12:43:36.583-0400] {processor.py:161} INFO - Processing /home/augenz/PycharmProjects/airflow/.env_airflow/lib/python3.9/site-packages/airflow/example_dags/example_branch_operator.py took 0.545 seconds
[2022-08-29T12:44:06.820-0400] {processor.py:153} INFO - Started process (PID=1194) to work on /home/augenz/PycharmProjects/airflow/.env_airflow/lib/python3.9/site-packages/airflow/example_dags/example_branch_operator.py
[2022-08-29T12:44:06.822-0400] {processor.py:640} INFO - Processing file /home/augenz/PycharmProjects/airflow/.env_airflow/lib/python3.9/site-packages/airflow/example_dags/example_branch_operator.py for tasks to queue
[2022-08-29T12:44:06.823-0400] {logging_mixin.py:115} INFO - [2022-08-29T12:44:06.823-0400] {dagbag.py:508} INFO - Filling up the DagBag from /home/augenz/PycharmProjects/airflow/.env_airflow/lib/python3.9/site-packages/airflow/example_dags/example_branch_operator.py
[2022-08-29T12:44:06.845-0400] {processor.py:650} INFO - DAG(s) dict_keys(['example_branch_operator']) retrieved from /home/augenz/PycharmProjects/airflow/.env_airflow/lib/python3.9/site-packages/airflow/example_dags/example_branch_operator.py
[2022-08-29T12:44:07.464-0400] {logging_mixin.py:115} INFO - [2022-08-29T12:44:07.464-0400] {dag.py:2429} INFO - Sync 1 DAGs
[2022-08-29T12:44:07.500-0400] {logging_mixin.py:115} INFO - [2022-08-29T12:44:07.500-0400] {dag.py:2977} INFO - Setting next_dagrun for example_branch_operator to 2022-08-28T00:00:00+00:00, run_after=2022-08-29T00:00:00+00:00
[2022-08-29T12:44:07.547-0400] {processor.py:161} INFO - Processing /home/augenz/PycharmProjects/airflow/.env_airflow/lib/python3.9/site-packages/airflow/example_dags/example_branch_operator.py took 0.733 seconds
[2022-08-29T12:44:37.675-0400] {processor.py:153} INFO - Started process (PID=1238) to work on /home/augenz/PycharmProjects/airflow/.env_airflow/lib/python3.9/site-packages/airflow/example_dags/example_branch_operator.py
[2022-08-29T12:44:37.677-0400] {processor.py:640} INFO - Processing file /home/augenz/PycharmProjects/airflow/.env_airflow/lib/python3.9/site-packages/airflow/example_dags/example_branch_operator.py for tasks to queue
[2022-08-29T12:44:37.678-0400] {logging_mixin.py:115} INFO - [2022-08-29T12:44:37.677-0400] {dagbag.py:508} INFO - Filling up the DagBag from /home/augenz/PycharmProjects/airflow/.env_airflow/lib/python3.9/site-packages/airflow/example_dags/example_branch_operator.py
[2022-08-29T12:44:37.696-0400] {processor.py:650} INFO - DAG(s) dict_keys(['example_branch_operator']) retrieved from /home/augenz/PycharmProjects/airflow/.env_airflow/lib/python3.9/site-packages/airflow/example_dags/example_branch_operator.py
[2022-08-29T12:44:38.318-0400] {logging_mixin.py:115} INFO - [2022-08-29T12:44:38.318-0400] {dag.py:2429} INFO - Sync 1 DAGs
[2022-08-29T12:44:38.348-0400] {logging_mixin.py:115} INFO - [2022-08-29T12:44:38.347-0400] {dag.py:2977} INFO - Setting next_dagrun for example_branch_operator to 2022-08-28T00:00:00+00:00, run_after=2022-08-29T00:00:00+00:00
[2022-08-29T12:44:38.394-0400] {processor.py:161} INFO - Processing /home/augenz/PycharmProjects/airflow/.env_airflow/lib/python3.9/site-packages/airflow/example_dags/example_branch_operator.py took 0.724 seconds
[2022-08-29T12:45:08.515-0400] {processor.py:153} INFO - Started process (PID=1276) to work on /home/augenz/PycharmProjects/airflow/.env_airflow/lib/python3.9/site-packages/airflow/example_dags/example_branch_operator.py
[2022-08-29T12:45:08.516-0400] {processor.py:640} INFO - Processing file /home/augenz/PycharmProjects/airflow/.env_airflow/lib/python3.9/site-packages/airflow/example_dags/example_branch_operator.py for tasks to queue
[2022-08-29T12:45:08.517-0400] {logging_mixin.py:115} INFO - [2022-08-29T12:45:08.517-0400] {dagbag.py:508} INFO - Filling up the DagBag from /home/augenz/PycharmProjects/airflow/.env_airflow/lib/python3.9/site-packages/airflow/example_dags/example_branch_operator.py
[2022-08-29T12:45:08.537-0400] {processor.py:650} INFO - DAG(s) dict_keys(['example_branch_operator']) retrieved from /home/augenz/PycharmProjects/airflow/.env_airflow/lib/python3.9/site-packages/airflow/example_dags/example_branch_operator.py
[2022-08-29T12:45:09.156-0400] {logging_mixin.py:115} INFO - [2022-08-29T12:45:09.156-0400] {dag.py:2429} INFO - Sync 1 DAGs
[2022-08-29T12:45:09.186-0400] {logging_mixin.py:115} INFO - [2022-08-29T12:45:09.185-0400] {dag.py:2977} INFO - Setting next_dagrun for example_branch_operator to 2022-08-28T00:00:00+00:00, run_after=2022-08-29T00:00:00+00:00
[2022-08-29T12:45:09.223-0400] {processor.py:161} INFO - Processing /home/augenz/PycharmProjects/airflow/.env_airflow/lib/python3.9/site-packages/airflow/example_dags/example_branch_operator.py took 0.713 seconds
[2022-08-29T12:45:39.652-0400] {processor.py:153} INFO - Started process (PID=1310) to work on /home/augenz/PycharmProjects/airflow/.env_airflow/lib/python3.9/site-packages/airflow/example_dags/example_branch_operator.py
[2022-08-29T12:45:39.653-0400] {processor.py:640} INFO - Processing file /home/augenz/PycharmProjects/airflow/.env_airflow/lib/python3.9/site-packages/airflow/example_dags/example_branch_operator.py for tasks to queue
[2022-08-29T12:45:39.654-0400] {logging_mixin.py:115} INFO - [2022-08-29T12:45:39.654-0400] {dagbag.py:508} INFO - Filling up the DagBag from /home/augenz/PycharmProjects/airflow/.env_airflow/lib/python3.9/site-packages/airflow/example_dags/example_branch_operator.py
[2022-08-29T12:45:39.671-0400] {processor.py:650} INFO - DAG(s) dict_keys(['example_branch_operator']) retrieved from /home/augenz/PycharmProjects/airflow/.env_airflow/lib/python3.9/site-packages/airflow/example_dags/example_branch_operator.py
[2022-08-29T12:45:40.142-0400] {logging_mixin.py:115} INFO - [2022-08-29T12:45:40.141-0400] {dag.py:2429} INFO - Sync 1 DAGs
[2022-08-29T12:45:40.171-0400] {logging_mixin.py:115} INFO - [2022-08-29T12:45:40.171-0400] {dag.py:2977} INFO - Setting next_dagrun for example_branch_operator to 2022-08-28T00:00:00+00:00, run_after=2022-08-29T00:00:00+00:00
[2022-08-29T12:45:40.202-0400] {processor.py:161} INFO - Processing /home/augenz/PycharmProjects/airflow/.env_airflow/lib/python3.9/site-packages/airflow/example_dags/example_branch_operator.py took 0.554 seconds
[2022-08-29T12:46:10.403-0400] {processor.py:153} INFO - Started process (PID=1345) to work on /home/augenz/PycharmProjects/airflow/.env_airflow/lib/python3.9/site-packages/airflow/example_dags/example_branch_operator.py
[2022-08-29T12:46:10.404-0400] {processor.py:640} INFO - Processing file /home/augenz/PycharmProjects/airflow/.env_airflow/lib/python3.9/site-packages/airflow/example_dags/example_branch_operator.py for tasks to queue
[2022-08-29T12:46:10.405-0400] {logging_mixin.py:115} INFO - [2022-08-29T12:46:10.405-0400] {dagbag.py:508} INFO - Filling up the DagBag from /home/augenz/PycharmProjects/airflow/.env_airflow/lib/python3.9/site-packages/airflow/example_dags/example_branch_operator.py
[2022-08-29T12:46:10.422-0400] {processor.py:650} INFO - DAG(s) dict_keys(['example_branch_operator']) retrieved from /home/augenz/PycharmProjects/airflow/.env_airflow/lib/python3.9/site-packages/airflow/example_dags/example_branch_operator.py
[2022-08-29T12:46:10.888-0400] {logging_mixin.py:115} INFO - [2022-08-29T12:46:10.888-0400] {dag.py:2429} INFO - Sync 1 DAGs
[2022-08-29T12:46:10.917-0400] {logging_mixin.py:115} INFO - [2022-08-29T12:46:10.917-0400] {dag.py:2977} INFO - Setting next_dagrun for example_branch_operator to 2022-08-28T00:00:00+00:00, run_after=2022-08-29T00:00:00+00:00
[2022-08-29T12:46:10.958-0400] {processor.py:161} INFO - Processing /home/augenz/PycharmProjects/airflow/.env_airflow/lib/python3.9/site-packages/airflow/example_dags/example_branch_operator.py took 0.560 seconds
[2022-08-29T12:46:41.764-0400] {processor.py:153} INFO - Started process (PID=1380) to work on /home/augenz/PycharmProjects/airflow/.env_airflow/lib/python3.9/site-packages/airflow/example_dags/example_branch_operator.py
[2022-08-29T12:46:41.765-0400] {processor.py:640} INFO - Processing file /home/augenz/PycharmProjects/airflow/.env_airflow/lib/python3.9/site-packages/airflow/example_dags/example_branch_operator.py for tasks to queue
[2022-08-29T12:46:41.766-0400] {logging_mixin.py:115} INFO - [2022-08-29T12:46:41.766-0400] {dagbag.py:508} INFO - Filling up the DagBag from /home/augenz/PycharmProjects/airflow/.env_airflow/lib/python3.9/site-packages/airflow/example_dags/example_branch_operator.py
[2022-08-29T12:46:41.782-0400] {processor.py:650} INFO - DAG(s) dict_keys(['example_branch_operator']) retrieved from /home/augenz/PycharmProjects/airflow/.env_airflow/lib/python3.9/site-packages/airflow/example_dags/example_branch_operator.py
[2022-08-29T12:46:42.282-0400] {logging_mixin.py:115} INFO - [2022-08-29T12:46:42.282-0400] {dag.py:2429} INFO - Sync 1 DAGs
[2022-08-29T12:46:42.312-0400] {logging_mixin.py:115} INFO - [2022-08-29T12:46:42.311-0400] {dag.py:2977} INFO - Setting next_dagrun for example_branch_operator to 2022-08-28T00:00:00+00:00, run_after=2022-08-29T00:00:00+00:00
[2022-08-29T12:46:42.345-0400] {processor.py:161} INFO - Processing /home/augenz/PycharmProjects/airflow/.env_airflow/lib/python3.9/site-packages/airflow/example_dags/example_branch_operator.py took 0.585 seconds
[2022-08-29T12:47:12.776-0400] {processor.py:153} INFO - Started process (PID=1414) to work on /home/augenz/PycharmProjects/airflow/.env_airflow/lib/python3.9/site-packages/airflow/example_dags/example_branch_operator.py
[2022-08-29T12:47:12.778-0400] {processor.py:640} INFO - Processing file /home/augenz/PycharmProjects/airflow/.env_airflow/lib/python3.9/site-packages/airflow/example_dags/example_branch_operator.py for tasks to queue
[2022-08-29T12:47:12.778-0400] {logging_mixin.py:115} INFO - [2022-08-29T12:47:12.778-0400] {dagbag.py:508} INFO - Filling up the DagBag from /home/augenz/PycharmProjects/airflow/.env_airflow/lib/python3.9/site-packages/airflow/example_dags/example_branch_operator.py
[2022-08-29T12:47:12.794-0400] {processor.py:650} INFO - DAG(s) dict_keys(['example_branch_operator']) retrieved from /home/augenz/PycharmProjects/airflow/.env_airflow/lib/python3.9/site-packages/airflow/example_dags/example_branch_operator.py
[2022-08-29T12:47:13.269-0400] {logging_mixin.py:115} INFO - [2022-08-29T12:47:13.268-0400] {dag.py:2429} INFO - Sync 1 DAGs
[2022-08-29T12:47:13.300-0400] {logging_mixin.py:115} INFO - [2022-08-29T12:47:13.300-0400] {dag.py:2977} INFO - Setting next_dagrun for example_branch_operator to 2022-08-28T00:00:00+00:00, run_after=2022-08-29T00:00:00+00:00
[2022-08-29T12:47:13.334-0400] {processor.py:161} INFO - Processing /home/augenz/PycharmProjects/airflow/.env_airflow/lib/python3.9/site-packages/airflow/example_dags/example_branch_operator.py took 0.562 seconds
[2022-08-29T12:47:43.597-0400] {processor.py:153} INFO - Started process (PID=1456) to work on /home/augenz/PycharmProjects/airflow/.env_airflow/lib/python3.9/site-packages/airflow/example_dags/example_branch_operator.py
[2022-08-29T12:47:43.598-0400] {processor.py:640} INFO - Processing file /home/augenz/PycharmProjects/airflow/.env_airflow/lib/python3.9/site-packages/airflow/example_dags/example_branch_operator.py for tasks to queue
[2022-08-29T12:47:43.599-0400] {logging_mixin.py:115} INFO - [2022-08-29T12:47:43.599-0400] {dagbag.py:508} INFO - Filling up the DagBag from /home/augenz/PycharmProjects/airflow/.env_airflow/lib/python3.9/site-packages/airflow/example_dags/example_branch_operator.py
[2022-08-29T12:47:43.617-0400] {processor.py:650} INFO - DAG(s) dict_keys(['example_branch_operator']) retrieved from /home/augenz/PycharmProjects/airflow/.env_airflow/lib/python3.9/site-packages/airflow/example_dags/example_branch_operator.py
[2022-08-29T12:47:44.217-0400] {logging_mixin.py:115} INFO - [2022-08-29T12:47:44.216-0400] {dag.py:2429} INFO - Sync 1 DAGs
[2022-08-29T12:47:44.248-0400] {logging_mixin.py:115} INFO - [2022-08-29T12:47:44.248-0400] {dag.py:2977} INFO - Setting next_dagrun for example_branch_operator to 2022-08-28T00:00:00+00:00, run_after=2022-08-29T00:00:00+00:00
[2022-08-29T12:47:44.298-0400] {processor.py:161} INFO - Processing /home/augenz/PycharmProjects/airflow/.env_airflow/lib/python3.9/site-packages/airflow/example_dags/example_branch_operator.py took 0.705 seconds
[2022-08-29T12:48:14.591-0400] {processor.py:153} INFO - Started process (PID=1490) to work on /home/augenz/PycharmProjects/airflow/.env_airflow/lib/python3.9/site-packages/airflow/example_dags/example_branch_operator.py
[2022-08-29T12:48:14.593-0400] {processor.py:640} INFO - Processing file /home/augenz/PycharmProjects/airflow/.env_airflow/lib/python3.9/site-packages/airflow/example_dags/example_branch_operator.py for tasks to queue
[2022-08-29T12:48:14.594-0400] {logging_mixin.py:115} INFO - [2022-08-29T12:48:14.594-0400] {dagbag.py:508} INFO - Filling up the DagBag from /home/augenz/PycharmProjects/airflow/.env_airflow/lib/python3.9/site-packages/airflow/example_dags/example_branch_operator.py
[2022-08-29T12:48:14.614-0400] {processor.py:650} INFO - DAG(s) dict_keys(['example_branch_operator']) retrieved from /home/augenz/PycharmProjects/airflow/.env_airflow/lib/python3.9/site-packages/airflow/example_dags/example_branch_operator.py
[2022-08-29T12:48:15.110-0400] {logging_mixin.py:115} INFO - [2022-08-29T12:48:15.110-0400] {dag.py:2429} INFO - Sync 1 DAGs
[2022-08-29T12:48:15.142-0400] {logging_mixin.py:115} INFO - [2022-08-29T12:48:15.142-0400] {dag.py:2977} INFO - Setting next_dagrun for example_branch_operator to 2022-08-28T00:00:00+00:00, run_after=2022-08-29T00:00:00+00:00
[2022-08-29T12:48:15.187-0400] {processor.py:161} INFO - Processing /home/augenz/PycharmProjects/airflow/.env_airflow/lib/python3.9/site-packages/airflow/example_dags/example_branch_operator.py took 0.601 seconds
[2022-08-29T12:48:45.577-0400] {processor.py:153} INFO - Started process (PID=1525) to work on /home/augenz/PycharmProjects/airflow/.env_airflow/lib/python3.9/site-packages/airflow/example_dags/example_branch_operator.py
[2022-08-29T12:48:45.578-0400] {processor.py:640} INFO - Processing file /home/augenz/PycharmProjects/airflow/.env_airflow/lib/python3.9/site-packages/airflow/example_dags/example_branch_operator.py for tasks to queue
[2022-08-29T12:48:45.579-0400] {logging_mixin.py:115} INFO - [2022-08-29T12:48:45.579-0400] {dagbag.py:508} INFO - Filling up the DagBag from /home/augenz/PycharmProjects/airflow/.env_airflow/lib/python3.9/site-packages/airflow/example_dags/example_branch_operator.py
[2022-08-29T12:48:45.596-0400] {processor.py:650} INFO - DAG(s) dict_keys(['example_branch_operator']) retrieved from /home/augenz/PycharmProjects/airflow/.env_airflow/lib/python3.9/site-packages/airflow/example_dags/example_branch_operator.py
[2022-08-29T12:48:46.198-0400] {logging_mixin.py:115} INFO - [2022-08-29T12:48:46.197-0400] {dag.py:2429} INFO - Sync 1 DAGs
[2022-08-29T12:48:46.227-0400] {logging_mixin.py:115} INFO - [2022-08-29T12:48:46.227-0400] {dag.py:2977} INFO - Setting next_dagrun for example_branch_operator to 2022-08-28T00:00:00+00:00, run_after=2022-08-29T00:00:00+00:00
[2022-08-29T12:48:46.277-0400] {processor.py:161} INFO - Processing /home/augenz/PycharmProjects/airflow/.env_airflow/lib/python3.9/site-packages/airflow/example_dags/example_branch_operator.py took 0.705 seconds
[2022-08-29T12:49:16.494-0400] {processor.py:153} INFO - Started process (PID=1567) to work on /home/augenz/PycharmProjects/airflow/.env_airflow/lib/python3.9/site-packages/airflow/example_dags/example_branch_operator.py
[2022-08-29T12:49:16.496-0400] {processor.py:640} INFO - Processing file /home/augenz/PycharmProjects/airflow/.env_airflow/lib/python3.9/site-packages/airflow/example_dags/example_branch_operator.py for tasks to queue
[2022-08-29T12:49:16.496-0400] {logging_mixin.py:115} INFO - [2022-08-29T12:49:16.496-0400] {dagbag.py:508} INFO - Filling up the DagBag from /home/augenz/PycharmProjects/airflow/.env_airflow/lib/python3.9/site-packages/airflow/example_dags/example_branch_operator.py
[2022-08-29T12:49:16.515-0400] {processor.py:650} INFO - DAG(s) dict_keys(['example_branch_operator']) retrieved from /home/augenz/PycharmProjects/airflow/.env_airflow/lib/python3.9/site-packages/airflow/example_dags/example_branch_operator.py
[2022-08-29T12:49:17.134-0400] {logging_mixin.py:115} INFO - [2022-08-29T12:49:17.133-0400] {dag.py:2429} INFO - Sync 1 DAGs
[2022-08-29T12:49:17.172-0400] {logging_mixin.py:115} INFO - [2022-08-29T12:49:17.172-0400] {dag.py:2977} INFO - Setting next_dagrun for example_branch_operator to 2022-08-28T00:00:00+00:00, run_after=2022-08-29T00:00:00+00:00
[2022-08-29T12:49:17.232-0400] {processor.py:161} INFO - Processing /home/augenz/PycharmProjects/airflow/.env_airflow/lib/python3.9/site-packages/airflow/example_dags/example_branch_operator.py took 0.741 seconds
[2022-08-29T12:49:47.386-0400] {processor.py:153} INFO - Started process (PID=1603) to work on /home/augenz/PycharmProjects/airflow/.env_airflow/lib/python3.9/site-packages/airflow/example_dags/example_branch_operator.py
[2022-08-29T12:49:47.387-0400] {processor.py:640} INFO - Processing file /home/augenz/PycharmProjects/airflow/.env_airflow/lib/python3.9/site-packages/airflow/example_dags/example_branch_operator.py for tasks to queue
[2022-08-29T12:49:47.388-0400] {logging_mixin.py:115} INFO - [2022-08-29T12:49:47.388-0400] {dagbag.py:508} INFO - Filling up the DagBag from /home/augenz/PycharmProjects/airflow/.env_airflow/lib/python3.9/site-packages/airflow/example_dags/example_branch_operator.py
[2022-08-29T12:49:47.409-0400] {processor.py:650} INFO - DAG(s) dict_keys(['example_branch_operator']) retrieved from /home/augenz/PycharmProjects/airflow/.env_airflow/lib/python3.9/site-packages/airflow/example_dags/example_branch_operator.py
[2022-08-29T12:49:48.000-0400] {logging_mixin.py:115} INFO - [2022-08-29T12:49:47.999-0400] {dag.py:2429} INFO - Sync 1 DAGs
[2022-08-29T12:49:48.045-0400] {logging_mixin.py:115} INFO - [2022-08-29T12:49:48.045-0400] {dag.py:2977} INFO - Setting next_dagrun for example_branch_operator to 2022-08-28T00:00:00+00:00, run_after=2022-08-29T00:00:00+00:00
[2022-08-29T12:49:48.137-0400] {processor.py:161} INFO - Processing /home/augenz/PycharmProjects/airflow/.env_airflow/lib/python3.9/site-packages/airflow/example_dags/example_branch_operator.py took 0.758 seconds
[2022-08-29T12:50:18.939-0400] {processor.py:153} INFO - Started process (PID=1637) to work on /home/augenz/PycharmProjects/airflow/.env_airflow/lib/python3.9/site-packages/airflow/example_dags/example_branch_operator.py
[2022-08-29T12:50:18.941-0400] {processor.py:640} INFO - Processing file /home/augenz/PycharmProjects/airflow/.env_airflow/lib/python3.9/site-packages/airflow/example_dags/example_branch_operator.py for tasks to queue
[2022-08-29T12:50:18.942-0400] {logging_mixin.py:115} INFO - [2022-08-29T12:50:18.942-0400] {dagbag.py:508} INFO - Filling up the DagBag from /home/augenz/PycharmProjects/airflow/.env_airflow/lib/python3.9/site-packages/airflow/example_dags/example_branch_operator.py
[2022-08-29T12:50:18.971-0400] {processor.py:650} INFO - DAG(s) dict_keys(['example_branch_operator']) retrieved from /home/augenz/PycharmProjects/airflow/.env_airflow/lib/python3.9/site-packages/airflow/example_dags/example_branch_operator.py
[2022-08-29T12:50:19.656-0400] {logging_mixin.py:115} INFO - [2022-08-29T12:50:19.655-0400] {dag.py:2429} INFO - Sync 1 DAGs
[2022-08-29T12:50:19.694-0400] {logging_mixin.py:115} INFO - [2022-08-29T12:50:19.694-0400] {dag.py:2977} INFO - Setting next_dagrun for example_branch_operator to 2022-08-28T00:00:00+00:00, run_after=2022-08-29T00:00:00+00:00
[2022-08-29T12:50:19.767-0400] {processor.py:161} INFO - Processing /home/augenz/PycharmProjects/airflow/.env_airflow/lib/python3.9/site-packages/airflow/example_dags/example_branch_operator.py took 0.837 seconds
[2022-08-29T12:50:50.541-0400] {processor.py:153} INFO - Started process (PID=1676) to work on /home/augenz/PycharmProjects/airflow/.env_airflow/lib/python3.9/site-packages/airflow/example_dags/example_branch_operator.py
[2022-08-29T12:50:50.543-0400] {processor.py:640} INFO - Processing file /home/augenz/PycharmProjects/airflow/.env_airflow/lib/python3.9/site-packages/airflow/example_dags/example_branch_operator.py for tasks to queue
[2022-08-29T12:50:50.544-0400] {logging_mixin.py:115} INFO - [2022-08-29T12:50:50.544-0400] {dagbag.py:508} INFO - Filling up the DagBag from /home/augenz/PycharmProjects/airflow/.env_airflow/lib/python3.9/site-packages/airflow/example_dags/example_branch_operator.py
[2022-08-29T12:50:50.561-0400] {processor.py:650} INFO - DAG(s) dict_keys(['example_branch_operator']) retrieved from /home/augenz/PycharmProjects/airflow/.env_airflow/lib/python3.9/site-packages/airflow/example_dags/example_branch_operator.py
[2022-08-29T12:50:51.133-0400] {logging_mixin.py:115} INFO - [2022-08-29T12:50:51.132-0400] {dag.py:2429} INFO - Sync 1 DAGs
[2022-08-29T12:50:51.185-0400] {logging_mixin.py:115} INFO - [2022-08-29T12:50:51.185-0400] {dag.py:2977} INFO - Setting next_dagrun for example_branch_operator to 2022-08-28T00:00:00+00:00, run_after=2022-08-29T00:00:00+00:00
[2022-08-29T12:50:51.229-0400] {processor.py:161} INFO - Processing /home/augenz/PycharmProjects/airflow/.env_airflow/lib/python3.9/site-packages/airflow/example_dags/example_branch_operator.py took 0.693 seconds
[2022-08-29T12:51:22.070-0400] {processor.py:153} INFO - Started process (PID=1711) to work on /home/augenz/PycharmProjects/airflow/.env_airflow/lib/python3.9/site-packages/airflow/example_dags/example_branch_operator.py
[2022-08-29T12:51:22.072-0400] {processor.py:640} INFO - Processing file /home/augenz/PycharmProjects/airflow/.env_airflow/lib/python3.9/site-packages/airflow/example_dags/example_branch_operator.py for tasks to queue
[2022-08-29T12:51:22.074-0400] {logging_mixin.py:115} INFO - [2022-08-29T12:51:22.073-0400] {dagbag.py:508} INFO - Filling up the DagBag from /home/augenz/PycharmProjects/airflow/.env_airflow/lib/python3.9/site-packages/airflow/example_dags/example_branch_operator.py
[2022-08-29T12:51:22.109-0400] {processor.py:650} INFO - DAG(s) dict_keys(['example_branch_operator']) retrieved from /home/augenz/PycharmProjects/airflow/.env_airflow/lib/python3.9/site-packages/airflow/example_dags/example_branch_operator.py
[2022-08-29T12:51:22.843-0400] {logging_mixin.py:115} INFO - [2022-08-29T12:51:22.842-0400] {dag.py:2429} INFO - Sync 1 DAGs
[2022-08-29T12:51:22.879-0400] {logging_mixin.py:115} INFO - [2022-08-29T12:51:22.878-0400] {dag.py:2977} INFO - Setting next_dagrun for example_branch_operator to 2022-08-28T00:00:00+00:00, run_after=2022-08-29T00:00:00+00:00
[2022-08-29T12:51:22.922-0400] {processor.py:161} INFO - Processing /home/augenz/PycharmProjects/airflow/.env_airflow/lib/python3.9/site-packages/airflow/example_dags/example_branch_operator.py took 0.860 seconds
[2022-08-29T12:51:53.377-0400] {processor.py:153} INFO - Started process (PID=1748) to work on /home/augenz/PycharmProjects/airflow/.env_airflow/lib/python3.9/site-packages/airflow/example_dags/example_branch_operator.py
[2022-08-29T12:51:53.378-0400] {processor.py:640} INFO - Processing file /home/augenz/PycharmProjects/airflow/.env_airflow/lib/python3.9/site-packages/airflow/example_dags/example_branch_operator.py for tasks to queue
[2022-08-29T12:51:53.379-0400] {logging_mixin.py:115} INFO - [2022-08-29T12:51:53.379-0400] {dagbag.py:508} INFO - Filling up the DagBag from /home/augenz/PycharmProjects/airflow/.env_airflow/lib/python3.9/site-packages/airflow/example_dags/example_branch_operator.py
[2022-08-29T12:51:53.396-0400] {processor.py:650} INFO - DAG(s) dict_keys(['example_branch_operator']) retrieved from /home/augenz/PycharmProjects/airflow/.env_airflow/lib/python3.9/site-packages/airflow/example_dags/example_branch_operator.py
[2022-08-29T12:51:53.975-0400] {logging_mixin.py:115} INFO - [2022-08-29T12:51:53.975-0400] {dag.py:2429} INFO - Sync 1 DAGs
[2022-08-29T12:51:54.004-0400] {logging_mixin.py:115} INFO - [2022-08-29T12:51:54.004-0400] {dag.py:2977} INFO - Setting next_dagrun for example_branch_operator to 2022-08-28T00:00:00+00:00, run_after=2022-08-29T00:00:00+00:00
[2022-08-29T12:51:54.057-0400] {processor.py:161} INFO - Processing /home/augenz/PycharmProjects/airflow/.env_airflow/lib/python3.9/site-packages/airflow/example_dags/example_branch_operator.py took 0.685 seconds
[2022-08-29T12:52:24.501-0400] {processor.py:153} INFO - Started process (PID=1782) to work on /home/augenz/PycharmProjects/airflow/.env_airflow/lib/python3.9/site-packages/airflow/example_dags/example_branch_operator.py
[2022-08-29T12:52:24.502-0400] {processor.py:640} INFO - Processing file /home/augenz/PycharmProjects/airflow/.env_airflow/lib/python3.9/site-packages/airflow/example_dags/example_branch_operator.py for tasks to queue
[2022-08-29T12:52:24.503-0400] {logging_mixin.py:115} INFO - [2022-08-29T12:52:24.503-0400] {dagbag.py:508} INFO - Filling up the DagBag from /home/augenz/PycharmProjects/airflow/.env_airflow/lib/python3.9/site-packages/airflow/example_dags/example_branch_operator.py
[2022-08-29T12:52:24.520-0400] {processor.py:650} INFO - DAG(s) dict_keys(['example_branch_operator']) retrieved from /home/augenz/PycharmProjects/airflow/.env_airflow/lib/python3.9/site-packages/airflow/example_dags/example_branch_operator.py
[2022-08-29T12:52:24.976-0400] {logging_mixin.py:115} INFO - [2022-08-29T12:52:24.976-0400] {dag.py:2429} INFO - Sync 1 DAGs
[2022-08-29T12:52:25.006-0400] {logging_mixin.py:115} INFO - [2022-08-29T12:52:25.005-0400] {dag.py:2977} INFO - Setting next_dagrun for example_branch_operator to 2022-08-28T00:00:00+00:00, run_after=2022-08-29T00:00:00+00:00
[2022-08-29T12:52:25.061-0400] {processor.py:161} INFO - Processing /home/augenz/PycharmProjects/airflow/.env_airflow/lib/python3.9/site-packages/airflow/example_dags/example_branch_operator.py took 0.564 seconds
[2022-08-29T12:52:55.141-0400] {processor.py:153} INFO - Started process (PID=1816) to work on /home/augenz/PycharmProjects/airflow/.env_airflow/lib/python3.9/site-packages/airflow/example_dags/example_branch_operator.py
[2022-08-29T12:52:55.143-0400] {processor.py:640} INFO - Processing file /home/augenz/PycharmProjects/airflow/.env_airflow/lib/python3.9/site-packages/airflow/example_dags/example_branch_operator.py for tasks to queue
[2022-08-29T12:52:55.143-0400] {logging_mixin.py:115} INFO - [2022-08-29T12:52:55.143-0400] {dagbag.py:508} INFO - Filling up the DagBag from /home/augenz/PycharmProjects/airflow/.env_airflow/lib/python3.9/site-packages/airflow/example_dags/example_branch_operator.py
[2022-08-29T12:52:55.159-0400] {processor.py:650} INFO - DAG(s) dict_keys(['example_branch_operator']) retrieved from /home/augenz/PycharmProjects/airflow/.env_airflow/lib/python3.9/site-packages/airflow/example_dags/example_branch_operator.py
[2022-08-29T12:52:55.637-0400] {logging_mixin.py:115} INFO - [2022-08-29T12:52:55.637-0400] {dag.py:2429} INFO - Sync 1 DAGs
[2022-08-29T12:52:55.666-0400] {logging_mixin.py:115} INFO - [2022-08-29T12:52:55.666-0400] {dag.py:2977} INFO - Setting next_dagrun for example_branch_operator to 2022-08-28T00:00:00+00:00, run_after=2022-08-29T00:00:00+00:00
[2022-08-29T12:52:55.717-0400] {processor.py:161} INFO - Processing /home/augenz/PycharmProjects/airflow/.env_airflow/lib/python3.9/site-packages/airflow/example_dags/example_branch_operator.py took 0.580 seconds
[2022-08-29T12:53:26.700-0400] {processor.py:153} INFO - Started process (PID=1853) to work on /home/augenz/PycharmProjects/airflow/.env_airflow/lib/python3.9/site-packages/airflow/example_dags/example_branch_operator.py
[2022-08-29T12:53:26.702-0400] {processor.py:640} INFO - Processing file /home/augenz/PycharmProjects/airflow/.env_airflow/lib/python3.9/site-packages/airflow/example_dags/example_branch_operator.py for tasks to queue
[2022-08-29T12:53:26.703-0400] {logging_mixin.py:115} INFO - [2022-08-29T12:53:26.703-0400] {dagbag.py:508} INFO - Filling up the DagBag from /home/augenz/PycharmProjects/airflow/.env_airflow/lib/python3.9/site-packages/airflow/example_dags/example_branch_operator.py
[2022-08-29T12:53:26.719-0400] {processor.py:650} INFO - DAG(s) dict_keys(['example_branch_operator']) retrieved from /home/augenz/PycharmProjects/airflow/.env_airflow/lib/python3.9/site-packages/airflow/example_dags/example_branch_operator.py
[2022-08-29T12:53:27.151-0400] {logging_mixin.py:115} INFO - [2022-08-29T12:53:27.150-0400] {dag.py:2429} INFO - Sync 1 DAGs
[2022-08-29T12:53:27.179-0400] {logging_mixin.py:115} INFO - [2022-08-29T12:53:27.179-0400] {dag.py:2977} INFO - Setting next_dagrun for example_branch_operator to 2022-08-28T00:00:00+00:00, run_after=2022-08-29T00:00:00+00:00
[2022-08-29T12:53:27.222-0400] {processor.py:161} INFO - Processing /home/augenz/PycharmProjects/airflow/.env_airflow/lib/python3.9/site-packages/airflow/example_dags/example_branch_operator.py took 0.526 seconds
[2022-08-29T12:53:57.880-0400] {processor.py:153} INFO - Started process (PID=1895) to work on /home/augenz/PycharmProjects/airflow/.env_airflow/lib/python3.9/site-packages/airflow/example_dags/example_branch_operator.py
[2022-08-29T12:53:57.881-0400] {processor.py:640} INFO - Processing file /home/augenz/PycharmProjects/airflow/.env_airflow/lib/python3.9/site-packages/airflow/example_dags/example_branch_operator.py for tasks to queue
[2022-08-29T12:53:57.882-0400] {logging_mixin.py:115} INFO - [2022-08-29T12:53:57.882-0400] {dagbag.py:508} INFO - Filling up the DagBag from /home/augenz/PycharmProjects/airflow/.env_airflow/lib/python3.9/site-packages/airflow/example_dags/example_branch_operator.py
[2022-08-29T12:53:57.899-0400] {processor.py:650} INFO - DAG(s) dict_keys(['example_branch_operator']) retrieved from /home/augenz/PycharmProjects/airflow/.env_airflow/lib/python3.9/site-packages/airflow/example_dags/example_branch_operator.py
[2022-08-29T12:53:58.414-0400] {logging_mixin.py:115} INFO - [2022-08-29T12:53:58.413-0400] {dag.py:2429} INFO - Sync 1 DAGs
[2022-08-29T12:53:58.452-0400] {logging_mixin.py:115} INFO - [2022-08-29T12:53:58.451-0400] {dag.py:2977} INFO - Setting next_dagrun for example_branch_operator to 2022-08-28T00:00:00+00:00, run_after=2022-08-29T00:00:00+00:00
[2022-08-29T12:53:58.501-0400] {processor.py:161} INFO - Processing /home/augenz/PycharmProjects/airflow/.env_airflow/lib/python3.9/site-packages/airflow/example_dags/example_branch_operator.py took 0.626 seconds
