[2022-08-29T12:33:17.508-0400] {processor.py:153} INFO - Started process (PID=386) to work on /home/augenz/PycharmProjects/airflow/.env_airflow/lib/python3.9/site-packages/airflow/example_dags/example_kubernetes_executor.py
[2022-08-29T12:33:17.509-0400] {processor.py:640} INFO - Processing file /home/augenz/PycharmProjects/airflow/.env_airflow/lib/python3.9/site-packages/airflow/example_dags/example_kubernetes_executor.py for tasks to queue
[2022-08-29T12:33:17.510-0400] {logging_mixin.py:115} INFO - [2022-08-29T12:33:17.510-0400] {dagbag.py:508} INFO - Filling up the DagBag from /home/augenz/PycharmProjects/airflow/.env_airflow/lib/python3.9/site-packages/airflow/example_dags/example_kubernetes_executor.py
[2022-08-29T12:33:17.531-0400] {logging_mixin.py:115} INFO - [2022-08-29T12:33:17.531-0400] {example_kubernetes_executor.py:39} WARNING - The example_kubernetes_executor example DAG requires the kubernetes provider. Please install it with: pip install apache-airflow[cncf.kubernetes]
[2022-08-29T12:33:17.531-0400] {processor.py:652} WARNING - No viable dags retrieved from /home/augenz/PycharmProjects/airflow/.env_airflow/lib/python3.9/site-packages/airflow/example_dags/example_kubernetes_executor.py
[2022-08-29T12:33:17.565-0400] {processor.py:161} INFO - Processing /home/augenz/PycharmProjects/airflow/.env_airflow/lib/python3.9/site-packages/airflow/example_dags/example_kubernetes_executor.py took 0.062 seconds
[2022-08-29T12:33:47.630-0400] {processor.py:153} INFO - Started process (PID=425) to work on /home/augenz/PycharmProjects/airflow/.env_airflow/lib/python3.9/site-packages/airflow/example_dags/example_kubernetes_executor.py
[2022-08-29T12:33:47.631-0400] {processor.py:640} INFO - Processing file /home/augenz/PycharmProjects/airflow/.env_airflow/lib/python3.9/site-packages/airflow/example_dags/example_kubernetes_executor.py for tasks to queue
[2022-08-29T12:33:47.632-0400] {logging_mixin.py:115} INFO - [2022-08-29T12:33:47.632-0400] {dagbag.py:508} INFO - Filling up the DagBag from /home/augenz/PycharmProjects/airflow/.env_airflow/lib/python3.9/site-packages/airflow/example_dags/example_kubernetes_executor.py
[2022-08-29T12:33:47.654-0400] {logging_mixin.py:115} INFO - [2022-08-29T12:33:47.653-0400] {example_kubernetes_executor.py:39} WARNING - The example_kubernetes_executor example DAG requires the kubernetes provider. Please install it with: pip install apache-airflow[cncf.kubernetes]
[2022-08-29T12:33:47.654-0400] {processor.py:652} WARNING - No viable dags retrieved from /home/augenz/PycharmProjects/airflow/.env_airflow/lib/python3.9/site-packages/airflow/example_dags/example_kubernetes_executor.py
[2022-08-29T12:33:47.686-0400] {processor.py:161} INFO - Processing /home/augenz/PycharmProjects/airflow/.env_airflow/lib/python3.9/site-packages/airflow/example_dags/example_kubernetes_executor.py took 0.061 seconds
[2022-08-29T12:34:18.427-0400] {processor.py:153} INFO - Started process (PID=461) to work on /home/augenz/PycharmProjects/airflow/.env_airflow/lib/python3.9/site-packages/airflow/example_dags/example_kubernetes_executor.py
[2022-08-29T12:34:18.430-0400] {processor.py:640} INFO - Processing file /home/augenz/PycharmProjects/airflow/.env_airflow/lib/python3.9/site-packages/airflow/example_dags/example_kubernetes_executor.py for tasks to queue
[2022-08-29T12:34:18.432-0400] {logging_mixin.py:115} INFO - [2022-08-29T12:34:18.431-0400] {dagbag.py:508} INFO - Filling up the DagBag from /home/augenz/PycharmProjects/airflow/.env_airflow/lib/python3.9/site-packages/airflow/example_dags/example_kubernetes_executor.py
[2022-08-29T12:34:18.465-0400] {logging_mixin.py:115} INFO - [2022-08-29T12:34:18.465-0400] {example_kubernetes_executor.py:39} WARNING - The example_kubernetes_executor example DAG requires the kubernetes provider. Please install it with: pip install apache-airflow[cncf.kubernetes]
[2022-08-29T12:34:18.465-0400] {processor.py:652} WARNING - No viable dags retrieved from /home/augenz/PycharmProjects/airflow/.env_airflow/lib/python3.9/site-packages/airflow/example_dags/example_kubernetes_executor.py
[2022-08-29T12:34:18.500-0400] {processor.py:161} INFO - Processing /home/augenz/PycharmProjects/airflow/.env_airflow/lib/python3.9/site-packages/airflow/example_dags/example_kubernetes_executor.py took 0.079 seconds
[2022-08-29T12:34:49.228-0400] {processor.py:153} INFO - Started process (PID=496) to work on /home/augenz/PycharmProjects/airflow/.env_airflow/lib/python3.9/site-packages/airflow/example_dags/example_kubernetes_executor.py
[2022-08-29T12:34:49.234-0400] {processor.py:640} INFO - Processing file /home/augenz/PycharmProjects/airflow/.env_airflow/lib/python3.9/site-packages/airflow/example_dags/example_kubernetes_executor.py for tasks to queue
[2022-08-29T12:34:49.235-0400] {logging_mixin.py:115} INFO - [2022-08-29T12:34:49.234-0400] {dagbag.py:508} INFO - Filling up the DagBag from /home/augenz/PycharmProjects/airflow/.env_airflow/lib/python3.9/site-packages/airflow/example_dags/example_kubernetes_executor.py
[2022-08-29T12:34:49.258-0400] {logging_mixin.py:115} INFO - [2022-08-29T12:34:49.258-0400] {example_kubernetes_executor.py:39} WARNING - The example_kubernetes_executor example DAG requires the kubernetes provider. Please install it with: pip install apache-airflow[cncf.kubernetes]
[2022-08-29T12:34:49.259-0400] {processor.py:652} WARNING - No viable dags retrieved from /home/augenz/PycharmProjects/airflow/.env_airflow/lib/python3.9/site-packages/airflow/example_dags/example_kubernetes_executor.py
[2022-08-29T12:34:49.292-0400] {processor.py:161} INFO - Processing /home/augenz/PycharmProjects/airflow/.env_airflow/lib/python3.9/site-packages/airflow/example_dags/example_kubernetes_executor.py took 0.069 seconds
[2022-08-29T12:35:19.649-0400] {processor.py:153} INFO - Started process (PID=553) to work on /home/augenz/PycharmProjects/airflow/.env_airflow/lib/python3.9/site-packages/airflow/example_dags/example_kubernetes_executor.py
[2022-08-29T12:35:19.650-0400] {processor.py:640} INFO - Processing file /home/augenz/PycharmProjects/airflow/.env_airflow/lib/python3.9/site-packages/airflow/example_dags/example_kubernetes_executor.py for tasks to queue
[2022-08-29T12:35:19.651-0400] {logging_mixin.py:115} INFO - [2022-08-29T12:35:19.651-0400] {dagbag.py:508} INFO - Filling up the DagBag from /home/augenz/PycharmProjects/airflow/.env_airflow/lib/python3.9/site-packages/airflow/example_dags/example_kubernetes_executor.py
[2022-08-29T12:35:19.671-0400] {logging_mixin.py:115} INFO - [2022-08-29T12:35:19.671-0400] {example_kubernetes_executor.py:39} WARNING - The example_kubernetes_executor example DAG requires the kubernetes provider. Please install it with: pip install apache-airflow[cncf.kubernetes]
[2022-08-29T12:35:19.672-0400] {processor.py:652} WARNING - No viable dags retrieved from /home/augenz/PycharmProjects/airflow/.env_airflow/lib/python3.9/site-packages/airflow/example_dags/example_kubernetes_executor.py
[2022-08-29T12:35:19.703-0400] {processor.py:161} INFO - Processing /home/augenz/PycharmProjects/airflow/.env_airflow/lib/python3.9/site-packages/airflow/example_dags/example_kubernetes_executor.py took 0.058 seconds
[2022-08-29T12:35:53.707-0400] {processor.py:153} INFO - Started process (PID=596) to work on /home/augenz/PycharmProjects/airflow/.env_airflow/lib/python3.9/site-packages/airflow/example_dags/example_kubernetes_executor.py
[2022-08-29T12:35:53.710-0400] {processor.py:640} INFO - Processing file /home/augenz/PycharmProjects/airflow/.env_airflow/lib/python3.9/site-packages/airflow/example_dags/example_kubernetes_executor.py for tasks to queue
[2022-08-29T12:35:53.711-0400] {logging_mixin.py:115} INFO - [2022-08-29T12:35:53.711-0400] {dagbag.py:508} INFO - Filling up the DagBag from /home/augenz/PycharmProjects/airflow/.env_airflow/lib/python3.9/site-packages/airflow/example_dags/example_kubernetes_executor.py
[2022-08-29T12:35:54.398-0400] {processor.py:650} INFO - DAG(s) dict_keys(['example_kubernetes_executor']) retrieved from /home/augenz/PycharmProjects/airflow/.env_airflow/lib/python3.9/site-packages/airflow/example_dags/example_kubernetes_executor.py
[2022-08-29T12:35:54.565-0400] {logging_mixin.py:115} INFO - [2022-08-29T12:35:54.564-0400] {manager.py:508} INFO - Created Permission View: can delete on DAG:example_kubernetes_executor
[2022-08-29T12:35:54.616-0400] {logging_mixin.py:115} INFO - [2022-08-29T12:35:54.615-0400] {manager.py:508} INFO - Created Permission View: can read on DAG:example_kubernetes_executor
[2022-08-29T12:35:54.656-0400] {logging_mixin.py:115} INFO - [2022-08-29T12:35:54.656-0400] {manager.py:508} INFO - Created Permission View: can edit on DAG:example_kubernetes_executor
[2022-08-29T12:35:54.656-0400] {logging_mixin.py:115} INFO - [2022-08-29T12:35:54.656-0400] {dag.py:2429} INFO - Sync 1 DAGs
[2022-08-29T12:35:54.668-0400] {logging_mixin.py:115} INFO - [2022-08-29T12:35:54.668-0400] {dag.py:2448} INFO - Creating ORM DAG for example_kubernetes_executor
[2022-08-29T12:35:54.687-0400] {logging_mixin.py:115} INFO - [2022-08-29T12:35:54.687-0400] {dag.py:2977} INFO - Setting next_dagrun for example_kubernetes_executor to None, run_after=None
[2022-08-29T12:35:54.735-0400] {processor.py:161} INFO - Processing /home/augenz/PycharmProjects/airflow/.env_airflow/lib/python3.9/site-packages/airflow/example_dags/example_kubernetes_executor.py took 1.033 seconds
[2022-08-29T12:36:25.448-0400] {processor.py:153} INFO - Started process (PID=630) to work on /home/augenz/PycharmProjects/airflow/.env_airflow/lib/python3.9/site-packages/airflow/example_dags/example_kubernetes_executor.py
[2022-08-29T12:36:25.453-0400] {processor.py:640} INFO - Processing file /home/augenz/PycharmProjects/airflow/.env_airflow/lib/python3.9/site-packages/airflow/example_dags/example_kubernetes_executor.py for tasks to queue
[2022-08-29T12:36:25.454-0400] {logging_mixin.py:115} INFO - [2022-08-29T12:36:25.454-0400] {dagbag.py:508} INFO - Filling up the DagBag from /home/augenz/PycharmProjects/airflow/.env_airflow/lib/python3.9/site-packages/airflow/example_dags/example_kubernetes_executor.py
[2022-08-29T12:36:26.093-0400] {processor.py:650} INFO - DAG(s) dict_keys(['example_kubernetes_executor']) retrieved from /home/augenz/PycharmProjects/airflow/.env_airflow/lib/python3.9/site-packages/airflow/example_dags/example_kubernetes_executor.py
[2022-08-29T12:36:26.144-0400] {logging_mixin.py:115} INFO - [2022-08-29T12:36:26.144-0400] {dag.py:2429} INFO - Sync 1 DAGs
[2022-08-29T12:36:26.180-0400] {logging_mixin.py:115} INFO - [2022-08-29T12:36:26.180-0400] {dag.py:2977} INFO - Setting next_dagrun for example_kubernetes_executor to None, run_after=None
[2022-08-29T12:36:26.217-0400] {processor.py:161} INFO - Processing /home/augenz/PycharmProjects/airflow/.env_airflow/lib/python3.9/site-packages/airflow/example_dags/example_kubernetes_executor.py took 0.774 seconds
[2022-08-29T12:36:59.774-0400] {processor.py:153} INFO - Started process (PID=682) to work on /home/augenz/PycharmProjects/airflow/.env_airflow/lib/python3.9/site-packages/airflow/example_dags/example_kubernetes_executor.py
[2022-08-29T12:36:59.798-0400] {processor.py:640} INFO - Processing file /home/augenz/PycharmProjects/airflow/.env_airflow/lib/python3.9/site-packages/airflow/example_dags/example_kubernetes_executor.py for tasks to queue
[2022-08-29T12:36:59.799-0400] {logging_mixin.py:115} INFO - [2022-08-29T12:36:59.799-0400] {dagbag.py:508} INFO - Filling up the DagBag from /home/augenz/PycharmProjects/airflow/.env_airflow/lib/python3.9/site-packages/airflow/example_dags/example_kubernetes_executor.py
[2022-08-29T12:37:00.728-0400] {processor.py:650} INFO - DAG(s) dict_keys(['example_kubernetes_executor']) retrieved from /home/augenz/PycharmProjects/airflow/.env_airflow/lib/python3.9/site-packages/airflow/example_dags/example_kubernetes_executor.py
[2022-08-29T12:37:00.854-0400] {logging_mixin.py:115} INFO - [2022-08-29T12:37:00.851-0400] {dag.py:2429} INFO - Sync 1 DAGs
[2022-08-29T12:37:00.931-0400] {logging_mixin.py:115} INFO - [2022-08-29T12:37:00.930-0400] {dag.py:2977} INFO - Setting next_dagrun for example_kubernetes_executor to None, run_after=None
[2022-08-29T12:37:00.988-0400] {processor.py:161} INFO - Processing /home/augenz/PycharmProjects/airflow/.env_airflow/lib/python3.9/site-packages/airflow/example_dags/example_kubernetes_executor.py took 1.221 seconds
[2022-08-29T12:37:36.607-0400] {processor.py:153} INFO - Started process (PID=724) to work on /home/augenz/PycharmProjects/airflow/.env_airflow/lib/python3.9/site-packages/airflow/example_dags/example_kubernetes_executor.py
[2022-08-29T12:37:36.610-0400] {processor.py:640} INFO - Processing file /home/augenz/PycharmProjects/airflow/.env_airflow/lib/python3.9/site-packages/airflow/example_dags/example_kubernetes_executor.py for tasks to queue
[2022-08-29T12:37:36.611-0400] {logging_mixin.py:115} INFO - [2022-08-29T12:37:36.611-0400] {dagbag.py:508} INFO - Filling up the DagBag from /home/augenz/PycharmProjects/airflow/.env_airflow/lib/python3.9/site-packages/airflow/example_dags/example_kubernetes_executor.py
[2022-08-29T12:37:38.175-0400] {processor.py:650} INFO - DAG(s) dict_keys(['example_kubernetes_executor']) retrieved from /home/augenz/PycharmProjects/airflow/.env_airflow/lib/python3.9/site-packages/airflow/example_dags/example_kubernetes_executor.py
[2022-08-29T12:37:38.329-0400] {logging_mixin.py:115} INFO - [2022-08-29T12:37:38.328-0400] {dag.py:2429} INFO - Sync 1 DAGs
[2022-08-29T12:37:38.477-0400] {logging_mixin.py:115} INFO - [2022-08-29T12:37:38.476-0400] {dag.py:2977} INFO - Setting next_dagrun for example_kubernetes_executor to None, run_after=None
[2022-08-29T12:37:38.551-0400] {processor.py:161} INFO - Processing /home/augenz/PycharmProjects/airflow/.env_airflow/lib/python3.9/site-packages/airflow/example_dags/example_kubernetes_executor.py took 1.951 seconds
[2022-08-29T12:38:08.727-0400] {processor.py:153} INFO - Started process (PID=782) to work on /home/augenz/PycharmProjects/airflow/.env_airflow/lib/python3.9/site-packages/airflow/example_dags/example_kubernetes_executor.py
[2022-08-29T12:38:08.772-0400] {processor.py:640} INFO - Processing file /home/augenz/PycharmProjects/airflow/.env_airflow/lib/python3.9/site-packages/airflow/example_dags/example_kubernetes_executor.py for tasks to queue
[2022-08-29T12:38:08.773-0400] {logging_mixin.py:115} INFO - [2022-08-29T12:38:08.773-0400] {dagbag.py:508} INFO - Filling up the DagBag from /home/augenz/PycharmProjects/airflow/.env_airflow/lib/python3.9/site-packages/airflow/example_dags/example_kubernetes_executor.py
[2022-08-29T12:38:10.227-0400] {processor.py:650} INFO - DAG(s) dict_keys(['example_kubernetes_executor']) retrieved from /home/augenz/PycharmProjects/airflow/.env_airflow/lib/python3.9/site-packages/airflow/example_dags/example_kubernetes_executor.py
[2022-08-29T12:38:10.309-0400] {logging_mixin.py:115} INFO - [2022-08-29T12:38:10.308-0400] {dag.py:2429} INFO - Sync 1 DAGs
[2022-08-29T12:38:10.362-0400] {logging_mixin.py:115} INFO - [2022-08-29T12:38:10.362-0400] {dag.py:2977} INFO - Setting next_dagrun for example_kubernetes_executor to None, run_after=None
[2022-08-29T12:38:10.432-0400] {processor.py:161} INFO - Processing /home/augenz/PycharmProjects/airflow/.env_airflow/lib/python3.9/site-packages/airflow/example_dags/example_kubernetes_executor.py took 1.720 seconds
[2022-08-29T12:38:40.735-0400] {processor.py:153} INFO - Started process (PID=820) to work on /home/augenz/PycharmProjects/airflow/.env_airflow/lib/python3.9/site-packages/airflow/example_dags/example_kubernetes_executor.py
[2022-08-29T12:38:40.748-0400] {processor.py:640} INFO - Processing file /home/augenz/PycharmProjects/airflow/.env_airflow/lib/python3.9/site-packages/airflow/example_dags/example_kubernetes_executor.py for tasks to queue
[2022-08-29T12:38:40.750-0400] {logging_mixin.py:115} INFO - [2022-08-29T12:38:40.749-0400] {dagbag.py:508} INFO - Filling up the DagBag from /home/augenz/PycharmProjects/airflow/.env_airflow/lib/python3.9/site-packages/airflow/example_dags/example_kubernetes_executor.py
[2022-08-29T12:38:41.241-0400] {processor.py:650} INFO - DAG(s) dict_keys(['example_kubernetes_executor']) retrieved from /home/augenz/PycharmProjects/airflow/.env_airflow/lib/python3.9/site-packages/airflow/example_dags/example_kubernetes_executor.py
[2022-08-29T12:38:41.292-0400] {logging_mixin.py:115} INFO - [2022-08-29T12:38:41.292-0400] {dag.py:2429} INFO - Sync 1 DAGs
[2022-08-29T12:38:41.323-0400] {logging_mixin.py:115} INFO - [2022-08-29T12:38:41.323-0400] {dag.py:2977} INFO - Setting next_dagrun for example_kubernetes_executor to None, run_after=None
[2022-08-29T12:38:41.375-0400] {processor.py:161} INFO - Processing /home/augenz/PycharmProjects/airflow/.env_airflow/lib/python3.9/site-packages/airflow/example_dags/example_kubernetes_executor.py took 0.645 seconds
[2022-08-29T12:39:11.949-0400] {processor.py:153} INFO - Started process (PID=855) to work on /home/augenz/PycharmProjects/airflow/.env_airflow/lib/python3.9/site-packages/airflow/example_dags/example_kubernetes_executor.py
[2022-08-29T12:39:11.950-0400] {processor.py:640} INFO - Processing file /home/augenz/PycharmProjects/airflow/.env_airflow/lib/python3.9/site-packages/airflow/example_dags/example_kubernetes_executor.py for tasks to queue
[2022-08-29T12:39:11.951-0400] {logging_mixin.py:115} INFO - [2022-08-29T12:39:11.951-0400] {dagbag.py:508} INFO - Filling up the DagBag from /home/augenz/PycharmProjects/airflow/.env_airflow/lib/python3.9/site-packages/airflow/example_dags/example_kubernetes_executor.py
[2022-08-29T12:39:12.410-0400] {processor.py:650} INFO - DAG(s) dict_keys(['example_kubernetes_executor']) retrieved from /home/augenz/PycharmProjects/airflow/.env_airflow/lib/python3.9/site-packages/airflow/example_dags/example_kubernetes_executor.py
[2022-08-29T12:39:12.451-0400] {logging_mixin.py:115} INFO - [2022-08-29T12:39:12.451-0400] {dag.py:2429} INFO - Sync 1 DAGs
[2022-08-29T12:39:12.476-0400] {logging_mixin.py:115} INFO - [2022-08-29T12:39:12.476-0400] {dag.py:2977} INFO - Setting next_dagrun for example_kubernetes_executor to None, run_after=None
[2022-08-29T12:39:12.511-0400] {processor.py:161} INFO - Processing /home/augenz/PycharmProjects/airflow/.env_airflow/lib/python3.9/site-packages/airflow/example_dags/example_kubernetes_executor.py took 0.567 seconds
[2022-08-29T12:39:42.882-0400] {processor.py:153} INFO - Started process (PID=889) to work on /home/augenz/PycharmProjects/airflow/.env_airflow/lib/python3.9/site-packages/airflow/example_dags/example_kubernetes_executor.py
[2022-08-29T12:39:42.884-0400] {processor.py:640} INFO - Processing file /home/augenz/PycharmProjects/airflow/.env_airflow/lib/python3.9/site-packages/airflow/example_dags/example_kubernetes_executor.py for tasks to queue
[2022-08-29T12:39:42.885-0400] {logging_mixin.py:115} INFO - [2022-08-29T12:39:42.885-0400] {dagbag.py:508} INFO - Filling up the DagBag from /home/augenz/PycharmProjects/airflow/.env_airflow/lib/python3.9/site-packages/airflow/example_dags/example_kubernetes_executor.py
[2022-08-29T12:39:43.522-0400] {processor.py:650} INFO - DAG(s) dict_keys(['example_kubernetes_executor']) retrieved from /home/augenz/PycharmProjects/airflow/.env_airflow/lib/python3.9/site-packages/airflow/example_dags/example_kubernetes_executor.py
[2022-08-29T12:39:43.563-0400] {logging_mixin.py:115} INFO - [2022-08-29T12:39:43.563-0400] {dag.py:2429} INFO - Sync 1 DAGs
[2022-08-29T12:39:43.588-0400] {logging_mixin.py:115} INFO - [2022-08-29T12:39:43.588-0400] {dag.py:2977} INFO - Setting next_dagrun for example_kubernetes_executor to None, run_after=None
[2022-08-29T12:39:43.624-0400] {processor.py:161} INFO - Processing /home/augenz/PycharmProjects/airflow/.env_airflow/lib/python3.9/site-packages/airflow/example_dags/example_kubernetes_executor.py took 0.748 seconds
[2022-08-29T12:40:13.835-0400] {processor.py:153} INFO - Started process (PID=929) to work on /home/augenz/PycharmProjects/airflow/.env_airflow/lib/python3.9/site-packages/airflow/example_dags/example_kubernetes_executor.py
[2022-08-29T12:40:13.840-0400] {processor.py:640} INFO - Processing file /home/augenz/PycharmProjects/airflow/.env_airflow/lib/python3.9/site-packages/airflow/example_dags/example_kubernetes_executor.py for tasks to queue
[2022-08-29T12:40:13.841-0400] {logging_mixin.py:115} INFO - [2022-08-29T12:40:13.840-0400] {dagbag.py:508} INFO - Filling up the DagBag from /home/augenz/PycharmProjects/airflow/.env_airflow/lib/python3.9/site-packages/airflow/example_dags/example_kubernetes_executor.py
[2022-08-29T12:40:14.311-0400] {processor.py:650} INFO - DAG(s) dict_keys(['example_kubernetes_executor']) retrieved from /home/augenz/PycharmProjects/airflow/.env_airflow/lib/python3.9/site-packages/airflow/example_dags/example_kubernetes_executor.py
[2022-08-29T12:40:14.366-0400] {logging_mixin.py:115} INFO - [2022-08-29T12:40:14.365-0400] {dag.py:2429} INFO - Sync 1 DAGs
[2022-08-29T12:40:14.395-0400] {logging_mixin.py:115} INFO - [2022-08-29T12:40:14.394-0400] {dag.py:2977} INFO - Setting next_dagrun for example_kubernetes_executor to None, run_after=None
[2022-08-29T12:40:14.431-0400] {processor.py:161} INFO - Processing /home/augenz/PycharmProjects/airflow/.env_airflow/lib/python3.9/site-packages/airflow/example_dags/example_kubernetes_executor.py took 0.600 seconds
[2022-08-29T12:40:44.670-0400] {processor.py:153} INFO - Started process (PID=963) to work on /home/augenz/PycharmProjects/airflow/.env_airflow/lib/python3.9/site-packages/airflow/example_dags/example_kubernetes_executor.py
[2022-08-29T12:40:44.676-0400] {processor.py:640} INFO - Processing file /home/augenz/PycharmProjects/airflow/.env_airflow/lib/python3.9/site-packages/airflow/example_dags/example_kubernetes_executor.py for tasks to queue
[2022-08-29T12:40:44.677-0400] {logging_mixin.py:115} INFO - [2022-08-29T12:40:44.677-0400] {dagbag.py:508} INFO - Filling up the DagBag from /home/augenz/PycharmProjects/airflow/.env_airflow/lib/python3.9/site-packages/airflow/example_dags/example_kubernetes_executor.py
[2022-08-29T12:40:45.146-0400] {processor.py:650} INFO - DAG(s) dict_keys(['example_kubernetes_executor']) retrieved from /home/augenz/PycharmProjects/airflow/.env_airflow/lib/python3.9/site-packages/airflow/example_dags/example_kubernetes_executor.py
[2022-08-29T12:40:45.187-0400] {logging_mixin.py:115} INFO - [2022-08-29T12:40:45.187-0400] {dag.py:2429} INFO - Sync 1 DAGs
[2022-08-29T12:40:45.214-0400] {logging_mixin.py:115} INFO - [2022-08-29T12:40:45.214-0400] {dag.py:2977} INFO - Setting next_dagrun for example_kubernetes_executor to None, run_after=None
[2022-08-29T12:40:45.268-0400] {processor.py:161} INFO - Processing /home/augenz/PycharmProjects/airflow/.env_airflow/lib/python3.9/site-packages/airflow/example_dags/example_kubernetes_executor.py took 0.603 seconds
[2022-08-29T12:41:15.320-0400] {processor.py:153} INFO - Started process (PID=997) to work on /home/augenz/PycharmProjects/airflow/.env_airflow/lib/python3.9/site-packages/airflow/example_dags/example_kubernetes_executor.py
[2022-08-29T12:41:15.324-0400] {processor.py:640} INFO - Processing file /home/augenz/PycharmProjects/airflow/.env_airflow/lib/python3.9/site-packages/airflow/example_dags/example_kubernetes_executor.py for tasks to queue
[2022-08-29T12:41:15.325-0400] {logging_mixin.py:115} INFO - [2022-08-29T12:41:15.325-0400] {dagbag.py:508} INFO - Filling up the DagBag from /home/augenz/PycharmProjects/airflow/.env_airflow/lib/python3.9/site-packages/airflow/example_dags/example_kubernetes_executor.py
[2022-08-29T12:41:15.922-0400] {processor.py:650} INFO - DAG(s) dict_keys(['example_kubernetes_executor']) retrieved from /home/augenz/PycharmProjects/airflow/.env_airflow/lib/python3.9/site-packages/airflow/example_dags/example_kubernetes_executor.py
[2022-08-29T12:41:15.964-0400] {logging_mixin.py:115} INFO - [2022-08-29T12:41:15.964-0400] {dag.py:2429} INFO - Sync 1 DAGs
[2022-08-29T12:41:15.990-0400] {logging_mixin.py:115} INFO - [2022-08-29T12:41:15.990-0400] {dag.py:2977} INFO - Setting next_dagrun for example_kubernetes_executor to None, run_after=None
[2022-08-29T12:41:16.048-0400] {processor.py:161} INFO - Processing /home/augenz/PycharmProjects/airflow/.env_airflow/lib/python3.9/site-packages/airflow/example_dags/example_kubernetes_executor.py took 0.733 seconds
[2022-08-29T12:41:46.306-0400] {processor.py:153} INFO - Started process (PID=1041) to work on /home/augenz/PycharmProjects/airflow/.env_airflow/lib/python3.9/site-packages/airflow/example_dags/example_kubernetes_executor.py
[2022-08-29T12:41:46.312-0400] {processor.py:640} INFO - Processing file /home/augenz/PycharmProjects/airflow/.env_airflow/lib/python3.9/site-packages/airflow/example_dags/example_kubernetes_executor.py for tasks to queue
[2022-08-29T12:41:46.313-0400] {logging_mixin.py:115} INFO - [2022-08-29T12:41:46.313-0400] {dagbag.py:508} INFO - Filling up the DagBag from /home/augenz/PycharmProjects/airflow/.env_airflow/lib/python3.9/site-packages/airflow/example_dags/example_kubernetes_executor.py
[2022-08-29T12:41:46.753-0400] {processor.py:650} INFO - DAG(s) dict_keys(['example_kubernetes_executor']) retrieved from /home/augenz/PycharmProjects/airflow/.env_airflow/lib/python3.9/site-packages/airflow/example_dags/example_kubernetes_executor.py
[2022-08-29T12:41:46.793-0400] {logging_mixin.py:115} INFO - [2022-08-29T12:41:46.792-0400] {dag.py:2429} INFO - Sync 1 DAGs
[2022-08-29T12:41:46.819-0400] {logging_mixin.py:115} INFO - [2022-08-29T12:41:46.818-0400] {dag.py:2977} INFO - Setting next_dagrun for example_kubernetes_executor to None, run_after=None
[2022-08-29T12:41:46.877-0400] {processor.py:161} INFO - Processing /home/augenz/PycharmProjects/airflow/.env_airflow/lib/python3.9/site-packages/airflow/example_dags/example_kubernetes_executor.py took 0.575 seconds
[2022-08-29T12:42:17.333-0400] {processor.py:153} INFO - Started process (PID=1075) to work on /home/augenz/PycharmProjects/airflow/.env_airflow/lib/python3.9/site-packages/airflow/example_dags/example_kubernetes_executor.py
[2022-08-29T12:42:17.334-0400] {processor.py:640} INFO - Processing file /home/augenz/PycharmProjects/airflow/.env_airflow/lib/python3.9/site-packages/airflow/example_dags/example_kubernetes_executor.py for tasks to queue
[2022-08-29T12:42:17.335-0400] {logging_mixin.py:115} INFO - [2022-08-29T12:42:17.335-0400] {dagbag.py:508} INFO - Filling up the DagBag from /home/augenz/PycharmProjects/airflow/.env_airflow/lib/python3.9/site-packages/airflow/example_dags/example_kubernetes_executor.py
[2022-08-29T12:42:17.851-0400] {processor.py:650} INFO - DAG(s) dict_keys(['example_kubernetes_executor']) retrieved from /home/augenz/PycharmProjects/airflow/.env_airflow/lib/python3.9/site-packages/airflow/example_dags/example_kubernetes_executor.py
[2022-08-29T12:42:17.896-0400] {logging_mixin.py:115} INFO - [2022-08-29T12:42:17.896-0400] {dag.py:2429} INFO - Sync 1 DAGs
[2022-08-29T12:42:17.922-0400] {logging_mixin.py:115} INFO - [2022-08-29T12:42:17.922-0400] {dag.py:2977} INFO - Setting next_dagrun for example_kubernetes_executor to None, run_after=None
[2022-08-29T12:42:17.980-0400] {processor.py:161} INFO - Processing /home/augenz/PycharmProjects/airflow/.env_airflow/lib/python3.9/site-packages/airflow/example_dags/example_kubernetes_executor.py took 0.652 seconds
[2022-08-29T12:42:48.288-0400] {processor.py:153} INFO - Started process (PID=1109) to work on /home/augenz/PycharmProjects/airflow/.env_airflow/lib/python3.9/site-packages/airflow/example_dags/example_kubernetes_executor.py
[2022-08-29T12:42:48.290-0400] {processor.py:640} INFO - Processing file /home/augenz/PycharmProjects/airflow/.env_airflow/lib/python3.9/site-packages/airflow/example_dags/example_kubernetes_executor.py for tasks to queue
[2022-08-29T12:42:48.291-0400] {logging_mixin.py:115} INFO - [2022-08-29T12:42:48.291-0400] {dagbag.py:508} INFO - Filling up the DagBag from /home/augenz/PycharmProjects/airflow/.env_airflow/lib/python3.9/site-packages/airflow/example_dags/example_kubernetes_executor.py
[2022-08-29T12:42:48.859-0400] {processor.py:650} INFO - DAG(s) dict_keys(['example_kubernetes_executor']) retrieved from /home/augenz/PycharmProjects/airflow/.env_airflow/lib/python3.9/site-packages/airflow/example_dags/example_kubernetes_executor.py
[2022-08-29T12:42:48.901-0400] {logging_mixin.py:115} INFO - [2022-08-29T12:42:48.900-0400] {dag.py:2429} INFO - Sync 1 DAGs
[2022-08-29T12:42:48.927-0400] {logging_mixin.py:115} INFO - [2022-08-29T12:42:48.926-0400] {dag.py:2977} INFO - Setting next_dagrun for example_kubernetes_executor to None, run_after=None
[2022-08-29T12:42:48.969-0400] {processor.py:161} INFO - Processing /home/augenz/PycharmProjects/airflow/.env_airflow/lib/python3.9/site-packages/airflow/example_dags/example_kubernetes_executor.py took 0.687 seconds
[2022-08-29T12:43:19.110-0400] {processor.py:153} INFO - Started process (PID=1144) to work on /home/augenz/PycharmProjects/airflow/.env_airflow/lib/python3.9/site-packages/airflow/example_dags/example_kubernetes_executor.py
[2022-08-29T12:43:19.111-0400] {processor.py:640} INFO - Processing file /home/augenz/PycharmProjects/airflow/.env_airflow/lib/python3.9/site-packages/airflow/example_dags/example_kubernetes_executor.py for tasks to queue
[2022-08-29T12:43:19.112-0400] {logging_mixin.py:115} INFO - [2022-08-29T12:43:19.111-0400] {dagbag.py:508} INFO - Filling up the DagBag from /home/augenz/PycharmProjects/airflow/.env_airflow/lib/python3.9/site-packages/airflow/example_dags/example_kubernetes_executor.py
[2022-08-29T12:43:19.697-0400] {processor.py:650} INFO - DAG(s) dict_keys(['example_kubernetes_executor']) retrieved from /home/augenz/PycharmProjects/airflow/.env_airflow/lib/python3.9/site-packages/airflow/example_dags/example_kubernetes_executor.py
[2022-08-29T12:43:19.736-0400] {logging_mixin.py:115} INFO - [2022-08-29T12:43:19.735-0400] {dag.py:2429} INFO - Sync 1 DAGs
[2022-08-29T12:43:19.762-0400] {logging_mixin.py:115} INFO - [2022-08-29T12:43:19.761-0400] {dag.py:2977} INFO - Setting next_dagrun for example_kubernetes_executor to None, run_after=None
[2022-08-29T12:43:19.807-0400] {processor.py:161} INFO - Processing /home/augenz/PycharmProjects/airflow/.env_airflow/lib/python3.9/site-packages/airflow/example_dags/example_kubernetes_executor.py took 0.703 seconds
[2022-08-29T12:43:50.006-0400] {processor.py:153} INFO - Started process (PID=1178) to work on /home/augenz/PycharmProjects/airflow/.env_airflow/lib/python3.9/site-packages/airflow/example_dags/example_kubernetes_executor.py
[2022-08-29T12:43:50.012-0400] {processor.py:640} INFO - Processing file /home/augenz/PycharmProjects/airflow/.env_airflow/lib/python3.9/site-packages/airflow/example_dags/example_kubernetes_executor.py for tasks to queue
[2022-08-29T12:43:50.013-0400] {logging_mixin.py:115} INFO - [2022-08-29T12:43:50.013-0400] {dagbag.py:508} INFO - Filling up the DagBag from /home/augenz/PycharmProjects/airflow/.env_airflow/lib/python3.9/site-packages/airflow/example_dags/example_kubernetes_executor.py
[2022-08-29T12:43:50.522-0400] {processor.py:650} INFO - DAG(s) dict_keys(['example_kubernetes_executor']) retrieved from /home/augenz/PycharmProjects/airflow/.env_airflow/lib/python3.9/site-packages/airflow/example_dags/example_kubernetes_executor.py
[2022-08-29T12:43:50.569-0400] {logging_mixin.py:115} INFO - [2022-08-29T12:43:50.568-0400] {dag.py:2429} INFO - Sync 1 DAGs
[2022-08-29T12:43:50.596-0400] {logging_mixin.py:115} INFO - [2022-08-29T12:43:50.596-0400] {dag.py:2977} INFO - Setting next_dagrun for example_kubernetes_executor to None, run_after=None
[2022-08-29T12:43:50.637-0400] {processor.py:161} INFO - Processing /home/augenz/PycharmProjects/airflow/.env_airflow/lib/python3.9/site-packages/airflow/example_dags/example_kubernetes_executor.py took 0.636 seconds
[2022-08-29T12:44:21.010-0400] {processor.py:153} INFO - Started process (PID=1212) to work on /home/augenz/PycharmProjects/airflow/.env_airflow/lib/python3.9/site-packages/airflow/example_dags/example_kubernetes_executor.py
[2022-08-29T12:44:21.011-0400] {processor.py:640} INFO - Processing file /home/augenz/PycharmProjects/airflow/.env_airflow/lib/python3.9/site-packages/airflow/example_dags/example_kubernetes_executor.py for tasks to queue
[2022-08-29T12:44:21.012-0400] {logging_mixin.py:115} INFO - [2022-08-29T12:44:21.012-0400] {dagbag.py:508} INFO - Filling up the DagBag from /home/augenz/PycharmProjects/airflow/.env_airflow/lib/python3.9/site-packages/airflow/example_dags/example_kubernetes_executor.py
[2022-08-29T12:44:21.463-0400] {processor.py:650} INFO - DAG(s) dict_keys(['example_kubernetes_executor']) retrieved from /home/augenz/PycharmProjects/airflow/.env_airflow/lib/python3.9/site-packages/airflow/example_dags/example_kubernetes_executor.py
[2022-08-29T12:44:21.504-0400] {logging_mixin.py:115} INFO - [2022-08-29T12:44:21.504-0400] {dag.py:2429} INFO - Sync 1 DAGs
[2022-08-29T12:44:21.530-0400] {logging_mixin.py:115} INFO - [2022-08-29T12:44:21.530-0400] {dag.py:2977} INFO - Setting next_dagrun for example_kubernetes_executor to None, run_after=None
[2022-08-29T12:44:21.592-0400] {processor.py:161} INFO - Processing /home/augenz/PycharmProjects/airflow/.env_airflow/lib/python3.9/site-packages/airflow/example_dags/example_kubernetes_executor.py took 0.587 seconds
[2022-08-29T12:44:51.767-0400] {processor.py:153} INFO - Started process (PID=1260) to work on /home/augenz/PycharmProjects/airflow/.env_airflow/lib/python3.9/site-packages/airflow/example_dags/example_kubernetes_executor.py
[2022-08-29T12:44:51.788-0400] {processor.py:640} INFO - Processing file /home/augenz/PycharmProjects/airflow/.env_airflow/lib/python3.9/site-packages/airflow/example_dags/example_kubernetes_executor.py for tasks to queue
[2022-08-29T12:44:51.789-0400] {logging_mixin.py:115} INFO - [2022-08-29T12:44:51.789-0400] {dagbag.py:508} INFO - Filling up the DagBag from /home/augenz/PycharmProjects/airflow/.env_airflow/lib/python3.9/site-packages/airflow/example_dags/example_kubernetes_executor.py
[2022-08-29T12:44:52.251-0400] {processor.py:650} INFO - DAG(s) dict_keys(['example_kubernetes_executor']) retrieved from /home/augenz/PycharmProjects/airflow/.env_airflow/lib/python3.9/site-packages/airflow/example_dags/example_kubernetes_executor.py
[2022-08-29T12:44:52.292-0400] {logging_mixin.py:115} INFO - [2022-08-29T12:44:52.292-0400] {dag.py:2429} INFO - Sync 1 DAGs
[2022-08-29T12:44:52.318-0400] {logging_mixin.py:115} INFO - [2022-08-29T12:44:52.317-0400] {dag.py:2977} INFO - Setting next_dagrun for example_kubernetes_executor to None, run_after=None
[2022-08-29T12:44:52.362-0400] {processor.py:161} INFO - Processing /home/augenz/PycharmProjects/airflow/.env_airflow/lib/python3.9/site-packages/airflow/example_dags/example_kubernetes_executor.py took 0.600 seconds
[2022-08-29T12:45:22.573-0400] {processor.py:153} INFO - Started process (PID=1294) to work on /home/augenz/PycharmProjects/airflow/.env_airflow/lib/python3.9/site-packages/airflow/example_dags/example_kubernetes_executor.py
[2022-08-29T12:45:22.574-0400] {processor.py:640} INFO - Processing file /home/augenz/PycharmProjects/airflow/.env_airflow/lib/python3.9/site-packages/airflow/example_dags/example_kubernetes_executor.py for tasks to queue
[2022-08-29T12:45:22.575-0400] {logging_mixin.py:115} INFO - [2022-08-29T12:45:22.575-0400] {dagbag.py:508} INFO - Filling up the DagBag from /home/augenz/PycharmProjects/airflow/.env_airflow/lib/python3.9/site-packages/airflow/example_dags/example_kubernetes_executor.py
[2022-08-29T12:45:23.017-0400] {processor.py:650} INFO - DAG(s) dict_keys(['example_kubernetes_executor']) retrieved from /home/augenz/PycharmProjects/airflow/.env_airflow/lib/python3.9/site-packages/airflow/example_dags/example_kubernetes_executor.py
[2022-08-29T12:45:23.060-0400] {logging_mixin.py:115} INFO - [2022-08-29T12:45:23.059-0400] {dag.py:2429} INFO - Sync 1 DAGs
[2022-08-29T12:45:23.087-0400] {logging_mixin.py:115} INFO - [2022-08-29T12:45:23.087-0400] {dag.py:2977} INFO - Setting next_dagrun for example_kubernetes_executor to None, run_after=None
[2022-08-29T12:45:23.142-0400] {processor.py:161} INFO - Processing /home/augenz/PycharmProjects/airflow/.env_airflow/lib/python3.9/site-packages/airflow/example_dags/example_kubernetes_executor.py took 0.574 seconds
[2022-08-29T12:45:53.497-0400] {processor.py:153} INFO - Started process (PID=1329) to work on /home/augenz/PycharmProjects/airflow/.env_airflow/lib/python3.9/site-packages/airflow/example_dags/example_kubernetes_executor.py
[2022-08-29T12:45:53.498-0400] {processor.py:640} INFO - Processing file /home/augenz/PycharmProjects/airflow/.env_airflow/lib/python3.9/site-packages/airflow/example_dags/example_kubernetes_executor.py for tasks to queue
[2022-08-29T12:45:53.500-0400] {logging_mixin.py:115} INFO - [2022-08-29T12:45:53.499-0400] {dagbag.py:508} INFO - Filling up the DagBag from /home/augenz/PycharmProjects/airflow/.env_airflow/lib/python3.9/site-packages/airflow/example_dags/example_kubernetes_executor.py
[2022-08-29T12:45:54.004-0400] {processor.py:650} INFO - DAG(s) dict_keys(['example_kubernetes_executor']) retrieved from /home/augenz/PycharmProjects/airflow/.env_airflow/lib/python3.9/site-packages/airflow/example_dags/example_kubernetes_executor.py
[2022-08-29T12:45:54.052-0400] {logging_mixin.py:115} INFO - [2022-08-29T12:45:54.051-0400] {dag.py:2429} INFO - Sync 1 DAGs
[2022-08-29T12:45:54.079-0400] {logging_mixin.py:115} INFO - [2022-08-29T12:45:54.079-0400] {dag.py:2977} INFO - Setting next_dagrun for example_kubernetes_executor to None, run_after=None
[2022-08-29T12:45:54.115-0400] {processor.py:161} INFO - Processing /home/augenz/PycharmProjects/airflow/.env_airflow/lib/python3.9/site-packages/airflow/example_dags/example_kubernetes_executor.py took 0.624 seconds
[2022-08-29T12:46:24.678-0400] {processor.py:153} INFO - Started process (PID=1363) to work on /home/augenz/PycharmProjects/airflow/.env_airflow/lib/python3.9/site-packages/airflow/example_dags/example_kubernetes_executor.py
[2022-08-29T12:46:24.680-0400] {processor.py:640} INFO - Processing file /home/augenz/PycharmProjects/airflow/.env_airflow/lib/python3.9/site-packages/airflow/example_dags/example_kubernetes_executor.py for tasks to queue
[2022-08-29T12:46:24.681-0400] {logging_mixin.py:115} INFO - [2022-08-29T12:46:24.680-0400] {dagbag.py:508} INFO - Filling up the DagBag from /home/augenz/PycharmProjects/airflow/.env_airflow/lib/python3.9/site-packages/airflow/example_dags/example_kubernetes_executor.py
[2022-08-29T12:46:25.135-0400] {processor.py:650} INFO - DAG(s) dict_keys(['example_kubernetes_executor']) retrieved from /home/augenz/PycharmProjects/airflow/.env_airflow/lib/python3.9/site-packages/airflow/example_dags/example_kubernetes_executor.py
[2022-08-29T12:46:25.176-0400] {logging_mixin.py:115} INFO - [2022-08-29T12:46:25.176-0400] {dag.py:2429} INFO - Sync 1 DAGs
[2022-08-29T12:46:25.201-0400] {logging_mixin.py:115} INFO - [2022-08-29T12:46:25.201-0400] {dag.py:2977} INFO - Setting next_dagrun for example_kubernetes_executor to None, run_after=None
[2022-08-29T12:46:25.235-0400] {processor.py:161} INFO - Processing /home/augenz/PycharmProjects/airflow/.env_airflow/lib/python3.9/site-packages/airflow/example_dags/example_kubernetes_executor.py took 0.561 seconds
[2022-08-29T12:46:55.636-0400] {processor.py:153} INFO - Started process (PID=1398) to work on /home/augenz/PycharmProjects/airflow/.env_airflow/lib/python3.9/site-packages/airflow/example_dags/example_kubernetes_executor.py
[2022-08-29T12:46:55.638-0400] {processor.py:640} INFO - Processing file /home/augenz/PycharmProjects/airflow/.env_airflow/lib/python3.9/site-packages/airflow/example_dags/example_kubernetes_executor.py for tasks to queue
[2022-08-29T12:46:55.639-0400] {logging_mixin.py:115} INFO - [2022-08-29T12:46:55.639-0400] {dagbag.py:508} INFO - Filling up the DagBag from /home/augenz/PycharmProjects/airflow/.env_airflow/lib/python3.9/site-packages/airflow/example_dags/example_kubernetes_executor.py
[2022-08-29T12:46:56.099-0400] {processor.py:650} INFO - DAG(s) dict_keys(['example_kubernetes_executor']) retrieved from /home/augenz/PycharmProjects/airflow/.env_airflow/lib/python3.9/site-packages/airflow/example_dags/example_kubernetes_executor.py
[2022-08-29T12:46:56.141-0400] {logging_mixin.py:115} INFO - [2022-08-29T12:46:56.140-0400] {dag.py:2429} INFO - Sync 1 DAGs
[2022-08-29T12:46:56.167-0400] {logging_mixin.py:115} INFO - [2022-08-29T12:46:56.167-0400] {dag.py:2977} INFO - Setting next_dagrun for example_kubernetes_executor to None, run_after=None
[2022-08-29T12:46:56.198-0400] {processor.py:161} INFO - Processing /home/augenz/PycharmProjects/airflow/.env_airflow/lib/python3.9/site-packages/airflow/example_dags/example_kubernetes_executor.py took 0.568 seconds
[2022-08-29T12:47:26.848-0400] {processor.py:153} INFO - Started process (PID=1440) to work on /home/augenz/PycharmProjects/airflow/.env_airflow/lib/python3.9/site-packages/airflow/example_dags/example_kubernetes_executor.py
[2022-08-29T12:47:26.849-0400] {processor.py:640} INFO - Processing file /home/augenz/PycharmProjects/airflow/.env_airflow/lib/python3.9/site-packages/airflow/example_dags/example_kubernetes_executor.py for tasks to queue
[2022-08-29T12:47:26.850-0400] {logging_mixin.py:115} INFO - [2022-08-29T12:47:26.850-0400] {dagbag.py:508} INFO - Filling up the DagBag from /home/augenz/PycharmProjects/airflow/.env_airflow/lib/python3.9/site-packages/airflow/example_dags/example_kubernetes_executor.py
[2022-08-29T12:47:27.330-0400] {processor.py:650} INFO - DAG(s) dict_keys(['example_kubernetes_executor']) retrieved from /home/augenz/PycharmProjects/airflow/.env_airflow/lib/python3.9/site-packages/airflow/example_dags/example_kubernetes_executor.py
[2022-08-29T12:47:27.371-0400] {logging_mixin.py:115} INFO - [2022-08-29T12:47:27.371-0400] {dag.py:2429} INFO - Sync 1 DAGs
[2022-08-29T12:47:27.398-0400] {logging_mixin.py:115} INFO - [2022-08-29T12:47:27.398-0400] {dag.py:2977} INFO - Setting next_dagrun for example_kubernetes_executor to None, run_after=None
[2022-08-29T12:47:27.438-0400] {processor.py:161} INFO - Processing /home/augenz/PycharmProjects/airflow/.env_airflow/lib/python3.9/site-packages/airflow/example_dags/example_kubernetes_executor.py took 0.594 seconds
[2022-08-29T12:47:57.904-0400] {processor.py:153} INFO - Started process (PID=1474) to work on /home/augenz/PycharmProjects/airflow/.env_airflow/lib/python3.9/site-packages/airflow/example_dags/example_kubernetes_executor.py
[2022-08-29T12:47:57.905-0400] {processor.py:640} INFO - Processing file /home/augenz/PycharmProjects/airflow/.env_airflow/lib/python3.9/site-packages/airflow/example_dags/example_kubernetes_executor.py for tasks to queue
[2022-08-29T12:47:57.907-0400] {logging_mixin.py:115} INFO - [2022-08-29T12:47:57.906-0400] {dagbag.py:508} INFO - Filling up the DagBag from /home/augenz/PycharmProjects/airflow/.env_airflow/lib/python3.9/site-packages/airflow/example_dags/example_kubernetes_executor.py
[2022-08-29T12:47:58.514-0400] {processor.py:650} INFO - DAG(s) dict_keys(['example_kubernetes_executor']) retrieved from /home/augenz/PycharmProjects/airflow/.env_airflow/lib/python3.9/site-packages/airflow/example_dags/example_kubernetes_executor.py
[2022-08-29T12:47:58.566-0400] {logging_mixin.py:115} INFO - [2022-08-29T12:47:58.566-0400] {dag.py:2429} INFO - Sync 1 DAGs
[2022-08-29T12:47:58.604-0400] {logging_mixin.py:115} INFO - [2022-08-29T12:47:58.603-0400] {dag.py:2977} INFO - Setting next_dagrun for example_kubernetes_executor to None, run_after=None
[2022-08-29T12:47:58.651-0400] {processor.py:161} INFO - Processing /home/augenz/PycharmProjects/airflow/.env_airflow/lib/python3.9/site-packages/airflow/example_dags/example_kubernetes_executor.py took 0.754 seconds
[2022-08-29T12:48:29.293-0400] {processor.py:153} INFO - Started process (PID=1508) to work on /home/augenz/PycharmProjects/airflow/.env_airflow/lib/python3.9/site-packages/airflow/example_dags/example_kubernetes_executor.py
[2022-08-29T12:48:29.295-0400] {processor.py:640} INFO - Processing file /home/augenz/PycharmProjects/airflow/.env_airflow/lib/python3.9/site-packages/airflow/example_dags/example_kubernetes_executor.py for tasks to queue
[2022-08-29T12:48:29.296-0400] {logging_mixin.py:115} INFO - [2022-08-29T12:48:29.296-0400] {dagbag.py:508} INFO - Filling up the DagBag from /home/augenz/PycharmProjects/airflow/.env_airflow/lib/python3.9/site-packages/airflow/example_dags/example_kubernetes_executor.py
[2022-08-29T12:48:29.818-0400] {processor.py:650} INFO - DAG(s) dict_keys(['example_kubernetes_executor']) retrieved from /home/augenz/PycharmProjects/airflow/.env_airflow/lib/python3.9/site-packages/airflow/example_dags/example_kubernetes_executor.py
[2022-08-29T12:48:29.871-0400] {logging_mixin.py:115} INFO - [2022-08-29T12:48:29.870-0400] {dag.py:2429} INFO - Sync 1 DAGs
[2022-08-29T12:48:29.907-0400] {logging_mixin.py:115} INFO - [2022-08-29T12:48:29.906-0400] {dag.py:2977} INFO - Setting next_dagrun for example_kubernetes_executor to None, run_after=None
[2022-08-29T12:48:29.966-0400] {processor.py:161} INFO - Processing /home/augenz/PycharmProjects/airflow/.env_airflow/lib/python3.9/site-packages/airflow/example_dags/example_kubernetes_executor.py took 0.677 seconds
[2022-08-29T12:49:00.540-0400] {processor.py:153} INFO - Started process (PID=1543) to work on /home/augenz/PycharmProjects/airflow/.env_airflow/lib/python3.9/site-packages/airflow/example_dags/example_kubernetes_executor.py
[2022-08-29T12:49:00.543-0400] {processor.py:640} INFO - Processing file /home/augenz/PycharmProjects/airflow/.env_airflow/lib/python3.9/site-packages/airflow/example_dags/example_kubernetes_executor.py for tasks to queue
[2022-08-29T12:49:00.544-0400] {logging_mixin.py:115} INFO - [2022-08-29T12:49:00.544-0400] {dagbag.py:508} INFO - Filling up the DagBag from /home/augenz/PycharmProjects/airflow/.env_airflow/lib/python3.9/site-packages/airflow/example_dags/example_kubernetes_executor.py
[2022-08-29T12:49:00.952-0400] {processor.py:650} INFO - DAG(s) dict_keys(['example_kubernetes_executor']) retrieved from /home/augenz/PycharmProjects/airflow/.env_airflow/lib/python3.9/site-packages/airflow/example_dags/example_kubernetes_executor.py
[2022-08-29T12:49:00.997-0400] {logging_mixin.py:115} INFO - [2022-08-29T12:49:00.996-0400] {dag.py:2429} INFO - Sync 1 DAGs
[2022-08-29T12:49:01.022-0400] {logging_mixin.py:115} INFO - [2022-08-29T12:49:01.022-0400] {dag.py:2977} INFO - Setting next_dagrun for example_kubernetes_executor to None, run_after=None
[2022-08-29T12:49:01.070-0400] {processor.py:161} INFO - Processing /home/augenz/PycharmProjects/airflow/.env_airflow/lib/python3.9/site-packages/airflow/example_dags/example_kubernetes_executor.py took 0.535 seconds
[2022-08-29T12:49:31.110-0400] {processor.py:153} INFO - Started process (PID=1587) to work on /home/augenz/PycharmProjects/airflow/.env_airflow/lib/python3.9/site-packages/airflow/example_dags/example_kubernetes_executor.py
[2022-08-29T12:49:31.112-0400] {processor.py:640} INFO - Processing file /home/augenz/PycharmProjects/airflow/.env_airflow/lib/python3.9/site-packages/airflow/example_dags/example_kubernetes_executor.py for tasks to queue
[2022-08-29T12:49:31.113-0400] {logging_mixin.py:115} INFO - [2022-08-29T12:49:31.113-0400] {dagbag.py:508} INFO - Filling up the DagBag from /home/augenz/PycharmProjects/airflow/.env_airflow/lib/python3.9/site-packages/airflow/example_dags/example_kubernetes_executor.py
[2022-08-29T12:49:31.598-0400] {processor.py:650} INFO - DAG(s) dict_keys(['example_kubernetes_executor']) retrieved from /home/augenz/PycharmProjects/airflow/.env_airflow/lib/python3.9/site-packages/airflow/example_dags/example_kubernetes_executor.py
[2022-08-29T12:49:31.637-0400] {logging_mixin.py:115} INFO - [2022-08-29T12:49:31.637-0400] {dag.py:2429} INFO - Sync 1 DAGs
[2022-08-29T12:49:31.677-0400] {logging_mixin.py:115} INFO - [2022-08-29T12:49:31.677-0400] {dag.py:2977} INFO - Setting next_dagrun for example_kubernetes_executor to None, run_after=None
[2022-08-29T12:49:31.743-0400] {processor.py:161} INFO - Processing /home/augenz/PycharmProjects/airflow/.env_airflow/lib/python3.9/site-packages/airflow/example_dags/example_kubernetes_executor.py took 0.642 seconds
[2022-08-29T12:50:02.121-0400] {processor.py:153} INFO - Started process (PID=1622) to work on /home/augenz/PycharmProjects/airflow/.env_airflow/lib/python3.9/site-packages/airflow/example_dags/example_kubernetes_executor.py
[2022-08-29T12:50:02.123-0400] {processor.py:640} INFO - Processing file /home/augenz/PycharmProjects/airflow/.env_airflow/lib/python3.9/site-packages/airflow/example_dags/example_kubernetes_executor.py for tasks to queue
[2022-08-29T12:50:02.125-0400] {logging_mixin.py:115} INFO - [2022-08-29T12:50:02.124-0400] {dagbag.py:508} INFO - Filling up the DagBag from /home/augenz/PycharmProjects/airflow/.env_airflow/lib/python3.9/site-packages/airflow/example_dags/example_kubernetes_executor.py
[2022-08-29T12:50:02.610-0400] {processor.py:650} INFO - DAG(s) dict_keys(['example_kubernetes_executor']) retrieved from /home/augenz/PycharmProjects/airflow/.env_airflow/lib/python3.9/site-packages/airflow/example_dags/example_kubernetes_executor.py
[2022-08-29T12:50:02.650-0400] {logging_mixin.py:115} INFO - [2022-08-29T12:50:02.650-0400] {dag.py:2429} INFO - Sync 1 DAGs
[2022-08-29T12:50:02.677-0400] {logging_mixin.py:115} INFO - [2022-08-29T12:50:02.677-0400] {dag.py:2977} INFO - Setting next_dagrun for example_kubernetes_executor to None, run_after=None
[2022-08-29T12:50:02.714-0400] {processor.py:161} INFO - Processing /home/augenz/PycharmProjects/airflow/.env_airflow/lib/python3.9/site-packages/airflow/example_dags/example_kubernetes_executor.py took 0.602 seconds
[2022-08-29T12:50:33.914-0400] {processor.py:153} INFO - Started process (PID=1661) to work on /home/augenz/PycharmProjects/airflow/.env_airflow/lib/python3.9/site-packages/airflow/example_dags/example_kubernetes_executor.py
[2022-08-29T12:50:33.917-0400] {processor.py:640} INFO - Processing file /home/augenz/PycharmProjects/airflow/.env_airflow/lib/python3.9/site-packages/airflow/example_dags/example_kubernetes_executor.py for tasks to queue
[2022-08-29T12:50:33.919-0400] {logging_mixin.py:115} INFO - [2022-08-29T12:50:33.919-0400] {dagbag.py:508} INFO - Filling up the DagBag from /home/augenz/PycharmProjects/airflow/.env_airflow/lib/python3.9/site-packages/airflow/example_dags/example_kubernetes_executor.py
[2022-08-29T12:50:34.687-0400] {processor.py:650} INFO - DAG(s) dict_keys(['example_kubernetes_executor']) retrieved from /home/augenz/PycharmProjects/airflow/.env_airflow/lib/python3.9/site-packages/airflow/example_dags/example_kubernetes_executor.py
[2022-08-29T12:50:34.761-0400] {logging_mixin.py:115} INFO - [2022-08-29T12:50:34.761-0400] {dag.py:2429} INFO - Sync 1 DAGs
[2022-08-29T12:50:34.816-0400] {logging_mixin.py:115} INFO - [2022-08-29T12:50:34.815-0400] {dag.py:2977} INFO - Setting next_dagrun for example_kubernetes_executor to None, run_after=None
[2022-08-29T12:50:34.869-0400] {processor.py:161} INFO - Processing /home/augenz/PycharmProjects/airflow/.env_airflow/lib/python3.9/site-packages/airflow/example_dags/example_kubernetes_executor.py took 0.961 seconds
[2022-08-29T12:51:05.615-0400] {processor.py:153} INFO - Started process (PID=1696) to work on /home/augenz/PycharmProjects/airflow/.env_airflow/lib/python3.9/site-packages/airflow/example_dags/example_kubernetes_executor.py
[2022-08-29T12:51:05.616-0400] {processor.py:640} INFO - Processing file /home/augenz/PycharmProjects/airflow/.env_airflow/lib/python3.9/site-packages/airflow/example_dags/example_kubernetes_executor.py for tasks to queue
[2022-08-29T12:51:05.617-0400] {logging_mixin.py:115} INFO - [2022-08-29T12:51:05.617-0400] {dagbag.py:508} INFO - Filling up the DagBag from /home/augenz/PycharmProjects/airflow/.env_airflow/lib/python3.9/site-packages/airflow/example_dags/example_kubernetes_executor.py
[2022-08-29T12:51:06.084-0400] {processor.py:650} INFO - DAG(s) dict_keys(['example_kubernetes_executor']) retrieved from /home/augenz/PycharmProjects/airflow/.env_airflow/lib/python3.9/site-packages/airflow/example_dags/example_kubernetes_executor.py
[2022-08-29T12:51:06.132-0400] {logging_mixin.py:115} INFO - [2022-08-29T12:51:06.131-0400] {dag.py:2429} INFO - Sync 1 DAGs
[2022-08-29T12:51:06.159-0400] {logging_mixin.py:115} INFO - [2022-08-29T12:51:06.158-0400] {dag.py:2977} INFO - Setting next_dagrun for example_kubernetes_executor to None, run_after=None
[2022-08-29T12:51:06.200-0400] {processor.py:161} INFO - Processing /home/augenz/PycharmProjects/airflow/.env_airflow/lib/python3.9/site-packages/airflow/example_dags/example_kubernetes_executor.py took 0.589 seconds
[2022-08-29T12:51:36.675-0400] {processor.py:153} INFO - Started process (PID=1734) to work on /home/augenz/PycharmProjects/airflow/.env_airflow/lib/python3.9/site-packages/airflow/example_dags/example_kubernetes_executor.py
[2022-08-29T12:51:36.687-0400] {processor.py:640} INFO - Processing file /home/augenz/PycharmProjects/airflow/.env_airflow/lib/python3.9/site-packages/airflow/example_dags/example_kubernetes_executor.py for tasks to queue
[2022-08-29T12:51:36.688-0400] {logging_mixin.py:115} INFO - [2022-08-29T12:51:36.688-0400] {dagbag.py:508} INFO - Filling up the DagBag from /home/augenz/PycharmProjects/airflow/.env_airflow/lib/python3.9/site-packages/airflow/example_dags/example_kubernetes_executor.py
[2022-08-29T12:51:37.144-0400] {processor.py:650} INFO - DAG(s) dict_keys(['example_kubernetes_executor']) retrieved from /home/augenz/PycharmProjects/airflow/.env_airflow/lib/python3.9/site-packages/airflow/example_dags/example_kubernetes_executor.py
[2022-08-29T12:51:37.185-0400] {logging_mixin.py:115} INFO - [2022-08-29T12:51:37.184-0400] {dag.py:2429} INFO - Sync 1 DAGs
[2022-08-29T12:51:37.211-0400] {logging_mixin.py:115} INFO - [2022-08-29T12:51:37.211-0400] {dag.py:2977} INFO - Setting next_dagrun for example_kubernetes_executor to None, run_after=None
[2022-08-29T12:51:37.270-0400] {processor.py:161} INFO - Processing /home/augenz/PycharmProjects/airflow/.env_airflow/lib/python3.9/site-packages/airflow/example_dags/example_kubernetes_executor.py took 0.600 seconds
[2022-08-29T12:52:07.606-0400] {processor.py:153} INFO - Started process (PID=1768) to work on /home/augenz/PycharmProjects/airflow/.env_airflow/lib/python3.9/site-packages/airflow/example_dags/example_kubernetes_executor.py
[2022-08-29T12:52:07.608-0400] {processor.py:640} INFO - Processing file /home/augenz/PycharmProjects/airflow/.env_airflow/lib/python3.9/site-packages/airflow/example_dags/example_kubernetes_executor.py for tasks to queue
[2022-08-29T12:52:07.608-0400] {logging_mixin.py:115} INFO - [2022-08-29T12:52:07.608-0400] {dagbag.py:508} INFO - Filling up the DagBag from /home/augenz/PycharmProjects/airflow/.env_airflow/lib/python3.9/site-packages/airflow/example_dags/example_kubernetes_executor.py
[2022-08-29T12:52:08.155-0400] {processor.py:650} INFO - DAG(s) dict_keys(['example_kubernetes_executor']) retrieved from /home/augenz/PycharmProjects/airflow/.env_airflow/lib/python3.9/site-packages/airflow/example_dags/example_kubernetes_executor.py
[2022-08-29T12:52:08.205-0400] {logging_mixin.py:115} INFO - [2022-08-29T12:52:08.205-0400] {dag.py:2429} INFO - Sync 1 DAGs
[2022-08-29T12:52:08.233-0400] {logging_mixin.py:115} INFO - [2022-08-29T12:52:08.232-0400] {dag.py:2977} INFO - Setting next_dagrun for example_kubernetes_executor to None, run_after=None
[2022-08-29T12:52:08.284-0400] {processor.py:161} INFO - Processing /home/augenz/PycharmProjects/airflow/.env_airflow/lib/python3.9/site-packages/airflow/example_dags/example_kubernetes_executor.py took 0.683 seconds
[2022-08-29T12:52:38.363-0400] {processor.py:153} INFO - Started process (PID=1802) to work on /home/augenz/PycharmProjects/airflow/.env_airflow/lib/python3.9/site-packages/airflow/example_dags/example_kubernetes_executor.py
[2022-08-29T12:52:38.375-0400] {processor.py:640} INFO - Processing file /home/augenz/PycharmProjects/airflow/.env_airflow/lib/python3.9/site-packages/airflow/example_dags/example_kubernetes_executor.py for tasks to queue
[2022-08-29T12:52:38.377-0400] {logging_mixin.py:115} INFO - [2022-08-29T12:52:38.377-0400] {dagbag.py:508} INFO - Filling up the DagBag from /home/augenz/PycharmProjects/airflow/.env_airflow/lib/python3.9/site-packages/airflow/example_dags/example_kubernetes_executor.py
[2022-08-29T12:52:38.874-0400] {processor.py:650} INFO - DAG(s) dict_keys(['example_kubernetes_executor']) retrieved from /home/augenz/PycharmProjects/airflow/.env_airflow/lib/python3.9/site-packages/airflow/example_dags/example_kubernetes_executor.py
[2022-08-29T12:52:38.915-0400] {logging_mixin.py:115} INFO - [2022-08-29T12:52:38.915-0400] {dag.py:2429} INFO - Sync 1 DAGs
[2022-08-29T12:52:38.941-0400] {logging_mixin.py:115} INFO - [2022-08-29T12:52:38.941-0400] {dag.py:2977} INFO - Setting next_dagrun for example_kubernetes_executor to None, run_after=None
[2022-08-29T12:52:38.997-0400] {processor.py:161} INFO - Processing /home/augenz/PycharmProjects/airflow/.env_airflow/lib/python3.9/site-packages/airflow/example_dags/example_kubernetes_executor.py took 0.639 seconds
[2022-08-29T12:53:09.255-0400] {processor.py:153} INFO - Started process (PID=1839) to work on /home/augenz/PycharmProjects/airflow/.env_airflow/lib/python3.9/site-packages/airflow/example_dags/example_kubernetes_executor.py
[2022-08-29T12:53:09.269-0400] {processor.py:640} INFO - Processing file /home/augenz/PycharmProjects/airflow/.env_airflow/lib/python3.9/site-packages/airflow/example_dags/example_kubernetes_executor.py for tasks to queue
[2022-08-29T12:53:09.270-0400] {logging_mixin.py:115} INFO - [2022-08-29T12:53:09.269-0400] {dagbag.py:508} INFO - Filling up the DagBag from /home/augenz/PycharmProjects/airflow/.env_airflow/lib/python3.9/site-packages/airflow/example_dags/example_kubernetes_executor.py
[2022-08-29T12:53:09.807-0400] {processor.py:650} INFO - DAG(s) dict_keys(['example_kubernetes_executor']) retrieved from /home/augenz/PycharmProjects/airflow/.env_airflow/lib/python3.9/site-packages/airflow/example_dags/example_kubernetes_executor.py
[2022-08-29T12:53:09.850-0400] {logging_mixin.py:115} INFO - [2022-08-29T12:53:09.849-0400] {dag.py:2429} INFO - Sync 1 DAGs
[2022-08-29T12:53:09.877-0400] {logging_mixin.py:115} INFO - [2022-08-29T12:53:09.877-0400] {dag.py:2977} INFO - Setting next_dagrun for example_kubernetes_executor to None, run_after=None
[2022-08-29T12:53:09.936-0400] {processor.py:161} INFO - Processing /home/augenz/PycharmProjects/airflow/.env_airflow/lib/python3.9/site-packages/airflow/example_dags/example_kubernetes_executor.py took 0.685 seconds
[2022-08-29T12:53:40.598-0400] {processor.py:153} INFO - Started process (PID=1879) to work on /home/augenz/PycharmProjects/airflow/.env_airflow/lib/python3.9/site-packages/airflow/example_dags/example_kubernetes_executor.py
[2022-08-29T12:53:40.610-0400] {processor.py:640} INFO - Processing file /home/augenz/PycharmProjects/airflow/.env_airflow/lib/python3.9/site-packages/airflow/example_dags/example_kubernetes_executor.py for tasks to queue
[2022-08-29T12:53:40.611-0400] {logging_mixin.py:115} INFO - [2022-08-29T12:53:40.611-0400] {dagbag.py:508} INFO - Filling up the DagBag from /home/augenz/PycharmProjects/airflow/.env_airflow/lib/python3.9/site-packages/airflow/example_dags/example_kubernetes_executor.py
[2022-08-29T12:53:41.100-0400] {processor.py:650} INFO - DAG(s) dict_keys(['example_kubernetes_executor']) retrieved from /home/augenz/PycharmProjects/airflow/.env_airflow/lib/python3.9/site-packages/airflow/example_dags/example_kubernetes_executor.py
[2022-08-29T12:53:41.148-0400] {logging_mixin.py:115} INFO - [2022-08-29T12:53:41.148-0400] {dag.py:2429} INFO - Sync 1 DAGs
[2022-08-29T12:53:41.178-0400] {logging_mixin.py:115} INFO - [2022-08-29T12:53:41.178-0400] {dag.py:2977} INFO - Setting next_dagrun for example_kubernetes_executor to None, run_after=None
[2022-08-29T12:53:41.216-0400] {processor.py:161} INFO - Processing /home/augenz/PycharmProjects/airflow/.env_airflow/lib/python3.9/site-packages/airflow/example_dags/example_kubernetes_executor.py took 0.623 seconds
