[2022-08-29T12:33:19.953-0400] {processor.py:153} INFO - Started process (PID=398) to work on /home/augenz/PycharmProjects/airflow/.env_airflow/lib/python3.9/site-packages/airflow/example_dags/example_branch_python_dop_operator_3.py
[2022-08-29T12:33:19.954-0400] {processor.py:640} INFO - Processing file /home/augenz/PycharmProjects/airflow/.env_airflow/lib/python3.9/site-packages/airflow/example_dags/example_branch_python_dop_operator_3.py for tasks to queue
[2022-08-29T12:33:19.954-0400] {logging_mixin.py:115} INFO - [2022-08-29T12:33:19.954-0400] {dagbag.py:508} INFO - Filling up the DagBag from /home/augenz/PycharmProjects/airflow/.env_airflow/lib/python3.9/site-packages/airflow/example_dags/example_branch_python_dop_operator_3.py
[2022-08-29T12:33:19.969-0400] {processor.py:650} INFO - DAG(s) dict_keys(['example_branch_dop_operator_v3']) retrieved from /home/augenz/PycharmProjects/airflow/.env_airflow/lib/python3.9/site-packages/airflow/example_dags/example_branch_python_dop_operator_3.py
[2022-08-29T12:33:20.166-0400] {logging_mixin.py:115} INFO - [2022-08-29T12:33:20.165-0400] {manager.py:508} INFO - Created Permission View: can delete on DAG:example_branch_dop_operator_v3
[2022-08-29T12:33:20.206-0400] {logging_mixin.py:115} INFO - [2022-08-29T12:33:20.206-0400] {manager.py:508} INFO - Created Permission View: can read on DAG:example_branch_dop_operator_v3
[2022-08-29T12:33:20.248-0400] {logging_mixin.py:115} INFO - [2022-08-29T12:33:20.248-0400] {manager.py:508} INFO - Created Permission View: can edit on DAG:example_branch_dop_operator_v3
[2022-08-29T12:33:20.249-0400] {logging_mixin.py:115} INFO - [2022-08-29T12:33:20.249-0400] {dag.py:2429} INFO - Sync 1 DAGs
[2022-08-29T12:33:20.272-0400] {logging_mixin.py:115} INFO - [2022-08-29T12:33:20.272-0400] {dag.py:2448} INFO - Creating ORM DAG for example_branch_dop_operator_v3
[2022-08-29T12:33:20.322-0400] {logging_mixin.py:115} INFO - [2022-08-29T12:33:20.322-0400] {dag.py:2977} INFO - Setting next_dagrun for example_branch_dop_operator_v3 to 2022-08-29T16:32:00+00:00, run_after=2022-08-29T16:33:00+00:00
[2022-08-29T12:33:20.381-0400] {processor.py:161} INFO - Processing /home/augenz/PycharmProjects/airflow/.env_airflow/lib/python3.9/site-packages/airflow/example_dags/example_branch_python_dop_operator_3.py took 0.432 seconds
[2022-08-29T12:33:50.852-0400] {processor.py:153} INFO - Started process (PID=438) to work on /home/augenz/PycharmProjects/airflow/.env_airflow/lib/python3.9/site-packages/airflow/example_dags/example_branch_python_dop_operator_3.py
[2022-08-29T12:33:50.854-0400] {processor.py:640} INFO - Processing file /home/augenz/PycharmProjects/airflow/.env_airflow/lib/python3.9/site-packages/airflow/example_dags/example_branch_python_dop_operator_3.py for tasks to queue
[2022-08-29T12:33:50.855-0400] {logging_mixin.py:115} INFO - [2022-08-29T12:33:50.855-0400] {dagbag.py:508} INFO - Filling up the DagBag from /home/augenz/PycharmProjects/airflow/.env_airflow/lib/python3.9/site-packages/airflow/example_dags/example_branch_python_dop_operator_3.py
[2022-08-29T12:33:50.872-0400] {processor.py:650} INFO - DAG(s) dict_keys(['example_branch_dop_operator_v3']) retrieved from /home/augenz/PycharmProjects/airflow/.env_airflow/lib/python3.9/site-packages/airflow/example_dags/example_branch_python_dop_operator_3.py
[2022-08-29T12:33:50.913-0400] {logging_mixin.py:115} INFO - [2022-08-29T12:33:50.913-0400] {dag.py:2429} INFO - Sync 1 DAGs
[2022-08-29T12:33:50.956-0400] {logging_mixin.py:115} INFO - [2022-08-29T12:33:50.956-0400] {dag.py:2977} INFO - Setting next_dagrun for example_branch_dop_operator_v3 to 2022-08-29T16:32:00+00:00, run_after=2022-08-29T16:33:00+00:00
[2022-08-29T12:33:50.993-0400] {processor.py:161} INFO - Processing /home/augenz/PycharmProjects/airflow/.env_airflow/lib/python3.9/site-packages/airflow/example_dags/example_branch_python_dop_operator_3.py took 0.145 seconds
[2022-08-29T12:34:21.626-0400] {processor.py:153} INFO - Started process (PID=473) to work on /home/augenz/PycharmProjects/airflow/.env_airflow/lib/python3.9/site-packages/airflow/example_dags/example_branch_python_dop_operator_3.py
[2022-08-29T12:34:21.627-0400] {processor.py:640} INFO - Processing file /home/augenz/PycharmProjects/airflow/.env_airflow/lib/python3.9/site-packages/airflow/example_dags/example_branch_python_dop_operator_3.py for tasks to queue
[2022-08-29T12:34:21.629-0400] {logging_mixin.py:115} INFO - [2022-08-29T12:34:21.628-0400] {dagbag.py:508} INFO - Filling up the DagBag from /home/augenz/PycharmProjects/airflow/.env_airflow/lib/python3.9/site-packages/airflow/example_dags/example_branch_python_dop_operator_3.py
[2022-08-29T12:34:21.646-0400] {processor.py:650} INFO - DAG(s) dict_keys(['example_branch_dop_operator_v3']) retrieved from /home/augenz/PycharmProjects/airflow/.env_airflow/lib/python3.9/site-packages/airflow/example_dags/example_branch_python_dop_operator_3.py
[2022-08-29T12:34:21.695-0400] {logging_mixin.py:115} INFO - [2022-08-29T12:34:21.694-0400] {dag.py:2429} INFO - Sync 1 DAGs
[2022-08-29T12:34:21.752-0400] {logging_mixin.py:115} INFO - [2022-08-29T12:34:21.752-0400] {dag.py:2977} INFO - Setting next_dagrun for example_branch_dop_operator_v3 to 2022-08-29T16:33:00+00:00, run_after=2022-08-29T16:34:00+00:00
[2022-08-29T12:34:21.798-0400] {processor.py:161} INFO - Processing /home/augenz/PycharmProjects/airflow/.env_airflow/lib/python3.9/site-packages/airflow/example_dags/example_branch_python_dop_operator_3.py took 0.177 seconds
[2022-08-29T12:34:52.361-0400] {processor.py:153} INFO - Started process (PID=509) to work on /home/augenz/PycharmProjects/airflow/.env_airflow/lib/python3.9/site-packages/airflow/example_dags/example_branch_python_dop_operator_3.py
[2022-08-29T12:34:52.365-0400] {processor.py:640} INFO - Processing file /home/augenz/PycharmProjects/airflow/.env_airflow/lib/python3.9/site-packages/airflow/example_dags/example_branch_python_dop_operator_3.py for tasks to queue
[2022-08-29T12:34:52.367-0400] {logging_mixin.py:115} INFO - [2022-08-29T12:34:52.367-0400] {dagbag.py:508} INFO - Filling up the DagBag from /home/augenz/PycharmProjects/airflow/.env_airflow/lib/python3.9/site-packages/airflow/example_dags/example_branch_python_dop_operator_3.py
[2022-08-29T12:34:52.405-0400] {processor.py:650} INFO - DAG(s) dict_keys(['example_branch_dop_operator_v3']) retrieved from /home/augenz/PycharmProjects/airflow/.env_airflow/lib/python3.9/site-packages/airflow/example_dags/example_branch_python_dop_operator_3.py
[2022-08-29T12:34:52.527-0400] {logging_mixin.py:115} INFO - [2022-08-29T12:34:52.526-0400] {dag.py:2429} INFO - Sync 1 DAGs
[2022-08-29T12:34:52.654-0400] {logging_mixin.py:115} INFO - [2022-08-29T12:34:52.653-0400] {dag.py:2977} INFO - Setting next_dagrun for example_branch_dop_operator_v3 to 2022-08-29T16:33:00+00:00, run_after=2022-08-29T16:34:00+00:00
[2022-08-29T12:34:52.740-0400] {processor.py:161} INFO - Processing /home/augenz/PycharmProjects/airflow/.env_airflow/lib/python3.9/site-packages/airflow/example_dags/example_branch_python_dop_operator_3.py took 0.386 seconds
[2022-08-29T12:35:22.786-0400] {processor.py:153} INFO - Started process (PID=565) to work on /home/augenz/PycharmProjects/airflow/.env_airflow/lib/python3.9/site-packages/airflow/example_dags/example_branch_python_dop_operator_3.py
[2022-08-29T12:35:22.789-0400] {processor.py:640} INFO - Processing file /home/augenz/PycharmProjects/airflow/.env_airflow/lib/python3.9/site-packages/airflow/example_dags/example_branch_python_dop_operator_3.py for tasks to queue
[2022-08-29T12:35:22.791-0400] {logging_mixin.py:115} INFO - [2022-08-29T12:35:22.790-0400] {dagbag.py:508} INFO - Filling up the DagBag from /home/augenz/PycharmProjects/airflow/.env_airflow/lib/python3.9/site-packages/airflow/example_dags/example_branch_python_dop_operator_3.py
[2022-08-29T12:35:22.809-0400] {processor.py:650} INFO - DAG(s) dict_keys(['example_branch_dop_operator_v3']) retrieved from /home/augenz/PycharmProjects/airflow/.env_airflow/lib/python3.9/site-packages/airflow/example_dags/example_branch_python_dop_operator_3.py
[2022-08-29T12:35:22.853-0400] {logging_mixin.py:115} INFO - [2022-08-29T12:35:22.853-0400] {dag.py:2429} INFO - Sync 1 DAGs
[2022-08-29T12:35:22.897-0400] {logging_mixin.py:115} INFO - [2022-08-29T12:35:22.897-0400] {dag.py:2977} INFO - Setting next_dagrun for example_branch_dop_operator_v3 to 2022-08-29T16:34:00+00:00, run_after=2022-08-29T16:35:00+00:00
[2022-08-29T12:35:22.942-0400] {processor.py:161} INFO - Processing /home/augenz/PycharmProjects/airflow/.env_airflow/lib/python3.9/site-packages/airflow/example_dags/example_branch_python_dop_operator_3.py took 0.160 seconds
[2022-08-29T12:35:57.817-0400] {processor.py:153} INFO - Started process (PID=608) to work on /home/augenz/PycharmProjects/airflow/.env_airflow/lib/python3.9/site-packages/airflow/example_dags/example_branch_python_dop_operator_3.py
[2022-08-29T12:35:57.818-0400] {processor.py:640} INFO - Processing file /home/augenz/PycharmProjects/airflow/.env_airflow/lib/python3.9/site-packages/airflow/example_dags/example_branch_python_dop_operator_3.py for tasks to queue
[2022-08-29T12:35:57.819-0400] {logging_mixin.py:115} INFO - [2022-08-29T12:35:57.819-0400] {dagbag.py:508} INFO - Filling up the DagBag from /home/augenz/PycharmProjects/airflow/.env_airflow/lib/python3.9/site-packages/airflow/example_dags/example_branch_python_dop_operator_3.py
[2022-08-29T12:35:57.843-0400] {processor.py:650} INFO - DAG(s) dict_keys(['example_branch_dop_operator_v3']) retrieved from /home/augenz/PycharmProjects/airflow/.env_airflow/lib/python3.9/site-packages/airflow/example_dags/example_branch_python_dop_operator_3.py
[2022-08-29T12:35:58.440-0400] {logging_mixin.py:115} INFO - [2022-08-29T12:35:58.440-0400] {dag.py:2429} INFO - Sync 1 DAGs
[2022-08-29T12:35:58.482-0400] {logging_mixin.py:115} INFO - [2022-08-29T12:35:58.482-0400] {dag.py:2977} INFO - Setting next_dagrun for example_branch_dop_operator_v3 to 2022-08-29T16:34:00+00:00, run_after=2022-08-29T16:35:00+00:00
[2022-08-29T12:35:58.518-0400] {processor.py:161} INFO - Processing /home/augenz/PycharmProjects/airflow/.env_airflow/lib/python3.9/site-packages/airflow/example_dags/example_branch_python_dop_operator_3.py took 0.705 seconds
[2022-08-29T12:36:29.271-0400] {processor.py:153} INFO - Started process (PID=642) to work on /home/augenz/PycharmProjects/airflow/.env_airflow/lib/python3.9/site-packages/airflow/example_dags/example_branch_python_dop_operator_3.py
[2022-08-29T12:36:29.274-0400] {processor.py:640} INFO - Processing file /home/augenz/PycharmProjects/airflow/.env_airflow/lib/python3.9/site-packages/airflow/example_dags/example_branch_python_dop_operator_3.py for tasks to queue
[2022-08-29T12:36:29.275-0400] {logging_mixin.py:115} INFO - [2022-08-29T12:36:29.275-0400] {dagbag.py:508} INFO - Filling up the DagBag from /home/augenz/PycharmProjects/airflow/.env_airflow/lib/python3.9/site-packages/airflow/example_dags/example_branch_python_dop_operator_3.py
[2022-08-29T12:36:29.298-0400] {processor.py:650} INFO - DAG(s) dict_keys(['example_branch_dop_operator_v3']) retrieved from /home/augenz/PycharmProjects/airflow/.env_airflow/lib/python3.9/site-packages/airflow/example_dags/example_branch_python_dop_operator_3.py
[2022-08-29T12:36:29.783-0400] {logging_mixin.py:115} INFO - [2022-08-29T12:36:29.783-0400] {dag.py:2429} INFO - Sync 1 DAGs
[2022-08-29T12:36:29.823-0400] {logging_mixin.py:115} INFO - [2022-08-29T12:36:29.823-0400] {dag.py:2977} INFO - Setting next_dagrun for example_branch_dop_operator_v3 to 2022-08-29T16:35:00+00:00, run_after=2022-08-29T16:36:00+00:00
[2022-08-29T12:36:29.867-0400] {processor.py:161} INFO - Processing /home/augenz/PycharmProjects/airflow/.env_airflow/lib/python3.9/site-packages/airflow/example_dags/example_branch_python_dop_operator_3.py took 0.601 seconds
[2022-08-29T12:37:07.529-0400] {processor.py:153} INFO - Started process (PID=694) to work on /home/augenz/PycharmProjects/airflow/.env_airflow/lib/python3.9/site-packages/airflow/example_dags/example_branch_python_dop_operator_3.py
[2022-08-29T12:37:07.532-0400] {processor.py:640} INFO - Processing file /home/augenz/PycharmProjects/airflow/.env_airflow/lib/python3.9/site-packages/airflow/example_dags/example_branch_python_dop_operator_3.py for tasks to queue
[2022-08-29T12:37:07.534-0400] {logging_mixin.py:115} INFO - [2022-08-29T12:37:07.533-0400] {dagbag.py:508} INFO - Filling up the DagBag from /home/augenz/PycharmProjects/airflow/.env_airflow/lib/python3.9/site-packages/airflow/example_dags/example_branch_python_dop_operator_3.py
[2022-08-29T12:37:07.597-0400] {processor.py:650} INFO - DAG(s) dict_keys(['example_branch_dop_operator_v3']) retrieved from /home/augenz/PycharmProjects/airflow/.env_airflow/lib/python3.9/site-packages/airflow/example_dags/example_branch_python_dop_operator_3.py
[2022-08-29T12:37:08.634-0400] {logging_mixin.py:115} INFO - [2022-08-29T12:37:08.632-0400] {dag.py:2429} INFO - Sync 1 DAGs
[2022-08-29T12:37:08.762-0400] {logging_mixin.py:115} INFO - [2022-08-29T12:37:08.761-0400] {dag.py:2977} INFO - Setting next_dagrun for example_branch_dop_operator_v3 to 2022-08-29T16:36:00+00:00, run_after=2022-08-29T16:37:00+00:00
[2022-08-29T12:37:08.857-0400] {processor.py:161} INFO - Processing /home/augenz/PycharmProjects/airflow/.env_airflow/lib/python3.9/site-packages/airflow/example_dags/example_branch_python_dop_operator_3.py took 1.349 seconds
[2022-08-29T12:37:50.891-0400] {processor.py:153} INFO - Started process (PID=738) to work on /home/augenz/PycharmProjects/airflow/.env_airflow/lib/python3.9/site-packages/airflow/example_dags/example_branch_python_dop_operator_3.py
[2022-08-29T12:37:50.916-0400] {processor.py:640} INFO - Processing file /home/augenz/PycharmProjects/airflow/.env_airflow/lib/python3.9/site-packages/airflow/example_dags/example_branch_python_dop_operator_3.py for tasks to queue
[2022-08-29T12:37:50.918-0400] {logging_mixin.py:115} INFO - [2022-08-29T12:37:50.918-0400] {dagbag.py:508} INFO - Filling up the DagBag from /home/augenz/PycharmProjects/airflow/.env_airflow/lib/python3.9/site-packages/airflow/example_dags/example_branch_python_dop_operator_3.py
[2022-08-29T12:37:50.946-0400] {processor.py:650} INFO - DAG(s) dict_keys(['example_branch_dop_operator_v3']) retrieved from /home/augenz/PycharmProjects/airflow/.env_airflow/lib/python3.9/site-packages/airflow/example_dags/example_branch_python_dop_operator_3.py
[2022-08-29T12:37:52.562-0400] {logging_mixin.py:115} INFO - [2022-08-29T12:37:52.561-0400] {dag.py:2429} INFO - Sync 1 DAGs
[2022-08-29T12:37:52.725-0400] {logging_mixin.py:115} INFO - [2022-08-29T12:37:52.725-0400] {dag.py:2977} INFO - Setting next_dagrun for example_branch_dop_operator_v3 to 2022-08-29T16:36:00+00:00, run_after=2022-08-29T16:37:00+00:00
[2022-08-29T12:37:52.796-0400] {processor.py:161} INFO - Processing /home/augenz/PycharmProjects/airflow/.env_airflow/lib/python3.9/site-packages/airflow/example_dags/example_branch_python_dop_operator_3.py took 1.920 seconds
[2022-08-29T12:38:24.457-0400] {processor.py:153} INFO - Started process (PID=799) to work on /home/augenz/PycharmProjects/airflow/.env_airflow/lib/python3.9/site-packages/airflow/example_dags/example_branch_python_dop_operator_3.py
[2022-08-29T12:38:24.463-0400] {processor.py:640} INFO - Processing file /home/augenz/PycharmProjects/airflow/.env_airflow/lib/python3.9/site-packages/airflow/example_dags/example_branch_python_dop_operator_3.py for tasks to queue
[2022-08-29T12:38:24.464-0400] {logging_mixin.py:115} INFO - [2022-08-29T12:38:24.464-0400] {dagbag.py:508} INFO - Filling up the DagBag from /home/augenz/PycharmProjects/airflow/.env_airflow/lib/python3.9/site-packages/airflow/example_dags/example_branch_python_dop_operator_3.py
[2022-08-29T12:38:24.486-0400] {processor.py:650} INFO - DAG(s) dict_keys(['example_branch_dop_operator_v3']) retrieved from /home/augenz/PycharmProjects/airflow/.env_airflow/lib/python3.9/site-packages/airflow/example_dags/example_branch_python_dop_operator_3.py
[2022-08-29T12:38:25.124-0400] {logging_mixin.py:115} INFO - [2022-08-29T12:38:25.124-0400] {dag.py:2429} INFO - Sync 1 DAGs
[2022-08-29T12:38:25.176-0400] {logging_mixin.py:115} INFO - [2022-08-29T12:38:25.176-0400] {dag.py:2977} INFO - Setting next_dagrun for example_branch_dop_operator_v3 to 2022-08-29T16:37:00+00:00, run_after=2022-08-29T16:38:00+00:00
[2022-08-29T12:38:25.214-0400] {processor.py:161} INFO - Processing /home/augenz/PycharmProjects/airflow/.env_airflow/lib/python3.9/site-packages/airflow/example_dags/example_branch_python_dop_operator_3.py took 0.762 seconds
[2022-08-29T12:38:55.644-0400] {processor.py:153} INFO - Started process (PID=834) to work on /home/augenz/PycharmProjects/airflow/.env_airflow/lib/python3.9/site-packages/airflow/example_dags/example_branch_python_dop_operator_3.py
[2022-08-29T12:38:55.650-0400] {processor.py:640} INFO - Processing file /home/augenz/PycharmProjects/airflow/.env_airflow/lib/python3.9/site-packages/airflow/example_dags/example_branch_python_dop_operator_3.py for tasks to queue
[2022-08-29T12:38:55.652-0400] {logging_mixin.py:115} INFO - [2022-08-29T12:38:55.652-0400] {dagbag.py:508} INFO - Filling up the DagBag from /home/augenz/PycharmProjects/airflow/.env_airflow/lib/python3.9/site-packages/airflow/example_dags/example_branch_python_dop_operator_3.py
[2022-08-29T12:38:55.668-0400] {processor.py:650} INFO - DAG(s) dict_keys(['example_branch_dop_operator_v3']) retrieved from /home/augenz/PycharmProjects/airflow/.env_airflow/lib/python3.9/site-packages/airflow/example_dags/example_branch_python_dop_operator_3.py
[2022-08-29T12:38:56.101-0400] {logging_mixin.py:115} INFO - [2022-08-29T12:38:56.101-0400] {dag.py:2429} INFO - Sync 1 DAGs
[2022-08-29T12:38:56.138-0400] {logging_mixin.py:115} INFO - [2022-08-29T12:38:56.138-0400] {dag.py:2977} INFO - Setting next_dagrun for example_branch_dop_operator_v3 to 2022-08-29T16:37:00+00:00, run_after=2022-08-29T16:38:00+00:00
[2022-08-29T12:38:56.194-0400] {processor.py:161} INFO - Processing /home/augenz/PycharmProjects/airflow/.env_airflow/lib/python3.9/site-packages/airflow/example_dags/example_branch_python_dop_operator_3.py took 0.554 seconds
[2022-08-29T12:39:26.329-0400] {processor.py:153} INFO - Started process (PID=869) to work on /home/augenz/PycharmProjects/airflow/.env_airflow/lib/python3.9/site-packages/airflow/example_dags/example_branch_python_dop_operator_3.py
[2022-08-29T12:39:26.334-0400] {processor.py:640} INFO - Processing file /home/augenz/PycharmProjects/airflow/.env_airflow/lib/python3.9/site-packages/airflow/example_dags/example_branch_python_dop_operator_3.py for tasks to queue
[2022-08-29T12:39:26.336-0400] {logging_mixin.py:115} INFO - [2022-08-29T12:39:26.336-0400] {dagbag.py:508} INFO - Filling up the DagBag from /home/augenz/PycharmProjects/airflow/.env_airflow/lib/python3.9/site-packages/airflow/example_dags/example_branch_python_dop_operator_3.py
[2022-08-29T12:39:26.353-0400] {processor.py:650} INFO - DAG(s) dict_keys(['example_branch_dop_operator_v3']) retrieved from /home/augenz/PycharmProjects/airflow/.env_airflow/lib/python3.9/site-packages/airflow/example_dags/example_branch_python_dop_operator_3.py
[2022-08-29T12:39:26.823-0400] {logging_mixin.py:115} INFO - [2022-08-29T12:39:26.822-0400] {dag.py:2429} INFO - Sync 1 DAGs
[2022-08-29T12:39:26.867-0400] {logging_mixin.py:115} INFO - [2022-08-29T12:39:26.866-0400] {dag.py:2977} INFO - Setting next_dagrun for example_branch_dop_operator_v3 to 2022-08-29T16:38:00+00:00, run_after=2022-08-29T16:39:00+00:00
[2022-08-29T12:39:26.905-0400] {processor.py:161} INFO - Processing /home/augenz/PycharmProjects/airflow/.env_airflow/lib/python3.9/site-packages/airflow/example_dags/example_branch_python_dop_operator_3.py took 0.581 seconds
[2022-08-29T12:39:57.083-0400] {processor.py:153} INFO - Started process (PID=908) to work on /home/augenz/PycharmProjects/airflow/.env_airflow/lib/python3.9/site-packages/airflow/example_dags/example_branch_python_dop_operator_3.py
[2022-08-29T12:39:57.086-0400] {processor.py:640} INFO - Processing file /home/augenz/PycharmProjects/airflow/.env_airflow/lib/python3.9/site-packages/airflow/example_dags/example_branch_python_dop_operator_3.py for tasks to queue
[2022-08-29T12:39:57.086-0400] {logging_mixin.py:115} INFO - [2022-08-29T12:39:57.086-0400] {dagbag.py:508} INFO - Filling up the DagBag from /home/augenz/PycharmProjects/airflow/.env_airflow/lib/python3.9/site-packages/airflow/example_dags/example_branch_python_dop_operator_3.py
[2022-08-29T12:39:57.101-0400] {processor.py:650} INFO - DAG(s) dict_keys(['example_branch_dop_operator_v3']) retrieved from /home/augenz/PycharmProjects/airflow/.env_airflow/lib/python3.9/site-packages/airflow/example_dags/example_branch_python_dop_operator_3.py
[2022-08-29T12:39:57.529-0400] {logging_mixin.py:115} INFO - [2022-08-29T12:39:57.528-0400] {dag.py:2429} INFO - Sync 1 DAGs
[2022-08-29T12:39:57.566-0400] {logging_mixin.py:115} INFO - [2022-08-29T12:39:57.565-0400] {dag.py:2977} INFO - Setting next_dagrun for example_branch_dop_operator_v3 to 2022-08-29T16:38:00+00:00, run_after=2022-08-29T16:39:00+00:00
[2022-08-29T12:39:57.611-0400] {processor.py:161} INFO - Processing /home/augenz/PycharmProjects/airflow/.env_airflow/lib/python3.9/site-packages/airflow/example_dags/example_branch_python_dop_operator_3.py took 0.533 seconds
[2022-08-29T12:40:27.672-0400] {processor.py:153} INFO - Started process (PID=943) to work on /home/augenz/PycharmProjects/airflow/.env_airflow/lib/python3.9/site-packages/airflow/example_dags/example_branch_python_dop_operator_3.py
[2022-08-29T12:40:27.673-0400] {processor.py:640} INFO - Processing file /home/augenz/PycharmProjects/airflow/.env_airflow/lib/python3.9/site-packages/airflow/example_dags/example_branch_python_dop_operator_3.py for tasks to queue
[2022-08-29T12:40:27.674-0400] {logging_mixin.py:115} INFO - [2022-08-29T12:40:27.673-0400] {dagbag.py:508} INFO - Filling up the DagBag from /home/augenz/PycharmProjects/airflow/.env_airflow/lib/python3.9/site-packages/airflow/example_dags/example_branch_python_dop_operator_3.py
[2022-08-29T12:40:27.690-0400] {processor.py:650} INFO - DAG(s) dict_keys(['example_branch_dop_operator_v3']) retrieved from /home/augenz/PycharmProjects/airflow/.env_airflow/lib/python3.9/site-packages/airflow/example_dags/example_branch_python_dop_operator_3.py
[2022-08-29T12:40:28.145-0400] {logging_mixin.py:115} INFO - [2022-08-29T12:40:28.145-0400] {dag.py:2429} INFO - Sync 1 DAGs
[2022-08-29T12:40:28.184-0400] {logging_mixin.py:115} INFO - [2022-08-29T12:40:28.184-0400] {dag.py:2977} INFO - Setting next_dagrun for example_branch_dop_operator_v3 to 2022-08-29T16:39:00+00:00, run_after=2022-08-29T16:40:00+00:00
[2022-08-29T12:40:28.258-0400] {processor.py:161} INFO - Processing /home/augenz/PycharmProjects/airflow/.env_airflow/lib/python3.9/site-packages/airflow/example_dags/example_branch_python_dop_operator_3.py took 0.592 seconds
[2022-08-29T12:40:58.471-0400] {processor.py:153} INFO - Started process (PID=977) to work on /home/augenz/PycharmProjects/airflow/.env_airflow/lib/python3.9/site-packages/airflow/example_dags/example_branch_python_dop_operator_3.py
[2022-08-29T12:40:58.473-0400] {processor.py:640} INFO - Processing file /home/augenz/PycharmProjects/airflow/.env_airflow/lib/python3.9/site-packages/airflow/example_dags/example_branch_python_dop_operator_3.py for tasks to queue
[2022-08-29T12:40:58.474-0400] {logging_mixin.py:115} INFO - [2022-08-29T12:40:58.474-0400] {dagbag.py:508} INFO - Filling up the DagBag from /home/augenz/PycharmProjects/airflow/.env_airflow/lib/python3.9/site-packages/airflow/example_dags/example_branch_python_dop_operator_3.py
[2022-08-29T12:40:58.498-0400] {processor.py:650} INFO - DAG(s) dict_keys(['example_branch_dop_operator_v3']) retrieved from /home/augenz/PycharmProjects/airflow/.env_airflow/lib/python3.9/site-packages/airflow/example_dags/example_branch_python_dop_operator_3.py
[2022-08-29T12:40:58.949-0400] {logging_mixin.py:115} INFO - [2022-08-29T12:40:58.949-0400] {dag.py:2429} INFO - Sync 1 DAGs
[2022-08-29T12:40:58.988-0400] {logging_mixin.py:115} INFO - [2022-08-29T12:40:58.988-0400] {dag.py:2977} INFO - Setting next_dagrun for example_branch_dop_operator_v3 to 2022-08-29T16:39:00+00:00, run_after=2022-08-29T16:40:00+00:00
[2022-08-29T12:40:59.046-0400] {processor.py:161} INFO - Processing /home/augenz/PycharmProjects/airflow/.env_airflow/lib/python3.9/site-packages/airflow/example_dags/example_branch_python_dop_operator_3.py took 0.580 seconds
[2022-08-29T12:41:29.926-0400] {processor.py:153} INFO - Started process (PID=1011) to work on /home/augenz/PycharmProjects/airflow/.env_airflow/lib/python3.9/site-packages/airflow/example_dags/example_branch_python_dop_operator_3.py
[2022-08-29T12:41:29.933-0400] {processor.py:640} INFO - Processing file /home/augenz/PycharmProjects/airflow/.env_airflow/lib/python3.9/site-packages/airflow/example_dags/example_branch_python_dop_operator_3.py for tasks to queue
[2022-08-29T12:41:29.934-0400] {logging_mixin.py:115} INFO - [2022-08-29T12:41:29.934-0400] {dagbag.py:508} INFO - Filling up the DagBag from /home/augenz/PycharmProjects/airflow/.env_airflow/lib/python3.9/site-packages/airflow/example_dags/example_branch_python_dop_operator_3.py
[2022-08-29T12:41:29.950-0400] {processor.py:650} INFO - DAG(s) dict_keys(['example_branch_dop_operator_v3']) retrieved from /home/augenz/PycharmProjects/airflow/.env_airflow/lib/python3.9/site-packages/airflow/example_dags/example_branch_python_dop_operator_3.py
[2022-08-29T12:41:30.450-0400] {logging_mixin.py:115} INFO - [2022-08-29T12:41:30.450-0400] {dag.py:2429} INFO - Sync 1 DAGs
[2022-08-29T12:41:30.489-0400] {logging_mixin.py:115} INFO - [2022-08-29T12:41:30.489-0400] {dag.py:2977} INFO - Setting next_dagrun for example_branch_dop_operator_v3 to 2022-08-29T16:40:00+00:00, run_after=2022-08-29T16:41:00+00:00
[2022-08-29T12:41:30.549-0400] {processor.py:161} INFO - Processing /home/augenz/PycharmProjects/airflow/.env_airflow/lib/python3.9/site-packages/airflow/example_dags/example_branch_python_dop_operator_3.py took 0.627 seconds
[2022-08-29T12:42:01.458-0400] {processor.py:153} INFO - Started process (PID=1055) to work on /home/augenz/PycharmProjects/airflow/.env_airflow/lib/python3.9/site-packages/airflow/example_dags/example_branch_python_dop_operator_3.py
[2022-08-29T12:42:01.459-0400] {processor.py:640} INFO - Processing file /home/augenz/PycharmProjects/airflow/.env_airflow/lib/python3.9/site-packages/airflow/example_dags/example_branch_python_dop_operator_3.py for tasks to queue
[2022-08-29T12:42:01.460-0400] {logging_mixin.py:115} INFO - [2022-08-29T12:42:01.459-0400] {dagbag.py:508} INFO - Filling up the DagBag from /home/augenz/PycharmProjects/airflow/.env_airflow/lib/python3.9/site-packages/airflow/example_dags/example_branch_python_dop_operator_3.py
[2022-08-29T12:42:01.475-0400] {processor.py:650} INFO - DAG(s) dict_keys(['example_branch_dop_operator_v3']) retrieved from /home/augenz/PycharmProjects/airflow/.env_airflow/lib/python3.9/site-packages/airflow/example_dags/example_branch_python_dop_operator_3.py
[2022-08-29T12:42:01.938-0400] {logging_mixin.py:115} INFO - [2022-08-29T12:42:01.937-0400] {dag.py:2429} INFO - Sync 1 DAGs
[2022-08-29T12:42:01.988-0400] {logging_mixin.py:115} INFO - [2022-08-29T12:42:01.988-0400] {dag.py:2977} INFO - Setting next_dagrun for example_branch_dop_operator_v3 to 2022-08-29T16:41:00+00:00, run_after=2022-08-29T16:42:00+00:00
[2022-08-29T12:42:02.046-0400] {processor.py:161} INFO - Processing /home/augenz/PycharmProjects/airflow/.env_airflow/lib/python3.9/site-packages/airflow/example_dags/example_branch_python_dop_operator_3.py took 0.593 seconds
[2022-08-29T12:42:32.330-0400] {processor.py:153} INFO - Started process (PID=1089) to work on /home/augenz/PycharmProjects/airflow/.env_airflow/lib/python3.9/site-packages/airflow/example_dags/example_branch_python_dop_operator_3.py
[2022-08-29T12:42:32.332-0400] {processor.py:640} INFO - Processing file /home/augenz/PycharmProjects/airflow/.env_airflow/lib/python3.9/site-packages/airflow/example_dags/example_branch_python_dop_operator_3.py for tasks to queue
[2022-08-29T12:42:32.333-0400] {logging_mixin.py:115} INFO - [2022-08-29T12:42:32.333-0400] {dagbag.py:508} INFO - Filling up the DagBag from /home/augenz/PycharmProjects/airflow/.env_airflow/lib/python3.9/site-packages/airflow/example_dags/example_branch_python_dop_operator_3.py
[2022-08-29T12:42:32.355-0400] {processor.py:650} INFO - DAG(s) dict_keys(['example_branch_dop_operator_v3']) retrieved from /home/augenz/PycharmProjects/airflow/.env_airflow/lib/python3.9/site-packages/airflow/example_dags/example_branch_python_dop_operator_3.py
[2022-08-29T12:42:32.855-0400] {logging_mixin.py:115} INFO - [2022-08-29T12:42:32.854-0400] {dag.py:2429} INFO - Sync 1 DAGs
[2022-08-29T12:42:32.898-0400] {logging_mixin.py:115} INFO - [2022-08-29T12:42:32.897-0400] {dag.py:2977} INFO - Setting next_dagrun for example_branch_dop_operator_v3 to 2022-08-29T16:41:00+00:00, run_after=2022-08-29T16:42:00+00:00
[2022-08-29T12:42:32.951-0400] {processor.py:161} INFO - Processing /home/augenz/PycharmProjects/airflow/.env_airflow/lib/python3.9/site-packages/airflow/example_dags/example_branch_python_dop_operator_3.py took 0.627 seconds
[2022-08-29T12:43:03.376-0400] {processor.py:153} INFO - Started process (PID=1124) to work on /home/augenz/PycharmProjects/airflow/.env_airflow/lib/python3.9/site-packages/airflow/example_dags/example_branch_python_dop_operator_3.py
[2022-08-29T12:43:03.377-0400] {processor.py:640} INFO - Processing file /home/augenz/PycharmProjects/airflow/.env_airflow/lib/python3.9/site-packages/airflow/example_dags/example_branch_python_dop_operator_3.py for tasks to queue
[2022-08-29T12:43:03.378-0400] {logging_mixin.py:115} INFO - [2022-08-29T12:43:03.378-0400] {dagbag.py:508} INFO - Filling up the DagBag from /home/augenz/PycharmProjects/airflow/.env_airflow/lib/python3.9/site-packages/airflow/example_dags/example_branch_python_dop_operator_3.py
[2022-08-29T12:43:03.395-0400] {processor.py:650} INFO - DAG(s) dict_keys(['example_branch_dop_operator_v3']) retrieved from /home/augenz/PycharmProjects/airflow/.env_airflow/lib/python3.9/site-packages/airflow/example_dags/example_branch_python_dop_operator_3.py
[2022-08-29T12:43:03.850-0400] {logging_mixin.py:115} INFO - [2022-08-29T12:43:03.849-0400] {dag.py:2429} INFO - Sync 1 DAGs
[2022-08-29T12:43:03.888-0400] {logging_mixin.py:115} INFO - [2022-08-29T12:43:03.888-0400] {dag.py:2977} INFO - Setting next_dagrun for example_branch_dop_operator_v3 to 2022-08-29T16:42:00+00:00, run_after=2022-08-29T16:43:00+00:00
[2022-08-29T12:43:03.947-0400] {processor.py:161} INFO - Processing /home/augenz/PycharmProjects/airflow/.env_airflow/lib/python3.9/site-packages/airflow/example_dags/example_branch_python_dop_operator_3.py took 0.578 seconds
[2022-08-29T12:43:34.440-0400] {processor.py:153} INFO - Started process (PID=1158) to work on /home/augenz/PycharmProjects/airflow/.env_airflow/lib/python3.9/site-packages/airflow/example_dags/example_branch_python_dop_operator_3.py
[2022-08-29T12:43:34.444-0400] {processor.py:640} INFO - Processing file /home/augenz/PycharmProjects/airflow/.env_airflow/lib/python3.9/site-packages/airflow/example_dags/example_branch_python_dop_operator_3.py for tasks to queue
[2022-08-29T12:43:34.445-0400] {logging_mixin.py:115} INFO - [2022-08-29T12:43:34.445-0400] {dagbag.py:508} INFO - Filling up the DagBag from /home/augenz/PycharmProjects/airflow/.env_airflow/lib/python3.9/site-packages/airflow/example_dags/example_branch_python_dop_operator_3.py
[2022-08-29T12:43:34.462-0400] {processor.py:650} INFO - DAG(s) dict_keys(['example_branch_dop_operator_v3']) retrieved from /home/augenz/PycharmProjects/airflow/.env_airflow/lib/python3.9/site-packages/airflow/example_dags/example_branch_python_dop_operator_3.py
[2022-08-29T12:43:34.909-0400] {logging_mixin.py:115} INFO - [2022-08-29T12:43:34.908-0400] {dag.py:2429} INFO - Sync 1 DAGs
[2022-08-29T12:43:34.947-0400] {logging_mixin.py:115} INFO - [2022-08-29T12:43:34.947-0400] {dag.py:2977} INFO - Setting next_dagrun for example_branch_dop_operator_v3 to 2022-08-29T16:42:00+00:00, run_after=2022-08-29T16:43:00+00:00
[2022-08-29T12:43:35.017-0400] {processor.py:161} INFO - Processing /home/augenz/PycharmProjects/airflow/.env_airflow/lib/python3.9/site-packages/airflow/example_dags/example_branch_python_dop_operator_3.py took 0.584 seconds
[2022-08-29T12:44:05.168-0400] {processor.py:153} INFO - Started process (PID=1192) to work on /home/augenz/PycharmProjects/airflow/.env_airflow/lib/python3.9/site-packages/airflow/example_dags/example_branch_python_dop_operator_3.py
[2022-08-29T12:44:05.170-0400] {processor.py:640} INFO - Processing file /home/augenz/PycharmProjects/airflow/.env_airflow/lib/python3.9/site-packages/airflow/example_dags/example_branch_python_dop_operator_3.py for tasks to queue
[2022-08-29T12:44:05.170-0400] {logging_mixin.py:115} INFO - [2022-08-29T12:44:05.170-0400] {dagbag.py:508} INFO - Filling up the DagBag from /home/augenz/PycharmProjects/airflow/.env_airflow/lib/python3.9/site-packages/airflow/example_dags/example_branch_python_dop_operator_3.py
[2022-08-29T12:44:05.187-0400] {processor.py:650} INFO - DAG(s) dict_keys(['example_branch_dop_operator_v3']) retrieved from /home/augenz/PycharmProjects/airflow/.env_airflow/lib/python3.9/site-packages/airflow/example_dags/example_branch_python_dop_operator_3.py
[2022-08-29T12:44:05.711-0400] {logging_mixin.py:115} INFO - [2022-08-29T12:44:05.711-0400] {dag.py:2429} INFO - Sync 1 DAGs
[2022-08-29T12:44:05.752-0400] {logging_mixin.py:115} INFO - [2022-08-29T12:44:05.752-0400] {dag.py:2977} INFO - Setting next_dagrun for example_branch_dop_operator_v3 to 2022-08-29T16:43:00+00:00, run_after=2022-08-29T16:44:00+00:00
[2022-08-29T12:44:05.789-0400] {processor.py:161} INFO - Processing /home/augenz/PycharmProjects/airflow/.env_airflow/lib/python3.9/site-packages/airflow/example_dags/example_branch_python_dop_operator_3.py took 0.626 seconds
[2022-08-29T12:44:35.842-0400] {processor.py:153} INFO - Started process (PID=1236) to work on /home/augenz/PycharmProjects/airflow/.env_airflow/lib/python3.9/site-packages/airflow/example_dags/example_branch_python_dop_operator_3.py
[2022-08-29T12:44:35.847-0400] {processor.py:640} INFO - Processing file /home/augenz/PycharmProjects/airflow/.env_airflow/lib/python3.9/site-packages/airflow/example_dags/example_branch_python_dop_operator_3.py for tasks to queue
[2022-08-29T12:44:35.848-0400] {logging_mixin.py:115} INFO - [2022-08-29T12:44:35.848-0400] {dagbag.py:508} INFO - Filling up the DagBag from /home/augenz/PycharmProjects/airflow/.env_airflow/lib/python3.9/site-packages/airflow/example_dags/example_branch_python_dop_operator_3.py
[2022-08-29T12:44:35.868-0400] {processor.py:650} INFO - DAG(s) dict_keys(['example_branch_dop_operator_v3']) retrieved from /home/augenz/PycharmProjects/airflow/.env_airflow/lib/python3.9/site-packages/airflow/example_dags/example_branch_python_dop_operator_3.py
[2022-08-29T12:44:36.568-0400] {logging_mixin.py:115} INFO - [2022-08-29T12:44:36.567-0400] {dag.py:2429} INFO - Sync 1 DAGs
[2022-08-29T12:44:36.615-0400] {logging_mixin.py:115} INFO - [2022-08-29T12:44:36.614-0400] {dag.py:2977} INFO - Setting next_dagrun for example_branch_dop_operator_v3 to 2022-08-29T16:43:00+00:00, run_after=2022-08-29T16:44:00+00:00
[2022-08-29T12:44:36.652-0400] {processor.py:161} INFO - Processing /home/augenz/PycharmProjects/airflow/.env_airflow/lib/python3.9/site-packages/airflow/example_dags/example_branch_python_dop_operator_3.py took 0.817 seconds
[2022-08-29T12:45:07.488-0400] {processor.py:153} INFO - Started process (PID=1274) to work on /home/augenz/PycharmProjects/airflow/.env_airflow/lib/python3.9/site-packages/airflow/example_dags/example_branch_python_dop_operator_3.py
[2022-08-29T12:45:07.494-0400] {processor.py:640} INFO - Processing file /home/augenz/PycharmProjects/airflow/.env_airflow/lib/python3.9/site-packages/airflow/example_dags/example_branch_python_dop_operator_3.py for tasks to queue
[2022-08-29T12:45:07.495-0400] {logging_mixin.py:115} INFO - [2022-08-29T12:45:07.495-0400] {dagbag.py:508} INFO - Filling up the DagBag from /home/augenz/PycharmProjects/airflow/.env_airflow/lib/python3.9/site-packages/airflow/example_dags/example_branch_python_dop_operator_3.py
[2022-08-29T12:45:07.510-0400] {processor.py:650} INFO - DAG(s) dict_keys(['example_branch_dop_operator_v3']) retrieved from /home/augenz/PycharmProjects/airflow/.env_airflow/lib/python3.9/site-packages/airflow/example_dags/example_branch_python_dop_operator_3.py
[2022-08-29T12:45:07.962-0400] {logging_mixin.py:115} INFO - [2022-08-29T12:45:07.962-0400] {dag.py:2429} INFO - Sync 1 DAGs
[2022-08-29T12:45:08.010-0400] {logging_mixin.py:115} INFO - [2022-08-29T12:45:08.010-0400] {dag.py:2977} INFO - Setting next_dagrun for example_branch_dop_operator_v3 to 2022-08-29T16:44:00+00:00, run_after=2022-08-29T16:45:00+00:00
[2022-08-29T12:45:08.094-0400] {processor.py:161} INFO - Processing /home/augenz/PycharmProjects/airflow/.env_airflow/lib/python3.9/site-packages/airflow/example_dags/example_branch_python_dop_operator_3.py took 0.611 seconds
[2022-08-29T12:45:39.056-0400] {processor.py:153} INFO - Started process (PID=1308) to work on /home/augenz/PycharmProjects/airflow/.env_airflow/lib/python3.9/site-packages/airflow/example_dags/example_branch_python_dop_operator_3.py
[2022-08-29T12:45:39.063-0400] {processor.py:640} INFO - Processing file /home/augenz/PycharmProjects/airflow/.env_airflow/lib/python3.9/site-packages/airflow/example_dags/example_branch_python_dop_operator_3.py for tasks to queue
[2022-08-29T12:45:39.064-0400] {logging_mixin.py:115} INFO - [2022-08-29T12:45:39.063-0400] {dagbag.py:508} INFO - Filling up the DagBag from /home/augenz/PycharmProjects/airflow/.env_airflow/lib/python3.9/site-packages/airflow/example_dags/example_branch_python_dop_operator_3.py
[2022-08-29T12:45:39.081-0400] {processor.py:650} INFO - DAG(s) dict_keys(['example_branch_dop_operator_v3']) retrieved from /home/augenz/PycharmProjects/airflow/.env_airflow/lib/python3.9/site-packages/airflow/example_dags/example_branch_python_dop_operator_3.py
[2022-08-29T12:45:39.538-0400] {logging_mixin.py:115} INFO - [2022-08-29T12:45:39.538-0400] {dag.py:2429} INFO - Sync 1 DAGs
[2022-08-29T12:45:39.580-0400] {logging_mixin.py:115} INFO - [2022-08-29T12:45:39.579-0400] {dag.py:2977} INFO - Setting next_dagrun for example_branch_dop_operator_v3 to 2022-08-29T16:44:00+00:00, run_after=2022-08-29T16:45:00+00:00
[2022-08-29T12:45:39.629-0400] {processor.py:161} INFO - Processing /home/augenz/PycharmProjects/airflow/.env_airflow/lib/python3.9/site-packages/airflow/example_dags/example_branch_python_dop_operator_3.py took 0.577 seconds
[2022-08-29T12:46:09.803-0400] {processor.py:153} INFO - Started process (PID=1343) to work on /home/augenz/PycharmProjects/airflow/.env_airflow/lib/python3.9/site-packages/airflow/example_dags/example_branch_python_dop_operator_3.py
[2022-08-29T12:46:09.804-0400] {processor.py:640} INFO - Processing file /home/augenz/PycharmProjects/airflow/.env_airflow/lib/python3.9/site-packages/airflow/example_dags/example_branch_python_dop_operator_3.py for tasks to queue
[2022-08-29T12:46:09.805-0400] {logging_mixin.py:115} INFO - [2022-08-29T12:46:09.805-0400] {dagbag.py:508} INFO - Filling up the DagBag from /home/augenz/PycharmProjects/airflow/.env_airflow/lib/python3.9/site-packages/airflow/example_dags/example_branch_python_dop_operator_3.py
[2022-08-29T12:46:09.822-0400] {processor.py:650} INFO - DAG(s) dict_keys(['example_branch_dop_operator_v3']) retrieved from /home/augenz/PycharmProjects/airflow/.env_airflow/lib/python3.9/site-packages/airflow/example_dags/example_branch_python_dop_operator_3.py
[2022-08-29T12:46:10.286-0400] {logging_mixin.py:115} INFO - [2022-08-29T12:46:10.285-0400] {dag.py:2429} INFO - Sync 1 DAGs
[2022-08-29T12:46:10.323-0400] {logging_mixin.py:115} INFO - [2022-08-29T12:46:10.323-0400] {dag.py:2977} INFO - Setting next_dagrun for example_branch_dop_operator_v3 to 2022-08-29T16:45:00+00:00, run_after=2022-08-29T16:46:00+00:00
[2022-08-29T12:46:10.376-0400] {processor.py:161} INFO - Processing /home/augenz/PycharmProjects/airflow/.env_airflow/lib/python3.9/site-packages/airflow/example_dags/example_branch_python_dop_operator_3.py took 0.577 seconds
[2022-08-29T12:46:41.738-0400] {processor.py:153} INFO - Started process (PID=1379) to work on /home/augenz/PycharmProjects/airflow/.env_airflow/lib/python3.9/site-packages/airflow/example_dags/example_branch_python_dop_operator_3.py
[2022-08-29T12:46:41.741-0400] {processor.py:640} INFO - Processing file /home/augenz/PycharmProjects/airflow/.env_airflow/lib/python3.9/site-packages/airflow/example_dags/example_branch_python_dop_operator_3.py for tasks to queue
[2022-08-29T12:46:41.742-0400] {logging_mixin.py:115} INFO - [2022-08-29T12:46:41.742-0400] {dagbag.py:508} INFO - Filling up the DagBag from /home/augenz/PycharmProjects/airflow/.env_airflow/lib/python3.9/site-packages/airflow/example_dags/example_branch_python_dop_operator_3.py
[2022-08-29T12:46:41.760-0400] {processor.py:650} INFO - DAG(s) dict_keys(['example_branch_dop_operator_v3']) retrieved from /home/augenz/PycharmProjects/airflow/.env_airflow/lib/python3.9/site-packages/airflow/example_dags/example_branch_python_dop_operator_3.py
[2022-08-29T12:46:42.258-0400] {logging_mixin.py:115} INFO - [2022-08-29T12:46:42.258-0400] {dag.py:2429} INFO - Sync 1 DAGs
[2022-08-29T12:46:42.296-0400] {logging_mixin.py:115} INFO - [2022-08-29T12:46:42.296-0400] {dag.py:2977} INFO - Setting next_dagrun for example_branch_dop_operator_v3 to 2022-08-29T16:45:00+00:00, run_after=2022-08-29T16:46:00+00:00
[2022-08-29T12:46:42.329-0400] {processor.py:161} INFO - Processing /home/augenz/PycharmProjects/airflow/.env_airflow/lib/python3.9/site-packages/airflow/example_dags/example_branch_python_dop_operator_3.py took 0.595 seconds
[2022-08-29T12:47:12.759-0400] {processor.py:153} INFO - Started process (PID=1413) to work on /home/augenz/PycharmProjects/airflow/.env_airflow/lib/python3.9/site-packages/airflow/example_dags/example_branch_python_dop_operator_3.py
[2022-08-29T12:47:12.761-0400] {processor.py:640} INFO - Processing file /home/augenz/PycharmProjects/airflow/.env_airflow/lib/python3.9/site-packages/airflow/example_dags/example_branch_python_dop_operator_3.py for tasks to queue
[2022-08-29T12:47:12.762-0400] {logging_mixin.py:115} INFO - [2022-08-29T12:47:12.762-0400] {dagbag.py:508} INFO - Filling up the DagBag from /home/augenz/PycharmProjects/airflow/.env_airflow/lib/python3.9/site-packages/airflow/example_dags/example_branch_python_dop_operator_3.py
[2022-08-29T12:47:12.780-0400] {processor.py:650} INFO - DAG(s) dict_keys(['example_branch_dop_operator_v3']) retrieved from /home/augenz/PycharmProjects/airflow/.env_airflow/lib/python3.9/site-packages/airflow/example_dags/example_branch_python_dop_operator_3.py
[2022-08-29T12:47:13.245-0400] {logging_mixin.py:115} INFO - [2022-08-29T12:47:13.245-0400] {dag.py:2429} INFO - Sync 1 DAGs
[2022-08-29T12:47:13.284-0400] {logging_mixin.py:115} INFO - [2022-08-29T12:47:13.284-0400] {dag.py:2977} INFO - Setting next_dagrun for example_branch_dop_operator_v3 to 2022-08-29T16:46:00+00:00, run_after=2022-08-29T16:47:00+00:00
[2022-08-29T12:47:13.334-0400] {processor.py:161} INFO - Processing /home/augenz/PycharmProjects/airflow/.env_airflow/lib/python3.9/site-packages/airflow/example_dags/example_branch_python_dop_operator_3.py took 0.580 seconds
[2022-08-29T12:47:43.580-0400] {processor.py:153} INFO - Started process (PID=1455) to work on /home/augenz/PycharmProjects/airflow/.env_airflow/lib/python3.9/site-packages/airflow/example_dags/example_branch_python_dop_operator_3.py
[2022-08-29T12:47:43.583-0400] {processor.py:640} INFO - Processing file /home/augenz/PycharmProjects/airflow/.env_airflow/lib/python3.9/site-packages/airflow/example_dags/example_branch_python_dop_operator_3.py for tasks to queue
[2022-08-29T12:47:43.585-0400] {logging_mixin.py:115} INFO - [2022-08-29T12:47:43.584-0400] {dagbag.py:508} INFO - Filling up the DagBag from /home/augenz/PycharmProjects/airflow/.env_airflow/lib/python3.9/site-packages/airflow/example_dags/example_branch_python_dop_operator_3.py
[2022-08-29T12:47:43.603-0400] {processor.py:650} INFO - DAG(s) dict_keys(['example_branch_dop_operator_v3']) retrieved from /home/augenz/PycharmProjects/airflow/.env_airflow/lib/python3.9/site-packages/airflow/example_dags/example_branch_python_dop_operator_3.py
[2022-08-29T12:47:44.202-0400] {logging_mixin.py:115} INFO - [2022-08-29T12:47:44.201-0400] {dag.py:2429} INFO - Sync 1 DAGs
[2022-08-29T12:47:44.240-0400] {logging_mixin.py:115} INFO - [2022-08-29T12:47:44.240-0400] {dag.py:2977} INFO - Setting next_dagrun for example_branch_dop_operator_v3 to 2022-08-29T16:46:00+00:00, run_after=2022-08-29T16:47:00+00:00
[2022-08-29T12:47:44.282-0400] {processor.py:161} INFO - Processing /home/augenz/PycharmProjects/airflow/.env_airflow/lib/python3.9/site-packages/airflow/example_dags/example_branch_python_dop_operator_3.py took 0.706 seconds
[2022-08-29T12:48:14.576-0400] {processor.py:153} INFO - Started process (PID=1489) to work on /home/augenz/PycharmProjects/airflow/.env_airflow/lib/python3.9/site-packages/airflow/example_dags/example_branch_python_dop_operator_3.py
[2022-08-29T12:48:14.579-0400] {processor.py:640} INFO - Processing file /home/augenz/PycharmProjects/airflow/.env_airflow/lib/python3.9/site-packages/airflow/example_dags/example_branch_python_dop_operator_3.py for tasks to queue
[2022-08-29T12:48:14.581-0400] {logging_mixin.py:115} INFO - [2022-08-29T12:48:14.580-0400] {dagbag.py:508} INFO - Filling up the DagBag from /home/augenz/PycharmProjects/airflow/.env_airflow/lib/python3.9/site-packages/airflow/example_dags/example_branch_python_dop_operator_3.py
[2022-08-29T12:48:14.599-0400] {processor.py:650} INFO - DAG(s) dict_keys(['example_branch_dop_operator_v3']) retrieved from /home/augenz/PycharmProjects/airflow/.env_airflow/lib/python3.9/site-packages/airflow/example_dags/example_branch_python_dop_operator_3.py
[2022-08-29T12:48:15.091-0400] {logging_mixin.py:115} INFO - [2022-08-29T12:48:15.091-0400] {dag.py:2429} INFO - Sync 1 DAGs
[2022-08-29T12:48:15.130-0400] {logging_mixin.py:115} INFO - [2022-08-29T12:48:15.130-0400] {dag.py:2977} INFO - Setting next_dagrun for example_branch_dop_operator_v3 to 2022-08-29T16:47:00+00:00, run_after=2022-08-29T16:48:00+00:00
[2022-08-29T12:48:15.162-0400] {processor.py:161} INFO - Processing /home/augenz/PycharmProjects/airflow/.env_airflow/lib/python3.9/site-packages/airflow/example_dags/example_branch_python_dop_operator_3.py took 0.591 seconds
[2022-08-29T12:48:45.555-0400] {processor.py:153} INFO - Started process (PID=1524) to work on /home/augenz/PycharmProjects/airflow/.env_airflow/lib/python3.9/site-packages/airflow/example_dags/example_branch_python_dop_operator_3.py
[2022-08-29T12:48:45.557-0400] {processor.py:640} INFO - Processing file /home/augenz/PycharmProjects/airflow/.env_airflow/lib/python3.9/site-packages/airflow/example_dags/example_branch_python_dop_operator_3.py for tasks to queue
[2022-08-29T12:48:45.558-0400] {logging_mixin.py:115} INFO - [2022-08-29T12:48:45.558-0400] {dagbag.py:508} INFO - Filling up the DagBag from /home/augenz/PycharmProjects/airflow/.env_airflow/lib/python3.9/site-packages/airflow/example_dags/example_branch_python_dop_operator_3.py
[2022-08-29T12:48:45.576-0400] {processor.py:650} INFO - DAG(s) dict_keys(['example_branch_dop_operator_v3']) retrieved from /home/augenz/PycharmProjects/airflow/.env_airflow/lib/python3.9/site-packages/airflow/example_dags/example_branch_python_dop_operator_3.py
[2022-08-29T12:48:46.186-0400] {logging_mixin.py:115} INFO - [2022-08-29T12:48:46.185-0400] {dag.py:2429} INFO - Sync 1 DAGs
[2022-08-29T12:48:46.230-0400] {logging_mixin.py:115} INFO - [2022-08-29T12:48:46.230-0400] {dag.py:2977} INFO - Setting next_dagrun for example_branch_dop_operator_v3 to 2022-08-29T16:47:00+00:00, run_after=2022-08-29T16:48:00+00:00
[2022-08-29T12:48:46.301-0400] {processor.py:161} INFO - Processing /home/augenz/PycharmProjects/airflow/.env_airflow/lib/python3.9/site-packages/airflow/example_dags/example_branch_python_dop_operator_3.py took 0.752 seconds
[2022-08-29T12:49:16.474-0400] {processor.py:153} INFO - Started process (PID=1566) to work on /home/augenz/PycharmProjects/airflow/.env_airflow/lib/python3.9/site-packages/airflow/example_dags/example_branch_python_dop_operator_3.py
[2022-08-29T12:49:16.477-0400] {processor.py:640} INFO - Processing file /home/augenz/PycharmProjects/airflow/.env_airflow/lib/python3.9/site-packages/airflow/example_dags/example_branch_python_dop_operator_3.py for tasks to queue
[2022-08-29T12:49:16.478-0400] {logging_mixin.py:115} INFO - [2022-08-29T12:49:16.478-0400] {dagbag.py:508} INFO - Filling up the DagBag from /home/augenz/PycharmProjects/airflow/.env_airflow/lib/python3.9/site-packages/airflow/example_dags/example_branch_python_dop_operator_3.py
[2022-08-29T12:49:16.492-0400] {processor.py:650} INFO - DAG(s) dict_keys(['example_branch_dop_operator_v3']) retrieved from /home/augenz/PycharmProjects/airflow/.env_airflow/lib/python3.9/site-packages/airflow/example_dags/example_branch_python_dop_operator_3.py
[2022-08-29T12:49:17.094-0400] {logging_mixin.py:115} INFO - [2022-08-29T12:49:17.094-0400] {dag.py:2429} INFO - Sync 1 DAGs
[2022-08-29T12:49:17.155-0400] {logging_mixin.py:115} INFO - [2022-08-29T12:49:17.154-0400] {dag.py:2977} INFO - Setting next_dagrun for example_branch_dop_operator_v3 to 2022-08-29T16:48:00+00:00, run_after=2022-08-29T16:49:00+00:00
[2022-08-29T12:49:17.207-0400] {processor.py:161} INFO - Processing /home/augenz/PycharmProjects/airflow/.env_airflow/lib/python3.9/site-packages/airflow/example_dags/example_branch_python_dop_operator_3.py took 0.737 seconds
[2022-08-29T12:49:47.350-0400] {processor.py:153} INFO - Started process (PID=1602) to work on /home/augenz/PycharmProjects/airflow/.env_airflow/lib/python3.9/site-packages/airflow/example_dags/example_branch_python_dop_operator_3.py
[2022-08-29T12:49:47.353-0400] {processor.py:640} INFO - Processing file /home/augenz/PycharmProjects/airflow/.env_airflow/lib/python3.9/site-packages/airflow/example_dags/example_branch_python_dop_operator_3.py for tasks to queue
[2022-08-29T12:49:47.354-0400] {logging_mixin.py:115} INFO - [2022-08-29T12:49:47.354-0400] {dagbag.py:508} INFO - Filling up the DagBag from /home/augenz/PycharmProjects/airflow/.env_airflow/lib/python3.9/site-packages/airflow/example_dags/example_branch_python_dop_operator_3.py
[2022-08-29T12:49:47.377-0400] {processor.py:650} INFO - DAG(s) dict_keys(['example_branch_dop_operator_v3']) retrieved from /home/augenz/PycharmProjects/airflow/.env_airflow/lib/python3.9/site-packages/airflow/example_dags/example_branch_python_dop_operator_3.py
[2022-08-29T12:49:47.972-0400] {logging_mixin.py:115} INFO - [2022-08-29T12:49:47.972-0400] {dag.py:2429} INFO - Sync 1 DAGs
[2022-08-29T12:49:48.035-0400] {logging_mixin.py:115} INFO - [2022-08-29T12:49:48.034-0400] {dag.py:2977} INFO - Setting next_dagrun for example_branch_dop_operator_v3 to 2022-08-29T16:48:00+00:00, run_after=2022-08-29T16:49:00+00:00
[2022-08-29T12:49:48.104-0400] {processor.py:161} INFO - Processing /home/augenz/PycharmProjects/airflow/.env_airflow/lib/python3.9/site-packages/airflow/example_dags/example_branch_python_dop_operator_3.py took 0.759 seconds
[2022-08-29T12:50:18.902-0400] {processor.py:153} INFO - Started process (PID=1636) to work on /home/augenz/PycharmProjects/airflow/.env_airflow/lib/python3.9/site-packages/airflow/example_dags/example_branch_python_dop_operator_3.py
[2022-08-29T12:50:18.908-0400] {processor.py:640} INFO - Processing file /home/augenz/PycharmProjects/airflow/.env_airflow/lib/python3.9/site-packages/airflow/example_dags/example_branch_python_dop_operator_3.py for tasks to queue
[2022-08-29T12:50:18.909-0400] {logging_mixin.py:115} INFO - [2022-08-29T12:50:18.909-0400] {dagbag.py:508} INFO - Filling up the DagBag from /home/augenz/PycharmProjects/airflow/.env_airflow/lib/python3.9/site-packages/airflow/example_dags/example_branch_python_dop_operator_3.py
[2022-08-29T12:50:18.935-0400] {processor.py:650} INFO - DAG(s) dict_keys(['example_branch_dop_operator_v3']) retrieved from /home/augenz/PycharmProjects/airflow/.env_airflow/lib/python3.9/site-packages/airflow/example_dags/example_branch_python_dop_operator_3.py
[2022-08-29T12:50:19.620-0400] {logging_mixin.py:115} INFO - [2022-08-29T12:50:19.619-0400] {dag.py:2429} INFO - Sync 1 DAGs
[2022-08-29T12:50:19.671-0400] {logging_mixin.py:115} INFO - [2022-08-29T12:50:19.671-0400] {dag.py:2977} INFO - Setting next_dagrun for example_branch_dop_operator_v3 to 2022-08-29T16:49:00+00:00, run_after=2022-08-29T16:50:00+00:00
[2022-08-29T12:50:19.734-0400] {processor.py:161} INFO - Processing /home/augenz/PycharmProjects/airflow/.env_airflow/lib/python3.9/site-packages/airflow/example_dags/example_branch_python_dop_operator_3.py took 0.840 seconds
[2022-08-29T12:50:50.518-0400] {processor.py:153} INFO - Started process (PID=1675) to work on /home/augenz/PycharmProjects/airflow/.env_airflow/lib/python3.9/site-packages/airflow/example_dags/example_branch_python_dop_operator_3.py
[2022-08-29T12:50:50.521-0400] {processor.py:640} INFO - Processing file /home/augenz/PycharmProjects/airflow/.env_airflow/lib/python3.9/site-packages/airflow/example_dags/example_branch_python_dop_operator_3.py for tasks to queue
[2022-08-29T12:50:50.522-0400] {logging_mixin.py:115} INFO - [2022-08-29T12:50:50.522-0400] {dagbag.py:508} INFO - Filling up the DagBag from /home/augenz/PycharmProjects/airflow/.env_airflow/lib/python3.9/site-packages/airflow/example_dags/example_branch_python_dop_operator_3.py
[2022-08-29T12:50:50.539-0400] {processor.py:650} INFO - DAG(s) dict_keys(['example_branch_dop_operator_v3']) retrieved from /home/augenz/PycharmProjects/airflow/.env_airflow/lib/python3.9/site-packages/airflow/example_dags/example_branch_python_dop_operator_3.py
[2022-08-29T12:50:51.056-0400] {logging_mixin.py:115} INFO - [2022-08-29T12:50:51.055-0400] {dag.py:2429} INFO - Sync 1 DAGs
[2022-08-29T12:50:51.120-0400] {logging_mixin.py:115} INFO - [2022-08-29T12:50:51.120-0400] {dag.py:2977} INFO - Setting next_dagrun for example_branch_dop_operator_v3 to 2022-08-29T16:49:00+00:00, run_after=2022-08-29T16:50:00+00:00
[2022-08-29T12:50:51.179-0400] {processor.py:161} INFO - Processing /home/augenz/PycharmProjects/airflow/.env_airflow/lib/python3.9/site-packages/airflow/example_dags/example_branch_python_dop_operator_3.py took 0.666 seconds
[2022-08-29T12:51:22.059-0400] {processor.py:153} INFO - Started process (PID=1710) to work on /home/augenz/PycharmProjects/airflow/.env_airflow/lib/python3.9/site-packages/airflow/example_dags/example_branch_python_dop_operator_3.py
[2022-08-29T12:51:22.062-0400] {processor.py:640} INFO - Processing file /home/augenz/PycharmProjects/airflow/.env_airflow/lib/python3.9/site-packages/airflow/example_dags/example_branch_python_dop_operator_3.py for tasks to queue
[2022-08-29T12:51:22.064-0400] {logging_mixin.py:115} INFO - [2022-08-29T12:51:22.064-0400] {dagbag.py:508} INFO - Filling up the DagBag from /home/augenz/PycharmProjects/airflow/.env_airflow/lib/python3.9/site-packages/airflow/example_dags/example_branch_python_dop_operator_3.py
[2022-08-29T12:51:22.092-0400] {processor.py:650} INFO - DAG(s) dict_keys(['example_branch_dop_operator_v3']) retrieved from /home/augenz/PycharmProjects/airflow/.env_airflow/lib/python3.9/site-packages/airflow/example_dags/example_branch_python_dop_operator_3.py
[2022-08-29T12:51:22.795-0400] {logging_mixin.py:115} INFO - [2022-08-29T12:51:22.795-0400] {dag.py:2429} INFO - Sync 1 DAGs
[2022-08-29T12:51:22.855-0400] {logging_mixin.py:115} INFO - [2022-08-29T12:51:22.855-0400] {dag.py:2977} INFO - Setting next_dagrun for example_branch_dop_operator_v3 to 2022-08-29T16:50:00+00:00, run_after=2022-08-29T16:51:00+00:00
[2022-08-29T12:51:22.898-0400] {processor.py:161} INFO - Processing /home/augenz/PycharmProjects/airflow/.env_airflow/lib/python3.9/site-packages/airflow/example_dags/example_branch_python_dop_operator_3.py took 0.846 seconds
[2022-08-29T12:51:53.361-0400] {processor.py:153} INFO - Started process (PID=1747) to work on /home/augenz/PycharmProjects/airflow/.env_airflow/lib/python3.9/site-packages/airflow/example_dags/example_branch_python_dop_operator_3.py
[2022-08-29T12:51:53.364-0400] {processor.py:640} INFO - Processing file /home/augenz/PycharmProjects/airflow/.env_airflow/lib/python3.9/site-packages/airflow/example_dags/example_branch_python_dop_operator_3.py for tasks to queue
[2022-08-29T12:51:53.365-0400] {logging_mixin.py:115} INFO - [2022-08-29T12:51:53.364-0400] {dagbag.py:508} INFO - Filling up the DagBag from /home/augenz/PycharmProjects/airflow/.env_airflow/lib/python3.9/site-packages/airflow/example_dags/example_branch_python_dop_operator_3.py
[2022-08-29T12:51:53.381-0400] {processor.py:650} INFO - DAG(s) dict_keys(['example_branch_dop_operator_v3']) retrieved from /home/augenz/PycharmProjects/airflow/.env_airflow/lib/python3.9/site-packages/airflow/example_dags/example_branch_python_dop_operator_3.py
[2022-08-29T12:51:53.961-0400] {logging_mixin.py:115} INFO - [2022-08-29T12:51:53.961-0400] {dag.py:2429} INFO - Sync 1 DAGs
[2022-08-29T12:51:54.000-0400] {logging_mixin.py:115} INFO - [2022-08-29T12:51:54.000-0400] {dag.py:2977} INFO - Setting next_dagrun for example_branch_dop_operator_v3 to 2022-08-29T16:50:00+00:00, run_after=2022-08-29T16:51:00+00:00
[2022-08-29T12:51:54.040-0400] {processor.py:161} INFO - Processing /home/augenz/PycharmProjects/airflow/.env_airflow/lib/python3.9/site-packages/airflow/example_dags/example_branch_python_dop_operator_3.py took 0.683 seconds
[2022-08-29T12:52:24.473-0400] {processor.py:153} INFO - Started process (PID=1781) to work on /home/augenz/PycharmProjects/airflow/.env_airflow/lib/python3.9/site-packages/airflow/example_dags/example_branch_python_dop_operator_3.py
[2022-08-29T12:52:24.475-0400] {processor.py:640} INFO - Processing file /home/augenz/PycharmProjects/airflow/.env_airflow/lib/python3.9/site-packages/airflow/example_dags/example_branch_python_dop_operator_3.py for tasks to queue
[2022-08-29T12:52:24.477-0400] {logging_mixin.py:115} INFO - [2022-08-29T12:52:24.476-0400] {dagbag.py:508} INFO - Filling up the DagBag from /home/augenz/PycharmProjects/airflow/.env_airflow/lib/python3.9/site-packages/airflow/example_dags/example_branch_python_dop_operator_3.py
[2022-08-29T12:52:24.497-0400] {processor.py:650} INFO - DAG(s) dict_keys(['example_branch_dop_operator_v3']) retrieved from /home/augenz/PycharmProjects/airflow/.env_airflow/lib/python3.9/site-packages/airflow/example_dags/example_branch_python_dop_operator_3.py
[2022-08-29T12:52:24.956-0400] {logging_mixin.py:115} INFO - [2022-08-29T12:52:24.955-0400] {dag.py:2429} INFO - Sync 1 DAGs
[2022-08-29T12:52:24.994-0400] {logging_mixin.py:115} INFO - [2022-08-29T12:52:24.994-0400] {dag.py:2977} INFO - Setting next_dagrun for example_branch_dop_operator_v3 to 2022-08-29T16:51:00+00:00, run_after=2022-08-29T16:52:00+00:00
[2022-08-29T12:52:25.036-0400] {processor.py:161} INFO - Processing /home/augenz/PycharmProjects/airflow/.env_airflow/lib/python3.9/site-packages/airflow/example_dags/example_branch_python_dop_operator_3.py took 0.569 seconds
[2022-08-29T12:52:55.124-0400] {processor.py:153} INFO - Started process (PID=1815) to work on /home/augenz/PycharmProjects/airflow/.env_airflow/lib/python3.9/site-packages/airflow/example_dags/example_branch_python_dop_operator_3.py
[2022-08-29T12:52:55.127-0400] {processor.py:640} INFO - Processing file /home/augenz/PycharmProjects/airflow/.env_airflow/lib/python3.9/site-packages/airflow/example_dags/example_branch_python_dop_operator_3.py for tasks to queue
[2022-08-29T12:52:55.129-0400] {logging_mixin.py:115} INFO - [2022-08-29T12:52:55.129-0400] {dagbag.py:508} INFO - Filling up the DagBag from /home/augenz/PycharmProjects/airflow/.env_airflow/lib/python3.9/site-packages/airflow/example_dags/example_branch_python_dop_operator_3.py
[2022-08-29T12:52:55.146-0400] {processor.py:650} INFO - DAG(s) dict_keys(['example_branch_dop_operator_v3']) retrieved from /home/augenz/PycharmProjects/airflow/.env_airflow/lib/python3.9/site-packages/airflow/example_dags/example_branch_python_dop_operator_3.py
[2022-08-29T12:52:55.619-0400] {logging_mixin.py:115} INFO - [2022-08-29T12:52:55.619-0400] {dag.py:2429} INFO - Sync 1 DAGs
[2022-08-29T12:52:55.661-0400] {logging_mixin.py:115} INFO - [2022-08-29T12:52:55.660-0400] {dag.py:2977} INFO - Setting next_dagrun for example_branch_dop_operator_v3 to 2022-08-29T16:51:00+00:00, run_after=2022-08-29T16:52:00+00:00
[2022-08-29T12:52:55.701-0400] {processor.py:161} INFO - Processing /home/augenz/PycharmProjects/airflow/.env_airflow/lib/python3.9/site-packages/airflow/example_dags/example_branch_python_dop_operator_3.py took 0.581 seconds
[2022-08-29T12:53:26.300-0400] {processor.py:153} INFO - Started process (PID=1852) to work on /home/augenz/PycharmProjects/airflow/.env_airflow/lib/python3.9/site-packages/airflow/example_dags/example_branch_python_dop_operator_3.py
[2022-08-29T12:53:26.303-0400] {processor.py:640} INFO - Processing file /home/augenz/PycharmProjects/airflow/.env_airflow/lib/python3.9/site-packages/airflow/example_dags/example_branch_python_dop_operator_3.py for tasks to queue
[2022-08-29T12:53:26.304-0400] {logging_mixin.py:115} INFO - [2022-08-29T12:53:26.304-0400] {dagbag.py:508} INFO - Filling up the DagBag from /home/augenz/PycharmProjects/airflow/.env_airflow/lib/python3.9/site-packages/airflow/example_dags/example_branch_python_dop_operator_3.py
[2022-08-29T12:53:26.321-0400] {processor.py:650} INFO - DAG(s) dict_keys(['example_branch_dop_operator_v3']) retrieved from /home/augenz/PycharmProjects/airflow/.env_airflow/lib/python3.9/site-packages/airflow/example_dags/example_branch_python_dop_operator_3.py
[2022-08-29T12:53:26.756-0400] {logging_mixin.py:115} INFO - [2022-08-29T12:53:26.756-0400] {dag.py:2429} INFO - Sync 1 DAGs
[2022-08-29T12:53:26.795-0400] {logging_mixin.py:115} INFO - [2022-08-29T12:53:26.795-0400] {dag.py:2977} INFO - Setting next_dagrun for example_branch_dop_operator_v3 to 2022-08-29T16:52:00+00:00, run_after=2022-08-29T16:53:00+00:00
[2022-08-29T12:53:26.862-0400] {processor.py:161} INFO - Processing /home/augenz/PycharmProjects/airflow/.env_airflow/lib/python3.9/site-packages/airflow/example_dags/example_branch_python_dop_operator_3.py took 0.567 seconds
[2022-08-29T12:53:57.863-0400] {processor.py:153} INFO - Started process (PID=1894) to work on /home/augenz/PycharmProjects/airflow/.env_airflow/lib/python3.9/site-packages/airflow/example_dags/example_branch_python_dop_operator_3.py
[2022-08-29T12:53:57.866-0400] {processor.py:640} INFO - Processing file /home/augenz/PycharmProjects/airflow/.env_airflow/lib/python3.9/site-packages/airflow/example_dags/example_branch_python_dop_operator_3.py for tasks to queue
[2022-08-29T12:53:57.868-0400] {logging_mixin.py:115} INFO - [2022-08-29T12:53:57.867-0400] {dagbag.py:508} INFO - Filling up the DagBag from /home/augenz/PycharmProjects/airflow/.env_airflow/lib/python3.9/site-packages/airflow/example_dags/example_branch_python_dop_operator_3.py
[2022-08-29T12:53:57.885-0400] {processor.py:650} INFO - DAG(s) dict_keys(['example_branch_dop_operator_v3']) retrieved from /home/augenz/PycharmProjects/airflow/.env_airflow/lib/python3.9/site-packages/airflow/example_dags/example_branch_python_dop_operator_3.py
[2022-08-29T12:53:58.387-0400] {logging_mixin.py:115} INFO - [2022-08-29T12:53:58.386-0400] {dag.py:2429} INFO - Sync 1 DAGs
[2022-08-29T12:53:58.429-0400] {logging_mixin.py:115} INFO - [2022-08-29T12:53:58.429-0400] {dag.py:2977} INFO - Setting next_dagrun for example_branch_dop_operator_v3 to 2022-08-29T16:52:00+00:00, run_after=2022-08-29T16:53:00+00:00
[2022-08-29T12:53:58.477-0400] {processor.py:161} INFO - Processing /home/augenz/PycharmProjects/airflow/.env_airflow/lib/python3.9/site-packages/airflow/example_dags/example_branch_python_dop_operator_3.py took 0.619 seconds
