[2022-08-29T12:33:17.589-0400] {processor.py:153} INFO - Started process (PID=387) to work on /home/augenz/PycharmProjects/airflow/.env_airflow/lib/python3.9/site-packages/airflow/example_dags/example_dag_decorator.py
[2022-08-29T12:33:17.590-0400] {processor.py:640} INFO - Processing file /home/augenz/PycharmProjects/airflow/.env_airflow/lib/python3.9/site-packages/airflow/example_dags/example_dag_decorator.py for tasks to queue
[2022-08-29T12:33:17.591-0400] {logging_mixin.py:115} INFO - [2022-08-29T12:33:17.591-0400] {dagbag.py:508} INFO - Filling up the DagBag from /home/augenz/PycharmProjects/airflow/.env_airflow/lib/python3.9/site-packages/airflow/example_dags/example_dag_decorator.py
[2022-08-29T12:33:17.644-0400] {processor.py:650} INFO - DAG(s) dict_keys(['example_dag_decorator']) retrieved from /home/augenz/PycharmProjects/airflow/.env_airflow/lib/python3.9/site-packages/airflow/example_dags/example_dag_decorator.py
[2022-08-29T12:33:17.858-0400] {logging_mixin.py:115} INFO - [2022-08-29T12:33:17.857-0400] {manager.py:508} INFO - Created Permission View: can delete on DAG:example_dag_decorator
[2022-08-29T12:33:17.908-0400] {logging_mixin.py:115} INFO - [2022-08-29T12:33:17.907-0400] {manager.py:508} INFO - Created Permission View: can read on DAG:example_dag_decorator
[2022-08-29T12:33:17.974-0400] {logging_mixin.py:115} INFO - [2022-08-29T12:33:17.974-0400] {manager.py:508} INFO - Created Permission View: can edit on DAG:example_dag_decorator
[2022-08-29T12:33:17.975-0400] {logging_mixin.py:115} INFO - [2022-08-29T12:33:17.975-0400] {dag.py:2429} INFO - Sync 1 DAGs
[2022-08-29T12:33:17.998-0400] {logging_mixin.py:115} INFO - [2022-08-29T12:33:17.998-0400] {dag.py:2448} INFO - Creating ORM DAG for example_dag_decorator
[2022-08-29T12:33:18.029-0400] {logging_mixin.py:115} INFO - [2022-08-29T12:33:18.029-0400] {dag.py:2977} INFO - Setting next_dagrun for example_dag_decorator to None, run_after=None
[2022-08-29T12:33:18.092-0400] {processor.py:161} INFO - Processing /home/augenz/PycharmProjects/airflow/.env_airflow/lib/python3.9/site-packages/airflow/example_dags/example_dag_decorator.py took 0.508 seconds
[2022-08-29T12:33:48.835-0400] {processor.py:153} INFO - Started process (PID=427) to work on /home/augenz/PycharmProjects/airflow/.env_airflow/lib/python3.9/site-packages/airflow/example_dags/example_dag_decorator.py
[2022-08-29T12:33:48.838-0400] {processor.py:640} INFO - Processing file /home/augenz/PycharmProjects/airflow/.env_airflow/lib/python3.9/site-packages/airflow/example_dags/example_dag_decorator.py for tasks to queue
[2022-08-29T12:33:48.839-0400] {logging_mixin.py:115} INFO - [2022-08-29T12:33:48.839-0400] {dagbag.py:508} INFO - Filling up the DagBag from /home/augenz/PycharmProjects/airflow/.env_airflow/lib/python3.9/site-packages/airflow/example_dags/example_dag_decorator.py
[2022-08-29T12:33:48.875-0400] {processor.py:650} INFO - DAG(s) dict_keys(['example_dag_decorator']) retrieved from /home/augenz/PycharmProjects/airflow/.env_airflow/lib/python3.9/site-packages/airflow/example_dags/example_dag_decorator.py
[2022-08-29T12:33:48.968-0400] {logging_mixin.py:115} INFO - [2022-08-29T12:33:48.968-0400] {dag.py:2429} INFO - Sync 1 DAGs
[2022-08-29T12:33:48.999-0400] {logging_mixin.py:115} INFO - [2022-08-29T12:33:48.999-0400] {dag.py:2977} INFO - Setting next_dagrun for example_dag_decorator to None, run_after=None
[2022-08-29T12:33:49.044-0400] {processor.py:161} INFO - Processing /home/augenz/PycharmProjects/airflow/.env_airflow/lib/python3.9/site-packages/airflow/example_dags/example_dag_decorator.py took 0.215 seconds
[2022-08-29T12:34:19.530-0400] {processor.py:153} INFO - Started process (PID=462) to work on /home/augenz/PycharmProjects/airflow/.env_airflow/lib/python3.9/site-packages/airflow/example_dags/example_dag_decorator.py
[2022-08-29T12:34:19.535-0400] {processor.py:640} INFO - Processing file /home/augenz/PycharmProjects/airflow/.env_airflow/lib/python3.9/site-packages/airflow/example_dags/example_dag_decorator.py for tasks to queue
[2022-08-29T12:34:19.536-0400] {logging_mixin.py:115} INFO - [2022-08-29T12:34:19.536-0400] {dagbag.py:508} INFO - Filling up the DagBag from /home/augenz/PycharmProjects/airflow/.env_airflow/lib/python3.9/site-packages/airflow/example_dags/example_dag_decorator.py
[2022-08-29T12:34:19.588-0400] {processor.py:650} INFO - DAG(s) dict_keys(['example_dag_decorator']) retrieved from /home/augenz/PycharmProjects/airflow/.env_airflow/lib/python3.9/site-packages/airflow/example_dags/example_dag_decorator.py
[2022-08-29T12:34:19.650-0400] {logging_mixin.py:115} INFO - [2022-08-29T12:34:19.650-0400] {dag.py:2429} INFO - Sync 1 DAGs
[2022-08-29T12:34:19.695-0400] {logging_mixin.py:115} INFO - [2022-08-29T12:34:19.695-0400] {dag.py:2977} INFO - Setting next_dagrun for example_dag_decorator to None, run_after=None
[2022-08-29T12:34:19.740-0400] {processor.py:161} INFO - Processing /home/augenz/PycharmProjects/airflow/.env_airflow/lib/python3.9/site-packages/airflow/example_dags/example_dag_decorator.py took 0.218 seconds
[2022-08-29T12:34:50.273-0400] {processor.py:153} INFO - Started process (PID=497) to work on /home/augenz/PycharmProjects/airflow/.env_airflow/lib/python3.9/site-packages/airflow/example_dags/example_dag_decorator.py
[2022-08-29T12:34:50.278-0400] {processor.py:640} INFO - Processing file /home/augenz/PycharmProjects/airflow/.env_airflow/lib/python3.9/site-packages/airflow/example_dags/example_dag_decorator.py for tasks to queue
[2022-08-29T12:34:50.279-0400] {logging_mixin.py:115} INFO - [2022-08-29T12:34:50.279-0400] {dagbag.py:508} INFO - Filling up the DagBag from /home/augenz/PycharmProjects/airflow/.env_airflow/lib/python3.9/site-packages/airflow/example_dags/example_dag_decorator.py
[2022-08-29T12:34:50.323-0400] {processor.py:650} INFO - DAG(s) dict_keys(['example_dag_decorator']) retrieved from /home/augenz/PycharmProjects/airflow/.env_airflow/lib/python3.9/site-packages/airflow/example_dags/example_dag_decorator.py
[2022-08-29T12:34:50.435-0400] {logging_mixin.py:115} INFO - [2022-08-29T12:34:50.434-0400] {dag.py:2429} INFO - Sync 1 DAGs
[2022-08-29T12:34:50.505-0400] {logging_mixin.py:115} INFO - [2022-08-29T12:34:50.504-0400] {dag.py:2977} INFO - Setting next_dagrun for example_dag_decorator to None, run_after=None
[2022-08-29T12:34:50.562-0400] {processor.py:161} INFO - Processing /home/augenz/PycharmProjects/airflow/.env_airflow/lib/python3.9/site-packages/airflow/example_dags/example_dag_decorator.py took 0.294 seconds
[2022-08-29T12:35:20.741-0400] {processor.py:153} INFO - Started process (PID=554) to work on /home/augenz/PycharmProjects/airflow/.env_airflow/lib/python3.9/site-packages/airflow/example_dags/example_dag_decorator.py
[2022-08-29T12:35:20.760-0400] {processor.py:640} INFO - Processing file /home/augenz/PycharmProjects/airflow/.env_airflow/lib/python3.9/site-packages/airflow/example_dags/example_dag_decorator.py for tasks to queue
[2022-08-29T12:35:20.761-0400] {logging_mixin.py:115} INFO - [2022-08-29T12:35:20.760-0400] {dagbag.py:508} INFO - Filling up the DagBag from /home/augenz/PycharmProjects/airflow/.env_airflow/lib/python3.9/site-packages/airflow/example_dags/example_dag_decorator.py
[2022-08-29T12:35:20.801-0400] {processor.py:650} INFO - DAG(s) dict_keys(['example_dag_decorator']) retrieved from /home/augenz/PycharmProjects/airflow/.env_airflow/lib/python3.9/site-packages/airflow/example_dags/example_dag_decorator.py
[2022-08-29T12:35:20.904-0400] {logging_mixin.py:115} INFO - [2022-08-29T12:35:20.903-0400] {dag.py:2429} INFO - Sync 1 DAGs
[2022-08-29T12:35:20.940-0400] {logging_mixin.py:115} INFO - [2022-08-29T12:35:20.939-0400] {dag.py:2977} INFO - Setting next_dagrun for example_dag_decorator to None, run_after=None
[2022-08-29T12:35:20.984-0400] {processor.py:161} INFO - Processing /home/augenz/PycharmProjects/airflow/.env_airflow/lib/python3.9/site-packages/airflow/example_dags/example_dag_decorator.py took 0.249 seconds
[2022-08-29T12:35:54.632-0400] {processor.py:153} INFO - Started process (PID=598) to work on /home/augenz/PycharmProjects/airflow/.env_airflow/lib/python3.9/site-packages/airflow/example_dags/example_dag_decorator.py
[2022-08-29T12:35:54.635-0400] {processor.py:640} INFO - Processing file /home/augenz/PycharmProjects/airflow/.env_airflow/lib/python3.9/site-packages/airflow/example_dags/example_dag_decorator.py for tasks to queue
[2022-08-29T12:35:54.636-0400] {logging_mixin.py:115} INFO - [2022-08-29T12:35:54.636-0400] {dagbag.py:508} INFO - Filling up the DagBag from /home/augenz/PycharmProjects/airflow/.env_airflow/lib/python3.9/site-packages/airflow/example_dags/example_dag_decorator.py
[2022-08-29T12:35:54.671-0400] {processor.py:650} INFO - DAG(s) dict_keys(['example_dag_decorator']) retrieved from /home/augenz/PycharmProjects/airflow/.env_airflow/lib/python3.9/site-packages/airflow/example_dags/example_dag_decorator.py
[2022-08-29T12:35:55.197-0400] {logging_mixin.py:115} INFO - [2022-08-29T12:35:55.197-0400] {dag.py:2429} INFO - Sync 1 DAGs
[2022-08-29T12:35:55.225-0400] {logging_mixin.py:115} INFO - [2022-08-29T12:35:55.225-0400] {dag.py:2977} INFO - Setting next_dagrun for example_dag_decorator to None, run_after=None
[2022-08-29T12:35:55.269-0400] {processor.py:161} INFO - Processing /home/augenz/PycharmProjects/airflow/.env_airflow/lib/python3.9/site-packages/airflow/example_dags/example_dag_decorator.py took 0.642 seconds
[2022-08-29T12:36:25.454-0400] {processor.py:153} INFO - Started process (PID=631) to work on /home/augenz/PycharmProjects/airflow/.env_airflow/lib/python3.9/site-packages/airflow/example_dags/example_dag_decorator.py
[2022-08-29T12:36:25.456-0400] {processor.py:640} INFO - Processing file /home/augenz/PycharmProjects/airflow/.env_airflow/lib/python3.9/site-packages/airflow/example_dags/example_dag_decorator.py for tasks to queue
[2022-08-29T12:36:25.457-0400] {logging_mixin.py:115} INFO - [2022-08-29T12:36:25.457-0400] {dagbag.py:508} INFO - Filling up the DagBag from /home/augenz/PycharmProjects/airflow/.env_airflow/lib/python3.9/site-packages/airflow/example_dags/example_dag_decorator.py
[2022-08-29T12:36:25.507-0400] {processor.py:650} INFO - DAG(s) dict_keys(['example_dag_decorator']) retrieved from /home/augenz/PycharmProjects/airflow/.env_airflow/lib/python3.9/site-packages/airflow/example_dags/example_dag_decorator.py
[2022-08-29T12:36:26.207-0400] {logging_mixin.py:115} INFO - [2022-08-29T12:36:26.207-0400] {dag.py:2429} INFO - Sync 1 DAGs
[2022-08-29T12:36:26.239-0400] {logging_mixin.py:115} INFO - [2022-08-29T12:36:26.239-0400] {dag.py:2977} INFO - Setting next_dagrun for example_dag_decorator to None, run_after=None
[2022-08-29T12:36:26.284-0400] {processor.py:161} INFO - Processing /home/augenz/PycharmProjects/airflow/.env_airflow/lib/python3.9/site-packages/airflow/example_dags/example_dag_decorator.py took 0.835 seconds
[2022-08-29T12:36:59.974-0400] {processor.py:153} INFO - Started process (PID=683) to work on /home/augenz/PycharmProjects/airflow/.env_airflow/lib/python3.9/site-packages/airflow/example_dags/example_dag_decorator.py
[2022-08-29T12:36:59.977-0400] {processor.py:640} INFO - Processing file /home/augenz/PycharmProjects/airflow/.env_airflow/lib/python3.9/site-packages/airflow/example_dags/example_dag_decorator.py for tasks to queue
[2022-08-29T12:36:59.978-0400] {logging_mixin.py:115} INFO - [2022-08-29T12:36:59.978-0400] {dagbag.py:508} INFO - Filling up the DagBag from /home/augenz/PycharmProjects/airflow/.env_airflow/lib/python3.9/site-packages/airflow/example_dags/example_dag_decorator.py
[2022-08-29T12:37:00.053-0400] {processor.py:650} INFO - DAG(s) dict_keys(['example_dag_decorator']) retrieved from /home/augenz/PycharmProjects/airflow/.env_airflow/lib/python3.9/site-packages/airflow/example_dags/example_dag_decorator.py
[2022-08-29T12:37:01.073-0400] {logging_mixin.py:115} INFO - [2022-08-29T12:37:01.072-0400] {dag.py:2429} INFO - Sync 1 DAGs
[2022-08-29T12:37:01.129-0400] {logging_mixin.py:115} INFO - [2022-08-29T12:37:01.128-0400] {dag.py:2977} INFO - Setting next_dagrun for example_dag_decorator to None, run_after=None
[2022-08-29T12:37:01.188-0400] {processor.py:161} INFO - Processing /home/augenz/PycharmProjects/airflow/.env_airflow/lib/python3.9/site-packages/airflow/example_dags/example_dag_decorator.py took 1.230 seconds
[2022-08-29T12:37:38.566-0400] {processor.py:153} INFO - Started process (PID=725) to work on /home/augenz/PycharmProjects/airflow/.env_airflow/lib/python3.9/site-packages/airflow/example_dags/example_dag_decorator.py
[2022-08-29T12:37:38.576-0400] {processor.py:640} INFO - Processing file /home/augenz/PycharmProjects/airflow/.env_airflow/lib/python3.9/site-packages/airflow/example_dags/example_dag_decorator.py for tasks to queue
[2022-08-29T12:37:38.578-0400] {logging_mixin.py:115} INFO - [2022-08-29T12:37:38.577-0400] {dagbag.py:508} INFO - Filling up the DagBag from /home/augenz/PycharmProjects/airflow/.env_airflow/lib/python3.9/site-packages/airflow/example_dags/example_dag_decorator.py
[2022-08-29T12:37:38.672-0400] {processor.py:650} INFO - DAG(s) dict_keys(['example_dag_decorator']) retrieved from /home/augenz/PycharmProjects/airflow/.env_airflow/lib/python3.9/site-packages/airflow/example_dags/example_dag_decorator.py
[2022-08-29T12:37:40.170-0400] {logging_mixin.py:115} INFO - [2022-08-29T12:37:40.168-0400] {dag.py:2429} INFO - Sync 1 DAGs
[2022-08-29T12:37:40.238-0400] {logging_mixin.py:115} INFO - [2022-08-29T12:37:40.237-0400] {dag.py:2977} INFO - Setting next_dagrun for example_dag_decorator to None, run_after=None
[2022-08-29T12:37:40.301-0400] {processor.py:161} INFO - Processing /home/augenz/PycharmProjects/airflow/.env_airflow/lib/python3.9/site-packages/airflow/example_dags/example_dag_decorator.py took 1.742 seconds
[2022-08-29T12:38:10.493-0400] {processor.py:153} INFO - Started process (PID=783) to work on /home/augenz/PycharmProjects/airflow/.env_airflow/lib/python3.9/site-packages/airflow/example_dags/example_dag_decorator.py
[2022-08-29T12:38:10.501-0400] {processor.py:640} INFO - Processing file /home/augenz/PycharmProjects/airflow/.env_airflow/lib/python3.9/site-packages/airflow/example_dags/example_dag_decorator.py for tasks to queue
[2022-08-29T12:38:10.502-0400] {logging_mixin.py:115} INFO - [2022-08-29T12:38:10.502-0400] {dagbag.py:508} INFO - Filling up the DagBag from /home/augenz/PycharmProjects/airflow/.env_airflow/lib/python3.9/site-packages/airflow/example_dags/example_dag_decorator.py
[2022-08-29T12:38:10.608-0400] {processor.py:650} INFO - DAG(s) dict_keys(['example_dag_decorator']) retrieved from /home/augenz/PycharmProjects/airflow/.env_airflow/lib/python3.9/site-packages/airflow/example_dags/example_dag_decorator.py
[2022-08-29T12:38:12.134-0400] {logging_mixin.py:115} INFO - [2022-08-29T12:38:12.133-0400] {dag.py:2429} INFO - Sync 1 DAGs
[2022-08-29T12:38:12.268-0400] {logging_mixin.py:115} INFO - [2022-08-29T12:38:12.267-0400] {dag.py:2977} INFO - Setting next_dagrun for example_dag_decorator to None, run_after=None
[2022-08-29T12:38:12.353-0400] {processor.py:161} INFO - Processing /home/augenz/PycharmProjects/airflow/.env_airflow/lib/python3.9/site-packages/airflow/example_dags/example_dag_decorator.py took 1.873 seconds
[2022-08-29T12:38:42.409-0400] {processor.py:153} INFO - Started process (PID=822) to work on /home/augenz/PycharmProjects/airflow/.env_airflow/lib/python3.9/site-packages/airflow/example_dags/example_dag_decorator.py
[2022-08-29T12:38:42.415-0400] {processor.py:640} INFO - Processing file /home/augenz/PycharmProjects/airflow/.env_airflow/lib/python3.9/site-packages/airflow/example_dags/example_dag_decorator.py for tasks to queue
[2022-08-29T12:38:42.416-0400] {logging_mixin.py:115} INFO - [2022-08-29T12:38:42.416-0400] {dagbag.py:508} INFO - Filling up the DagBag from /home/augenz/PycharmProjects/airflow/.env_airflow/lib/python3.9/site-packages/airflow/example_dags/example_dag_decorator.py
[2022-08-29T12:38:42.448-0400] {processor.py:650} INFO - DAG(s) dict_keys(['example_dag_decorator']) retrieved from /home/augenz/PycharmProjects/airflow/.env_airflow/lib/python3.9/site-packages/airflow/example_dags/example_dag_decorator.py
[2022-08-29T12:38:42.963-0400] {logging_mixin.py:115} INFO - [2022-08-29T12:38:42.963-0400] {dag.py:2429} INFO - Sync 1 DAGs
[2022-08-29T12:38:42.990-0400] {logging_mixin.py:115} INFO - [2022-08-29T12:38:42.989-0400] {dag.py:2977} INFO - Setting next_dagrun for example_dag_decorator to None, run_after=None
[2022-08-29T12:38:43.031-0400] {processor.py:161} INFO - Processing /home/augenz/PycharmProjects/airflow/.env_airflow/lib/python3.9/site-packages/airflow/example_dags/example_dag_decorator.py took 0.627 seconds
[2022-08-29T12:39:13.516-0400] {processor.py:153} INFO - Started process (PID=856) to work on /home/augenz/PycharmProjects/airflow/.env_airflow/lib/python3.9/site-packages/airflow/example_dags/example_dag_decorator.py
[2022-08-29T12:39:13.521-0400] {processor.py:640} INFO - Processing file /home/augenz/PycharmProjects/airflow/.env_airflow/lib/python3.9/site-packages/airflow/example_dags/example_dag_decorator.py for tasks to queue
[2022-08-29T12:39:13.522-0400] {logging_mixin.py:115} INFO - [2022-08-29T12:39:13.521-0400] {dagbag.py:508} INFO - Filling up the DagBag from /home/augenz/PycharmProjects/airflow/.env_airflow/lib/python3.9/site-packages/airflow/example_dags/example_dag_decorator.py
[2022-08-29T12:39:13.557-0400] {processor.py:650} INFO - DAG(s) dict_keys(['example_dag_decorator']) retrieved from /home/augenz/PycharmProjects/airflow/.env_airflow/lib/python3.9/site-packages/airflow/example_dags/example_dag_decorator.py
[2022-08-29T12:39:14.061-0400] {logging_mixin.py:115} INFO - [2022-08-29T12:39:14.061-0400] {dag.py:2429} INFO - Sync 1 DAGs
[2022-08-29T12:39:14.088-0400] {logging_mixin.py:115} INFO - [2022-08-29T12:39:14.087-0400] {dag.py:2977} INFO - Setting next_dagrun for example_dag_decorator to None, run_after=None
[2022-08-29T12:39:14.135-0400] {processor.py:161} INFO - Processing /home/augenz/PycharmProjects/airflow/.env_airflow/lib/python3.9/site-packages/airflow/example_dags/example_dag_decorator.py took 0.624 seconds
[2022-08-29T12:39:44.650-0400] {processor.py:153} INFO - Started process (PID=890) to work on /home/augenz/PycharmProjects/airflow/.env_airflow/lib/python3.9/site-packages/airflow/example_dags/example_dag_decorator.py
[2022-08-29T12:39:44.663-0400] {processor.py:640} INFO - Processing file /home/augenz/PycharmProjects/airflow/.env_airflow/lib/python3.9/site-packages/airflow/example_dags/example_dag_decorator.py for tasks to queue
[2022-08-29T12:39:44.664-0400] {logging_mixin.py:115} INFO - [2022-08-29T12:39:44.664-0400] {dagbag.py:508} INFO - Filling up the DagBag from /home/augenz/PycharmProjects/airflow/.env_airflow/lib/python3.9/site-packages/airflow/example_dags/example_dag_decorator.py
[2022-08-29T12:39:44.707-0400] {processor.py:650} INFO - DAG(s) dict_keys(['example_dag_decorator']) retrieved from /home/augenz/PycharmProjects/airflow/.env_airflow/lib/python3.9/site-packages/airflow/example_dags/example_dag_decorator.py
[2022-08-29T12:39:45.310-0400] {logging_mixin.py:115} INFO - [2022-08-29T12:39:45.309-0400] {dag.py:2429} INFO - Sync 1 DAGs
[2022-08-29T12:39:45.345-0400] {logging_mixin.py:115} INFO - [2022-08-29T12:39:45.345-0400] {dag.py:2977} INFO - Setting next_dagrun for example_dag_decorator to None, run_after=None
[2022-08-29T12:39:45.382-0400] {processor.py:161} INFO - Processing /home/augenz/PycharmProjects/airflow/.env_airflow/lib/python3.9/site-packages/airflow/example_dags/example_dag_decorator.py took 0.739 seconds
[2022-08-29T12:40:15.441-0400] {processor.py:153} INFO - Started process (PID=930) to work on /home/augenz/PycharmProjects/airflow/.env_airflow/lib/python3.9/site-packages/airflow/example_dags/example_dag_decorator.py
[2022-08-29T12:40:15.446-0400] {processor.py:640} INFO - Processing file /home/augenz/PycharmProjects/airflow/.env_airflow/lib/python3.9/site-packages/airflow/example_dags/example_dag_decorator.py for tasks to queue
[2022-08-29T12:40:15.447-0400] {logging_mixin.py:115} INFO - [2022-08-29T12:40:15.446-0400] {dagbag.py:508} INFO - Filling up the DagBag from /home/augenz/PycharmProjects/airflow/.env_airflow/lib/python3.9/site-packages/airflow/example_dags/example_dag_decorator.py
[2022-08-29T12:40:15.482-0400] {processor.py:650} INFO - DAG(s) dict_keys(['example_dag_decorator']) retrieved from /home/augenz/PycharmProjects/airflow/.env_airflow/lib/python3.9/site-packages/airflow/example_dags/example_dag_decorator.py
[2022-08-29T12:40:15.979-0400] {logging_mixin.py:115} INFO - [2022-08-29T12:40:15.979-0400] {dag.py:2429} INFO - Sync 1 DAGs
[2022-08-29T12:40:16.009-0400] {logging_mixin.py:115} INFO - [2022-08-29T12:40:16.008-0400] {dag.py:2977} INFO - Setting next_dagrun for example_dag_decorator to None, run_after=None
[2022-08-29T12:40:16.046-0400] {processor.py:161} INFO - Processing /home/augenz/PycharmProjects/airflow/.env_airflow/lib/python3.9/site-packages/airflow/example_dags/example_dag_decorator.py took 0.611 seconds
[2022-08-29T12:40:46.285-0400] {processor.py:153} INFO - Started process (PID=964) to work on /home/augenz/PycharmProjects/airflow/.env_airflow/lib/python3.9/site-packages/airflow/example_dags/example_dag_decorator.py
[2022-08-29T12:40:46.290-0400] {processor.py:640} INFO - Processing file /home/augenz/PycharmProjects/airflow/.env_airflow/lib/python3.9/site-packages/airflow/example_dags/example_dag_decorator.py for tasks to queue
[2022-08-29T12:40:46.291-0400] {logging_mixin.py:115} INFO - [2022-08-29T12:40:46.291-0400] {dagbag.py:508} INFO - Filling up the DagBag from /home/augenz/PycharmProjects/airflow/.env_airflow/lib/python3.9/site-packages/airflow/example_dags/example_dag_decorator.py
[2022-08-29T12:40:46.325-0400] {processor.py:650} INFO - DAG(s) dict_keys(['example_dag_decorator']) retrieved from /home/augenz/PycharmProjects/airflow/.env_airflow/lib/python3.9/site-packages/airflow/example_dags/example_dag_decorator.py
[2022-08-29T12:40:46.777-0400] {logging_mixin.py:115} INFO - [2022-08-29T12:40:46.776-0400] {dag.py:2429} INFO - Sync 1 DAGs
[2022-08-29T12:40:46.804-0400] {logging_mixin.py:115} INFO - [2022-08-29T12:40:46.803-0400] {dag.py:2977} INFO - Setting next_dagrun for example_dag_decorator to None, run_after=None
[2022-08-29T12:40:46.858-0400] {processor.py:161} INFO - Processing /home/augenz/PycharmProjects/airflow/.env_airflow/lib/python3.9/site-packages/airflow/example_dags/example_dag_decorator.py took 0.578 seconds
[2022-08-29T12:41:17.079-0400] {processor.py:153} INFO - Started process (PID=998) to work on /home/augenz/PycharmProjects/airflow/.env_airflow/lib/python3.9/site-packages/airflow/example_dags/example_dag_decorator.py
[2022-08-29T12:41:17.084-0400] {processor.py:640} INFO - Processing file /home/augenz/PycharmProjects/airflow/.env_airflow/lib/python3.9/site-packages/airflow/example_dags/example_dag_decorator.py for tasks to queue
[2022-08-29T12:41:17.085-0400] {logging_mixin.py:115} INFO - [2022-08-29T12:41:17.085-0400] {dagbag.py:508} INFO - Filling up the DagBag from /home/augenz/PycharmProjects/airflow/.env_airflow/lib/python3.9/site-packages/airflow/example_dags/example_dag_decorator.py
[2022-08-29T12:41:17.123-0400] {processor.py:650} INFO - DAG(s) dict_keys(['example_dag_decorator']) retrieved from /home/augenz/PycharmProjects/airflow/.env_airflow/lib/python3.9/site-packages/airflow/example_dags/example_dag_decorator.py
[2022-08-29T12:41:17.717-0400] {logging_mixin.py:115} INFO - [2022-08-29T12:41:17.716-0400] {dag.py:2429} INFO - Sync 1 DAGs
[2022-08-29T12:41:17.747-0400] {logging_mixin.py:115} INFO - [2022-08-29T12:41:17.747-0400] {dag.py:2977} INFO - Setting next_dagrun for example_dag_decorator to None, run_after=None
[2022-08-29T12:41:17.780-0400] {processor.py:161} INFO - Processing /home/augenz/PycharmProjects/airflow/.env_airflow/lib/python3.9/site-packages/airflow/example_dags/example_dag_decorator.py took 0.708 seconds
[2022-08-29T12:41:47.894-0400] {processor.py:153} INFO - Started process (PID=1042) to work on /home/augenz/PycharmProjects/airflow/.env_airflow/lib/python3.9/site-packages/airflow/example_dags/example_dag_decorator.py
[2022-08-29T12:41:47.898-0400] {processor.py:640} INFO - Processing file /home/augenz/PycharmProjects/airflow/.env_airflow/lib/python3.9/site-packages/airflow/example_dags/example_dag_decorator.py for tasks to queue
[2022-08-29T12:41:47.899-0400] {logging_mixin.py:115} INFO - [2022-08-29T12:41:47.899-0400] {dagbag.py:508} INFO - Filling up the DagBag from /home/augenz/PycharmProjects/airflow/.env_airflow/lib/python3.9/site-packages/airflow/example_dags/example_dag_decorator.py
[2022-08-29T12:41:47.931-0400] {processor.py:650} INFO - DAG(s) dict_keys(['example_dag_decorator']) retrieved from /home/augenz/PycharmProjects/airflow/.env_airflow/lib/python3.9/site-packages/airflow/example_dags/example_dag_decorator.py
[2022-08-29T12:41:48.390-0400] {logging_mixin.py:115} INFO - [2022-08-29T12:41:48.390-0400] {dag.py:2429} INFO - Sync 1 DAGs
[2022-08-29T12:41:48.417-0400] {logging_mixin.py:115} INFO - [2022-08-29T12:41:48.416-0400] {dag.py:2977} INFO - Setting next_dagrun for example_dag_decorator to None, run_after=None
[2022-08-29T12:41:48.476-0400] {processor.py:161} INFO - Processing /home/augenz/PycharmProjects/airflow/.env_airflow/lib/python3.9/site-packages/airflow/example_dags/example_dag_decorator.py took 0.589 seconds
[2022-08-29T12:42:18.969-0400] {processor.py:153} INFO - Started process (PID=1076) to work on /home/augenz/PycharmProjects/airflow/.env_airflow/lib/python3.9/site-packages/airflow/example_dags/example_dag_decorator.py
[2022-08-29T12:42:18.980-0400] {processor.py:640} INFO - Processing file /home/augenz/PycharmProjects/airflow/.env_airflow/lib/python3.9/site-packages/airflow/example_dags/example_dag_decorator.py for tasks to queue
[2022-08-29T12:42:18.981-0400] {logging_mixin.py:115} INFO - [2022-08-29T12:42:18.981-0400] {dagbag.py:508} INFO - Filling up the DagBag from /home/augenz/PycharmProjects/airflow/.env_airflow/lib/python3.9/site-packages/airflow/example_dags/example_dag_decorator.py
[2022-08-29T12:42:19.019-0400] {processor.py:650} INFO - DAG(s) dict_keys(['example_dag_decorator']) retrieved from /home/augenz/PycharmProjects/airflow/.env_airflow/lib/python3.9/site-packages/airflow/example_dags/example_dag_decorator.py
[2022-08-29T12:42:19.659-0400] {logging_mixin.py:115} INFO - [2022-08-29T12:42:19.658-0400] {dag.py:2429} INFO - Sync 1 DAGs
[2022-08-29T12:42:19.686-0400] {logging_mixin.py:115} INFO - [2022-08-29T12:42:19.686-0400] {dag.py:2977} INFO - Setting next_dagrun for example_dag_decorator to None, run_after=None
[2022-08-29T12:42:19.731-0400] {processor.py:161} INFO - Processing /home/augenz/PycharmProjects/airflow/.env_airflow/lib/python3.9/site-packages/airflow/example_dags/example_dag_decorator.py took 0.768 seconds
[2022-08-29T12:42:49.979-0400] {processor.py:153} INFO - Started process (PID=1110) to work on /home/augenz/PycharmProjects/airflow/.env_airflow/lib/python3.9/site-packages/airflow/example_dags/example_dag_decorator.py
[2022-08-29T12:42:49.990-0400] {processor.py:640} INFO - Processing file /home/augenz/PycharmProjects/airflow/.env_airflow/lib/python3.9/site-packages/airflow/example_dags/example_dag_decorator.py for tasks to queue
[2022-08-29T12:42:49.992-0400] {logging_mixin.py:115} INFO - [2022-08-29T12:42:49.991-0400] {dagbag.py:508} INFO - Filling up the DagBag from /home/augenz/PycharmProjects/airflow/.env_airflow/lib/python3.9/site-packages/airflow/example_dags/example_dag_decorator.py
[2022-08-29T12:42:50.036-0400] {processor.py:650} INFO - DAG(s) dict_keys(['example_dag_decorator']) retrieved from /home/augenz/PycharmProjects/airflow/.env_airflow/lib/python3.9/site-packages/airflow/example_dags/example_dag_decorator.py
[2022-08-29T12:42:50.558-0400] {logging_mixin.py:115} INFO - [2022-08-29T12:42:50.558-0400] {dag.py:2429} INFO - Sync 1 DAGs
[2022-08-29T12:42:50.587-0400] {logging_mixin.py:115} INFO - [2022-08-29T12:42:50.587-0400] {dag.py:2977} INFO - Setting next_dagrun for example_dag_decorator to None, run_after=None
[2022-08-29T12:42:50.628-0400] {processor.py:161} INFO - Processing /home/augenz/PycharmProjects/airflow/.env_airflow/lib/python3.9/site-packages/airflow/example_dags/example_dag_decorator.py took 0.655 seconds
[2022-08-29T12:43:20.833-0400] {processor.py:153} INFO - Started process (PID=1145) to work on /home/augenz/PycharmProjects/airflow/.env_airflow/lib/python3.9/site-packages/airflow/example_dags/example_dag_decorator.py
[2022-08-29T12:43:20.837-0400] {processor.py:640} INFO - Processing file /home/augenz/PycharmProjects/airflow/.env_airflow/lib/python3.9/site-packages/airflow/example_dags/example_dag_decorator.py for tasks to queue
[2022-08-29T12:43:20.838-0400] {logging_mixin.py:115} INFO - [2022-08-29T12:43:20.838-0400] {dagbag.py:508} INFO - Filling up the DagBag from /home/augenz/PycharmProjects/airflow/.env_airflow/lib/python3.9/site-packages/airflow/example_dags/example_dag_decorator.py
[2022-08-29T12:43:20.882-0400] {processor.py:650} INFO - DAG(s) dict_keys(['example_dag_decorator']) retrieved from /home/augenz/PycharmProjects/airflow/.env_airflow/lib/python3.9/site-packages/airflow/example_dags/example_dag_decorator.py
[2022-08-29T12:43:21.396-0400] {logging_mixin.py:115} INFO - [2022-08-29T12:43:21.395-0400] {dag.py:2429} INFO - Sync 1 DAGs
[2022-08-29T12:43:21.420-0400] {logging_mixin.py:115} INFO - [2022-08-29T12:43:21.420-0400] {dag.py:2977} INFO - Setting next_dagrun for example_dag_decorator to None, run_after=None
[2022-08-29T12:43:21.457-0400] {processor.py:161} INFO - Processing /home/augenz/PycharmProjects/airflow/.env_airflow/lib/python3.9/site-packages/airflow/example_dags/example_dag_decorator.py took 0.632 seconds
[2022-08-29T12:43:51.642-0400] {processor.py:153} INFO - Started process (PID=1179) to work on /home/augenz/PycharmProjects/airflow/.env_airflow/lib/python3.9/site-packages/airflow/example_dags/example_dag_decorator.py
[2022-08-29T12:43:51.646-0400] {processor.py:640} INFO - Processing file /home/augenz/PycharmProjects/airflow/.env_airflow/lib/python3.9/site-packages/airflow/example_dags/example_dag_decorator.py for tasks to queue
[2022-08-29T12:43:51.648-0400] {logging_mixin.py:115} INFO - [2022-08-29T12:43:51.647-0400] {dagbag.py:508} INFO - Filling up the DagBag from /home/augenz/PycharmProjects/airflow/.env_airflow/lib/python3.9/site-packages/airflow/example_dags/example_dag_decorator.py
[2022-08-29T12:43:51.683-0400] {processor.py:650} INFO - DAG(s) dict_keys(['example_dag_decorator']) retrieved from /home/augenz/PycharmProjects/airflow/.env_airflow/lib/python3.9/site-packages/airflow/example_dags/example_dag_decorator.py
[2022-08-29T12:43:52.145-0400] {logging_mixin.py:115} INFO - [2022-08-29T12:43:52.145-0400] {dag.py:2429} INFO - Sync 1 DAGs
[2022-08-29T12:43:52.171-0400] {logging_mixin.py:115} INFO - [2022-08-29T12:43:52.171-0400] {dag.py:2977} INFO - Setting next_dagrun for example_dag_decorator to None, run_after=None
[2022-08-29T12:43:52.220-0400] {processor.py:161} INFO - Processing /home/augenz/PycharmProjects/airflow/.env_airflow/lib/python3.9/site-packages/airflow/example_dags/example_dag_decorator.py took 0.583 seconds
[2022-08-29T12:44:22.609-0400] {processor.py:153} INFO - Started process (PID=1213) to work on /home/augenz/PycharmProjects/airflow/.env_airflow/lib/python3.9/site-packages/airflow/example_dags/example_dag_decorator.py
[2022-08-29T12:44:22.613-0400] {processor.py:640} INFO - Processing file /home/augenz/PycharmProjects/airflow/.env_airflow/lib/python3.9/site-packages/airflow/example_dags/example_dag_decorator.py for tasks to queue
[2022-08-29T12:44:22.614-0400] {logging_mixin.py:115} INFO - [2022-08-29T12:44:22.614-0400] {dagbag.py:508} INFO - Filling up the DagBag from /home/augenz/PycharmProjects/airflow/.env_airflow/lib/python3.9/site-packages/airflow/example_dags/example_dag_decorator.py
[2022-08-29T12:44:22.649-0400] {processor.py:650} INFO - DAG(s) dict_keys(['example_dag_decorator']) retrieved from /home/augenz/PycharmProjects/airflow/.env_airflow/lib/python3.9/site-packages/airflow/example_dags/example_dag_decorator.py
[2022-08-29T12:44:23.120-0400] {logging_mixin.py:115} INFO - [2022-08-29T12:44:23.120-0400] {dag.py:2429} INFO - Sync 1 DAGs
[2022-08-29T12:44:23.146-0400] {logging_mixin.py:115} INFO - [2022-08-29T12:44:23.145-0400] {dag.py:2977} INFO - Setting next_dagrun for example_dag_decorator to None, run_after=None
[2022-08-29T12:44:23.183-0400] {processor.py:161} INFO - Processing /home/augenz/PycharmProjects/airflow/.env_airflow/lib/python3.9/site-packages/airflow/example_dags/example_dag_decorator.py took 0.579 seconds
[2022-08-29T12:44:53.366-0400] {processor.py:153} INFO - Started process (PID=1261) to work on /home/augenz/PycharmProjects/airflow/.env_airflow/lib/python3.9/site-packages/airflow/example_dags/example_dag_decorator.py
[2022-08-29T12:44:53.370-0400] {processor.py:640} INFO - Processing file /home/augenz/PycharmProjects/airflow/.env_airflow/lib/python3.9/site-packages/airflow/example_dags/example_dag_decorator.py for tasks to queue
[2022-08-29T12:44:53.371-0400] {logging_mixin.py:115} INFO - [2022-08-29T12:44:53.371-0400] {dagbag.py:508} INFO - Filling up the DagBag from /home/augenz/PycharmProjects/airflow/.env_airflow/lib/python3.9/site-packages/airflow/example_dags/example_dag_decorator.py
[2022-08-29T12:44:53.410-0400] {processor.py:650} INFO - DAG(s) dict_keys(['example_dag_decorator']) retrieved from /home/augenz/PycharmProjects/airflow/.env_airflow/lib/python3.9/site-packages/airflow/example_dags/example_dag_decorator.py
[2022-08-29T12:44:54.035-0400] {logging_mixin.py:115} INFO - [2022-08-29T12:44:54.034-0400] {dag.py:2429} INFO - Sync 1 DAGs
[2022-08-29T12:44:54.066-0400] {logging_mixin.py:115} INFO - [2022-08-29T12:44:54.065-0400] {dag.py:2977} INFO - Setting next_dagrun for example_dag_decorator to None, run_after=None
[2022-08-29T12:44:54.104-0400] {processor.py:161} INFO - Processing /home/augenz/PycharmProjects/airflow/.env_airflow/lib/python3.9/site-packages/airflow/example_dags/example_dag_decorator.py took 0.743 seconds
[2022-08-29T12:45:24.161-0400] {processor.py:153} INFO - Started process (PID=1295) to work on /home/augenz/PycharmProjects/airflow/.env_airflow/lib/python3.9/site-packages/airflow/example_dags/example_dag_decorator.py
[2022-08-29T12:45:24.173-0400] {processor.py:640} INFO - Processing file /home/augenz/PycharmProjects/airflow/.env_airflow/lib/python3.9/site-packages/airflow/example_dags/example_dag_decorator.py for tasks to queue
[2022-08-29T12:45:24.174-0400] {logging_mixin.py:115} INFO - [2022-08-29T12:45:24.174-0400] {dagbag.py:508} INFO - Filling up the DagBag from /home/augenz/PycharmProjects/airflow/.env_airflow/lib/python3.9/site-packages/airflow/example_dags/example_dag_decorator.py
[2022-08-29T12:45:24.212-0400] {processor.py:650} INFO - DAG(s) dict_keys(['example_dag_decorator']) retrieved from /home/augenz/PycharmProjects/airflow/.env_airflow/lib/python3.9/site-packages/airflow/example_dags/example_dag_decorator.py
[2022-08-29T12:45:24.815-0400] {logging_mixin.py:115} INFO - [2022-08-29T12:45:24.815-0400] {dag.py:2429} INFO - Sync 1 DAGs
[2022-08-29T12:45:24.842-0400] {logging_mixin.py:115} INFO - [2022-08-29T12:45:24.841-0400] {dag.py:2977} INFO - Setting next_dagrun for example_dag_decorator to None, run_after=None
[2022-08-29T12:45:24.876-0400] {processor.py:161} INFO - Processing /home/augenz/PycharmProjects/airflow/.env_airflow/lib/python3.9/site-packages/airflow/example_dags/example_dag_decorator.py took 0.720 seconds
[2022-08-29T12:45:55.140-0400] {processor.py:153} INFO - Started process (PID=1330) to work on /home/augenz/PycharmProjects/airflow/.env_airflow/lib/python3.9/site-packages/airflow/example_dags/example_dag_decorator.py
[2022-08-29T12:45:55.145-0400] {processor.py:640} INFO - Processing file /home/augenz/PycharmProjects/airflow/.env_airflow/lib/python3.9/site-packages/airflow/example_dags/example_dag_decorator.py for tasks to queue
[2022-08-29T12:45:55.145-0400] {logging_mixin.py:115} INFO - [2022-08-29T12:45:55.145-0400] {dagbag.py:508} INFO - Filling up the DagBag from /home/augenz/PycharmProjects/airflow/.env_airflow/lib/python3.9/site-packages/airflow/example_dags/example_dag_decorator.py
[2022-08-29T12:45:55.177-0400] {processor.py:650} INFO - DAG(s) dict_keys(['example_dag_decorator']) retrieved from /home/augenz/PycharmProjects/airflow/.env_airflow/lib/python3.9/site-packages/airflow/example_dags/example_dag_decorator.py
[2022-08-29T12:45:55.649-0400] {logging_mixin.py:115} INFO - [2022-08-29T12:45:55.649-0400] {dag.py:2429} INFO - Sync 1 DAGs
[2022-08-29T12:45:55.675-0400] {logging_mixin.py:115} INFO - [2022-08-29T12:45:55.675-0400] {dag.py:2977} INFO - Setting next_dagrun for example_dag_decorator to None, run_after=None
[2022-08-29T12:45:55.713-0400] {processor.py:161} INFO - Processing /home/augenz/PycharmProjects/airflow/.env_airflow/lib/python3.9/site-packages/airflow/example_dags/example_dag_decorator.py took 0.578 seconds
[2022-08-29T12:46:26.250-0400] {processor.py:153} INFO - Started process (PID=1364) to work on /home/augenz/PycharmProjects/airflow/.env_airflow/lib/python3.9/site-packages/airflow/example_dags/example_dag_decorator.py
[2022-08-29T12:46:26.263-0400] {processor.py:640} INFO - Processing file /home/augenz/PycharmProjects/airflow/.env_airflow/lib/python3.9/site-packages/airflow/example_dags/example_dag_decorator.py for tasks to queue
[2022-08-29T12:46:26.264-0400] {logging_mixin.py:115} INFO - [2022-08-29T12:46:26.264-0400] {dagbag.py:508} INFO - Filling up the DagBag from /home/augenz/PycharmProjects/airflow/.env_airflow/lib/python3.9/site-packages/airflow/example_dags/example_dag_decorator.py
[2022-08-29T12:46:26.302-0400] {processor.py:650} INFO - DAG(s) dict_keys(['example_dag_decorator']) retrieved from /home/augenz/PycharmProjects/airflow/.env_airflow/lib/python3.9/site-packages/airflow/example_dags/example_dag_decorator.py
[2022-08-29T12:46:26.820-0400] {logging_mixin.py:115} INFO - [2022-08-29T12:46:26.820-0400] {dag.py:2429} INFO - Sync 1 DAGs
[2022-08-29T12:46:26.850-0400] {logging_mixin.py:115} INFO - [2022-08-29T12:46:26.849-0400] {dag.py:2977} INFO - Setting next_dagrun for example_dag_decorator to None, run_after=None
[2022-08-29T12:46:26.893-0400] {processor.py:161} INFO - Processing /home/augenz/PycharmProjects/airflow/.env_airflow/lib/python3.9/site-packages/airflow/example_dags/example_dag_decorator.py took 0.649 seconds
[2022-08-29T12:46:57.212-0400] {processor.py:153} INFO - Started process (PID=1399) to work on /home/augenz/PycharmProjects/airflow/.env_airflow/lib/python3.9/site-packages/airflow/example_dags/example_dag_decorator.py
[2022-08-29T12:46:57.217-0400] {processor.py:640} INFO - Processing file /home/augenz/PycharmProjects/airflow/.env_airflow/lib/python3.9/site-packages/airflow/example_dags/example_dag_decorator.py for tasks to queue
[2022-08-29T12:46:57.218-0400] {logging_mixin.py:115} INFO - [2022-08-29T12:46:57.217-0400] {dagbag.py:508} INFO - Filling up the DagBag from /home/augenz/PycharmProjects/airflow/.env_airflow/lib/python3.9/site-packages/airflow/example_dags/example_dag_decorator.py
[2022-08-29T12:46:57.256-0400] {processor.py:650} INFO - DAG(s) dict_keys(['example_dag_decorator']) retrieved from /home/augenz/PycharmProjects/airflow/.env_airflow/lib/python3.9/site-packages/airflow/example_dags/example_dag_decorator.py
[2022-08-29T12:46:57.713-0400] {logging_mixin.py:115} INFO - [2022-08-29T12:46:57.713-0400] {dag.py:2429} INFO - Sync 1 DAGs
[2022-08-29T12:46:57.740-0400] {logging_mixin.py:115} INFO - [2022-08-29T12:46:57.739-0400] {dag.py:2977} INFO - Setting next_dagrun for example_dag_decorator to None, run_after=None
[2022-08-29T12:46:57.791-0400] {processor.py:161} INFO - Processing /home/augenz/PycharmProjects/airflow/.env_airflow/lib/python3.9/site-packages/airflow/example_dags/example_dag_decorator.py took 0.584 seconds
[2022-08-29T12:47:28.458-0400] {processor.py:153} INFO - Started process (PID=1441) to work on /home/augenz/PycharmProjects/airflow/.env_airflow/lib/python3.9/site-packages/airflow/example_dags/example_dag_decorator.py
[2022-08-29T12:47:28.460-0400] {processor.py:640} INFO - Processing file /home/augenz/PycharmProjects/airflow/.env_airflow/lib/python3.9/site-packages/airflow/example_dags/example_dag_decorator.py for tasks to queue
[2022-08-29T12:47:28.461-0400] {logging_mixin.py:115} INFO - [2022-08-29T12:47:28.460-0400] {dagbag.py:508} INFO - Filling up the DagBag from /home/augenz/PycharmProjects/airflow/.env_airflow/lib/python3.9/site-packages/airflow/example_dags/example_dag_decorator.py
[2022-08-29T12:47:28.495-0400] {processor.py:650} INFO - DAG(s) dict_keys(['example_dag_decorator']) retrieved from /home/augenz/PycharmProjects/airflow/.env_airflow/lib/python3.9/site-packages/airflow/example_dags/example_dag_decorator.py
[2022-08-29T12:47:28.950-0400] {logging_mixin.py:115} INFO - [2022-08-29T12:47:28.949-0400] {dag.py:2429} INFO - Sync 1 DAGs
[2022-08-29T12:47:28.983-0400] {logging_mixin.py:115} INFO - [2022-08-29T12:47:28.983-0400] {dag.py:2977} INFO - Setting next_dagrun for example_dag_decorator to None, run_after=None
[2022-08-29T12:47:29.037-0400] {processor.py:161} INFO - Processing /home/augenz/PycharmProjects/airflow/.env_airflow/lib/python3.9/site-packages/airflow/example_dags/example_dag_decorator.py took 0.584 seconds
[2022-08-29T12:47:59.633-0400] {processor.py:153} INFO - Started process (PID=1475) to work on /home/augenz/PycharmProjects/airflow/.env_airflow/lib/python3.9/site-packages/airflow/example_dags/example_dag_decorator.py
[2022-08-29T12:47:59.638-0400] {processor.py:640} INFO - Processing file /home/augenz/PycharmProjects/airflow/.env_airflow/lib/python3.9/site-packages/airflow/example_dags/example_dag_decorator.py for tasks to queue
[2022-08-29T12:47:59.639-0400] {logging_mixin.py:115} INFO - [2022-08-29T12:47:59.639-0400] {dagbag.py:508} INFO - Filling up the DagBag from /home/augenz/PycharmProjects/airflow/.env_airflow/lib/python3.9/site-packages/airflow/example_dags/example_dag_decorator.py
[2022-08-29T12:47:59.681-0400] {processor.py:650} INFO - DAG(s) dict_keys(['example_dag_decorator']) retrieved from /home/augenz/PycharmProjects/airflow/.env_airflow/lib/python3.9/site-packages/airflow/example_dags/example_dag_decorator.py
[2022-08-29T12:48:00.176-0400] {logging_mixin.py:115} INFO - [2022-08-29T12:48:00.175-0400] {dag.py:2429} INFO - Sync 1 DAGs
[2022-08-29T12:48:00.202-0400] {logging_mixin.py:115} INFO - [2022-08-29T12:48:00.202-0400] {dag.py:2977} INFO - Setting next_dagrun for example_dag_decorator to None, run_after=None
[2022-08-29T12:48:00.243-0400] {processor.py:161} INFO - Processing /home/augenz/PycharmProjects/airflow/.env_airflow/lib/python3.9/site-packages/airflow/example_dags/example_dag_decorator.py took 0.617 seconds
[2022-08-29T12:48:30.995-0400] {processor.py:153} INFO - Started process (PID=1510) to work on /home/augenz/PycharmProjects/airflow/.env_airflow/lib/python3.9/site-packages/airflow/example_dags/example_dag_decorator.py
[2022-08-29T12:48:30.996-0400] {processor.py:640} INFO - Processing file /home/augenz/PycharmProjects/airflow/.env_airflow/lib/python3.9/site-packages/airflow/example_dags/example_dag_decorator.py for tasks to queue
[2022-08-29T12:48:30.998-0400] {logging_mixin.py:115} INFO - [2022-08-29T12:48:30.997-0400] {dagbag.py:508} INFO - Filling up the DagBag from /home/augenz/PycharmProjects/airflow/.env_airflow/lib/python3.9/site-packages/airflow/example_dags/example_dag_decorator.py
[2022-08-29T12:48:31.034-0400] {processor.py:650} INFO - DAG(s) dict_keys(['example_dag_decorator']) retrieved from /home/augenz/PycharmProjects/airflow/.env_airflow/lib/python3.9/site-packages/airflow/example_dags/example_dag_decorator.py
[2022-08-29T12:48:31.645-0400] {logging_mixin.py:115} INFO - [2022-08-29T12:48:31.645-0400] {dag.py:2429} INFO - Sync 1 DAGs
[2022-08-29T12:48:31.670-0400] {logging_mixin.py:115} INFO - [2022-08-29T12:48:31.670-0400] {dag.py:2977} INFO - Setting next_dagrun for example_dag_decorator to None, run_after=None
[2022-08-29T12:48:31.715-0400] {processor.py:161} INFO - Processing /home/augenz/PycharmProjects/airflow/.env_airflow/lib/python3.9/site-packages/airflow/example_dags/example_dag_decorator.py took 0.728 seconds
[2022-08-29T12:49:02.129-0400] {processor.py:153} INFO - Started process (PID=1545) to work on /home/augenz/PycharmProjects/airflow/.env_airflow/lib/python3.9/site-packages/airflow/example_dags/example_dag_decorator.py
[2022-08-29T12:49:02.134-0400] {processor.py:640} INFO - Processing file /home/augenz/PycharmProjects/airflow/.env_airflow/lib/python3.9/site-packages/airflow/example_dags/example_dag_decorator.py for tasks to queue
[2022-08-29T12:49:02.135-0400] {logging_mixin.py:115} INFO - [2022-08-29T12:49:02.135-0400] {dagbag.py:508} INFO - Filling up the DagBag from /home/augenz/PycharmProjects/airflow/.env_airflow/lib/python3.9/site-packages/airflow/example_dags/example_dag_decorator.py
[2022-08-29T12:49:02.173-0400] {processor.py:650} INFO - DAG(s) dict_keys(['example_dag_decorator']) retrieved from /home/augenz/PycharmProjects/airflow/.env_airflow/lib/python3.9/site-packages/airflow/example_dags/example_dag_decorator.py
[2022-08-29T12:49:02.715-0400] {logging_mixin.py:115} INFO - [2022-08-29T12:49:02.715-0400] {dag.py:2429} INFO - Sync 1 DAGs
[2022-08-29T12:49:02.741-0400] {logging_mixin.py:115} INFO - [2022-08-29T12:49:02.740-0400] {dag.py:2977} INFO - Setting next_dagrun for example_dag_decorator to None, run_after=None
[2022-08-29T12:49:02.786-0400] {processor.py:161} INFO - Processing /home/augenz/PycharmProjects/airflow/.env_airflow/lib/python3.9/site-packages/airflow/example_dags/example_dag_decorator.py took 0.662 seconds
[2022-08-29T12:49:33.446-0400] {processor.py:153} INFO - Started process (PID=1591) to work on /home/augenz/PycharmProjects/airflow/.env_airflow/lib/python3.9/site-packages/airflow/example_dags/example_dag_decorator.py
[2022-08-29T12:49:33.447-0400] {processor.py:640} INFO - Processing file /home/augenz/PycharmProjects/airflow/.env_airflow/lib/python3.9/site-packages/airflow/example_dags/example_dag_decorator.py for tasks to queue
[2022-08-29T12:49:33.448-0400] {logging_mixin.py:115} INFO - [2022-08-29T12:49:33.448-0400] {dagbag.py:508} INFO - Filling up the DagBag from /home/augenz/PycharmProjects/airflow/.env_airflow/lib/python3.9/site-packages/airflow/example_dags/example_dag_decorator.py
[2022-08-29T12:49:33.490-0400] {processor.py:650} INFO - DAG(s) dict_keys(['example_dag_decorator']) retrieved from /home/augenz/PycharmProjects/airflow/.env_airflow/lib/python3.9/site-packages/airflow/example_dags/example_dag_decorator.py
[2022-08-29T12:49:34.001-0400] {logging_mixin.py:115} INFO - [2022-08-29T12:49:34.000-0400] {dag.py:2429} INFO - Sync 1 DAGs
[2022-08-29T12:49:34.027-0400] {logging_mixin.py:115} INFO - [2022-08-29T12:49:34.026-0400] {dag.py:2977} INFO - Setting next_dagrun for example_dag_decorator to None, run_after=None
[2022-08-29T12:49:34.084-0400] {processor.py:161} INFO - Processing /home/augenz/PycharmProjects/airflow/.env_airflow/lib/python3.9/site-packages/airflow/example_dags/example_dag_decorator.py took 0.643 seconds
[2022-08-29T12:50:04.264-0400] {processor.py:153} INFO - Started process (PID=1625) to work on /home/augenz/PycharmProjects/airflow/.env_airflow/lib/python3.9/site-packages/airflow/example_dags/example_dag_decorator.py
[2022-08-29T12:50:04.268-0400] {processor.py:640} INFO - Processing file /home/augenz/PycharmProjects/airflow/.env_airflow/lib/python3.9/site-packages/airflow/example_dags/example_dag_decorator.py for tasks to queue
[2022-08-29T12:50:04.269-0400] {logging_mixin.py:115} INFO - [2022-08-29T12:50:04.268-0400] {dagbag.py:508} INFO - Filling up the DagBag from /home/augenz/PycharmProjects/airflow/.env_airflow/lib/python3.9/site-packages/airflow/example_dags/example_dag_decorator.py
[2022-08-29T12:50:04.299-0400] {processor.py:650} INFO - DAG(s) dict_keys(['example_dag_decorator']) retrieved from /home/augenz/PycharmProjects/airflow/.env_airflow/lib/python3.9/site-packages/airflow/example_dags/example_dag_decorator.py
[2022-08-29T12:50:04.768-0400] {logging_mixin.py:115} INFO - [2022-08-29T12:50:04.767-0400] {dag.py:2429} INFO - Sync 1 DAGs
[2022-08-29T12:50:04.793-0400] {logging_mixin.py:115} INFO - [2022-08-29T12:50:04.792-0400] {dag.py:2977} INFO - Setting next_dagrun for example_dag_decorator to None, run_after=None
[2022-08-29T12:50:04.848-0400] {processor.py:161} INFO - Processing /home/augenz/PycharmProjects/airflow/.env_airflow/lib/python3.9/site-packages/airflow/example_dags/example_dag_decorator.py took 0.588 seconds
[2022-08-29T12:50:34.896-0400] {processor.py:153} INFO - Started process (PID=1664) to work on /home/augenz/PycharmProjects/airflow/.env_airflow/lib/python3.9/site-packages/airflow/example_dags/example_dag_decorator.py
[2022-08-29T12:50:34.899-0400] {processor.py:640} INFO - Processing file /home/augenz/PycharmProjects/airflow/.env_airflow/lib/python3.9/site-packages/airflow/example_dags/example_dag_decorator.py for tasks to queue
[2022-08-29T12:50:34.900-0400] {logging_mixin.py:115} INFO - [2022-08-29T12:50:34.900-0400] {dagbag.py:508} INFO - Filling up the DagBag from /home/augenz/PycharmProjects/airflow/.env_airflow/lib/python3.9/site-packages/airflow/example_dags/example_dag_decorator.py
[2022-08-29T12:50:35.072-0400] {processor.py:650} INFO - DAG(s) dict_keys(['example_dag_decorator']) retrieved from /home/augenz/PycharmProjects/airflow/.env_airflow/lib/python3.9/site-packages/airflow/example_dags/example_dag_decorator.py
[2022-08-29T12:50:35.999-0400] {logging_mixin.py:115} INFO - [2022-08-29T12:50:35.998-0400] {dag.py:2429} INFO - Sync 1 DAGs
[2022-08-29T12:50:36.048-0400] {logging_mixin.py:115} INFO - [2022-08-29T12:50:36.048-0400] {dag.py:2977} INFO - Setting next_dagrun for example_dag_decorator to None, run_after=None
[2022-08-29T12:50:36.103-0400] {processor.py:161} INFO - Processing /home/augenz/PycharmProjects/airflow/.env_airflow/lib/python3.9/site-packages/airflow/example_dags/example_dag_decorator.py took 1.211 seconds
[2022-08-29T12:51:06.229-0400] {processor.py:153} INFO - Started process (PID=1698) to work on /home/augenz/PycharmProjects/airflow/.env_airflow/lib/python3.9/site-packages/airflow/example_dags/example_dag_decorator.py
[2022-08-29T12:51:06.231-0400] {processor.py:640} INFO - Processing file /home/augenz/PycharmProjects/airflow/.env_airflow/lib/python3.9/site-packages/airflow/example_dags/example_dag_decorator.py for tasks to queue
[2022-08-29T12:51:06.232-0400] {logging_mixin.py:115} INFO - [2022-08-29T12:51:06.232-0400] {dagbag.py:508} INFO - Filling up the DagBag from /home/augenz/PycharmProjects/airflow/.env_airflow/lib/python3.9/site-packages/airflow/example_dags/example_dag_decorator.py
[2022-08-29T12:51:06.262-0400] {processor.py:650} INFO - DAG(s) dict_keys(['example_dag_decorator']) retrieved from /home/augenz/PycharmProjects/airflow/.env_airflow/lib/python3.9/site-packages/airflow/example_dags/example_dag_decorator.py
[2022-08-29T12:51:06.728-0400] {logging_mixin.py:115} INFO - [2022-08-29T12:51:06.728-0400] {dag.py:2429} INFO - Sync 1 DAGs
[2022-08-29T12:51:06.756-0400] {logging_mixin.py:115} INFO - [2022-08-29T12:51:06.756-0400] {dag.py:2977} INFO - Setting next_dagrun for example_dag_decorator to None, run_after=None
[2022-08-29T12:51:06.790-0400] {processor.py:161} INFO - Processing /home/augenz/PycharmProjects/airflow/.env_airflow/lib/python3.9/site-packages/airflow/example_dags/example_dag_decorator.py took 0.565 seconds
[2022-08-29T12:51:37.294-0400] {processor.py:153} INFO - Started process (PID=1736) to work on /home/augenz/PycharmProjects/airflow/.env_airflow/lib/python3.9/site-packages/airflow/example_dags/example_dag_decorator.py
[2022-08-29T12:51:37.296-0400] {processor.py:640} INFO - Processing file /home/augenz/PycharmProjects/airflow/.env_airflow/lib/python3.9/site-packages/airflow/example_dags/example_dag_decorator.py for tasks to queue
[2022-08-29T12:51:37.297-0400] {logging_mixin.py:115} INFO - [2022-08-29T12:51:37.296-0400] {dagbag.py:508} INFO - Filling up the DagBag from /home/augenz/PycharmProjects/airflow/.env_airflow/lib/python3.9/site-packages/airflow/example_dags/example_dag_decorator.py
[2022-08-29T12:51:37.332-0400] {processor.py:650} INFO - DAG(s) dict_keys(['example_dag_decorator']) retrieved from /home/augenz/PycharmProjects/airflow/.env_airflow/lib/python3.9/site-packages/airflow/example_dags/example_dag_decorator.py
[2022-08-29T12:51:37.809-0400] {logging_mixin.py:115} INFO - [2022-08-29T12:51:37.809-0400] {dag.py:2429} INFO - Sync 1 DAGs
[2022-08-29T12:51:37.842-0400] {logging_mixin.py:115} INFO - [2022-08-29T12:51:37.842-0400] {dag.py:2977} INFO - Setting next_dagrun for example_dag_decorator to None, run_after=None
[2022-08-29T12:51:37.887-0400] {processor.py:161} INFO - Processing /home/augenz/PycharmProjects/airflow/.env_airflow/lib/python3.9/site-packages/airflow/example_dags/example_dag_decorator.py took 0.597 seconds
[2022-08-29T12:52:08.287-0400] {processor.py:153} INFO - Started process (PID=1769) to work on /home/augenz/PycharmProjects/airflow/.env_airflow/lib/python3.9/site-packages/airflow/example_dags/example_dag_decorator.py
[2022-08-29T12:52:08.305-0400] {processor.py:640} INFO - Processing file /home/augenz/PycharmProjects/airflow/.env_airflow/lib/python3.9/site-packages/airflow/example_dags/example_dag_decorator.py for tasks to queue
[2022-08-29T12:52:08.307-0400] {logging_mixin.py:115} INFO - [2022-08-29T12:52:08.306-0400] {dagbag.py:508} INFO - Filling up the DagBag from /home/augenz/PycharmProjects/airflow/.env_airflow/lib/python3.9/site-packages/airflow/example_dags/example_dag_decorator.py
[2022-08-29T12:52:08.347-0400] {processor.py:650} INFO - DAG(s) dict_keys(['example_dag_decorator']) retrieved from /home/augenz/PycharmProjects/airflow/.env_airflow/lib/python3.9/site-packages/airflow/example_dags/example_dag_decorator.py
[2022-08-29T12:52:08.811-0400] {logging_mixin.py:115} INFO - [2022-08-29T12:52:08.811-0400] {dag.py:2429} INFO - Sync 1 DAGs
[2022-08-29T12:52:08.841-0400] {logging_mixin.py:115} INFO - [2022-08-29T12:52:08.841-0400] {dag.py:2977} INFO - Setting next_dagrun for example_dag_decorator to None, run_after=None
[2022-08-29T12:52:08.893-0400] {processor.py:161} INFO - Processing /home/augenz/PycharmProjects/airflow/.env_airflow/lib/python3.9/site-packages/airflow/example_dags/example_dag_decorator.py took 0.610 seconds
[2022-08-29T12:52:38.989-0400] {processor.py:153} INFO - Started process (PID=1803) to work on /home/augenz/PycharmProjects/airflow/.env_airflow/lib/python3.9/site-packages/airflow/example_dags/example_dag_decorator.py
[2022-08-29T12:52:38.991-0400] {processor.py:640} INFO - Processing file /home/augenz/PycharmProjects/airflow/.env_airflow/lib/python3.9/site-packages/airflow/example_dags/example_dag_decorator.py for tasks to queue
[2022-08-29T12:52:38.992-0400] {logging_mixin.py:115} INFO - [2022-08-29T12:52:38.992-0400] {dagbag.py:508} INFO - Filling up the DagBag from /home/augenz/PycharmProjects/airflow/.env_airflow/lib/python3.9/site-packages/airflow/example_dags/example_dag_decorator.py
[2022-08-29T12:52:39.025-0400] {processor.py:650} INFO - DAG(s) dict_keys(['example_dag_decorator']) retrieved from /home/augenz/PycharmProjects/airflow/.env_airflow/lib/python3.9/site-packages/airflow/example_dags/example_dag_decorator.py
[2022-08-29T12:52:39.484-0400] {logging_mixin.py:115} INFO - [2022-08-29T12:52:39.483-0400] {dag.py:2429} INFO - Sync 1 DAGs
[2022-08-29T12:52:39.514-0400] {logging_mixin.py:115} INFO - [2022-08-29T12:52:39.513-0400] {dag.py:2977} INFO - Setting next_dagrun for example_dag_decorator to None, run_after=None
[2022-08-29T12:52:39.597-0400] {processor.py:161} INFO - Processing /home/augenz/PycharmProjects/airflow/.env_airflow/lib/python3.9/site-packages/airflow/example_dags/example_dag_decorator.py took 0.613 seconds
[2022-08-29T12:53:09.934-0400] {processor.py:153} INFO - Started process (PID=1840) to work on /home/augenz/PycharmProjects/airflow/.env_airflow/lib/python3.9/site-packages/airflow/example_dags/example_dag_decorator.py
[2022-08-29T12:53:09.937-0400] {processor.py:640} INFO - Processing file /home/augenz/PycharmProjects/airflow/.env_airflow/lib/python3.9/site-packages/airflow/example_dags/example_dag_decorator.py for tasks to queue
[2022-08-29T12:53:09.938-0400] {logging_mixin.py:115} INFO - [2022-08-29T12:53:09.937-0400] {dagbag.py:508} INFO - Filling up the DagBag from /home/augenz/PycharmProjects/airflow/.env_airflow/lib/python3.9/site-packages/airflow/example_dags/example_dag_decorator.py
[2022-08-29T12:53:09.972-0400] {processor.py:650} INFO - DAG(s) dict_keys(['example_dag_decorator']) retrieved from /home/augenz/PycharmProjects/airflow/.env_airflow/lib/python3.9/site-packages/airflow/example_dags/example_dag_decorator.py
[2022-08-29T12:53:10.436-0400] {logging_mixin.py:115} INFO - [2022-08-29T12:53:10.436-0400] {dag.py:2429} INFO - Sync 1 DAGs
[2022-08-29T12:53:10.464-0400] {logging_mixin.py:115} INFO - [2022-08-29T12:53:10.464-0400] {dag.py:2977} INFO - Setting next_dagrun for example_dag_decorator to None, run_after=None
[2022-08-29T12:53:10.511-0400] {processor.py:161} INFO - Processing /home/augenz/PycharmProjects/airflow/.env_airflow/lib/python3.9/site-packages/airflow/example_dags/example_dag_decorator.py took 0.581 seconds
[2022-08-29T12:53:41.221-0400] {processor.py:153} INFO - Started process (PID=1880) to work on /home/augenz/PycharmProjects/airflow/.env_airflow/lib/python3.9/site-packages/airflow/example_dags/example_dag_decorator.py
[2022-08-29T12:53:41.223-0400] {processor.py:640} INFO - Processing file /home/augenz/PycharmProjects/airflow/.env_airflow/lib/python3.9/site-packages/airflow/example_dags/example_dag_decorator.py for tasks to queue
[2022-08-29T12:53:41.224-0400] {logging_mixin.py:115} INFO - [2022-08-29T12:53:41.224-0400] {dagbag.py:508} INFO - Filling up the DagBag from /home/augenz/PycharmProjects/airflow/.env_airflow/lib/python3.9/site-packages/airflow/example_dags/example_dag_decorator.py
[2022-08-29T12:53:41.266-0400] {processor.py:650} INFO - DAG(s) dict_keys(['example_dag_decorator']) retrieved from /home/augenz/PycharmProjects/airflow/.env_airflow/lib/python3.9/site-packages/airflow/example_dags/example_dag_decorator.py
[2022-08-29T12:53:41.939-0400] {logging_mixin.py:115} INFO - [2022-08-29T12:53:41.939-0400] {dag.py:2429} INFO - Sync 1 DAGs
[2022-08-29T12:53:41.964-0400] {logging_mixin.py:115} INFO - [2022-08-29T12:53:41.964-0400] {dag.py:2977} INFO - Setting next_dagrun for example_dag_decorator to None, run_after=None
[2022-08-29T12:53:41.999-0400] {processor.py:161} INFO - Processing /home/augenz/PycharmProjects/airflow/.env_airflow/lib/python3.9/site-packages/airflow/example_dags/example_dag_decorator.py took 0.783 seconds
