[2022-08-29T12:33:15.493-0400] {processor.py:153} INFO - Started process (PID=377) to work on /home/augenz/PycharmProjects/airflow/.env_airflow/lib/python3.9/site-packages/airflow/example_dags/example_xcomargs.py
[2022-08-29T12:33:15.494-0400] {processor.py:640} INFO - Processing file /home/augenz/PycharmProjects/airflow/.env_airflow/lib/python3.9/site-packages/airflow/example_dags/example_xcomargs.py for tasks to queue
[2022-08-29T12:33:15.496-0400] {logging_mixin.py:115} INFO - [2022-08-29T12:33:15.495-0400] {dagbag.py:508} INFO - Filling up the DagBag from /home/augenz/PycharmProjects/airflow/.env_airflow/lib/python3.9/site-packages/airflow/example_dags/example_xcomargs.py
[2022-08-29T12:33:15.534-0400] {processor.py:650} INFO - DAG(s) dict_keys(['example_xcom_args', 'example_xcom_args_with_operators']) retrieved from /home/augenz/PycharmProjects/airflow/.env_airflow/lib/python3.9/site-packages/airflow/example_dags/example_xcomargs.py
[2022-08-29T12:33:15.708-0400] {logging_mixin.py:115} INFO - [2022-08-29T12:33:15.708-0400] {manager.py:508} INFO - Created Permission View: can delete on DAG:example_xcom_args
[2022-08-29T12:33:15.758-0400] {logging_mixin.py:115} INFO - [2022-08-29T12:33:15.758-0400] {manager.py:508} INFO - Created Permission View: can read on DAG:example_xcom_args
[2022-08-29T12:33:15.809-0400] {logging_mixin.py:115} INFO - [2022-08-29T12:33:15.808-0400] {manager.py:508} INFO - Created Permission View: can edit on DAG:example_xcom_args
[2022-08-29T12:33:15.883-0400] {logging_mixin.py:115} INFO - [2022-08-29T12:33:15.883-0400] {manager.py:508} INFO - Created Permission View: can delete on DAG:example_xcom_args_with_operators
[2022-08-29T12:33:15.924-0400] {logging_mixin.py:115} INFO - [2022-08-29T12:33:15.924-0400] {manager.py:508} INFO - Created Permission View: can read on DAG:example_xcom_args_with_operators
[2022-08-29T12:33:15.958-0400] {logging_mixin.py:115} INFO - [2022-08-29T12:33:15.957-0400] {manager.py:508} INFO - Created Permission View: can edit on DAG:example_xcom_args_with_operators
[2022-08-29T12:33:15.958-0400] {logging_mixin.py:115} INFO - [2022-08-29T12:33:15.958-0400] {dag.py:2429} INFO - Sync 2 DAGs
[2022-08-29T12:33:15.976-0400] {logging_mixin.py:115} INFO - [2022-08-29T12:33:15.976-0400] {dag.py:2448} INFO - Creating ORM DAG for example_xcom_args
[2022-08-29T12:33:15.977-0400] {logging_mixin.py:115} INFO - [2022-08-29T12:33:15.977-0400] {dag.py:2448} INFO - Creating ORM DAG for example_xcom_args_with_operators
[2022-08-29T12:33:15.999-0400] {logging_mixin.py:115} INFO - [2022-08-29T12:33:15.999-0400] {dag.py:2977} INFO - Setting next_dagrun for example_xcom_args to None, run_after=None
[2022-08-29T12:33:16.000-0400] {logging_mixin.py:115} INFO - [2022-08-29T12:33:16.000-0400] {dag.py:2977} INFO - Setting next_dagrun for example_xcom_args_with_operators to None, run_after=None
[2022-08-29T12:33:16.056-0400] {processor.py:161} INFO - Processing /home/augenz/PycharmProjects/airflow/.env_airflow/lib/python3.9/site-packages/airflow/example_dags/example_xcomargs.py took 0.568 seconds
[2022-08-29T12:33:46.863-0400] {processor.py:153} INFO - Started process (PID=417) to work on /home/augenz/PycharmProjects/airflow/.env_airflow/lib/python3.9/site-packages/airflow/example_dags/example_xcomargs.py
[2022-08-29T12:33:46.864-0400] {processor.py:640} INFO - Processing file /home/augenz/PycharmProjects/airflow/.env_airflow/lib/python3.9/site-packages/airflow/example_dags/example_xcomargs.py for tasks to queue
[2022-08-29T12:33:46.866-0400] {logging_mixin.py:115} INFO - [2022-08-29T12:33:46.865-0400] {dagbag.py:508} INFO - Filling up the DagBag from /home/augenz/PycharmProjects/airflow/.env_airflow/lib/python3.9/site-packages/airflow/example_dags/example_xcomargs.py
[2022-08-29T12:33:46.905-0400] {processor.py:650} INFO - DAG(s) dict_keys(['example_xcom_args', 'example_xcom_args_with_operators']) retrieved from /home/augenz/PycharmProjects/airflow/.env_airflow/lib/python3.9/site-packages/airflow/example_dags/example_xcomargs.py
[2022-08-29T12:33:47.003-0400] {logging_mixin.py:115} INFO - [2022-08-29T12:33:47.003-0400] {dag.py:2429} INFO - Sync 2 DAGs
[2022-08-29T12:33:47.034-0400] {logging_mixin.py:115} INFO - [2022-08-29T12:33:47.033-0400] {dag.py:2977} INFO - Setting next_dagrun for example_xcom_args to None, run_after=None
[2022-08-29T12:33:47.034-0400] {logging_mixin.py:115} INFO - [2022-08-29T12:33:47.034-0400] {dag.py:2977} INFO - Setting next_dagrun for example_xcom_args_with_operators to None, run_after=None
[2022-08-29T12:33:47.094-0400] {processor.py:161} INFO - Processing /home/augenz/PycharmProjects/airflow/.env_airflow/lib/python3.9/site-packages/airflow/example_dags/example_xcomargs.py took 0.236 seconds
[2022-08-29T12:34:17.423-0400] {processor.py:153} INFO - Started process (PID=452) to work on /home/augenz/PycharmProjects/airflow/.env_airflow/lib/python3.9/site-packages/airflow/example_dags/example_xcomargs.py
[2022-08-29T12:34:17.426-0400] {processor.py:640} INFO - Processing file /home/augenz/PycharmProjects/airflow/.env_airflow/lib/python3.9/site-packages/airflow/example_dags/example_xcomargs.py for tasks to queue
[2022-08-29T12:34:17.428-0400] {logging_mixin.py:115} INFO - [2022-08-29T12:34:17.427-0400] {dagbag.py:508} INFO - Filling up the DagBag from /home/augenz/PycharmProjects/airflow/.env_airflow/lib/python3.9/site-packages/airflow/example_dags/example_xcomargs.py
[2022-08-29T12:34:17.474-0400] {processor.py:650} INFO - DAG(s) dict_keys(['example_xcom_args', 'example_xcom_args_with_operators']) retrieved from /home/augenz/PycharmProjects/airflow/.env_airflow/lib/python3.9/site-packages/airflow/example_dags/example_xcomargs.py
[2022-08-29T12:34:17.613-0400] {logging_mixin.py:115} INFO - [2022-08-29T12:34:17.613-0400] {dag.py:2429} INFO - Sync 2 DAGs
[2022-08-29T12:34:17.658-0400] {logging_mixin.py:115} INFO - [2022-08-29T12:34:17.658-0400] {dag.py:2977} INFO - Setting next_dagrun for example_xcom_args to None, run_after=None
[2022-08-29T12:34:17.659-0400] {logging_mixin.py:115} INFO - [2022-08-29T12:34:17.659-0400] {dag.py:2977} INFO - Setting next_dagrun for example_xcom_args_with_operators to None, run_after=None
[2022-08-29T12:34:17.707-0400] {processor.py:161} INFO - Processing /home/augenz/PycharmProjects/airflow/.env_airflow/lib/python3.9/site-packages/airflow/example_dags/example_xcomargs.py took 0.289 seconds
[2022-08-29T12:34:48.113-0400] {processor.py:153} INFO - Started process (PID=487) to work on /home/augenz/PycharmProjects/airflow/.env_airflow/lib/python3.9/site-packages/airflow/example_dags/example_xcomargs.py
[2022-08-29T12:34:48.118-0400] {processor.py:640} INFO - Processing file /home/augenz/PycharmProjects/airflow/.env_airflow/lib/python3.9/site-packages/airflow/example_dags/example_xcomargs.py for tasks to queue
[2022-08-29T12:34:48.119-0400] {logging_mixin.py:115} INFO - [2022-08-29T12:34:48.119-0400] {dagbag.py:508} INFO - Filling up the DagBag from /home/augenz/PycharmProjects/airflow/.env_airflow/lib/python3.9/site-packages/airflow/example_dags/example_xcomargs.py
[2022-08-29T12:34:48.161-0400] {processor.py:650} INFO - DAG(s) dict_keys(['example_xcom_args', 'example_xcom_args_with_operators']) retrieved from /home/augenz/PycharmProjects/airflow/.env_airflow/lib/python3.9/site-packages/airflow/example_dags/example_xcomargs.py
[2022-08-29T12:34:48.300-0400] {logging_mixin.py:115} INFO - [2022-08-29T12:34:48.300-0400] {dag.py:2429} INFO - Sync 2 DAGs
[2022-08-29T12:34:48.349-0400] {logging_mixin.py:115} INFO - [2022-08-29T12:34:48.348-0400] {dag.py:2977} INFO - Setting next_dagrun for example_xcom_args to None, run_after=None
[2022-08-29T12:34:48.350-0400] {logging_mixin.py:115} INFO - [2022-08-29T12:34:48.349-0400] {dag.py:2977} INFO - Setting next_dagrun for example_xcom_args_with_operators to None, run_after=None
[2022-08-29T12:34:48.387-0400] {processor.py:161} INFO - Processing /home/augenz/PycharmProjects/airflow/.env_airflow/lib/python3.9/site-packages/airflow/example_dags/example_xcomargs.py took 0.281 seconds
[2022-08-29T12:35:18.869-0400] {processor.py:153} INFO - Started process (PID=544) to work on /home/augenz/PycharmProjects/airflow/.env_airflow/lib/python3.9/site-packages/airflow/example_dags/example_xcomargs.py
[2022-08-29T12:35:18.872-0400] {processor.py:640} INFO - Processing file /home/augenz/PycharmProjects/airflow/.env_airflow/lib/python3.9/site-packages/airflow/example_dags/example_xcomargs.py for tasks to queue
[2022-08-29T12:35:18.873-0400] {logging_mixin.py:115} INFO - [2022-08-29T12:35:18.873-0400] {dagbag.py:508} INFO - Filling up the DagBag from /home/augenz/PycharmProjects/airflow/.env_airflow/lib/python3.9/site-packages/airflow/example_dags/example_xcomargs.py
[2022-08-29T12:35:18.901-0400] {processor.py:650} INFO - DAG(s) dict_keys(['example_xcom_args', 'example_xcom_args_with_operators']) retrieved from /home/augenz/PycharmProjects/airflow/.env_airflow/lib/python3.9/site-packages/airflow/example_dags/example_xcomargs.py
[2022-08-29T12:35:19.001-0400] {logging_mixin.py:115} INFO - [2022-08-29T12:35:19.000-0400] {dag.py:2429} INFO - Sync 2 DAGs
[2022-08-29T12:35:19.031-0400] {logging_mixin.py:115} INFO - [2022-08-29T12:35:19.031-0400] {dag.py:2977} INFO - Setting next_dagrun for example_xcom_args to None, run_after=None
[2022-08-29T12:35:19.031-0400] {logging_mixin.py:115} INFO - [2022-08-29T12:35:19.031-0400] {dag.py:2977} INFO - Setting next_dagrun for example_xcom_args_with_operators to None, run_after=None
[2022-08-29T12:35:19.084-0400] {processor.py:161} INFO - Processing /home/augenz/PycharmProjects/airflow/.env_airflow/lib/python3.9/site-packages/airflow/example_dags/example_xcomargs.py took 0.220 seconds
[2022-08-29T12:35:50.285-0400] {processor.py:153} INFO - Started process (PID=587) to work on /home/augenz/PycharmProjects/airflow/.env_airflow/lib/python3.9/site-packages/airflow/example_dags/example_xcomargs.py
[2022-08-29T12:35:50.287-0400] {processor.py:640} INFO - Processing file /home/augenz/PycharmProjects/airflow/.env_airflow/lib/python3.9/site-packages/airflow/example_dags/example_xcomargs.py for tasks to queue
[2022-08-29T12:35:50.288-0400] {logging_mixin.py:115} INFO - [2022-08-29T12:35:50.288-0400] {dagbag.py:508} INFO - Filling up the DagBag from /home/augenz/PycharmProjects/airflow/.env_airflow/lib/python3.9/site-packages/airflow/example_dags/example_xcomargs.py
[2022-08-29T12:35:50.315-0400] {processor.py:650} INFO - DAG(s) dict_keys(['example_xcom_args', 'example_xcom_args_with_operators']) retrieved from /home/augenz/PycharmProjects/airflow/.env_airflow/lib/python3.9/site-packages/airflow/example_dags/example_xcomargs.py
[2022-08-29T12:35:50.849-0400] {logging_mixin.py:115} INFO - [2022-08-29T12:35:50.848-0400] {dag.py:2429} INFO - Sync 2 DAGs
[2022-08-29T12:35:50.879-0400] {logging_mixin.py:115} INFO - [2022-08-29T12:35:50.878-0400] {dag.py:2977} INFO - Setting next_dagrun for example_xcom_args to None, run_after=None
[2022-08-29T12:35:50.879-0400] {logging_mixin.py:115} INFO - [2022-08-29T12:35:50.879-0400] {dag.py:2977} INFO - Setting next_dagrun for example_xcom_args_with_operators to None, run_after=None
[2022-08-29T12:35:50.921-0400] {processor.py:161} INFO - Processing /home/augenz/PycharmProjects/airflow/.env_airflow/lib/python3.9/site-packages/airflow/example_dags/example_xcomargs.py took 0.641 seconds
[2022-08-29T12:36:21.476-0400] {processor.py:153} INFO - Started process (PID=621) to work on /home/augenz/PycharmProjects/airflow/.env_airflow/lib/python3.9/site-packages/airflow/example_dags/example_xcomargs.py
[2022-08-29T12:36:21.480-0400] {processor.py:640} INFO - Processing file /home/augenz/PycharmProjects/airflow/.env_airflow/lib/python3.9/site-packages/airflow/example_dags/example_xcomargs.py for tasks to queue
[2022-08-29T12:36:21.480-0400] {logging_mixin.py:115} INFO - [2022-08-29T12:36:21.480-0400] {dagbag.py:508} INFO - Filling up the DagBag from /home/augenz/PycharmProjects/airflow/.env_airflow/lib/python3.9/site-packages/airflow/example_dags/example_xcomargs.py
[2022-08-29T12:36:21.511-0400] {processor.py:650} INFO - DAG(s) dict_keys(['example_xcom_args', 'example_xcom_args_with_operators']) retrieved from /home/augenz/PycharmProjects/airflow/.env_airflow/lib/python3.9/site-packages/airflow/example_dags/example_xcomargs.py
[2022-08-29T12:36:22.021-0400] {logging_mixin.py:115} INFO - [2022-08-29T12:36:22.020-0400] {dag.py:2429} INFO - Sync 2 DAGs
[2022-08-29T12:36:22.048-0400] {logging_mixin.py:115} INFO - [2022-08-29T12:36:22.047-0400] {dag.py:2977} INFO - Setting next_dagrun for example_xcom_args to None, run_after=None
[2022-08-29T12:36:22.048-0400] {logging_mixin.py:115} INFO - [2022-08-29T12:36:22.048-0400] {dag.py:2977} INFO - Setting next_dagrun for example_xcom_args_with_operators to None, run_after=None
[2022-08-29T12:36:22.084-0400] {processor.py:161} INFO - Processing /home/augenz/PycharmProjects/airflow/.env_airflow/lib/python3.9/site-packages/airflow/example_dags/example_xcomargs.py took 0.613 seconds
[2022-08-29T12:36:53.054-0400] {processor.py:153} INFO - Started process (PID=657) to work on /home/augenz/PycharmProjects/airflow/.env_airflow/lib/python3.9/site-packages/airflow/example_dags/example_xcomargs.py
[2022-08-29T12:36:53.058-0400] {processor.py:640} INFO - Processing file /home/augenz/PycharmProjects/airflow/.env_airflow/lib/python3.9/site-packages/airflow/example_dags/example_xcomargs.py for tasks to queue
[2022-08-29T12:36:53.060-0400] {logging_mixin.py:115} INFO - [2022-08-29T12:36:53.059-0400] {dagbag.py:508} INFO - Filling up the DagBag from /home/augenz/PycharmProjects/airflow/.env_airflow/lib/python3.9/site-packages/airflow/example_dags/example_xcomargs.py
[2022-08-29T12:36:53.111-0400] {processor.py:650} INFO - DAG(s) dict_keys(['example_xcom_args', 'example_xcom_args_with_operators']) retrieved from /home/augenz/PycharmProjects/airflow/.env_airflow/lib/python3.9/site-packages/airflow/example_dags/example_xcomargs.py
[2022-08-29T12:36:54.105-0400] {logging_mixin.py:115} INFO - [2022-08-29T12:36:54.104-0400] {dag.py:2429} INFO - Sync 2 DAGs
[2022-08-29T12:36:54.181-0400] {logging_mixin.py:115} INFO - [2022-08-29T12:36:54.180-0400] {dag.py:2977} INFO - Setting next_dagrun for example_xcom_args to None, run_after=None
[2022-08-29T12:36:54.182-0400] {logging_mixin.py:115} INFO - [2022-08-29T12:36:54.181-0400] {dag.py:2977} INFO - Setting next_dagrun for example_xcom_args_with_operators to None, run_after=None
[2022-08-29T12:36:54.235-0400] {processor.py:161} INFO - Processing /home/augenz/PycharmProjects/airflow/.env_airflow/lib/python3.9/site-packages/airflow/example_dags/example_xcomargs.py took 1.187 seconds
[2022-08-29T12:37:27.957-0400] {processor.py:153} INFO - Started process (PID=713) to work on /home/augenz/PycharmProjects/airflow/.env_airflow/lib/python3.9/site-packages/airflow/example_dags/example_xcomargs.py
[2022-08-29T12:37:27.981-0400] {processor.py:640} INFO - Processing file /home/augenz/PycharmProjects/airflow/.env_airflow/lib/python3.9/site-packages/airflow/example_dags/example_xcomargs.py for tasks to queue
[2022-08-29T12:37:27.983-0400] {logging_mixin.py:115} INFO - [2022-08-29T12:37:27.983-0400] {dagbag.py:508} INFO - Filling up the DagBag from /home/augenz/PycharmProjects/airflow/.env_airflow/lib/python3.9/site-packages/airflow/example_dags/example_xcomargs.py
[2022-08-29T12:37:28.098-0400] {processor.py:650} INFO - DAG(s) dict_keys(['example_xcom_args', 'example_xcom_args_with_operators']) retrieved from /home/augenz/PycharmProjects/airflow/.env_airflow/lib/python3.9/site-packages/airflow/example_dags/example_xcomargs.py
[2022-08-29T12:37:29.677-0400] {logging_mixin.py:115} INFO - [2022-08-29T12:37:29.676-0400] {dag.py:2429} INFO - Sync 2 DAGs
[2022-08-29T12:37:29.745-0400] {logging_mixin.py:115} INFO - [2022-08-29T12:37:29.745-0400] {dag.py:2977} INFO - Setting next_dagrun for example_xcom_args to None, run_after=None
[2022-08-29T12:37:29.747-0400] {logging_mixin.py:115} INFO - [2022-08-29T12:37:29.746-0400] {dag.py:2977} INFO - Setting next_dagrun for example_xcom_args_with_operators to None, run_after=None
[2022-08-29T12:37:29.839-0400] {processor.py:161} INFO - Processing /home/augenz/PycharmProjects/airflow/.env_airflow/lib/python3.9/site-packages/airflow/example_dags/example_xcomargs.py took 1.903 seconds
[2022-08-29T12:38:01.038-0400] {processor.py:153} INFO - Started process (PID=766) to work on /home/augenz/PycharmProjects/airflow/.env_airflow/lib/python3.9/site-packages/airflow/example_dags/example_xcomargs.py
[2022-08-29T12:38:01.054-0400] {processor.py:640} INFO - Processing file /home/augenz/PycharmProjects/airflow/.env_airflow/lib/python3.9/site-packages/airflow/example_dags/example_xcomargs.py for tasks to queue
[2022-08-29T12:38:01.056-0400] {logging_mixin.py:115} INFO - [2022-08-29T12:38:01.055-0400] {dagbag.py:508} INFO - Filling up the DagBag from /home/augenz/PycharmProjects/airflow/.env_airflow/lib/python3.9/site-packages/airflow/example_dags/example_xcomargs.py
[2022-08-29T12:38:01.131-0400] {processor.py:650} INFO - DAG(s) dict_keys(['example_xcom_args', 'example_xcom_args_with_operators']) retrieved from /home/augenz/PycharmProjects/airflow/.env_airflow/lib/python3.9/site-packages/airflow/example_dags/example_xcomargs.py
[2022-08-29T12:38:02.262-0400] {logging_mixin.py:115} INFO - [2022-08-29T12:38:02.261-0400] {dag.py:2429} INFO - Sync 2 DAGs
[2022-08-29T12:38:02.382-0400] {logging_mixin.py:115} INFO - [2022-08-29T12:38:02.382-0400] {dag.py:2977} INFO - Setting next_dagrun for example_xcom_args to None, run_after=None
[2022-08-29T12:38:02.384-0400] {logging_mixin.py:115} INFO - [2022-08-29T12:38:02.383-0400] {dag.py:2977} INFO - Setting next_dagrun for example_xcom_args_with_operators to None, run_after=None
[2022-08-29T12:38:02.469-0400] {processor.py:161} INFO - Processing /home/augenz/PycharmProjects/airflow/.env_airflow/lib/python3.9/site-packages/airflow/example_dags/example_xcomargs.py took 1.443 seconds
[2022-08-29T12:38:33.033-0400] {processor.py:153} INFO - Started process (PID=811) to work on /home/augenz/PycharmProjects/airflow/.env_airflow/lib/python3.9/site-packages/airflow/example_dags/example_xcomargs.py
[2022-08-29T12:38:33.039-0400] {processor.py:640} INFO - Processing file /home/augenz/PycharmProjects/airflow/.env_airflow/lib/python3.9/site-packages/airflow/example_dags/example_xcomargs.py for tasks to queue
[2022-08-29T12:38:33.040-0400] {logging_mixin.py:115} INFO - [2022-08-29T12:38:33.040-0400] {dagbag.py:508} INFO - Filling up the DagBag from /home/augenz/PycharmProjects/airflow/.env_airflow/lib/python3.9/site-packages/airflow/example_dags/example_xcomargs.py
[2022-08-29T12:38:33.084-0400] {processor.py:650} INFO - DAG(s) dict_keys(['example_xcom_args', 'example_xcom_args_with_operators']) retrieved from /home/augenz/PycharmProjects/airflow/.env_airflow/lib/python3.9/site-packages/airflow/example_dags/example_xcomargs.py
[2022-08-29T12:38:33.880-0400] {logging_mixin.py:115} INFO - [2022-08-29T12:38:33.878-0400] {dag.py:2429} INFO - Sync 2 DAGs
[2022-08-29T12:38:33.966-0400] {logging_mixin.py:115} INFO - [2022-08-29T12:38:33.965-0400] {dag.py:2977} INFO - Setting next_dagrun for example_xcom_args to None, run_after=None
[2022-08-29T12:38:33.967-0400] {logging_mixin.py:115} INFO - [2022-08-29T12:38:33.967-0400] {dag.py:2977} INFO - Setting next_dagrun for example_xcom_args_with_operators to None, run_after=None
[2022-08-29T12:38:34.035-0400] {processor.py:161} INFO - Processing /home/augenz/PycharmProjects/airflow/.env_airflow/lib/python3.9/site-packages/airflow/example_dags/example_xcomargs.py took 1.008 seconds
[2022-08-29T12:39:04.969-0400] {processor.py:153} INFO - Started process (PID=846) to work on /home/augenz/PycharmProjects/airflow/.env_airflow/lib/python3.9/site-packages/airflow/example_dags/example_xcomargs.py
[2022-08-29T12:39:04.975-0400] {processor.py:640} INFO - Processing file /home/augenz/PycharmProjects/airflow/.env_airflow/lib/python3.9/site-packages/airflow/example_dags/example_xcomargs.py for tasks to queue
[2022-08-29T12:39:04.977-0400] {logging_mixin.py:115} INFO - [2022-08-29T12:39:04.976-0400] {dagbag.py:508} INFO - Filling up the DagBag from /home/augenz/PycharmProjects/airflow/.env_airflow/lib/python3.9/site-packages/airflow/example_dags/example_xcomargs.py
[2022-08-29T12:39:05.016-0400] {processor.py:650} INFO - DAG(s) dict_keys(['example_xcom_args', 'example_xcom_args_with_operators']) retrieved from /home/augenz/PycharmProjects/airflow/.env_airflow/lib/python3.9/site-packages/airflow/example_dags/example_xcomargs.py
[2022-08-29T12:39:05.567-0400] {logging_mixin.py:115} INFO - [2022-08-29T12:39:05.566-0400] {dag.py:2429} INFO - Sync 2 DAGs
[2022-08-29T12:39:05.595-0400] {logging_mixin.py:115} INFO - [2022-08-29T12:39:05.595-0400] {dag.py:2977} INFO - Setting next_dagrun for example_xcom_args to None, run_after=None
[2022-08-29T12:39:05.596-0400] {logging_mixin.py:115} INFO - [2022-08-29T12:39:05.596-0400] {dag.py:2977} INFO - Setting next_dagrun for example_xcom_args_with_operators to None, run_after=None
[2022-08-29T12:39:05.630-0400] {processor.py:161} INFO - Processing /home/augenz/PycharmProjects/airflow/.env_airflow/lib/python3.9/site-packages/airflow/example_dags/example_xcomargs.py took 0.666 seconds
[2022-08-29T12:39:36.008-0400] {processor.py:153} INFO - Started process (PID=880) to work on /home/augenz/PycharmProjects/airflow/.env_airflow/lib/python3.9/site-packages/airflow/example_dags/example_xcomargs.py
[2022-08-29T12:39:36.012-0400] {processor.py:640} INFO - Processing file /home/augenz/PycharmProjects/airflow/.env_airflow/lib/python3.9/site-packages/airflow/example_dags/example_xcomargs.py for tasks to queue
[2022-08-29T12:39:36.014-0400] {logging_mixin.py:115} INFO - [2022-08-29T12:39:36.014-0400] {dagbag.py:508} INFO - Filling up the DagBag from /home/augenz/PycharmProjects/airflow/.env_airflow/lib/python3.9/site-packages/airflow/example_dags/example_xcomargs.py
[2022-08-29T12:39:36.059-0400] {processor.py:650} INFO - DAG(s) dict_keys(['example_xcom_args', 'example_xcom_args_with_operators']) retrieved from /home/augenz/PycharmProjects/airflow/.env_airflow/lib/python3.9/site-packages/airflow/example_dags/example_xcomargs.py
[2022-08-29T12:39:36.554-0400] {logging_mixin.py:115} INFO - [2022-08-29T12:39:36.553-0400] {dag.py:2429} INFO - Sync 2 DAGs
[2022-08-29T12:39:36.579-0400] {logging_mixin.py:115} INFO - [2022-08-29T12:39:36.579-0400] {dag.py:2977} INFO - Setting next_dagrun for example_xcom_args to None, run_after=None
[2022-08-29T12:39:36.580-0400] {logging_mixin.py:115} INFO - [2022-08-29T12:39:36.580-0400] {dag.py:2977} INFO - Setting next_dagrun for example_xcom_args_with_operators to None, run_after=None
[2022-08-29T12:39:36.610-0400] {processor.py:161} INFO - Processing /home/augenz/PycharmProjects/airflow/.env_airflow/lib/python3.9/site-packages/airflow/example_dags/example_xcomargs.py took 0.608 seconds
[2022-08-29T12:40:06.817-0400] {processor.py:153} INFO - Started process (PID=919) to work on /home/augenz/PycharmProjects/airflow/.env_airflow/lib/python3.9/site-packages/airflow/example_dags/example_xcomargs.py
[2022-08-29T12:40:06.822-0400] {processor.py:640} INFO - Processing file /home/augenz/PycharmProjects/airflow/.env_airflow/lib/python3.9/site-packages/airflow/example_dags/example_xcomargs.py for tasks to queue
[2022-08-29T12:40:06.823-0400] {logging_mixin.py:115} INFO - [2022-08-29T12:40:06.823-0400] {dagbag.py:508} INFO - Filling up the DagBag from /home/augenz/PycharmProjects/airflow/.env_airflow/lib/python3.9/site-packages/airflow/example_dags/example_xcomargs.py
[2022-08-29T12:40:06.864-0400] {processor.py:650} INFO - DAG(s) dict_keys(['example_xcom_args', 'example_xcom_args_with_operators']) retrieved from /home/augenz/PycharmProjects/airflow/.env_airflow/lib/python3.9/site-packages/airflow/example_dags/example_xcomargs.py
[2022-08-29T12:40:07.528-0400] {logging_mixin.py:115} INFO - [2022-08-29T12:40:07.527-0400] {dag.py:2429} INFO - Sync 2 DAGs
[2022-08-29T12:40:07.554-0400] {logging_mixin.py:115} INFO - [2022-08-29T12:40:07.553-0400] {dag.py:2977} INFO - Setting next_dagrun for example_xcom_args to None, run_after=None
[2022-08-29T12:40:07.554-0400] {logging_mixin.py:115} INFO - [2022-08-29T12:40:07.554-0400] {dag.py:2977} INFO - Setting next_dagrun for example_xcom_args_with_operators to None, run_after=None
[2022-08-29T12:40:07.607-0400] {processor.py:161} INFO - Processing /home/augenz/PycharmProjects/airflow/.env_airflow/lib/python3.9/site-packages/airflow/example_dags/example_xcomargs.py took 0.796 seconds
[2022-08-29T12:40:38.128-0400] {processor.py:153} INFO - Started process (PID=954) to work on /home/augenz/PycharmProjects/airflow/.env_airflow/lib/python3.9/site-packages/airflow/example_dags/example_xcomargs.py
[2022-08-29T12:40:38.139-0400] {processor.py:640} INFO - Processing file /home/augenz/PycharmProjects/airflow/.env_airflow/lib/python3.9/site-packages/airflow/example_dags/example_xcomargs.py for tasks to queue
[2022-08-29T12:40:38.141-0400] {logging_mixin.py:115} INFO - [2022-08-29T12:40:38.140-0400] {dagbag.py:508} INFO - Filling up the DagBag from /home/augenz/PycharmProjects/airflow/.env_airflow/lib/python3.9/site-packages/airflow/example_dags/example_xcomargs.py
[2022-08-29T12:40:38.182-0400] {processor.py:650} INFO - DAG(s) dict_keys(['example_xcom_args', 'example_xcom_args_with_operators']) retrieved from /home/augenz/PycharmProjects/airflow/.env_airflow/lib/python3.9/site-packages/airflow/example_dags/example_xcomargs.py
[2022-08-29T12:40:38.723-0400] {logging_mixin.py:115} INFO - [2022-08-29T12:40:38.722-0400] {dag.py:2429} INFO - Sync 2 DAGs
[2022-08-29T12:40:38.752-0400] {logging_mixin.py:115} INFO - [2022-08-29T12:40:38.752-0400] {dag.py:2977} INFO - Setting next_dagrun for example_xcom_args to None, run_after=None
[2022-08-29T12:40:38.753-0400] {logging_mixin.py:115} INFO - [2022-08-29T12:40:38.752-0400] {dag.py:2977} INFO - Setting next_dagrun for example_xcom_args_with_operators to None, run_after=None
[2022-08-29T12:40:38.795-0400] {processor.py:161} INFO - Processing /home/augenz/PycharmProjects/airflow/.env_airflow/lib/python3.9/site-packages/airflow/example_dags/example_xcomargs.py took 0.671 seconds
[2022-08-29T12:41:09.372-0400] {processor.py:153} INFO - Started process (PID=988) to work on /home/augenz/PycharmProjects/airflow/.env_airflow/lib/python3.9/site-packages/airflow/example_dags/example_xcomargs.py
[2022-08-29T12:41:09.383-0400] {processor.py:640} INFO - Processing file /home/augenz/PycharmProjects/airflow/.env_airflow/lib/python3.9/site-packages/airflow/example_dags/example_xcomargs.py for tasks to queue
[2022-08-29T12:41:09.385-0400] {logging_mixin.py:115} INFO - [2022-08-29T12:41:09.385-0400] {dagbag.py:508} INFO - Filling up the DagBag from /home/augenz/PycharmProjects/airflow/.env_airflow/lib/python3.9/site-packages/airflow/example_dags/example_xcomargs.py
[2022-08-29T12:41:09.426-0400] {processor.py:650} INFO - DAG(s) dict_keys(['example_xcom_args', 'example_xcom_args_with_operators']) retrieved from /home/augenz/PycharmProjects/airflow/.env_airflow/lib/python3.9/site-packages/airflow/example_dags/example_xcomargs.py
[2022-08-29T12:41:09.891-0400] {logging_mixin.py:115} INFO - [2022-08-29T12:41:09.891-0400] {dag.py:2429} INFO - Sync 2 DAGs
[2022-08-29T12:41:09.918-0400] {logging_mixin.py:115} INFO - [2022-08-29T12:41:09.918-0400] {dag.py:2977} INFO - Setting next_dagrun for example_xcom_args to None, run_after=None
[2022-08-29T12:41:09.918-0400] {logging_mixin.py:115} INFO - [2022-08-29T12:41:09.918-0400] {dag.py:2977} INFO - Setting next_dagrun for example_xcom_args_with_operators to None, run_after=None
[2022-08-29T12:41:09.967-0400] {processor.py:161} INFO - Processing /home/augenz/PycharmProjects/airflow/.env_airflow/lib/python3.9/site-packages/airflow/example_dags/example_xcomargs.py took 0.599 seconds
[2022-08-29T12:41:40.373-0400] {processor.py:153} INFO - Started process (PID=1032) to work on /home/augenz/PycharmProjects/airflow/.env_airflow/lib/python3.9/site-packages/airflow/example_dags/example_xcomargs.py
[2022-08-29T12:41:40.378-0400] {processor.py:640} INFO - Processing file /home/augenz/PycharmProjects/airflow/.env_airflow/lib/python3.9/site-packages/airflow/example_dags/example_xcomargs.py for tasks to queue
[2022-08-29T12:41:40.379-0400] {logging_mixin.py:115} INFO - [2022-08-29T12:41:40.379-0400] {dagbag.py:508} INFO - Filling up the DagBag from /home/augenz/PycharmProjects/airflow/.env_airflow/lib/python3.9/site-packages/airflow/example_dags/example_xcomargs.py
[2022-08-29T12:41:40.408-0400] {processor.py:650} INFO - DAG(s) dict_keys(['example_xcom_args', 'example_xcom_args_with_operators']) retrieved from /home/augenz/PycharmProjects/airflow/.env_airflow/lib/python3.9/site-packages/airflow/example_dags/example_xcomargs.py
[2022-08-29T12:41:40.858-0400] {logging_mixin.py:115} INFO - [2022-08-29T12:41:40.858-0400] {dag.py:2429} INFO - Sync 2 DAGs
[2022-08-29T12:41:40.885-0400] {logging_mixin.py:115} INFO - [2022-08-29T12:41:40.885-0400] {dag.py:2977} INFO - Setting next_dagrun for example_xcom_args to None, run_after=None
[2022-08-29T12:41:40.885-0400] {logging_mixin.py:115} INFO - [2022-08-29T12:41:40.885-0400] {dag.py:2977} INFO - Setting next_dagrun for example_xcom_args_with_operators to None, run_after=None
[2022-08-29T12:41:40.937-0400] {processor.py:161} INFO - Processing /home/augenz/PycharmProjects/airflow/.env_airflow/lib/python3.9/site-packages/airflow/example_dags/example_xcomargs.py took 0.570 seconds
[2022-08-29T12:42:11.610-0400] {processor.py:153} INFO - Started process (PID=1066) to work on /home/augenz/PycharmProjects/airflow/.env_airflow/lib/python3.9/site-packages/airflow/example_dags/example_xcomargs.py
[2022-08-29T12:42:11.615-0400] {processor.py:640} INFO - Processing file /home/augenz/PycharmProjects/airflow/.env_airflow/lib/python3.9/site-packages/airflow/example_dags/example_xcomargs.py for tasks to queue
[2022-08-29T12:42:11.616-0400] {logging_mixin.py:115} INFO - [2022-08-29T12:42:11.616-0400] {dagbag.py:508} INFO - Filling up the DagBag from /home/augenz/PycharmProjects/airflow/.env_airflow/lib/python3.9/site-packages/airflow/example_dags/example_xcomargs.py
[2022-08-29T12:42:11.645-0400] {processor.py:650} INFO - DAG(s) dict_keys(['example_xcom_args', 'example_xcom_args_with_operators']) retrieved from /home/augenz/PycharmProjects/airflow/.env_airflow/lib/python3.9/site-packages/airflow/example_dags/example_xcomargs.py
[2022-08-29T12:42:12.301-0400] {logging_mixin.py:115} INFO - [2022-08-29T12:42:12.300-0400] {dag.py:2429} INFO - Sync 2 DAGs
[2022-08-29T12:42:12.325-0400] {logging_mixin.py:115} INFO - [2022-08-29T12:42:12.325-0400] {dag.py:2977} INFO - Setting next_dagrun for example_xcom_args to None, run_after=None
[2022-08-29T12:42:12.326-0400] {logging_mixin.py:115} INFO - [2022-08-29T12:42:12.325-0400] {dag.py:2977} INFO - Setting next_dagrun for example_xcom_args_with_operators to None, run_after=None
[2022-08-29T12:42:12.368-0400] {processor.py:161} INFO - Processing /home/augenz/PycharmProjects/airflow/.env_airflow/lib/python3.9/site-packages/airflow/example_dags/example_xcomargs.py took 0.764 seconds
[2022-08-29T12:42:42.509-0400] {processor.py:153} INFO - Started process (PID=1100) to work on /home/augenz/PycharmProjects/airflow/.env_airflow/lib/python3.9/site-packages/airflow/example_dags/example_xcomargs.py
[2022-08-29T12:42:42.521-0400] {processor.py:640} INFO - Processing file /home/augenz/PycharmProjects/airflow/.env_airflow/lib/python3.9/site-packages/airflow/example_dags/example_xcomargs.py for tasks to queue
[2022-08-29T12:42:42.522-0400] {logging_mixin.py:115} INFO - [2022-08-29T12:42:42.521-0400] {dagbag.py:508} INFO - Filling up the DagBag from /home/augenz/PycharmProjects/airflow/.env_airflow/lib/python3.9/site-packages/airflow/example_dags/example_xcomargs.py
[2022-08-29T12:42:42.551-0400] {processor.py:650} INFO - DAG(s) dict_keys(['example_xcom_args', 'example_xcom_args_with_operators']) retrieved from /home/augenz/PycharmProjects/airflow/.env_airflow/lib/python3.9/site-packages/airflow/example_dags/example_xcomargs.py
[2022-08-29T12:42:43.064-0400] {logging_mixin.py:115} INFO - [2022-08-29T12:42:43.064-0400] {dag.py:2429} INFO - Sync 2 DAGs
[2022-08-29T12:42:43.091-0400] {logging_mixin.py:115} INFO - [2022-08-29T12:42:43.091-0400] {dag.py:2977} INFO - Setting next_dagrun for example_xcom_args to None, run_after=None
[2022-08-29T12:42:43.092-0400] {logging_mixin.py:115} INFO - [2022-08-29T12:42:43.091-0400] {dag.py:2977} INFO - Setting next_dagrun for example_xcom_args_with_operators to None, run_after=None
[2022-08-29T12:42:43.139-0400] {processor.py:161} INFO - Processing /home/augenz/PycharmProjects/airflow/.env_airflow/lib/python3.9/site-packages/airflow/example_dags/example_xcomargs.py took 0.635 seconds
[2022-08-29T12:43:13.317-0400] {processor.py:153} INFO - Started process (PID=1135) to work on /home/augenz/PycharmProjects/airflow/.env_airflow/lib/python3.9/site-packages/airflow/example_dags/example_xcomargs.py
[2022-08-29T12:43:13.321-0400] {processor.py:640} INFO - Processing file /home/augenz/PycharmProjects/airflow/.env_airflow/lib/python3.9/site-packages/airflow/example_dags/example_xcomargs.py for tasks to queue
[2022-08-29T12:43:13.323-0400] {logging_mixin.py:115} INFO - [2022-08-29T12:43:13.322-0400] {dagbag.py:508} INFO - Filling up the DagBag from /home/augenz/PycharmProjects/airflow/.env_airflow/lib/python3.9/site-packages/airflow/example_dags/example_xcomargs.py
[2022-08-29T12:43:13.363-0400] {processor.py:650} INFO - DAG(s) dict_keys(['example_xcom_args', 'example_xcom_args_with_operators']) retrieved from /home/augenz/PycharmProjects/airflow/.env_airflow/lib/python3.9/site-packages/airflow/example_dags/example_xcomargs.py
[2022-08-29T12:43:13.894-0400] {logging_mixin.py:115} INFO - [2022-08-29T12:43:13.894-0400] {dag.py:2429} INFO - Sync 2 DAGs
[2022-08-29T12:43:13.921-0400] {logging_mixin.py:115} INFO - [2022-08-29T12:43:13.921-0400] {dag.py:2977} INFO - Setting next_dagrun for example_xcom_args to None, run_after=None
[2022-08-29T12:43:13.921-0400] {logging_mixin.py:115} INFO - [2022-08-29T12:43:13.921-0400] {dag.py:2977} INFO - Setting next_dagrun for example_xcom_args_with_operators to None, run_after=None
[2022-08-29T12:43:13.977-0400] {processor.py:161} INFO - Processing /home/augenz/PycharmProjects/airflow/.env_airflow/lib/python3.9/site-packages/airflow/example_dags/example_xcomargs.py took 0.665 seconds
[2022-08-29T12:43:44.397-0400] {processor.py:153} INFO - Started process (PID=1169) to work on /home/augenz/PycharmProjects/airflow/.env_airflow/lib/python3.9/site-packages/airflow/example_dags/example_xcomargs.py
[2022-08-29T12:43:44.401-0400] {processor.py:640} INFO - Processing file /home/augenz/PycharmProjects/airflow/.env_airflow/lib/python3.9/site-packages/airflow/example_dags/example_xcomargs.py for tasks to queue
[2022-08-29T12:43:44.403-0400] {logging_mixin.py:115} INFO - [2022-08-29T12:43:44.403-0400] {dagbag.py:508} INFO - Filling up the DagBag from /home/augenz/PycharmProjects/airflow/.env_airflow/lib/python3.9/site-packages/airflow/example_dags/example_xcomargs.py
[2022-08-29T12:43:44.439-0400] {processor.py:650} INFO - DAG(s) dict_keys(['example_xcom_args', 'example_xcom_args_with_operators']) retrieved from /home/augenz/PycharmProjects/airflow/.env_airflow/lib/python3.9/site-packages/airflow/example_dags/example_xcomargs.py
[2022-08-29T12:43:45.003-0400] {logging_mixin.py:115} INFO - [2022-08-29T12:43:45.002-0400] {dag.py:2429} INFO - Sync 2 DAGs
[2022-08-29T12:43:45.028-0400] {logging_mixin.py:115} INFO - [2022-08-29T12:43:45.027-0400] {dag.py:2977} INFO - Setting next_dagrun for example_xcom_args to None, run_after=None
[2022-08-29T12:43:45.028-0400] {logging_mixin.py:115} INFO - [2022-08-29T12:43:45.028-0400] {dag.py:2977} INFO - Setting next_dagrun for example_xcom_args_with_operators to None, run_after=None
[2022-08-29T12:43:45.072-0400] {processor.py:161} INFO - Processing /home/augenz/PycharmProjects/airflow/.env_airflow/lib/python3.9/site-packages/airflow/example_dags/example_xcomargs.py took 0.688 seconds
[2022-08-29T12:44:15.245-0400] {processor.py:153} INFO - Started process (PID=1203) to work on /home/augenz/PycharmProjects/airflow/.env_airflow/lib/python3.9/site-packages/airflow/example_dags/example_xcomargs.py
[2022-08-29T12:44:15.250-0400] {processor.py:640} INFO - Processing file /home/augenz/PycharmProjects/airflow/.env_airflow/lib/python3.9/site-packages/airflow/example_dags/example_xcomargs.py for tasks to queue
[2022-08-29T12:44:15.251-0400] {logging_mixin.py:115} INFO - [2022-08-29T12:44:15.251-0400] {dagbag.py:508} INFO - Filling up the DagBag from /home/augenz/PycharmProjects/airflow/.env_airflow/lib/python3.9/site-packages/airflow/example_dags/example_xcomargs.py
[2022-08-29T12:44:15.291-0400] {processor.py:650} INFO - DAG(s) dict_keys(['example_xcom_args', 'example_xcom_args_with_operators']) retrieved from /home/augenz/PycharmProjects/airflow/.env_airflow/lib/python3.9/site-packages/airflow/example_dags/example_xcomargs.py
[2022-08-29T12:44:15.905-0400] {logging_mixin.py:115} INFO - [2022-08-29T12:44:15.905-0400] {dag.py:2429} INFO - Sync 2 DAGs
[2022-08-29T12:44:15.932-0400] {logging_mixin.py:115} INFO - [2022-08-29T12:44:15.931-0400] {dag.py:2977} INFO - Setting next_dagrun for example_xcom_args to None, run_after=None
[2022-08-29T12:44:15.932-0400] {logging_mixin.py:115} INFO - [2022-08-29T12:44:15.932-0400] {dag.py:2977} INFO - Setting next_dagrun for example_xcom_args_with_operators to None, run_after=None
[2022-08-29T12:44:15.977-0400] {processor.py:161} INFO - Processing /home/augenz/PycharmProjects/airflow/.env_airflow/lib/python3.9/site-packages/airflow/example_dags/example_xcomargs.py took 0.737 seconds
[2022-08-29T12:44:46.255-0400] {processor.py:153} INFO - Started process (PID=1251) to work on /home/augenz/PycharmProjects/airflow/.env_airflow/lib/python3.9/site-packages/airflow/example_dags/example_xcomargs.py
[2022-08-29T12:44:46.261-0400] {processor.py:640} INFO - Processing file /home/augenz/PycharmProjects/airflow/.env_airflow/lib/python3.9/site-packages/airflow/example_dags/example_xcomargs.py for tasks to queue
[2022-08-29T12:44:46.262-0400] {logging_mixin.py:115} INFO - [2022-08-29T12:44:46.262-0400] {dagbag.py:508} INFO - Filling up the DagBag from /home/augenz/PycharmProjects/airflow/.env_airflow/lib/python3.9/site-packages/airflow/example_dags/example_xcomargs.py
[2022-08-29T12:44:46.289-0400] {processor.py:650} INFO - DAG(s) dict_keys(['example_xcom_args', 'example_xcom_args_with_operators']) retrieved from /home/augenz/PycharmProjects/airflow/.env_airflow/lib/python3.9/site-packages/airflow/example_dags/example_xcomargs.py
[2022-08-29T12:44:46.840-0400] {logging_mixin.py:115} INFO - [2022-08-29T12:44:46.840-0400] {dag.py:2429} INFO - Sync 2 DAGs
[2022-08-29T12:44:46.868-0400] {logging_mixin.py:115} INFO - [2022-08-29T12:44:46.868-0400] {dag.py:2977} INFO - Setting next_dagrun for example_xcom_args to None, run_after=None
[2022-08-29T12:44:46.869-0400] {logging_mixin.py:115} INFO - [2022-08-29T12:44:46.869-0400] {dag.py:2977} INFO - Setting next_dagrun for example_xcom_args_with_operators to None, run_after=None
[2022-08-29T12:44:46.907-0400] {processor.py:161} INFO - Processing /home/augenz/PycharmProjects/airflow/.env_airflow/lib/python3.9/site-packages/airflow/example_dags/example_xcomargs.py took 0.658 seconds
[2022-08-29T12:45:16.969-0400] {processor.py:153} INFO - Started process (PID=1285) to work on /home/augenz/PycharmProjects/airflow/.env_airflow/lib/python3.9/site-packages/airflow/example_dags/example_xcomargs.py
[2022-08-29T12:45:16.982-0400] {processor.py:640} INFO - Processing file /home/augenz/PycharmProjects/airflow/.env_airflow/lib/python3.9/site-packages/airflow/example_dags/example_xcomargs.py for tasks to queue
[2022-08-29T12:45:16.983-0400] {logging_mixin.py:115} INFO - [2022-08-29T12:45:16.983-0400] {dagbag.py:508} INFO - Filling up the DagBag from /home/augenz/PycharmProjects/airflow/.env_airflow/lib/python3.9/site-packages/airflow/example_dags/example_xcomargs.py
[2022-08-29T12:45:17.012-0400] {processor.py:650} INFO - DAG(s) dict_keys(['example_xcom_args', 'example_xcom_args_with_operators']) retrieved from /home/augenz/PycharmProjects/airflow/.env_airflow/lib/python3.9/site-packages/airflow/example_dags/example_xcomargs.py
[2022-08-29T12:45:17.519-0400] {logging_mixin.py:115} INFO - [2022-08-29T12:45:17.519-0400] {dag.py:2429} INFO - Sync 2 DAGs
[2022-08-29T12:45:17.553-0400] {logging_mixin.py:115} INFO - [2022-08-29T12:45:17.553-0400] {dag.py:2977} INFO - Setting next_dagrun for example_xcom_args to None, run_after=None
[2022-08-29T12:45:17.554-0400] {logging_mixin.py:115} INFO - [2022-08-29T12:45:17.554-0400] {dag.py:2977} INFO - Setting next_dagrun for example_xcom_args_with_operators to None, run_after=None
[2022-08-29T12:45:17.595-0400] {processor.py:161} INFO - Processing /home/augenz/PycharmProjects/airflow/.env_airflow/lib/python3.9/site-packages/airflow/example_dags/example_xcomargs.py took 0.631 seconds
[2022-08-29T12:45:47.943-0400] {processor.py:153} INFO - Started process (PID=1320) to work on /home/augenz/PycharmProjects/airflow/.env_airflow/lib/python3.9/site-packages/airflow/example_dags/example_xcomargs.py
[2022-08-29T12:45:47.948-0400] {processor.py:640} INFO - Processing file /home/augenz/PycharmProjects/airflow/.env_airflow/lib/python3.9/site-packages/airflow/example_dags/example_xcomargs.py for tasks to queue
[2022-08-29T12:45:47.948-0400] {logging_mixin.py:115} INFO - [2022-08-29T12:45:47.948-0400] {dagbag.py:508} INFO - Filling up the DagBag from /home/augenz/PycharmProjects/airflow/.env_airflow/lib/python3.9/site-packages/airflow/example_dags/example_xcomargs.py
[2022-08-29T12:45:47.984-0400] {processor.py:650} INFO - DAG(s) dict_keys(['example_xcom_args', 'example_xcom_args_with_operators']) retrieved from /home/augenz/PycharmProjects/airflow/.env_airflow/lib/python3.9/site-packages/airflow/example_dags/example_xcomargs.py
[2022-08-29T12:45:48.602-0400] {logging_mixin.py:115} INFO - [2022-08-29T12:45:48.602-0400] {dag.py:2429} INFO - Sync 2 DAGs
[2022-08-29T12:45:48.628-0400] {logging_mixin.py:115} INFO - [2022-08-29T12:45:48.628-0400] {dag.py:2977} INFO - Setting next_dagrun for example_xcom_args to None, run_after=None
[2022-08-29T12:45:48.629-0400] {logging_mixin.py:115} INFO - [2022-08-29T12:45:48.629-0400] {dag.py:2977} INFO - Setting next_dagrun for example_xcom_args_with_operators to None, run_after=None
[2022-08-29T12:45:48.690-0400] {processor.py:161} INFO - Processing /home/augenz/PycharmProjects/airflow/.env_airflow/lib/python3.9/site-packages/airflow/example_dags/example_xcomargs.py took 0.754 seconds
[2022-08-29T12:46:19.137-0400] {processor.py:153} INFO - Started process (PID=1354) to work on /home/augenz/PycharmProjects/airflow/.env_airflow/lib/python3.9/site-packages/airflow/example_dags/example_xcomargs.py
[2022-08-29T12:46:19.142-0400] {processor.py:640} INFO - Processing file /home/augenz/PycharmProjects/airflow/.env_airflow/lib/python3.9/site-packages/airflow/example_dags/example_xcomargs.py for tasks to queue
[2022-08-29T12:46:19.143-0400] {logging_mixin.py:115} INFO - [2022-08-29T12:46:19.142-0400] {dagbag.py:508} INFO - Filling up the DagBag from /home/augenz/PycharmProjects/airflow/.env_airflow/lib/python3.9/site-packages/airflow/example_dags/example_xcomargs.py
[2022-08-29T12:46:19.171-0400] {processor.py:650} INFO - DAG(s) dict_keys(['example_xcom_args', 'example_xcom_args_with_operators']) retrieved from /home/augenz/PycharmProjects/airflow/.env_airflow/lib/python3.9/site-packages/airflow/example_dags/example_xcomargs.py
[2022-08-29T12:46:19.636-0400] {logging_mixin.py:115} INFO - [2022-08-29T12:46:19.635-0400] {dag.py:2429} INFO - Sync 2 DAGs
[2022-08-29T12:46:19.662-0400] {logging_mixin.py:115} INFO - [2022-08-29T12:46:19.662-0400] {dag.py:2977} INFO - Setting next_dagrun for example_xcom_args to None, run_after=None
[2022-08-29T12:46:19.662-0400] {logging_mixin.py:115} INFO - [2022-08-29T12:46:19.662-0400] {dag.py:2977} INFO - Setting next_dagrun for example_xcom_args_with_operators to None, run_after=None
[2022-08-29T12:46:19.704-0400] {processor.py:161} INFO - Processing /home/augenz/PycharmProjects/airflow/.env_airflow/lib/python3.9/site-packages/airflow/example_dags/example_xcomargs.py took 0.571 seconds
[2022-08-29T12:46:50.094-0400] {processor.py:153} INFO - Started process (PID=1389) to work on /home/augenz/PycharmProjects/airflow/.env_airflow/lib/python3.9/site-packages/airflow/example_dags/example_xcomargs.py
[2022-08-29T12:46:50.107-0400] {processor.py:640} INFO - Processing file /home/augenz/PycharmProjects/airflow/.env_airflow/lib/python3.9/site-packages/airflow/example_dags/example_xcomargs.py for tasks to queue
[2022-08-29T12:46:50.109-0400] {logging_mixin.py:115} INFO - [2022-08-29T12:46:50.108-0400] {dagbag.py:508} INFO - Filling up the DagBag from /home/augenz/PycharmProjects/airflow/.env_airflow/lib/python3.9/site-packages/airflow/example_dags/example_xcomargs.py
[2022-08-29T12:46:50.143-0400] {processor.py:650} INFO - DAG(s) dict_keys(['example_xcom_args', 'example_xcom_args_with_operators']) retrieved from /home/augenz/PycharmProjects/airflow/.env_airflow/lib/python3.9/site-packages/airflow/example_dags/example_xcomargs.py
[2022-08-29T12:46:50.647-0400] {logging_mixin.py:115} INFO - [2022-08-29T12:46:50.646-0400] {dag.py:2429} INFO - Sync 2 DAGs
[2022-08-29T12:46:50.685-0400] {logging_mixin.py:115} INFO - [2022-08-29T12:46:50.685-0400] {dag.py:2977} INFO - Setting next_dagrun for example_xcom_args to None, run_after=None
[2022-08-29T12:46:50.686-0400] {logging_mixin.py:115} INFO - [2022-08-29T12:46:50.685-0400] {dag.py:2977} INFO - Setting next_dagrun for example_xcom_args_with_operators to None, run_after=None
[2022-08-29T12:46:50.727-0400] {processor.py:161} INFO - Processing /home/augenz/PycharmProjects/airflow/.env_airflow/lib/python3.9/site-packages/airflow/example_dags/example_xcomargs.py took 0.638 seconds
[2022-08-29T12:47:20.937-0400] {processor.py:153} INFO - Started process (PID=1423) to work on /home/augenz/PycharmProjects/airflow/.env_airflow/lib/python3.9/site-packages/airflow/example_dags/example_xcomargs.py
[2022-08-29T12:47:20.941-0400] {processor.py:640} INFO - Processing file /home/augenz/PycharmProjects/airflow/.env_airflow/lib/python3.9/site-packages/airflow/example_dags/example_xcomargs.py for tasks to queue
[2022-08-29T12:47:20.943-0400] {logging_mixin.py:115} INFO - [2022-08-29T12:47:20.942-0400] {dagbag.py:508} INFO - Filling up the DagBag from /home/augenz/PycharmProjects/airflow/.env_airflow/lib/python3.9/site-packages/airflow/example_dags/example_xcomargs.py
[2022-08-29T12:47:20.984-0400] {processor.py:650} INFO - DAG(s) dict_keys(['example_xcom_args', 'example_xcom_args_with_operators']) retrieved from /home/augenz/PycharmProjects/airflow/.env_airflow/lib/python3.9/site-packages/airflow/example_dags/example_xcomargs.py
[2022-08-29T12:47:21.601-0400] {logging_mixin.py:115} INFO - [2022-08-29T12:47:21.601-0400] {dag.py:2429} INFO - Sync 2 DAGs
[2022-08-29T12:47:21.628-0400] {logging_mixin.py:115} INFO - [2022-08-29T12:47:21.628-0400] {dag.py:2977} INFO - Setting next_dagrun for example_xcom_args to None, run_after=None
[2022-08-29T12:47:21.629-0400] {logging_mixin.py:115} INFO - [2022-08-29T12:47:21.629-0400] {dag.py:2977} INFO - Setting next_dagrun for example_xcom_args_with_operators to None, run_after=None
[2022-08-29T12:47:21.664-0400] {processor.py:161} INFO - Processing /home/augenz/PycharmProjects/airflow/.env_airflow/lib/python3.9/site-packages/airflow/example_dags/example_xcomargs.py took 0.733 seconds
[2022-08-29T12:47:52.245-0400] {processor.py:153} INFO - Started process (PID=1465) to work on /home/augenz/PycharmProjects/airflow/.env_airflow/lib/python3.9/site-packages/airflow/example_dags/example_xcomargs.py
[2022-08-29T12:47:52.250-0400] {processor.py:640} INFO - Processing file /home/augenz/PycharmProjects/airflow/.env_airflow/lib/python3.9/site-packages/airflow/example_dags/example_xcomargs.py for tasks to queue
[2022-08-29T12:47:52.251-0400] {logging_mixin.py:115} INFO - [2022-08-29T12:47:52.251-0400] {dagbag.py:508} INFO - Filling up the DagBag from /home/augenz/PycharmProjects/airflow/.env_airflow/lib/python3.9/site-packages/airflow/example_dags/example_xcomargs.py
[2022-08-29T12:47:52.278-0400] {processor.py:650} INFO - DAG(s) dict_keys(['example_xcom_args', 'example_xcom_args_with_operators']) retrieved from /home/augenz/PycharmProjects/airflow/.env_airflow/lib/python3.9/site-packages/airflow/example_dags/example_xcomargs.py
[2022-08-29T12:47:52.740-0400] {logging_mixin.py:115} INFO - [2022-08-29T12:47:52.739-0400] {dag.py:2429} INFO - Sync 2 DAGs
[2022-08-29T12:47:52.769-0400] {logging_mixin.py:115} INFO - [2022-08-29T12:47:52.769-0400] {dag.py:2977} INFO - Setting next_dagrun for example_xcom_args to None, run_after=None
[2022-08-29T12:47:52.769-0400] {logging_mixin.py:115} INFO - [2022-08-29T12:47:52.769-0400] {dag.py:2977} INFO - Setting next_dagrun for example_xcom_args_with_operators to None, run_after=None
[2022-08-29T12:47:52.804-0400] {processor.py:161} INFO - Processing /home/augenz/PycharmProjects/airflow/.env_airflow/lib/python3.9/site-packages/airflow/example_dags/example_xcomargs.py took 0.563 seconds
[2022-08-29T12:48:22.830-0400] {processor.py:153} INFO - Started process (PID=1499) to work on /home/augenz/PycharmProjects/airflow/.env_airflow/lib/python3.9/site-packages/airflow/example_dags/example_xcomargs.py
[2022-08-29T12:48:22.844-0400] {processor.py:640} INFO - Processing file /home/augenz/PycharmProjects/airflow/.env_airflow/lib/python3.9/site-packages/airflow/example_dags/example_xcomargs.py for tasks to queue
[2022-08-29T12:48:22.844-0400] {logging_mixin.py:115} INFO - [2022-08-29T12:48:22.844-0400] {dagbag.py:508} INFO - Filling up the DagBag from /home/augenz/PycharmProjects/airflow/.env_airflow/lib/python3.9/site-packages/airflow/example_dags/example_xcomargs.py
[2022-08-29T12:48:22.870-0400] {processor.py:650} INFO - DAG(s) dict_keys(['example_xcom_args', 'example_xcom_args_with_operators']) retrieved from /home/augenz/PycharmProjects/airflow/.env_airflow/lib/python3.9/site-packages/airflow/example_dags/example_xcomargs.py
[2022-08-29T12:48:23.372-0400] {logging_mixin.py:115} INFO - [2022-08-29T12:48:23.371-0400] {dag.py:2429} INFO - Sync 2 DAGs
[2022-08-29T12:48:23.397-0400] {logging_mixin.py:115} INFO - [2022-08-29T12:48:23.397-0400] {dag.py:2977} INFO - Setting next_dagrun for example_xcom_args to None, run_after=None
[2022-08-29T12:48:23.398-0400] {logging_mixin.py:115} INFO - [2022-08-29T12:48:23.398-0400] {dag.py:2977} INFO - Setting next_dagrun for example_xcom_args_with_operators to None, run_after=None
[2022-08-29T12:48:23.458-0400] {processor.py:161} INFO - Processing /home/augenz/PycharmProjects/airflow/.env_airflow/lib/python3.9/site-packages/airflow/example_dags/example_xcomargs.py took 0.632 seconds
[2022-08-29T12:48:54.059-0400] {processor.py:153} INFO - Started process (PID=1534) to work on /home/augenz/PycharmProjects/airflow/.env_airflow/lib/python3.9/site-packages/airflow/example_dags/example_xcomargs.py
[2022-08-29T12:48:54.062-0400] {processor.py:640} INFO - Processing file /home/augenz/PycharmProjects/airflow/.env_airflow/lib/python3.9/site-packages/airflow/example_dags/example_xcomargs.py for tasks to queue
[2022-08-29T12:48:54.063-0400] {logging_mixin.py:115} INFO - [2022-08-29T12:48:54.063-0400] {dagbag.py:508} INFO - Filling up the DagBag from /home/augenz/PycharmProjects/airflow/.env_airflow/lib/python3.9/site-packages/airflow/example_dags/example_xcomargs.py
[2022-08-29T12:48:54.092-0400] {processor.py:650} INFO - DAG(s) dict_keys(['example_xcom_args', 'example_xcom_args_with_operators']) retrieved from /home/augenz/PycharmProjects/airflow/.env_airflow/lib/python3.9/site-packages/airflow/example_dags/example_xcomargs.py
[2022-08-29T12:48:54.609-0400] {logging_mixin.py:115} INFO - [2022-08-29T12:48:54.608-0400] {dag.py:2429} INFO - Sync 2 DAGs
[2022-08-29T12:48:54.634-0400] {logging_mixin.py:115} INFO - [2022-08-29T12:48:54.633-0400] {dag.py:2977} INFO - Setting next_dagrun for example_xcom_args to None, run_after=None
[2022-08-29T12:48:54.634-0400] {logging_mixin.py:115} INFO - [2022-08-29T12:48:54.634-0400] {dag.py:2977} INFO - Setting next_dagrun for example_xcom_args_with_operators to None, run_after=None
[2022-08-29T12:48:54.690-0400] {processor.py:161} INFO - Processing /home/augenz/PycharmProjects/airflow/.env_airflow/lib/python3.9/site-packages/airflow/example_dags/example_xcomargs.py took 0.636 seconds
[2022-08-29T12:49:25.679-0400] {processor.py:153} INFO - Started process (PID=1577) to work on /home/augenz/PycharmProjects/airflow/.env_airflow/lib/python3.9/site-packages/airflow/example_dags/example_xcomargs.py
[2022-08-29T12:49:25.680-0400] {processor.py:640} INFO - Processing file /home/augenz/PycharmProjects/airflow/.env_airflow/lib/python3.9/site-packages/airflow/example_dags/example_xcomargs.py for tasks to queue
[2022-08-29T12:49:25.681-0400] {logging_mixin.py:115} INFO - [2022-08-29T12:49:25.681-0400] {dagbag.py:508} INFO - Filling up the DagBag from /home/augenz/PycharmProjects/airflow/.env_airflow/lib/python3.9/site-packages/airflow/example_dags/example_xcomargs.py
[2022-08-29T12:49:25.718-0400] {processor.py:650} INFO - DAG(s) dict_keys(['example_xcom_args', 'example_xcom_args_with_operators']) retrieved from /home/augenz/PycharmProjects/airflow/.env_airflow/lib/python3.9/site-packages/airflow/example_dags/example_xcomargs.py
[2022-08-29T12:49:26.701-0400] {logging_mixin.py:115} INFO - [2022-08-29T12:49:26.700-0400] {dag.py:2429} INFO - Sync 2 DAGs
[2022-08-29T12:49:26.750-0400] {logging_mixin.py:115} INFO - [2022-08-29T12:49:26.750-0400] {dag.py:2977} INFO - Setting next_dagrun for example_xcom_args to None, run_after=None
[2022-08-29T12:49:26.751-0400] {logging_mixin.py:115} INFO - [2022-08-29T12:49:26.751-0400] {dag.py:2977} INFO - Setting next_dagrun for example_xcom_args_with_operators to None, run_after=None
[2022-08-29T12:49:26.810-0400] {processor.py:161} INFO - Processing /home/augenz/PycharmProjects/airflow/.env_airflow/lib/python3.9/site-packages/airflow/example_dags/example_xcomargs.py took 1.136 seconds
[2022-08-29T12:49:57.067-0400] {processor.py:153} INFO - Started process (PID=1612) to work on /home/augenz/PycharmProjects/airflow/.env_airflow/lib/python3.9/site-packages/airflow/example_dags/example_xcomargs.py
[2022-08-29T12:49:57.070-0400] {processor.py:640} INFO - Processing file /home/augenz/PycharmProjects/airflow/.env_airflow/lib/python3.9/site-packages/airflow/example_dags/example_xcomargs.py for tasks to queue
[2022-08-29T12:49:57.071-0400] {logging_mixin.py:115} INFO - [2022-08-29T12:49:57.071-0400] {dagbag.py:508} INFO - Filling up the DagBag from /home/augenz/PycharmProjects/airflow/.env_airflow/lib/python3.9/site-packages/airflow/example_dags/example_xcomargs.py
[2022-08-29T12:49:57.099-0400] {processor.py:650} INFO - DAG(s) dict_keys(['example_xcom_args', 'example_xcom_args_with_operators']) retrieved from /home/augenz/PycharmProjects/airflow/.env_airflow/lib/python3.9/site-packages/airflow/example_dags/example_xcomargs.py
[2022-08-29T12:49:57.528-0400] {logging_mixin.py:115} INFO - [2022-08-29T12:49:57.527-0400] {dag.py:2429} INFO - Sync 2 DAGs
[2022-08-29T12:49:57.556-0400] {logging_mixin.py:115} INFO - [2022-08-29T12:49:57.555-0400] {dag.py:2977} INFO - Setting next_dagrun for example_xcom_args to None, run_after=None
[2022-08-29T12:49:57.556-0400] {logging_mixin.py:115} INFO - [2022-08-29T12:49:57.556-0400] {dag.py:2977} INFO - Setting next_dagrun for example_xcom_args_with_operators to None, run_after=None
[2022-08-29T12:49:57.590-0400] {processor.py:161} INFO - Processing /home/augenz/PycharmProjects/airflow/.env_airflow/lib/python3.9/site-packages/airflow/example_dags/example_xcomargs.py took 0.528 seconds
[2022-08-29T12:50:28.556-0400] {processor.py:153} INFO - Started process (PID=1651) to work on /home/augenz/PycharmProjects/airflow/.env_airflow/lib/python3.9/site-packages/airflow/example_dags/example_xcomargs.py
[2022-08-29T12:50:28.561-0400] {processor.py:640} INFO - Processing file /home/augenz/PycharmProjects/airflow/.env_airflow/lib/python3.9/site-packages/airflow/example_dags/example_xcomargs.py for tasks to queue
[2022-08-29T12:50:28.563-0400] {logging_mixin.py:115} INFO - [2022-08-29T12:50:28.562-0400] {dagbag.py:508} INFO - Filling up the DagBag from /home/augenz/PycharmProjects/airflow/.env_airflow/lib/python3.9/site-packages/airflow/example_dags/example_xcomargs.py
[2022-08-29T12:50:28.611-0400] {processor.py:650} INFO - DAG(s) dict_keys(['example_xcom_args', 'example_xcom_args_with_operators']) retrieved from /home/augenz/PycharmProjects/airflow/.env_airflow/lib/python3.9/site-packages/airflow/example_dags/example_xcomargs.py
[2022-08-29T12:50:29.185-0400] {logging_mixin.py:115} INFO - [2022-08-29T12:50:29.185-0400] {dag.py:2429} INFO - Sync 2 DAGs
[2022-08-29T12:50:29.215-0400] {logging_mixin.py:115} INFO - [2022-08-29T12:50:29.215-0400] {dag.py:2977} INFO - Setting next_dagrun for example_xcom_args to None, run_after=None
[2022-08-29T12:50:29.216-0400] {logging_mixin.py:115} INFO - [2022-08-29T12:50:29.215-0400] {dag.py:2977} INFO - Setting next_dagrun for example_xcom_args_with_operators to None, run_after=None
[2022-08-29T12:50:29.271-0400] {processor.py:161} INFO - Processing /home/augenz/PycharmProjects/airflow/.env_airflow/lib/python3.9/site-packages/airflow/example_dags/example_xcomargs.py took 0.723 seconds
[2022-08-29T12:51:00.286-0400] {processor.py:153} INFO - Started process (PID=1685) to work on /home/augenz/PycharmProjects/airflow/.env_airflow/lib/python3.9/site-packages/airflow/example_dags/example_xcomargs.py
[2022-08-29T12:51:00.313-0400] {processor.py:640} INFO - Processing file /home/augenz/PycharmProjects/airflow/.env_airflow/lib/python3.9/site-packages/airflow/example_dags/example_xcomargs.py for tasks to queue
[2022-08-29T12:51:00.315-0400] {logging_mixin.py:115} INFO - [2022-08-29T12:51:00.314-0400] {dagbag.py:508} INFO - Filling up the DagBag from /home/augenz/PycharmProjects/airflow/.env_airflow/lib/python3.9/site-packages/airflow/example_dags/example_xcomargs.py
[2022-08-29T12:51:00.344-0400] {processor.py:650} INFO - DAG(s) dict_keys(['example_xcom_args', 'example_xcom_args_with_operators']) retrieved from /home/augenz/PycharmProjects/airflow/.env_airflow/lib/python3.9/site-packages/airflow/example_dags/example_xcomargs.py
[2022-08-29T12:51:00.825-0400] {logging_mixin.py:115} INFO - [2022-08-29T12:51:00.824-0400] {dag.py:2429} INFO - Sync 2 DAGs
[2022-08-29T12:51:00.852-0400] {logging_mixin.py:115} INFO - [2022-08-29T12:51:00.852-0400] {dag.py:2977} INFO - Setting next_dagrun for example_xcom_args to None, run_after=None
[2022-08-29T12:51:00.852-0400] {logging_mixin.py:115} INFO - [2022-08-29T12:51:00.852-0400] {dag.py:2977} INFO - Setting next_dagrun for example_xcom_args_with_operators to None, run_after=None
[2022-08-29T12:51:00.907-0400] {processor.py:161} INFO - Processing /home/augenz/PycharmProjects/airflow/.env_airflow/lib/python3.9/site-packages/airflow/example_dags/example_xcomargs.py took 0.626 seconds
[2022-08-29T12:51:31.976-0400] {processor.py:153} INFO - Started process (PID=1723) to work on /home/augenz/PycharmProjects/airflow/.env_airflow/lib/python3.9/site-packages/airflow/example_dags/example_xcomargs.py
[2022-08-29T12:51:31.982-0400] {processor.py:640} INFO - Processing file /home/augenz/PycharmProjects/airflow/.env_airflow/lib/python3.9/site-packages/airflow/example_dags/example_xcomargs.py for tasks to queue
[2022-08-29T12:51:31.984-0400] {logging_mixin.py:115} INFO - [2022-08-29T12:51:31.983-0400] {dagbag.py:508} INFO - Filling up the DagBag from /home/augenz/PycharmProjects/airflow/.env_airflow/lib/python3.9/site-packages/airflow/example_dags/example_xcomargs.py
[2022-08-29T12:51:32.036-0400] {processor.py:650} INFO - DAG(s) dict_keys(['example_xcom_args', 'example_xcom_args_with_operators']) retrieved from /home/augenz/PycharmProjects/airflow/.env_airflow/lib/python3.9/site-packages/airflow/example_dags/example_xcomargs.py
[2022-08-29T12:51:32.742-0400] {logging_mixin.py:115} INFO - [2022-08-29T12:51:32.742-0400] {dag.py:2429} INFO - Sync 2 DAGs
[2022-08-29T12:51:32.770-0400] {logging_mixin.py:115} INFO - [2022-08-29T12:51:32.770-0400] {dag.py:2977} INFO - Setting next_dagrun for example_xcom_args to None, run_after=None
[2022-08-29T12:51:32.771-0400] {logging_mixin.py:115} INFO - [2022-08-29T12:51:32.771-0400] {dag.py:2977} INFO - Setting next_dagrun for example_xcom_args_with_operators to None, run_after=None
[2022-08-29T12:51:32.831-0400] {processor.py:161} INFO - Processing /home/augenz/PycharmProjects/airflow/.env_airflow/lib/python3.9/site-packages/airflow/example_dags/example_xcomargs.py took 0.865 seconds
[2022-08-29T12:52:03.677-0400] {processor.py:153} INFO - Started process (PID=1758) to work on /home/augenz/PycharmProjects/airflow/.env_airflow/lib/python3.9/site-packages/airflow/example_dags/example_xcomargs.py
[2022-08-29T12:52:03.686-0400] {processor.py:640} INFO - Processing file /home/augenz/PycharmProjects/airflow/.env_airflow/lib/python3.9/site-packages/airflow/example_dags/example_xcomargs.py for tasks to queue
[2022-08-29T12:52:03.687-0400] {logging_mixin.py:115} INFO - [2022-08-29T12:52:03.687-0400] {dagbag.py:508} INFO - Filling up the DagBag from /home/augenz/PycharmProjects/airflow/.env_airflow/lib/python3.9/site-packages/airflow/example_dags/example_xcomargs.py
[2022-08-29T12:52:03.720-0400] {processor.py:650} INFO - DAG(s) dict_keys(['example_xcom_args', 'example_xcom_args_with_operators']) retrieved from /home/augenz/PycharmProjects/airflow/.env_airflow/lib/python3.9/site-packages/airflow/example_dags/example_xcomargs.py
[2022-08-29T12:52:04.188-0400] {logging_mixin.py:115} INFO - [2022-08-29T12:52:04.187-0400] {dag.py:2429} INFO - Sync 2 DAGs
[2022-08-29T12:52:04.215-0400] {logging_mixin.py:115} INFO - [2022-08-29T12:52:04.215-0400] {dag.py:2977} INFO - Setting next_dagrun for example_xcom_args to None, run_after=None
[2022-08-29T12:52:04.216-0400] {logging_mixin.py:115} INFO - [2022-08-29T12:52:04.215-0400] {dag.py:2977} INFO - Setting next_dagrun for example_xcom_args_with_operators to None, run_after=None
[2022-08-29T12:52:04.260-0400] {processor.py:161} INFO - Processing /home/augenz/PycharmProjects/airflow/.env_airflow/lib/python3.9/site-packages/airflow/example_dags/example_xcomargs.py took 0.589 seconds
[2022-08-29T12:52:34.725-0400] {processor.py:153} INFO - Started process (PID=1792) to work on /home/augenz/PycharmProjects/airflow/.env_airflow/lib/python3.9/site-packages/airflow/example_dags/example_xcomargs.py
[2022-08-29T12:52:34.727-0400] {processor.py:640} INFO - Processing file /home/augenz/PycharmProjects/airflow/.env_airflow/lib/python3.9/site-packages/airflow/example_dags/example_xcomargs.py for tasks to queue
[2022-08-29T12:52:34.728-0400] {logging_mixin.py:115} INFO - [2022-08-29T12:52:34.727-0400] {dagbag.py:508} INFO - Filling up the DagBag from /home/augenz/PycharmProjects/airflow/.env_airflow/lib/python3.9/site-packages/airflow/example_dags/example_xcomargs.py
[2022-08-29T12:52:34.755-0400] {processor.py:650} INFO - DAG(s) dict_keys(['example_xcom_args', 'example_xcom_args_with_operators']) retrieved from /home/augenz/PycharmProjects/airflow/.env_airflow/lib/python3.9/site-packages/airflow/example_dags/example_xcomargs.py
[2022-08-29T12:52:35.222-0400] {logging_mixin.py:115} INFO - [2022-08-29T12:52:35.222-0400] {dag.py:2429} INFO - Sync 2 DAGs
[2022-08-29T12:52:35.250-0400] {logging_mixin.py:115} INFO - [2022-08-29T12:52:35.250-0400] {dag.py:2977} INFO - Setting next_dagrun for example_xcom_args to None, run_after=None
[2022-08-29T12:52:35.251-0400] {logging_mixin.py:115} INFO - [2022-08-29T12:52:35.251-0400] {dag.py:2977} INFO - Setting next_dagrun for example_xcom_args_with_operators to None, run_after=None
[2022-08-29T12:52:35.315-0400] {processor.py:161} INFO - Processing /home/augenz/PycharmProjects/airflow/.env_airflow/lib/python3.9/site-packages/airflow/example_dags/example_xcomargs.py took 0.594 seconds
[2022-08-29T12:53:05.737-0400] {processor.py:153} INFO - Started process (PID=1829) to work on /home/augenz/PycharmProjects/airflow/.env_airflow/lib/python3.9/site-packages/airflow/example_dags/example_xcomargs.py
[2022-08-29T12:53:05.738-0400] {processor.py:640} INFO - Processing file /home/augenz/PycharmProjects/airflow/.env_airflow/lib/python3.9/site-packages/airflow/example_dags/example_xcomargs.py for tasks to queue
[2022-08-29T12:53:05.739-0400] {logging_mixin.py:115} INFO - [2022-08-29T12:53:05.739-0400] {dagbag.py:508} INFO - Filling up the DagBag from /home/augenz/PycharmProjects/airflow/.env_airflow/lib/python3.9/site-packages/airflow/example_dags/example_xcomargs.py
[2022-08-29T12:53:05.775-0400] {processor.py:650} INFO - DAG(s) dict_keys(['example_xcom_args', 'example_xcom_args_with_operators']) retrieved from /home/augenz/PycharmProjects/airflow/.env_airflow/lib/python3.9/site-packages/airflow/example_dags/example_xcomargs.py
[2022-08-29T12:53:06.251-0400] {logging_mixin.py:115} INFO - [2022-08-29T12:53:06.251-0400] {dag.py:2429} INFO - Sync 2 DAGs
[2022-08-29T12:53:06.278-0400] {logging_mixin.py:115} INFO - [2022-08-29T12:53:06.278-0400] {dag.py:2977} INFO - Setting next_dagrun for example_xcom_args to None, run_after=None
[2022-08-29T12:53:06.279-0400] {logging_mixin.py:115} INFO - [2022-08-29T12:53:06.279-0400] {dag.py:2977} INFO - Setting next_dagrun for example_xcom_args_with_operators to None, run_after=None
[2022-08-29T12:53:06.336-0400] {processor.py:161} INFO - Processing /home/augenz/PycharmProjects/airflow/.env_airflow/lib/python3.9/site-packages/airflow/example_dags/example_xcomargs.py took 0.606 seconds
[2022-08-29T12:53:36.533-0400] {processor.py:153} INFO - Started process (PID=1863) to work on /home/augenz/PycharmProjects/airflow/.env_airflow/lib/python3.9/site-packages/airflow/example_dags/example_xcomargs.py
[2022-08-29T12:53:36.535-0400] {processor.py:640} INFO - Processing file /home/augenz/PycharmProjects/airflow/.env_airflow/lib/python3.9/site-packages/airflow/example_dags/example_xcomargs.py for tasks to queue
[2022-08-29T12:53:36.536-0400] {logging_mixin.py:115} INFO - [2022-08-29T12:53:36.536-0400] {dagbag.py:508} INFO - Filling up the DagBag from /home/augenz/PycharmProjects/airflow/.env_airflow/lib/python3.9/site-packages/airflow/example_dags/example_xcomargs.py
[2022-08-29T12:53:36.570-0400] {processor.py:650} INFO - DAG(s) dict_keys(['example_xcom_args', 'example_xcom_args_with_operators']) retrieved from /home/augenz/PycharmProjects/airflow/.env_airflow/lib/python3.9/site-packages/airflow/example_dags/example_xcomargs.py
[2022-08-29T12:53:37.121-0400] {logging_mixin.py:115} INFO - [2022-08-29T12:53:37.120-0400] {dag.py:2429} INFO - Sync 2 DAGs
[2022-08-29T12:53:37.146-0400] {logging_mixin.py:115} INFO - [2022-08-29T12:53:37.146-0400] {dag.py:2977} INFO - Setting next_dagrun for example_xcom_args to None, run_after=None
[2022-08-29T12:53:37.146-0400] {logging_mixin.py:115} INFO - [2022-08-29T12:53:37.146-0400] {dag.py:2977} INFO - Setting next_dagrun for example_xcom_args_with_operators to None, run_after=None
[2022-08-29T12:53:37.192-0400] {processor.py:161} INFO - Processing /home/augenz/PycharmProjects/airflow/.env_airflow/lib/python3.9/site-packages/airflow/example_dags/example_xcomargs.py took 0.664 seconds
