[2022-08-29T12:33:19.422-0400] {processor.py:153} INFO - Started process (PID=395) to work on /home/augenz/PycharmProjects/airflow/.env_airflow/lib/python3.9/site-packages/airflow/example_dags/example_bash_operator.py
[2022-08-29T12:33:19.424-0400] {processor.py:640} INFO - Processing file /home/augenz/PycharmProjects/airflow/.env_airflow/lib/python3.9/site-packages/airflow/example_dags/example_bash_operator.py for tasks to queue
[2022-08-29T12:33:19.425-0400] {logging_mixin.py:115} INFO - [2022-08-29T12:33:19.425-0400] {dagbag.py:508} INFO - Filling up the DagBag from /home/augenz/PycharmProjects/airflow/.env_airflow/lib/python3.9/site-packages/airflow/example_dags/example_bash_operator.py
[2022-08-29T12:33:19.443-0400] {processor.py:650} INFO - DAG(s) dict_keys(['example_bash_operator']) retrieved from /home/augenz/PycharmProjects/airflow/.env_airflow/lib/python3.9/site-packages/airflow/example_dags/example_bash_operator.py
[2022-08-29T12:33:19.640-0400] {logging_mixin.py:115} INFO - [2022-08-29T12:33:19.640-0400] {manager.py:508} INFO - Created Permission View: can delete on DAG:example_bash_operator
[2022-08-29T12:33:19.690-0400] {logging_mixin.py:115} INFO - [2022-08-29T12:33:19.690-0400] {manager.py:508} INFO - Created Permission View: can read on DAG:example_bash_operator
[2022-08-29T12:33:19.741-0400] {logging_mixin.py:115} INFO - [2022-08-29T12:33:19.740-0400] {manager.py:508} INFO - Created Permission View: can edit on DAG:example_bash_operator
[2022-08-29T12:33:19.743-0400] {logging_mixin.py:115} INFO - [2022-08-29T12:33:19.742-0400] {dag.py:2429} INFO - Sync 1 DAGs
[2022-08-29T12:33:19.767-0400] {logging_mixin.py:115} INFO - [2022-08-29T12:33:19.766-0400] {dag.py:2448} INFO - Creating ORM DAG for example_bash_operator
[2022-08-29T12:33:19.805-0400] {logging_mixin.py:115} INFO - [2022-08-29T12:33:19.805-0400] {dag.py:2977} INFO - Setting next_dagrun for example_bash_operator to 2022-08-28T00:00:00+00:00, run_after=2022-08-29T00:00:00+00:00
[2022-08-29T12:33:19.855-0400] {processor.py:161} INFO - Processing /home/augenz/PycharmProjects/airflow/.env_airflow/lib/python3.9/site-packages/airflow/example_dags/example_bash_operator.py took 0.442 seconds
[2022-08-29T12:33:50.632-0400] {processor.py:153} INFO - Started process (PID=435) to work on /home/augenz/PycharmProjects/airflow/.env_airflow/lib/python3.9/site-packages/airflow/example_dags/example_bash_operator.py
[2022-08-29T12:33:50.649-0400] {processor.py:640} INFO - Processing file /home/augenz/PycharmProjects/airflow/.env_airflow/lib/python3.9/site-packages/airflow/example_dags/example_bash_operator.py for tasks to queue
[2022-08-29T12:33:50.650-0400] {logging_mixin.py:115} INFO - [2022-08-29T12:33:50.650-0400] {dagbag.py:508} INFO - Filling up the DagBag from /home/augenz/PycharmProjects/airflow/.env_airflow/lib/python3.9/site-packages/airflow/example_dags/example_bash_operator.py
[2022-08-29T12:33:50.677-0400] {processor.py:650} INFO - DAG(s) dict_keys(['example_bash_operator']) retrieved from /home/augenz/PycharmProjects/airflow/.env_airflow/lib/python3.9/site-packages/airflow/example_dags/example_bash_operator.py
[2022-08-29T12:33:50.752-0400] {logging_mixin.py:115} INFO - [2022-08-29T12:33:50.752-0400] {dag.py:2429} INFO - Sync 1 DAGs
[2022-08-29T12:33:50.793-0400] {logging_mixin.py:115} INFO - [2022-08-29T12:33:50.792-0400] {dag.py:2977} INFO - Setting next_dagrun for example_bash_operator to 2022-08-28T00:00:00+00:00, run_after=2022-08-29T00:00:00+00:00
[2022-08-29T12:33:50.834-0400] {processor.py:161} INFO - Processing /home/augenz/PycharmProjects/airflow/.env_airflow/lib/python3.9/site-packages/airflow/example_dags/example_bash_operator.py took 0.208 seconds
[2022-08-29T12:34:21.398-0400] {processor.py:153} INFO - Started process (PID=470) to work on /home/augenz/PycharmProjects/airflow/.env_airflow/lib/python3.9/site-packages/airflow/example_dags/example_bash_operator.py
[2022-08-29T12:34:21.403-0400] {processor.py:640} INFO - Processing file /home/augenz/PycharmProjects/airflow/.env_airflow/lib/python3.9/site-packages/airflow/example_dags/example_bash_operator.py for tasks to queue
[2022-08-29T12:34:21.404-0400] {logging_mixin.py:115} INFO - [2022-08-29T12:34:21.404-0400] {dagbag.py:508} INFO - Filling up the DagBag from /home/augenz/PycharmProjects/airflow/.env_airflow/lib/python3.9/site-packages/airflow/example_dags/example_bash_operator.py
[2022-08-29T12:34:21.428-0400] {processor.py:650} INFO - DAG(s) dict_keys(['example_bash_operator']) retrieved from /home/augenz/PycharmProjects/airflow/.env_airflow/lib/python3.9/site-packages/airflow/example_dags/example_bash_operator.py
[2022-08-29T12:34:21.499-0400] {logging_mixin.py:115} INFO - [2022-08-29T12:34:21.499-0400] {dag.py:2429} INFO - Sync 1 DAGs
[2022-08-29T12:34:21.541-0400] {logging_mixin.py:115} INFO - [2022-08-29T12:34:21.541-0400] {dag.py:2977} INFO - Setting next_dagrun for example_bash_operator to 2022-08-28T00:00:00+00:00, run_after=2022-08-29T00:00:00+00:00
[2022-08-29T12:34:21.601-0400] {processor.py:161} INFO - Processing /home/augenz/PycharmProjects/airflow/.env_airflow/lib/python3.9/site-packages/airflow/example_dags/example_bash_operator.py took 0.210 seconds
[2022-08-29T12:34:51.842-0400] {processor.py:153} INFO - Started process (PID=506) to work on /home/augenz/PycharmProjects/airflow/.env_airflow/lib/python3.9/site-packages/airflow/example_dags/example_bash_operator.py
[2022-08-29T12:34:51.844-0400] {processor.py:640} INFO - Processing file /home/augenz/PycharmProjects/airflow/.env_airflow/lib/python3.9/site-packages/airflow/example_dags/example_bash_operator.py for tasks to queue
[2022-08-29T12:34:51.846-0400] {logging_mixin.py:115} INFO - [2022-08-29T12:34:51.845-0400] {dagbag.py:508} INFO - Filling up the DagBag from /home/augenz/PycharmProjects/airflow/.env_airflow/lib/python3.9/site-packages/airflow/example_dags/example_bash_operator.py
[2022-08-29T12:34:51.877-0400] {processor.py:650} INFO - DAG(s) dict_keys(['example_bash_operator']) retrieved from /home/augenz/PycharmProjects/airflow/.env_airflow/lib/python3.9/site-packages/airflow/example_dags/example_bash_operator.py
[2022-08-29T12:34:51.988-0400] {logging_mixin.py:115} INFO - [2022-08-29T12:34:51.987-0400] {dag.py:2429} INFO - Sync 1 DAGs
[2022-08-29T12:34:52.105-0400] {logging_mixin.py:115} INFO - [2022-08-29T12:34:52.105-0400] {dag.py:2977} INFO - Setting next_dagrun for example_bash_operator to 2022-08-28T00:00:00+00:00, run_after=2022-08-29T00:00:00+00:00
[2022-08-29T12:34:52.164-0400] {processor.py:161} INFO - Processing /home/augenz/PycharmProjects/airflow/.env_airflow/lib/python3.9/site-packages/airflow/example_dags/example_bash_operator.py took 0.334 seconds
[2022-08-29T12:35:22.451-0400] {processor.py:153} INFO - Started process (PID=562) to work on /home/augenz/PycharmProjects/airflow/.env_airflow/lib/python3.9/site-packages/airflow/example_dags/example_bash_operator.py
[2022-08-29T12:35:22.453-0400] {processor.py:640} INFO - Processing file /home/augenz/PycharmProjects/airflow/.env_airflow/lib/python3.9/site-packages/airflow/example_dags/example_bash_operator.py for tasks to queue
[2022-08-29T12:35:22.454-0400] {logging_mixin.py:115} INFO - [2022-08-29T12:35:22.454-0400] {dagbag.py:508} INFO - Filling up the DagBag from /home/augenz/PycharmProjects/airflow/.env_airflow/lib/python3.9/site-packages/airflow/example_dags/example_bash_operator.py
[2022-08-29T12:35:22.476-0400] {processor.py:650} INFO - DAG(s) dict_keys(['example_bash_operator']) retrieved from /home/augenz/PycharmProjects/airflow/.env_airflow/lib/python3.9/site-packages/airflow/example_dags/example_bash_operator.py
[2022-08-29T12:35:22.547-0400] {logging_mixin.py:115} INFO - [2022-08-29T12:35:22.547-0400] {dag.py:2429} INFO - Sync 1 DAGs
[2022-08-29T12:35:22.583-0400] {logging_mixin.py:115} INFO - [2022-08-29T12:35:22.583-0400] {dag.py:2977} INFO - Setting next_dagrun for example_bash_operator to 2022-08-29T00:00:00+00:00, run_after=2022-08-30T00:00:00+00:00
[2022-08-29T12:35:22.625-0400] {processor.py:161} INFO - Processing /home/augenz/PycharmProjects/airflow/.env_airflow/lib/python3.9/site-packages/airflow/example_dags/example_bash_operator.py took 0.179 seconds
[2022-08-29T12:35:56.970-0400] {processor.py:153} INFO - Started process (PID=605) to work on /home/augenz/PycharmProjects/airflow/.env_airflow/lib/python3.9/site-packages/airflow/example_dags/example_bash_operator.py
[2022-08-29T12:35:56.990-0400] {processor.py:640} INFO - Processing file /home/augenz/PycharmProjects/airflow/.env_airflow/lib/python3.9/site-packages/airflow/example_dags/example_bash_operator.py for tasks to queue
[2022-08-29T12:35:56.991-0400] {logging_mixin.py:115} INFO - [2022-08-29T12:35:56.991-0400] {dagbag.py:508} INFO - Filling up the DagBag from /home/augenz/PycharmProjects/airflow/.env_airflow/lib/python3.9/site-packages/airflow/example_dags/example_bash_operator.py
[2022-08-29T12:35:57.011-0400] {processor.py:650} INFO - DAG(s) dict_keys(['example_bash_operator']) retrieved from /home/augenz/PycharmProjects/airflow/.env_airflow/lib/python3.9/site-packages/airflow/example_dags/example_bash_operator.py
[2022-08-29T12:35:57.516-0400] {logging_mixin.py:115} INFO - [2022-08-29T12:35:57.515-0400] {dag.py:2429} INFO - Sync 1 DAGs
[2022-08-29T12:35:57.549-0400] {logging_mixin.py:115} INFO - [2022-08-29T12:35:57.549-0400] {dag.py:2977} INFO - Setting next_dagrun for example_bash_operator to 2022-08-29T00:00:00+00:00, run_after=2022-08-30T00:00:00+00:00
[2022-08-29T12:35:57.577-0400] {processor.py:161} INFO - Processing /home/augenz/PycharmProjects/airflow/.env_airflow/lib/python3.9/site-packages/airflow/example_dags/example_bash_operator.py took 0.612 seconds
[2022-08-29T12:36:28.251-0400] {processor.py:153} INFO - Started process (PID=639) to work on /home/augenz/PycharmProjects/airflow/.env_airflow/lib/python3.9/site-packages/airflow/example_dags/example_bash_operator.py
[2022-08-29T12:36:28.252-0400] {processor.py:640} INFO - Processing file /home/augenz/PycharmProjects/airflow/.env_airflow/lib/python3.9/site-packages/airflow/example_dags/example_bash_operator.py for tasks to queue
[2022-08-29T12:36:28.253-0400] {logging_mixin.py:115} INFO - [2022-08-29T12:36:28.252-0400] {dagbag.py:508} INFO - Filling up the DagBag from /home/augenz/PycharmProjects/airflow/.env_airflow/lib/python3.9/site-packages/airflow/example_dags/example_bash_operator.py
[2022-08-29T12:36:28.268-0400] {processor.py:650} INFO - DAG(s) dict_keys(['example_bash_operator']) retrieved from /home/augenz/PycharmProjects/airflow/.env_airflow/lib/python3.9/site-packages/airflow/example_dags/example_bash_operator.py
[2022-08-29T12:36:28.798-0400] {logging_mixin.py:115} INFO - [2022-08-29T12:36:28.797-0400] {dag.py:2429} INFO - Sync 1 DAGs
[2022-08-29T12:36:28.842-0400] {logging_mixin.py:115} INFO - [2022-08-29T12:36:28.842-0400] {dag.py:2977} INFO - Setting next_dagrun for example_bash_operator to 2022-08-29T00:00:00+00:00, run_after=2022-08-30T00:00:00+00:00
[2022-08-29T12:36:28.881-0400] {processor.py:161} INFO - Processing /home/augenz/PycharmProjects/airflow/.env_airflow/lib/python3.9/site-packages/airflow/example_dags/example_bash_operator.py took 0.634 seconds
[2022-08-29T12:37:05.777-0400] {processor.py:153} INFO - Started process (PID=691) to work on /home/augenz/PycharmProjects/airflow/.env_airflow/lib/python3.9/site-packages/airflow/example_dags/example_bash_operator.py
[2022-08-29T12:37:05.782-0400] {processor.py:640} INFO - Processing file /home/augenz/PycharmProjects/airflow/.env_airflow/lib/python3.9/site-packages/airflow/example_dags/example_bash_operator.py for tasks to queue
[2022-08-29T12:37:05.783-0400] {logging_mixin.py:115} INFO - [2022-08-29T12:37:05.783-0400] {dagbag.py:508} INFO - Filling up the DagBag from /home/augenz/PycharmProjects/airflow/.env_airflow/lib/python3.9/site-packages/airflow/example_dags/example_bash_operator.py
[2022-08-29T12:37:05.826-0400] {processor.py:650} INFO - DAG(s) dict_keys(['example_bash_operator']) retrieved from /home/augenz/PycharmProjects/airflow/.env_airflow/lib/python3.9/site-packages/airflow/example_dags/example_bash_operator.py
[2022-08-29T12:37:06.786-0400] {logging_mixin.py:115} INFO - [2022-08-29T12:37:06.785-0400] {dag.py:2429} INFO - Sync 1 DAGs
[2022-08-29T12:37:06.853-0400] {logging_mixin.py:115} INFO - [2022-08-29T12:37:06.853-0400] {dag.py:2977} INFO - Setting next_dagrun for example_bash_operator to 2022-08-29T00:00:00+00:00, run_after=2022-08-30T00:00:00+00:00
[2022-08-29T12:37:06.962-0400] {processor.py:161} INFO - Processing /home/augenz/PycharmProjects/airflow/.env_airflow/lib/python3.9/site-packages/airflow/example_dags/example_bash_operator.py took 1.203 seconds
[2022-08-29T12:37:44.879-0400] {processor.py:153} INFO - Started process (PID=734) to work on /home/augenz/PycharmProjects/airflow/.env_airflow/lib/python3.9/site-packages/airflow/example_dags/example_bash_operator.py
[2022-08-29T12:37:44.906-0400] {processor.py:640} INFO - Processing file /home/augenz/PycharmProjects/airflow/.env_airflow/lib/python3.9/site-packages/airflow/example_dags/example_bash_operator.py for tasks to queue
[2022-08-29T12:37:44.908-0400] {logging_mixin.py:115} INFO - [2022-08-29T12:37:44.907-0400] {dagbag.py:508} INFO - Filling up the DagBag from /home/augenz/PycharmProjects/airflow/.env_airflow/lib/python3.9/site-packages/airflow/example_dags/example_bash_operator.py
[2022-08-29T12:37:45.006-0400] {processor.py:650} INFO - DAG(s) dict_keys(['example_bash_operator']) retrieved from /home/augenz/PycharmProjects/airflow/.env_airflow/lib/python3.9/site-packages/airflow/example_dags/example_bash_operator.py
[2022-08-29T12:37:50.597-0400] {logging_mixin.py:115} INFO - [2022-08-29T12:37:50.596-0400] {dag.py:2429} INFO - Sync 1 DAGs
[2022-08-29T12:37:50.684-0400] {logging_mixin.py:115} INFO - [2022-08-29T12:37:50.684-0400] {dag.py:2977} INFO - Setting next_dagrun for example_bash_operator to 2022-08-29T00:00:00+00:00, run_after=2022-08-30T00:00:00+00:00
[2022-08-29T12:37:50.770-0400] {processor.py:161} INFO - Processing /home/augenz/PycharmProjects/airflow/.env_airflow/lib/python3.9/site-packages/airflow/example_dags/example_bash_operator.py took 5.899 seconds
[2022-08-29T12:38:20.944-0400] {processor.py:153} INFO - Started process (PID=794) to work on /home/augenz/PycharmProjects/airflow/.env_airflow/lib/python3.9/site-packages/airflow/example_dags/example_bash_operator.py
[2022-08-29T12:38:20.958-0400] {processor.py:640} INFO - Processing file /home/augenz/PycharmProjects/airflow/.env_airflow/lib/python3.9/site-packages/airflow/example_dags/example_bash_operator.py for tasks to queue
[2022-08-29T12:38:20.959-0400] {logging_mixin.py:115} INFO - [2022-08-29T12:38:20.959-0400] {dagbag.py:508} INFO - Filling up the DagBag from /home/augenz/PycharmProjects/airflow/.env_airflow/lib/python3.9/site-packages/airflow/example_dags/example_bash_operator.py
[2022-08-29T12:38:21.066-0400] {processor.py:650} INFO - DAG(s) dict_keys(['example_bash_operator']) retrieved from /home/augenz/PycharmProjects/airflow/.env_airflow/lib/python3.9/site-packages/airflow/example_dags/example_bash_operator.py
[2022-08-29T12:38:22.298-0400] {logging_mixin.py:115} INFO - [2022-08-29T12:38:22.297-0400] {dag.py:2429} INFO - Sync 1 DAGs
[2022-08-29T12:38:22.367-0400] {logging_mixin.py:115} INFO - [2022-08-29T12:38:22.367-0400] {dag.py:2977} INFO - Setting next_dagrun for example_bash_operator to 2022-08-29T00:00:00+00:00, run_after=2022-08-30T00:00:00+00:00
[2022-08-29T12:38:22.420-0400] {processor.py:161} INFO - Processing /home/augenz/PycharmProjects/airflow/.env_airflow/lib/python3.9/site-packages/airflow/example_dags/example_bash_operator.py took 1.483 seconds
[2022-08-29T12:38:52.928-0400] {processor.py:153} INFO - Started process (PID=829) to work on /home/augenz/PycharmProjects/airflow/.env_airflow/lib/python3.9/site-packages/airflow/example_dags/example_bash_operator.py
[2022-08-29T12:38:52.934-0400] {processor.py:640} INFO - Processing file /home/augenz/PycharmProjects/airflow/.env_airflow/lib/python3.9/site-packages/airflow/example_dags/example_bash_operator.py for tasks to queue
[2022-08-29T12:38:52.935-0400] {logging_mixin.py:115} INFO - [2022-08-29T12:38:52.935-0400] {dagbag.py:508} INFO - Filling up the DagBag from /home/augenz/PycharmProjects/airflow/.env_airflow/lib/python3.9/site-packages/airflow/example_dags/example_bash_operator.py
[2022-08-29T12:38:52.959-0400] {processor.py:650} INFO - DAG(s) dict_keys(['example_bash_operator']) retrieved from /home/augenz/PycharmProjects/airflow/.env_airflow/lib/python3.9/site-packages/airflow/example_dags/example_bash_operator.py
[2022-08-29T12:38:53.467-0400] {logging_mixin.py:115} INFO - [2022-08-29T12:38:53.466-0400] {dag.py:2429} INFO - Sync 1 DAGs
[2022-08-29T12:38:53.502-0400] {logging_mixin.py:115} INFO - [2022-08-29T12:38:53.502-0400] {dag.py:2977} INFO - Setting next_dagrun for example_bash_operator to 2022-08-29T00:00:00+00:00, run_after=2022-08-30T00:00:00+00:00
[2022-08-29T12:38:53.544-0400] {processor.py:161} INFO - Processing /home/augenz/PycharmProjects/airflow/.env_airflow/lib/python3.9/site-packages/airflow/example_dags/example_bash_operator.py took 0.622 seconds
[2022-08-29T12:39:23.614-0400] {processor.py:153} INFO - Started process (PID=865) to work on /home/augenz/PycharmProjects/airflow/.env_airflow/lib/python3.9/site-packages/airflow/example_dags/example_bash_operator.py
[2022-08-29T12:39:23.619-0400] {processor.py:640} INFO - Processing file /home/augenz/PycharmProjects/airflow/.env_airflow/lib/python3.9/site-packages/airflow/example_dags/example_bash_operator.py for tasks to queue
[2022-08-29T12:39:23.620-0400] {logging_mixin.py:115} INFO - [2022-08-29T12:39:23.620-0400] {dagbag.py:508} INFO - Filling up the DagBag from /home/augenz/PycharmProjects/airflow/.env_airflow/lib/python3.9/site-packages/airflow/example_dags/example_bash_operator.py
[2022-08-29T12:39:23.642-0400] {processor.py:650} INFO - DAG(s) dict_keys(['example_bash_operator']) retrieved from /home/augenz/PycharmProjects/airflow/.env_airflow/lib/python3.9/site-packages/airflow/example_dags/example_bash_operator.py
[2022-08-29T12:39:24.153-0400] {logging_mixin.py:115} INFO - [2022-08-29T12:39:24.152-0400] {dag.py:2429} INFO - Sync 1 DAGs
[2022-08-29T12:39:24.183-0400] {logging_mixin.py:115} INFO - [2022-08-29T12:39:24.183-0400] {dag.py:2977} INFO - Setting next_dagrun for example_bash_operator to 2022-08-29T00:00:00+00:00, run_after=2022-08-30T00:00:00+00:00
[2022-08-29T12:39:24.224-0400] {processor.py:161} INFO - Processing /home/augenz/PycharmProjects/airflow/.env_airflow/lib/python3.9/site-packages/airflow/example_dags/example_bash_operator.py took 0.614 seconds
[2022-08-29T12:39:54.735-0400] {processor.py:153} INFO - Started process (PID=905) to work on /home/augenz/PycharmProjects/airflow/.env_airflow/lib/python3.9/site-packages/airflow/example_dags/example_bash_operator.py
[2022-08-29T12:39:54.736-0400] {processor.py:640} INFO - Processing file /home/augenz/PycharmProjects/airflow/.env_airflow/lib/python3.9/site-packages/airflow/example_dags/example_bash_operator.py for tasks to queue
[2022-08-29T12:39:54.737-0400] {logging_mixin.py:115} INFO - [2022-08-29T12:39:54.737-0400] {dagbag.py:508} INFO - Filling up the DagBag from /home/augenz/PycharmProjects/airflow/.env_airflow/lib/python3.9/site-packages/airflow/example_dags/example_bash_operator.py
[2022-08-29T12:39:54.756-0400] {processor.py:650} INFO - DAG(s) dict_keys(['example_bash_operator']) retrieved from /home/augenz/PycharmProjects/airflow/.env_airflow/lib/python3.9/site-packages/airflow/example_dags/example_bash_operator.py
[2022-08-29T12:39:55.397-0400] {logging_mixin.py:115} INFO - [2022-08-29T12:39:55.397-0400] {dag.py:2429} INFO - Sync 1 DAGs
[2022-08-29T12:39:55.439-0400] {logging_mixin.py:115} INFO - [2022-08-29T12:39:55.439-0400] {dag.py:2977} INFO - Setting next_dagrun for example_bash_operator to 2022-08-29T00:00:00+00:00, run_after=2022-08-30T00:00:00+00:00
[2022-08-29T12:39:55.470-0400] {processor.py:161} INFO - Processing /home/augenz/PycharmProjects/airflow/.env_airflow/lib/python3.9/site-packages/airflow/example_dags/example_bash_operator.py took 0.740 seconds
[2022-08-29T12:40:26.010-0400] {processor.py:153} INFO - Started process (PID=940) to work on /home/augenz/PycharmProjects/airflow/.env_airflow/lib/python3.9/site-packages/airflow/example_dags/example_bash_operator.py
[2022-08-29T12:40:26.015-0400] {processor.py:640} INFO - Processing file /home/augenz/PycharmProjects/airflow/.env_airflow/lib/python3.9/site-packages/airflow/example_dags/example_bash_operator.py for tasks to queue
[2022-08-29T12:40:26.016-0400] {logging_mixin.py:115} INFO - [2022-08-29T12:40:26.016-0400] {dagbag.py:508} INFO - Filling up the DagBag from /home/augenz/PycharmProjects/airflow/.env_airflow/lib/python3.9/site-packages/airflow/example_dags/example_bash_operator.py
[2022-08-29T12:40:26.035-0400] {processor.py:650} INFO - DAG(s) dict_keys(['example_bash_operator']) retrieved from /home/augenz/PycharmProjects/airflow/.env_airflow/lib/python3.9/site-packages/airflow/example_dags/example_bash_operator.py
[2022-08-29T12:40:26.557-0400] {logging_mixin.py:115} INFO - [2022-08-29T12:40:26.556-0400] {dag.py:2429} INFO - Sync 1 DAGs
[2022-08-29T12:40:26.588-0400] {logging_mixin.py:115} INFO - [2022-08-29T12:40:26.588-0400] {dag.py:2977} INFO - Setting next_dagrun for example_bash_operator to 2022-08-29T00:00:00+00:00, run_after=2022-08-30T00:00:00+00:00
[2022-08-29T12:40:26.649-0400] {processor.py:161} INFO - Processing /home/augenz/PycharmProjects/airflow/.env_airflow/lib/python3.9/site-packages/airflow/example_dags/example_bash_operator.py took 0.647 seconds
[2022-08-29T12:40:56.885-0400] {processor.py:153} INFO - Started process (PID=974) to work on /home/augenz/PycharmProjects/airflow/.env_airflow/lib/python3.9/site-packages/airflow/example_dags/example_bash_operator.py
[2022-08-29T12:40:56.896-0400] {processor.py:640} INFO - Processing file /home/augenz/PycharmProjects/airflow/.env_airflow/lib/python3.9/site-packages/airflow/example_dags/example_bash_operator.py for tasks to queue
[2022-08-29T12:40:56.897-0400] {logging_mixin.py:115} INFO - [2022-08-29T12:40:56.897-0400] {dagbag.py:508} INFO - Filling up the DagBag from /home/augenz/PycharmProjects/airflow/.env_airflow/lib/python3.9/site-packages/airflow/example_dags/example_bash_operator.py
[2022-08-29T12:40:56.921-0400] {processor.py:650} INFO - DAG(s) dict_keys(['example_bash_operator']) retrieved from /home/augenz/PycharmProjects/airflow/.env_airflow/lib/python3.9/site-packages/airflow/example_dags/example_bash_operator.py
[2022-08-29T12:40:57.389-0400] {logging_mixin.py:115} INFO - [2022-08-29T12:40:57.388-0400] {dag.py:2429} INFO - Sync 1 DAGs
[2022-08-29T12:40:57.418-0400] {logging_mixin.py:115} INFO - [2022-08-29T12:40:57.418-0400] {dag.py:2977} INFO - Setting next_dagrun for example_bash_operator to 2022-08-29T00:00:00+00:00, run_after=2022-08-30T00:00:00+00:00
[2022-08-29T12:40:57.455-0400] {processor.py:161} INFO - Processing /home/augenz/PycharmProjects/airflow/.env_airflow/lib/python3.9/site-packages/airflow/example_dags/example_bash_operator.py took 0.575 seconds
[2022-08-29T12:41:28.325-0400] {processor.py:153} INFO - Started process (PID=1008) to work on /home/augenz/PycharmProjects/airflow/.env_airflow/lib/python3.9/site-packages/airflow/example_dags/example_bash_operator.py
[2022-08-29T12:41:28.330-0400] {processor.py:640} INFO - Processing file /home/augenz/PycharmProjects/airflow/.env_airflow/lib/python3.9/site-packages/airflow/example_dags/example_bash_operator.py for tasks to queue
[2022-08-29T12:41:28.331-0400] {logging_mixin.py:115} INFO - [2022-08-29T12:41:28.331-0400] {dagbag.py:508} INFO - Filling up the DagBag from /home/augenz/PycharmProjects/airflow/.env_airflow/lib/python3.9/site-packages/airflow/example_dags/example_bash_operator.py
[2022-08-29T12:41:28.349-0400] {processor.py:650} INFO - DAG(s) dict_keys(['example_bash_operator']) retrieved from /home/augenz/PycharmProjects/airflow/.env_airflow/lib/python3.9/site-packages/airflow/example_dags/example_bash_operator.py
[2022-08-29T12:41:28.810-0400] {logging_mixin.py:115} INFO - [2022-08-29T12:41:28.809-0400] {dag.py:2429} INFO - Sync 1 DAGs
[2022-08-29T12:41:28.839-0400] {logging_mixin.py:115} INFO - [2022-08-29T12:41:28.839-0400] {dag.py:2977} INFO - Setting next_dagrun for example_bash_operator to 2022-08-29T00:00:00+00:00, run_after=2022-08-30T00:00:00+00:00
[2022-08-29T12:41:28.909-0400] {processor.py:161} INFO - Processing /home/augenz/PycharmProjects/airflow/.env_airflow/lib/python3.9/site-packages/airflow/example_dags/example_bash_operator.py took 0.589 seconds
[2022-08-29T12:41:59.855-0400] {processor.py:153} INFO - Started process (PID=1052) to work on /home/augenz/PycharmProjects/airflow/.env_airflow/lib/python3.9/site-packages/airflow/example_dags/example_bash_operator.py
[2022-08-29T12:41:59.859-0400] {processor.py:640} INFO - Processing file /home/augenz/PycharmProjects/airflow/.env_airflow/lib/python3.9/site-packages/airflow/example_dags/example_bash_operator.py for tasks to queue
[2022-08-29T12:41:59.860-0400] {logging_mixin.py:115} INFO - [2022-08-29T12:41:59.860-0400] {dagbag.py:508} INFO - Filling up the DagBag from /home/augenz/PycharmProjects/airflow/.env_airflow/lib/python3.9/site-packages/airflow/example_dags/example_bash_operator.py
[2022-08-29T12:41:59.878-0400] {processor.py:650} INFO - DAG(s) dict_keys(['example_bash_operator']) retrieved from /home/augenz/PycharmProjects/airflow/.env_airflow/lib/python3.9/site-packages/airflow/example_dags/example_bash_operator.py
[2022-08-29T12:42:00.347-0400] {logging_mixin.py:115} INFO - [2022-08-29T12:42:00.347-0400] {dag.py:2429} INFO - Sync 1 DAGs
[2022-08-29T12:42:00.377-0400] {logging_mixin.py:115} INFO - [2022-08-29T12:42:00.376-0400] {dag.py:2977} INFO - Setting next_dagrun for example_bash_operator to 2022-08-29T00:00:00+00:00, run_after=2022-08-30T00:00:00+00:00
[2022-08-29T12:42:00.440-0400] {processor.py:161} INFO - Processing /home/augenz/PycharmProjects/airflow/.env_airflow/lib/python3.9/site-packages/airflow/example_dags/example_bash_operator.py took 0.591 seconds
[2022-08-29T12:42:30.725-0400] {processor.py:153} INFO - Started process (PID=1086) to work on /home/augenz/PycharmProjects/airflow/.env_airflow/lib/python3.9/site-packages/airflow/example_dags/example_bash_operator.py
[2022-08-29T12:42:30.730-0400] {processor.py:640} INFO - Processing file /home/augenz/PycharmProjects/airflow/.env_airflow/lib/python3.9/site-packages/airflow/example_dags/example_bash_operator.py for tasks to queue
[2022-08-29T12:42:30.731-0400] {logging_mixin.py:115} INFO - [2022-08-29T12:42:30.730-0400] {dagbag.py:508} INFO - Filling up the DagBag from /home/augenz/PycharmProjects/airflow/.env_airflow/lib/python3.9/site-packages/airflow/example_dags/example_bash_operator.py
[2022-08-29T12:42:30.749-0400] {processor.py:650} INFO - DAG(s) dict_keys(['example_bash_operator']) retrieved from /home/augenz/PycharmProjects/airflow/.env_airflow/lib/python3.9/site-packages/airflow/example_dags/example_bash_operator.py
[2022-08-29T12:42:31.216-0400] {logging_mixin.py:115} INFO - [2022-08-29T12:42:31.216-0400] {dag.py:2429} INFO - Sync 1 DAGs
[2022-08-29T12:42:31.246-0400] {logging_mixin.py:115} INFO - [2022-08-29T12:42:31.246-0400] {dag.py:2977} INFO - Setting next_dagrun for example_bash_operator to 2022-08-29T00:00:00+00:00, run_after=2022-08-30T00:00:00+00:00
[2022-08-29T12:42:31.310-0400] {processor.py:161} INFO - Processing /home/augenz/PycharmProjects/airflow/.env_airflow/lib/python3.9/site-packages/airflow/example_dags/example_bash_operator.py took 0.590 seconds
[2022-08-29T12:43:01.653-0400] {processor.py:153} INFO - Started process (PID=1121) to work on /home/augenz/PycharmProjects/airflow/.env_airflow/lib/python3.9/site-packages/airflow/example_dags/example_bash_operator.py
[2022-08-29T12:43:01.665-0400] {processor.py:640} INFO - Processing file /home/augenz/PycharmProjects/airflow/.env_airflow/lib/python3.9/site-packages/airflow/example_dags/example_bash_operator.py for tasks to queue
[2022-08-29T12:43:01.666-0400] {logging_mixin.py:115} INFO - [2022-08-29T12:43:01.665-0400] {dagbag.py:508} INFO - Filling up the DagBag from /home/augenz/PycharmProjects/airflow/.env_airflow/lib/python3.9/site-packages/airflow/example_dags/example_bash_operator.py
[2022-08-29T12:43:01.684-0400] {processor.py:650} INFO - DAG(s) dict_keys(['example_bash_operator']) retrieved from /home/augenz/PycharmProjects/airflow/.env_airflow/lib/python3.9/site-packages/airflow/example_dags/example_bash_operator.py
[2022-08-29T12:43:02.270-0400] {logging_mixin.py:115} INFO - [2022-08-29T12:43:02.270-0400] {dag.py:2429} INFO - Sync 1 DAGs
[2022-08-29T12:43:02.303-0400] {logging_mixin.py:115} INFO - [2022-08-29T12:43:02.303-0400] {dag.py:2977} INFO - Setting next_dagrun for example_bash_operator to 2022-08-29T00:00:00+00:00, run_after=2022-08-30T00:00:00+00:00
[2022-08-29T12:43:02.356-0400] {processor.py:161} INFO - Processing /home/augenz/PycharmProjects/airflow/.env_airflow/lib/python3.9/site-packages/airflow/example_dags/example_bash_operator.py took 0.708 seconds
[2022-08-29T12:43:32.834-0400] {processor.py:153} INFO - Started process (PID=1155) to work on /home/augenz/PycharmProjects/airflow/.env_airflow/lib/python3.9/site-packages/airflow/example_dags/example_bash_operator.py
[2022-08-29T12:43:32.845-0400] {processor.py:640} INFO - Processing file /home/augenz/PycharmProjects/airflow/.env_airflow/lib/python3.9/site-packages/airflow/example_dags/example_bash_operator.py for tasks to queue
[2022-08-29T12:43:32.846-0400] {logging_mixin.py:115} INFO - [2022-08-29T12:43:32.846-0400] {dagbag.py:508} INFO - Filling up the DagBag from /home/augenz/PycharmProjects/airflow/.env_airflow/lib/python3.9/site-packages/airflow/example_dags/example_bash_operator.py
[2022-08-29T12:43:32.864-0400] {processor.py:650} INFO - DAG(s) dict_keys(['example_bash_operator']) retrieved from /home/augenz/PycharmProjects/airflow/.env_airflow/lib/python3.9/site-packages/airflow/example_dags/example_bash_operator.py
[2022-08-29T12:43:33.344-0400] {logging_mixin.py:115} INFO - [2022-08-29T12:43:33.344-0400] {dag.py:2429} INFO - Sync 1 DAGs
[2022-08-29T12:43:33.375-0400] {logging_mixin.py:115} INFO - [2022-08-29T12:43:33.375-0400] {dag.py:2977} INFO - Setting next_dagrun for example_bash_operator to 2022-08-29T00:00:00+00:00, run_after=2022-08-30T00:00:00+00:00
[2022-08-29T12:43:33.420-0400] {processor.py:161} INFO - Processing /home/augenz/PycharmProjects/airflow/.env_airflow/lib/python3.9/site-packages/airflow/example_dags/example_bash_operator.py took 0.590 seconds
[2022-08-29T12:44:03.562-0400] {processor.py:153} INFO - Started process (PID=1189) to work on /home/augenz/PycharmProjects/airflow/.env_airflow/lib/python3.9/site-packages/airflow/example_dags/example_bash_operator.py
[2022-08-29T12:44:03.567-0400] {processor.py:640} INFO - Processing file /home/augenz/PycharmProjects/airflow/.env_airflow/lib/python3.9/site-packages/airflow/example_dags/example_bash_operator.py for tasks to queue
[2022-08-29T12:44:03.569-0400] {logging_mixin.py:115} INFO - [2022-08-29T12:44:03.568-0400] {dagbag.py:508} INFO - Filling up the DagBag from /home/augenz/PycharmProjects/airflow/.env_airflow/lib/python3.9/site-packages/airflow/example_dags/example_bash_operator.py
[2022-08-29T12:44:03.593-0400] {processor.py:650} INFO - DAG(s) dict_keys(['example_bash_operator']) retrieved from /home/augenz/PycharmProjects/airflow/.env_airflow/lib/python3.9/site-packages/airflow/example_dags/example_bash_operator.py
[2022-08-29T12:44:04.055-0400] {logging_mixin.py:115} INFO - [2022-08-29T12:44:04.055-0400] {dag.py:2429} INFO - Sync 1 DAGs
[2022-08-29T12:44:04.088-0400] {logging_mixin.py:115} INFO - [2022-08-29T12:44:04.088-0400] {dag.py:2977} INFO - Setting next_dagrun for example_bash_operator to 2022-08-29T00:00:00+00:00, run_after=2022-08-30T00:00:00+00:00
[2022-08-29T12:44:04.141-0400] {processor.py:161} INFO - Processing /home/augenz/PycharmProjects/airflow/.env_airflow/lib/python3.9/site-packages/airflow/example_dags/example_bash_operator.py took 0.585 seconds
[2022-08-29T12:44:34.810-0400] {processor.py:153} INFO - Started process (PID=1224) to work on /home/augenz/PycharmProjects/airflow/.env_airflow/lib/python3.9/site-packages/airflow/example_dags/example_bash_operator.py
[2022-08-29T12:44:34.821-0400] {processor.py:640} INFO - Processing file /home/augenz/PycharmProjects/airflow/.env_airflow/lib/python3.9/site-packages/airflow/example_dags/example_bash_operator.py for tasks to queue
[2022-08-29T12:44:34.822-0400] {logging_mixin.py:115} INFO - [2022-08-29T12:44:34.822-0400] {dagbag.py:508} INFO - Filling up the DagBag from /home/augenz/PycharmProjects/airflow/.env_airflow/lib/python3.9/site-packages/airflow/example_dags/example_bash_operator.py
[2022-08-29T12:44:34.839-0400] {processor.py:650} INFO - DAG(s) dict_keys(['example_bash_operator']) retrieved from /home/augenz/PycharmProjects/airflow/.env_airflow/lib/python3.9/site-packages/airflow/example_dags/example_bash_operator.py
[2022-08-29T12:44:35.670-0400] {logging_mixin.py:115} INFO - [2022-08-29T12:44:35.669-0400] {dag.py:2429} INFO - Sync 1 DAGs
[2022-08-29T12:44:35.728-0400] {logging_mixin.py:115} INFO - [2022-08-29T12:44:35.728-0400] {dag.py:2977} INFO - Setting next_dagrun for example_bash_operator to 2022-08-29T00:00:00+00:00, run_after=2022-08-30T00:00:00+00:00
[2022-08-29T12:44:35.801-0400] {processor.py:161} INFO - Processing /home/augenz/PycharmProjects/airflow/.env_airflow/lib/python3.9/site-packages/airflow/example_dags/example_bash_operator.py took 0.996 seconds
[2022-08-29T12:45:05.856-0400] {processor.py:153} INFO - Started process (PID=1271) to work on /home/augenz/PycharmProjects/airflow/.env_airflow/lib/python3.9/site-packages/airflow/example_dags/example_bash_operator.py
[2022-08-29T12:45:05.861-0400] {processor.py:640} INFO - Processing file /home/augenz/PycharmProjects/airflow/.env_airflow/lib/python3.9/site-packages/airflow/example_dags/example_bash_operator.py for tasks to queue
[2022-08-29T12:45:05.862-0400] {logging_mixin.py:115} INFO - [2022-08-29T12:45:05.861-0400] {dagbag.py:508} INFO - Filling up the DagBag from /home/augenz/PycharmProjects/airflow/.env_airflow/lib/python3.9/site-packages/airflow/example_dags/example_bash_operator.py
[2022-08-29T12:45:05.880-0400] {processor.py:650} INFO - DAG(s) dict_keys(['example_bash_operator']) retrieved from /home/augenz/PycharmProjects/airflow/.env_airflow/lib/python3.9/site-packages/airflow/example_dags/example_bash_operator.py
[2022-08-29T12:45:06.380-0400] {logging_mixin.py:115} INFO - [2022-08-29T12:45:06.379-0400] {dag.py:2429} INFO - Sync 1 DAGs
[2022-08-29T12:45:06.410-0400] {logging_mixin.py:115} INFO - [2022-08-29T12:45:06.409-0400] {dag.py:2977} INFO - Setting next_dagrun for example_bash_operator to 2022-08-29T00:00:00+00:00, run_after=2022-08-30T00:00:00+00:00
[2022-08-29T12:45:06.465-0400] {processor.py:161} INFO - Processing /home/augenz/PycharmProjects/airflow/.env_airflow/lib/python3.9/site-packages/airflow/example_dags/example_bash_operator.py took 0.617 seconds
[2022-08-29T12:45:37.312-0400] {processor.py:153} INFO - Started process (PID=1305) to work on /home/augenz/PycharmProjects/airflow/.env_airflow/lib/python3.9/site-packages/airflow/example_dags/example_bash_operator.py
[2022-08-29T12:45:37.317-0400] {processor.py:640} INFO - Processing file /home/augenz/PycharmProjects/airflow/.env_airflow/lib/python3.9/site-packages/airflow/example_dags/example_bash_operator.py for tasks to queue
[2022-08-29T12:45:37.318-0400] {logging_mixin.py:115} INFO - [2022-08-29T12:45:37.317-0400] {dagbag.py:508} INFO - Filling up the DagBag from /home/augenz/PycharmProjects/airflow/.env_airflow/lib/python3.9/site-packages/airflow/example_dags/example_bash_operator.py
[2022-08-29T12:45:37.336-0400] {processor.py:650} INFO - DAG(s) dict_keys(['example_bash_operator']) retrieved from /home/augenz/PycharmProjects/airflow/.env_airflow/lib/python3.9/site-packages/airflow/example_dags/example_bash_operator.py
[2022-08-29T12:45:37.966-0400] {logging_mixin.py:115} INFO - [2022-08-29T12:45:37.965-0400] {dag.py:2429} INFO - Sync 1 DAGs
[2022-08-29T12:45:37.995-0400] {logging_mixin.py:115} INFO - [2022-08-29T12:45:37.995-0400] {dag.py:2977} INFO - Setting next_dagrun for example_bash_operator to 2022-08-29T00:00:00+00:00, run_after=2022-08-30T00:00:00+00:00
[2022-08-29T12:45:38.029-0400] {processor.py:161} INFO - Processing /home/augenz/PycharmProjects/airflow/.env_airflow/lib/python3.9/site-packages/airflow/example_dags/example_bash_operator.py took 0.722 seconds
[2022-08-29T12:46:08.061-0400] {processor.py:153} INFO - Started process (PID=1340) to work on /home/augenz/PycharmProjects/airflow/.env_airflow/lib/python3.9/site-packages/airflow/example_dags/example_bash_operator.py
[2022-08-29T12:46:08.066-0400] {processor.py:640} INFO - Processing file /home/augenz/PycharmProjects/airflow/.env_airflow/lib/python3.9/site-packages/airflow/example_dags/example_bash_operator.py for tasks to queue
[2022-08-29T12:46:08.067-0400] {logging_mixin.py:115} INFO - [2022-08-29T12:46:08.067-0400] {dagbag.py:508} INFO - Filling up the DagBag from /home/augenz/PycharmProjects/airflow/.env_airflow/lib/python3.9/site-packages/airflow/example_dags/example_bash_operator.py
[2022-08-29T12:46:08.085-0400] {processor.py:650} INFO - DAG(s) dict_keys(['example_bash_operator']) retrieved from /home/augenz/PycharmProjects/airflow/.env_airflow/lib/python3.9/site-packages/airflow/example_dags/example_bash_operator.py
[2022-08-29T12:46:08.705-0400] {logging_mixin.py:115} INFO - [2022-08-29T12:46:08.705-0400] {dag.py:2429} INFO - Sync 1 DAGs
[2022-08-29T12:46:08.738-0400] {logging_mixin.py:115} INFO - [2022-08-29T12:46:08.738-0400] {dag.py:2977} INFO - Setting next_dagrun for example_bash_operator to 2022-08-29T00:00:00+00:00, run_after=2022-08-30T00:00:00+00:00
[2022-08-29T12:46:08.776-0400] {processor.py:161} INFO - Processing /home/augenz/PycharmProjects/airflow/.env_airflow/lib/python3.9/site-packages/airflow/example_dags/example_bash_operator.py took 0.719 seconds
[2022-08-29T12:46:39.505-0400] {processor.py:153} INFO - Started process (PID=1375) to work on /home/augenz/PycharmProjects/airflow/.env_airflow/lib/python3.9/site-packages/airflow/example_dags/example_bash_operator.py
[2022-08-29T12:46:39.509-0400] {processor.py:640} INFO - Processing file /home/augenz/PycharmProjects/airflow/.env_airflow/lib/python3.9/site-packages/airflow/example_dags/example_bash_operator.py for tasks to queue
[2022-08-29T12:46:39.511-0400] {logging_mixin.py:115} INFO - [2022-08-29T12:46:39.510-0400] {dagbag.py:508} INFO - Filling up the DagBag from /home/augenz/PycharmProjects/airflow/.env_airflow/lib/python3.9/site-packages/airflow/example_dags/example_bash_operator.py
[2022-08-29T12:46:39.529-0400] {processor.py:650} INFO - DAG(s) dict_keys(['example_bash_operator']) retrieved from /home/augenz/PycharmProjects/airflow/.env_airflow/lib/python3.9/site-packages/airflow/example_dags/example_bash_operator.py
[2022-08-29T12:46:40.005-0400] {logging_mixin.py:115} INFO - [2022-08-29T12:46:40.004-0400] {dag.py:2429} INFO - Sync 1 DAGs
[2022-08-29T12:46:40.035-0400] {logging_mixin.py:115} INFO - [2022-08-29T12:46:40.035-0400] {dag.py:2977} INFO - Setting next_dagrun for example_bash_operator to 2022-08-29T00:00:00+00:00, run_after=2022-08-30T00:00:00+00:00
[2022-08-29T12:46:40.072-0400] {processor.py:161} INFO - Processing /home/augenz/PycharmProjects/airflow/.env_airflow/lib/python3.9/site-packages/airflow/example_dags/example_bash_operator.py took 0.572 seconds
[2022-08-29T12:47:10.414-0400] {processor.py:153} INFO - Started process (PID=1409) to work on /home/augenz/PycharmProjects/airflow/.env_airflow/lib/python3.9/site-packages/airflow/example_dags/example_bash_operator.py
[2022-08-29T12:47:10.419-0400] {processor.py:640} INFO - Processing file /home/augenz/PycharmProjects/airflow/.env_airflow/lib/python3.9/site-packages/airflow/example_dags/example_bash_operator.py for tasks to queue
[2022-08-29T12:47:10.421-0400] {logging_mixin.py:115} INFO - [2022-08-29T12:47:10.420-0400] {dagbag.py:508} INFO - Filling up the DagBag from /home/augenz/PycharmProjects/airflow/.env_airflow/lib/python3.9/site-packages/airflow/example_dags/example_bash_operator.py
[2022-08-29T12:47:10.447-0400] {processor.py:650} INFO - DAG(s) dict_keys(['example_bash_operator']) retrieved from /home/augenz/PycharmProjects/airflow/.env_airflow/lib/python3.9/site-packages/airflow/example_dags/example_bash_operator.py
[2022-08-29T12:47:11.066-0400] {logging_mixin.py:115} INFO - [2022-08-29T12:47:11.066-0400] {dag.py:2429} INFO - Sync 1 DAGs
[2022-08-29T12:47:11.101-0400] {logging_mixin.py:115} INFO - [2022-08-29T12:47:11.101-0400] {dag.py:2977} INFO - Setting next_dagrun for example_bash_operator to 2022-08-29T00:00:00+00:00, run_after=2022-08-30T00:00:00+00:00
[2022-08-29T12:47:11.151-0400] {processor.py:161} INFO - Processing /home/augenz/PycharmProjects/airflow/.env_airflow/lib/python3.9/site-packages/airflow/example_dags/example_bash_operator.py took 0.744 seconds
[2022-08-29T12:47:41.185-0400] {processor.py:153} INFO - Started process (PID=1451) to work on /home/augenz/PycharmProjects/airflow/.env_airflow/lib/python3.9/site-packages/airflow/example_dags/example_bash_operator.py
[2022-08-29T12:47:41.190-0400] {processor.py:640} INFO - Processing file /home/augenz/PycharmProjects/airflow/.env_airflow/lib/python3.9/site-packages/airflow/example_dags/example_bash_operator.py for tasks to queue
[2022-08-29T12:47:41.191-0400] {logging_mixin.py:115} INFO - [2022-08-29T12:47:41.191-0400] {dagbag.py:508} INFO - Filling up the DagBag from /home/augenz/PycharmProjects/airflow/.env_airflow/lib/python3.9/site-packages/airflow/example_dags/example_bash_operator.py
[2022-08-29T12:47:41.211-0400] {processor.py:650} INFO - DAG(s) dict_keys(['example_bash_operator']) retrieved from /home/augenz/PycharmProjects/airflow/.env_airflow/lib/python3.9/site-packages/airflow/example_dags/example_bash_operator.py
[2022-08-29T12:47:41.795-0400] {logging_mixin.py:115} INFO - [2022-08-29T12:47:41.795-0400] {dag.py:2429} INFO - Sync 1 DAGs
[2022-08-29T12:47:41.828-0400] {logging_mixin.py:115} INFO - [2022-08-29T12:47:41.828-0400] {dag.py:2977} INFO - Setting next_dagrun for example_bash_operator to 2022-08-29T00:00:00+00:00, run_after=2022-08-30T00:00:00+00:00
[2022-08-29T12:47:41.866-0400] {processor.py:161} INFO - Processing /home/augenz/PycharmProjects/airflow/.env_airflow/lib/python3.9/site-packages/airflow/example_dags/example_bash_operator.py took 0.685 seconds
[2022-08-29T12:48:12.310-0400] {processor.py:153} INFO - Started process (PID=1485) to work on /home/augenz/PycharmProjects/airflow/.env_airflow/lib/python3.9/site-packages/airflow/example_dags/example_bash_operator.py
[2022-08-29T12:48:12.324-0400] {processor.py:640} INFO - Processing file /home/augenz/PycharmProjects/airflow/.env_airflow/lib/python3.9/site-packages/airflow/example_dags/example_bash_operator.py for tasks to queue
[2022-08-29T12:48:12.325-0400] {logging_mixin.py:115} INFO - [2022-08-29T12:48:12.325-0400] {dagbag.py:508} INFO - Filling up the DagBag from /home/augenz/PycharmProjects/airflow/.env_airflow/lib/python3.9/site-packages/airflow/example_dags/example_bash_operator.py
[2022-08-29T12:48:12.343-0400] {processor.py:650} INFO - DAG(s) dict_keys(['example_bash_operator']) retrieved from /home/augenz/PycharmProjects/airflow/.env_airflow/lib/python3.9/site-packages/airflow/example_dags/example_bash_operator.py
[2022-08-29T12:48:12.809-0400] {logging_mixin.py:115} INFO - [2022-08-29T12:48:12.809-0400] {dag.py:2429} INFO - Sync 1 DAGs
[2022-08-29T12:48:12.840-0400] {logging_mixin.py:115} INFO - [2022-08-29T12:48:12.839-0400] {dag.py:2977} INFO - Setting next_dagrun for example_bash_operator to 2022-08-29T00:00:00+00:00, run_after=2022-08-30T00:00:00+00:00
[2022-08-29T12:48:12.889-0400] {processor.py:161} INFO - Processing /home/augenz/PycharmProjects/airflow/.env_airflow/lib/python3.9/site-packages/airflow/example_dags/example_bash_operator.py took 0.584 seconds
[2022-08-29T12:48:43.357-0400] {processor.py:153} INFO - Started process (PID=1520) to work on /home/augenz/PycharmProjects/airflow/.env_airflow/lib/python3.9/site-packages/airflow/example_dags/example_bash_operator.py
[2022-08-29T12:48:43.358-0400] {processor.py:640} INFO - Processing file /home/augenz/PycharmProjects/airflow/.env_airflow/lib/python3.9/site-packages/airflow/example_dags/example_bash_operator.py for tasks to queue
[2022-08-29T12:48:43.359-0400] {logging_mixin.py:115} INFO - [2022-08-29T12:48:43.359-0400] {dagbag.py:508} INFO - Filling up the DagBag from /home/augenz/PycharmProjects/airflow/.env_airflow/lib/python3.9/site-packages/airflow/example_dags/example_bash_operator.py
[2022-08-29T12:48:43.376-0400] {processor.py:650} INFO - DAG(s) dict_keys(['example_bash_operator']) retrieved from /home/augenz/PycharmProjects/airflow/.env_airflow/lib/python3.9/site-packages/airflow/example_dags/example_bash_operator.py
[2022-08-29T12:48:43.843-0400] {logging_mixin.py:115} INFO - [2022-08-29T12:48:43.842-0400] {dag.py:2429} INFO - Sync 1 DAGs
[2022-08-29T12:48:43.873-0400] {logging_mixin.py:115} INFO - [2022-08-29T12:48:43.872-0400] {dag.py:2977} INFO - Setting next_dagrun for example_bash_operator to 2022-08-29T00:00:00+00:00, run_after=2022-08-30T00:00:00+00:00
[2022-08-29T12:48:43.927-0400] {processor.py:161} INFO - Processing /home/augenz/PycharmProjects/airflow/.env_airflow/lib/python3.9/site-packages/airflow/example_dags/example_bash_operator.py took 0.576 seconds
[2022-08-29T12:49:14.903-0400] {processor.py:153} INFO - Started process (PID=1561) to work on /home/augenz/PycharmProjects/airflow/.env_airflow/lib/python3.9/site-packages/airflow/example_dags/example_bash_operator.py
[2022-08-29T12:49:14.917-0400] {processor.py:640} INFO - Processing file /home/augenz/PycharmProjects/airflow/.env_airflow/lib/python3.9/site-packages/airflow/example_dags/example_bash_operator.py for tasks to queue
[2022-08-29T12:49:14.918-0400] {logging_mixin.py:115} INFO - [2022-08-29T12:49:14.918-0400] {dagbag.py:508} INFO - Filling up the DagBag from /home/augenz/PycharmProjects/airflow/.env_airflow/lib/python3.9/site-packages/airflow/example_dags/example_bash_operator.py
[2022-08-29T12:49:14.942-0400] {processor.py:650} INFO - DAG(s) dict_keys(['example_bash_operator']) retrieved from /home/augenz/PycharmProjects/airflow/.env_airflow/lib/python3.9/site-packages/airflow/example_dags/example_bash_operator.py
[2022-08-29T12:49:15.535-0400] {logging_mixin.py:115} INFO - [2022-08-29T12:49:15.534-0400] {dag.py:2429} INFO - Sync 1 DAGs
[2022-08-29T12:49:15.581-0400] {logging_mixin.py:115} INFO - [2022-08-29T12:49:15.580-0400] {dag.py:2977} INFO - Setting next_dagrun for example_bash_operator to 2022-08-29T00:00:00+00:00, run_after=2022-08-30T00:00:00+00:00
[2022-08-29T12:49:15.639-0400] {processor.py:161} INFO - Processing /home/augenz/PycharmProjects/airflow/.env_airflow/lib/python3.9/site-packages/airflow/example_dags/example_bash_operator.py took 0.742 seconds
[2022-08-29T12:49:45.993-0400] {processor.py:153} INFO - Started process (PID=1598) to work on /home/augenz/PycharmProjects/airflow/.env_airflow/lib/python3.9/site-packages/airflow/example_dags/example_bash_operator.py
[2022-08-29T12:49:46.010-0400] {processor.py:640} INFO - Processing file /home/augenz/PycharmProjects/airflow/.env_airflow/lib/python3.9/site-packages/airflow/example_dags/example_bash_operator.py for tasks to queue
[2022-08-29T12:49:46.011-0400] {logging_mixin.py:115} INFO - [2022-08-29T12:49:46.011-0400] {dagbag.py:508} INFO - Filling up the DagBag from /home/augenz/PycharmProjects/airflow/.env_airflow/lib/python3.9/site-packages/airflow/example_dags/example_bash_operator.py
[2022-08-29T12:49:46.032-0400] {processor.py:650} INFO - DAG(s) dict_keys(['example_bash_operator']) retrieved from /home/augenz/PycharmProjects/airflow/.env_airflow/lib/python3.9/site-packages/airflow/example_dags/example_bash_operator.py
[2022-08-29T12:49:46.655-0400] {logging_mixin.py:115} INFO - [2022-08-29T12:49:46.655-0400] {dag.py:2429} INFO - Sync 1 DAGs
[2022-08-29T12:49:46.685-0400] {logging_mixin.py:115} INFO - [2022-08-29T12:49:46.684-0400] {dag.py:2977} INFO - Setting next_dagrun for example_bash_operator to 2022-08-29T00:00:00+00:00, run_after=2022-08-30T00:00:00+00:00
[2022-08-29T12:49:46.758-0400] {processor.py:161} INFO - Processing /home/augenz/PycharmProjects/airflow/.env_airflow/lib/python3.9/site-packages/airflow/example_dags/example_bash_operator.py took 0.769 seconds
[2022-08-29T12:50:17.276-0400] {processor.py:153} INFO - Started process (PID=1632) to work on /home/augenz/PycharmProjects/airflow/.env_airflow/lib/python3.9/site-packages/airflow/example_dags/example_bash_operator.py
[2022-08-29T12:50:17.293-0400] {processor.py:640} INFO - Processing file /home/augenz/PycharmProjects/airflow/.env_airflow/lib/python3.9/site-packages/airflow/example_dags/example_bash_operator.py for tasks to queue
[2022-08-29T12:50:17.295-0400] {logging_mixin.py:115} INFO - [2022-08-29T12:50:17.294-0400] {dagbag.py:508} INFO - Filling up the DagBag from /home/augenz/PycharmProjects/airflow/.env_airflow/lib/python3.9/site-packages/airflow/example_dags/example_bash_operator.py
[2022-08-29T12:50:17.320-0400] {processor.py:650} INFO - DAG(s) dict_keys(['example_bash_operator']) retrieved from /home/augenz/PycharmProjects/airflow/.env_airflow/lib/python3.9/site-packages/airflow/example_dags/example_bash_operator.py
[2022-08-29T12:50:17.891-0400] {logging_mixin.py:115} INFO - [2022-08-29T12:50:17.891-0400] {dag.py:2429} INFO - Sync 1 DAGs
[2022-08-29T12:50:17.922-0400] {logging_mixin.py:115} INFO - [2022-08-29T12:50:17.922-0400] {dag.py:2977} INFO - Setting next_dagrun for example_bash_operator to 2022-08-29T00:00:00+00:00, run_after=2022-08-30T00:00:00+00:00
[2022-08-29T12:50:17.991-0400] {processor.py:161} INFO - Processing /home/augenz/PycharmProjects/airflow/.env_airflow/lib/python3.9/site-packages/airflow/example_dags/example_bash_operator.py took 0.720 seconds
[2022-08-29T12:50:48.108-0400] {processor.py:153} INFO - Started process (PID=1671) to work on /home/augenz/PycharmProjects/airflow/.env_airflow/lib/python3.9/site-packages/airflow/example_dags/example_bash_operator.py
[2022-08-29T12:50:48.113-0400] {processor.py:640} INFO - Processing file /home/augenz/PycharmProjects/airflow/.env_airflow/lib/python3.9/site-packages/airflow/example_dags/example_bash_operator.py for tasks to queue
[2022-08-29T12:50:48.114-0400] {logging_mixin.py:115} INFO - [2022-08-29T12:50:48.114-0400] {dagbag.py:508} INFO - Filling up the DagBag from /home/augenz/PycharmProjects/airflow/.env_airflow/lib/python3.9/site-packages/airflow/example_dags/example_bash_operator.py
[2022-08-29T12:50:48.141-0400] {processor.py:650} INFO - DAG(s) dict_keys(['example_bash_operator']) retrieved from /home/augenz/PycharmProjects/airflow/.env_airflow/lib/python3.9/site-packages/airflow/example_dags/example_bash_operator.py
[2022-08-29T12:50:48.737-0400] {logging_mixin.py:115} INFO - [2022-08-29T12:50:48.737-0400] {dag.py:2429} INFO - Sync 1 DAGs
[2022-08-29T12:50:48.767-0400] {logging_mixin.py:115} INFO - [2022-08-29T12:50:48.767-0400] {dag.py:2977} INFO - Setting next_dagrun for example_bash_operator to 2022-08-29T00:00:00+00:00, run_after=2022-08-30T00:00:00+00:00
[2022-08-29T12:50:48.855-0400] {processor.py:161} INFO - Processing /home/augenz/PycharmProjects/airflow/.env_airflow/lib/python3.9/site-packages/airflow/example_dags/example_bash_operator.py took 0.752 seconds
[2022-08-29T12:51:19.343-0400] {processor.py:153} INFO - Started process (PID=1705) to work on /home/augenz/PycharmProjects/airflow/.env_airflow/lib/python3.9/site-packages/airflow/example_dags/example_bash_operator.py
[2022-08-29T12:51:19.348-0400] {processor.py:640} INFO - Processing file /home/augenz/PycharmProjects/airflow/.env_airflow/lib/python3.9/site-packages/airflow/example_dags/example_bash_operator.py for tasks to queue
[2022-08-29T12:51:19.349-0400] {logging_mixin.py:115} INFO - [2022-08-29T12:51:19.349-0400] {dagbag.py:508} INFO - Filling up the DagBag from /home/augenz/PycharmProjects/airflow/.env_airflow/lib/python3.9/site-packages/airflow/example_dags/example_bash_operator.py
[2022-08-29T12:51:19.382-0400] {processor.py:650} INFO - DAG(s) dict_keys(['example_bash_operator']) retrieved from /home/augenz/PycharmProjects/airflow/.env_airflow/lib/python3.9/site-packages/airflow/example_dags/example_bash_operator.py
[2022-08-29T12:51:20.068-0400] {logging_mixin.py:115} INFO - [2022-08-29T12:51:20.068-0400] {dag.py:2429} INFO - Sync 1 DAGs
[2022-08-29T12:51:20.101-0400] {logging_mixin.py:115} INFO - [2022-08-29T12:51:20.101-0400] {dag.py:2977} INFO - Setting next_dagrun for example_bash_operator to 2022-08-29T00:00:00+00:00, run_after=2022-08-30T00:00:00+00:00
[2022-08-29T12:51:20.144-0400] {processor.py:161} INFO - Processing /home/augenz/PycharmProjects/airflow/.env_airflow/lib/python3.9/site-packages/airflow/example_dags/example_bash_operator.py took 0.809 seconds
[2022-08-29T12:51:50.182-0400] {processor.py:153} INFO - Started process (PID=1743) to work on /home/augenz/PycharmProjects/airflow/.env_airflow/lib/python3.9/site-packages/airflow/example_dags/example_bash_operator.py
[2022-08-29T12:51:50.185-0400] {processor.py:640} INFO - Processing file /home/augenz/PycharmProjects/airflow/.env_airflow/lib/python3.9/site-packages/airflow/example_dags/example_bash_operator.py for tasks to queue
[2022-08-29T12:51:50.186-0400] {logging_mixin.py:115} INFO - [2022-08-29T12:51:50.186-0400] {dagbag.py:508} INFO - Filling up the DagBag from /home/augenz/PycharmProjects/airflow/.env_airflow/lib/python3.9/site-packages/airflow/example_dags/example_bash_operator.py
[2022-08-29T12:51:50.204-0400] {processor.py:650} INFO - DAG(s) dict_keys(['example_bash_operator']) retrieved from /home/augenz/PycharmProjects/airflow/.env_airflow/lib/python3.9/site-packages/airflow/example_dags/example_bash_operator.py
[2022-08-29T12:51:50.678-0400] {logging_mixin.py:115} INFO - [2022-08-29T12:51:50.677-0400] {dag.py:2429} INFO - Sync 1 DAGs
[2022-08-29T12:51:50.708-0400] {logging_mixin.py:115} INFO - [2022-08-29T12:51:50.708-0400] {dag.py:2977} INFO - Setting next_dagrun for example_bash_operator to 2022-08-29T00:00:00+00:00, run_after=2022-08-30T00:00:00+00:00
[2022-08-29T12:51:50.749-0400] {processor.py:161} INFO - Processing /home/augenz/PycharmProjects/airflow/.env_airflow/lib/python3.9/site-packages/airflow/example_dags/example_bash_operator.py took 0.573 seconds
[2022-08-29T12:52:21.229-0400] {processor.py:153} INFO - Started process (PID=1777) to work on /home/augenz/PycharmProjects/airflow/.env_airflow/lib/python3.9/site-packages/airflow/example_dags/example_bash_operator.py
[2022-08-29T12:52:21.233-0400] {processor.py:640} INFO - Processing file /home/augenz/PycharmProjects/airflow/.env_airflow/lib/python3.9/site-packages/airflow/example_dags/example_bash_operator.py for tasks to queue
[2022-08-29T12:52:21.234-0400] {logging_mixin.py:115} INFO - [2022-08-29T12:52:21.234-0400] {dagbag.py:508} INFO - Filling up the DagBag from /home/augenz/PycharmProjects/airflow/.env_airflow/lib/python3.9/site-packages/airflow/example_dags/example_bash_operator.py
[2022-08-29T12:52:21.253-0400] {processor.py:650} INFO - DAG(s) dict_keys(['example_bash_operator']) retrieved from /home/augenz/PycharmProjects/airflow/.env_airflow/lib/python3.9/site-packages/airflow/example_dags/example_bash_operator.py
[2022-08-29T12:52:21.731-0400] {logging_mixin.py:115} INFO - [2022-08-29T12:52:21.731-0400] {dag.py:2429} INFO - Sync 1 DAGs
[2022-08-29T12:52:21.761-0400] {logging_mixin.py:115} INFO - [2022-08-29T12:52:21.761-0400] {dag.py:2977} INFO - Setting next_dagrun for example_bash_operator to 2022-08-29T00:00:00+00:00, run_after=2022-08-30T00:00:00+00:00
[2022-08-29T12:52:21.821-0400] {processor.py:161} INFO - Processing /home/augenz/PycharmProjects/airflow/.env_airflow/lib/python3.9/site-packages/airflow/example_dags/example_bash_operator.py took 0.597 seconds
[2022-08-29T12:52:51.904-0400] {processor.py:153} INFO - Started process (PID=1811) to work on /home/augenz/PycharmProjects/airflow/.env_airflow/lib/python3.9/site-packages/airflow/example_dags/example_bash_operator.py
[2022-08-29T12:52:51.922-0400] {processor.py:640} INFO - Processing file /home/augenz/PycharmProjects/airflow/.env_airflow/lib/python3.9/site-packages/airflow/example_dags/example_bash_operator.py for tasks to queue
[2022-08-29T12:52:51.923-0400] {logging_mixin.py:115} INFO - [2022-08-29T12:52:51.923-0400] {dagbag.py:508} INFO - Filling up the DagBag from /home/augenz/PycharmProjects/airflow/.env_airflow/lib/python3.9/site-packages/airflow/example_dags/example_bash_operator.py
[2022-08-29T12:52:51.941-0400] {processor.py:650} INFO - DAG(s) dict_keys(['example_bash_operator']) retrieved from /home/augenz/PycharmProjects/airflow/.env_airflow/lib/python3.9/site-packages/airflow/example_dags/example_bash_operator.py
[2022-08-29T12:52:52.454-0400] {logging_mixin.py:115} INFO - [2022-08-29T12:52:52.454-0400] {dag.py:2429} INFO - Sync 1 DAGs
[2022-08-29T12:52:52.484-0400] {logging_mixin.py:115} INFO - [2022-08-29T12:52:52.484-0400] {dag.py:2977} INFO - Setting next_dagrun for example_bash_operator to 2022-08-29T00:00:00+00:00, run_after=2022-08-30T00:00:00+00:00
[2022-08-29T12:52:52.534-0400] {processor.py:161} INFO - Processing /home/augenz/PycharmProjects/airflow/.env_airflow/lib/python3.9/site-packages/airflow/example_dags/example_bash_operator.py took 0.638 seconds
[2022-08-29T12:53:23.064-0400] {processor.py:153} INFO - Started process (PID=1848) to work on /home/augenz/PycharmProjects/airflow/.env_airflow/lib/python3.9/site-packages/airflow/example_dags/example_bash_operator.py
[2022-08-29T12:53:23.069-0400] {processor.py:640} INFO - Processing file /home/augenz/PycharmProjects/airflow/.env_airflow/lib/python3.9/site-packages/airflow/example_dags/example_bash_operator.py for tasks to queue
[2022-08-29T12:53:23.070-0400] {logging_mixin.py:115} INFO - [2022-08-29T12:53:23.070-0400] {dagbag.py:508} INFO - Filling up the DagBag from /home/augenz/PycharmProjects/airflow/.env_airflow/lib/python3.9/site-packages/airflow/example_dags/example_bash_operator.py
[2022-08-29T12:53:23.089-0400] {processor.py:650} INFO - DAG(s) dict_keys(['example_bash_operator']) retrieved from /home/augenz/PycharmProjects/airflow/.env_airflow/lib/python3.9/site-packages/airflow/example_dags/example_bash_operator.py
[2022-08-29T12:53:23.554-0400] {logging_mixin.py:115} INFO - [2022-08-29T12:53:23.553-0400] {dag.py:2429} INFO - Sync 1 DAGs
[2022-08-29T12:53:23.590-0400] {logging_mixin.py:115} INFO - [2022-08-29T12:53:23.589-0400] {dag.py:2977} INFO - Setting next_dagrun for example_bash_operator to 2022-08-29T00:00:00+00:00, run_after=2022-08-30T00:00:00+00:00
[2022-08-29T12:53:23.657-0400] {processor.py:161} INFO - Processing /home/augenz/PycharmProjects/airflow/.env_airflow/lib/python3.9/site-packages/airflow/example_dags/example_bash_operator.py took 0.598 seconds
[2022-08-29T12:53:54.457-0400] {processor.py:153} INFO - Started process (PID=1890) to work on /home/augenz/PycharmProjects/airflow/.env_airflow/lib/python3.9/site-packages/airflow/example_dags/example_bash_operator.py
[2022-08-29T12:53:54.476-0400] {processor.py:640} INFO - Processing file /home/augenz/PycharmProjects/airflow/.env_airflow/lib/python3.9/site-packages/airflow/example_dags/example_bash_operator.py for tasks to queue
[2022-08-29T12:53:54.477-0400] {logging_mixin.py:115} INFO - [2022-08-29T12:53:54.476-0400] {dagbag.py:508} INFO - Filling up the DagBag from /home/augenz/PycharmProjects/airflow/.env_airflow/lib/python3.9/site-packages/airflow/example_dags/example_bash_operator.py
[2022-08-29T12:53:54.495-0400] {processor.py:650} INFO - DAG(s) dict_keys(['example_bash_operator']) retrieved from /home/augenz/PycharmProjects/airflow/.env_airflow/lib/python3.9/site-packages/airflow/example_dags/example_bash_operator.py
[2022-08-29T12:53:55.008-0400] {logging_mixin.py:115} INFO - [2022-08-29T12:53:55.008-0400] {dag.py:2429} INFO - Sync 1 DAGs
[2022-08-29T12:53:55.043-0400] {logging_mixin.py:115} INFO - [2022-08-29T12:53:55.042-0400] {dag.py:2977} INFO - Setting next_dagrun for example_bash_operator to 2022-08-29T00:00:00+00:00, run_after=2022-08-30T00:00:00+00:00
[2022-08-29T12:53:55.086-0400] {processor.py:161} INFO - Processing /home/augenz/PycharmProjects/airflow/.env_airflow/lib/python3.9/site-packages/airflow/example_dags/example_bash_operator.py took 0.634 seconds
