[2022-08-29T12:33:16.659-0400] {processor.py:153} INFO - Started process (PID=382) to work on /home/augenz/PycharmProjects/airflow/.env_airflow/lib/python3.9/site-packages/airflow/example_dags/example_nested_branch_dag.py
[2022-08-29T12:33:16.660-0400] {processor.py:640} INFO - Processing file /home/augenz/PycharmProjects/airflow/.env_airflow/lib/python3.9/site-packages/airflow/example_dags/example_nested_branch_dag.py for tasks to queue
[2022-08-29T12:33:16.661-0400] {logging_mixin.py:115} INFO - [2022-08-29T12:33:16.661-0400] {dagbag.py:508} INFO - Filling up the DagBag from /home/augenz/PycharmProjects/airflow/.env_airflow/lib/python3.9/site-packages/airflow/example_dags/example_nested_branch_dag.py
[2022-08-29T12:33:16.676-0400] {processor.py:650} INFO - DAG(s) dict_keys(['example_nested_branch_dag']) retrieved from /home/augenz/PycharmProjects/airflow/.env_airflow/lib/python3.9/site-packages/airflow/example_dags/example_nested_branch_dag.py
[2022-08-29T12:33:16.866-0400] {logging_mixin.py:115} INFO - [2022-08-29T12:33:16.865-0400] {manager.py:508} INFO - Created Permission View: can delete on DAG:example_nested_branch_dag
[2022-08-29T12:33:16.942-0400] {logging_mixin.py:115} INFO - [2022-08-29T12:33:16.941-0400] {manager.py:508} INFO - Created Permission View: can read on DAG:example_nested_branch_dag
[2022-08-29T12:33:16.991-0400] {logging_mixin.py:115} INFO - [2022-08-29T12:33:16.990-0400] {manager.py:508} INFO - Created Permission View: can edit on DAG:example_nested_branch_dag
[2022-08-29T12:33:16.992-0400] {logging_mixin.py:115} INFO - [2022-08-29T12:33:16.991-0400] {dag.py:2429} INFO - Sync 1 DAGs
[2022-08-29T12:33:17.008-0400] {logging_mixin.py:115} INFO - [2022-08-29T12:33:17.008-0400] {dag.py:2448} INFO - Creating ORM DAG for example_nested_branch_dag
[2022-08-29T12:33:17.031-0400] {logging_mixin.py:115} INFO - [2022-08-29T12:33:17.031-0400] {dag.py:2977} INFO - Setting next_dagrun for example_nested_branch_dag to 2022-08-28T00:00:00+00:00, run_after=2022-08-29T00:00:00+00:00
[2022-08-29T12:33:17.082-0400] {processor.py:161} INFO - Processing /home/augenz/PycharmProjects/airflow/.env_airflow/lib/python3.9/site-packages/airflow/example_dags/example_nested_branch_dag.py took 0.428 seconds
[2022-08-29T12:33:47.308-0400] {processor.py:153} INFO - Started process (PID=422) to work on /home/augenz/PycharmProjects/airflow/.env_airflow/lib/python3.9/site-packages/airflow/example_dags/example_nested_branch_dag.py
[2022-08-29T12:33:47.310-0400] {processor.py:640} INFO - Processing file /home/augenz/PycharmProjects/airflow/.env_airflow/lib/python3.9/site-packages/airflow/example_dags/example_nested_branch_dag.py for tasks to queue
[2022-08-29T12:33:47.311-0400] {logging_mixin.py:115} INFO - [2022-08-29T12:33:47.310-0400] {dagbag.py:508} INFO - Filling up the DagBag from /home/augenz/PycharmProjects/airflow/.env_airflow/lib/python3.9/site-packages/airflow/example_dags/example_nested_branch_dag.py
[2022-08-29T12:33:47.329-0400] {processor.py:650} INFO - DAG(s) dict_keys(['example_nested_branch_dag']) retrieved from /home/augenz/PycharmProjects/airflow/.env_airflow/lib/python3.9/site-packages/airflow/example_dags/example_nested_branch_dag.py
[2022-08-29T12:33:47.379-0400] {logging_mixin.py:115} INFO - [2022-08-29T12:33:47.378-0400] {dag.py:2429} INFO - Sync 1 DAGs
[2022-08-29T12:33:47.416-0400] {logging_mixin.py:115} INFO - [2022-08-29T12:33:47.416-0400] {dag.py:2977} INFO - Setting next_dagrun for example_nested_branch_dag to 2022-08-28T00:00:00+00:00, run_after=2022-08-29T00:00:00+00:00
[2022-08-29T12:33:47.455-0400] {processor.py:161} INFO - Processing /home/augenz/PycharmProjects/airflow/.env_airflow/lib/python3.9/site-packages/airflow/example_dags/example_nested_branch_dag.py took 0.151 seconds
[2022-08-29T12:34:18.001-0400] {processor.py:153} INFO - Started process (PID=457) to work on /home/augenz/PycharmProjects/airflow/.env_airflow/lib/python3.9/site-packages/airflow/example_dags/example_nested_branch_dag.py
[2022-08-29T12:34:18.002-0400] {processor.py:640} INFO - Processing file /home/augenz/PycharmProjects/airflow/.env_airflow/lib/python3.9/site-packages/airflow/example_dags/example_nested_branch_dag.py for tasks to queue
[2022-08-29T12:34:18.003-0400] {logging_mixin.py:115} INFO - [2022-08-29T12:34:18.003-0400] {dagbag.py:508} INFO - Filling up the DagBag from /home/augenz/PycharmProjects/airflow/.env_airflow/lib/python3.9/site-packages/airflow/example_dags/example_nested_branch_dag.py
[2022-08-29T12:34:18.024-0400] {processor.py:650} INFO - DAG(s) dict_keys(['example_nested_branch_dag']) retrieved from /home/augenz/PycharmProjects/airflow/.env_airflow/lib/python3.9/site-packages/airflow/example_dags/example_nested_branch_dag.py
[2022-08-29T12:34:18.079-0400] {logging_mixin.py:115} INFO - [2022-08-29T12:34:18.078-0400] {dag.py:2429} INFO - Sync 1 DAGs
[2022-08-29T12:34:18.118-0400] {logging_mixin.py:115} INFO - [2022-08-29T12:34:18.117-0400] {dag.py:2977} INFO - Setting next_dagrun for example_nested_branch_dag to 2022-08-28T00:00:00+00:00, run_after=2022-08-29T00:00:00+00:00
[2022-08-29T12:34:18.167-0400] {processor.py:161} INFO - Processing /home/augenz/PycharmProjects/airflow/.env_airflow/lib/python3.9/site-packages/airflow/example_dags/example_nested_branch_dag.py took 0.170 seconds
[2022-08-29T12:34:48.703-0400] {processor.py:153} INFO - Started process (PID=492) to work on /home/augenz/PycharmProjects/airflow/.env_airflow/lib/python3.9/site-packages/airflow/example_dags/example_nested_branch_dag.py
[2022-08-29T12:34:48.705-0400] {processor.py:640} INFO - Processing file /home/augenz/PycharmProjects/airflow/.env_airflow/lib/python3.9/site-packages/airflow/example_dags/example_nested_branch_dag.py for tasks to queue
[2022-08-29T12:34:48.706-0400] {logging_mixin.py:115} INFO - [2022-08-29T12:34:48.706-0400] {dagbag.py:508} INFO - Filling up the DagBag from /home/augenz/PycharmProjects/airflow/.env_airflow/lib/python3.9/site-packages/airflow/example_dags/example_nested_branch_dag.py
[2022-08-29T12:34:48.731-0400] {processor.py:650} INFO - DAG(s) dict_keys(['example_nested_branch_dag']) retrieved from /home/augenz/PycharmProjects/airflow/.env_airflow/lib/python3.9/site-packages/airflow/example_dags/example_nested_branch_dag.py
[2022-08-29T12:34:48.784-0400] {logging_mixin.py:115} INFO - [2022-08-29T12:34:48.784-0400] {dag.py:2429} INFO - Sync 1 DAGs
[2022-08-29T12:34:48.831-0400] {logging_mixin.py:115} INFO - [2022-08-29T12:34:48.831-0400] {dag.py:2977} INFO - Setting next_dagrun for example_nested_branch_dag to 2022-08-28T00:00:00+00:00, run_after=2022-08-29T00:00:00+00:00
[2022-08-29T12:34:48.883-0400] {processor.py:161} INFO - Processing /home/augenz/PycharmProjects/airflow/.env_airflow/lib/python3.9/site-packages/airflow/example_dags/example_nested_branch_dag.py took 0.188 seconds
[2022-08-29T12:35:19.300-0400] {processor.py:153} INFO - Started process (PID=549) to work on /home/augenz/PycharmProjects/airflow/.env_airflow/lib/python3.9/site-packages/airflow/example_dags/example_nested_branch_dag.py
[2022-08-29T12:35:19.301-0400] {processor.py:640} INFO - Processing file /home/augenz/PycharmProjects/airflow/.env_airflow/lib/python3.9/site-packages/airflow/example_dags/example_nested_branch_dag.py for tasks to queue
[2022-08-29T12:35:19.302-0400] {logging_mixin.py:115} INFO - [2022-08-29T12:35:19.302-0400] {dagbag.py:508} INFO - Filling up the DagBag from /home/augenz/PycharmProjects/airflow/.env_airflow/lib/python3.9/site-packages/airflow/example_dags/example_nested_branch_dag.py
[2022-08-29T12:35:19.316-0400] {processor.py:650} INFO - DAG(s) dict_keys(['example_nested_branch_dag']) retrieved from /home/augenz/PycharmProjects/airflow/.env_airflow/lib/python3.9/site-packages/airflow/example_dags/example_nested_branch_dag.py
[2022-08-29T12:35:19.362-0400] {logging_mixin.py:115} INFO - [2022-08-29T12:35:19.362-0400] {dag.py:2429} INFO - Sync 1 DAGs
[2022-08-29T12:35:19.397-0400] {logging_mixin.py:115} INFO - [2022-08-29T12:35:19.397-0400] {dag.py:2977} INFO - Setting next_dagrun for example_nested_branch_dag to 2022-08-28T00:00:00+00:00, run_after=2022-08-29T00:00:00+00:00
[2022-08-29T12:35:19.433-0400] {processor.py:161} INFO - Processing /home/augenz/PycharmProjects/airflow/.env_airflow/lib/python3.9/site-packages/airflow/example_dags/example_nested_branch_dag.py took 0.138 seconds
[2022-08-29T12:35:52.209-0400] {processor.py:153} INFO - Started process (PID=592) to work on /home/augenz/PycharmProjects/airflow/.env_airflow/lib/python3.9/site-packages/airflow/example_dags/example_nested_branch_dag.py
[2022-08-29T12:35:52.229-0400] {processor.py:640} INFO - Processing file /home/augenz/PycharmProjects/airflow/.env_airflow/lib/python3.9/site-packages/airflow/example_dags/example_nested_branch_dag.py for tasks to queue
[2022-08-29T12:35:52.230-0400] {logging_mixin.py:115} INFO - [2022-08-29T12:35:52.230-0400] {dagbag.py:508} INFO - Filling up the DagBag from /home/augenz/PycharmProjects/airflow/.env_airflow/lib/python3.9/site-packages/airflow/example_dags/example_nested_branch_dag.py
[2022-08-29T12:35:52.244-0400] {processor.py:650} INFO - DAG(s) dict_keys(['example_nested_branch_dag']) retrieved from /home/augenz/PycharmProjects/airflow/.env_airflow/lib/python3.9/site-packages/airflow/example_dags/example_nested_branch_dag.py
[2022-08-29T12:35:52.707-0400] {logging_mixin.py:115} INFO - [2022-08-29T12:35:52.707-0400] {dag.py:2429} INFO - Sync 1 DAGs
[2022-08-29T12:35:52.738-0400] {logging_mixin.py:115} INFO - [2022-08-29T12:35:52.738-0400] {dag.py:2977} INFO - Setting next_dagrun for example_nested_branch_dag to 2022-08-28T00:00:00+00:00, run_after=2022-08-29T00:00:00+00:00
[2022-08-29T12:35:52.781-0400] {processor.py:161} INFO - Processing /home/augenz/PycharmProjects/airflow/.env_airflow/lib/python3.9/site-packages/airflow/example_dags/example_nested_branch_dag.py took 0.576 seconds
[2022-08-29T12:36:23.194-0400] {processor.py:153} INFO - Started process (PID=626) to work on /home/augenz/PycharmProjects/airflow/.env_airflow/lib/python3.9/site-packages/airflow/example_dags/example_nested_branch_dag.py
[2022-08-29T12:36:23.196-0400] {processor.py:640} INFO - Processing file /home/augenz/PycharmProjects/airflow/.env_airflow/lib/python3.9/site-packages/airflow/example_dags/example_nested_branch_dag.py for tasks to queue
[2022-08-29T12:36:23.197-0400] {logging_mixin.py:115} INFO - [2022-08-29T12:36:23.197-0400] {dagbag.py:508} INFO - Filling up the DagBag from /home/augenz/PycharmProjects/airflow/.env_airflow/lib/python3.9/site-packages/airflow/example_dags/example_nested_branch_dag.py
[2022-08-29T12:36:23.216-0400] {processor.py:650} INFO - DAG(s) dict_keys(['example_nested_branch_dag']) retrieved from /home/augenz/PycharmProjects/airflow/.env_airflow/lib/python3.9/site-packages/airflow/example_dags/example_nested_branch_dag.py
[2022-08-29T12:36:23.680-0400] {logging_mixin.py:115} INFO - [2022-08-29T12:36:23.680-0400] {dag.py:2429} INFO - Sync 1 DAGs
[2022-08-29T12:36:23.709-0400] {logging_mixin.py:115} INFO - [2022-08-29T12:36:23.709-0400] {dag.py:2977} INFO - Setting next_dagrun for example_nested_branch_dag to 2022-08-28T00:00:00+00:00, run_after=2022-08-29T00:00:00+00:00
[2022-08-29T12:36:23.742-0400] {processor.py:161} INFO - Processing /home/augenz/PycharmProjects/airflow/.env_airflow/lib/python3.9/site-packages/airflow/example_dags/example_nested_branch_dag.py took 0.553 seconds
[2022-08-29T12:36:56.275-0400] {processor.py:153} INFO - Started process (PID=677) to work on /home/augenz/PycharmProjects/airflow/.env_airflow/lib/python3.9/site-packages/airflow/example_dags/example_nested_branch_dag.py
[2022-08-29T12:36:56.298-0400] {processor.py:640} INFO - Processing file /home/augenz/PycharmProjects/airflow/.env_airflow/lib/python3.9/site-packages/airflow/example_dags/example_nested_branch_dag.py for tasks to queue
[2022-08-29T12:36:56.299-0400] {logging_mixin.py:115} INFO - [2022-08-29T12:36:56.299-0400] {dagbag.py:508} INFO - Filling up the DagBag from /home/augenz/PycharmProjects/airflow/.env_airflow/lib/python3.9/site-packages/airflow/example_dags/example_nested_branch_dag.py
[2022-08-29T12:36:56.332-0400] {processor.py:650} INFO - DAG(s) dict_keys(['example_nested_branch_dag']) retrieved from /home/augenz/PycharmProjects/airflow/.env_airflow/lib/python3.9/site-packages/airflow/example_dags/example_nested_branch_dag.py
[2022-08-29T12:36:58.101-0400] {logging_mixin.py:115} INFO - [2022-08-29T12:36:58.100-0400] {dag.py:2429} INFO - Sync 1 DAGs
[2022-08-29T12:36:58.191-0400] {logging_mixin.py:115} INFO - [2022-08-29T12:36:58.191-0400] {dag.py:2977} INFO - Setting next_dagrun for example_nested_branch_dag to 2022-08-28T00:00:00+00:00, run_after=2022-08-29T00:00:00+00:00
[2022-08-29T12:36:58.244-0400] {processor.py:161} INFO - Processing /home/augenz/PycharmProjects/airflow/.env_airflow/lib/python3.9/site-packages/airflow/example_dags/example_nested_branch_dag.py took 1.976 seconds
[2022-08-29T12:37:32.918-0400] {processor.py:153} INFO - Started process (PID=719) to work on /home/augenz/PycharmProjects/airflow/.env_airflow/lib/python3.9/site-packages/airflow/example_dags/example_nested_branch_dag.py
[2022-08-29T12:37:32.943-0400] {processor.py:640} INFO - Processing file /home/augenz/PycharmProjects/airflow/.env_airflow/lib/python3.9/site-packages/airflow/example_dags/example_nested_branch_dag.py for tasks to queue
[2022-08-29T12:37:32.944-0400] {logging_mixin.py:115} INFO - [2022-08-29T12:37:32.944-0400] {dagbag.py:508} INFO - Filling up the DagBag from /home/augenz/PycharmProjects/airflow/.env_airflow/lib/python3.9/site-packages/airflow/example_dags/example_nested_branch_dag.py
[2022-08-29T12:37:33.014-0400] {processor.py:650} INFO - DAG(s) dict_keys(['example_nested_branch_dag']) retrieved from /home/augenz/PycharmProjects/airflow/.env_airflow/lib/python3.9/site-packages/airflow/example_dags/example_nested_branch_dag.py
[2022-08-29T12:37:34.543-0400] {logging_mixin.py:115} INFO - [2022-08-29T12:37:34.542-0400] {dag.py:2429} INFO - Sync 1 DAGs
[2022-08-29T12:37:34.607-0400] {logging_mixin.py:115} INFO - [2022-08-29T12:37:34.607-0400] {dag.py:2977} INFO - Setting next_dagrun for example_nested_branch_dag to 2022-08-28T00:00:00+00:00, run_after=2022-08-29T00:00:00+00:00
[2022-08-29T12:37:34.672-0400] {processor.py:161} INFO - Processing /home/augenz/PycharmProjects/airflow/.env_airflow/lib/python3.9/site-packages/airflow/example_dags/example_nested_branch_dag.py took 1.768 seconds
[2022-08-29T12:38:05.302-0400] {processor.py:153} INFO - Started process (PID=778) to work on /home/augenz/PycharmProjects/airflow/.env_airflow/lib/python3.9/site-packages/airflow/example_dags/example_nested_branch_dag.py
[2022-08-29T12:38:05.363-0400] {processor.py:640} INFO - Processing file /home/augenz/PycharmProjects/airflow/.env_airflow/lib/python3.9/site-packages/airflow/example_dags/example_nested_branch_dag.py for tasks to queue
[2022-08-29T12:38:05.365-0400] {logging_mixin.py:115} INFO - [2022-08-29T12:38:05.365-0400] {dagbag.py:508} INFO - Filling up the DagBag from /home/augenz/PycharmProjects/airflow/.env_airflow/lib/python3.9/site-packages/airflow/example_dags/example_nested_branch_dag.py
[2022-08-29T12:38:05.405-0400] {processor.py:650} INFO - DAG(s) dict_keys(['example_nested_branch_dag']) retrieved from /home/augenz/PycharmProjects/airflow/.env_airflow/lib/python3.9/site-packages/airflow/example_dags/example_nested_branch_dag.py
[2022-08-29T12:38:06.546-0400] {logging_mixin.py:115} INFO - [2022-08-29T12:38:06.545-0400] {dag.py:2429} INFO - Sync 1 DAGs
[2022-08-29T12:38:06.635-0400] {logging_mixin.py:115} INFO - [2022-08-29T12:38:06.635-0400] {dag.py:2977} INFO - Setting next_dagrun for example_nested_branch_dag to 2022-08-28T00:00:00+00:00, run_after=2022-08-29T00:00:00+00:00
[2022-08-29T12:38:06.709-0400] {processor.py:161} INFO - Processing /home/augenz/PycharmProjects/airflow/.env_airflow/lib/python3.9/site-packages/airflow/example_dags/example_nested_branch_dag.py took 1.423 seconds
[2022-08-29T12:38:36.929-0400] {processor.py:153} INFO - Started process (PID=816) to work on /home/augenz/PycharmProjects/airflow/.env_airflow/lib/python3.9/site-packages/airflow/example_dags/example_nested_branch_dag.py
[2022-08-29T12:38:36.943-0400] {processor.py:640} INFO - Processing file /home/augenz/PycharmProjects/airflow/.env_airflow/lib/python3.9/site-packages/airflow/example_dags/example_nested_branch_dag.py for tasks to queue
[2022-08-29T12:38:36.944-0400] {logging_mixin.py:115} INFO - [2022-08-29T12:38:36.944-0400] {dagbag.py:508} INFO - Filling up the DagBag from /home/augenz/PycharmProjects/airflow/.env_airflow/lib/python3.9/site-packages/airflow/example_dags/example_nested_branch_dag.py
[2022-08-29T12:38:36.960-0400] {processor.py:650} INFO - DAG(s) dict_keys(['example_nested_branch_dag']) retrieved from /home/augenz/PycharmProjects/airflow/.env_airflow/lib/python3.9/site-packages/airflow/example_dags/example_nested_branch_dag.py
[2022-08-29T12:38:37.511-0400] {logging_mixin.py:115} INFO - [2022-08-29T12:38:37.510-0400] {dag.py:2429} INFO - Sync 1 DAGs
[2022-08-29T12:38:37.605-0400] {logging_mixin.py:115} INFO - [2022-08-29T12:38:37.604-0400] {dag.py:2977} INFO - Setting next_dagrun for example_nested_branch_dag to 2022-08-28T00:00:00+00:00, run_after=2022-08-29T00:00:00+00:00
[2022-08-29T12:38:37.668-0400] {processor.py:161} INFO - Processing /home/augenz/PycharmProjects/airflow/.env_airflow/lib/python3.9/site-packages/airflow/example_dags/example_nested_branch_dag.py took 0.744 seconds
[2022-08-29T12:39:08.270-0400] {processor.py:153} INFO - Started process (PID=851) to work on /home/augenz/PycharmProjects/airflow/.env_airflow/lib/python3.9/site-packages/airflow/example_dags/example_nested_branch_dag.py
[2022-08-29T12:39:08.271-0400] {processor.py:640} INFO - Processing file /home/augenz/PycharmProjects/airflow/.env_airflow/lib/python3.9/site-packages/airflow/example_dags/example_nested_branch_dag.py for tasks to queue
[2022-08-29T12:39:08.272-0400] {logging_mixin.py:115} INFO - [2022-08-29T12:39:08.272-0400] {dagbag.py:508} INFO - Filling up the DagBag from /home/augenz/PycharmProjects/airflow/.env_airflow/lib/python3.9/site-packages/airflow/example_dags/example_nested_branch_dag.py
[2022-08-29T12:39:08.290-0400] {processor.py:650} INFO - DAG(s) dict_keys(['example_nested_branch_dag']) retrieved from /home/augenz/PycharmProjects/airflow/.env_airflow/lib/python3.9/site-packages/airflow/example_dags/example_nested_branch_dag.py
[2022-08-29T12:39:08.796-0400] {logging_mixin.py:115} INFO - [2022-08-29T12:39:08.796-0400] {dag.py:2429} INFO - Sync 1 DAGs
[2022-08-29T12:39:08.834-0400] {logging_mixin.py:115} INFO - [2022-08-29T12:39:08.834-0400] {dag.py:2977} INFO - Setting next_dagrun for example_nested_branch_dag to 2022-08-28T00:00:00+00:00, run_after=2022-08-29T00:00:00+00:00
[2022-08-29T12:39:08.897-0400] {processor.py:161} INFO - Processing /home/augenz/PycharmProjects/airflow/.env_airflow/lib/python3.9/site-packages/airflow/example_dags/example_nested_branch_dag.py took 0.631 seconds
[2022-08-29T12:39:39.256-0400] {processor.py:153} INFO - Started process (PID=885) to work on /home/augenz/PycharmProjects/airflow/.env_airflow/lib/python3.9/site-packages/airflow/example_dags/example_nested_branch_dag.py
[2022-08-29T12:39:39.257-0400] {processor.py:640} INFO - Processing file /home/augenz/PycharmProjects/airflow/.env_airflow/lib/python3.9/site-packages/airflow/example_dags/example_nested_branch_dag.py for tasks to queue
[2022-08-29T12:39:39.258-0400] {logging_mixin.py:115} INFO - [2022-08-29T12:39:39.258-0400] {dagbag.py:508} INFO - Filling up the DagBag from /home/augenz/PycharmProjects/airflow/.env_airflow/lib/python3.9/site-packages/airflow/example_dags/example_nested_branch_dag.py
[2022-08-29T12:39:39.275-0400] {processor.py:650} INFO - DAG(s) dict_keys(['example_nested_branch_dag']) retrieved from /home/augenz/PycharmProjects/airflow/.env_airflow/lib/python3.9/site-packages/airflow/example_dags/example_nested_branch_dag.py
[2022-08-29T12:39:39.732-0400] {logging_mixin.py:115} INFO - [2022-08-29T12:39:39.731-0400] {dag.py:2429} INFO - Sync 1 DAGs
[2022-08-29T12:39:39.762-0400] {logging_mixin.py:115} INFO - [2022-08-29T12:39:39.762-0400] {dag.py:2977} INFO - Setting next_dagrun for example_nested_branch_dag to 2022-08-28T00:00:00+00:00, run_after=2022-08-29T00:00:00+00:00
[2022-08-29T12:39:39.801-0400] {processor.py:161} INFO - Processing /home/augenz/PycharmProjects/airflow/.env_airflow/lib/python3.9/site-packages/airflow/example_dags/example_nested_branch_dag.py took 0.550 seconds
[2022-08-29T12:40:10.404-0400] {processor.py:153} INFO - Started process (PID=924) to work on /home/augenz/PycharmProjects/airflow/.env_airflow/lib/python3.9/site-packages/airflow/example_dags/example_nested_branch_dag.py
[2022-08-29T12:40:10.405-0400] {processor.py:640} INFO - Processing file /home/augenz/PycharmProjects/airflow/.env_airflow/lib/python3.9/site-packages/airflow/example_dags/example_nested_branch_dag.py for tasks to queue
[2022-08-29T12:40:10.407-0400] {logging_mixin.py:115} INFO - [2022-08-29T12:40:10.406-0400] {dagbag.py:508} INFO - Filling up the DagBag from /home/augenz/PycharmProjects/airflow/.env_airflow/lib/python3.9/site-packages/airflow/example_dags/example_nested_branch_dag.py
[2022-08-29T12:40:10.430-0400] {processor.py:650} INFO - DAG(s) dict_keys(['example_nested_branch_dag']) retrieved from /home/augenz/PycharmProjects/airflow/.env_airflow/lib/python3.9/site-packages/airflow/example_dags/example_nested_branch_dag.py
[2022-08-29T12:40:11.035-0400] {logging_mixin.py:115} INFO - [2022-08-29T12:40:11.034-0400] {dag.py:2429} INFO - Sync 1 DAGs
[2022-08-29T12:40:11.066-0400] {logging_mixin.py:115} INFO - [2022-08-29T12:40:11.066-0400] {dag.py:2977} INFO - Setting next_dagrun for example_nested_branch_dag to 2022-08-28T00:00:00+00:00, run_after=2022-08-29T00:00:00+00:00
[2022-08-29T12:40:11.149-0400] {processor.py:161} INFO - Processing /home/augenz/PycharmProjects/airflow/.env_airflow/lib/python3.9/site-packages/airflow/example_dags/example_nested_branch_dag.py took 0.752 seconds
[2022-08-29T12:40:41.477-0400] {processor.py:153} INFO - Started process (PID=959) to work on /home/augenz/PycharmProjects/airflow/.env_airflow/lib/python3.9/site-packages/airflow/example_dags/example_nested_branch_dag.py
[2022-08-29T12:40:41.478-0400] {processor.py:640} INFO - Processing file /home/augenz/PycharmProjects/airflow/.env_airflow/lib/python3.9/site-packages/airflow/example_dags/example_nested_branch_dag.py for tasks to queue
[2022-08-29T12:40:41.479-0400] {logging_mixin.py:115} INFO - [2022-08-29T12:40:41.479-0400] {dagbag.py:508} INFO - Filling up the DagBag from /home/augenz/PycharmProjects/airflow/.env_airflow/lib/python3.9/site-packages/airflow/example_dags/example_nested_branch_dag.py
[2022-08-29T12:40:41.495-0400] {processor.py:650} INFO - DAG(s) dict_keys(['example_nested_branch_dag']) retrieved from /home/augenz/PycharmProjects/airflow/.env_airflow/lib/python3.9/site-packages/airflow/example_dags/example_nested_branch_dag.py
[2022-08-29T12:40:41.984-0400] {logging_mixin.py:115} INFO - [2022-08-29T12:40:41.984-0400] {dag.py:2429} INFO - Sync 1 DAGs
[2022-08-29T12:40:42.016-0400] {logging_mixin.py:115} INFO - [2022-08-29T12:40:42.015-0400] {dag.py:2977} INFO - Setting next_dagrun for example_nested_branch_dag to 2022-08-28T00:00:00+00:00, run_after=2022-08-29T00:00:00+00:00
[2022-08-29T12:40:42.093-0400] {processor.py:161} INFO - Processing /home/augenz/PycharmProjects/airflow/.env_airflow/lib/python3.9/site-packages/airflow/example_dags/example_nested_branch_dag.py took 0.621 seconds
[2022-08-29T12:41:12.132-0400] {processor.py:153} INFO - Started process (PID=993) to work on /home/augenz/PycharmProjects/airflow/.env_airflow/lib/python3.9/site-packages/airflow/example_dags/example_nested_branch_dag.py
[2022-08-29T12:41:12.133-0400] {processor.py:640} INFO - Processing file /home/augenz/PycharmProjects/airflow/.env_airflow/lib/python3.9/site-packages/airflow/example_dags/example_nested_branch_dag.py for tasks to queue
[2022-08-29T12:41:12.134-0400] {logging_mixin.py:115} INFO - [2022-08-29T12:41:12.134-0400] {dagbag.py:508} INFO - Filling up the DagBag from /home/augenz/PycharmProjects/airflow/.env_airflow/lib/python3.9/site-packages/airflow/example_dags/example_nested_branch_dag.py
[2022-08-29T12:41:12.150-0400] {processor.py:650} INFO - DAG(s) dict_keys(['example_nested_branch_dag']) retrieved from /home/augenz/PycharmProjects/airflow/.env_airflow/lib/python3.9/site-packages/airflow/example_dags/example_nested_branch_dag.py
[2022-08-29T12:41:12.602-0400] {logging_mixin.py:115} INFO - [2022-08-29T12:41:12.601-0400] {dag.py:2429} INFO - Sync 1 DAGs
[2022-08-29T12:41:12.632-0400] {logging_mixin.py:115} INFO - [2022-08-29T12:41:12.632-0400] {dag.py:2977} INFO - Setting next_dagrun for example_nested_branch_dag to 2022-08-28T00:00:00+00:00, run_after=2022-08-29T00:00:00+00:00
[2022-08-29T12:41:12.699-0400] {processor.py:161} INFO - Processing /home/augenz/PycharmProjects/airflow/.env_airflow/lib/python3.9/site-packages/airflow/example_dags/example_nested_branch_dag.py took 0.572 seconds
[2022-08-29T12:41:43.010-0400] {processor.py:153} INFO - Started process (PID=1037) to work on /home/augenz/PycharmProjects/airflow/.env_airflow/lib/python3.9/site-packages/airflow/example_dags/example_nested_branch_dag.py
[2022-08-29T12:41:43.012-0400] {processor.py:640} INFO - Processing file /home/augenz/PycharmProjects/airflow/.env_airflow/lib/python3.9/site-packages/airflow/example_dags/example_nested_branch_dag.py for tasks to queue
[2022-08-29T12:41:43.012-0400] {logging_mixin.py:115} INFO - [2022-08-29T12:41:43.012-0400] {dagbag.py:508} INFO - Filling up the DagBag from /home/augenz/PycharmProjects/airflow/.env_airflow/lib/python3.9/site-packages/airflow/example_dags/example_nested_branch_dag.py
[2022-08-29T12:41:43.031-0400] {processor.py:650} INFO - DAG(s) dict_keys(['example_nested_branch_dag']) retrieved from /home/augenz/PycharmProjects/airflow/.env_airflow/lib/python3.9/site-packages/airflow/example_dags/example_nested_branch_dag.py
[2022-08-29T12:41:43.490-0400] {logging_mixin.py:115} INFO - [2022-08-29T12:41:43.489-0400] {dag.py:2429} INFO - Sync 1 DAGs
[2022-08-29T12:41:43.520-0400] {logging_mixin.py:115} INFO - [2022-08-29T12:41:43.520-0400] {dag.py:2977} INFO - Setting next_dagrun for example_nested_branch_dag to 2022-08-28T00:00:00+00:00, run_after=2022-08-29T00:00:00+00:00
[2022-08-29T12:41:43.595-0400] {processor.py:161} INFO - Processing /home/augenz/PycharmProjects/airflow/.env_airflow/lib/python3.9/site-packages/airflow/example_dags/example_nested_branch_dag.py took 0.590 seconds
[2022-08-29T12:42:14.014-0400] {processor.py:153} INFO - Started process (PID=1071) to work on /home/augenz/PycharmProjects/airflow/.env_airflow/lib/python3.9/site-packages/airflow/example_dags/example_nested_branch_dag.py
[2022-08-29T12:42:14.015-0400] {processor.py:640} INFO - Processing file /home/augenz/PycharmProjects/airflow/.env_airflow/lib/python3.9/site-packages/airflow/example_dags/example_nested_branch_dag.py for tasks to queue
[2022-08-29T12:42:14.016-0400] {logging_mixin.py:115} INFO - [2022-08-29T12:42:14.016-0400] {dagbag.py:508} INFO - Filling up the DagBag from /home/augenz/PycharmProjects/airflow/.env_airflow/lib/python3.9/site-packages/airflow/example_dags/example_nested_branch_dag.py
[2022-08-29T12:42:14.034-0400] {processor.py:650} INFO - DAG(s) dict_keys(['example_nested_branch_dag']) retrieved from /home/augenz/PycharmProjects/airflow/.env_airflow/lib/python3.9/site-packages/airflow/example_dags/example_nested_branch_dag.py
[2022-08-29T12:42:14.542-0400] {logging_mixin.py:115} INFO - [2022-08-29T12:42:14.541-0400] {dag.py:2429} INFO - Sync 1 DAGs
[2022-08-29T12:42:14.573-0400] {logging_mixin.py:115} INFO - [2022-08-29T12:42:14.572-0400] {dag.py:2977} INFO - Setting next_dagrun for example_nested_branch_dag to 2022-08-28T00:00:00+00:00, run_after=2022-08-29T00:00:00+00:00
[2022-08-29T12:42:14.625-0400] {processor.py:161} INFO - Processing /home/augenz/PycharmProjects/airflow/.env_airflow/lib/python3.9/site-packages/airflow/example_dags/example_nested_branch_dag.py took 0.616 seconds
[2022-08-29T12:42:44.984-0400] {processor.py:153} INFO - Started process (PID=1105) to work on /home/augenz/PycharmProjects/airflow/.env_airflow/lib/python3.9/site-packages/airflow/example_dags/example_nested_branch_dag.py
[2022-08-29T12:42:44.985-0400] {processor.py:640} INFO - Processing file /home/augenz/PycharmProjects/airflow/.env_airflow/lib/python3.9/site-packages/airflow/example_dags/example_nested_branch_dag.py for tasks to queue
[2022-08-29T12:42:44.986-0400] {logging_mixin.py:115} INFO - [2022-08-29T12:42:44.986-0400] {dagbag.py:508} INFO - Filling up the DagBag from /home/augenz/PycharmProjects/airflow/.env_airflow/lib/python3.9/site-packages/airflow/example_dags/example_nested_branch_dag.py
[2022-08-29T12:42:45.003-0400] {processor.py:650} INFO - DAG(s) dict_keys(['example_nested_branch_dag']) retrieved from /home/augenz/PycharmProjects/airflow/.env_airflow/lib/python3.9/site-packages/airflow/example_dags/example_nested_branch_dag.py
[2022-08-29T12:42:45.595-0400] {logging_mixin.py:115} INFO - [2022-08-29T12:42:45.595-0400] {dag.py:2429} INFO - Sync 1 DAGs
[2022-08-29T12:42:45.624-0400] {logging_mixin.py:115} INFO - [2022-08-29T12:42:45.624-0400] {dag.py:2977} INFO - Setting next_dagrun for example_nested_branch_dag to 2022-08-28T00:00:00+00:00, run_after=2022-08-29T00:00:00+00:00
[2022-08-29T12:42:45.688-0400] {processor.py:161} INFO - Processing /home/augenz/PycharmProjects/airflow/.env_airflow/lib/python3.9/site-packages/airflow/example_dags/example_nested_branch_dag.py took 0.710 seconds
[2022-08-29T12:43:16.622-0400] {processor.py:153} INFO - Started process (PID=1140) to work on /home/augenz/PycharmProjects/airflow/.env_airflow/lib/python3.9/site-packages/airflow/example_dags/example_nested_branch_dag.py
[2022-08-29T12:43:16.628-0400] {processor.py:640} INFO - Processing file /home/augenz/PycharmProjects/airflow/.env_airflow/lib/python3.9/site-packages/airflow/example_dags/example_nested_branch_dag.py for tasks to queue
[2022-08-29T12:43:16.629-0400] {logging_mixin.py:115} INFO - [2022-08-29T12:43:16.629-0400] {dagbag.py:508} INFO - Filling up the DagBag from /home/augenz/PycharmProjects/airflow/.env_airflow/lib/python3.9/site-packages/airflow/example_dags/example_nested_branch_dag.py
[2022-08-29T12:43:16.654-0400] {processor.py:650} INFO - DAG(s) dict_keys(['example_nested_branch_dag']) retrieved from /home/augenz/PycharmProjects/airflow/.env_airflow/lib/python3.9/site-packages/airflow/example_dags/example_nested_branch_dag.py
[2022-08-29T12:43:17.275-0400] {logging_mixin.py:115} INFO - [2022-08-29T12:43:17.275-0400] {dag.py:2429} INFO - Sync 1 DAGs
[2022-08-29T12:43:17.312-0400] {logging_mixin.py:115} INFO - [2022-08-29T12:43:17.312-0400] {dag.py:2977} INFO - Setting next_dagrun for example_nested_branch_dag to 2022-08-28T00:00:00+00:00, run_after=2022-08-29T00:00:00+00:00
[2022-08-29T12:43:17.375-0400] {processor.py:161} INFO - Processing /home/augenz/PycharmProjects/airflow/.env_airflow/lib/python3.9/site-packages/airflow/example_dags/example_nested_branch_dag.py took 0.758 seconds
[2022-08-29T12:43:47.841-0400] {processor.py:153} INFO - Started process (PID=1174) to work on /home/augenz/PycharmProjects/airflow/.env_airflow/lib/python3.9/site-packages/airflow/example_dags/example_nested_branch_dag.py
[2022-08-29T12:43:47.842-0400] {processor.py:640} INFO - Processing file /home/augenz/PycharmProjects/airflow/.env_airflow/lib/python3.9/site-packages/airflow/example_dags/example_nested_branch_dag.py for tasks to queue
[2022-08-29T12:43:47.843-0400] {logging_mixin.py:115} INFO - [2022-08-29T12:43:47.843-0400] {dagbag.py:508} INFO - Filling up the DagBag from /home/augenz/PycharmProjects/airflow/.env_airflow/lib/python3.9/site-packages/airflow/example_dags/example_nested_branch_dag.py
[2022-08-29T12:43:47.859-0400] {processor.py:650} INFO - DAG(s) dict_keys(['example_nested_branch_dag']) retrieved from /home/augenz/PycharmProjects/airflow/.env_airflow/lib/python3.9/site-packages/airflow/example_dags/example_nested_branch_dag.py
[2022-08-29T12:43:48.324-0400] {logging_mixin.py:115} INFO - [2022-08-29T12:43:48.324-0400] {dag.py:2429} INFO - Sync 1 DAGs
[2022-08-29T12:43:48.354-0400] {logging_mixin.py:115} INFO - [2022-08-29T12:43:48.354-0400] {dag.py:2977} INFO - Setting next_dagrun for example_nested_branch_dag to 2022-08-28T00:00:00+00:00, run_after=2022-08-29T00:00:00+00:00
[2022-08-29T12:43:48.397-0400] {processor.py:161} INFO - Processing /home/augenz/PycharmProjects/airflow/.env_airflow/lib/python3.9/site-packages/airflow/example_dags/example_nested_branch_dag.py took 0.562 seconds
[2022-08-29T12:44:18.733-0400] {processor.py:153} INFO - Started process (PID=1208) to work on /home/augenz/PycharmProjects/airflow/.env_airflow/lib/python3.9/site-packages/airflow/example_dags/example_nested_branch_dag.py
[2022-08-29T12:44:18.735-0400] {processor.py:640} INFO - Processing file /home/augenz/PycharmProjects/airflow/.env_airflow/lib/python3.9/site-packages/airflow/example_dags/example_nested_branch_dag.py for tasks to queue
[2022-08-29T12:44:18.735-0400] {logging_mixin.py:115} INFO - [2022-08-29T12:44:18.735-0400] {dagbag.py:508} INFO - Filling up the DagBag from /home/augenz/PycharmProjects/airflow/.env_airflow/lib/python3.9/site-packages/airflow/example_dags/example_nested_branch_dag.py
[2022-08-29T12:44:18.750-0400] {processor.py:650} INFO - DAG(s) dict_keys(['example_nested_branch_dag']) retrieved from /home/augenz/PycharmProjects/airflow/.env_airflow/lib/python3.9/site-packages/airflow/example_dags/example_nested_branch_dag.py
[2022-08-29T12:44:19.363-0400] {logging_mixin.py:115} INFO - [2022-08-29T12:44:19.362-0400] {dag.py:2429} INFO - Sync 1 DAGs
[2022-08-29T12:44:19.393-0400] {logging_mixin.py:115} INFO - [2022-08-29T12:44:19.393-0400] {dag.py:2977} INFO - Setting next_dagrun for example_nested_branch_dag to 2022-08-28T00:00:00+00:00, run_after=2022-08-29T00:00:00+00:00
[2022-08-29T12:44:19.426-0400] {processor.py:161} INFO - Processing /home/augenz/PycharmProjects/airflow/.env_airflow/lib/python3.9/site-packages/airflow/example_dags/example_nested_branch_dag.py took 0.698 seconds
[2022-08-29T12:44:49.573-0400] {processor.py:153} INFO - Started process (PID=1256) to work on /home/augenz/PycharmProjects/airflow/.env_airflow/lib/python3.9/site-packages/airflow/example_dags/example_nested_branch_dag.py
[2022-08-29T12:44:49.579-0400] {processor.py:640} INFO - Processing file /home/augenz/PycharmProjects/airflow/.env_airflow/lib/python3.9/site-packages/airflow/example_dags/example_nested_branch_dag.py for tasks to queue
[2022-08-29T12:44:49.580-0400] {logging_mixin.py:115} INFO - [2022-08-29T12:44:49.580-0400] {dagbag.py:508} INFO - Filling up the DagBag from /home/augenz/PycharmProjects/airflow/.env_airflow/lib/python3.9/site-packages/airflow/example_dags/example_nested_branch_dag.py
[2022-08-29T12:44:49.596-0400] {processor.py:650} INFO - DAG(s) dict_keys(['example_nested_branch_dag']) retrieved from /home/augenz/PycharmProjects/airflow/.env_airflow/lib/python3.9/site-packages/airflow/example_dags/example_nested_branch_dag.py
[2022-08-29T12:44:50.060-0400] {logging_mixin.py:115} INFO - [2022-08-29T12:44:50.059-0400] {dag.py:2429} INFO - Sync 1 DAGs
[2022-08-29T12:44:50.094-0400] {logging_mixin.py:115} INFO - [2022-08-29T12:44:50.094-0400] {dag.py:2977} INFO - Setting next_dagrun for example_nested_branch_dag to 2022-08-28T00:00:00+00:00, run_after=2022-08-29T00:00:00+00:00
[2022-08-29T12:44:50.139-0400] {processor.py:161} INFO - Processing /home/augenz/PycharmProjects/airflow/.env_airflow/lib/python3.9/site-packages/airflow/example_dags/example_nested_branch_dag.py took 0.571 seconds
[2022-08-29T12:45:20.251-0400] {processor.py:153} INFO - Started process (PID=1290) to work on /home/augenz/PycharmProjects/airflow/.env_airflow/lib/python3.9/site-packages/airflow/example_dags/example_nested_branch_dag.py
[2022-08-29T12:45:20.253-0400] {processor.py:640} INFO - Processing file /home/augenz/PycharmProjects/airflow/.env_airflow/lib/python3.9/site-packages/airflow/example_dags/example_nested_branch_dag.py for tasks to queue
[2022-08-29T12:45:20.253-0400] {logging_mixin.py:115} INFO - [2022-08-29T12:45:20.253-0400] {dagbag.py:508} INFO - Filling up the DagBag from /home/augenz/PycharmProjects/airflow/.env_airflow/lib/python3.9/site-packages/airflow/example_dags/example_nested_branch_dag.py
[2022-08-29T12:45:20.268-0400] {processor.py:650} INFO - DAG(s) dict_keys(['example_nested_branch_dag']) retrieved from /home/augenz/PycharmProjects/airflow/.env_airflow/lib/python3.9/site-packages/airflow/example_dags/example_nested_branch_dag.py
[2022-08-29T12:45:20.827-0400] {logging_mixin.py:115} INFO - [2022-08-29T12:45:20.827-0400] {dag.py:2429} INFO - Sync 1 DAGs
[2022-08-29T12:45:20.859-0400] {logging_mixin.py:115} INFO - [2022-08-29T12:45:20.859-0400] {dag.py:2977} INFO - Setting next_dagrun for example_nested_branch_dag to 2022-08-28T00:00:00+00:00, run_after=2022-08-29T00:00:00+00:00
[2022-08-29T12:45:20.894-0400] {processor.py:161} INFO - Processing /home/augenz/PycharmProjects/airflow/.env_airflow/lib/python3.9/site-packages/airflow/example_dags/example_nested_branch_dag.py took 0.648 seconds
[2022-08-29T12:45:51.319-0400] {processor.py:153} INFO - Started process (PID=1325) to work on /home/augenz/PycharmProjects/airflow/.env_airflow/lib/python3.9/site-packages/airflow/example_dags/example_nested_branch_dag.py
[2022-08-29T12:45:51.320-0400] {processor.py:640} INFO - Processing file /home/augenz/PycharmProjects/airflow/.env_airflow/lib/python3.9/site-packages/airflow/example_dags/example_nested_branch_dag.py for tasks to queue
[2022-08-29T12:45:51.321-0400] {logging_mixin.py:115} INFO - [2022-08-29T12:45:51.321-0400] {dagbag.py:508} INFO - Filling up the DagBag from /home/augenz/PycharmProjects/airflow/.env_airflow/lib/python3.9/site-packages/airflow/example_dags/example_nested_branch_dag.py
[2022-08-29T12:45:51.338-0400] {processor.py:650} INFO - DAG(s) dict_keys(['example_nested_branch_dag']) retrieved from /home/augenz/PycharmProjects/airflow/.env_airflow/lib/python3.9/site-packages/airflow/example_dags/example_nested_branch_dag.py
[2022-08-29T12:45:51.803-0400] {logging_mixin.py:115} INFO - [2022-08-29T12:45:51.802-0400] {dag.py:2429} INFO - Sync 1 DAGs
[2022-08-29T12:45:51.832-0400] {logging_mixin.py:115} INFO - [2022-08-29T12:45:51.832-0400] {dag.py:2977} INFO - Setting next_dagrun for example_nested_branch_dag to 2022-08-28T00:00:00+00:00, run_after=2022-08-29T00:00:00+00:00
[2022-08-29T12:45:51.865-0400] {processor.py:161} INFO - Processing /home/augenz/PycharmProjects/airflow/.env_airflow/lib/python3.9/site-packages/airflow/example_dags/example_nested_branch_dag.py took 0.551 seconds
[2022-08-29T12:46:22.487-0400] {processor.py:153} INFO - Started process (PID=1359) to work on /home/augenz/PycharmProjects/airflow/.env_airflow/lib/python3.9/site-packages/airflow/example_dags/example_nested_branch_dag.py
[2022-08-29T12:46:22.488-0400] {processor.py:640} INFO - Processing file /home/augenz/PycharmProjects/airflow/.env_airflow/lib/python3.9/site-packages/airflow/example_dags/example_nested_branch_dag.py for tasks to queue
[2022-08-29T12:46:22.489-0400] {logging_mixin.py:115} INFO - [2022-08-29T12:46:22.489-0400] {dagbag.py:508} INFO - Filling up the DagBag from /home/augenz/PycharmProjects/airflow/.env_airflow/lib/python3.9/site-packages/airflow/example_dags/example_nested_branch_dag.py
[2022-08-29T12:46:22.506-0400] {processor.py:650} INFO - DAG(s) dict_keys(['example_nested_branch_dag']) retrieved from /home/augenz/PycharmProjects/airflow/.env_airflow/lib/python3.9/site-packages/airflow/example_dags/example_nested_branch_dag.py
[2022-08-29T12:46:22.980-0400] {logging_mixin.py:115} INFO - [2022-08-29T12:46:22.979-0400] {dag.py:2429} INFO - Sync 1 DAGs
[2022-08-29T12:46:23.009-0400] {logging_mixin.py:115} INFO - [2022-08-29T12:46:23.008-0400] {dag.py:2977} INFO - Setting next_dagrun for example_nested_branch_dag to 2022-08-28T00:00:00+00:00, run_after=2022-08-29T00:00:00+00:00
[2022-08-29T12:46:23.061-0400] {processor.py:161} INFO - Processing /home/augenz/PycharmProjects/airflow/.env_airflow/lib/python3.9/site-packages/airflow/example_dags/example_nested_branch_dag.py took 0.578 seconds
[2022-08-29T12:46:53.379-0400] {processor.py:153} INFO - Started process (PID=1394) to work on /home/augenz/PycharmProjects/airflow/.env_airflow/lib/python3.9/site-packages/airflow/example_dags/example_nested_branch_dag.py
[2022-08-29T12:46:53.380-0400] {processor.py:640} INFO - Processing file /home/augenz/PycharmProjects/airflow/.env_airflow/lib/python3.9/site-packages/airflow/example_dags/example_nested_branch_dag.py for tasks to queue
[2022-08-29T12:46:53.381-0400] {logging_mixin.py:115} INFO - [2022-08-29T12:46:53.381-0400] {dagbag.py:508} INFO - Filling up the DagBag from /home/augenz/PycharmProjects/airflow/.env_airflow/lib/python3.9/site-packages/airflow/example_dags/example_nested_branch_dag.py
[2022-08-29T12:46:53.398-0400] {processor.py:650} INFO - DAG(s) dict_keys(['example_nested_branch_dag']) retrieved from /home/augenz/PycharmProjects/airflow/.env_airflow/lib/python3.9/site-packages/airflow/example_dags/example_nested_branch_dag.py
[2022-08-29T12:46:53.915-0400] {logging_mixin.py:115} INFO - [2022-08-29T12:46:53.914-0400] {dag.py:2429} INFO - Sync 1 DAGs
[2022-08-29T12:46:53.949-0400] {logging_mixin.py:115} INFO - [2022-08-29T12:46:53.949-0400] {dag.py:2977} INFO - Setting next_dagrun for example_nested_branch_dag to 2022-08-28T00:00:00+00:00, run_after=2022-08-29T00:00:00+00:00
[2022-08-29T12:46:54.009-0400] {processor.py:161} INFO - Processing /home/augenz/PycharmProjects/airflow/.env_airflow/lib/python3.9/site-packages/airflow/example_dags/example_nested_branch_dag.py took 0.635 seconds
[2022-08-29T12:47:24.695-0400] {processor.py:153} INFO - Started process (PID=1436) to work on /home/augenz/PycharmProjects/airflow/.env_airflow/lib/python3.9/site-packages/airflow/example_dags/example_nested_branch_dag.py
[2022-08-29T12:47:24.703-0400] {processor.py:640} INFO - Processing file /home/augenz/PycharmProjects/airflow/.env_airflow/lib/python3.9/site-packages/airflow/example_dags/example_nested_branch_dag.py for tasks to queue
[2022-08-29T12:47:24.704-0400] {logging_mixin.py:115} INFO - [2022-08-29T12:47:24.704-0400] {dagbag.py:508} INFO - Filling up the DagBag from /home/augenz/PycharmProjects/airflow/.env_airflow/lib/python3.9/site-packages/airflow/example_dags/example_nested_branch_dag.py
[2022-08-29T12:47:24.721-0400] {processor.py:650} INFO - DAG(s) dict_keys(['example_nested_branch_dag']) retrieved from /home/augenz/PycharmProjects/airflow/.env_airflow/lib/python3.9/site-packages/airflow/example_dags/example_nested_branch_dag.py
[2022-08-29T12:47:25.173-0400] {logging_mixin.py:115} INFO - [2022-08-29T12:47:25.173-0400] {dag.py:2429} INFO - Sync 1 DAGs
[2022-08-29T12:47:25.203-0400] {logging_mixin.py:115} INFO - [2022-08-29T12:47:25.203-0400] {dag.py:2977} INFO - Setting next_dagrun for example_nested_branch_dag to 2022-08-28T00:00:00+00:00, run_after=2022-08-29T00:00:00+00:00
[2022-08-29T12:47:25.280-0400] {processor.py:161} INFO - Processing /home/augenz/PycharmProjects/airflow/.env_airflow/lib/python3.9/site-packages/airflow/example_dags/example_nested_branch_dag.py took 0.589 seconds
[2022-08-29T12:47:55.603-0400] {processor.py:153} INFO - Started process (PID=1470) to work on /home/augenz/PycharmProjects/airflow/.env_airflow/lib/python3.9/site-packages/airflow/example_dags/example_nested_branch_dag.py
[2022-08-29T12:47:55.605-0400] {processor.py:640} INFO - Processing file /home/augenz/PycharmProjects/airflow/.env_airflow/lib/python3.9/site-packages/airflow/example_dags/example_nested_branch_dag.py for tasks to queue
[2022-08-29T12:47:55.606-0400] {logging_mixin.py:115} INFO - [2022-08-29T12:47:55.606-0400] {dagbag.py:508} INFO - Filling up the DagBag from /home/augenz/PycharmProjects/airflow/.env_airflow/lib/python3.9/site-packages/airflow/example_dags/example_nested_branch_dag.py
[2022-08-29T12:47:55.623-0400] {processor.py:650} INFO - DAG(s) dict_keys(['example_nested_branch_dag']) retrieved from /home/augenz/PycharmProjects/airflow/.env_airflow/lib/python3.9/site-packages/airflow/example_dags/example_nested_branch_dag.py
[2022-08-29T12:47:56.086-0400] {logging_mixin.py:115} INFO - [2022-08-29T12:47:56.085-0400] {dag.py:2429} INFO - Sync 1 DAGs
[2022-08-29T12:47:56.116-0400] {logging_mixin.py:115} INFO - [2022-08-29T12:47:56.116-0400] {dag.py:2977} INFO - Setting next_dagrun for example_nested_branch_dag to 2022-08-28T00:00:00+00:00, run_after=2022-08-29T00:00:00+00:00
[2022-08-29T12:47:56.161-0400] {processor.py:161} INFO - Processing /home/augenz/PycharmProjects/airflow/.env_airflow/lib/python3.9/site-packages/airflow/example_dags/example_nested_branch_dag.py took 0.562 seconds
[2022-08-29T12:48:27.115-0400] {processor.py:153} INFO - Started process (PID=1504) to work on /home/augenz/PycharmProjects/airflow/.env_airflow/lib/python3.9/site-packages/airflow/example_dags/example_nested_branch_dag.py
[2022-08-29T12:48:27.123-0400] {processor.py:640} INFO - Processing file /home/augenz/PycharmProjects/airflow/.env_airflow/lib/python3.9/site-packages/airflow/example_dags/example_nested_branch_dag.py for tasks to queue
[2022-08-29T12:48:27.124-0400] {logging_mixin.py:115} INFO - [2022-08-29T12:48:27.123-0400] {dagbag.py:508} INFO - Filling up the DagBag from /home/augenz/PycharmProjects/airflow/.env_airflow/lib/python3.9/site-packages/airflow/example_dags/example_nested_branch_dag.py
[2022-08-29T12:48:27.140-0400] {processor.py:650} INFO - DAG(s) dict_keys(['example_nested_branch_dag']) retrieved from /home/augenz/PycharmProjects/airflow/.env_airflow/lib/python3.9/site-packages/airflow/example_dags/example_nested_branch_dag.py
[2022-08-29T12:48:27.609-0400] {logging_mixin.py:115} INFO - [2022-08-29T12:48:27.609-0400] {dag.py:2429} INFO - Sync 1 DAGs
[2022-08-29T12:48:27.639-0400] {logging_mixin.py:115} INFO - [2022-08-29T12:48:27.639-0400] {dag.py:2977} INFO - Setting next_dagrun for example_nested_branch_dag to 2022-08-28T00:00:00+00:00, run_after=2022-08-29T00:00:00+00:00
[2022-08-29T12:48:27.690-0400] {processor.py:161} INFO - Processing /home/augenz/PycharmProjects/airflow/.env_airflow/lib/python3.9/site-packages/airflow/example_dags/example_nested_branch_dag.py took 0.581 seconds
[2022-08-29T12:48:58.511-0400] {processor.py:153} INFO - Started process (PID=1539) to work on /home/augenz/PycharmProjects/airflow/.env_airflow/lib/python3.9/site-packages/airflow/example_dags/example_nested_branch_dag.py
[2022-08-29T12:48:58.512-0400] {processor.py:640} INFO - Processing file /home/augenz/PycharmProjects/airflow/.env_airflow/lib/python3.9/site-packages/airflow/example_dags/example_nested_branch_dag.py for tasks to queue
[2022-08-29T12:48:58.514-0400] {logging_mixin.py:115} INFO - [2022-08-29T12:48:58.513-0400] {dagbag.py:508} INFO - Filling up the DagBag from /home/augenz/PycharmProjects/airflow/.env_airflow/lib/python3.9/site-packages/airflow/example_dags/example_nested_branch_dag.py
[2022-08-29T12:48:58.535-0400] {processor.py:650} INFO - DAG(s) dict_keys(['example_nested_branch_dag']) retrieved from /home/augenz/PycharmProjects/airflow/.env_airflow/lib/python3.9/site-packages/airflow/example_dags/example_nested_branch_dag.py
[2022-08-29T12:48:59.169-0400] {logging_mixin.py:115} INFO - [2022-08-29T12:48:59.169-0400] {dag.py:2429} INFO - Sync 1 DAGs
[2022-08-29T12:48:59.209-0400] {logging_mixin.py:115} INFO - [2022-08-29T12:48:59.209-0400] {dag.py:2977} INFO - Setting next_dagrun for example_nested_branch_dag to 2022-08-28T00:00:00+00:00, run_after=2022-08-29T00:00:00+00:00
[2022-08-29T12:48:59.288-0400] {processor.py:161} INFO - Processing /home/augenz/PycharmProjects/airflow/.env_airflow/lib/python3.9/site-packages/airflow/example_dags/example_nested_branch_dag.py took 0.782 seconds
[2022-08-29T12:49:29.531-0400] {processor.py:153} INFO - Started process (PID=1582) to work on /home/augenz/PycharmProjects/airflow/.env_airflow/lib/python3.9/site-packages/airflow/example_dags/example_nested_branch_dag.py
[2022-08-29T12:49:29.545-0400] {processor.py:640} INFO - Processing file /home/augenz/PycharmProjects/airflow/.env_airflow/lib/python3.9/site-packages/airflow/example_dags/example_nested_branch_dag.py for tasks to queue
[2022-08-29T12:49:29.546-0400] {logging_mixin.py:115} INFO - [2022-08-29T12:49:29.546-0400] {dagbag.py:508} INFO - Filling up the DagBag from /home/augenz/PycharmProjects/airflow/.env_airflow/lib/python3.9/site-packages/airflow/example_dags/example_nested_branch_dag.py
[2022-08-29T12:49:29.571-0400] {processor.py:650} INFO - DAG(s) dict_keys(['example_nested_branch_dag']) retrieved from /home/augenz/PycharmProjects/airflow/.env_airflow/lib/python3.9/site-packages/airflow/example_dags/example_nested_branch_dag.py
[2022-08-29T12:49:30.070-0400] {logging_mixin.py:115} INFO - [2022-08-29T12:49:30.069-0400] {dag.py:2429} INFO - Sync 1 DAGs
[2022-08-29T12:49:30.110-0400] {logging_mixin.py:115} INFO - [2022-08-29T12:49:30.110-0400] {dag.py:2977} INFO - Setting next_dagrun for example_nested_branch_dag to 2022-08-28T00:00:00+00:00, run_after=2022-08-29T00:00:00+00:00
[2022-08-29T12:49:30.187-0400] {processor.py:161} INFO - Processing /home/augenz/PycharmProjects/airflow/.env_airflow/lib/python3.9/site-packages/airflow/example_dags/example_nested_branch_dag.py took 0.661 seconds
[2022-08-29T12:50:00.749-0400] {processor.py:153} INFO - Started process (PID=1617) to work on /home/augenz/PycharmProjects/airflow/.env_airflow/lib/python3.9/site-packages/airflow/example_dags/example_nested_branch_dag.py
[2022-08-29T12:50:00.750-0400] {processor.py:640} INFO - Processing file /home/augenz/PycharmProjects/airflow/.env_airflow/lib/python3.9/site-packages/airflow/example_dags/example_nested_branch_dag.py for tasks to queue
[2022-08-29T12:50:00.751-0400] {logging_mixin.py:115} INFO - [2022-08-29T12:50:00.750-0400] {dagbag.py:508} INFO - Filling up the DagBag from /home/augenz/PycharmProjects/airflow/.env_airflow/lib/python3.9/site-packages/airflow/example_dags/example_nested_branch_dag.py
[2022-08-29T12:50:00.765-0400] {processor.py:650} INFO - DAG(s) dict_keys(['example_nested_branch_dag']) retrieved from /home/augenz/PycharmProjects/airflow/.env_airflow/lib/python3.9/site-packages/airflow/example_dags/example_nested_branch_dag.py
[2022-08-29T12:50:01.217-0400] {logging_mixin.py:115} INFO - [2022-08-29T12:50:01.217-0400] {dag.py:2429} INFO - Sync 1 DAGs
[2022-08-29T12:50:01.247-0400] {logging_mixin.py:115} INFO - [2022-08-29T12:50:01.246-0400] {dag.py:2977} INFO - Setting next_dagrun for example_nested_branch_dag to 2022-08-28T00:00:00+00:00, run_after=2022-08-29T00:00:00+00:00
[2022-08-29T12:50:01.331-0400] {processor.py:161} INFO - Processing /home/augenz/PycharmProjects/airflow/.env_airflow/lib/python3.9/site-packages/airflow/example_dags/example_nested_branch_dag.py took 0.588 seconds
[2022-08-29T12:50:32.051-0400] {processor.py:153} INFO - Started process (PID=1656) to work on /home/augenz/PycharmProjects/airflow/.env_airflow/lib/python3.9/site-packages/airflow/example_dags/example_nested_branch_dag.py
[2022-08-29T12:50:32.055-0400] {processor.py:640} INFO - Processing file /home/augenz/PycharmProjects/airflow/.env_airflow/lib/python3.9/site-packages/airflow/example_dags/example_nested_branch_dag.py for tasks to queue
[2022-08-29T12:50:32.057-0400] {logging_mixin.py:115} INFO - [2022-08-29T12:50:32.056-0400] {dagbag.py:508} INFO - Filling up the DagBag from /home/augenz/PycharmProjects/airflow/.env_airflow/lib/python3.9/site-packages/airflow/example_dags/example_nested_branch_dag.py
[2022-08-29T12:50:32.097-0400] {processor.py:650} INFO - DAG(s) dict_keys(['example_nested_branch_dag']) retrieved from /home/augenz/PycharmProjects/airflow/.env_airflow/lib/python3.9/site-packages/airflow/example_dags/example_nested_branch_dag.py
[2022-08-29T12:50:32.671-0400] {logging_mixin.py:115} INFO - [2022-08-29T12:50:32.670-0400] {dag.py:2429} INFO - Sync 1 DAGs
[2022-08-29T12:50:32.704-0400] {logging_mixin.py:115} INFO - [2022-08-29T12:50:32.704-0400] {dag.py:2977} INFO - Setting next_dagrun for example_nested_branch_dag to 2022-08-28T00:00:00+00:00, run_after=2022-08-29T00:00:00+00:00
[2022-08-29T12:50:32.754-0400] {processor.py:161} INFO - Processing /home/augenz/PycharmProjects/airflow/.env_airflow/lib/python3.9/site-packages/airflow/example_dags/example_nested_branch_dag.py took 0.711 seconds
[2022-08-29T12:51:02.808-0400] {processor.py:153} INFO - Started process (PID=1689) to work on /home/augenz/PycharmProjects/airflow/.env_airflow/lib/python3.9/site-packages/airflow/example_dags/example_nested_branch_dag.py
[2022-08-29T12:51:02.812-0400] {processor.py:640} INFO - Processing file /home/augenz/PycharmProjects/airflow/.env_airflow/lib/python3.9/site-packages/airflow/example_dags/example_nested_branch_dag.py for tasks to queue
[2022-08-29T12:51:02.813-0400] {logging_mixin.py:115} INFO - [2022-08-29T12:51:02.812-0400] {dagbag.py:508} INFO - Filling up the DagBag from /home/augenz/PycharmProjects/airflow/.env_airflow/lib/python3.9/site-packages/airflow/example_dags/example_nested_branch_dag.py
[2022-08-29T12:51:02.828-0400] {processor.py:650} INFO - DAG(s) dict_keys(['example_nested_branch_dag']) retrieved from /home/augenz/PycharmProjects/airflow/.env_airflow/lib/python3.9/site-packages/airflow/example_dags/example_nested_branch_dag.py
[2022-08-29T12:51:03.271-0400] {logging_mixin.py:115} INFO - [2022-08-29T12:51:03.271-0400] {dag.py:2429} INFO - Sync 1 DAGs
[2022-08-29T12:51:03.300-0400] {logging_mixin.py:115} INFO - [2022-08-29T12:51:03.299-0400] {dag.py:2977} INFO - Setting next_dagrun for example_nested_branch_dag to 2022-08-28T00:00:00+00:00, run_after=2022-08-29T00:00:00+00:00
[2022-08-29T12:51:03.341-0400] {processor.py:161} INFO - Processing /home/augenz/PycharmProjects/airflow/.env_airflow/lib/python3.9/site-packages/airflow/example_dags/example_nested_branch_dag.py took 0.538 seconds
[2022-08-29T12:51:33.564-0400] {processor.py:153} INFO - Started process (PID=1728) to work on /home/augenz/PycharmProjects/airflow/.env_airflow/lib/python3.9/site-packages/airflow/example_dags/example_nested_branch_dag.py
[2022-08-29T12:51:33.565-0400] {processor.py:640} INFO - Processing file /home/augenz/PycharmProjects/airflow/.env_airflow/lib/python3.9/site-packages/airflow/example_dags/example_nested_branch_dag.py for tasks to queue
[2022-08-29T12:51:33.566-0400] {logging_mixin.py:115} INFO - [2022-08-29T12:51:33.566-0400] {dagbag.py:508} INFO - Filling up the DagBag from /home/augenz/PycharmProjects/airflow/.env_airflow/lib/python3.9/site-packages/airflow/example_dags/example_nested_branch_dag.py
[2022-08-29T12:51:33.582-0400] {processor.py:650} INFO - DAG(s) dict_keys(['example_nested_branch_dag']) retrieved from /home/augenz/PycharmProjects/airflow/.env_airflow/lib/python3.9/site-packages/airflow/example_dags/example_nested_branch_dag.py
[2022-08-29T12:51:34.205-0400] {logging_mixin.py:115} INFO - [2022-08-29T12:51:34.205-0400] {dag.py:2429} INFO - Sync 1 DAGs
[2022-08-29T12:51:34.235-0400] {logging_mixin.py:115} INFO - [2022-08-29T12:51:34.234-0400] {dag.py:2977} INFO - Setting next_dagrun for example_nested_branch_dag to 2022-08-28T00:00:00+00:00, run_after=2022-08-29T00:00:00+00:00
[2022-08-29T12:51:34.280-0400] {processor.py:161} INFO - Processing /home/augenz/PycharmProjects/airflow/.env_airflow/lib/python3.9/site-packages/airflow/example_dags/example_nested_branch_dag.py took 0.721 seconds
[2022-08-29T12:52:04.870-0400] {processor.py:153} INFO - Started process (PID=1762) to work on /home/augenz/PycharmProjects/airflow/.env_airflow/lib/python3.9/site-packages/airflow/example_dags/example_nested_branch_dag.py
[2022-08-29T12:52:04.871-0400] {processor.py:640} INFO - Processing file /home/augenz/PycharmProjects/airflow/.env_airflow/lib/python3.9/site-packages/airflow/example_dags/example_nested_branch_dag.py for tasks to queue
[2022-08-29T12:52:04.872-0400] {logging_mixin.py:115} INFO - [2022-08-29T12:52:04.872-0400] {dagbag.py:508} INFO - Filling up the DagBag from /home/augenz/PycharmProjects/airflow/.env_airflow/lib/python3.9/site-packages/airflow/example_dags/example_nested_branch_dag.py
[2022-08-29T12:52:04.888-0400] {processor.py:650} INFO - DAG(s) dict_keys(['example_nested_branch_dag']) retrieved from /home/augenz/PycharmProjects/airflow/.env_airflow/lib/python3.9/site-packages/airflow/example_dags/example_nested_branch_dag.py
[2022-08-29T12:52:05.315-0400] {logging_mixin.py:115} INFO - [2022-08-29T12:52:05.314-0400] {dag.py:2429} INFO - Sync 1 DAGs
[2022-08-29T12:52:05.344-0400] {logging_mixin.py:115} INFO - [2022-08-29T12:52:05.343-0400] {dag.py:2977} INFO - Setting next_dagrun for example_nested_branch_dag to 2022-08-28T00:00:00+00:00, run_after=2022-08-29T00:00:00+00:00
[2022-08-29T12:52:05.385-0400] {processor.py:161} INFO - Processing /home/augenz/PycharmProjects/airflow/.env_airflow/lib/python3.9/site-packages/airflow/example_dags/example_nested_branch_dag.py took 0.520 seconds
[2022-08-29T12:52:35.948-0400] {processor.py:153} INFO - Started process (PID=1796) to work on /home/augenz/PycharmProjects/airflow/.env_airflow/lib/python3.9/site-packages/airflow/example_dags/example_nested_branch_dag.py
[2022-08-29T12:52:35.950-0400] {processor.py:640} INFO - Processing file /home/augenz/PycharmProjects/airflow/.env_airflow/lib/python3.9/site-packages/airflow/example_dags/example_nested_branch_dag.py for tasks to queue
[2022-08-29T12:52:35.951-0400] {logging_mixin.py:115} INFO - [2022-08-29T12:52:35.951-0400] {dagbag.py:508} INFO - Filling up the DagBag from /home/augenz/PycharmProjects/airflow/.env_airflow/lib/python3.9/site-packages/airflow/example_dags/example_nested_branch_dag.py
[2022-08-29T12:52:35.971-0400] {processor.py:650} INFO - DAG(s) dict_keys(['example_nested_branch_dag']) retrieved from /home/augenz/PycharmProjects/airflow/.env_airflow/lib/python3.9/site-packages/airflow/example_dags/example_nested_branch_dag.py
[2022-08-29T12:52:36.425-0400] {logging_mixin.py:115} INFO - [2022-08-29T12:52:36.425-0400] {dag.py:2429} INFO - Sync 1 DAGs
[2022-08-29T12:52:36.456-0400] {logging_mixin.py:115} INFO - [2022-08-29T12:52:36.455-0400] {dag.py:2977} INFO - Setting next_dagrun for example_nested_branch_dag to 2022-08-28T00:00:00+00:00, run_after=2022-08-29T00:00:00+00:00
[2022-08-29T12:52:36.507-0400] {processor.py:161} INFO - Processing /home/augenz/PycharmProjects/airflow/.env_airflow/lib/python3.9/site-packages/airflow/example_dags/example_nested_branch_dag.py took 0.564 seconds
[2022-08-29T12:53:06.996-0400] {processor.py:153} INFO - Started process (PID=1834) to work on /home/augenz/PycharmProjects/airflow/.env_airflow/lib/python3.9/site-packages/airflow/example_dags/example_nested_branch_dag.py
[2022-08-29T12:53:06.998-0400] {processor.py:640} INFO - Processing file /home/augenz/PycharmProjects/airflow/.env_airflow/lib/python3.9/site-packages/airflow/example_dags/example_nested_branch_dag.py for tasks to queue
[2022-08-29T12:53:06.998-0400] {logging_mixin.py:115} INFO - [2022-08-29T12:53:06.998-0400] {dagbag.py:508} INFO - Filling up the DagBag from /home/augenz/PycharmProjects/airflow/.env_airflow/lib/python3.9/site-packages/airflow/example_dags/example_nested_branch_dag.py
[2022-08-29T12:53:07.014-0400] {processor.py:650} INFO - DAG(s) dict_keys(['example_nested_branch_dag']) retrieved from /home/augenz/PycharmProjects/airflow/.env_airflow/lib/python3.9/site-packages/airflow/example_dags/example_nested_branch_dag.py
[2022-08-29T12:53:07.488-0400] {logging_mixin.py:115} INFO - [2022-08-29T12:53:07.487-0400] {dag.py:2429} INFO - Sync 1 DAGs
[2022-08-29T12:53:07.517-0400] {logging_mixin.py:115} INFO - [2022-08-29T12:53:07.517-0400] {dag.py:2977} INFO - Setting next_dagrun for example_nested_branch_dag to 2022-08-28T00:00:00+00:00, run_after=2022-08-29T00:00:00+00:00
[2022-08-29T12:53:07.580-0400] {processor.py:161} INFO - Processing /home/augenz/PycharmProjects/airflow/.env_airflow/lib/python3.9/site-packages/airflow/example_dags/example_nested_branch_dag.py took 0.588 seconds
[2022-08-29T12:53:38.451-0400] {processor.py:153} INFO - Started process (PID=1869) to work on /home/augenz/PycharmProjects/airflow/.env_airflow/lib/python3.9/site-packages/airflow/example_dags/example_nested_branch_dag.py
[2022-08-29T12:53:38.454-0400] {processor.py:640} INFO - Processing file /home/augenz/PycharmProjects/airflow/.env_airflow/lib/python3.9/site-packages/airflow/example_dags/example_nested_branch_dag.py for tasks to queue
[2022-08-29T12:53:38.455-0400] {logging_mixin.py:115} INFO - [2022-08-29T12:53:38.455-0400] {dagbag.py:508} INFO - Filling up the DagBag from /home/augenz/PycharmProjects/airflow/.env_airflow/lib/python3.9/site-packages/airflow/example_dags/example_nested_branch_dag.py
[2022-08-29T12:53:38.469-0400] {processor.py:650} INFO - DAG(s) dict_keys(['example_nested_branch_dag']) retrieved from /home/augenz/PycharmProjects/airflow/.env_airflow/lib/python3.9/site-packages/airflow/example_dags/example_nested_branch_dag.py
[2022-08-29T12:53:38.934-0400] {logging_mixin.py:115} INFO - [2022-08-29T12:53:38.934-0400] {dag.py:2429} INFO - Sync 1 DAGs
[2022-08-29T12:53:38.964-0400] {logging_mixin.py:115} INFO - [2022-08-29T12:53:38.963-0400] {dag.py:2977} INFO - Setting next_dagrun for example_nested_branch_dag to 2022-08-28T00:00:00+00:00, run_after=2022-08-29T00:00:00+00:00
[2022-08-29T12:53:38.999-0400] {processor.py:161} INFO - Processing /home/augenz/PycharmProjects/airflow/.env_airflow/lib/python3.9/site-packages/airflow/example_dags/example_nested_branch_dag.py took 0.552 seconds
