[2022-08-29T12:33:19.514-0400] {processor.py:153} INFO - Started process (PID=396) to work on /home/augenz/PycharmProjects/airflow/.env_airflow/lib/python3.9/site-packages/airflow/example_dags/example_branch_labels.py
[2022-08-29T12:33:19.515-0400] {processor.py:640} INFO - Processing file /home/augenz/PycharmProjects/airflow/.env_airflow/lib/python3.9/site-packages/airflow/example_dags/example_branch_labels.py for tasks to queue
[2022-08-29T12:33:19.516-0400] {logging_mixin.py:115} INFO - [2022-08-29T12:33:19.516-0400] {dagbag.py:508} INFO - Filling up the DagBag from /home/augenz/PycharmProjects/airflow/.env_airflow/lib/python3.9/site-packages/airflow/example_dags/example_branch_labels.py
[2022-08-29T12:33:19.527-0400] {processor.py:650} INFO - DAG(s) dict_keys(['example_branch_labels']) retrieved from /home/augenz/PycharmProjects/airflow/.env_airflow/lib/python3.9/site-packages/airflow/example_dags/example_branch_labels.py
[2022-08-29T12:33:19.715-0400] {logging_mixin.py:115} INFO - [2022-08-29T12:33:19.714-0400] {manager.py:508} INFO - Created Permission View: can delete on DAG:example_branch_labels
[2022-08-29T12:33:19.765-0400] {logging_mixin.py:115} INFO - [2022-08-29T12:33:19.764-0400] {manager.py:508} INFO - Created Permission View: can read on DAG:example_branch_labels
[2022-08-29T12:33:19.806-0400] {logging_mixin.py:115} INFO - [2022-08-29T12:33:19.806-0400] {manager.py:508} INFO - Created Permission View: can edit on DAG:example_branch_labels
[2022-08-29T12:33:19.807-0400] {logging_mixin.py:115} INFO - [2022-08-29T12:33:19.807-0400] {dag.py:2429} INFO - Sync 1 DAGs
[2022-08-29T12:33:19.829-0400] {logging_mixin.py:115} INFO - [2022-08-29T12:33:19.828-0400] {dag.py:2448} INFO - Creating ORM DAG for example_branch_labels
[2022-08-29T12:33:19.870-0400] {logging_mixin.py:115} INFO - [2022-08-29T12:33:19.869-0400] {dag.py:2977} INFO - Setting next_dagrun for example_branch_labels to 2022-08-28T00:00:00+00:00, run_after=2022-08-29T00:00:00+00:00
[2022-08-29T12:33:19.930-0400] {processor.py:161} INFO - Processing /home/augenz/PycharmProjects/airflow/.env_airflow/lib/python3.9/site-packages/airflow/example_dags/example_branch_labels.py took 0.421 seconds
[2022-08-29T12:33:50.638-0400] {processor.py:153} INFO - Started process (PID=436) to work on /home/augenz/PycharmProjects/airflow/.env_airflow/lib/python3.9/site-packages/airflow/example_dags/example_branch_labels.py
[2022-08-29T12:33:50.649-0400] {processor.py:640} INFO - Processing file /home/augenz/PycharmProjects/airflow/.env_airflow/lib/python3.9/site-packages/airflow/example_dags/example_branch_labels.py for tasks to queue
[2022-08-29T12:33:50.650-0400] {logging_mixin.py:115} INFO - [2022-08-29T12:33:50.650-0400] {dagbag.py:508} INFO - Filling up the DagBag from /home/augenz/PycharmProjects/airflow/.env_airflow/lib/python3.9/site-packages/airflow/example_dags/example_branch_labels.py
[2022-08-29T12:33:50.667-0400] {processor.py:650} INFO - DAG(s) dict_keys(['example_branch_labels']) retrieved from /home/augenz/PycharmProjects/airflow/.env_airflow/lib/python3.9/site-packages/airflow/example_dags/example_branch_labels.py
[2022-08-29T12:33:50.719-0400] {logging_mixin.py:115} INFO - [2022-08-29T12:33:50.718-0400] {dag.py:2429} INFO - Sync 1 DAGs
[2022-08-29T12:33:50.767-0400] {logging_mixin.py:115} INFO - [2022-08-29T12:33:50.767-0400] {dag.py:2977} INFO - Setting next_dagrun for example_branch_labels to 2022-08-28T00:00:00+00:00, run_after=2022-08-29T00:00:00+00:00
[2022-08-29T12:33:50.809-0400] {processor.py:161} INFO - Processing /home/augenz/PycharmProjects/airflow/.env_airflow/lib/python3.9/site-packages/airflow/example_dags/example_branch_labels.py took 0.176 seconds
[2022-08-29T12:34:21.405-0400] {processor.py:153} INFO - Started process (PID=471) to work on /home/augenz/PycharmProjects/airflow/.env_airflow/lib/python3.9/site-packages/airflow/example_dags/example_branch_labels.py
[2022-08-29T12:34:21.408-0400] {processor.py:640} INFO - Processing file /home/augenz/PycharmProjects/airflow/.env_airflow/lib/python3.9/site-packages/airflow/example_dags/example_branch_labels.py for tasks to queue
[2022-08-29T12:34:21.409-0400] {logging_mixin.py:115} INFO - [2022-08-29T12:34:21.409-0400] {dagbag.py:508} INFO - Filling up the DagBag from /home/augenz/PycharmProjects/airflow/.env_airflow/lib/python3.9/site-packages/airflow/example_dags/example_branch_labels.py
[2022-08-29T12:34:21.424-0400] {processor.py:650} INFO - DAG(s) dict_keys(['example_branch_labels']) retrieved from /home/augenz/PycharmProjects/airflow/.env_airflow/lib/python3.9/site-packages/airflow/example_dags/example_branch_labels.py
[2022-08-29T12:34:21.479-0400] {logging_mixin.py:115} INFO - [2022-08-29T12:34:21.478-0400] {dag.py:2429} INFO - Sync 1 DAGs
[2022-08-29T12:34:21.529-0400] {logging_mixin.py:115} INFO - [2022-08-29T12:34:21.529-0400] {dag.py:2977} INFO - Setting next_dagrun for example_branch_labels to 2022-08-28T00:00:00+00:00, run_after=2022-08-29T00:00:00+00:00
[2022-08-29T12:34:21.581-0400] {processor.py:161} INFO - Processing /home/augenz/PycharmProjects/airflow/.env_airflow/lib/python3.9/site-packages/airflow/example_dags/example_branch_labels.py took 0.181 seconds
[2022-08-29T12:34:52.065-0400] {processor.py:153} INFO - Started process (PID=507) to work on /home/augenz/PycharmProjects/airflow/.env_airflow/lib/python3.9/site-packages/airflow/example_dags/example_branch_labels.py
[2022-08-29T12:34:52.071-0400] {processor.py:640} INFO - Processing file /home/augenz/PycharmProjects/airflow/.env_airflow/lib/python3.9/site-packages/airflow/example_dags/example_branch_labels.py for tasks to queue
[2022-08-29T12:34:52.077-0400] {logging_mixin.py:115} INFO - [2022-08-29T12:34:52.076-0400] {dagbag.py:508} INFO - Filling up the DagBag from /home/augenz/PycharmProjects/airflow/.env_airflow/lib/python3.9/site-packages/airflow/example_dags/example_branch_labels.py
[2022-08-29T12:34:52.114-0400] {processor.py:650} INFO - DAG(s) dict_keys(['example_branch_labels']) retrieved from /home/augenz/PycharmProjects/airflow/.env_airflow/lib/python3.9/site-packages/airflow/example_dags/example_branch_labels.py
[2022-08-29T12:34:52.170-0400] {logging_mixin.py:115} INFO - [2022-08-29T12:34:52.170-0400] {dag.py:2429} INFO - Sync 1 DAGs
[2022-08-29T12:34:52.252-0400] {logging_mixin.py:115} INFO - [2022-08-29T12:34:52.251-0400] {dag.py:2977} INFO - Setting next_dagrun for example_branch_labels to 2022-08-28T00:00:00+00:00, run_after=2022-08-29T00:00:00+00:00
[2022-08-29T12:34:52.324-0400] {processor.py:161} INFO - Processing /home/augenz/PycharmProjects/airflow/.env_airflow/lib/python3.9/site-packages/airflow/example_dags/example_branch_labels.py took 0.266 seconds
[2022-08-29T12:35:22.624-0400] {processor.py:153} INFO - Started process (PID=563) to work on /home/augenz/PycharmProjects/airflow/.env_airflow/lib/python3.9/site-packages/airflow/example_dags/example_branch_labels.py
[2022-08-29T12:35:22.628-0400] {processor.py:640} INFO - Processing file /home/augenz/PycharmProjects/airflow/.env_airflow/lib/python3.9/site-packages/airflow/example_dags/example_branch_labels.py for tasks to queue
[2022-08-29T12:35:22.629-0400] {logging_mixin.py:115} INFO - [2022-08-29T12:35:22.629-0400] {dagbag.py:508} INFO - Filling up the DagBag from /home/augenz/PycharmProjects/airflow/.env_airflow/lib/python3.9/site-packages/airflow/example_dags/example_branch_labels.py
[2022-08-29T12:35:22.640-0400] {processor.py:650} INFO - DAG(s) dict_keys(['example_branch_labels']) retrieved from /home/augenz/PycharmProjects/airflow/.env_airflow/lib/python3.9/site-packages/airflow/example_dags/example_branch_labels.py
[2022-08-29T12:35:22.684-0400] {logging_mixin.py:115} INFO - [2022-08-29T12:35:22.684-0400] {dag.py:2429} INFO - Sync 1 DAGs
[2022-08-29T12:35:22.719-0400] {logging_mixin.py:115} INFO - [2022-08-29T12:35:22.719-0400] {dag.py:2977} INFO - Setting next_dagrun for example_branch_labels to 2022-08-28T00:00:00+00:00, run_after=2022-08-29T00:00:00+00:00
[2022-08-29T12:35:22.759-0400] {processor.py:161} INFO - Processing /home/augenz/PycharmProjects/airflow/.env_airflow/lib/python3.9/site-packages/airflow/example_dags/example_branch_labels.py took 0.140 seconds
[2022-08-29T12:35:57.207-0400] {processor.py:153} INFO - Started process (PID=606) to work on /home/augenz/PycharmProjects/airflow/.env_airflow/lib/python3.9/site-packages/airflow/example_dags/example_branch_labels.py
[2022-08-29T12:35:57.210-0400] {processor.py:640} INFO - Processing file /home/augenz/PycharmProjects/airflow/.env_airflow/lib/python3.9/site-packages/airflow/example_dags/example_branch_labels.py for tasks to queue
[2022-08-29T12:35:57.211-0400] {logging_mixin.py:115} INFO - [2022-08-29T12:35:57.210-0400] {dagbag.py:508} INFO - Filling up the DagBag from /home/augenz/PycharmProjects/airflow/.env_airflow/lib/python3.9/site-packages/airflow/example_dags/example_branch_labels.py
[2022-08-29T12:35:57.220-0400] {processor.py:650} INFO - DAG(s) dict_keys(['example_branch_labels']) retrieved from /home/augenz/PycharmProjects/airflow/.env_airflow/lib/python3.9/site-packages/airflow/example_dags/example_branch_labels.py
[2022-08-29T12:35:57.730-0400] {logging_mixin.py:115} INFO - [2022-08-29T12:35:57.729-0400] {dag.py:2429} INFO - Sync 1 DAGs
[2022-08-29T12:35:57.761-0400] {logging_mixin.py:115} INFO - [2022-08-29T12:35:57.761-0400] {dag.py:2977} INFO - Setting next_dagrun for example_branch_labels to 2022-08-28T00:00:00+00:00, run_after=2022-08-29T00:00:00+00:00
[2022-08-29T12:35:57.793-0400] {processor.py:161} INFO - Processing /home/augenz/PycharmProjects/airflow/.env_airflow/lib/python3.9/site-packages/airflow/example_dags/example_branch_labels.py took 0.590 seconds
[2022-08-29T12:36:28.624-0400] {processor.py:153} INFO - Started process (PID=640) to work on /home/augenz/PycharmProjects/airflow/.env_airflow/lib/python3.9/site-packages/airflow/example_dags/example_branch_labels.py
[2022-08-29T12:36:28.647-0400] {processor.py:640} INFO - Processing file /home/augenz/PycharmProjects/airflow/.env_airflow/lib/python3.9/site-packages/airflow/example_dags/example_branch_labels.py for tasks to queue
[2022-08-29T12:36:28.648-0400] {logging_mixin.py:115} INFO - [2022-08-29T12:36:28.648-0400] {dagbag.py:508} INFO - Filling up the DagBag from /home/augenz/PycharmProjects/airflow/.env_airflow/lib/python3.9/site-packages/airflow/example_dags/example_branch_labels.py
[2022-08-29T12:36:28.659-0400] {processor.py:650} INFO - DAG(s) dict_keys(['example_branch_labels']) retrieved from /home/augenz/PycharmProjects/airflow/.env_airflow/lib/python3.9/site-packages/airflow/example_dags/example_branch_labels.py
[2022-08-29T12:36:29.178-0400] {logging_mixin.py:115} INFO - [2022-08-29T12:36:29.178-0400] {dag.py:2429} INFO - Sync 1 DAGs
[2022-08-29T12:36:29.210-0400] {logging_mixin.py:115} INFO - [2022-08-29T12:36:29.210-0400] {dag.py:2977} INFO - Setting next_dagrun for example_branch_labels to 2022-08-28T00:00:00+00:00, run_after=2022-08-29T00:00:00+00:00
[2022-08-29T12:36:29.248-0400] {processor.py:161} INFO - Processing /home/augenz/PycharmProjects/airflow/.env_airflow/lib/python3.9/site-packages/airflow/example_dags/example_branch_labels.py took 0.628 seconds
[2022-08-29T12:37:06.081-0400] {processor.py:153} INFO - Started process (PID=692) to work on /home/augenz/PycharmProjects/airflow/.env_airflow/lib/python3.9/site-packages/airflow/example_dags/example_branch_labels.py
[2022-08-29T12:37:06.088-0400] {processor.py:640} INFO - Processing file /home/augenz/PycharmProjects/airflow/.env_airflow/lib/python3.9/site-packages/airflow/example_dags/example_branch_labels.py for tasks to queue
[2022-08-29T12:37:06.089-0400] {logging_mixin.py:115} INFO - [2022-08-29T12:37:06.089-0400] {dagbag.py:508} INFO - Filling up the DagBag from /home/augenz/PycharmProjects/airflow/.env_airflow/lib/python3.9/site-packages/airflow/example_dags/example_branch_labels.py
[2022-08-29T12:37:06.137-0400] {processor.py:650} INFO - DAG(s) dict_keys(['example_branch_labels']) retrieved from /home/augenz/PycharmProjects/airflow/.env_airflow/lib/python3.9/site-packages/airflow/example_dags/example_branch_labels.py
[2022-08-29T12:37:07.313-0400] {logging_mixin.py:115} INFO - [2022-08-29T12:37:07.312-0400] {dag.py:2429} INFO - Sync 1 DAGs
[2022-08-29T12:37:07.398-0400] {logging_mixin.py:115} INFO - [2022-08-29T12:37:07.398-0400] {dag.py:2977} INFO - Setting next_dagrun for example_branch_labels to 2022-08-28T00:00:00+00:00, run_after=2022-08-29T00:00:00+00:00
[2022-08-29T12:37:07.465-0400] {processor.py:161} INFO - Processing /home/augenz/PycharmProjects/airflow/.env_airflow/lib/python3.9/site-packages/airflow/example_dags/example_branch_labels.py took 1.396 seconds
[2022-08-29T12:37:44.941-0400] {processor.py:153} INFO - Started process (PID=735) to work on /home/augenz/PycharmProjects/airflow/.env_airflow/lib/python3.9/site-packages/airflow/example_dags/example_branch_labels.py
[2022-08-29T12:37:44.959-0400] {processor.py:640} INFO - Processing file /home/augenz/PycharmProjects/airflow/.env_airflow/lib/python3.9/site-packages/airflow/example_dags/example_branch_labels.py for tasks to queue
[2022-08-29T12:37:44.985-0400] {logging_mixin.py:115} INFO - [2022-08-29T12:37:44.985-0400] {dagbag.py:508} INFO - Filling up the DagBag from /home/augenz/PycharmProjects/airflow/.env_airflow/lib/python3.9/site-packages/airflow/example_dags/example_branch_labels.py
[2022-08-29T12:37:45.037-0400] {processor.py:650} INFO - DAG(s) dict_keys(['example_branch_labels']) retrieved from /home/augenz/PycharmProjects/airflow/.env_airflow/lib/python3.9/site-packages/airflow/example_dags/example_branch_labels.py
[2022-08-29T12:37:50.657-0400] {logging_mixin.py:115} INFO - [2022-08-29T12:37:50.656-0400] {dag.py:2429} INFO - Sync 1 DAGs
[2022-08-29T12:37:50.755-0400] {logging_mixin.py:115} INFO - [2022-08-29T12:37:50.755-0400] {dag.py:2977} INFO - Setting next_dagrun for example_branch_labels to 2022-08-28T00:00:00+00:00, run_after=2022-08-29T00:00:00+00:00
[2022-08-29T12:37:50.820-0400] {processor.py:161} INFO - Processing /home/augenz/PycharmProjects/airflow/.env_airflow/lib/python3.9/site-packages/airflow/example_dags/example_branch_labels.py took 5.898 seconds
[2022-08-29T12:38:20.946-0400] {processor.py:153} INFO - Started process (PID=795) to work on /home/augenz/PycharmProjects/airflow/.env_airflow/lib/python3.9/site-packages/airflow/example_dags/example_branch_labels.py
[2022-08-29T12:38:20.989-0400] {processor.py:640} INFO - Processing file /home/augenz/PycharmProjects/airflow/.env_airflow/lib/python3.9/site-packages/airflow/example_dags/example_branch_labels.py for tasks to queue
[2022-08-29T12:38:20.992-0400] {logging_mixin.py:115} INFO - [2022-08-29T12:38:20.991-0400] {dagbag.py:508} INFO - Filling up the DagBag from /home/augenz/PycharmProjects/airflow/.env_airflow/lib/python3.9/site-packages/airflow/example_dags/example_branch_labels.py
[2022-08-29T12:38:21.051-0400] {processor.py:650} INFO - DAG(s) dict_keys(['example_branch_labels']) retrieved from /home/augenz/PycharmProjects/airflow/.env_airflow/lib/python3.9/site-packages/airflow/example_dags/example_branch_labels.py
[2022-08-29T12:38:22.169-0400] {logging_mixin.py:115} INFO - [2022-08-29T12:38:22.168-0400] {dag.py:2429} INFO - Sync 1 DAGs
[2022-08-29T12:38:22.256-0400] {logging_mixin.py:115} INFO - [2022-08-29T12:38:22.256-0400] {dag.py:2977} INFO - Setting next_dagrun for example_branch_labels to 2022-08-28T00:00:00+00:00, run_after=2022-08-29T00:00:00+00:00
[2022-08-29T12:38:22.335-0400] {processor.py:161} INFO - Processing /home/augenz/PycharmProjects/airflow/.env_airflow/lib/python3.9/site-packages/airflow/example_dags/example_branch_labels.py took 1.398 seconds
[2022-08-29T12:38:52.932-0400] {processor.py:153} INFO - Started process (PID=830) to work on /home/augenz/PycharmProjects/airflow/.env_airflow/lib/python3.9/site-packages/airflow/example_dags/example_branch_labels.py
[2022-08-29T12:38:52.934-0400] {processor.py:640} INFO - Processing file /home/augenz/PycharmProjects/airflow/.env_airflow/lib/python3.9/site-packages/airflow/example_dags/example_branch_labels.py for tasks to queue
[2022-08-29T12:38:52.935-0400] {logging_mixin.py:115} INFO - [2022-08-29T12:38:52.935-0400] {dagbag.py:508} INFO - Filling up the DagBag from /home/augenz/PycharmProjects/airflow/.env_airflow/lib/python3.9/site-packages/airflow/example_dags/example_branch_labels.py
[2022-08-29T12:38:52.951-0400] {processor.py:650} INFO - DAG(s) dict_keys(['example_branch_labels']) retrieved from /home/augenz/PycharmProjects/airflow/.env_airflow/lib/python3.9/site-packages/airflow/example_dags/example_branch_labels.py
[2022-08-29T12:38:53.438-0400] {logging_mixin.py:115} INFO - [2022-08-29T12:38:53.437-0400] {dag.py:2429} INFO - Sync 1 DAGs
[2022-08-29T12:38:53.470-0400] {logging_mixin.py:115} INFO - [2022-08-29T12:38:53.470-0400] {dag.py:2977} INFO - Setting next_dagrun for example_branch_labels to 2022-08-28T00:00:00+00:00, run_after=2022-08-29T00:00:00+00:00
[2022-08-29T12:38:53.511-0400] {processor.py:161} INFO - Processing /home/augenz/PycharmProjects/airflow/.env_airflow/lib/python3.9/site-packages/airflow/example_dags/example_branch_labels.py took 0.584 seconds
[2022-08-29T12:39:23.675-0400] {processor.py:153} INFO - Started process (PID=866) to work on /home/augenz/PycharmProjects/airflow/.env_airflow/lib/python3.9/site-packages/airflow/example_dags/example_branch_labels.py
[2022-08-29T12:39:23.676-0400] {processor.py:640} INFO - Processing file /home/augenz/PycharmProjects/airflow/.env_airflow/lib/python3.9/site-packages/airflow/example_dags/example_branch_labels.py for tasks to queue
[2022-08-29T12:39:23.677-0400] {logging_mixin.py:115} INFO - [2022-08-29T12:39:23.677-0400] {dagbag.py:508} INFO - Filling up the DagBag from /home/augenz/PycharmProjects/airflow/.env_airflow/lib/python3.9/site-packages/airflow/example_dags/example_branch_labels.py
[2022-08-29T12:39:23.686-0400] {processor.py:650} INFO - DAG(s) dict_keys(['example_branch_labels']) retrieved from /home/augenz/PycharmProjects/airflow/.env_airflow/lib/python3.9/site-packages/airflow/example_dags/example_branch_labels.py
[2022-08-29T12:39:24.178-0400] {logging_mixin.py:115} INFO - [2022-08-29T12:39:24.178-0400] {dag.py:2429} INFO - Sync 1 DAGs
[2022-08-29T12:39:24.207-0400] {logging_mixin.py:115} INFO - [2022-08-29T12:39:24.207-0400] {dag.py:2977} INFO - Setting next_dagrun for example_branch_labels to 2022-08-28T00:00:00+00:00, run_after=2022-08-29T00:00:00+00:00
[2022-08-29T12:39:24.248-0400] {processor.py:161} INFO - Processing /home/augenz/PycharmProjects/airflow/.env_airflow/lib/python3.9/site-packages/airflow/example_dags/example_branch_labels.py took 0.579 seconds
[2022-08-29T12:39:54.794-0400] {processor.py:153} INFO - Started process (PID=906) to work on /home/augenz/PycharmProjects/airflow/.env_airflow/lib/python3.9/site-packages/airflow/example_dags/example_branch_labels.py
[2022-08-29T12:39:54.804-0400] {processor.py:640} INFO - Processing file /home/augenz/PycharmProjects/airflow/.env_airflow/lib/python3.9/site-packages/airflow/example_dags/example_branch_labels.py for tasks to queue
[2022-08-29T12:39:54.805-0400] {logging_mixin.py:115} INFO - [2022-08-29T12:39:54.804-0400] {dagbag.py:508} INFO - Filling up the DagBag from /home/augenz/PycharmProjects/airflow/.env_airflow/lib/python3.9/site-packages/airflow/example_dags/example_branch_labels.py
[2022-08-29T12:39:54.814-0400] {processor.py:650} INFO - DAG(s) dict_keys(['example_branch_labels']) retrieved from /home/augenz/PycharmProjects/airflow/.env_airflow/lib/python3.9/site-packages/airflow/example_dags/example_branch_labels.py
[2022-08-29T12:39:55.451-0400] {logging_mixin.py:115} INFO - [2022-08-29T12:39:55.451-0400] {dag.py:2429} INFO - Sync 1 DAGs
[2022-08-29T12:39:55.485-0400] {logging_mixin.py:115} INFO - [2022-08-29T12:39:55.485-0400] {dag.py:2977} INFO - Setting next_dagrun for example_branch_labels to 2022-08-28T00:00:00+00:00, run_after=2022-08-29T00:00:00+00:00
[2022-08-29T12:39:55.520-0400] {processor.py:161} INFO - Processing /home/augenz/PycharmProjects/airflow/.env_airflow/lib/python3.9/site-packages/airflow/example_dags/example_branch_labels.py took 0.730 seconds
[2022-08-29T12:40:26.017-0400] {processor.py:153} INFO - Started process (PID=941) to work on /home/augenz/PycharmProjects/airflow/.env_airflow/lib/python3.9/site-packages/airflow/example_dags/example_branch_labels.py
[2022-08-29T12:40:26.018-0400] {processor.py:640} INFO - Processing file /home/augenz/PycharmProjects/airflow/.env_airflow/lib/python3.9/site-packages/airflow/example_dags/example_branch_labels.py for tasks to queue
[2022-08-29T12:40:26.020-0400] {logging_mixin.py:115} INFO - [2022-08-29T12:40:26.019-0400] {dagbag.py:508} INFO - Filling up the DagBag from /home/augenz/PycharmProjects/airflow/.env_airflow/lib/python3.9/site-packages/airflow/example_dags/example_branch_labels.py
[2022-08-29T12:40:26.033-0400] {processor.py:650} INFO - DAG(s) dict_keys(['example_branch_labels']) retrieved from /home/augenz/PycharmProjects/airflow/.env_airflow/lib/python3.9/site-packages/airflow/example_dags/example_branch_labels.py
[2022-08-29T12:40:26.553-0400] {logging_mixin.py:115} INFO - [2022-08-29T12:40:26.553-0400] {dag.py:2429} INFO - Sync 1 DAGs
[2022-08-29T12:40:26.585-0400] {logging_mixin.py:115} INFO - [2022-08-29T12:40:26.584-0400] {dag.py:2977} INFO - Setting next_dagrun for example_branch_labels to 2022-08-28T00:00:00+00:00, run_after=2022-08-29T00:00:00+00:00
[2022-08-29T12:40:26.625-0400] {processor.py:161} INFO - Processing /home/augenz/PycharmProjects/airflow/.env_airflow/lib/python3.9/site-packages/airflow/example_dags/example_branch_labels.py took 0.614 seconds
[2022-08-29T12:40:56.891-0400] {processor.py:153} INFO - Started process (PID=975) to work on /home/augenz/PycharmProjects/airflow/.env_airflow/lib/python3.9/site-packages/airflow/example_dags/example_branch_labels.py
[2022-08-29T12:40:56.896-0400] {processor.py:640} INFO - Processing file /home/augenz/PycharmProjects/airflow/.env_airflow/lib/python3.9/site-packages/airflow/example_dags/example_branch_labels.py for tasks to queue
[2022-08-29T12:40:56.897-0400] {logging_mixin.py:115} INFO - [2022-08-29T12:40:56.897-0400] {dagbag.py:508} INFO - Filling up the DagBag from /home/augenz/PycharmProjects/airflow/.env_airflow/lib/python3.9/site-packages/airflow/example_dags/example_branch_labels.py
[2022-08-29T12:40:56.913-0400] {processor.py:650} INFO - DAG(s) dict_keys(['example_branch_labels']) retrieved from /home/augenz/PycharmProjects/airflow/.env_airflow/lib/python3.9/site-packages/airflow/example_dags/example_branch_labels.py
[2022-08-29T12:40:57.370-0400] {logging_mixin.py:115} INFO - [2022-08-29T12:40:57.369-0400] {dag.py:2429} INFO - Sync 1 DAGs
[2022-08-29T12:40:57.399-0400] {logging_mixin.py:115} INFO - [2022-08-29T12:40:57.398-0400] {dag.py:2977} INFO - Setting next_dagrun for example_branch_labels to 2022-08-28T00:00:00+00:00, run_after=2022-08-29T00:00:00+00:00
[2022-08-29T12:40:57.428-0400] {processor.py:161} INFO - Processing /home/augenz/PycharmProjects/airflow/.env_airflow/lib/python3.9/site-packages/airflow/example_dags/example_branch_labels.py took 0.543 seconds
[2022-08-29T12:41:28.332-0400] {processor.py:153} INFO - Started process (PID=1009) to work on /home/augenz/PycharmProjects/airflow/.env_airflow/lib/python3.9/site-packages/airflow/example_dags/example_branch_labels.py
[2022-08-29T12:41:28.333-0400] {processor.py:640} INFO - Processing file /home/augenz/PycharmProjects/airflow/.env_airflow/lib/python3.9/site-packages/airflow/example_dags/example_branch_labels.py for tasks to queue
[2022-08-29T12:41:28.334-0400] {logging_mixin.py:115} INFO - [2022-08-29T12:41:28.334-0400] {dagbag.py:508} INFO - Filling up the DagBag from /home/augenz/PycharmProjects/airflow/.env_airflow/lib/python3.9/site-packages/airflow/example_dags/example_branch_labels.py
[2022-08-29T12:41:28.345-0400] {processor.py:650} INFO - DAG(s) dict_keys(['example_branch_labels']) retrieved from /home/augenz/PycharmProjects/airflow/.env_airflow/lib/python3.9/site-packages/airflow/example_dags/example_branch_labels.py
[2022-08-29T12:41:28.796-0400] {logging_mixin.py:115} INFO - [2022-08-29T12:41:28.795-0400] {dag.py:2429} INFO - Sync 1 DAGs
[2022-08-29T12:41:28.825-0400] {logging_mixin.py:115} INFO - [2022-08-29T12:41:28.825-0400] {dag.py:2977} INFO - Setting next_dagrun for example_branch_labels to 2022-08-28T00:00:00+00:00, run_after=2022-08-29T00:00:00+00:00
[2022-08-29T12:41:28.883-0400] {processor.py:161} INFO - Processing /home/augenz/PycharmProjects/airflow/.env_airflow/lib/python3.9/site-packages/airflow/example_dags/example_branch_labels.py took 0.556 seconds
[2022-08-29T12:41:59.860-0400] {processor.py:153} INFO - Started process (PID=1053) to work on /home/augenz/PycharmProjects/airflow/.env_airflow/lib/python3.9/site-packages/airflow/example_dags/example_branch_labels.py
[2022-08-29T12:41:59.861-0400] {processor.py:640} INFO - Processing file /home/augenz/PycharmProjects/airflow/.env_airflow/lib/python3.9/site-packages/airflow/example_dags/example_branch_labels.py for tasks to queue
[2022-08-29T12:41:59.862-0400] {logging_mixin.py:115} INFO - [2022-08-29T12:41:59.861-0400] {dagbag.py:508} INFO - Filling up the DagBag from /home/augenz/PycharmProjects/airflow/.env_airflow/lib/python3.9/site-packages/airflow/example_dags/example_branch_labels.py
[2022-08-29T12:41:59.872-0400] {processor.py:650} INFO - DAG(s) dict_keys(['example_branch_labels']) retrieved from /home/augenz/PycharmProjects/airflow/.env_airflow/lib/python3.9/site-packages/airflow/example_dags/example_branch_labels.py
[2022-08-29T12:42:00.343-0400] {logging_mixin.py:115} INFO - [2022-08-29T12:42:00.343-0400] {dag.py:2429} INFO - Sync 1 DAGs
[2022-08-29T12:42:00.372-0400] {logging_mixin.py:115} INFO - [2022-08-29T12:42:00.372-0400] {dag.py:2977} INFO - Setting next_dagrun for example_branch_labels to 2022-08-28T00:00:00+00:00, run_after=2022-08-29T00:00:00+00:00
[2022-08-29T12:42:00.413-0400] {processor.py:161} INFO - Processing /home/augenz/PycharmProjects/airflow/.env_airflow/lib/python3.9/site-packages/airflow/example_dags/example_branch_labels.py took 0.559 seconds
[2022-08-29T12:42:30.732-0400] {processor.py:153} INFO - Started process (PID=1087) to work on /home/augenz/PycharmProjects/airflow/.env_airflow/lib/python3.9/site-packages/airflow/example_dags/example_branch_labels.py
[2022-08-29T12:42:30.733-0400] {processor.py:640} INFO - Processing file /home/augenz/PycharmProjects/airflow/.env_airflow/lib/python3.9/site-packages/airflow/example_dags/example_branch_labels.py for tasks to queue
[2022-08-29T12:42:30.734-0400] {logging_mixin.py:115} INFO - [2022-08-29T12:42:30.734-0400] {dagbag.py:508} INFO - Filling up the DagBag from /home/augenz/PycharmProjects/airflow/.env_airflow/lib/python3.9/site-packages/airflow/example_dags/example_branch_labels.py
[2022-08-29T12:42:30.745-0400] {processor.py:650} INFO - DAG(s) dict_keys(['example_branch_labels']) retrieved from /home/augenz/PycharmProjects/airflow/.env_airflow/lib/python3.9/site-packages/airflow/example_dags/example_branch_labels.py
[2022-08-29T12:42:31.199-0400] {logging_mixin.py:115} INFO - [2022-08-29T12:42:31.199-0400] {dag.py:2429} INFO - Sync 1 DAGs
[2022-08-29T12:42:31.229-0400] {logging_mixin.py:115} INFO - [2022-08-29T12:42:31.228-0400] {dag.py:2977} INFO - Setting next_dagrun for example_branch_labels to 2022-08-28T00:00:00+00:00, run_after=2022-08-29T00:00:00+00:00
[2022-08-29T12:42:31.285-0400] {processor.py:161} INFO - Processing /home/augenz/PycharmProjects/airflow/.env_airflow/lib/python3.9/site-packages/airflow/example_dags/example_branch_labels.py took 0.560 seconds
[2022-08-29T12:43:01.660-0400] {processor.py:153} INFO - Started process (PID=1122) to work on /home/augenz/PycharmProjects/airflow/.env_airflow/lib/python3.9/site-packages/airflow/example_dags/example_branch_labels.py
[2022-08-29T12:43:01.665-0400] {processor.py:640} INFO - Processing file /home/augenz/PycharmProjects/airflow/.env_airflow/lib/python3.9/site-packages/airflow/example_dags/example_branch_labels.py for tasks to queue
[2022-08-29T12:43:01.666-0400] {logging_mixin.py:115} INFO - [2022-08-29T12:43:01.665-0400] {dagbag.py:508} INFO - Filling up the DagBag from /home/augenz/PycharmProjects/airflow/.env_airflow/lib/python3.9/site-packages/airflow/example_dags/example_branch_labels.py
[2022-08-29T12:43:01.677-0400] {processor.py:650} INFO - DAG(s) dict_keys(['example_branch_labels']) retrieved from /home/augenz/PycharmProjects/airflow/.env_airflow/lib/python3.9/site-packages/airflow/example_dags/example_branch_labels.py
[2022-08-29T12:43:02.254-0400] {logging_mixin.py:115} INFO - [2022-08-29T12:43:02.253-0400] {dag.py:2429} INFO - Sync 1 DAGs
[2022-08-29T12:43:02.286-0400] {logging_mixin.py:115} INFO - [2022-08-29T12:43:02.286-0400] {dag.py:2977} INFO - Setting next_dagrun for example_branch_labels to 2022-08-28T00:00:00+00:00, run_after=2022-08-29T00:00:00+00:00
[2022-08-29T12:43:02.330-0400] {processor.py:161} INFO - Processing /home/augenz/PycharmProjects/airflow/.env_airflow/lib/python3.9/site-packages/airflow/example_dags/example_branch_labels.py took 0.677 seconds
[2022-08-29T12:43:32.839-0400] {processor.py:153} INFO - Started process (PID=1156) to work on /home/augenz/PycharmProjects/airflow/.env_airflow/lib/python3.9/site-packages/airflow/example_dags/example_branch_labels.py
[2022-08-29T12:43:32.845-0400] {processor.py:640} INFO - Processing file /home/augenz/PycharmProjects/airflow/.env_airflow/lib/python3.9/site-packages/airflow/example_dags/example_branch_labels.py for tasks to queue
[2022-08-29T12:43:32.846-0400] {logging_mixin.py:115} INFO - [2022-08-29T12:43:32.846-0400] {dagbag.py:508} INFO - Filling up the DagBag from /home/augenz/PycharmProjects/airflow/.env_airflow/lib/python3.9/site-packages/airflow/example_dags/example_branch_labels.py
[2022-08-29T12:43:32.856-0400] {processor.py:650} INFO - DAG(s) dict_keys(['example_branch_labels']) retrieved from /home/augenz/PycharmProjects/airflow/.env_airflow/lib/python3.9/site-packages/airflow/example_dags/example_branch_labels.py
[2022-08-29T12:43:33.325-0400] {logging_mixin.py:115} INFO - [2022-08-29T12:43:33.324-0400] {dag.py:2429} INFO - Sync 1 DAGs
[2022-08-29T12:43:33.353-0400] {logging_mixin.py:115} INFO - [2022-08-29T12:43:33.353-0400] {dag.py:2977} INFO - Setting next_dagrun for example_branch_labels to 2022-08-28T00:00:00+00:00, run_after=2022-08-29T00:00:00+00:00
[2022-08-29T12:43:33.394-0400] {processor.py:161} INFO - Processing /home/augenz/PycharmProjects/airflow/.env_airflow/lib/python3.9/site-packages/airflow/example_dags/example_branch_labels.py took 0.559 seconds
[2022-08-29T12:44:03.567-0400] {processor.py:153} INFO - Started process (PID=1190) to work on /home/augenz/PycharmProjects/airflow/.env_airflow/lib/python3.9/site-packages/airflow/example_dags/example_branch_labels.py
[2022-08-29T12:44:03.569-0400] {processor.py:640} INFO - Processing file /home/augenz/PycharmProjects/airflow/.env_airflow/lib/python3.9/site-packages/airflow/example_dags/example_branch_labels.py for tasks to queue
[2022-08-29T12:44:03.570-0400] {logging_mixin.py:115} INFO - [2022-08-29T12:44:03.570-0400] {dagbag.py:508} INFO - Filling up the DagBag from /home/augenz/PycharmProjects/airflow/.env_airflow/lib/python3.9/site-packages/airflow/example_dags/example_branch_labels.py
[2022-08-29T12:44:03.586-0400] {processor.py:650} INFO - DAG(s) dict_keys(['example_branch_labels']) retrieved from /home/augenz/PycharmProjects/airflow/.env_airflow/lib/python3.9/site-packages/airflow/example_dags/example_branch_labels.py
[2022-08-29T12:44:04.042-0400] {logging_mixin.py:115} INFO - [2022-08-29T12:44:04.042-0400] {dag.py:2429} INFO - Sync 1 DAGs
[2022-08-29T12:44:04.074-0400] {logging_mixin.py:115} INFO - [2022-08-29T12:44:04.074-0400] {dag.py:2977} INFO - Setting next_dagrun for example_branch_labels to 2022-08-28T00:00:00+00:00, run_after=2022-08-29T00:00:00+00:00
[2022-08-29T12:44:04.124-0400] {processor.py:161} INFO - Processing /home/augenz/PycharmProjects/airflow/.env_airflow/lib/python3.9/site-packages/airflow/example_dags/example_branch_labels.py took 0.561 seconds
[2022-08-29T12:44:34.817-0400] {processor.py:153} INFO - Started process (PID=1225) to work on /home/augenz/PycharmProjects/airflow/.env_airflow/lib/python3.9/site-packages/airflow/example_dags/example_branch_labels.py
[2022-08-29T12:44:34.822-0400] {processor.py:640} INFO - Processing file /home/augenz/PycharmProjects/airflow/.env_airflow/lib/python3.9/site-packages/airflow/example_dags/example_branch_labels.py for tasks to queue
[2022-08-29T12:44:34.823-0400] {logging_mixin.py:115} INFO - [2022-08-29T12:44:34.822-0400] {dagbag.py:508} INFO - Filling up the DagBag from /home/augenz/PycharmProjects/airflow/.env_airflow/lib/python3.9/site-packages/airflow/example_dags/example_branch_labels.py
[2022-08-29T12:44:34.838-0400] {processor.py:650} INFO - DAG(s) dict_keys(['example_branch_labels']) retrieved from /home/augenz/PycharmProjects/airflow/.env_airflow/lib/python3.9/site-packages/airflow/example_dags/example_branch_labels.py
[2022-08-29T12:44:35.641-0400] {logging_mixin.py:115} INFO - [2022-08-29T12:44:35.640-0400] {dag.py:2429} INFO - Sync 1 DAGs
[2022-08-29T12:44:35.704-0400] {logging_mixin.py:115} INFO - [2022-08-29T12:44:35.704-0400] {dag.py:2977} INFO - Setting next_dagrun for example_branch_labels to 2022-08-28T00:00:00+00:00, run_after=2022-08-29T00:00:00+00:00
[2022-08-29T12:44:35.768-0400] {processor.py:161} INFO - Processing /home/augenz/PycharmProjects/airflow/.env_airflow/lib/python3.9/site-packages/airflow/example_dags/example_branch_labels.py took 0.957 seconds
[2022-08-29T12:45:05.861-0400] {processor.py:153} INFO - Started process (PID=1272) to work on /home/augenz/PycharmProjects/airflow/.env_airflow/lib/python3.9/site-packages/airflow/example_dags/example_branch_labels.py
[2022-08-29T12:45:05.862-0400] {processor.py:640} INFO - Processing file /home/augenz/PycharmProjects/airflow/.env_airflow/lib/python3.9/site-packages/airflow/example_dags/example_branch_labels.py for tasks to queue
[2022-08-29T12:45:05.862-0400] {logging_mixin.py:115} INFO - [2022-08-29T12:45:05.862-0400] {dagbag.py:508} INFO - Filling up the DagBag from /home/augenz/PycharmProjects/airflow/.env_airflow/lib/python3.9/site-packages/airflow/example_dags/example_branch_labels.py
[2022-08-29T12:45:05.874-0400] {processor.py:650} INFO - DAG(s) dict_keys(['example_branch_labels']) retrieved from /home/augenz/PycharmProjects/airflow/.env_airflow/lib/python3.9/site-packages/airflow/example_dags/example_branch_labels.py
[2022-08-29T12:45:06.361-0400] {logging_mixin.py:115} INFO - [2022-08-29T12:45:06.361-0400] {dag.py:2429} INFO - Sync 1 DAGs
[2022-08-29T12:45:06.390-0400] {logging_mixin.py:115} INFO - [2022-08-29T12:45:06.390-0400] {dag.py:2977} INFO - Setting next_dagrun for example_branch_labels to 2022-08-28T00:00:00+00:00, run_after=2022-08-29T00:00:00+00:00
[2022-08-29T12:45:06.442-0400] {processor.py:161} INFO - Processing /home/augenz/PycharmProjects/airflow/.env_airflow/lib/python3.9/site-packages/airflow/example_dags/example_branch_labels.py took 0.587 seconds
[2022-08-29T12:45:37.319-0400] {processor.py:153} INFO - Started process (PID=1306) to work on /home/augenz/PycharmProjects/airflow/.env_airflow/lib/python3.9/site-packages/airflow/example_dags/example_branch_labels.py
[2022-08-29T12:45:37.320-0400] {processor.py:640} INFO - Processing file /home/augenz/PycharmProjects/airflow/.env_airflow/lib/python3.9/site-packages/airflow/example_dags/example_branch_labels.py for tasks to queue
[2022-08-29T12:45:37.321-0400] {logging_mixin.py:115} INFO - [2022-08-29T12:45:37.321-0400] {dagbag.py:508} INFO - Filling up the DagBag from /home/augenz/PycharmProjects/airflow/.env_airflow/lib/python3.9/site-packages/airflow/example_dags/example_branch_labels.py
[2022-08-29T12:45:37.332-0400] {processor.py:650} INFO - DAG(s) dict_keys(['example_branch_labels']) retrieved from /home/augenz/PycharmProjects/airflow/.env_airflow/lib/python3.9/site-packages/airflow/example_dags/example_branch_labels.py
[2022-08-29T12:45:37.952-0400] {logging_mixin.py:115} INFO - [2022-08-29T12:45:37.951-0400] {dag.py:2429} INFO - Sync 1 DAGs
[2022-08-29T12:45:37.981-0400] {logging_mixin.py:115} INFO - [2022-08-29T12:45:37.980-0400] {dag.py:2977} INFO - Setting next_dagrun for example_branch_labels to 2022-08-28T00:00:00+00:00, run_after=2022-08-29T00:00:00+00:00
[2022-08-29T12:45:38.012-0400] {processor.py:161} INFO - Processing /home/augenz/PycharmProjects/airflow/.env_airflow/lib/python3.9/site-packages/airflow/example_dags/example_branch_labels.py took 0.699 seconds
[2022-08-29T12:46:08.067-0400] {processor.py:153} INFO - Started process (PID=1341) to work on /home/augenz/PycharmProjects/airflow/.env_airflow/lib/python3.9/site-packages/airflow/example_dags/example_branch_labels.py
[2022-08-29T12:46:08.068-0400] {processor.py:640} INFO - Processing file /home/augenz/PycharmProjects/airflow/.env_airflow/lib/python3.9/site-packages/airflow/example_dags/example_branch_labels.py for tasks to queue
[2022-08-29T12:46:08.070-0400] {logging_mixin.py:115} INFO - [2022-08-29T12:46:08.069-0400] {dagbag.py:508} INFO - Filling up the DagBag from /home/augenz/PycharmProjects/airflow/.env_airflow/lib/python3.9/site-packages/airflow/example_dags/example_branch_labels.py
[2022-08-29T12:46:08.081-0400] {processor.py:650} INFO - DAG(s) dict_keys(['example_branch_labels']) retrieved from /home/augenz/PycharmProjects/airflow/.env_airflow/lib/python3.9/site-packages/airflow/example_dags/example_branch_labels.py
[2022-08-29T12:46:08.687-0400] {logging_mixin.py:115} INFO - [2022-08-29T12:46:08.687-0400] {dag.py:2429} INFO - Sync 1 DAGs
[2022-08-29T12:46:08.719-0400] {logging_mixin.py:115} INFO - [2022-08-29T12:46:08.719-0400] {dag.py:2977} INFO - Setting next_dagrun for example_branch_labels to 2022-08-28T00:00:00+00:00, run_after=2022-08-29T00:00:00+00:00
[2022-08-29T12:46:08.759-0400] {processor.py:161} INFO - Processing /home/augenz/PycharmProjects/airflow/.env_airflow/lib/python3.9/site-packages/airflow/example_dags/example_branch_labels.py took 0.697 seconds
[2022-08-29T12:46:39.511-0400] {processor.py:153} INFO - Started process (PID=1376) to work on /home/augenz/PycharmProjects/airflow/.env_airflow/lib/python3.9/site-packages/airflow/example_dags/example_branch_labels.py
[2022-08-29T12:46:39.513-0400] {processor.py:640} INFO - Processing file /home/augenz/PycharmProjects/airflow/.env_airflow/lib/python3.9/site-packages/airflow/example_dags/example_branch_labels.py for tasks to queue
[2022-08-29T12:46:39.514-0400] {logging_mixin.py:115} INFO - [2022-08-29T12:46:39.513-0400] {dagbag.py:508} INFO - Filling up the DagBag from /home/augenz/PycharmProjects/airflow/.env_airflow/lib/python3.9/site-packages/airflow/example_dags/example_branch_labels.py
[2022-08-29T12:46:39.524-0400] {processor.py:650} INFO - DAG(s) dict_keys(['example_branch_labels']) retrieved from /home/augenz/PycharmProjects/airflow/.env_airflow/lib/python3.9/site-packages/airflow/example_dags/example_branch_labels.py
[2022-08-29T12:46:39.983-0400] {logging_mixin.py:115} INFO - [2022-08-29T12:46:39.982-0400] {dag.py:2429} INFO - Sync 1 DAGs
[2022-08-29T12:46:40.012-0400] {logging_mixin.py:115} INFO - [2022-08-29T12:46:40.012-0400] {dag.py:2977} INFO - Setting next_dagrun for example_branch_labels to 2022-08-28T00:00:00+00:00, run_after=2022-08-29T00:00:00+00:00
[2022-08-29T12:46:40.055-0400] {processor.py:161} INFO - Processing /home/augenz/PycharmProjects/airflow/.env_airflow/lib/python3.9/site-packages/airflow/example_dags/example_branch_labels.py took 0.549 seconds
[2022-08-29T12:47:10.419-0400] {processor.py:153} INFO - Started process (PID=1410) to work on /home/augenz/PycharmProjects/airflow/.env_airflow/lib/python3.9/site-packages/airflow/example_dags/example_branch_labels.py
[2022-08-29T12:47:10.421-0400] {processor.py:640} INFO - Processing file /home/augenz/PycharmProjects/airflow/.env_airflow/lib/python3.9/site-packages/airflow/example_dags/example_branch_labels.py for tasks to queue
[2022-08-29T12:47:10.422-0400] {logging_mixin.py:115} INFO - [2022-08-29T12:47:10.422-0400] {dagbag.py:508} INFO - Filling up the DagBag from /home/augenz/PycharmProjects/airflow/.env_airflow/lib/python3.9/site-packages/airflow/example_dags/example_branch_labels.py
[2022-08-29T12:47:10.439-0400] {processor.py:650} INFO - DAG(s) dict_keys(['example_branch_labels']) retrieved from /home/augenz/PycharmProjects/airflow/.env_airflow/lib/python3.9/site-packages/airflow/example_dags/example_branch_labels.py
[2022-08-29T12:47:11.049-0400] {logging_mixin.py:115} INFO - [2022-08-29T12:47:11.048-0400] {dag.py:2429} INFO - Sync 1 DAGs
[2022-08-29T12:47:11.086-0400] {logging_mixin.py:115} INFO - [2022-08-29T12:47:11.086-0400] {dag.py:2977} INFO - Setting next_dagrun for example_branch_labels to 2022-08-28T00:00:00+00:00, run_after=2022-08-29T00:00:00+00:00
[2022-08-29T12:47:11.151-0400] {processor.py:161} INFO - Processing /home/augenz/PycharmProjects/airflow/.env_airflow/lib/python3.9/site-packages/airflow/example_dags/example_branch_labels.py took 0.737 seconds
[2022-08-29T12:47:41.192-0400] {processor.py:153} INFO - Started process (PID=1452) to work on /home/augenz/PycharmProjects/airflow/.env_airflow/lib/python3.9/site-packages/airflow/example_dags/example_branch_labels.py
[2022-08-29T12:47:41.193-0400] {processor.py:640} INFO - Processing file /home/augenz/PycharmProjects/airflow/.env_airflow/lib/python3.9/site-packages/airflow/example_dags/example_branch_labels.py for tasks to queue
[2022-08-29T12:47:41.194-0400] {logging_mixin.py:115} INFO - [2022-08-29T12:47:41.194-0400] {dagbag.py:508} INFO - Filling up the DagBag from /home/augenz/PycharmProjects/airflow/.env_airflow/lib/python3.9/site-packages/airflow/example_dags/example_branch_labels.py
[2022-08-29T12:47:41.205-0400] {processor.py:650} INFO - DAG(s) dict_keys(['example_branch_labels']) retrieved from /home/augenz/PycharmProjects/airflow/.env_airflow/lib/python3.9/site-packages/airflow/example_dags/example_branch_labels.py
[2022-08-29T12:47:41.778-0400] {logging_mixin.py:115} INFO - [2022-08-29T12:47:41.777-0400] {dag.py:2429} INFO - Sync 1 DAGs
[2022-08-29T12:47:41.811-0400] {logging_mixin.py:115} INFO - [2022-08-29T12:47:41.810-0400] {dag.py:2977} INFO - Setting next_dagrun for example_branch_labels to 2022-08-28T00:00:00+00:00, run_after=2022-08-29T00:00:00+00:00
[2022-08-29T12:47:41.850-0400] {processor.py:161} INFO - Processing /home/augenz/PycharmProjects/airflow/.env_airflow/lib/python3.9/site-packages/airflow/example_dags/example_branch_labels.py took 0.663 seconds
[2022-08-29T12:48:12.317-0400] {processor.py:153} INFO - Started process (PID=1486) to work on /home/augenz/PycharmProjects/airflow/.env_airflow/lib/python3.9/site-packages/airflow/example_dags/example_branch_labels.py
[2022-08-29T12:48:12.324-0400] {processor.py:640} INFO - Processing file /home/augenz/PycharmProjects/airflow/.env_airflow/lib/python3.9/site-packages/airflow/example_dags/example_branch_labels.py for tasks to queue
[2022-08-29T12:48:12.325-0400] {logging_mixin.py:115} INFO - [2022-08-29T12:48:12.325-0400] {dagbag.py:508} INFO - Filling up the DagBag from /home/augenz/PycharmProjects/airflow/.env_airflow/lib/python3.9/site-packages/airflow/example_dags/example_branch_labels.py
[2022-08-29T12:48:12.336-0400] {processor.py:650} INFO - DAG(s) dict_keys(['example_branch_labels']) retrieved from /home/augenz/PycharmProjects/airflow/.env_airflow/lib/python3.9/site-packages/airflow/example_dags/example_branch_labels.py
[2022-08-29T12:48:12.792-0400] {logging_mixin.py:115} INFO - [2022-08-29T12:48:12.791-0400] {dag.py:2429} INFO - Sync 1 DAGs
[2022-08-29T12:48:12.821-0400] {logging_mixin.py:115} INFO - [2022-08-29T12:48:12.821-0400] {dag.py:2977} INFO - Setting next_dagrun for example_branch_labels to 2022-08-28T00:00:00+00:00, run_after=2022-08-29T00:00:00+00:00
[2022-08-29T12:48:12.872-0400] {processor.py:161} INFO - Processing /home/augenz/PycharmProjects/airflow/.env_airflow/lib/python3.9/site-packages/airflow/example_dags/example_branch_labels.py took 0.561 seconds
[2022-08-29T12:48:43.363-0400] {processor.py:153} INFO - Started process (PID=1521) to work on /home/augenz/PycharmProjects/airflow/.env_airflow/lib/python3.9/site-packages/airflow/example_dags/example_branch_labels.py
[2022-08-29T12:48:43.364-0400] {processor.py:640} INFO - Processing file /home/augenz/PycharmProjects/airflow/.env_airflow/lib/python3.9/site-packages/airflow/example_dags/example_branch_labels.py for tasks to queue
[2022-08-29T12:48:43.365-0400] {logging_mixin.py:115} INFO - [2022-08-29T12:48:43.365-0400] {dagbag.py:508} INFO - Filling up the DagBag from /home/augenz/PycharmProjects/airflow/.env_airflow/lib/python3.9/site-packages/airflow/example_dags/example_branch_labels.py
[2022-08-29T12:48:43.374-0400] {processor.py:650} INFO - DAG(s) dict_keys(['example_branch_labels']) retrieved from /home/augenz/PycharmProjects/airflow/.env_airflow/lib/python3.9/site-packages/airflow/example_dags/example_branch_labels.py
[2022-08-29T12:48:43.824-0400] {logging_mixin.py:115} INFO - [2022-08-29T12:48:43.823-0400] {dag.py:2429} INFO - Sync 1 DAGs
[2022-08-29T12:48:43.853-0400] {logging_mixin.py:115} INFO - [2022-08-29T12:48:43.852-0400] {dag.py:2977} INFO - Setting next_dagrun for example_branch_labels to 2022-08-28T00:00:00+00:00, run_after=2022-08-29T00:00:00+00:00
[2022-08-29T12:48:43.901-0400] {processor.py:161} INFO - Processing /home/augenz/PycharmProjects/airflow/.env_airflow/lib/python3.9/site-packages/airflow/example_dags/example_branch_labels.py took 0.544 seconds
[2022-08-29T12:49:14.907-0400] {processor.py:153} INFO - Started process (PID=1562) to work on /home/augenz/PycharmProjects/airflow/.env_airflow/lib/python3.9/site-packages/airflow/example_dags/example_branch_labels.py
[2022-08-29T12:49:14.917-0400] {processor.py:640} INFO - Processing file /home/augenz/PycharmProjects/airflow/.env_airflow/lib/python3.9/site-packages/airflow/example_dags/example_branch_labels.py for tasks to queue
[2022-08-29T12:49:14.918-0400] {logging_mixin.py:115} INFO - [2022-08-29T12:49:14.918-0400] {dagbag.py:508} INFO - Filling up the DagBag from /home/augenz/PycharmProjects/airflow/.env_airflow/lib/python3.9/site-packages/airflow/example_dags/example_branch_labels.py
[2022-08-29T12:49:14.929-0400] {processor.py:650} INFO - DAG(s) dict_keys(['example_branch_labels']) retrieved from /home/augenz/PycharmProjects/airflow/.env_airflow/lib/python3.9/site-packages/airflow/example_dags/example_branch_labels.py
[2022-08-29T12:49:15.489-0400] {logging_mixin.py:115} INFO - [2022-08-29T12:49:15.488-0400] {dag.py:2429} INFO - Sync 1 DAGs
[2022-08-29T12:49:15.558-0400] {logging_mixin.py:115} INFO - [2022-08-29T12:49:15.558-0400] {dag.py:2977} INFO - Setting next_dagrun for example_branch_labels to 2022-08-28T00:00:00+00:00, run_after=2022-08-29T00:00:00+00:00
[2022-08-29T12:49:15.615-0400] {processor.py:161} INFO - Processing /home/augenz/PycharmProjects/airflow/.env_airflow/lib/python3.9/site-packages/airflow/example_dags/example_branch_labels.py took 0.711 seconds
[2022-08-29T12:49:45.999-0400] {processor.py:153} INFO - Started process (PID=1599) to work on /home/augenz/PycharmProjects/airflow/.env_airflow/lib/python3.9/site-packages/airflow/example_dags/example_branch_labels.py
[2022-08-29T12:49:46.010-0400] {processor.py:640} INFO - Processing file /home/augenz/PycharmProjects/airflow/.env_airflow/lib/python3.9/site-packages/airflow/example_dags/example_branch_labels.py for tasks to queue
[2022-08-29T12:49:46.011-0400] {logging_mixin.py:115} INFO - [2022-08-29T12:49:46.011-0400] {dagbag.py:508} INFO - Filling up the DagBag from /home/augenz/PycharmProjects/airflow/.env_airflow/lib/python3.9/site-packages/airflow/example_dags/example_branch_labels.py
[2022-08-29T12:49:46.023-0400] {processor.py:650} INFO - DAG(s) dict_keys(['example_branch_labels']) retrieved from /home/augenz/PycharmProjects/airflow/.env_airflow/lib/python3.9/site-packages/airflow/example_dags/example_branch_labels.py
[2022-08-29T12:49:46.640-0400] {logging_mixin.py:115} INFO - [2022-08-29T12:49:46.640-0400] {dag.py:2429} INFO - Sync 1 DAGs
[2022-08-29T12:49:46.669-0400] {logging_mixin.py:115} INFO - [2022-08-29T12:49:46.669-0400] {dag.py:2977} INFO - Setting next_dagrun for example_branch_labels to 2022-08-28T00:00:00+00:00, run_after=2022-08-29T00:00:00+00:00
[2022-08-29T12:49:46.720-0400] {processor.py:161} INFO - Processing /home/augenz/PycharmProjects/airflow/.env_airflow/lib/python3.9/site-packages/airflow/example_dags/example_branch_labels.py took 0.727 seconds
[2022-08-29T12:50:17.282-0400] {processor.py:153} INFO - Started process (PID=1633) to work on /home/augenz/PycharmProjects/airflow/.env_airflow/lib/python3.9/site-packages/airflow/example_dags/example_branch_labels.py
[2022-08-29T12:50:17.293-0400] {processor.py:640} INFO - Processing file /home/augenz/PycharmProjects/airflow/.env_airflow/lib/python3.9/site-packages/airflow/example_dags/example_branch_labels.py for tasks to queue
[2022-08-29T12:50:17.295-0400] {logging_mixin.py:115} INFO - [2022-08-29T12:50:17.294-0400] {dagbag.py:508} INFO - Filling up the DagBag from /home/augenz/PycharmProjects/airflow/.env_airflow/lib/python3.9/site-packages/airflow/example_dags/example_branch_labels.py
[2022-08-29T12:50:17.311-0400] {processor.py:650} INFO - DAG(s) dict_keys(['example_branch_labels']) retrieved from /home/augenz/PycharmProjects/airflow/.env_airflow/lib/python3.9/site-packages/airflow/example_dags/example_branch_labels.py
[2022-08-29T12:50:17.870-0400] {logging_mixin.py:115} INFO - [2022-08-29T12:50:17.870-0400] {dag.py:2429} INFO - Sync 1 DAGs
[2022-08-29T12:50:17.899-0400] {logging_mixin.py:115} INFO - [2022-08-29T12:50:17.899-0400] {dag.py:2977} INFO - Setting next_dagrun for example_branch_labels to 2022-08-28T00:00:00+00:00, run_after=2022-08-29T00:00:00+00:00
[2022-08-29T12:50:17.958-0400] {processor.py:161} INFO - Processing /home/augenz/PycharmProjects/airflow/.env_airflow/lib/python3.9/site-packages/airflow/example_dags/example_branch_labels.py took 0.680 seconds
[2022-08-29T12:50:48.114-0400] {processor.py:153} INFO - Started process (PID=1672) to work on /home/augenz/PycharmProjects/airflow/.env_airflow/lib/python3.9/site-packages/airflow/example_dags/example_branch_labels.py
[2022-08-29T12:50:48.116-0400] {processor.py:640} INFO - Processing file /home/augenz/PycharmProjects/airflow/.env_airflow/lib/python3.9/site-packages/airflow/example_dags/example_branch_labels.py for tasks to queue
[2022-08-29T12:50:48.118-0400] {logging_mixin.py:115} INFO - [2022-08-29T12:50:48.117-0400] {dagbag.py:508} INFO - Filling up the DagBag from /home/augenz/PycharmProjects/airflow/.env_airflow/lib/python3.9/site-packages/airflow/example_dags/example_branch_labels.py
[2022-08-29T12:50:48.134-0400] {processor.py:650} INFO - DAG(s) dict_keys(['example_branch_labels']) retrieved from /home/augenz/PycharmProjects/airflow/.env_airflow/lib/python3.9/site-packages/airflow/example_dags/example_branch_labels.py
[2022-08-29T12:50:48.721-0400] {logging_mixin.py:115} INFO - [2022-08-29T12:50:48.720-0400] {dag.py:2429} INFO - Sync 1 DAGs
[2022-08-29T12:50:48.750-0400] {logging_mixin.py:115} INFO - [2022-08-29T12:50:48.750-0400] {dag.py:2977} INFO - Setting next_dagrun for example_branch_labels to 2022-08-28T00:00:00+00:00, run_after=2022-08-29T00:00:00+00:00
[2022-08-29T12:50:48.805-0400] {processor.py:161} INFO - Processing /home/augenz/PycharmProjects/airflow/.env_airflow/lib/python3.9/site-packages/airflow/example_dags/example_branch_labels.py took 0.697 seconds
[2022-08-29T12:51:19.351-0400] {processor.py:153} INFO - Started process (PID=1706) to work on /home/augenz/PycharmProjects/airflow/.env_airflow/lib/python3.9/site-packages/airflow/example_dags/example_branch_labels.py
[2022-08-29T12:51:19.352-0400] {processor.py:640} INFO - Processing file /home/augenz/PycharmProjects/airflow/.env_airflow/lib/python3.9/site-packages/airflow/example_dags/example_branch_labels.py for tasks to queue
[2022-08-29T12:51:19.354-0400] {logging_mixin.py:115} INFO - [2022-08-29T12:51:19.354-0400] {dagbag.py:508} INFO - Filling up the DagBag from /home/augenz/PycharmProjects/airflow/.env_airflow/lib/python3.9/site-packages/airflow/example_dags/example_branch_labels.py
[2022-08-29T12:51:19.370-0400] {processor.py:650} INFO - DAG(s) dict_keys(['example_branch_labels']) retrieved from /home/augenz/PycharmProjects/airflow/.env_airflow/lib/python3.9/site-packages/airflow/example_dags/example_branch_labels.py
[2022-08-29T12:51:20.017-0400] {logging_mixin.py:115} INFO - [2022-08-29T12:51:20.016-0400] {dag.py:2429} INFO - Sync 1 DAGs
[2022-08-29T12:51:20.067-0400] {logging_mixin.py:115} INFO - [2022-08-29T12:51:20.067-0400] {dag.py:2977} INFO - Setting next_dagrun for example_branch_labels to 2022-08-28T00:00:00+00:00, run_after=2022-08-29T00:00:00+00:00
[2022-08-29T12:51:20.111-0400] {processor.py:161} INFO - Processing /home/augenz/PycharmProjects/airflow/.env_airflow/lib/python3.9/site-packages/airflow/example_dags/example_branch_labels.py took 0.766 seconds
[2022-08-29T12:51:50.187-0400] {processor.py:153} INFO - Started process (PID=1744) to work on /home/augenz/PycharmProjects/airflow/.env_airflow/lib/python3.9/site-packages/airflow/example_dags/example_branch_labels.py
[2022-08-29T12:51:50.188-0400] {processor.py:640} INFO - Processing file /home/augenz/PycharmProjects/airflow/.env_airflow/lib/python3.9/site-packages/airflow/example_dags/example_branch_labels.py for tasks to queue
[2022-08-29T12:51:50.189-0400] {logging_mixin.py:115} INFO - [2022-08-29T12:51:50.189-0400] {dagbag.py:508} INFO - Filling up the DagBag from /home/augenz/PycharmProjects/airflow/.env_airflow/lib/python3.9/site-packages/airflow/example_dags/example_branch_labels.py
[2022-08-29T12:51:50.201-0400] {processor.py:650} INFO - DAG(s) dict_keys(['example_branch_labels']) retrieved from /home/augenz/PycharmProjects/airflow/.env_airflow/lib/python3.9/site-packages/airflow/example_dags/example_branch_labels.py
[2022-08-29T12:51:50.658-0400] {logging_mixin.py:115} INFO - [2022-08-29T12:51:50.658-0400] {dag.py:2429} INFO - Sync 1 DAGs
[2022-08-29T12:51:50.687-0400] {logging_mixin.py:115} INFO - [2022-08-29T12:51:50.687-0400] {dag.py:2977} INFO - Setting next_dagrun for example_branch_labels to 2022-08-28T00:00:00+00:00, run_after=2022-08-29T00:00:00+00:00
[2022-08-29T12:51:50.732-0400] {processor.py:161} INFO - Processing /home/augenz/PycharmProjects/airflow/.env_airflow/lib/python3.9/site-packages/airflow/example_dags/example_branch_labels.py took 0.550 seconds
[2022-08-29T12:52:21.235-0400] {processor.py:153} INFO - Started process (PID=1778) to work on /home/augenz/PycharmProjects/airflow/.env_airflow/lib/python3.9/site-packages/airflow/example_dags/example_branch_labels.py
[2022-08-29T12:52:21.236-0400] {processor.py:640} INFO - Processing file /home/augenz/PycharmProjects/airflow/.env_airflow/lib/python3.9/site-packages/airflow/example_dags/example_branch_labels.py for tasks to queue
[2022-08-29T12:52:21.237-0400] {logging_mixin.py:115} INFO - [2022-08-29T12:52:21.237-0400] {dagbag.py:508} INFO - Filling up the DagBag from /home/augenz/PycharmProjects/airflow/.env_airflow/lib/python3.9/site-packages/airflow/example_dags/example_branch_labels.py
[2022-08-29T12:52:21.248-0400] {processor.py:650} INFO - DAG(s) dict_keys(['example_branch_labels']) retrieved from /home/augenz/PycharmProjects/airflow/.env_airflow/lib/python3.9/site-packages/airflow/example_dags/example_branch_labels.py
[2022-08-29T12:52:21.723-0400] {logging_mixin.py:115} INFO - [2022-08-29T12:52:21.723-0400] {dag.py:2429} INFO - Sync 1 DAGs
[2022-08-29T12:52:21.752-0400] {logging_mixin.py:115} INFO - [2022-08-29T12:52:21.752-0400] {dag.py:2977} INFO - Setting next_dagrun for example_branch_labels to 2022-08-28T00:00:00+00:00, run_after=2022-08-29T00:00:00+00:00
[2022-08-29T12:52:21.796-0400] {processor.py:161} INFO - Processing /home/augenz/PycharmProjects/airflow/.env_airflow/lib/python3.9/site-packages/airflow/example_dags/example_branch_labels.py took 0.566 seconds
[2022-08-29T12:52:51.908-0400] {processor.py:153} INFO - Started process (PID=1812) to work on /home/augenz/PycharmProjects/airflow/.env_airflow/lib/python3.9/site-packages/airflow/example_dags/example_branch_labels.py
[2022-08-29T12:52:51.922-0400] {processor.py:640} INFO - Processing file /home/augenz/PycharmProjects/airflow/.env_airflow/lib/python3.9/site-packages/airflow/example_dags/example_branch_labels.py for tasks to queue
[2022-08-29T12:52:51.923-0400] {logging_mixin.py:115} INFO - [2022-08-29T12:52:51.923-0400] {dagbag.py:508} INFO - Filling up the DagBag from /home/augenz/PycharmProjects/airflow/.env_airflow/lib/python3.9/site-packages/airflow/example_dags/example_branch_labels.py
[2022-08-29T12:52:51.934-0400] {processor.py:650} INFO - DAG(s) dict_keys(['example_branch_labels']) retrieved from /home/augenz/PycharmProjects/airflow/.env_airflow/lib/python3.9/site-packages/airflow/example_dags/example_branch_labels.py
[2022-08-29T12:52:52.411-0400] {logging_mixin.py:115} INFO - [2022-08-29T12:52:52.411-0400] {dag.py:2429} INFO - Sync 1 DAGs
[2022-08-29T12:52:52.441-0400] {logging_mixin.py:115} INFO - [2022-08-29T12:52:52.440-0400] {dag.py:2977} INFO - Setting next_dagrun for example_branch_labels to 2022-08-28T00:00:00+00:00, run_after=2022-08-29T00:00:00+00:00
[2022-08-29T12:52:52.501-0400] {processor.py:161} INFO - Processing /home/augenz/PycharmProjects/airflow/.env_airflow/lib/python3.9/site-packages/airflow/example_dags/example_branch_labels.py took 0.598 seconds
[2022-08-29T12:53:23.071-0400] {processor.py:153} INFO - Started process (PID=1849) to work on /home/augenz/PycharmProjects/airflow/.env_airflow/lib/python3.9/site-packages/airflow/example_dags/example_branch_labels.py
[2022-08-29T12:53:23.072-0400] {processor.py:640} INFO - Processing file /home/augenz/PycharmProjects/airflow/.env_airflow/lib/python3.9/site-packages/airflow/example_dags/example_branch_labels.py for tasks to queue
[2022-08-29T12:53:23.073-0400] {logging_mixin.py:115} INFO - [2022-08-29T12:53:23.073-0400] {dagbag.py:508} INFO - Filling up the DagBag from /home/augenz/PycharmProjects/airflow/.env_airflow/lib/python3.9/site-packages/airflow/example_dags/example_branch_labels.py
[2022-08-29T12:53:23.086-0400] {processor.py:650} INFO - DAG(s) dict_keys(['example_branch_labels']) retrieved from /home/augenz/PycharmProjects/airflow/.env_airflow/lib/python3.9/site-packages/airflow/example_dags/example_branch_labels.py
[2022-08-29T12:53:23.539-0400] {logging_mixin.py:115} INFO - [2022-08-29T12:53:23.539-0400] {dag.py:2429} INFO - Sync 1 DAGs
[2022-08-29T12:53:23.572-0400] {logging_mixin.py:115} INFO - [2022-08-29T12:53:23.571-0400] {dag.py:2977} INFO - Setting next_dagrun for example_branch_labels to 2022-08-28T00:00:00+00:00, run_after=2022-08-29T00:00:00+00:00
[2022-08-29T12:53:23.630-0400] {processor.py:161} INFO - Processing /home/augenz/PycharmProjects/airflow/.env_airflow/lib/python3.9/site-packages/airflow/example_dags/example_branch_labels.py took 0.565 seconds
[2022-08-29T12:53:54.464-0400] {processor.py:153} INFO - Started process (PID=1891) to work on /home/augenz/PycharmProjects/airflow/.env_airflow/lib/python3.9/site-packages/airflow/example_dags/example_branch_labels.py
[2022-08-29T12:53:54.476-0400] {processor.py:640} INFO - Processing file /home/augenz/PycharmProjects/airflow/.env_airflow/lib/python3.9/site-packages/airflow/example_dags/example_branch_labels.py for tasks to queue
[2022-08-29T12:53:54.477-0400] {logging_mixin.py:115} INFO - [2022-08-29T12:53:54.476-0400] {dagbag.py:508} INFO - Filling up the DagBag from /home/augenz/PycharmProjects/airflow/.env_airflow/lib/python3.9/site-packages/airflow/example_dags/example_branch_labels.py
[2022-08-29T12:53:54.487-0400] {processor.py:650} INFO - DAG(s) dict_keys(['example_branch_labels']) retrieved from /home/augenz/PycharmProjects/airflow/.env_airflow/lib/python3.9/site-packages/airflow/example_dags/example_branch_labels.py
[2022-08-29T12:53:54.981-0400] {logging_mixin.py:115} INFO - [2022-08-29T12:53:54.981-0400] {dag.py:2429} INFO - Sync 1 DAGs
[2022-08-29T12:53:55.018-0400] {logging_mixin.py:115} INFO - [2022-08-29T12:53:55.018-0400] {dag.py:2977} INFO - Setting next_dagrun for example_branch_labels to 2022-08-28T00:00:00+00:00, run_after=2022-08-29T00:00:00+00:00
[2022-08-29T12:53:55.069-0400] {processor.py:161} INFO - Processing /home/augenz/PycharmProjects/airflow/.env_airflow/lib/python3.9/site-packages/airflow/example_dags/example_branch_labels.py took 0.611 seconds
