[2022-08-29T12:33:19.885-0400] {processor.py:153} INFO - Started process (PID=397) to work on /home/augenz/PycharmProjects/airflow/.env_airflow/lib/python3.9/site-packages/airflow/example_dags/example_branch_day_of_week_operator.py
[2022-08-29T12:33:19.886-0400] {processor.py:640} INFO - Processing file /home/augenz/PycharmProjects/airflow/.env_airflow/lib/python3.9/site-packages/airflow/example_dags/example_branch_day_of_week_operator.py for tasks to queue
[2022-08-29T12:33:19.888-0400] {logging_mixin.py:115} INFO - [2022-08-29T12:33:19.887-0400] {dagbag.py:508} INFO - Filling up the DagBag from /home/augenz/PycharmProjects/airflow/.env_airflow/lib/python3.9/site-packages/airflow/example_dags/example_branch_day_of_week_operator.py
[2022-08-29T12:33:19.911-0400] {processor.py:650} INFO - DAG(s) dict_keys(['example_weekday_branch_operator']) retrieved from /home/augenz/PycharmProjects/airflow/.env_airflow/lib/python3.9/site-packages/airflow/example_dags/example_branch_day_of_week_operator.py
[2022-08-29T12:33:20.073-0400] {logging_mixin.py:115} INFO - [2022-08-29T12:33:20.073-0400] {manager.py:508} INFO - Created Permission View: can delete on DAG:example_weekday_branch_operator
[2022-08-29T12:33:20.140-0400] {logging_mixin.py:115} INFO - [2022-08-29T12:33:20.140-0400] {manager.py:508} INFO - Created Permission View: can read on DAG:example_weekday_branch_operator
[2022-08-29T12:33:20.190-0400] {logging_mixin.py:115} INFO - [2022-08-29T12:33:20.189-0400] {manager.py:508} INFO - Created Permission View: can edit on DAG:example_weekday_branch_operator
[2022-08-29T12:33:20.191-0400] {logging_mixin.py:115} INFO - [2022-08-29T12:33:20.191-0400] {dag.py:2429} INFO - Sync 1 DAGs
[2022-08-29T12:33:20.214-0400] {logging_mixin.py:115} INFO - [2022-08-29T12:33:20.213-0400] {dag.py:2448} INFO - Creating ORM DAG for example_weekday_branch_operator
[2022-08-29T12:33:20.257-0400] {logging_mixin.py:115} INFO - [2022-08-29T12:33:20.257-0400] {dag.py:2977} INFO - Setting next_dagrun for example_weekday_branch_operator to 2022-08-28T00:00:00+00:00, run_after=2022-08-29T00:00:00+00:00
[2022-08-29T12:33:20.305-0400] {processor.py:161} INFO - Processing /home/augenz/PycharmProjects/airflow/.env_airflow/lib/python3.9/site-packages/airflow/example_dags/example_branch_day_of_week_operator.py took 0.424 seconds
[2022-08-29T12:33:50.832-0400] {processor.py:153} INFO - Started process (PID=437) to work on /home/augenz/PycharmProjects/airflow/.env_airflow/lib/python3.9/site-packages/airflow/example_dags/example_branch_day_of_week_operator.py
[2022-08-29T12:33:50.835-0400] {processor.py:640} INFO - Processing file /home/augenz/PycharmProjects/airflow/.env_airflow/lib/python3.9/site-packages/airflow/example_dags/example_branch_day_of_week_operator.py for tasks to queue
[2022-08-29T12:33:50.836-0400] {logging_mixin.py:115} INFO - [2022-08-29T12:33:50.836-0400] {dagbag.py:508} INFO - Filling up the DagBag from /home/augenz/PycharmProjects/airflow/.env_airflow/lib/python3.9/site-packages/airflow/example_dags/example_branch_day_of_week_operator.py
[2022-08-29T12:33:50.848-0400] {processor.py:650} INFO - DAG(s) dict_keys(['example_weekday_branch_operator']) retrieved from /home/augenz/PycharmProjects/airflow/.env_airflow/lib/python3.9/site-packages/airflow/example_dags/example_branch_day_of_week_operator.py
[2022-08-29T12:33:50.895-0400] {logging_mixin.py:115} INFO - [2022-08-29T12:33:50.895-0400] {dag.py:2429} INFO - Sync 1 DAGs
[2022-08-29T12:33:50.930-0400] {logging_mixin.py:115} INFO - [2022-08-29T12:33:50.930-0400] {dag.py:2977} INFO - Setting next_dagrun for example_weekday_branch_operator to 2022-08-28T00:00:00+00:00, run_after=2022-08-29T00:00:00+00:00
[2022-08-29T12:33:50.968-0400] {processor.py:161} INFO - Processing /home/augenz/PycharmProjects/airflow/.env_airflow/lib/python3.9/site-packages/airflow/example_dags/example_branch_day_of_week_operator.py took 0.140 seconds
[2022-08-29T12:34:21.604-0400] {processor.py:153} INFO - Started process (PID=472) to work on /home/augenz/PycharmProjects/airflow/.env_airflow/lib/python3.9/site-packages/airflow/example_dags/example_branch_day_of_week_operator.py
[2022-08-29T12:34:21.608-0400] {processor.py:640} INFO - Processing file /home/augenz/PycharmProjects/airflow/.env_airflow/lib/python3.9/site-packages/airflow/example_dags/example_branch_day_of_week_operator.py for tasks to queue
[2022-08-29T12:34:21.609-0400] {logging_mixin.py:115} INFO - [2022-08-29T12:34:21.609-0400] {dagbag.py:508} INFO - Filling up the DagBag from /home/augenz/PycharmProjects/airflow/.env_airflow/lib/python3.9/site-packages/airflow/example_dags/example_branch_day_of_week_operator.py
[2022-08-29T12:34:21.625-0400] {processor.py:650} INFO - DAG(s) dict_keys(['example_weekday_branch_operator']) retrieved from /home/augenz/PycharmProjects/airflow/.env_airflow/lib/python3.9/site-packages/airflow/example_dags/example_branch_day_of_week_operator.py
[2022-08-29T12:34:21.672-0400] {logging_mixin.py:115} INFO - [2022-08-29T12:34:21.671-0400] {dag.py:2429} INFO - Sync 1 DAGs
[2022-08-29T12:34:21.722-0400] {logging_mixin.py:115} INFO - [2022-08-29T12:34:21.722-0400] {dag.py:2977} INFO - Setting next_dagrun for example_weekday_branch_operator to 2022-08-28T00:00:00+00:00, run_after=2022-08-29T00:00:00+00:00
[2022-08-29T12:34:21.755-0400] {processor.py:161} INFO - Processing /home/augenz/PycharmProjects/airflow/.env_airflow/lib/python3.9/site-packages/airflow/example_dags/example_branch_day_of_week_operator.py took 0.155 seconds
[2022-08-29T12:34:52.192-0400] {processor.py:153} INFO - Started process (PID=508) to work on /home/augenz/PycharmProjects/airflow/.env_airflow/lib/python3.9/site-packages/airflow/example_dags/example_branch_day_of_week_operator.py
[2022-08-29T12:34:52.212-0400] {processor.py:640} INFO - Processing file /home/augenz/PycharmProjects/airflow/.env_airflow/lib/python3.9/site-packages/airflow/example_dags/example_branch_day_of_week_operator.py for tasks to queue
[2022-08-29T12:34:52.216-0400] {logging_mixin.py:115} INFO - [2022-08-29T12:34:52.215-0400] {dagbag.py:508} INFO - Filling up the DagBag from /home/augenz/PycharmProjects/airflow/.env_airflow/lib/python3.9/site-packages/airflow/example_dags/example_branch_day_of_week_operator.py
[2022-08-29T12:34:52.240-0400] {processor.py:650} INFO - DAG(s) dict_keys(['example_weekday_branch_operator']) retrieved from /home/augenz/PycharmProjects/airflow/.env_airflow/lib/python3.9/site-packages/airflow/example_dags/example_branch_day_of_week_operator.py
[2022-08-29T12:34:52.305-0400] {logging_mixin.py:115} INFO - [2022-08-29T12:34:52.304-0400] {dag.py:2429} INFO - Sync 1 DAGs
[2022-08-29T12:34:52.381-0400] {logging_mixin.py:115} INFO - [2022-08-29T12:34:52.380-0400] {dag.py:2977} INFO - Setting next_dagrun for example_weekday_branch_operator to 2022-08-28T00:00:00+00:00, run_after=2022-08-29T00:00:00+00:00
[2022-08-29T12:34:52.439-0400] {processor.py:161} INFO - Processing /home/augenz/PycharmProjects/airflow/.env_airflow/lib/python3.9/site-packages/airflow/example_dags/example_branch_day_of_week_operator.py took 0.251 seconds
[2022-08-29T12:35:22.645-0400] {processor.py:153} INFO - Started process (PID=564) to work on /home/augenz/PycharmProjects/airflow/.env_airflow/lib/python3.9/site-packages/airflow/example_dags/example_branch_day_of_week_operator.py
[2022-08-29T12:35:22.647-0400] {processor.py:640} INFO - Processing file /home/augenz/PycharmProjects/airflow/.env_airflow/lib/python3.9/site-packages/airflow/example_dags/example_branch_day_of_week_operator.py for tasks to queue
[2022-08-29T12:35:22.648-0400] {logging_mixin.py:115} INFO - [2022-08-29T12:35:22.647-0400] {dagbag.py:508} INFO - Filling up the DagBag from /home/augenz/PycharmProjects/airflow/.env_airflow/lib/python3.9/site-packages/airflow/example_dags/example_branch_day_of_week_operator.py
[2022-08-29T12:35:22.660-0400] {processor.py:650} INFO - DAG(s) dict_keys(['example_weekday_branch_operator']) retrieved from /home/augenz/PycharmProjects/airflow/.env_airflow/lib/python3.9/site-packages/airflow/example_dags/example_branch_day_of_week_operator.py
[2022-08-29T12:35:22.702-0400] {logging_mixin.py:115} INFO - [2022-08-29T12:35:22.702-0400] {dag.py:2429} INFO - Sync 1 DAGs
[2022-08-29T12:35:22.737-0400] {logging_mixin.py:115} INFO - [2022-08-29T12:35:22.736-0400] {dag.py:2977} INFO - Setting next_dagrun for example_weekday_branch_operator to 2022-08-28T00:00:00+00:00, run_after=2022-08-29T00:00:00+00:00
[2022-08-29T12:35:22.783-0400] {processor.py:161} INFO - Processing /home/augenz/PycharmProjects/airflow/.env_airflow/lib/python3.9/site-packages/airflow/example_dags/example_branch_day_of_week_operator.py took 0.141 seconds
[2022-08-29T12:35:57.602-0400] {processor.py:153} INFO - Started process (PID=607) to work on /home/augenz/PycharmProjects/airflow/.env_airflow/lib/python3.9/site-packages/airflow/example_dags/example_branch_day_of_week_operator.py
[2022-08-29T12:35:57.605-0400] {processor.py:640} INFO - Processing file /home/augenz/PycharmProjects/airflow/.env_airflow/lib/python3.9/site-packages/airflow/example_dags/example_branch_day_of_week_operator.py for tasks to queue
[2022-08-29T12:35:57.606-0400] {logging_mixin.py:115} INFO - [2022-08-29T12:35:57.606-0400] {dagbag.py:508} INFO - Filling up the DagBag from /home/augenz/PycharmProjects/airflow/.env_airflow/lib/python3.9/site-packages/airflow/example_dags/example_branch_day_of_week_operator.py
[2022-08-29T12:35:57.620-0400] {processor.py:650} INFO - DAG(s) dict_keys(['example_weekday_branch_operator']) retrieved from /home/augenz/PycharmProjects/airflow/.env_airflow/lib/python3.9/site-packages/airflow/example_dags/example_branch_day_of_week_operator.py
[2022-08-29T12:35:58.213-0400] {logging_mixin.py:115} INFO - [2022-08-29T12:35:58.212-0400] {dag.py:2429} INFO - Sync 1 DAGs
[2022-08-29T12:35:58.257-0400] {logging_mixin.py:115} INFO - [2022-08-29T12:35:58.257-0400] {dag.py:2977} INFO - Setting next_dagrun for example_weekday_branch_operator to 2022-08-28T00:00:00+00:00, run_after=2022-08-29T00:00:00+00:00
[2022-08-29T12:35:58.304-0400] {processor.py:161} INFO - Processing /home/augenz/PycharmProjects/airflow/.env_airflow/lib/python3.9/site-packages/airflow/example_dags/example_branch_day_of_week_operator.py took 0.707 seconds
[2022-08-29T12:36:28.906-0400] {processor.py:153} INFO - Started process (PID=641) to work on /home/augenz/PycharmProjects/airflow/.env_airflow/lib/python3.9/site-packages/airflow/example_dags/example_branch_day_of_week_operator.py
[2022-08-29T12:36:28.908-0400] {processor.py:640} INFO - Processing file /home/augenz/PycharmProjects/airflow/.env_airflow/lib/python3.9/site-packages/airflow/example_dags/example_branch_day_of_week_operator.py for tasks to queue
[2022-08-29T12:36:28.909-0400] {logging_mixin.py:115} INFO - [2022-08-29T12:36:28.909-0400] {dagbag.py:508} INFO - Filling up the DagBag from /home/augenz/PycharmProjects/airflow/.env_airflow/lib/python3.9/site-packages/airflow/example_dags/example_branch_day_of_week_operator.py
[2022-08-29T12:36:28.921-0400] {processor.py:650} INFO - DAG(s) dict_keys(['example_weekday_branch_operator']) retrieved from /home/augenz/PycharmProjects/airflow/.env_airflow/lib/python3.9/site-packages/airflow/example_dags/example_branch_day_of_week_operator.py
[2022-08-29T12:36:29.410-0400] {logging_mixin.py:115} INFO - [2022-08-29T12:36:29.410-0400] {dag.py:2429} INFO - Sync 1 DAGs
[2022-08-29T12:36:29.442-0400] {logging_mixin.py:115} INFO - [2022-08-29T12:36:29.442-0400] {dag.py:2977} INFO - Setting next_dagrun for example_weekday_branch_operator to 2022-08-28T00:00:00+00:00, run_after=2022-08-29T00:00:00+00:00
[2022-08-29T12:36:29.481-0400] {processor.py:161} INFO - Processing /home/augenz/PycharmProjects/airflow/.env_airflow/lib/python3.9/site-packages/airflow/example_dags/example_branch_day_of_week_operator.py took 0.579 seconds
[2022-08-29T12:37:07.045-0400] {processor.py:153} INFO - Started process (PID=693) to work on /home/augenz/PycharmProjects/airflow/.env_airflow/lib/python3.9/site-packages/airflow/example_dags/example_branch_day_of_week_operator.py
[2022-08-29T12:37:07.092-0400] {processor.py:640} INFO - Processing file /home/augenz/PycharmProjects/airflow/.env_airflow/lib/python3.9/site-packages/airflow/example_dags/example_branch_day_of_week_operator.py for tasks to queue
[2022-08-29T12:37:07.094-0400] {logging_mixin.py:115} INFO - [2022-08-29T12:37:07.094-0400] {dagbag.py:508} INFO - Filling up the DagBag from /home/augenz/PycharmProjects/airflow/.env_airflow/lib/python3.9/site-packages/airflow/example_dags/example_branch_day_of_week_operator.py
[2022-08-29T12:37:07.114-0400] {processor.py:650} INFO - DAG(s) dict_keys(['example_weekday_branch_operator']) retrieved from /home/augenz/PycharmProjects/airflow/.env_airflow/lib/python3.9/site-packages/airflow/example_dags/example_branch_day_of_week_operator.py
[2022-08-29T12:37:08.253-0400] {logging_mixin.py:115} INFO - [2022-08-29T12:37:08.252-0400] {dag.py:2429} INFO - Sync 1 DAGs
[2022-08-29T12:37:08.347-0400] {logging_mixin.py:115} INFO - [2022-08-29T12:37:08.347-0400] {dag.py:2977} INFO - Setting next_dagrun for example_weekday_branch_operator to 2022-08-28T00:00:00+00:00, run_after=2022-08-29T00:00:00+00:00
[2022-08-29T12:37:08.399-0400] {processor.py:161} INFO - Processing /home/augenz/PycharmProjects/airflow/.env_airflow/lib/python3.9/site-packages/airflow/example_dags/example_branch_day_of_week_operator.py took 1.374 seconds
[2022-08-29T12:37:50.807-0400] {processor.py:153} INFO - Started process (PID=737) to work on /home/augenz/PycharmProjects/airflow/.env_airflow/lib/python3.9/site-packages/airflow/example_dags/example_branch_day_of_week_operator.py
[2022-08-29T12:37:50.814-0400] {processor.py:640} INFO - Processing file /home/augenz/PycharmProjects/airflow/.env_airflow/lib/python3.9/site-packages/airflow/example_dags/example_branch_day_of_week_operator.py for tasks to queue
[2022-08-29T12:37:50.815-0400] {logging_mixin.py:115} INFO - [2022-08-29T12:37:50.815-0400] {dagbag.py:508} INFO - Filling up the DagBag from /home/augenz/PycharmProjects/airflow/.env_airflow/lib/python3.9/site-packages/airflow/example_dags/example_branch_day_of_week_operator.py
[2022-08-29T12:37:50.843-0400] {processor.py:650} INFO - DAG(s) dict_keys(['example_weekday_branch_operator']) retrieved from /home/augenz/PycharmProjects/airflow/.env_airflow/lib/python3.9/site-packages/airflow/example_dags/example_branch_day_of_week_operator.py
[2022-08-29T12:37:52.540-0400] {logging_mixin.py:115} INFO - [2022-08-29T12:37:52.539-0400] {dag.py:2429} INFO - Sync 1 DAGs
[2022-08-29T12:37:52.683-0400] {logging_mixin.py:115} INFO - [2022-08-29T12:37:52.683-0400] {dag.py:2977} INFO - Setting next_dagrun for example_weekday_branch_operator to 2022-08-28T00:00:00+00:00, run_after=2022-08-29T00:00:00+00:00
[2022-08-29T12:37:52.761-0400] {processor.py:161} INFO - Processing /home/augenz/PycharmProjects/airflow/.env_airflow/lib/python3.9/site-packages/airflow/example_dags/example_branch_day_of_week_operator.py took 1.962 seconds
[2022-08-29T12:38:23.544-0400] {processor.py:153} INFO - Started process (PID=798) to work on /home/augenz/PycharmProjects/airflow/.env_airflow/lib/python3.9/site-packages/airflow/example_dags/example_branch_day_of_week_operator.py
[2022-08-29T12:38:23.550-0400] {processor.py:640} INFO - Processing file /home/augenz/PycharmProjects/airflow/.env_airflow/lib/python3.9/site-packages/airflow/example_dags/example_branch_day_of_week_operator.py for tasks to queue
[2022-08-29T12:38:23.552-0400] {logging_mixin.py:115} INFO - [2022-08-29T12:38:23.552-0400] {dagbag.py:508} INFO - Filling up the DagBag from /home/augenz/PycharmProjects/airflow/.env_airflow/lib/python3.9/site-packages/airflow/example_dags/example_branch_day_of_week_operator.py
[2022-08-29T12:38:23.576-0400] {processor.py:650} INFO - DAG(s) dict_keys(['example_weekday_branch_operator']) retrieved from /home/augenz/PycharmProjects/airflow/.env_airflow/lib/python3.9/site-packages/airflow/example_dags/example_branch_day_of_week_operator.py
[2022-08-29T12:38:24.382-0400] {logging_mixin.py:115} INFO - [2022-08-29T12:38:24.381-0400] {dag.py:2429} INFO - Sync 1 DAGs
[2022-08-29T12:38:24.417-0400] {logging_mixin.py:115} INFO - [2022-08-29T12:38:24.416-0400] {dag.py:2977} INFO - Setting next_dagrun for example_weekday_branch_operator to 2022-08-28T00:00:00+00:00, run_after=2022-08-29T00:00:00+00:00
[2022-08-29T12:38:24.457-0400] {processor.py:161} INFO - Processing /home/augenz/PycharmProjects/airflow/.env_airflow/lib/python3.9/site-packages/airflow/example_dags/example_branch_day_of_week_operator.py took 0.920 seconds
[2022-08-29T12:38:54.613-0400] {processor.py:153} INFO - Started process (PID=833) to work on /home/augenz/PycharmProjects/airflow/.env_airflow/lib/python3.9/site-packages/airflow/example_dags/example_branch_day_of_week_operator.py
[2022-08-29T12:38:54.618-0400] {processor.py:640} INFO - Processing file /home/augenz/PycharmProjects/airflow/.env_airflow/lib/python3.9/site-packages/airflow/example_dags/example_branch_day_of_week_operator.py for tasks to queue
[2022-08-29T12:38:54.620-0400] {logging_mixin.py:115} INFO - [2022-08-29T12:38:54.620-0400] {dagbag.py:508} INFO - Filling up the DagBag from /home/augenz/PycharmProjects/airflow/.env_airflow/lib/python3.9/site-packages/airflow/example_dags/example_branch_day_of_week_operator.py
[2022-08-29T12:38:54.634-0400] {processor.py:650} INFO - DAG(s) dict_keys(['example_weekday_branch_operator']) retrieved from /home/augenz/PycharmProjects/airflow/.env_airflow/lib/python3.9/site-packages/airflow/example_dags/example_branch_day_of_week_operator.py
[2022-08-29T12:38:55.065-0400] {logging_mixin.py:115} INFO - [2022-08-29T12:38:55.065-0400] {dag.py:2429} INFO - Sync 1 DAGs
[2022-08-29T12:38:55.095-0400] {logging_mixin.py:115} INFO - [2022-08-29T12:38:55.094-0400] {dag.py:2977} INFO - Setting next_dagrun for example_weekday_branch_operator to 2022-08-28T00:00:00+00:00, run_after=2022-08-29T00:00:00+00:00
[2022-08-29T12:38:55.135-0400] {processor.py:161} INFO - Processing /home/augenz/PycharmProjects/airflow/.env_airflow/lib/python3.9/site-packages/airflow/example_dags/example_branch_day_of_week_operator.py took 0.527 seconds
[2022-08-29T12:39:25.288-0400] {processor.py:153} INFO - Started process (PID=868) to work on /home/augenz/PycharmProjects/airflow/.env_airflow/lib/python3.9/site-packages/airflow/example_dags/example_branch_day_of_week_operator.py
[2022-08-29T12:39:25.292-0400] {processor.py:640} INFO - Processing file /home/augenz/PycharmProjects/airflow/.env_airflow/lib/python3.9/site-packages/airflow/example_dags/example_branch_day_of_week_operator.py for tasks to queue
[2022-08-29T12:39:25.293-0400] {logging_mixin.py:115} INFO - [2022-08-29T12:39:25.293-0400] {dagbag.py:508} INFO - Filling up the DagBag from /home/augenz/PycharmProjects/airflow/.env_airflow/lib/python3.9/site-packages/airflow/example_dags/example_branch_day_of_week_operator.py
[2022-08-29T12:39:25.307-0400] {processor.py:650} INFO - DAG(s) dict_keys(['example_weekday_branch_operator']) retrieved from /home/augenz/PycharmProjects/airflow/.env_airflow/lib/python3.9/site-packages/airflow/example_dags/example_branch_day_of_week_operator.py
[2022-08-29T12:39:25.751-0400] {logging_mixin.py:115} INFO - [2022-08-29T12:39:25.751-0400] {dag.py:2429} INFO - Sync 1 DAGs
[2022-08-29T12:39:25.780-0400] {logging_mixin.py:115} INFO - [2022-08-29T12:39:25.780-0400] {dag.py:2977} INFO - Setting next_dagrun for example_weekday_branch_operator to 2022-08-28T00:00:00+00:00, run_after=2022-08-29T00:00:00+00:00
[2022-08-29T12:39:25.816-0400] {processor.py:161} INFO - Processing /home/augenz/PycharmProjects/airflow/.env_airflow/lib/python3.9/site-packages/airflow/example_dags/example_branch_day_of_week_operator.py took 0.534 seconds
[2022-08-29T12:39:56.501-0400] {processor.py:153} INFO - Started process (PID=907) to work on /home/augenz/PycharmProjects/airflow/.env_airflow/lib/python3.9/site-packages/airflow/example_dags/example_branch_day_of_week_operator.py
[2022-08-29T12:39:56.511-0400] {processor.py:640} INFO - Processing file /home/augenz/PycharmProjects/airflow/.env_airflow/lib/python3.9/site-packages/airflow/example_dags/example_branch_day_of_week_operator.py for tasks to queue
[2022-08-29T12:39:56.512-0400] {logging_mixin.py:115} INFO - [2022-08-29T12:39:56.512-0400] {dagbag.py:508} INFO - Filling up the DagBag from /home/augenz/PycharmProjects/airflow/.env_airflow/lib/python3.9/site-packages/airflow/example_dags/example_branch_day_of_week_operator.py
[2022-08-29T12:39:56.525-0400] {processor.py:650} INFO - DAG(s) dict_keys(['example_weekday_branch_operator']) retrieved from /home/augenz/PycharmProjects/airflow/.env_airflow/lib/python3.9/site-packages/airflow/example_dags/example_branch_day_of_week_operator.py
[2022-08-29T12:39:56.984-0400] {logging_mixin.py:115} INFO - [2022-08-29T12:39:56.983-0400] {dag.py:2429} INFO - Sync 1 DAGs
[2022-08-29T12:39:57.014-0400] {logging_mixin.py:115} INFO - [2022-08-29T12:39:57.013-0400] {dag.py:2977} INFO - Setting next_dagrun for example_weekday_branch_operator to 2022-08-28T00:00:00+00:00, run_after=2022-08-29T00:00:00+00:00
[2022-08-29T12:39:57.052-0400] {processor.py:161} INFO - Processing /home/augenz/PycharmProjects/airflow/.env_airflow/lib/python3.9/site-packages/airflow/example_dags/example_branch_day_of_week_operator.py took 0.556 seconds
[2022-08-29T12:40:27.667-0400] {processor.py:153} INFO - Started process (PID=942) to work on /home/augenz/PycharmProjects/airflow/.env_airflow/lib/python3.9/site-packages/airflow/example_dags/example_branch_day_of_week_operator.py
[2022-08-29T12:40:27.672-0400] {processor.py:640} INFO - Processing file /home/augenz/PycharmProjects/airflow/.env_airflow/lib/python3.9/site-packages/airflow/example_dags/example_branch_day_of_week_operator.py for tasks to queue
[2022-08-29T12:40:27.673-0400] {logging_mixin.py:115} INFO - [2022-08-29T12:40:27.673-0400] {dagbag.py:508} INFO - Filling up the DagBag from /home/augenz/PycharmProjects/airflow/.env_airflow/lib/python3.9/site-packages/airflow/example_dags/example_branch_day_of_week_operator.py
[2022-08-29T12:40:27.687-0400] {processor.py:650} INFO - DAG(s) dict_keys(['example_weekday_branch_operator']) retrieved from /home/augenz/PycharmProjects/airflow/.env_airflow/lib/python3.9/site-packages/airflow/example_dags/example_branch_day_of_week_operator.py
[2022-08-29T12:40:28.145-0400] {logging_mixin.py:115} INFO - [2022-08-29T12:40:28.145-0400] {dag.py:2429} INFO - Sync 1 DAGs
[2022-08-29T12:40:28.175-0400] {logging_mixin.py:115} INFO - [2022-08-29T12:40:28.175-0400] {dag.py:2977} INFO - Setting next_dagrun for example_weekday_branch_operator to 2022-08-28T00:00:00+00:00, run_after=2022-08-29T00:00:00+00:00
[2022-08-29T12:40:28.232-0400] {processor.py:161} INFO - Processing /home/augenz/PycharmProjects/airflow/.env_airflow/lib/python3.9/site-packages/airflow/example_dags/example_branch_day_of_week_operator.py took 0.572 seconds
[2022-08-29T12:40:58.466-0400] {processor.py:153} INFO - Started process (PID=976) to work on /home/augenz/PycharmProjects/airflow/.env_airflow/lib/python3.9/site-packages/airflow/example_dags/example_branch_day_of_week_operator.py
[2022-08-29T12:40:58.470-0400] {processor.py:640} INFO - Processing file /home/augenz/PycharmProjects/airflow/.env_airflow/lib/python3.9/site-packages/airflow/example_dags/example_branch_day_of_week_operator.py for tasks to queue
[2022-08-29T12:40:58.471-0400] {logging_mixin.py:115} INFO - [2022-08-29T12:40:58.471-0400] {dagbag.py:508} INFO - Filling up the DagBag from /home/augenz/PycharmProjects/airflow/.env_airflow/lib/python3.9/site-packages/airflow/example_dags/example_branch_day_of_week_operator.py
[2022-08-29T12:40:58.491-0400] {processor.py:650} INFO - DAG(s) dict_keys(['example_weekday_branch_operator']) retrieved from /home/augenz/PycharmProjects/airflow/.env_airflow/lib/python3.9/site-packages/airflow/example_dags/example_branch_day_of_week_operator.py
[2022-08-29T12:40:58.956-0400] {logging_mixin.py:115} INFO - [2022-08-29T12:40:58.955-0400] {dag.py:2429} INFO - Sync 1 DAGs
[2022-08-29T12:40:58.985-0400] {logging_mixin.py:115} INFO - [2022-08-29T12:40:58.984-0400] {dag.py:2977} INFO - Setting next_dagrun for example_weekday_branch_operator to 2022-08-28T00:00:00+00:00, run_after=2022-08-29T00:00:00+00:00
[2022-08-29T12:40:59.028-0400] {processor.py:161} INFO - Processing /home/augenz/PycharmProjects/airflow/.env_airflow/lib/python3.9/site-packages/airflow/example_dags/example_branch_day_of_week_operator.py took 0.568 seconds
[2022-08-29T12:41:29.923-0400] {processor.py:153} INFO - Started process (PID=1010) to work on /home/augenz/PycharmProjects/airflow/.env_airflow/lib/python3.9/site-packages/airflow/example_dags/example_branch_day_of_week_operator.py
[2022-08-29T12:41:29.933-0400] {processor.py:640} INFO - Processing file /home/augenz/PycharmProjects/airflow/.env_airflow/lib/python3.9/site-packages/airflow/example_dags/example_branch_day_of_week_operator.py for tasks to queue
[2022-08-29T12:41:29.934-0400] {logging_mixin.py:115} INFO - [2022-08-29T12:41:29.934-0400] {dagbag.py:508} INFO - Filling up the DagBag from /home/augenz/PycharmProjects/airflow/.env_airflow/lib/python3.9/site-packages/airflow/example_dags/example_branch_day_of_week_operator.py
[2022-08-29T12:41:29.948-0400] {processor.py:650} INFO - DAG(s) dict_keys(['example_weekday_branch_operator']) retrieved from /home/augenz/PycharmProjects/airflow/.env_airflow/lib/python3.9/site-packages/airflow/example_dags/example_branch_day_of_week_operator.py
[2022-08-29T12:41:30.450-0400] {logging_mixin.py:115} INFO - [2022-08-29T12:41:30.450-0400] {dag.py:2429} INFO - Sync 1 DAGs
[2022-08-29T12:41:30.480-0400] {logging_mixin.py:115} INFO - [2022-08-29T12:41:30.480-0400] {dag.py:2977} INFO - Setting next_dagrun for example_weekday_branch_operator to 2022-08-28T00:00:00+00:00, run_after=2022-08-29T00:00:00+00:00
[2022-08-29T12:41:30.525-0400] {processor.py:161} INFO - Processing /home/augenz/PycharmProjects/airflow/.env_airflow/lib/python3.9/site-packages/airflow/example_dags/example_branch_day_of_week_operator.py took 0.608 seconds
[2022-08-29T12:42:01.452-0400] {processor.py:153} INFO - Started process (PID=1054) to work on /home/augenz/PycharmProjects/airflow/.env_airflow/lib/python3.9/site-packages/airflow/example_dags/example_branch_day_of_week_operator.py
[2022-08-29T12:42:01.457-0400] {processor.py:640} INFO - Processing file /home/augenz/PycharmProjects/airflow/.env_airflow/lib/python3.9/site-packages/airflow/example_dags/example_branch_day_of_week_operator.py for tasks to queue
[2022-08-29T12:42:01.458-0400] {logging_mixin.py:115} INFO - [2022-08-29T12:42:01.458-0400] {dagbag.py:508} INFO - Filling up the DagBag from /home/augenz/PycharmProjects/airflow/.env_airflow/lib/python3.9/site-packages/airflow/example_dags/example_branch_day_of_week_operator.py
[2022-08-29T12:42:01.472-0400] {processor.py:650} INFO - DAG(s) dict_keys(['example_weekday_branch_operator']) retrieved from /home/augenz/PycharmProjects/airflow/.env_airflow/lib/python3.9/site-packages/airflow/example_dags/example_branch_day_of_week_operator.py
[2022-08-29T12:42:01.939-0400] {logging_mixin.py:115} INFO - [2022-08-29T12:42:01.938-0400] {dag.py:2429} INFO - Sync 1 DAGs
[2022-08-29T12:42:01.979-0400] {logging_mixin.py:115} INFO - [2022-08-29T12:42:01.979-0400] {dag.py:2977} INFO - Setting next_dagrun for example_weekday_branch_operator to 2022-08-28T00:00:00+00:00, run_after=2022-08-29T00:00:00+00:00
[2022-08-29T12:42:02.020-0400] {processor.py:161} INFO - Processing /home/augenz/PycharmProjects/airflow/.env_airflow/lib/python3.9/site-packages/airflow/example_dags/example_branch_day_of_week_operator.py took 0.574 seconds
[2022-08-29T12:42:32.322-0400] {processor.py:153} INFO - Started process (PID=1088) to work on /home/augenz/PycharmProjects/airflow/.env_airflow/lib/python3.9/site-packages/airflow/example_dags/example_branch_day_of_week_operator.py
[2022-08-29T12:42:32.327-0400] {processor.py:640} INFO - Processing file /home/augenz/PycharmProjects/airflow/.env_airflow/lib/python3.9/site-packages/airflow/example_dags/example_branch_day_of_week_operator.py for tasks to queue
[2022-08-29T12:42:32.328-0400] {logging_mixin.py:115} INFO - [2022-08-29T12:42:32.328-0400] {dagbag.py:508} INFO - Filling up the DagBag from /home/augenz/PycharmProjects/airflow/.env_airflow/lib/python3.9/site-packages/airflow/example_dags/example_branch_day_of_week_operator.py
[2022-08-29T12:42:32.347-0400] {processor.py:650} INFO - DAG(s) dict_keys(['example_weekday_branch_operator']) retrieved from /home/augenz/PycharmProjects/airflow/.env_airflow/lib/python3.9/site-packages/airflow/example_dags/example_branch_day_of_week_operator.py
[2022-08-29T12:42:32.858-0400] {logging_mixin.py:115} INFO - [2022-08-29T12:42:32.857-0400] {dag.py:2429} INFO - Sync 1 DAGs
[2022-08-29T12:42:32.889-0400] {logging_mixin.py:115} INFO - [2022-08-29T12:42:32.889-0400] {dag.py:2977} INFO - Setting next_dagrun for example_weekday_branch_operator to 2022-08-28T00:00:00+00:00, run_after=2022-08-29T00:00:00+00:00
[2022-08-29T12:42:32.925-0400] {processor.py:161} INFO - Processing /home/augenz/PycharmProjects/airflow/.env_airflow/lib/python3.9/site-packages/airflow/example_dags/example_branch_day_of_week_operator.py took 0.608 seconds
[2022-08-29T12:43:03.372-0400] {processor.py:153} INFO - Started process (PID=1123) to work on /home/augenz/PycharmProjects/airflow/.env_airflow/lib/python3.9/site-packages/airflow/example_dags/example_branch_day_of_week_operator.py
[2022-08-29T12:43:03.377-0400] {processor.py:640} INFO - Processing file /home/augenz/PycharmProjects/airflow/.env_airflow/lib/python3.9/site-packages/airflow/example_dags/example_branch_day_of_week_operator.py for tasks to queue
[2022-08-29T12:43:03.378-0400] {logging_mixin.py:115} INFO - [2022-08-29T12:43:03.378-0400] {dagbag.py:508} INFO - Filling up the DagBag from /home/augenz/PycharmProjects/airflow/.env_airflow/lib/python3.9/site-packages/airflow/example_dags/example_branch_day_of_week_operator.py
[2022-08-29T12:43:03.396-0400] {processor.py:650} INFO - DAG(s) dict_keys(['example_weekday_branch_operator']) retrieved from /home/augenz/PycharmProjects/airflow/.env_airflow/lib/python3.9/site-packages/airflow/example_dags/example_branch_day_of_week_operator.py
[2022-08-29T12:43:03.855-0400] {logging_mixin.py:115} INFO - [2022-08-29T12:43:03.855-0400] {dag.py:2429} INFO - Sync 1 DAGs
[2022-08-29T12:43:03.885-0400] {logging_mixin.py:115} INFO - [2022-08-29T12:43:03.884-0400] {dag.py:2977} INFO - Setting next_dagrun for example_weekday_branch_operator to 2022-08-28T00:00:00+00:00, run_after=2022-08-29T00:00:00+00:00
[2022-08-29T12:43:03.922-0400] {processor.py:161} INFO - Processing /home/augenz/PycharmProjects/airflow/.env_airflow/lib/python3.9/site-packages/airflow/example_dags/example_branch_day_of_week_operator.py took 0.557 seconds
[2022-08-29T12:43:34.433-0400] {processor.py:153} INFO - Started process (PID=1157) to work on /home/augenz/PycharmProjects/airflow/.env_airflow/lib/python3.9/site-packages/airflow/example_dags/example_branch_day_of_week_operator.py
[2022-08-29T12:43:34.444-0400] {processor.py:640} INFO - Processing file /home/augenz/PycharmProjects/airflow/.env_airflow/lib/python3.9/site-packages/airflow/example_dags/example_branch_day_of_week_operator.py for tasks to queue
[2022-08-29T12:43:34.445-0400] {logging_mixin.py:115} INFO - [2022-08-29T12:43:34.445-0400] {dagbag.py:508} INFO - Filling up the DagBag from /home/augenz/PycharmProjects/airflow/.env_airflow/lib/python3.9/site-packages/airflow/example_dags/example_branch_day_of_week_operator.py
[2022-08-29T12:43:34.459-0400] {processor.py:650} INFO - DAG(s) dict_keys(['example_weekday_branch_operator']) retrieved from /home/augenz/PycharmProjects/airflow/.env_airflow/lib/python3.9/site-packages/airflow/example_dags/example_branch_day_of_week_operator.py
[2022-08-29T12:43:34.909-0400] {logging_mixin.py:115} INFO - [2022-08-29T12:43:34.908-0400] {dag.py:2429} INFO - Sync 1 DAGs
[2022-08-29T12:43:34.938-0400] {logging_mixin.py:115} INFO - [2022-08-29T12:43:34.938-0400] {dag.py:2977} INFO - Setting next_dagrun for example_weekday_branch_operator to 2022-08-28T00:00:00+00:00, run_after=2022-08-29T00:00:00+00:00
[2022-08-29T12:43:35.001-0400] {processor.py:161} INFO - Processing /home/augenz/PycharmProjects/airflow/.env_airflow/lib/python3.9/site-packages/airflow/example_dags/example_branch_day_of_week_operator.py took 0.573 seconds
[2022-08-29T12:44:05.163-0400] {processor.py:153} INFO - Started process (PID=1191) to work on /home/augenz/PycharmProjects/airflow/.env_airflow/lib/python3.9/site-packages/airflow/example_dags/example_branch_day_of_week_operator.py
[2022-08-29T12:44:05.167-0400] {processor.py:640} INFO - Processing file /home/augenz/PycharmProjects/airflow/.env_airflow/lib/python3.9/site-packages/airflow/example_dags/example_branch_day_of_week_operator.py for tasks to queue
[2022-08-29T12:44:05.168-0400] {logging_mixin.py:115} INFO - [2022-08-29T12:44:05.168-0400] {dagbag.py:508} INFO - Filling up the DagBag from /home/augenz/PycharmProjects/airflow/.env_airflow/lib/python3.9/site-packages/airflow/example_dags/example_branch_day_of_week_operator.py
[2022-08-29T12:44:05.182-0400] {processor.py:650} INFO - DAG(s) dict_keys(['example_weekday_branch_operator']) retrieved from /home/augenz/PycharmProjects/airflow/.env_airflow/lib/python3.9/site-packages/airflow/example_dags/example_branch_day_of_week_operator.py
[2022-08-29T12:44:05.709-0400] {logging_mixin.py:115} INFO - [2022-08-29T12:44:05.709-0400] {dag.py:2429} INFO - Sync 1 DAGs
[2022-08-29T12:44:05.743-0400] {logging_mixin.py:115} INFO - [2022-08-29T12:44:05.743-0400] {dag.py:2977} INFO - Setting next_dagrun for example_weekday_branch_operator to 2022-08-28T00:00:00+00:00, run_after=2022-08-29T00:00:00+00:00
[2022-08-29T12:44:05.773-0400] {processor.py:161} INFO - Processing /home/augenz/PycharmProjects/airflow/.env_airflow/lib/python3.9/site-packages/airflow/example_dags/example_branch_day_of_week_operator.py took 0.616 seconds
[2022-08-29T12:44:35.806-0400] {processor.py:153} INFO - Started process (PID=1235) to work on /home/augenz/PycharmProjects/airflow/.env_airflow/lib/python3.9/site-packages/airflow/example_dags/example_branch_day_of_week_operator.py
[2022-08-29T12:44:35.814-0400] {processor.py:640} INFO - Processing file /home/augenz/PycharmProjects/airflow/.env_airflow/lib/python3.9/site-packages/airflow/example_dags/example_branch_day_of_week_operator.py for tasks to queue
[2022-08-29T12:44:35.815-0400] {logging_mixin.py:115} INFO - [2022-08-29T12:44:35.815-0400] {dagbag.py:508} INFO - Filling up the DagBag from /home/augenz/PycharmProjects/airflow/.env_airflow/lib/python3.9/site-packages/airflow/example_dags/example_branch_day_of_week_operator.py
[2022-08-29T12:44:35.843-0400] {processor.py:650} INFO - DAG(s) dict_keys(['example_weekday_branch_operator']) retrieved from /home/augenz/PycharmProjects/airflow/.env_airflow/lib/python3.9/site-packages/airflow/example_dags/example_branch_day_of_week_operator.py
[2022-08-29T12:44:36.545-0400] {logging_mixin.py:115} INFO - [2022-08-29T12:44:36.545-0400] {dag.py:2429} INFO - Sync 1 DAGs
[2022-08-29T12:44:36.590-0400] {logging_mixin.py:115} INFO - [2022-08-29T12:44:36.590-0400] {dag.py:2977} INFO - Setting next_dagrun for example_weekday_branch_operator to 2022-08-28T00:00:00+00:00, run_after=2022-08-29T00:00:00+00:00
[2022-08-29T12:44:36.632-0400] {processor.py:161} INFO - Processing /home/augenz/PycharmProjects/airflow/.env_airflow/lib/python3.9/site-packages/airflow/example_dags/example_branch_day_of_week_operator.py took 0.832 seconds
[2022-08-29T12:45:07.482-0400] {processor.py:153} INFO - Started process (PID=1273) to work on /home/augenz/PycharmProjects/airflow/.env_airflow/lib/python3.9/site-packages/airflow/example_dags/example_branch_day_of_week_operator.py
[2022-08-29T12:45:07.494-0400] {processor.py:640} INFO - Processing file /home/augenz/PycharmProjects/airflow/.env_airflow/lib/python3.9/site-packages/airflow/example_dags/example_branch_day_of_week_operator.py for tasks to queue
[2022-08-29T12:45:07.495-0400] {logging_mixin.py:115} INFO - [2022-08-29T12:45:07.495-0400] {dagbag.py:508} INFO - Filling up the DagBag from /home/augenz/PycharmProjects/airflow/.env_airflow/lib/python3.9/site-packages/airflow/example_dags/example_branch_day_of_week_operator.py
[2022-08-29T12:45:07.508-0400] {processor.py:650} INFO - DAG(s) dict_keys(['example_weekday_branch_operator']) retrieved from /home/augenz/PycharmProjects/airflow/.env_airflow/lib/python3.9/site-packages/airflow/example_dags/example_branch_day_of_week_operator.py
[2022-08-29T12:45:07.969-0400] {logging_mixin.py:115} INFO - [2022-08-29T12:45:07.968-0400] {dag.py:2429} INFO - Sync 1 DAGs
[2022-08-29T12:45:08.000-0400] {logging_mixin.py:115} INFO - [2022-08-29T12:45:08.000-0400] {dag.py:2977} INFO - Setting next_dagrun for example_weekday_branch_operator to 2022-08-28T00:00:00+00:00, run_after=2022-08-29T00:00:00+00:00
[2022-08-29T12:45:08.094-0400] {processor.py:161} INFO - Processing /home/augenz/PycharmProjects/airflow/.env_airflow/lib/python3.9/site-packages/airflow/example_dags/example_branch_day_of_week_operator.py took 0.618 seconds
[2022-08-29T12:45:39.050-0400] {processor.py:153} INFO - Started process (PID=1307) to work on /home/augenz/PycharmProjects/airflow/.env_airflow/lib/python3.9/site-packages/airflow/example_dags/example_branch_day_of_week_operator.py
[2022-08-29T12:45:39.063-0400] {processor.py:640} INFO - Processing file /home/augenz/PycharmProjects/airflow/.env_airflow/lib/python3.9/site-packages/airflow/example_dags/example_branch_day_of_week_operator.py for tasks to queue
[2022-08-29T12:45:39.064-0400] {logging_mixin.py:115} INFO - [2022-08-29T12:45:39.063-0400] {dagbag.py:508} INFO - Filling up the DagBag from /home/augenz/PycharmProjects/airflow/.env_airflow/lib/python3.9/site-packages/airflow/example_dags/example_branch_day_of_week_operator.py
[2022-08-29T12:45:39.078-0400] {processor.py:650} INFO - DAG(s) dict_keys(['example_weekday_branch_operator']) retrieved from /home/augenz/PycharmProjects/airflow/.env_airflow/lib/python3.9/site-packages/airflow/example_dags/example_branch_day_of_week_operator.py
[2022-08-29T12:45:39.540-0400] {logging_mixin.py:115} INFO - [2022-08-29T12:45:39.539-0400] {dag.py:2429} INFO - Sync 1 DAGs
[2022-08-29T12:45:39.569-0400] {logging_mixin.py:115} INFO - [2022-08-29T12:45:39.569-0400] {dag.py:2977} INFO - Setting next_dagrun for example_weekday_branch_operator to 2022-08-28T00:00:00+00:00, run_after=2022-08-29T00:00:00+00:00
[2022-08-29T12:45:39.613-0400] {processor.py:161} INFO - Processing /home/augenz/PycharmProjects/airflow/.env_airflow/lib/python3.9/site-packages/airflow/example_dags/example_branch_day_of_week_operator.py took 0.568 seconds
[2022-08-29T12:46:09.797-0400] {processor.py:153} INFO - Started process (PID=1342) to work on /home/augenz/PycharmProjects/airflow/.env_airflow/lib/python3.9/site-packages/airflow/example_dags/example_branch_day_of_week_operator.py
[2022-08-29T12:46:09.801-0400] {processor.py:640} INFO - Processing file /home/augenz/PycharmProjects/airflow/.env_airflow/lib/python3.9/site-packages/airflow/example_dags/example_branch_day_of_week_operator.py for tasks to queue
[2022-08-29T12:46:09.802-0400] {logging_mixin.py:115} INFO - [2022-08-29T12:46:09.802-0400] {dagbag.py:508} INFO - Filling up the DagBag from /home/augenz/PycharmProjects/airflow/.env_airflow/lib/python3.9/site-packages/airflow/example_dags/example_branch_day_of_week_operator.py
[2022-08-29T12:46:09.816-0400] {processor.py:650} INFO - DAG(s) dict_keys(['example_weekday_branch_operator']) retrieved from /home/augenz/PycharmProjects/airflow/.env_airflow/lib/python3.9/site-packages/airflow/example_dags/example_branch_day_of_week_operator.py
[2022-08-29T12:46:10.284-0400] {logging_mixin.py:115} INFO - [2022-08-29T12:46:10.283-0400] {dag.py:2429} INFO - Sync 1 DAGs
[2022-08-29T12:46:10.313-0400] {logging_mixin.py:115} INFO - [2022-08-29T12:46:10.313-0400] {dag.py:2977} INFO - Setting next_dagrun for example_weekday_branch_operator to 2022-08-28T00:00:00+00:00, run_after=2022-08-29T00:00:00+00:00
[2022-08-29T12:46:10.358-0400] {processor.py:161} INFO - Processing /home/augenz/PycharmProjects/airflow/.env_airflow/lib/python3.9/site-packages/airflow/example_dags/example_branch_day_of_week_operator.py took 0.566 seconds
[2022-08-29T12:46:41.103-0400] {processor.py:153} INFO - Started process (PID=1378) to work on /home/augenz/PycharmProjects/airflow/.env_airflow/lib/python3.9/site-packages/airflow/example_dags/example_branch_day_of_week_operator.py
[2022-08-29T12:46:41.110-0400] {processor.py:640} INFO - Processing file /home/augenz/PycharmProjects/airflow/.env_airflow/lib/python3.9/site-packages/airflow/example_dags/example_branch_day_of_week_operator.py for tasks to queue
[2022-08-29T12:46:41.111-0400] {logging_mixin.py:115} INFO - [2022-08-29T12:46:41.111-0400] {dagbag.py:508} INFO - Filling up the DagBag from /home/augenz/PycharmProjects/airflow/.env_airflow/lib/python3.9/site-packages/airflow/example_dags/example_branch_day_of_week_operator.py
[2022-08-29T12:46:41.123-0400] {processor.py:650} INFO - DAG(s) dict_keys(['example_weekday_branch_operator']) retrieved from /home/augenz/PycharmProjects/airflow/.env_airflow/lib/python3.9/site-packages/airflow/example_dags/example_branch_day_of_week_operator.py
[2022-08-29T12:46:41.644-0400] {logging_mixin.py:115} INFO - [2022-08-29T12:46:41.643-0400] {dag.py:2429} INFO - Sync 1 DAGs
[2022-08-29T12:46:41.680-0400] {logging_mixin.py:115} INFO - [2022-08-29T12:46:41.680-0400] {dag.py:2977} INFO - Setting next_dagrun for example_weekday_branch_operator to 2022-08-28T00:00:00+00:00, run_after=2022-08-29T00:00:00+00:00
[2022-08-29T12:46:41.737-0400] {processor.py:161} INFO - Processing /home/augenz/PycharmProjects/airflow/.env_airflow/lib/python3.9/site-packages/airflow/example_dags/example_branch_day_of_week_operator.py took 0.640 seconds
[2022-08-29T12:47:12.193-0400] {processor.py:153} INFO - Started process (PID=1412) to work on /home/augenz/PycharmProjects/airflow/.env_airflow/lib/python3.9/site-packages/airflow/example_dags/example_branch_day_of_week_operator.py
[2022-08-29T12:47:12.199-0400] {processor.py:640} INFO - Processing file /home/augenz/PycharmProjects/airflow/.env_airflow/lib/python3.9/site-packages/airflow/example_dags/example_branch_day_of_week_operator.py for tasks to queue
[2022-08-29T12:47:12.200-0400] {logging_mixin.py:115} INFO - [2022-08-29T12:47:12.200-0400] {dagbag.py:508} INFO - Filling up the DagBag from /home/augenz/PycharmProjects/airflow/.env_airflow/lib/python3.9/site-packages/airflow/example_dags/example_branch_day_of_week_operator.py
[2022-08-29T12:47:12.212-0400] {processor.py:650} INFO - DAG(s) dict_keys(['example_weekday_branch_operator']) retrieved from /home/augenz/PycharmProjects/airflow/.env_airflow/lib/python3.9/site-packages/airflow/example_dags/example_branch_day_of_week_operator.py
[2022-08-29T12:47:12.674-0400] {logging_mixin.py:115} INFO - [2022-08-29T12:47:12.674-0400] {dag.py:2429} INFO - Sync 1 DAGs
[2022-08-29T12:47:12.703-0400] {logging_mixin.py:115} INFO - [2022-08-29T12:47:12.703-0400] {dag.py:2977} INFO - Setting next_dagrun for example_weekday_branch_operator to 2022-08-28T00:00:00+00:00, run_after=2022-08-29T00:00:00+00:00
[2022-08-29T12:47:12.752-0400] {processor.py:161} INFO - Processing /home/augenz/PycharmProjects/airflow/.env_airflow/lib/python3.9/site-packages/airflow/example_dags/example_branch_day_of_week_operator.py took 0.565 seconds
[2022-08-29T12:47:42.896-0400] {processor.py:153} INFO - Started process (PID=1454) to work on /home/augenz/PycharmProjects/airflow/.env_airflow/lib/python3.9/site-packages/airflow/example_dags/example_branch_day_of_week_operator.py
[2022-08-29T12:47:42.898-0400] {processor.py:640} INFO - Processing file /home/augenz/PycharmProjects/airflow/.env_airflow/lib/python3.9/site-packages/airflow/example_dags/example_branch_day_of_week_operator.py for tasks to queue
[2022-08-29T12:47:42.899-0400] {logging_mixin.py:115} INFO - [2022-08-29T12:47:42.899-0400] {dagbag.py:508} INFO - Filling up the DagBag from /home/augenz/PycharmProjects/airflow/.env_airflow/lib/python3.9/site-packages/airflow/example_dags/example_branch_day_of_week_operator.py
[2022-08-29T12:47:42.918-0400] {processor.py:650} INFO - DAG(s) dict_keys(['example_weekday_branch_operator']) retrieved from /home/augenz/PycharmProjects/airflow/.env_airflow/lib/python3.9/site-packages/airflow/example_dags/example_branch_day_of_week_operator.py
[2022-08-29T12:47:43.490-0400] {logging_mixin.py:115} INFO - [2022-08-29T12:47:43.490-0400] {dag.py:2429} INFO - Sync 1 DAGs
[2022-08-29T12:47:43.524-0400] {logging_mixin.py:115} INFO - [2022-08-29T12:47:43.524-0400] {dag.py:2977} INFO - Setting next_dagrun for example_weekday_branch_operator to 2022-08-28T00:00:00+00:00, run_after=2022-08-29T00:00:00+00:00
[2022-08-29T12:47:43.574-0400] {processor.py:161} INFO - Processing /home/augenz/PycharmProjects/airflow/.env_airflow/lib/python3.9/site-packages/airflow/example_dags/example_branch_day_of_week_operator.py took 0.684 seconds
[2022-08-29T12:48:14.000-0400] {processor.py:153} INFO - Started process (PID=1488) to work on /home/augenz/PycharmProjects/airflow/.env_airflow/lib/python3.9/site-packages/airflow/example_dags/example_branch_day_of_week_operator.py
[2022-08-29T12:48:14.001-0400] {processor.py:640} INFO - Processing file /home/augenz/PycharmProjects/airflow/.env_airflow/lib/python3.9/site-packages/airflow/example_dags/example_branch_day_of_week_operator.py for tasks to queue
[2022-08-29T12:48:14.002-0400] {logging_mixin.py:115} INFO - [2022-08-29T12:48:14.002-0400] {dagbag.py:508} INFO - Filling up the DagBag from /home/augenz/PycharmProjects/airflow/.env_airflow/lib/python3.9/site-packages/airflow/example_dags/example_branch_day_of_week_operator.py
[2022-08-29T12:48:14.017-0400] {processor.py:650} INFO - DAG(s) dict_keys(['example_weekday_branch_operator']) retrieved from /home/augenz/PycharmProjects/airflow/.env_airflow/lib/python3.9/site-packages/airflow/example_dags/example_branch_day_of_week_operator.py
[2022-08-29T12:48:14.484-0400] {logging_mixin.py:115} INFO - [2022-08-29T12:48:14.484-0400] {dag.py:2429} INFO - Sync 1 DAGs
[2022-08-29T12:48:14.519-0400] {logging_mixin.py:115} INFO - [2022-08-29T12:48:14.519-0400] {dag.py:2977} INFO - Setting next_dagrun for example_weekday_branch_operator to 2022-08-28T00:00:00+00:00, run_after=2022-08-29T00:00:00+00:00
[2022-08-29T12:48:14.566-0400] {processor.py:161} INFO - Processing /home/augenz/PycharmProjects/airflow/.env_airflow/lib/python3.9/site-packages/airflow/example_dags/example_branch_day_of_week_operator.py took 0.570 seconds
[2022-08-29T12:48:44.951-0400] {processor.py:153} INFO - Started process (PID=1523) to work on /home/augenz/PycharmProjects/airflow/.env_airflow/lib/python3.9/site-packages/airflow/example_dags/example_branch_day_of_week_operator.py
[2022-08-29T12:48:44.959-0400] {processor.py:640} INFO - Processing file /home/augenz/PycharmProjects/airflow/.env_airflow/lib/python3.9/site-packages/airflow/example_dags/example_branch_day_of_week_operator.py for tasks to queue
[2022-08-29T12:48:44.960-0400] {logging_mixin.py:115} INFO - [2022-08-29T12:48:44.960-0400] {dagbag.py:508} INFO - Filling up the DagBag from /home/augenz/PycharmProjects/airflow/.env_airflow/lib/python3.9/site-packages/airflow/example_dags/example_branch_day_of_week_operator.py
[2022-08-29T12:48:44.980-0400] {processor.py:650} INFO - DAG(s) dict_keys(['example_weekday_branch_operator']) retrieved from /home/augenz/PycharmProjects/airflow/.env_airflow/lib/python3.9/site-packages/airflow/example_dags/example_branch_day_of_week_operator.py
[2022-08-29T12:48:45.458-0400] {logging_mixin.py:115} INFO - [2022-08-29T12:48:45.458-0400] {dag.py:2429} INFO - Sync 1 DAGs
[2022-08-29T12:48:45.488-0400] {logging_mixin.py:115} INFO - [2022-08-29T12:48:45.487-0400] {dag.py:2977} INFO - Setting next_dagrun for example_weekday_branch_operator to 2022-08-28T00:00:00+00:00, run_after=2022-08-29T00:00:00+00:00
[2022-08-29T12:48:45.552-0400] {processor.py:161} INFO - Processing /home/augenz/PycharmProjects/airflow/.env_airflow/lib/python3.9/site-packages/airflow/example_dags/example_branch_day_of_week_operator.py took 0.607 seconds
[2022-08-29T12:49:15.662-0400] {processor.py:153} INFO - Started process (PID=1565) to work on /home/augenz/PycharmProjects/airflow/.env_airflow/lib/python3.9/site-packages/airflow/example_dags/example_branch_day_of_week_operator.py
[2022-08-29T12:49:15.663-0400] {processor.py:640} INFO - Processing file /home/augenz/PycharmProjects/airflow/.env_airflow/lib/python3.9/site-packages/airflow/example_dags/example_branch_day_of_week_operator.py for tasks to queue
[2022-08-29T12:49:15.664-0400] {logging_mixin.py:115} INFO - [2022-08-29T12:49:15.664-0400] {dagbag.py:508} INFO - Filling up the DagBag from /home/augenz/PycharmProjects/airflow/.env_airflow/lib/python3.9/site-packages/airflow/example_dags/example_branch_day_of_week_operator.py
[2022-08-29T12:49:15.677-0400] {processor.py:650} INFO - DAG(s) dict_keys(['example_weekday_branch_operator']) retrieved from /home/augenz/PycharmProjects/airflow/.env_airflow/lib/python3.9/site-packages/airflow/example_dags/example_branch_day_of_week_operator.py
[2022-08-29T12:49:16.373-0400] {logging_mixin.py:115} INFO - [2022-08-29T12:49:16.372-0400] {dag.py:2429} INFO - Sync 1 DAGs
[2022-08-29T12:49:16.404-0400] {logging_mixin.py:115} INFO - [2022-08-29T12:49:16.403-0400] {dag.py:2977} INFO - Setting next_dagrun for example_weekday_branch_operator to 2022-08-28T00:00:00+00:00, run_after=2022-08-29T00:00:00+00:00
[2022-08-29T12:49:16.473-0400] {processor.py:161} INFO - Processing /home/augenz/PycharmProjects/airflow/.env_airflow/lib/python3.9/site-packages/airflow/example_dags/example_branch_day_of_week_operator.py took 0.815 seconds
[2022-08-29T12:49:46.789-0400] {processor.py:153} INFO - Started process (PID=1601) to work on /home/augenz/PycharmProjects/airflow/.env_airflow/lib/python3.9/site-packages/airflow/example_dags/example_branch_day_of_week_operator.py
[2022-08-29T12:49:46.790-0400] {processor.py:640} INFO - Processing file /home/augenz/PycharmProjects/airflow/.env_airflow/lib/python3.9/site-packages/airflow/example_dags/example_branch_day_of_week_operator.py for tasks to queue
[2022-08-29T12:49:46.791-0400] {logging_mixin.py:115} INFO - [2022-08-29T12:49:46.790-0400] {dagbag.py:508} INFO - Filling up the DagBag from /home/augenz/PycharmProjects/airflow/.env_airflow/lib/python3.9/site-packages/airflow/example_dags/example_branch_day_of_week_operator.py
[2022-08-29T12:49:46.802-0400] {processor.py:650} INFO - DAG(s) dict_keys(['example_weekday_branch_operator']) retrieved from /home/augenz/PycharmProjects/airflow/.env_airflow/lib/python3.9/site-packages/airflow/example_dags/example_branch_day_of_week_operator.py
[2022-08-29T12:49:47.255-0400] {logging_mixin.py:115} INFO - [2022-08-29T12:49:47.254-0400] {dag.py:2429} INFO - Sync 1 DAGs
[2022-08-29T12:49:47.289-0400] {logging_mixin.py:115} INFO - [2022-08-29T12:49:47.289-0400] {dag.py:2977} INFO - Setting next_dagrun for example_weekday_branch_operator to 2022-08-28T00:00:00+00:00, run_after=2022-08-29T00:00:00+00:00
[2022-08-29T12:49:47.354-0400] {processor.py:161} INFO - Processing /home/augenz/PycharmProjects/airflow/.env_airflow/lib/python3.9/site-packages/airflow/example_dags/example_branch_day_of_week_operator.py took 0.569 seconds
[2022-08-29T12:50:18.016-0400] {processor.py:153} INFO - Started process (PID=1635) to work on /home/augenz/PycharmProjects/airflow/.env_airflow/lib/python3.9/site-packages/airflow/example_dags/example_branch_day_of_week_operator.py
[2022-08-29T12:50:18.017-0400] {processor.py:640} INFO - Processing file /home/augenz/PycharmProjects/airflow/.env_airflow/lib/python3.9/site-packages/airflow/example_dags/example_branch_day_of_week_operator.py for tasks to queue
[2022-08-29T12:50:18.018-0400] {logging_mixin.py:115} INFO - [2022-08-29T12:50:18.017-0400] {dagbag.py:508} INFO - Filling up the DagBag from /home/augenz/PycharmProjects/airflow/.env_airflow/lib/python3.9/site-packages/airflow/example_dags/example_branch_day_of_week_operator.py
[2022-08-29T12:50:18.032-0400] {processor.py:650} INFO - DAG(s) dict_keys(['example_weekday_branch_operator']) retrieved from /home/augenz/PycharmProjects/airflow/.env_airflow/lib/python3.9/site-packages/airflow/example_dags/example_branch_day_of_week_operator.py
[2022-08-29T12:50:18.780-0400] {logging_mixin.py:115} INFO - [2022-08-29T12:50:18.779-0400] {dag.py:2429} INFO - Sync 1 DAGs
[2022-08-29T12:50:18.838-0400] {logging_mixin.py:115} INFO - [2022-08-29T12:50:18.837-0400] {dag.py:2977} INFO - Setting next_dagrun for example_weekday_branch_operator to 2022-08-28T00:00:00+00:00, run_after=2022-08-29T00:00:00+00:00
[2022-08-29T12:50:18.899-0400] {processor.py:161} INFO - Processing /home/augenz/PycharmProjects/airflow/.env_airflow/lib/python3.9/site-packages/airflow/example_dags/example_branch_day_of_week_operator.py took 0.888 seconds
[2022-08-29T12:50:49.850-0400] {processor.py:153} INFO - Started process (PID=1674) to work on /home/augenz/PycharmProjects/airflow/.env_airflow/lib/python3.9/site-packages/airflow/example_dags/example_branch_day_of_week_operator.py
[2022-08-29T12:50:49.862-0400] {processor.py:640} INFO - Processing file /home/augenz/PycharmProjects/airflow/.env_airflow/lib/python3.9/site-packages/airflow/example_dags/example_branch_day_of_week_operator.py for tasks to queue
[2022-08-29T12:50:49.863-0400] {logging_mixin.py:115} INFO - [2022-08-29T12:50:49.863-0400] {dagbag.py:508} INFO - Filling up the DagBag from /home/augenz/PycharmProjects/airflow/.env_airflow/lib/python3.9/site-packages/airflow/example_dags/example_branch_day_of_week_operator.py
[2022-08-29T12:50:49.878-0400] {processor.py:650} INFO - DAG(s) dict_keys(['example_weekday_branch_operator']) retrieved from /home/augenz/PycharmProjects/airflow/.env_airflow/lib/python3.9/site-packages/airflow/example_dags/example_branch_day_of_week_operator.py
[2022-08-29T12:50:50.402-0400] {logging_mixin.py:115} INFO - [2022-08-29T12:50:50.402-0400] {dag.py:2429} INFO - Sync 1 DAGs
[2022-08-29T12:50:50.434-0400] {logging_mixin.py:115} INFO - [2022-08-29T12:50:50.434-0400] {dag.py:2977} INFO - Setting next_dagrun for example_weekday_branch_operator to 2022-08-28T00:00:00+00:00, run_after=2022-08-29T00:00:00+00:00
[2022-08-29T12:50:50.488-0400] {processor.py:161} INFO - Processing /home/augenz/PycharmProjects/airflow/.env_airflow/lib/python3.9/site-packages/airflow/example_dags/example_branch_day_of_week_operator.py took 0.643 seconds
[2022-08-29T12:51:21.165-0400] {processor.py:153} INFO - Started process (PID=1708) to work on /home/augenz/PycharmProjects/airflow/.env_airflow/lib/python3.9/site-packages/airflow/example_dags/example_branch_day_of_week_operator.py
[2022-08-29T12:51:21.180-0400] {processor.py:640} INFO - Processing file /home/augenz/PycharmProjects/airflow/.env_airflow/lib/python3.9/site-packages/airflow/example_dags/example_branch_day_of_week_operator.py for tasks to queue
[2022-08-29T12:51:21.181-0400] {logging_mixin.py:115} INFO - [2022-08-29T12:51:21.181-0400] {dagbag.py:508} INFO - Filling up the DagBag from /home/augenz/PycharmProjects/airflow/.env_airflow/lib/python3.9/site-packages/airflow/example_dags/example_branch_day_of_week_operator.py
[2022-08-29T12:51:21.210-0400] {processor.py:650} INFO - DAG(s) dict_keys(['example_weekday_branch_operator']) retrieved from /home/augenz/PycharmProjects/airflow/.env_airflow/lib/python3.9/site-packages/airflow/example_dags/example_branch_day_of_week_operator.py
[2022-08-29T12:51:21.921-0400] {logging_mixin.py:115} INFO - [2022-08-29T12:51:21.921-0400] {dag.py:2429} INFO - Sync 1 DAGs
[2022-08-29T12:51:21.951-0400] {logging_mixin.py:115} INFO - [2022-08-29T12:51:21.950-0400] {dag.py:2977} INFO - Setting next_dagrun for example_weekday_branch_operator to 2022-08-28T00:00:00+00:00, run_after=2022-08-29T00:00:00+00:00
[2022-08-29T12:51:22.031-0400] {processor.py:161} INFO - Processing /home/augenz/PycharmProjects/airflow/.env_airflow/lib/python3.9/site-packages/airflow/example_dags/example_branch_day_of_week_operator.py took 0.872 seconds
[2022-08-29T12:51:52.777-0400] {processor.py:153} INFO - Started process (PID=1746) to work on /home/augenz/PycharmProjects/airflow/.env_airflow/lib/python3.9/site-packages/airflow/example_dags/example_branch_day_of_week_operator.py
[2022-08-29T12:51:52.778-0400] {processor.py:640} INFO - Processing file /home/augenz/PycharmProjects/airflow/.env_airflow/lib/python3.9/site-packages/airflow/example_dags/example_branch_day_of_week_operator.py for tasks to queue
[2022-08-29T12:51:52.780-0400] {logging_mixin.py:115} INFO - [2022-08-29T12:51:52.779-0400] {dagbag.py:508} INFO - Filling up the DagBag from /home/augenz/PycharmProjects/airflow/.env_airflow/lib/python3.9/site-packages/airflow/example_dags/example_branch_day_of_week_operator.py
[2022-08-29T12:51:52.798-0400] {processor.py:650} INFO - DAG(s) dict_keys(['example_weekday_branch_operator']) retrieved from /home/augenz/PycharmProjects/airflow/.env_airflow/lib/python3.9/site-packages/airflow/example_dags/example_branch_day_of_week_operator.py
[2022-08-29T12:51:53.257-0400] {logging_mixin.py:115} INFO - [2022-08-29T12:51:53.256-0400] {dag.py:2429} INFO - Sync 1 DAGs
[2022-08-29T12:51:53.286-0400] {logging_mixin.py:115} INFO - [2022-08-29T12:51:53.286-0400] {dag.py:2977} INFO - Setting next_dagrun for example_weekday_branch_operator to 2022-08-28T00:00:00+00:00, run_after=2022-08-29T00:00:00+00:00
[2022-08-29T12:51:53.348-0400] {processor.py:161} INFO - Processing /home/augenz/PycharmProjects/airflow/.env_airflow/lib/python3.9/site-packages/airflow/example_dags/example_branch_day_of_week_operator.py took 0.577 seconds
[2022-08-29T12:52:23.850-0400] {processor.py:153} INFO - Started process (PID=1780) to work on /home/augenz/PycharmProjects/airflow/.env_airflow/lib/python3.9/site-packages/airflow/example_dags/example_branch_day_of_week_operator.py
[2022-08-29T12:52:23.862-0400] {processor.py:640} INFO - Processing file /home/augenz/PycharmProjects/airflow/.env_airflow/lib/python3.9/site-packages/airflow/example_dags/example_branch_day_of_week_operator.py for tasks to queue
[2022-08-29T12:52:23.864-0400] {logging_mixin.py:115} INFO - [2022-08-29T12:52:23.863-0400] {dagbag.py:508} INFO - Filling up the DagBag from /home/augenz/PycharmProjects/airflow/.env_airflow/lib/python3.9/site-packages/airflow/example_dags/example_branch_day_of_week_operator.py
[2022-08-29T12:52:23.884-0400] {processor.py:650} INFO - DAG(s) dict_keys(['example_weekday_branch_operator']) retrieved from /home/augenz/PycharmProjects/airflow/.env_airflow/lib/python3.9/site-packages/airflow/example_dags/example_branch_day_of_week_operator.py
[2022-08-29T12:52:24.343-0400] {logging_mixin.py:115} INFO - [2022-08-29T12:52:24.343-0400] {dag.py:2429} INFO - Sync 1 DAGs
[2022-08-29T12:52:24.375-0400] {logging_mixin.py:115} INFO - [2022-08-29T12:52:24.375-0400] {dag.py:2977} INFO - Setting next_dagrun for example_weekday_branch_operator to 2022-08-28T00:00:00+00:00, run_after=2022-08-29T00:00:00+00:00
[2022-08-29T12:52:24.437-0400] {processor.py:161} INFO - Processing /home/augenz/PycharmProjects/airflow/.env_airflow/lib/python3.9/site-packages/airflow/example_dags/example_branch_day_of_week_operator.py took 0.592 seconds
[2022-08-29T12:52:54.552-0400] {processor.py:153} INFO - Started process (PID=1814) to work on /home/augenz/PycharmProjects/airflow/.env_airflow/lib/python3.9/site-packages/airflow/example_dags/example_branch_day_of_week_operator.py
[2022-08-29T12:52:54.553-0400] {processor.py:640} INFO - Processing file /home/augenz/PycharmProjects/airflow/.env_airflow/lib/python3.9/site-packages/airflow/example_dags/example_branch_day_of_week_operator.py for tasks to queue
[2022-08-29T12:52:54.554-0400] {logging_mixin.py:115} INFO - [2022-08-29T12:52:54.554-0400] {dagbag.py:508} INFO - Filling up the DagBag from /home/augenz/PycharmProjects/airflow/.env_airflow/lib/python3.9/site-packages/airflow/example_dags/example_branch_day_of_week_operator.py
[2022-08-29T12:52:54.569-0400] {processor.py:650} INFO - DAG(s) dict_keys(['example_weekday_branch_operator']) retrieved from /home/augenz/PycharmProjects/airflow/.env_airflow/lib/python3.9/site-packages/airflow/example_dags/example_branch_day_of_week_operator.py
[2022-08-29T12:52:55.039-0400] {logging_mixin.py:115} INFO - [2022-08-29T12:52:55.038-0400] {dag.py:2429} INFO - Sync 1 DAGs
[2022-08-29T12:52:55.068-0400] {logging_mixin.py:115} INFO - [2022-08-29T12:52:55.068-0400] {dag.py:2977} INFO - Setting next_dagrun for example_weekday_branch_operator to 2022-08-28T00:00:00+00:00, run_after=2022-08-29T00:00:00+00:00
[2022-08-29T12:52:55.117-0400] {processor.py:161} INFO - Processing /home/augenz/PycharmProjects/airflow/.env_airflow/lib/python3.9/site-packages/airflow/example_dags/example_branch_day_of_week_operator.py took 0.571 seconds
[2022-08-29T12:53:25.692-0400] {processor.py:153} INFO - Started process (PID=1851) to work on /home/augenz/PycharmProjects/airflow/.env_airflow/lib/python3.9/site-packages/airflow/example_dags/example_branch_day_of_week_operator.py
[2022-08-29T12:53:25.693-0400] {processor.py:640} INFO - Processing file /home/augenz/PycharmProjects/airflow/.env_airflow/lib/python3.9/site-packages/airflow/example_dags/example_branch_day_of_week_operator.py for tasks to queue
[2022-08-29T12:53:25.694-0400] {logging_mixin.py:115} INFO - [2022-08-29T12:53:25.694-0400] {dagbag.py:508} INFO - Filling up the DagBag from /home/augenz/PycharmProjects/airflow/.env_airflow/lib/python3.9/site-packages/airflow/example_dags/example_branch_day_of_week_operator.py
[2022-08-29T12:53:25.708-0400] {processor.py:650} INFO - DAG(s) dict_keys(['example_weekday_branch_operator']) retrieved from /home/augenz/PycharmProjects/airflow/.env_airflow/lib/python3.9/site-packages/airflow/example_dags/example_branch_day_of_week_operator.py
[2022-08-29T12:53:26.178-0400] {logging_mixin.py:115} INFO - [2022-08-29T12:53:26.177-0400] {dag.py:2429} INFO - Sync 1 DAGs
[2022-08-29T12:53:26.208-0400] {logging_mixin.py:115} INFO - [2022-08-29T12:53:26.208-0400] {dag.py:2977} INFO - Setting next_dagrun for example_weekday_branch_operator to 2022-08-28T00:00:00+00:00, run_after=2022-08-29T00:00:00+00:00
[2022-08-29T12:53:26.264-0400] {processor.py:161} INFO - Processing /home/augenz/PycharmProjects/airflow/.env_airflow/lib/python3.9/site-packages/airflow/example_dags/example_branch_day_of_week_operator.py took 0.577 seconds
[2022-08-29T12:53:57.121-0400] {processor.py:153} INFO - Started process (PID=1893) to work on /home/augenz/PycharmProjects/airflow/.env_airflow/lib/python3.9/site-packages/airflow/example_dags/example_branch_day_of_week_operator.py
[2022-08-29T12:53:57.122-0400] {processor.py:640} INFO - Processing file /home/augenz/PycharmProjects/airflow/.env_airflow/lib/python3.9/site-packages/airflow/example_dags/example_branch_day_of_week_operator.py for tasks to queue
[2022-08-29T12:53:57.123-0400] {logging_mixin.py:115} INFO - [2022-08-29T12:53:57.123-0400] {dagbag.py:508} INFO - Filling up the DagBag from /home/augenz/PycharmProjects/airflow/.env_airflow/lib/python3.9/site-packages/airflow/example_dags/example_branch_day_of_week_operator.py
[2022-08-29T12:53:57.136-0400] {processor.py:650} INFO - DAG(s) dict_keys(['example_weekday_branch_operator']) retrieved from /home/augenz/PycharmProjects/airflow/.env_airflow/lib/python3.9/site-packages/airflow/example_dags/example_branch_day_of_week_operator.py
[2022-08-29T12:53:57.749-0400] {logging_mixin.py:115} INFO - [2022-08-29T12:53:57.749-0400] {dag.py:2429} INFO - Sync 1 DAGs
[2022-08-29T12:53:57.781-0400] {logging_mixin.py:115} INFO - [2022-08-29T12:53:57.781-0400] {dag.py:2977} INFO - Setting next_dagrun for example_weekday_branch_operator to 2022-08-28T00:00:00+00:00, run_after=2022-08-29T00:00:00+00:00
[2022-08-29T12:53:57.851-0400] {processor.py:161} INFO - Processing /home/augenz/PycharmProjects/airflow/.env_airflow/lib/python3.9/site-packages/airflow/example_dags/example_branch_day_of_week_operator.py took 0.737 seconds
