[2022-08-29T12:33:18.128-0400] {processor.py:153} INFO - Started process (PID=389) to work on /home/augenz/PycharmProjects/airflow/.env_airflow/lib/python3.9/site-packages/airflow/example_dags/example_external_task_marker_dag.py
[2022-08-29T12:33:18.129-0400] {processor.py:640} INFO - Processing file /home/augenz/PycharmProjects/airflow/.env_airflow/lib/python3.9/site-packages/airflow/example_dags/example_external_task_marker_dag.py for tasks to queue
[2022-08-29T12:33:18.130-0400] {logging_mixin.py:115} INFO - [2022-08-29T12:33:18.130-0400] {dagbag.py:508} INFO - Filling up the DagBag from /home/augenz/PycharmProjects/airflow/.env_airflow/lib/python3.9/site-packages/airflow/example_dags/example_external_task_marker_dag.py
[2022-08-29T12:33:18.137-0400] {processor.py:650} INFO - DAG(s) dict_keys(['example_external_task_marker_parent', 'example_external_task_marker_child']) retrieved from /home/augenz/PycharmProjects/airflow/.env_airflow/lib/python3.9/site-packages/airflow/example_dags/example_external_task_marker_dag.py
[2022-08-29T12:33:18.357-0400] {logging_mixin.py:115} INFO - [2022-08-29T12:33:18.357-0400] {manager.py:508} INFO - Created Permission View: can delete on DAG:example_external_task_marker_parent
[2022-08-29T12:33:18.407-0400] {logging_mixin.py:115} INFO - [2022-08-29T12:33:18.407-0400] {manager.py:508} INFO - Created Permission View: can read on DAG:example_external_task_marker_parent
[2022-08-29T12:33:18.466-0400] {logging_mixin.py:115} INFO - [2022-08-29T12:33:18.465-0400] {manager.py:508} INFO - Created Permission View: can edit on DAG:example_external_task_marker_parent
[2022-08-29T12:33:18.690-0400] {logging_mixin.py:115} INFO - [2022-08-29T12:33:18.690-0400] {manager.py:508} INFO - Created Permission View: can delete on DAG:example_external_task_marker_child
[2022-08-29T12:33:18.724-0400] {logging_mixin.py:115} INFO - [2022-08-29T12:33:18.723-0400] {manager.py:508} INFO - Created Permission View: can read on DAG:example_external_task_marker_child
[2022-08-29T12:33:18.756-0400] {logging_mixin.py:115} INFO - [2022-08-29T12:33:18.756-0400] {manager.py:508} INFO - Created Permission View: can edit on DAG:example_external_task_marker_child
[2022-08-29T12:33:18.757-0400] {logging_mixin.py:115} INFO - [2022-08-29T12:33:18.757-0400] {dag.py:2429} INFO - Sync 2 DAGs
[2022-08-29T12:33:18.770-0400] {logging_mixin.py:115} INFO - [2022-08-29T12:33:18.770-0400] {dag.py:2448} INFO - Creating ORM DAG for example_external_task_marker_parent
[2022-08-29T12:33:18.771-0400] {logging_mixin.py:115} INFO - [2022-08-29T12:33:18.770-0400] {dag.py:2448} INFO - Creating ORM DAG for example_external_task_marker_child
[2022-08-29T12:33:18.788-0400] {logging_mixin.py:115} INFO - [2022-08-29T12:33:18.788-0400] {dag.py:2977} INFO - Setting next_dagrun for example_external_task_marker_child to None, run_after=None
[2022-08-29T12:33:18.789-0400] {logging_mixin.py:115} INFO - [2022-08-29T12:33:18.789-0400] {dag.py:2977} INFO - Setting next_dagrun for example_external_task_marker_parent to None, run_after=None
[2022-08-29T12:33:18.829-0400] {processor.py:161} INFO - Processing /home/augenz/PycharmProjects/airflow/.env_airflow/lib/python3.9/site-packages/airflow/example_dags/example_external_task_marker_dag.py took 0.706 seconds
[2022-08-29T12:33:49.151-0400] {processor.py:153} INFO - Started process (PID=431) to work on /home/augenz/PycharmProjects/airflow/.env_airflow/lib/python3.9/site-packages/airflow/example_dags/example_external_task_marker_dag.py
[2022-08-29T12:33:49.152-0400] {processor.py:640} INFO - Processing file /home/augenz/PycharmProjects/airflow/.env_airflow/lib/python3.9/site-packages/airflow/example_dags/example_external_task_marker_dag.py for tasks to queue
[2022-08-29T12:33:49.153-0400] {logging_mixin.py:115} INFO - [2022-08-29T12:33:49.153-0400] {dagbag.py:508} INFO - Filling up the DagBag from /home/augenz/PycharmProjects/airflow/.env_airflow/lib/python3.9/site-packages/airflow/example_dags/example_external_task_marker_dag.py
[2022-08-29T12:33:49.161-0400] {processor.py:650} INFO - DAG(s) dict_keys(['example_external_task_marker_parent', 'example_external_task_marker_child']) retrieved from /home/augenz/PycharmProjects/airflow/.env_airflow/lib/python3.9/site-packages/airflow/example_dags/example_external_task_marker_dag.py
[2022-08-29T12:33:49.338-0400] {logging_mixin.py:115} INFO - [2022-08-29T12:33:49.337-0400] {dag.py:2429} INFO - Sync 2 DAGs
[2022-08-29T12:33:49.368-0400] {logging_mixin.py:115} INFO - [2022-08-29T12:33:49.368-0400] {dag.py:2977} INFO - Setting next_dagrun for example_external_task_marker_child to None, run_after=None
[2022-08-29T12:33:49.369-0400] {logging_mixin.py:115} INFO - [2022-08-29T12:33:49.369-0400] {dag.py:2977} INFO - Setting next_dagrun for example_external_task_marker_parent to None, run_after=None
[2022-08-29T12:33:49.409-0400] {processor.py:161} INFO - Processing /home/augenz/PycharmProjects/airflow/.env_airflow/lib/python3.9/site-packages/airflow/example_dags/example_external_task_marker_dag.py took 0.264 seconds
[2022-08-29T12:34:19.720-0400] {processor.py:153} INFO - Started process (PID=464) to work on /home/augenz/PycharmProjects/airflow/.env_airflow/lib/python3.9/site-packages/airflow/example_dags/example_external_task_marker_dag.py
[2022-08-29T12:34:19.738-0400] {processor.py:640} INFO - Processing file /home/augenz/PycharmProjects/airflow/.env_airflow/lib/python3.9/site-packages/airflow/example_dags/example_external_task_marker_dag.py for tasks to queue
[2022-08-29T12:34:19.739-0400] {logging_mixin.py:115} INFO - [2022-08-29T12:34:19.739-0400] {dagbag.py:508} INFO - Filling up the DagBag from /home/augenz/PycharmProjects/airflow/.env_airflow/lib/python3.9/site-packages/airflow/example_dags/example_external_task_marker_dag.py
[2022-08-29T12:34:19.748-0400] {processor.py:650} INFO - DAG(s) dict_keys(['example_external_task_marker_parent', 'example_external_task_marker_child']) retrieved from /home/augenz/PycharmProjects/airflow/.env_airflow/lib/python3.9/site-packages/airflow/example_dags/example_external_task_marker_dag.py
[2022-08-29T12:34:20.047-0400] {logging_mixin.py:115} INFO - [2022-08-29T12:34:20.047-0400] {dag.py:2429} INFO - Sync 2 DAGs
[2022-08-29T12:34:20.087-0400] {logging_mixin.py:115} INFO - [2022-08-29T12:34:20.086-0400] {dag.py:2977} INFO - Setting next_dagrun for example_external_task_marker_child to None, run_after=None
[2022-08-29T12:34:20.088-0400] {logging_mixin.py:115} INFO - [2022-08-29T12:34:20.087-0400] {dag.py:2977} INFO - Setting next_dagrun for example_external_task_marker_parent to None, run_after=None
[2022-08-29T12:34:20.122-0400] {processor.py:161} INFO - Processing /home/augenz/PycharmProjects/airflow/.env_airflow/lib/python3.9/site-packages/airflow/example_dags/example_external_task_marker_dag.py took 0.408 seconds
[2022-08-29T12:34:50.559-0400] {processor.py:153} INFO - Started process (PID=499) to work on /home/augenz/PycharmProjects/airflow/.env_airflow/lib/python3.9/site-packages/airflow/example_dags/example_external_task_marker_dag.py
[2022-08-29T12:34:50.564-0400] {processor.py:640} INFO - Processing file /home/augenz/PycharmProjects/airflow/.env_airflow/lib/python3.9/site-packages/airflow/example_dags/example_external_task_marker_dag.py for tasks to queue
[2022-08-29T12:34:50.566-0400] {logging_mixin.py:115} INFO - [2022-08-29T12:34:50.566-0400] {dagbag.py:508} INFO - Filling up the DagBag from /home/augenz/PycharmProjects/airflow/.env_airflow/lib/python3.9/site-packages/airflow/example_dags/example_external_task_marker_dag.py
[2022-08-29T12:34:50.579-0400] {processor.py:650} INFO - DAG(s) dict_keys(['example_external_task_marker_parent', 'example_external_task_marker_child']) retrieved from /home/augenz/PycharmProjects/airflow/.env_airflow/lib/python3.9/site-packages/airflow/example_dags/example_external_task_marker_dag.py
[2022-08-29T12:34:51.281-0400] {logging_mixin.py:115} INFO - [2022-08-29T12:34:51.280-0400] {dag.py:2429} INFO - Sync 2 DAGs
[2022-08-29T12:34:51.358-0400] {logging_mixin.py:115} INFO - [2022-08-29T12:34:51.358-0400] {dag.py:2977} INFO - Setting next_dagrun for example_external_task_marker_child to None, run_after=None
[2022-08-29T12:34:51.360-0400] {logging_mixin.py:115} INFO - [2022-08-29T12:34:51.359-0400] {dag.py:2977} INFO - Setting next_dagrun for example_external_task_marker_parent to None, run_after=None
[2022-08-29T12:34:51.430-0400] {processor.py:161} INFO - Processing /home/augenz/PycharmProjects/airflow/.env_airflow/lib/python3.9/site-packages/airflow/example_dags/example_external_task_marker_dag.py took 0.877 seconds
[2022-08-29T12:35:21.945-0400] {processor.py:153} INFO - Started process (PID=556) to work on /home/augenz/PycharmProjects/airflow/.env_airflow/lib/python3.9/site-packages/airflow/example_dags/example_external_task_marker_dag.py
[2022-08-29T12:35:21.964-0400] {processor.py:640} INFO - Processing file /home/augenz/PycharmProjects/airflow/.env_airflow/lib/python3.9/site-packages/airflow/example_dags/example_external_task_marker_dag.py for tasks to queue
[2022-08-29T12:35:21.965-0400] {logging_mixin.py:115} INFO - [2022-08-29T12:35:21.965-0400] {dagbag.py:508} INFO - Filling up the DagBag from /home/augenz/PycharmProjects/airflow/.env_airflow/lib/python3.9/site-packages/airflow/example_dags/example_external_task_marker_dag.py
[2022-08-29T12:35:21.972-0400] {processor.py:650} INFO - DAG(s) dict_keys(['example_external_task_marker_parent', 'example_external_task_marker_child']) retrieved from /home/augenz/PycharmProjects/airflow/.env_airflow/lib/python3.9/site-packages/airflow/example_dags/example_external_task_marker_dag.py
[2022-08-29T12:35:22.164-0400] {logging_mixin.py:115} INFO - [2022-08-29T12:35:22.164-0400] {dag.py:2429} INFO - Sync 2 DAGs
[2022-08-29T12:35:22.198-0400] {logging_mixin.py:115} INFO - [2022-08-29T12:35:22.198-0400] {dag.py:2977} INFO - Setting next_dagrun for example_external_task_marker_child to None, run_after=None
[2022-08-29T12:35:22.198-0400] {logging_mixin.py:115} INFO - [2022-08-29T12:35:22.198-0400] {dag.py:2977} INFO - Setting next_dagrun for example_external_task_marker_parent to None, run_after=None
[2022-08-29T12:35:22.243-0400] {processor.py:161} INFO - Processing /home/augenz/PycharmProjects/airflow/.env_airflow/lib/python3.9/site-packages/airflow/example_dags/example_external_task_marker_dag.py took 0.302 seconds
[2022-08-29T12:35:54.759-0400] {processor.py:153} INFO - Started process (PID=599) to work on /home/augenz/PycharmProjects/airflow/.env_airflow/lib/python3.9/site-packages/airflow/example_dags/example_external_task_marker_dag.py
[2022-08-29T12:35:54.760-0400] {processor.py:640} INFO - Processing file /home/augenz/PycharmProjects/airflow/.env_airflow/lib/python3.9/site-packages/airflow/example_dags/example_external_task_marker_dag.py for tasks to queue
[2022-08-29T12:35:54.761-0400] {logging_mixin.py:115} INFO - [2022-08-29T12:35:54.761-0400] {dagbag.py:508} INFO - Filling up the DagBag from /home/augenz/PycharmProjects/airflow/.env_airflow/lib/python3.9/site-packages/airflow/example_dags/example_external_task_marker_dag.py
[2022-08-29T12:35:54.766-0400] {processor.py:650} INFO - DAG(s) dict_keys(['example_external_task_marker_parent', 'example_external_task_marker_child']) retrieved from /home/augenz/PycharmProjects/airflow/.env_airflow/lib/python3.9/site-packages/airflow/example_dags/example_external_task_marker_dag.py
[2022-08-29T12:35:55.411-0400] {logging_mixin.py:115} INFO - [2022-08-29T12:35:55.411-0400] {dag.py:2429} INFO - Sync 2 DAGs
[2022-08-29T12:35:55.439-0400] {logging_mixin.py:115} INFO - [2022-08-29T12:35:55.439-0400] {dag.py:2977} INFO - Setting next_dagrun for example_external_task_marker_child to None, run_after=None
[2022-08-29T12:35:55.440-0400] {logging_mixin.py:115} INFO - [2022-08-29T12:35:55.440-0400] {dag.py:2977} INFO - Setting next_dagrun for example_external_task_marker_parent to None, run_after=None
[2022-08-29T12:35:55.494-0400] {processor.py:161} INFO - Processing /home/augenz/PycharmProjects/airflow/.env_airflow/lib/python3.9/site-packages/airflow/example_dags/example_external_task_marker_dag.py took 0.739 seconds
[2022-08-29T12:36:26.311-0400] {processor.py:153} INFO - Started process (PID=633) to work on /home/augenz/PycharmProjects/airflow/.env_airflow/lib/python3.9/site-packages/airflow/example_dags/example_external_task_marker_dag.py
[2022-08-29T12:36:26.312-0400] {processor.py:640} INFO - Processing file /home/augenz/PycharmProjects/airflow/.env_airflow/lib/python3.9/site-packages/airflow/example_dags/example_external_task_marker_dag.py for tasks to queue
[2022-08-29T12:36:26.313-0400] {logging_mixin.py:115} INFO - [2022-08-29T12:36:26.313-0400] {dagbag.py:508} INFO - Filling up the DagBag from /home/augenz/PycharmProjects/airflow/.env_airflow/lib/python3.9/site-packages/airflow/example_dags/example_external_task_marker_dag.py
[2022-08-29T12:36:26.318-0400] {processor.py:650} INFO - DAG(s) dict_keys(['example_external_task_marker_parent', 'example_external_task_marker_child']) retrieved from /home/augenz/PycharmProjects/airflow/.env_airflow/lib/python3.9/site-packages/airflow/example_dags/example_external_task_marker_dag.py
[2022-08-29T12:36:26.935-0400] {logging_mixin.py:115} INFO - [2022-08-29T12:36:26.934-0400] {dag.py:2429} INFO - Sync 2 DAGs
[2022-08-29T12:36:26.962-0400] {logging_mixin.py:115} INFO - [2022-08-29T12:36:26.962-0400] {dag.py:2977} INFO - Setting next_dagrun for example_external_task_marker_child to None, run_after=None
[2022-08-29T12:36:26.962-0400] {logging_mixin.py:115} INFO - [2022-08-29T12:36:26.962-0400] {dag.py:2977} INFO - Setting next_dagrun for example_external_task_marker_parent to None, run_after=None
[2022-08-29T12:36:26.999-0400] {processor.py:161} INFO - Processing /home/augenz/PycharmProjects/airflow/.env_airflow/lib/python3.9/site-packages/airflow/example_dags/example_external_task_marker_dag.py took 0.692 seconds
[2022-08-29T12:37:01.226-0400] {processor.py:153} INFO - Started process (PID=685) to work on /home/augenz/PycharmProjects/airflow/.env_airflow/lib/python3.9/site-packages/airflow/example_dags/example_external_task_marker_dag.py
[2022-08-29T12:37:01.244-0400] {processor.py:640} INFO - Processing file /home/augenz/PycharmProjects/airflow/.env_airflow/lib/python3.9/site-packages/airflow/example_dags/example_external_task_marker_dag.py for tasks to queue
[2022-08-29T12:37:01.245-0400] {logging_mixin.py:115} INFO - [2022-08-29T12:37:01.245-0400] {dagbag.py:508} INFO - Filling up the DagBag from /home/augenz/PycharmProjects/airflow/.env_airflow/lib/python3.9/site-packages/airflow/example_dags/example_external_task_marker_dag.py
[2022-08-29T12:37:01.257-0400] {processor.py:650} INFO - DAG(s) dict_keys(['example_external_task_marker_parent', 'example_external_task_marker_child']) retrieved from /home/augenz/PycharmProjects/airflow/.env_airflow/lib/python3.9/site-packages/airflow/example_dags/example_external_task_marker_dag.py
[2022-08-29T12:37:03.101-0400] {logging_mixin.py:115} INFO - [2022-08-29T12:37:03.100-0400] {dag.py:2429} INFO - Sync 2 DAGs
[2022-08-29T12:37:03.181-0400] {logging_mixin.py:115} INFO - [2022-08-29T12:37:03.180-0400] {dag.py:2977} INFO - Setting next_dagrun for example_external_task_marker_child to None, run_after=None
[2022-08-29T12:37:03.182-0400] {logging_mixin.py:115} INFO - [2022-08-29T12:37:03.182-0400] {dag.py:2977} INFO - Setting next_dagrun for example_external_task_marker_parent to None, run_after=None
[2022-08-29T12:37:03.229-0400] {processor.py:161} INFO - Processing /home/augenz/PycharmProjects/airflow/.env_airflow/lib/python3.9/site-packages/airflow/example_dags/example_external_task_marker_dag.py took 2.011 seconds
[2022-08-29T12:37:40.333-0400] {processor.py:153} INFO - Started process (PID=727) to work on /home/augenz/PycharmProjects/airflow/.env_airflow/lib/python3.9/site-packages/airflow/example_dags/example_external_task_marker_dag.py
[2022-08-29T12:37:40.357-0400] {processor.py:640} INFO - Processing file /home/augenz/PycharmProjects/airflow/.env_airflow/lib/python3.9/site-packages/airflow/example_dags/example_external_task_marker_dag.py for tasks to queue
[2022-08-29T12:37:40.360-0400] {logging_mixin.py:115} INFO - [2022-08-29T12:37:40.359-0400] {dagbag.py:508} INFO - Filling up the DagBag from /home/augenz/PycharmProjects/airflow/.env_airflow/lib/python3.9/site-packages/airflow/example_dags/example_external_task_marker_dag.py
[2022-08-29T12:37:40.381-0400] {processor.py:650} INFO - DAG(s) dict_keys(['example_external_task_marker_parent', 'example_external_task_marker_child']) retrieved from /home/augenz/PycharmProjects/airflow/.env_airflow/lib/python3.9/site-packages/airflow/example_dags/example_external_task_marker_dag.py
[2022-08-29T12:37:42.568-0400] {logging_mixin.py:115} INFO - [2022-08-29T12:37:42.568-0400] {dag.py:2429} INFO - Sync 2 DAGs
[2022-08-29T12:37:42.641-0400] {logging_mixin.py:115} INFO - [2022-08-29T12:37:42.640-0400] {dag.py:2977} INFO - Setting next_dagrun for example_external_task_marker_child to None, run_after=None
[2022-08-29T12:37:42.642-0400] {logging_mixin.py:115} INFO - [2022-08-29T12:37:42.641-0400] {dag.py:2977} INFO - Setting next_dagrun for example_external_task_marker_parent to None, run_after=None
[2022-08-29T12:37:42.702-0400] {processor.py:161} INFO - Processing /home/augenz/PycharmProjects/airflow/.env_airflow/lib/python3.9/site-packages/airflow/example_dags/example_external_task_marker_dag.py took 2.376 seconds
[2022-08-29T12:38:13.235-0400] {processor.py:153} INFO - Started process (PID=787) to work on /home/augenz/PycharmProjects/airflow/.env_airflow/lib/python3.9/site-packages/airflow/example_dags/example_external_task_marker_dag.py
[2022-08-29T12:38:13.304-0400] {processor.py:640} INFO - Processing file /home/augenz/PycharmProjects/airflow/.env_airflow/lib/python3.9/site-packages/airflow/example_dags/example_external_task_marker_dag.py for tasks to queue
[2022-08-29T12:38:13.306-0400] {logging_mixin.py:115} INFO - [2022-08-29T12:38:13.305-0400] {dagbag.py:508} INFO - Filling up the DagBag from /home/augenz/PycharmProjects/airflow/.env_airflow/lib/python3.9/site-packages/airflow/example_dags/example_external_task_marker_dag.py
[2022-08-29T12:38:13.315-0400] {processor.py:650} INFO - DAG(s) dict_keys(['example_external_task_marker_parent', 'example_external_task_marker_child']) retrieved from /home/augenz/PycharmProjects/airflow/.env_airflow/lib/python3.9/site-packages/airflow/example_dags/example_external_task_marker_dag.py
[2022-08-29T12:38:15.065-0400] {logging_mixin.py:115} INFO - [2022-08-29T12:38:15.064-0400] {dag.py:2429} INFO - Sync 2 DAGs
[2022-08-29T12:38:15.129-0400] {logging_mixin.py:115} INFO - [2022-08-29T12:38:15.128-0400] {dag.py:2977} INFO - Setting next_dagrun for example_external_task_marker_child to None, run_after=None
[2022-08-29T12:38:15.130-0400] {logging_mixin.py:115} INFO - [2022-08-29T12:38:15.130-0400] {dag.py:2977} INFO - Setting next_dagrun for example_external_task_marker_parent to None, run_after=None
[2022-08-29T12:38:15.177-0400] {processor.py:161} INFO - Processing /home/augenz/PycharmProjects/airflow/.env_airflow/lib/python3.9/site-packages/airflow/example_dags/example_external_task_marker_dag.py took 1.950 seconds
[2022-08-29T12:38:45.548-0400] {processor.py:153} INFO - Started process (PID=824) to work on /home/augenz/PycharmProjects/airflow/.env_airflow/lib/python3.9/site-packages/airflow/example_dags/example_external_task_marker_dag.py
[2022-08-29T12:38:45.552-0400] {processor.py:640} INFO - Processing file /home/augenz/PycharmProjects/airflow/.env_airflow/lib/python3.9/site-packages/airflow/example_dags/example_external_task_marker_dag.py for tasks to queue
[2022-08-29T12:38:45.553-0400] {logging_mixin.py:115} INFO - [2022-08-29T12:38:45.552-0400] {dagbag.py:508} INFO - Filling up the DagBag from /home/augenz/PycharmProjects/airflow/.env_airflow/lib/python3.9/site-packages/airflow/example_dags/example_external_task_marker_dag.py
[2022-08-29T12:38:45.559-0400] {processor.py:650} INFO - DAG(s) dict_keys(['example_external_task_marker_parent', 'example_external_task_marker_child']) retrieved from /home/augenz/PycharmProjects/airflow/.env_airflow/lib/python3.9/site-packages/airflow/example_dags/example_external_task_marker_dag.py
[2022-08-29T12:38:46.131-0400] {logging_mixin.py:115} INFO - [2022-08-29T12:38:46.130-0400] {dag.py:2429} INFO - Sync 2 DAGs
[2022-08-29T12:38:46.157-0400] {logging_mixin.py:115} INFO - [2022-08-29T12:38:46.157-0400] {dag.py:2977} INFO - Setting next_dagrun for example_external_task_marker_child to None, run_after=None
[2022-08-29T12:38:46.158-0400] {logging_mixin.py:115} INFO - [2022-08-29T12:38:46.157-0400] {dag.py:2977} INFO - Setting next_dagrun for example_external_task_marker_parent to None, run_after=None
[2022-08-29T12:38:46.197-0400] {processor.py:161} INFO - Processing /home/augenz/PycharmProjects/airflow/.env_airflow/lib/python3.9/site-packages/airflow/example_dags/example_external_task_marker_dag.py took 0.653 seconds
[2022-08-29T12:39:16.701-0400] {processor.py:153} INFO - Started process (PID=859) to work on /home/augenz/PycharmProjects/airflow/.env_airflow/lib/python3.9/site-packages/airflow/example_dags/example_external_task_marker_dag.py
[2022-08-29T12:39:16.704-0400] {processor.py:640} INFO - Processing file /home/augenz/PycharmProjects/airflow/.env_airflow/lib/python3.9/site-packages/airflow/example_dags/example_external_task_marker_dag.py for tasks to queue
[2022-08-29T12:39:16.705-0400] {logging_mixin.py:115} INFO - [2022-08-29T12:39:16.704-0400] {dagbag.py:508} INFO - Filling up the DagBag from /home/augenz/PycharmProjects/airflow/.env_airflow/lib/python3.9/site-packages/airflow/example_dags/example_external_task_marker_dag.py
[2022-08-29T12:39:16.711-0400] {processor.py:650} INFO - DAG(s) dict_keys(['example_external_task_marker_parent', 'example_external_task_marker_child']) retrieved from /home/augenz/PycharmProjects/airflow/.env_airflow/lib/python3.9/site-packages/airflow/example_dags/example_external_task_marker_dag.py
[2022-08-29T12:39:17.302-0400] {logging_mixin.py:115} INFO - [2022-08-29T12:39:17.302-0400] {dag.py:2429} INFO - Sync 2 DAGs
[2022-08-29T12:39:17.335-0400] {logging_mixin.py:115} INFO - [2022-08-29T12:39:17.335-0400] {dag.py:2977} INFO - Setting next_dagrun for example_external_task_marker_child to None, run_after=None
[2022-08-29T12:39:17.335-0400] {logging_mixin.py:115} INFO - [2022-08-29T12:39:17.335-0400] {dag.py:2977} INFO - Setting next_dagrun for example_external_task_marker_parent to None, run_after=None
[2022-08-29T12:39:17.376-0400] {processor.py:161} INFO - Processing /home/augenz/PycharmProjects/airflow/.env_airflow/lib/python3.9/site-packages/airflow/example_dags/example_external_task_marker_dag.py took 0.681 seconds
[2022-08-29T12:39:47.435-0400] {processor.py:153} INFO - Started process (PID=893) to work on /home/augenz/PycharmProjects/airflow/.env_airflow/lib/python3.9/site-packages/airflow/example_dags/example_external_task_marker_dag.py
[2022-08-29T12:39:47.441-0400] {processor.py:640} INFO - Processing file /home/augenz/PycharmProjects/airflow/.env_airflow/lib/python3.9/site-packages/airflow/example_dags/example_external_task_marker_dag.py for tasks to queue
[2022-08-29T12:39:47.442-0400] {logging_mixin.py:115} INFO - [2022-08-29T12:39:47.442-0400] {dagbag.py:508} INFO - Filling up the DagBag from /home/augenz/PycharmProjects/airflow/.env_airflow/lib/python3.9/site-packages/airflow/example_dags/example_external_task_marker_dag.py
[2022-08-29T12:39:47.453-0400] {processor.py:650} INFO - DAG(s) dict_keys(['example_external_task_marker_parent', 'example_external_task_marker_child']) retrieved from /home/augenz/PycharmProjects/airflow/.env_airflow/lib/python3.9/site-packages/airflow/example_dags/example_external_task_marker_dag.py
[2022-08-29T12:39:48.535-0400] {logging_mixin.py:115} INFO - [2022-08-29T12:39:48.535-0400] {dag.py:2429} INFO - Sync 2 DAGs
[2022-08-29T12:39:48.563-0400] {logging_mixin.py:115} INFO - [2022-08-29T12:39:48.563-0400] {dag.py:2977} INFO - Setting next_dagrun for example_external_task_marker_child to None, run_after=None
[2022-08-29T12:39:48.564-0400] {logging_mixin.py:115} INFO - [2022-08-29T12:39:48.563-0400] {dag.py:2977} INFO - Setting next_dagrun for example_external_task_marker_parent to None, run_after=None
[2022-08-29T12:39:48.615-0400] {processor.py:161} INFO - Processing /home/augenz/PycharmProjects/airflow/.env_airflow/lib/python3.9/site-packages/airflow/example_dags/example_external_task_marker_dag.py took 1.194 seconds
[2022-08-29T12:40:19.050-0400] {processor.py:153} INFO - Started process (PID=932) to work on /home/augenz/PycharmProjects/airflow/.env_airflow/lib/python3.9/site-packages/airflow/example_dags/example_external_task_marker_dag.py
[2022-08-29T12:40:19.062-0400] {processor.py:640} INFO - Processing file /home/augenz/PycharmProjects/airflow/.env_airflow/lib/python3.9/site-packages/airflow/example_dags/example_external_task_marker_dag.py for tasks to queue
[2022-08-29T12:40:19.063-0400] {logging_mixin.py:115} INFO - [2022-08-29T12:40:19.063-0400] {dagbag.py:508} INFO - Filling up the DagBag from /home/augenz/PycharmProjects/airflow/.env_airflow/lib/python3.9/site-packages/airflow/example_dags/example_external_task_marker_dag.py
[2022-08-29T12:40:19.069-0400] {processor.py:650} INFO - DAG(s) dict_keys(['example_external_task_marker_parent', 'example_external_task_marker_child']) retrieved from /home/augenz/PycharmProjects/airflow/.env_airflow/lib/python3.9/site-packages/airflow/example_dags/example_external_task_marker_dag.py
[2022-08-29T12:40:19.654-0400] {logging_mixin.py:115} INFO - [2022-08-29T12:40:19.653-0400] {dag.py:2429} INFO - Sync 2 DAGs
[2022-08-29T12:40:19.681-0400] {logging_mixin.py:115} INFO - [2022-08-29T12:40:19.681-0400] {dag.py:2977} INFO - Setting next_dagrun for example_external_task_marker_child to None, run_after=None
[2022-08-29T12:40:19.681-0400] {logging_mixin.py:115} INFO - [2022-08-29T12:40:19.681-0400] {dag.py:2977} INFO - Setting next_dagrun for example_external_task_marker_parent to None, run_after=None
[2022-08-29T12:40:19.728-0400] {processor.py:161} INFO - Processing /home/augenz/PycharmProjects/airflow/.env_airflow/lib/python3.9/site-packages/airflow/example_dags/example_external_task_marker_dag.py took 0.682 seconds
[2022-08-29T12:40:49.884-0400] {processor.py:153} INFO - Started process (PID=966) to work on /home/augenz/PycharmProjects/airflow/.env_airflow/lib/python3.9/site-packages/airflow/example_dags/example_external_task_marker_dag.py
[2022-08-29T12:40:49.895-0400] {processor.py:640} INFO - Processing file /home/augenz/PycharmProjects/airflow/.env_airflow/lib/python3.9/site-packages/airflow/example_dags/example_external_task_marker_dag.py for tasks to queue
[2022-08-29T12:40:49.896-0400] {logging_mixin.py:115} INFO - [2022-08-29T12:40:49.896-0400] {dagbag.py:508} INFO - Filling up the DagBag from /home/augenz/PycharmProjects/airflow/.env_airflow/lib/python3.9/site-packages/airflow/example_dags/example_external_task_marker_dag.py
[2022-08-29T12:40:49.902-0400] {processor.py:650} INFO - DAG(s) dict_keys(['example_external_task_marker_parent', 'example_external_task_marker_child']) retrieved from /home/augenz/PycharmProjects/airflow/.env_airflow/lib/python3.9/site-packages/airflow/example_dags/example_external_task_marker_dag.py
[2022-08-29T12:40:50.561-0400] {logging_mixin.py:115} INFO - [2022-08-29T12:40:50.560-0400] {dag.py:2429} INFO - Sync 2 DAGs
[2022-08-29T12:40:50.587-0400] {logging_mixin.py:115} INFO - [2022-08-29T12:40:50.587-0400] {dag.py:2977} INFO - Setting next_dagrun for example_external_task_marker_child to None, run_after=None
[2022-08-29T12:40:50.587-0400] {logging_mixin.py:115} INFO - [2022-08-29T12:40:50.587-0400] {dag.py:2977} INFO - Setting next_dagrun for example_external_task_marker_parent to None, run_after=None
[2022-08-29T12:40:50.632-0400] {processor.py:161} INFO - Processing /home/augenz/PycharmProjects/airflow/.env_airflow/lib/python3.9/site-packages/airflow/example_dags/example_external_task_marker_dag.py took 0.754 seconds
[2022-08-29T12:41:20.798-0400] {processor.py:153} INFO - Started process (PID=1000) to work on /home/augenz/PycharmProjects/airflow/.env_airflow/lib/python3.9/site-packages/airflow/example_dags/example_external_task_marker_dag.py
[2022-08-29T12:41:20.802-0400] {processor.py:640} INFO - Processing file /home/augenz/PycharmProjects/airflow/.env_airflow/lib/python3.9/site-packages/airflow/example_dags/example_external_task_marker_dag.py for tasks to queue
[2022-08-29T12:41:20.803-0400] {logging_mixin.py:115} INFO - [2022-08-29T12:41:20.803-0400] {dagbag.py:508} INFO - Filling up the DagBag from /home/augenz/PycharmProjects/airflow/.env_airflow/lib/python3.9/site-packages/airflow/example_dags/example_external_task_marker_dag.py
[2022-08-29T12:41:20.810-0400] {processor.py:650} INFO - DAG(s) dict_keys(['example_external_task_marker_parent', 'example_external_task_marker_child']) retrieved from /home/augenz/PycharmProjects/airflow/.env_airflow/lib/python3.9/site-packages/airflow/example_dags/example_external_task_marker_dag.py
[2022-08-29T12:41:21.486-0400] {logging_mixin.py:115} INFO - [2022-08-29T12:41:21.486-0400] {dag.py:2429} INFO - Sync 2 DAGs
[2022-08-29T12:41:21.513-0400] {logging_mixin.py:115} INFO - [2022-08-29T12:41:21.512-0400] {dag.py:2977} INFO - Setting next_dagrun for example_external_task_marker_child to None, run_after=None
[2022-08-29T12:41:21.513-0400] {logging_mixin.py:115} INFO - [2022-08-29T12:41:21.513-0400] {dag.py:2977} INFO - Setting next_dagrun for example_external_task_marker_parent to None, run_after=None
[2022-08-29T12:41:21.544-0400] {processor.py:161} INFO - Processing /home/augenz/PycharmProjects/airflow/.env_airflow/lib/python3.9/site-packages/airflow/example_dags/example_external_task_marker_dag.py took 0.751 seconds
[2022-08-29T12:41:52.072-0400] {processor.py:153} INFO - Started process (PID=1045) to work on /home/augenz/PycharmProjects/airflow/.env_airflow/lib/python3.9/site-packages/airflow/example_dags/example_external_task_marker_dag.py
[2022-08-29T12:41:52.083-0400] {processor.py:640} INFO - Processing file /home/augenz/PycharmProjects/airflow/.env_airflow/lib/python3.9/site-packages/airflow/example_dags/example_external_task_marker_dag.py for tasks to queue
[2022-08-29T12:41:52.084-0400] {logging_mixin.py:115} INFO - [2022-08-29T12:41:52.084-0400] {dagbag.py:508} INFO - Filling up the DagBag from /home/augenz/PycharmProjects/airflow/.env_airflow/lib/python3.9/site-packages/airflow/example_dags/example_external_task_marker_dag.py
[2022-08-29T12:41:52.090-0400] {processor.py:650} INFO - DAG(s) dict_keys(['example_external_task_marker_parent', 'example_external_task_marker_child']) retrieved from /home/augenz/PycharmProjects/airflow/.env_airflow/lib/python3.9/site-packages/airflow/example_dags/example_external_task_marker_dag.py
[2022-08-29T12:41:52.652-0400] {logging_mixin.py:115} INFO - [2022-08-29T12:41:52.651-0400] {dag.py:2429} INFO - Sync 2 DAGs
[2022-08-29T12:41:52.678-0400] {logging_mixin.py:115} INFO - [2022-08-29T12:41:52.677-0400] {dag.py:2977} INFO - Setting next_dagrun for example_external_task_marker_child to None, run_after=None
[2022-08-29T12:41:52.678-0400] {logging_mixin.py:115} INFO - [2022-08-29T12:41:52.678-0400] {dag.py:2977} INFO - Setting next_dagrun for example_external_task_marker_parent to None, run_after=None
[2022-08-29T12:41:52.717-0400] {processor.py:161} INFO - Processing /home/augenz/PycharmProjects/airflow/.env_airflow/lib/python3.9/site-packages/airflow/example_dags/example_external_task_marker_dag.py took 0.650 seconds
[2022-08-29T12:42:22.772-0400] {processor.py:153} INFO - Started process (PID=1079) to work on /home/augenz/PycharmProjects/airflow/.env_airflow/lib/python3.9/site-packages/airflow/example_dags/example_external_task_marker_dag.py
[2022-08-29T12:42:22.783-0400] {processor.py:640} INFO - Processing file /home/augenz/PycharmProjects/airflow/.env_airflow/lib/python3.9/site-packages/airflow/example_dags/example_external_task_marker_dag.py for tasks to queue
[2022-08-29T12:42:22.783-0400] {logging_mixin.py:115} INFO - [2022-08-29T12:42:22.783-0400] {dagbag.py:508} INFO - Filling up the DagBag from /home/augenz/PycharmProjects/airflow/.env_airflow/lib/python3.9/site-packages/airflow/example_dags/example_external_task_marker_dag.py
[2022-08-29T12:42:22.788-0400] {processor.py:650} INFO - DAG(s) dict_keys(['example_external_task_marker_parent', 'example_external_task_marker_child']) retrieved from /home/augenz/PycharmProjects/airflow/.env_airflow/lib/python3.9/site-packages/airflow/example_dags/example_external_task_marker_dag.py
[2022-08-29T12:42:23.420-0400] {logging_mixin.py:115} INFO - [2022-08-29T12:42:23.420-0400] {dag.py:2429} INFO - Sync 2 DAGs
[2022-08-29T12:42:23.448-0400] {logging_mixin.py:115} INFO - [2022-08-29T12:42:23.448-0400] {dag.py:2977} INFO - Setting next_dagrun for example_external_task_marker_child to None, run_after=None
[2022-08-29T12:42:23.448-0400] {logging_mixin.py:115} INFO - [2022-08-29T12:42:23.448-0400] {dag.py:2977} INFO - Setting next_dagrun for example_external_task_marker_parent to None, run_after=None
[2022-08-29T12:42:23.487-0400] {processor.py:161} INFO - Processing /home/augenz/PycharmProjects/airflow/.env_airflow/lib/python3.9/site-packages/airflow/example_dags/example_external_task_marker_dag.py took 0.719 seconds
[2022-08-29T12:42:53.652-0400] {processor.py:153} INFO - Started process (PID=1112) to work on /home/augenz/PycharmProjects/airflow/.env_airflow/lib/python3.9/site-packages/airflow/example_dags/example_external_task_marker_dag.py
[2022-08-29T12:42:53.663-0400] {processor.py:640} INFO - Processing file /home/augenz/PycharmProjects/airflow/.env_airflow/lib/python3.9/site-packages/airflow/example_dags/example_external_task_marker_dag.py for tasks to queue
[2022-08-29T12:42:53.664-0400] {logging_mixin.py:115} INFO - [2022-08-29T12:42:53.664-0400] {dagbag.py:508} INFO - Filling up the DagBag from /home/augenz/PycharmProjects/airflow/.env_airflow/lib/python3.9/site-packages/airflow/example_dags/example_external_task_marker_dag.py
[2022-08-29T12:42:53.669-0400] {processor.py:650} INFO - DAG(s) dict_keys(['example_external_task_marker_parent', 'example_external_task_marker_child']) retrieved from /home/augenz/PycharmProjects/airflow/.env_airflow/lib/python3.9/site-packages/airflow/example_dags/example_external_task_marker_dag.py
[2022-08-29T12:42:54.419-0400] {logging_mixin.py:115} INFO - [2022-08-29T12:42:54.419-0400] {dag.py:2429} INFO - Sync 2 DAGs
[2022-08-29T12:42:54.445-0400] {logging_mixin.py:115} INFO - [2022-08-29T12:42:54.445-0400] {dag.py:2977} INFO - Setting next_dagrun for example_external_task_marker_child to None, run_after=None
[2022-08-29T12:42:54.446-0400] {logging_mixin.py:115} INFO - [2022-08-29T12:42:54.445-0400] {dag.py:2977} INFO - Setting next_dagrun for example_external_task_marker_parent to None, run_after=None
[2022-08-29T12:42:54.476-0400] {processor.py:161} INFO - Processing /home/augenz/PycharmProjects/airflow/.env_airflow/lib/python3.9/site-packages/airflow/example_dags/example_external_task_marker_dag.py took 0.828 seconds
[2022-08-29T12:43:25.014-0400] {processor.py:153} INFO - Started process (PID=1148) to work on /home/augenz/PycharmProjects/airflow/.env_airflow/lib/python3.9/site-packages/airflow/example_dags/example_external_task_marker_dag.py
[2022-08-29T12:43:25.017-0400] {processor.py:640} INFO - Processing file /home/augenz/PycharmProjects/airflow/.env_airflow/lib/python3.9/site-packages/airflow/example_dags/example_external_task_marker_dag.py for tasks to queue
[2022-08-29T12:43:25.018-0400] {logging_mixin.py:115} INFO - [2022-08-29T12:43:25.018-0400] {dagbag.py:508} INFO - Filling up the DagBag from /home/augenz/PycharmProjects/airflow/.env_airflow/lib/python3.9/site-packages/airflow/example_dags/example_external_task_marker_dag.py
[2022-08-29T12:43:25.024-0400] {processor.py:650} INFO - DAG(s) dict_keys(['example_external_task_marker_parent', 'example_external_task_marker_child']) retrieved from /home/augenz/PycharmProjects/airflow/.env_airflow/lib/python3.9/site-packages/airflow/example_dags/example_external_task_marker_dag.py
[2022-08-29T12:43:25.585-0400] {logging_mixin.py:115} INFO - [2022-08-29T12:43:25.584-0400] {dag.py:2429} INFO - Sync 2 DAGs
[2022-08-29T12:43:25.610-0400] {logging_mixin.py:115} INFO - [2022-08-29T12:43:25.609-0400] {dag.py:2977} INFO - Setting next_dagrun for example_external_task_marker_child to None, run_after=None
[2022-08-29T12:43:25.610-0400] {logging_mixin.py:115} INFO - [2022-08-29T12:43:25.610-0400] {dag.py:2977} INFO - Setting next_dagrun for example_external_task_marker_parent to None, run_after=None
[2022-08-29T12:43:25.647-0400] {processor.py:161} INFO - Processing /home/augenz/PycharmProjects/airflow/.env_airflow/lib/python3.9/site-packages/airflow/example_dags/example_external_task_marker_dag.py took 0.638 seconds
[2022-08-29T12:43:55.807-0400] {processor.py:153} INFO - Started process (PID=1182) to work on /home/augenz/PycharmProjects/airflow/.env_airflow/lib/python3.9/site-packages/airflow/example_dags/example_external_task_marker_dag.py
[2022-08-29T12:43:55.810-0400] {processor.py:640} INFO - Processing file /home/augenz/PycharmProjects/airflow/.env_airflow/lib/python3.9/site-packages/airflow/example_dags/example_external_task_marker_dag.py for tasks to queue
[2022-08-29T12:43:55.811-0400] {logging_mixin.py:115} INFO - [2022-08-29T12:43:55.811-0400] {dagbag.py:508} INFO - Filling up the DagBag from /home/augenz/PycharmProjects/airflow/.env_airflow/lib/python3.9/site-packages/airflow/example_dags/example_external_task_marker_dag.py
[2022-08-29T12:43:55.816-0400] {processor.py:650} INFO - DAG(s) dict_keys(['example_external_task_marker_parent', 'example_external_task_marker_child']) retrieved from /home/augenz/PycharmProjects/airflow/.env_airflow/lib/python3.9/site-packages/airflow/example_dags/example_external_task_marker_dag.py
[2022-08-29T12:43:56.412-0400] {logging_mixin.py:115} INFO - [2022-08-29T12:43:56.412-0400] {dag.py:2429} INFO - Sync 2 DAGs
[2022-08-29T12:43:56.439-0400] {logging_mixin.py:115} INFO - [2022-08-29T12:43:56.438-0400] {dag.py:2977} INFO - Setting next_dagrun for example_external_task_marker_child to None, run_after=None
[2022-08-29T12:43:56.439-0400] {logging_mixin.py:115} INFO - [2022-08-29T12:43:56.439-0400] {dag.py:2977} INFO - Setting next_dagrun for example_external_task_marker_parent to None, run_after=None
[2022-08-29T12:43:56.468-0400] {processor.py:161} INFO - Processing /home/augenz/PycharmProjects/airflow/.env_airflow/lib/python3.9/site-packages/airflow/example_dags/example_external_task_marker_dag.py took 0.665 seconds
[2022-08-29T12:44:26.819-0400] {processor.py:153} INFO - Started process (PID=1216) to work on /home/augenz/PycharmProjects/airflow/.env_airflow/lib/python3.9/site-packages/airflow/example_dags/example_external_task_marker_dag.py
[2022-08-29T12:44:26.822-0400] {processor.py:640} INFO - Processing file /home/augenz/PycharmProjects/airflow/.env_airflow/lib/python3.9/site-packages/airflow/example_dags/example_external_task_marker_dag.py for tasks to queue
[2022-08-29T12:44:26.823-0400] {logging_mixin.py:115} INFO - [2022-08-29T12:44:26.823-0400] {dagbag.py:508} INFO - Filling up the DagBag from /home/augenz/PycharmProjects/airflow/.env_airflow/lib/python3.9/site-packages/airflow/example_dags/example_external_task_marker_dag.py
[2022-08-29T12:44:26.830-0400] {processor.py:650} INFO - DAG(s) dict_keys(['example_external_task_marker_parent', 'example_external_task_marker_child']) retrieved from /home/augenz/PycharmProjects/airflow/.env_airflow/lib/python3.9/site-packages/airflow/example_dags/example_external_task_marker_dag.py
[2022-08-29T12:44:27.383-0400] {logging_mixin.py:115} INFO - [2022-08-29T12:44:27.383-0400] {dag.py:2429} INFO - Sync 2 DAGs
[2022-08-29T12:44:27.409-0400] {logging_mixin.py:115} INFO - [2022-08-29T12:44:27.408-0400] {dag.py:2977} INFO - Setting next_dagrun for example_external_task_marker_child to None, run_after=None
[2022-08-29T12:44:27.409-0400] {logging_mixin.py:115} INFO - [2022-08-29T12:44:27.409-0400] {dag.py:2977} INFO - Setting next_dagrun for example_external_task_marker_parent to None, run_after=None
[2022-08-29T12:44:27.465-0400] {processor.py:161} INFO - Processing /home/augenz/PycharmProjects/airflow/.env_airflow/lib/python3.9/site-packages/airflow/example_dags/example_external_task_marker_dag.py took 0.651 seconds
[2022-08-29T12:44:57.709-0400] {processor.py:153} INFO - Started process (PID=1265) to work on /home/augenz/PycharmProjects/airflow/.env_airflow/lib/python3.9/site-packages/airflow/example_dags/example_external_task_marker_dag.py
[2022-08-29T12:44:57.710-0400] {processor.py:640} INFO - Processing file /home/augenz/PycharmProjects/airflow/.env_airflow/lib/python3.9/site-packages/airflow/example_dags/example_external_task_marker_dag.py for tasks to queue
[2022-08-29T12:44:57.711-0400] {logging_mixin.py:115} INFO - [2022-08-29T12:44:57.710-0400] {dagbag.py:508} INFO - Filling up the DagBag from /home/augenz/PycharmProjects/airflow/.env_airflow/lib/python3.9/site-packages/airflow/example_dags/example_external_task_marker_dag.py
[2022-08-29T12:44:57.716-0400] {processor.py:650} INFO - DAG(s) dict_keys(['example_external_task_marker_parent', 'example_external_task_marker_child']) retrieved from /home/augenz/PycharmProjects/airflow/.env_airflow/lib/python3.9/site-packages/airflow/example_dags/example_external_task_marker_dag.py
[2022-08-29T12:44:58.282-0400] {logging_mixin.py:115} INFO - [2022-08-29T12:44:58.282-0400] {dag.py:2429} INFO - Sync 2 DAGs
[2022-08-29T12:44:58.308-0400] {logging_mixin.py:115} INFO - [2022-08-29T12:44:58.308-0400] {dag.py:2977} INFO - Setting next_dagrun for example_external_task_marker_child to None, run_after=None
[2022-08-29T12:44:58.309-0400] {logging_mixin.py:115} INFO - [2022-08-29T12:44:58.309-0400] {dag.py:2977} INFO - Setting next_dagrun for example_external_task_marker_parent to None, run_after=None
[2022-08-29T12:44:58.361-0400] {processor.py:161} INFO - Processing /home/augenz/PycharmProjects/airflow/.env_airflow/lib/python3.9/site-packages/airflow/example_dags/example_external_task_marker_dag.py took 0.657 seconds
[2022-08-29T12:45:28.485-0400] {processor.py:153} INFO - Started process (PID=1299) to work on /home/augenz/PycharmProjects/airflow/.env_airflow/lib/python3.9/site-packages/airflow/example_dags/example_external_task_marker_dag.py
[2022-08-29T12:45:28.488-0400] {processor.py:640} INFO - Processing file /home/augenz/PycharmProjects/airflow/.env_airflow/lib/python3.9/site-packages/airflow/example_dags/example_external_task_marker_dag.py for tasks to queue
[2022-08-29T12:45:28.488-0400] {logging_mixin.py:115} INFO - [2022-08-29T12:45:28.488-0400] {dagbag.py:508} INFO - Filling up the DagBag from /home/augenz/PycharmProjects/airflow/.env_airflow/lib/python3.9/site-packages/airflow/example_dags/example_external_task_marker_dag.py
[2022-08-29T12:45:28.493-0400] {processor.py:650} INFO - DAG(s) dict_keys(['example_external_task_marker_parent', 'example_external_task_marker_child']) retrieved from /home/augenz/PycharmProjects/airflow/.env_airflow/lib/python3.9/site-packages/airflow/example_dags/example_external_task_marker_dag.py
[2022-08-29T12:45:29.059-0400] {logging_mixin.py:115} INFO - [2022-08-29T12:45:29.058-0400] {dag.py:2429} INFO - Sync 2 DAGs
[2022-08-29T12:45:29.086-0400] {logging_mixin.py:115} INFO - [2022-08-29T12:45:29.086-0400] {dag.py:2977} INFO - Setting next_dagrun for example_external_task_marker_child to None, run_after=None
[2022-08-29T12:45:29.087-0400] {logging_mixin.py:115} INFO - [2022-08-29T12:45:29.087-0400] {dag.py:2977} INFO - Setting next_dagrun for example_external_task_marker_parent to None, run_after=None
[2022-08-29T12:45:29.124-0400] {processor.py:161} INFO - Processing /home/augenz/PycharmProjects/airflow/.env_airflow/lib/python3.9/site-packages/airflow/example_dags/example_external_task_marker_dag.py took 0.643 seconds
[2022-08-29T12:45:59.300-0400] {processor.py:153} INFO - Started process (PID=1334) to work on /home/augenz/PycharmProjects/airflow/.env_airflow/lib/python3.9/site-packages/airflow/example_dags/example_external_task_marker_dag.py
[2022-08-29T12:45:59.304-0400] {processor.py:640} INFO - Processing file /home/augenz/PycharmProjects/airflow/.env_airflow/lib/python3.9/site-packages/airflow/example_dags/example_external_task_marker_dag.py for tasks to queue
[2022-08-29T12:45:59.305-0400] {logging_mixin.py:115} INFO - [2022-08-29T12:45:59.304-0400] {dagbag.py:508} INFO - Filling up the DagBag from /home/augenz/PycharmProjects/airflow/.env_airflow/lib/python3.9/site-packages/airflow/example_dags/example_external_task_marker_dag.py
[2022-08-29T12:45:59.310-0400] {processor.py:650} INFO - DAG(s) dict_keys(['example_external_task_marker_parent', 'example_external_task_marker_child']) retrieved from /home/augenz/PycharmProjects/airflow/.env_airflow/lib/python3.9/site-packages/airflow/example_dags/example_external_task_marker_dag.py
[2022-08-29T12:45:59.926-0400] {logging_mixin.py:115} INFO - [2022-08-29T12:45:59.926-0400] {dag.py:2429} INFO - Sync 2 DAGs
[2022-08-29T12:45:59.953-0400] {logging_mixin.py:115} INFO - [2022-08-29T12:45:59.953-0400] {dag.py:2977} INFO - Setting next_dagrun for example_external_task_marker_child to None, run_after=None
[2022-08-29T12:45:59.954-0400] {logging_mixin.py:115} INFO - [2022-08-29T12:45:59.954-0400] {dag.py:2977} INFO - Setting next_dagrun for example_external_task_marker_parent to None, run_after=None
[2022-08-29T12:45:59.986-0400] {processor.py:161} INFO - Processing /home/augenz/PycharmProjects/airflow/.env_airflow/lib/python3.9/site-packages/airflow/example_dags/example_external_task_marker_dag.py took 0.691 seconds
[2022-08-29T12:46:30.544-0400] {processor.py:153} INFO - Started process (PID=1368) to work on /home/augenz/PycharmProjects/airflow/.env_airflow/lib/python3.9/site-packages/airflow/example_dags/example_external_task_marker_dag.py
[2022-08-29T12:46:30.547-0400] {processor.py:640} INFO - Processing file /home/augenz/PycharmProjects/airflow/.env_airflow/lib/python3.9/site-packages/airflow/example_dags/example_external_task_marker_dag.py for tasks to queue
[2022-08-29T12:46:30.548-0400] {logging_mixin.py:115} INFO - [2022-08-29T12:46:30.548-0400] {dagbag.py:508} INFO - Filling up the DagBag from /home/augenz/PycharmProjects/airflow/.env_airflow/lib/python3.9/site-packages/airflow/example_dags/example_external_task_marker_dag.py
[2022-08-29T12:46:30.554-0400] {processor.py:650} INFO - DAG(s) dict_keys(['example_external_task_marker_parent', 'example_external_task_marker_child']) retrieved from /home/augenz/PycharmProjects/airflow/.env_airflow/lib/python3.9/site-packages/airflow/example_dags/example_external_task_marker_dag.py
[2022-08-29T12:46:31.128-0400] {logging_mixin.py:115} INFO - [2022-08-29T12:46:31.127-0400] {dag.py:2429} INFO - Sync 2 DAGs
[2022-08-29T12:46:31.153-0400] {logging_mixin.py:115} INFO - [2022-08-29T12:46:31.153-0400] {dag.py:2977} INFO - Setting next_dagrun for example_external_task_marker_child to None, run_after=None
[2022-08-29T12:46:31.153-0400] {logging_mixin.py:115} INFO - [2022-08-29T12:46:31.153-0400] {dag.py:2977} INFO - Setting next_dagrun for example_external_task_marker_parent to None, run_after=None
[2022-08-29T12:46:31.199-0400] {processor.py:161} INFO - Processing /home/augenz/PycharmProjects/airflow/.env_airflow/lib/python3.9/site-packages/airflow/example_dags/example_external_task_marker_dag.py took 0.661 seconds
[2022-08-29T12:47:01.433-0400] {processor.py:153} INFO - Started process (PID=1404) to work on /home/augenz/PycharmProjects/airflow/.env_airflow/lib/python3.9/site-packages/airflow/example_dags/example_external_task_marker_dag.py
[2022-08-29T12:47:01.442-0400] {processor.py:640} INFO - Processing file /home/augenz/PycharmProjects/airflow/.env_airflow/lib/python3.9/site-packages/airflow/example_dags/example_external_task_marker_dag.py for tasks to queue
[2022-08-29T12:47:01.443-0400] {logging_mixin.py:115} INFO - [2022-08-29T12:47:01.443-0400] {dagbag.py:508} INFO - Filling up the DagBag from /home/augenz/PycharmProjects/airflow/.env_airflow/lib/python3.9/site-packages/airflow/example_dags/example_external_task_marker_dag.py
[2022-08-29T12:47:01.450-0400] {processor.py:650} INFO - DAG(s) dict_keys(['example_external_task_marker_parent', 'example_external_task_marker_child']) retrieved from /home/augenz/PycharmProjects/airflow/.env_airflow/lib/python3.9/site-packages/airflow/example_dags/example_external_task_marker_dag.py
[2022-08-29T12:47:02.011-0400] {logging_mixin.py:115} INFO - [2022-08-29T12:47:02.010-0400] {dag.py:2429} INFO - Sync 2 DAGs
[2022-08-29T12:47:02.037-0400] {logging_mixin.py:115} INFO - [2022-08-29T12:47:02.036-0400] {dag.py:2977} INFO - Setting next_dagrun for example_external_task_marker_child to None, run_after=None
[2022-08-29T12:47:02.037-0400] {logging_mixin.py:115} INFO - [2022-08-29T12:47:02.037-0400] {dag.py:2977} INFO - Setting next_dagrun for example_external_task_marker_parent to None, run_after=None
[2022-08-29T12:47:02.080-0400] {processor.py:161} INFO - Processing /home/augenz/PycharmProjects/airflow/.env_airflow/lib/python3.9/site-packages/airflow/example_dags/example_external_task_marker_dag.py took 0.651 seconds
[2022-08-29T12:47:32.156-0400] {processor.py:153} INFO - Started process (PID=1446) to work on /home/augenz/PycharmProjects/airflow/.env_airflow/lib/python3.9/site-packages/airflow/example_dags/example_external_task_marker_dag.py
[2022-08-29T12:47:32.157-0400] {processor.py:640} INFO - Processing file /home/augenz/PycharmProjects/airflow/.env_airflow/lib/python3.9/site-packages/airflow/example_dags/example_external_task_marker_dag.py for tasks to queue
[2022-08-29T12:47:32.159-0400] {logging_mixin.py:115} INFO - [2022-08-29T12:47:32.158-0400] {dagbag.py:508} INFO - Filling up the DagBag from /home/augenz/PycharmProjects/airflow/.env_airflow/lib/python3.9/site-packages/airflow/example_dags/example_external_task_marker_dag.py
[2022-08-29T12:47:32.164-0400] {processor.py:650} INFO - DAG(s) dict_keys(['example_external_task_marker_parent', 'example_external_task_marker_child']) retrieved from /home/augenz/PycharmProjects/airflow/.env_airflow/lib/python3.9/site-packages/airflow/example_dags/example_external_task_marker_dag.py
[2022-08-29T12:47:32.866-0400] {logging_mixin.py:115} INFO - [2022-08-29T12:47:32.866-0400] {dag.py:2429} INFO - Sync 2 DAGs
[2022-08-29T12:47:32.895-0400] {logging_mixin.py:115} INFO - [2022-08-29T12:47:32.895-0400] {dag.py:2977} INFO - Setting next_dagrun for example_external_task_marker_child to None, run_after=None
[2022-08-29T12:47:32.896-0400] {logging_mixin.py:115} INFO - [2022-08-29T12:47:32.896-0400] {dag.py:2977} INFO - Setting next_dagrun for example_external_task_marker_parent to None, run_after=None
[2022-08-29T12:47:32.936-0400] {processor.py:161} INFO - Processing /home/augenz/PycharmProjects/airflow/.env_airflow/lib/python3.9/site-packages/airflow/example_dags/example_external_task_marker_dag.py took 0.785 seconds
[2022-08-29T12:48:03.333-0400] {processor.py:153} INFO - Started process (PID=1479) to work on /home/augenz/PycharmProjects/airflow/.env_airflow/lib/python3.9/site-packages/airflow/example_dags/example_external_task_marker_dag.py
[2022-08-29T12:48:03.338-0400] {processor.py:640} INFO - Processing file /home/augenz/PycharmProjects/airflow/.env_airflow/lib/python3.9/site-packages/airflow/example_dags/example_external_task_marker_dag.py for tasks to queue
[2022-08-29T12:48:03.339-0400] {logging_mixin.py:115} INFO - [2022-08-29T12:48:03.339-0400] {dagbag.py:508} INFO - Filling up the DagBag from /home/augenz/PycharmProjects/airflow/.env_airflow/lib/python3.9/site-packages/airflow/example_dags/example_external_task_marker_dag.py
[2022-08-29T12:48:03.348-0400] {processor.py:650} INFO - DAG(s) dict_keys(['example_external_task_marker_parent', 'example_external_task_marker_child']) retrieved from /home/augenz/PycharmProjects/airflow/.env_airflow/lib/python3.9/site-packages/airflow/example_dags/example_external_task_marker_dag.py
[2022-08-29T12:48:03.935-0400] {logging_mixin.py:115} INFO - [2022-08-29T12:48:03.935-0400] {dag.py:2429} INFO - Sync 2 DAGs
[2022-08-29T12:48:03.962-0400] {logging_mixin.py:115} INFO - [2022-08-29T12:48:03.962-0400] {dag.py:2977} INFO - Setting next_dagrun for example_external_task_marker_child to None, run_after=None
[2022-08-29T12:48:03.962-0400] {logging_mixin.py:115} INFO - [2022-08-29T12:48:03.962-0400] {dag.py:2977} INFO - Setting next_dagrun for example_external_task_marker_parent to None, run_after=None
[2022-08-29T12:48:04.008-0400] {processor.py:161} INFO - Processing /home/augenz/PycharmProjects/airflow/.env_airflow/lib/python3.9/site-packages/airflow/example_dags/example_external_task_marker_dag.py took 0.680 seconds
[2022-08-29T12:48:34.765-0400] {processor.py:153} INFO - Started process (PID=1514) to work on /home/augenz/PycharmProjects/airflow/.env_airflow/lib/python3.9/site-packages/airflow/example_dags/example_external_task_marker_dag.py
[2022-08-29T12:48:34.770-0400] {processor.py:640} INFO - Processing file /home/augenz/PycharmProjects/airflow/.env_airflow/lib/python3.9/site-packages/airflow/example_dags/example_external_task_marker_dag.py for tasks to queue
[2022-08-29T12:48:34.771-0400] {logging_mixin.py:115} INFO - [2022-08-29T12:48:34.771-0400] {dagbag.py:508} INFO - Filling up the DagBag from /home/augenz/PycharmProjects/airflow/.env_airflow/lib/python3.9/site-packages/airflow/example_dags/example_external_task_marker_dag.py
[2022-08-29T12:48:34.780-0400] {processor.py:650} INFO - DAG(s) dict_keys(['example_external_task_marker_parent', 'example_external_task_marker_child']) retrieved from /home/augenz/PycharmProjects/airflow/.env_airflow/lib/python3.9/site-packages/airflow/example_dags/example_external_task_marker_dag.py
[2022-08-29T12:48:35.537-0400] {logging_mixin.py:115} INFO - [2022-08-29T12:48:35.536-0400] {dag.py:2429} INFO - Sync 2 DAGs
[2022-08-29T12:48:35.577-0400] {logging_mixin.py:115} INFO - [2022-08-29T12:48:35.577-0400] {dag.py:2977} INFO - Setting next_dagrun for example_external_task_marker_child to None, run_after=None
[2022-08-29T12:48:35.578-0400] {logging_mixin.py:115} INFO - [2022-08-29T12:48:35.578-0400] {dag.py:2977} INFO - Setting next_dagrun for example_external_task_marker_parent to None, run_after=None
[2022-08-29T12:48:35.621-0400] {processor.py:161} INFO - Processing /home/augenz/PycharmProjects/airflow/.env_airflow/lib/python3.9/site-packages/airflow/example_dags/example_external_task_marker_dag.py took 0.861 seconds
[2022-08-29T12:49:05.849-0400] {processor.py:153} INFO - Started process (PID=1548) to work on /home/augenz/PycharmProjects/airflow/.env_airflow/lib/python3.9/site-packages/airflow/example_dags/example_external_task_marker_dag.py
[2022-08-29T12:49:05.863-0400] {processor.py:640} INFO - Processing file /home/augenz/PycharmProjects/airflow/.env_airflow/lib/python3.9/site-packages/airflow/example_dags/example_external_task_marker_dag.py for tasks to queue
[2022-08-29T12:49:05.865-0400] {logging_mixin.py:115} INFO - [2022-08-29T12:49:05.864-0400] {dagbag.py:508} INFO - Filling up the DagBag from /home/augenz/PycharmProjects/airflow/.env_airflow/lib/python3.9/site-packages/airflow/example_dags/example_external_task_marker_dag.py
[2022-08-29T12:49:05.873-0400] {processor.py:650} INFO - DAG(s) dict_keys(['example_external_task_marker_parent', 'example_external_task_marker_child']) retrieved from /home/augenz/PycharmProjects/airflow/.env_airflow/lib/python3.9/site-packages/airflow/example_dags/example_external_task_marker_dag.py
[2022-08-29T12:49:06.498-0400] {logging_mixin.py:115} INFO - [2022-08-29T12:49:06.498-0400] {dag.py:2429} INFO - Sync 2 DAGs
[2022-08-29T12:49:06.527-0400] {logging_mixin.py:115} INFO - [2022-08-29T12:49:06.527-0400] {dag.py:2977} INFO - Setting next_dagrun for example_external_task_marker_child to None, run_after=None
[2022-08-29T12:49:06.527-0400] {logging_mixin.py:115} INFO - [2022-08-29T12:49:06.527-0400] {dag.py:2977} INFO - Setting next_dagrun for example_external_task_marker_parent to None, run_after=None
[2022-08-29T12:49:06.569-0400] {processor.py:161} INFO - Processing /home/augenz/PycharmProjects/airflow/.env_airflow/lib/python3.9/site-packages/airflow/example_dags/example_external_task_marker_dag.py took 0.726 seconds
[2022-08-29T12:49:37.141-0400] {processor.py:153} INFO - Started process (PID=1593) to work on /home/augenz/PycharmProjects/airflow/.env_airflow/lib/python3.9/site-packages/airflow/example_dags/example_external_task_marker_dag.py
[2022-08-29T12:49:37.157-0400] {processor.py:640} INFO - Processing file /home/augenz/PycharmProjects/airflow/.env_airflow/lib/python3.9/site-packages/airflow/example_dags/example_external_task_marker_dag.py for tasks to queue
[2022-08-29T12:49:37.159-0400] {logging_mixin.py:115} INFO - [2022-08-29T12:49:37.158-0400] {dagbag.py:508} INFO - Filling up the DagBag from /home/augenz/PycharmProjects/airflow/.env_airflow/lib/python3.9/site-packages/airflow/example_dags/example_external_task_marker_dag.py
[2022-08-29T12:49:37.170-0400] {processor.py:650} INFO - DAG(s) dict_keys(['example_external_task_marker_parent', 'example_external_task_marker_child']) retrieved from /home/augenz/PycharmProjects/airflow/.env_airflow/lib/python3.9/site-packages/airflow/example_dags/example_external_task_marker_dag.py
[2022-08-29T12:49:38.201-0400] {logging_mixin.py:115} INFO - [2022-08-29T12:49:38.201-0400] {dag.py:2429} INFO - Sync 2 DAGs
[2022-08-29T12:49:38.235-0400] {logging_mixin.py:115} INFO - [2022-08-29T12:49:38.235-0400] {dag.py:2977} INFO - Setting next_dagrun for example_external_task_marker_child to None, run_after=None
[2022-08-29T12:49:38.236-0400] {logging_mixin.py:115} INFO - [2022-08-29T12:49:38.236-0400] {dag.py:2977} INFO - Setting next_dagrun for example_external_task_marker_parent to None, run_after=None
[2022-08-29T12:49:38.289-0400] {processor.py:161} INFO - Processing /home/augenz/PycharmProjects/airflow/.env_airflow/lib/python3.9/site-packages/airflow/example_dags/example_external_task_marker_dag.py took 1.156 seconds
[2022-08-29T12:50:08.385-0400] {processor.py:153} INFO - Started process (PID=1627) to work on /home/augenz/PycharmProjects/airflow/.env_airflow/lib/python3.9/site-packages/airflow/example_dags/example_external_task_marker_dag.py
[2022-08-29T12:50:08.403-0400] {processor.py:640} INFO - Processing file /home/augenz/PycharmProjects/airflow/.env_airflow/lib/python3.9/site-packages/airflow/example_dags/example_external_task_marker_dag.py for tasks to queue
[2022-08-29T12:50:08.404-0400] {logging_mixin.py:115} INFO - [2022-08-29T12:50:08.404-0400] {dagbag.py:508} INFO - Filling up the DagBag from /home/augenz/PycharmProjects/airflow/.env_airflow/lib/python3.9/site-packages/airflow/example_dags/example_external_task_marker_dag.py
[2022-08-29T12:50:08.411-0400] {processor.py:650} INFO - DAG(s) dict_keys(['example_external_task_marker_parent', 'example_external_task_marker_child']) retrieved from /home/augenz/PycharmProjects/airflow/.env_airflow/lib/python3.9/site-packages/airflow/example_dags/example_external_task_marker_dag.py
[2022-08-29T12:50:08.979-0400] {logging_mixin.py:115} INFO - [2022-08-29T12:50:08.978-0400] {dag.py:2429} INFO - Sync 2 DAGs
[2022-08-29T12:50:09.006-0400] {logging_mixin.py:115} INFO - [2022-08-29T12:50:09.006-0400] {dag.py:2977} INFO - Setting next_dagrun for example_external_task_marker_child to None, run_after=None
[2022-08-29T12:50:09.007-0400] {logging_mixin.py:115} INFO - [2022-08-29T12:50:09.006-0400] {dag.py:2977} INFO - Setting next_dagrun for example_external_task_marker_parent to None, run_after=None
[2022-08-29T12:50:09.054-0400] {processor.py:161} INFO - Processing /home/augenz/PycharmProjects/airflow/.env_airflow/lib/python3.9/site-packages/airflow/example_dags/example_external_task_marker_dag.py took 0.673 seconds
[2022-08-29T12:50:39.149-0400] {processor.py:153} INFO - Started process (PID=1666) to work on /home/augenz/PycharmProjects/airflow/.env_airflow/lib/python3.9/site-packages/airflow/example_dags/example_external_task_marker_dag.py
[2022-08-29T12:50:39.151-0400] {processor.py:640} INFO - Processing file /home/augenz/PycharmProjects/airflow/.env_airflow/lib/python3.9/site-packages/airflow/example_dags/example_external_task_marker_dag.py for tasks to queue
[2022-08-29T12:50:39.152-0400] {logging_mixin.py:115} INFO - [2022-08-29T12:50:39.152-0400] {dagbag.py:508} INFO - Filling up the DagBag from /home/augenz/PycharmProjects/airflow/.env_airflow/lib/python3.9/site-packages/airflow/example_dags/example_external_task_marker_dag.py
[2022-08-29T12:50:39.157-0400] {processor.py:650} INFO - DAG(s) dict_keys(['example_external_task_marker_parent', 'example_external_task_marker_child']) retrieved from /home/augenz/PycharmProjects/airflow/.env_airflow/lib/python3.9/site-packages/airflow/example_dags/example_external_task_marker_dag.py
[2022-08-29T12:50:39.795-0400] {logging_mixin.py:115} INFO - [2022-08-29T12:50:39.794-0400] {dag.py:2429} INFO - Sync 2 DAGs
[2022-08-29T12:50:39.824-0400] {logging_mixin.py:115} INFO - [2022-08-29T12:50:39.824-0400] {dag.py:2977} INFO - Setting next_dagrun for example_external_task_marker_child to None, run_after=None
[2022-08-29T12:50:39.825-0400] {logging_mixin.py:115} INFO - [2022-08-29T12:50:39.825-0400] {dag.py:2977} INFO - Setting next_dagrun for example_external_task_marker_parent to None, run_after=None
[2022-08-29T12:50:39.858-0400] {processor.py:161} INFO - Processing /home/augenz/PycharmProjects/airflow/.env_airflow/lib/python3.9/site-packages/airflow/example_dags/example_external_task_marker_dag.py took 0.714 seconds
[2022-08-29T12:51:10.356-0400] {processor.py:153} INFO - Started process (PID=1700) to work on /home/augenz/PycharmProjects/airflow/.env_airflow/lib/python3.9/site-packages/airflow/example_dags/example_external_task_marker_dag.py
[2022-08-29T12:51:10.374-0400] {processor.py:640} INFO - Processing file /home/augenz/PycharmProjects/airflow/.env_airflow/lib/python3.9/site-packages/airflow/example_dags/example_external_task_marker_dag.py for tasks to queue
[2022-08-29T12:51:10.375-0400] {logging_mixin.py:115} INFO - [2022-08-29T12:51:10.375-0400] {dagbag.py:508} INFO - Filling up the DagBag from /home/augenz/PycharmProjects/airflow/.env_airflow/lib/python3.9/site-packages/airflow/example_dags/example_external_task_marker_dag.py
[2022-08-29T12:51:10.381-0400] {processor.py:650} INFO - DAG(s) dict_keys(['example_external_task_marker_parent', 'example_external_task_marker_child']) retrieved from /home/augenz/PycharmProjects/airflow/.env_airflow/lib/python3.9/site-packages/airflow/example_dags/example_external_task_marker_dag.py
[2022-08-29T12:51:10.957-0400] {logging_mixin.py:115} INFO - [2022-08-29T12:51:10.957-0400] {dag.py:2429} INFO - Sync 2 DAGs
[2022-08-29T12:51:10.984-0400] {logging_mixin.py:115} INFO - [2022-08-29T12:51:10.984-0400] {dag.py:2977} INFO - Setting next_dagrun for example_external_task_marker_child to None, run_after=None
[2022-08-29T12:51:10.985-0400] {logging_mixin.py:115} INFO - [2022-08-29T12:51:10.984-0400] {dag.py:2977} INFO - Setting next_dagrun for example_external_task_marker_parent to None, run_after=None
[2022-08-29T12:51:11.031-0400] {processor.py:161} INFO - Processing /home/augenz/PycharmProjects/airflow/.env_airflow/lib/python3.9/site-packages/airflow/example_dags/example_external_task_marker_dag.py took 0.680 seconds
[2022-08-29T12:51:41.489-0400] {processor.py:153} INFO - Started process (PID=1738) to work on /home/augenz/PycharmProjects/airflow/.env_airflow/lib/python3.9/site-packages/airflow/example_dags/example_external_task_marker_dag.py
[2022-08-29T12:51:41.492-0400] {processor.py:640} INFO - Processing file /home/augenz/PycharmProjects/airflow/.env_airflow/lib/python3.9/site-packages/airflow/example_dags/example_external_task_marker_dag.py for tasks to queue
[2022-08-29T12:51:41.493-0400] {logging_mixin.py:115} INFO - [2022-08-29T12:51:41.492-0400] {dagbag.py:508} INFO - Filling up the DagBag from /home/augenz/PycharmProjects/airflow/.env_airflow/lib/python3.9/site-packages/airflow/example_dags/example_external_task_marker_dag.py
[2022-08-29T12:51:41.499-0400] {processor.py:650} INFO - DAG(s) dict_keys(['example_external_task_marker_parent', 'example_external_task_marker_child']) retrieved from /home/augenz/PycharmProjects/airflow/.env_airflow/lib/python3.9/site-packages/airflow/example_dags/example_external_task_marker_dag.py
[2022-08-29T12:51:42.063-0400] {logging_mixin.py:115} INFO - [2022-08-29T12:51:42.063-0400] {dag.py:2429} INFO - Sync 2 DAGs
[2022-08-29T12:51:42.090-0400] {logging_mixin.py:115} INFO - [2022-08-29T12:51:42.090-0400] {dag.py:2977} INFO - Setting next_dagrun for example_external_task_marker_child to None, run_after=None
[2022-08-29T12:51:42.090-0400] {logging_mixin.py:115} INFO - [2022-08-29T12:51:42.090-0400] {dag.py:2977} INFO - Setting next_dagrun for example_external_task_marker_parent to None, run_after=None
[2022-08-29T12:51:42.153-0400] {processor.py:161} INFO - Processing /home/augenz/PycharmProjects/airflow/.env_airflow/lib/python3.9/site-packages/airflow/example_dags/example_external_task_marker_dag.py took 0.669 seconds
[2022-08-29T12:52:12.501-0400] {processor.py:153} INFO - Started process (PID=1772) to work on /home/augenz/PycharmProjects/airflow/.env_airflow/lib/python3.9/site-packages/airflow/example_dags/example_external_task_marker_dag.py
[2022-08-29T12:52:12.505-0400] {processor.py:640} INFO - Processing file /home/augenz/PycharmProjects/airflow/.env_airflow/lib/python3.9/site-packages/airflow/example_dags/example_external_task_marker_dag.py for tasks to queue
[2022-08-29T12:52:12.506-0400] {logging_mixin.py:115} INFO - [2022-08-29T12:52:12.506-0400] {dagbag.py:508} INFO - Filling up the DagBag from /home/augenz/PycharmProjects/airflow/.env_airflow/lib/python3.9/site-packages/airflow/example_dags/example_external_task_marker_dag.py
[2022-08-29T12:52:12.512-0400] {processor.py:650} INFO - DAG(s) dict_keys(['example_external_task_marker_parent', 'example_external_task_marker_child']) retrieved from /home/augenz/PycharmProjects/airflow/.env_airflow/lib/python3.9/site-packages/airflow/example_dags/example_external_task_marker_dag.py
[2022-08-29T12:52:13.075-0400] {logging_mixin.py:115} INFO - [2022-08-29T12:52:13.075-0400] {dag.py:2429} INFO - Sync 2 DAGs
[2022-08-29T12:52:13.102-0400] {logging_mixin.py:115} INFO - [2022-08-29T12:52:13.102-0400] {dag.py:2977} INFO - Setting next_dagrun for example_external_task_marker_child to None, run_after=None
[2022-08-29T12:52:13.102-0400] {logging_mixin.py:115} INFO - [2022-08-29T12:52:13.102-0400] {dag.py:2977} INFO - Setting next_dagrun for example_external_task_marker_parent to None, run_after=None
[2022-08-29T12:52:13.165-0400] {processor.py:161} INFO - Processing /home/augenz/PycharmProjects/airflow/.env_airflow/lib/python3.9/site-packages/airflow/example_dags/example_external_task_marker_dag.py took 0.670 seconds
[2022-08-29T12:52:43.205-0400] {processor.py:153} INFO - Started process (PID=1806) to work on /home/augenz/PycharmProjects/airflow/.env_airflow/lib/python3.9/site-packages/airflow/example_dags/example_external_task_marker_dag.py
[2022-08-29T12:52:43.208-0400] {processor.py:640} INFO - Processing file /home/augenz/PycharmProjects/airflow/.env_airflow/lib/python3.9/site-packages/airflow/example_dags/example_external_task_marker_dag.py for tasks to queue
[2022-08-29T12:52:43.209-0400] {logging_mixin.py:115} INFO - [2022-08-29T12:52:43.209-0400] {dagbag.py:508} INFO - Filling up the DagBag from /home/augenz/PycharmProjects/airflow/.env_airflow/lib/python3.9/site-packages/airflow/example_dags/example_external_task_marker_dag.py
[2022-08-29T12:52:43.215-0400] {processor.py:650} INFO - DAG(s) dict_keys(['example_external_task_marker_parent', 'example_external_task_marker_child']) retrieved from /home/augenz/PycharmProjects/airflow/.env_airflow/lib/python3.9/site-packages/airflow/example_dags/example_external_task_marker_dag.py
[2022-08-29T12:52:43.776-0400] {logging_mixin.py:115} INFO - [2022-08-29T12:52:43.776-0400] {dag.py:2429} INFO - Sync 2 DAGs
[2022-08-29T12:52:43.803-0400] {logging_mixin.py:115} INFO - [2022-08-29T12:52:43.803-0400] {dag.py:2977} INFO - Setting next_dagrun for example_external_task_marker_child to None, run_after=None
[2022-08-29T12:52:43.803-0400] {logging_mixin.py:115} INFO - [2022-08-29T12:52:43.803-0400] {dag.py:2977} INFO - Setting next_dagrun for example_external_task_marker_parent to None, run_after=None
[2022-08-29T12:52:43.855-0400] {processor.py:161} INFO - Processing /home/augenz/PycharmProjects/airflow/.env_airflow/lib/python3.9/site-packages/airflow/example_dags/example_external_task_marker_dag.py took 0.656 seconds
[2022-08-29T12:53:14.238-0400] {processor.py:153} INFO - Started process (PID=1843) to work on /home/augenz/PycharmProjects/airflow/.env_airflow/lib/python3.9/site-packages/airflow/example_dags/example_external_task_marker_dag.py
[2022-08-29T12:53:14.242-0400] {processor.py:640} INFO - Processing file /home/augenz/PycharmProjects/airflow/.env_airflow/lib/python3.9/site-packages/airflow/example_dags/example_external_task_marker_dag.py for tasks to queue
[2022-08-29T12:53:14.243-0400] {logging_mixin.py:115} INFO - [2022-08-29T12:53:14.242-0400] {dagbag.py:508} INFO - Filling up the DagBag from /home/augenz/PycharmProjects/airflow/.env_airflow/lib/python3.9/site-packages/airflow/example_dags/example_external_task_marker_dag.py
[2022-08-29T12:53:14.249-0400] {processor.py:650} INFO - DAG(s) dict_keys(['example_external_task_marker_parent', 'example_external_task_marker_child']) retrieved from /home/augenz/PycharmProjects/airflow/.env_airflow/lib/python3.9/site-packages/airflow/example_dags/example_external_task_marker_dag.py
[2022-08-29T12:53:14.805-0400] {logging_mixin.py:115} INFO - [2022-08-29T12:53:14.804-0400] {dag.py:2429} INFO - Sync 2 DAGs
[2022-08-29T12:53:14.834-0400] {logging_mixin.py:115} INFO - [2022-08-29T12:53:14.833-0400] {dag.py:2977} INFO - Setting next_dagrun for example_external_task_marker_child to None, run_after=None
[2022-08-29T12:53:14.834-0400] {logging_mixin.py:115} INFO - [2022-08-29T12:53:14.834-0400] {dag.py:2977} INFO - Setting next_dagrun for example_external_task_marker_parent to None, run_after=None
[2022-08-29T12:53:14.901-0400] {processor.py:161} INFO - Processing /home/augenz/PycharmProjects/airflow/.env_airflow/lib/python3.9/site-packages/airflow/example_dags/example_external_task_marker_dag.py took 0.670 seconds
[2022-08-29T12:53:44.999-0400] {processor.py:153} INFO - Started process (PID=1882) to work on /home/augenz/PycharmProjects/airflow/.env_airflow/lib/python3.9/site-packages/airflow/example_dags/example_external_task_marker_dag.py
[2022-08-29T12:53:45.017-0400] {processor.py:640} INFO - Processing file /home/augenz/PycharmProjects/airflow/.env_airflow/lib/python3.9/site-packages/airflow/example_dags/example_external_task_marker_dag.py for tasks to queue
[2022-08-29T12:53:45.018-0400] {logging_mixin.py:115} INFO - [2022-08-29T12:53:45.018-0400] {dagbag.py:508} INFO - Filling up the DagBag from /home/augenz/PycharmProjects/airflow/.env_airflow/lib/python3.9/site-packages/airflow/example_dags/example_external_task_marker_dag.py
[2022-08-29T12:53:45.032-0400] {processor.py:650} INFO - DAG(s) dict_keys(['example_external_task_marker_parent', 'example_external_task_marker_child']) retrieved from /home/augenz/PycharmProjects/airflow/.env_airflow/lib/python3.9/site-packages/airflow/example_dags/example_external_task_marker_dag.py
[2022-08-29T12:53:46.107-0400] {logging_mixin.py:115} INFO - [2022-08-29T12:53:46.107-0400] {dag.py:2429} INFO - Sync 2 DAGs
[2022-08-29T12:53:46.139-0400] {logging_mixin.py:115} INFO - [2022-08-29T12:53:46.138-0400] {dag.py:2977} INFO - Setting next_dagrun for example_external_task_marker_child to None, run_after=None
[2022-08-29T12:53:46.139-0400] {logging_mixin.py:115} INFO - [2022-08-29T12:53:46.139-0400] {dag.py:2977} INFO - Setting next_dagrun for example_external_task_marker_parent to None, run_after=None
[2022-08-29T12:53:46.180-0400] {processor.py:161} INFO - Processing /home/augenz/PycharmProjects/airflow/.env_airflow/lib/python3.9/site-packages/airflow/example_dags/example_external_task_marker_dag.py took 1.192 seconds
