[2022-08-29T12:33:14.893-0400] {processor.py:153} INFO - Started process (PID=374) to work on /home/augenz/PycharmProjects/airflow/.env_airflow/lib/python3.9/site-packages/airflow/example_dags/example_time_delta_sensor_async.py
[2022-08-29T12:33:14.894-0400] {processor.py:640} INFO - Processing file /home/augenz/PycharmProjects/airflow/.env_airflow/lib/python3.9/site-packages/airflow/example_dags/example_time_delta_sensor_async.py for tasks to queue
[2022-08-29T12:33:14.895-0400] {logging_mixin.py:115} INFO - [2022-08-29T12:33:14.895-0400] {dagbag.py:508} INFO - Filling up the DagBag from /home/augenz/PycharmProjects/airflow/.env_airflow/lib/python3.9/site-packages/airflow/example_dags/example_time_delta_sensor_async.py
[2022-08-29T12:33:14.905-0400] {processor.py:650} INFO - DAG(s) dict_keys(['example_time_delta_sensor_async']) retrieved from /home/augenz/PycharmProjects/airflow/.env_airflow/lib/python3.9/site-packages/airflow/example_dags/example_time_delta_sensor_async.py
[2022-08-29T12:33:15.174-0400] {logging_mixin.py:115} INFO - [2022-08-29T12:33:15.174-0400] {manager.py:508} INFO - Created Permission View: can delete on DAG:example_time_delta_sensor_async
[2022-08-29T12:33:15.208-0400] {logging_mixin.py:115} INFO - [2022-08-29T12:33:15.208-0400] {manager.py:508} INFO - Created Permission View: can read on DAG:example_time_delta_sensor_async
[2022-08-29T12:33:15.283-0400] {logging_mixin.py:115} INFO - [2022-08-29T12:33:15.283-0400] {manager.py:508} INFO - Created Permission View: can edit on DAG:example_time_delta_sensor_async
[2022-08-29T12:33:15.284-0400] {logging_mixin.py:115} INFO - [2022-08-29T12:33:15.284-0400] {dag.py:2429} INFO - Sync 1 DAGs
[2022-08-29T12:33:15.305-0400] {logging_mixin.py:115} INFO - [2022-08-29T12:33:15.305-0400] {dag.py:2448} INFO - Creating ORM DAG for example_time_delta_sensor_async
[2022-08-29T12:33:15.330-0400] {logging_mixin.py:115} INFO - [2022-08-29T12:33:15.329-0400] {dag.py:2977} INFO - Setting next_dagrun for example_time_delta_sensor_async to None, run_after=None
[2022-08-29T12:33:15.384-0400] {processor.py:161} INFO - Processing /home/augenz/PycharmProjects/airflow/.env_airflow/lib/python3.9/site-packages/airflow/example_dags/example_time_delta_sensor_async.py took 0.495 seconds
[2022-08-29T12:33:45.533-0400] {processor.py:153} INFO - Started process (PID=414) to work on /home/augenz/PycharmProjects/airflow/.env_airflow/lib/python3.9/site-packages/airflow/example_dags/example_time_delta_sensor_async.py
[2022-08-29T12:33:45.535-0400] {processor.py:640} INFO - Processing file /home/augenz/PycharmProjects/airflow/.env_airflow/lib/python3.9/site-packages/airflow/example_dags/example_time_delta_sensor_async.py for tasks to queue
[2022-08-29T12:33:45.536-0400] {logging_mixin.py:115} INFO - [2022-08-29T12:33:45.536-0400] {dagbag.py:508} INFO - Filling up the DagBag from /home/augenz/PycharmProjects/airflow/.env_airflow/lib/python3.9/site-packages/airflow/example_dags/example_time_delta_sensor_async.py
[2022-08-29T12:33:45.544-0400] {processor.py:650} INFO - DAG(s) dict_keys(['example_time_delta_sensor_async']) retrieved from /home/augenz/PycharmProjects/airflow/.env_airflow/lib/python3.9/site-packages/airflow/example_dags/example_time_delta_sensor_async.py
[2022-08-29T12:33:45.718-0400] {logging_mixin.py:115} INFO - [2022-08-29T12:33:45.718-0400] {dag.py:2429} INFO - Sync 1 DAGs
[2022-08-29T12:33:45.749-0400] {logging_mixin.py:115} INFO - [2022-08-29T12:33:45.748-0400] {dag.py:2977} INFO - Setting next_dagrun for example_time_delta_sensor_async to None, run_after=None
[2022-08-29T12:33:45.796-0400] {processor.py:161} INFO - Processing /home/augenz/PycharmProjects/airflow/.env_airflow/lib/python3.9/site-packages/airflow/example_dags/example_time_delta_sensor_async.py took 0.267 seconds
[2022-08-29T12:34:15.901-0400] {processor.py:153} INFO - Started process (PID=449) to work on /home/augenz/PycharmProjects/airflow/.env_airflow/lib/python3.9/site-packages/airflow/example_dags/example_time_delta_sensor_async.py
[2022-08-29T12:34:15.908-0400] {processor.py:640} INFO - Processing file /home/augenz/PycharmProjects/airflow/.env_airflow/lib/python3.9/site-packages/airflow/example_dags/example_time_delta_sensor_async.py for tasks to queue
[2022-08-29T12:34:15.909-0400] {logging_mixin.py:115} INFO - [2022-08-29T12:34:15.909-0400] {dagbag.py:508} INFO - Filling up the DagBag from /home/augenz/PycharmProjects/airflow/.env_airflow/lib/python3.9/site-packages/airflow/example_dags/example_time_delta_sensor_async.py
[2022-08-29T12:34:15.928-0400] {processor.py:650} INFO - DAG(s) dict_keys(['example_time_delta_sensor_async']) retrieved from /home/augenz/PycharmProjects/airflow/.env_airflow/lib/python3.9/site-packages/airflow/example_dags/example_time_delta_sensor_async.py
[2022-08-29T12:34:16.263-0400] {logging_mixin.py:115} INFO - [2022-08-29T12:34:16.262-0400] {dag.py:2429} INFO - Sync 1 DAGs
[2022-08-29T12:34:16.316-0400] {logging_mixin.py:115} INFO - [2022-08-29T12:34:16.315-0400] {dag.py:2977} INFO - Setting next_dagrun for example_time_delta_sensor_async to None, run_after=None
[2022-08-29T12:34:16.367-0400] {processor.py:161} INFO - Processing /home/augenz/PycharmProjects/airflow/.env_airflow/lib/python3.9/site-packages/airflow/example_dags/example_time_delta_sensor_async.py took 0.472 seconds
[2022-08-29T12:34:46.490-0400] {processor.py:153} INFO - Started process (PID=484) to work on /home/augenz/PycharmProjects/airflow/.env_airflow/lib/python3.9/site-packages/airflow/example_dags/example_time_delta_sensor_async.py
[2022-08-29T12:34:46.494-0400] {processor.py:640} INFO - Processing file /home/augenz/PycharmProjects/airflow/.env_airflow/lib/python3.9/site-packages/airflow/example_dags/example_time_delta_sensor_async.py for tasks to queue
[2022-08-29T12:34:46.496-0400] {logging_mixin.py:115} INFO - [2022-08-29T12:34:46.495-0400] {dagbag.py:508} INFO - Filling up the DagBag from /home/augenz/PycharmProjects/airflow/.env_airflow/lib/python3.9/site-packages/airflow/example_dags/example_time_delta_sensor_async.py
[2022-08-29T12:34:46.506-0400] {processor.py:650} INFO - DAG(s) dict_keys(['example_time_delta_sensor_async']) retrieved from /home/augenz/PycharmProjects/airflow/.env_airflow/lib/python3.9/site-packages/airflow/example_dags/example_time_delta_sensor_async.py
[2022-08-29T12:34:46.802-0400] {logging_mixin.py:115} INFO - [2022-08-29T12:34:46.801-0400] {dag.py:2429} INFO - Sync 1 DAGs
[2022-08-29T12:34:46.842-0400] {logging_mixin.py:115} INFO - [2022-08-29T12:34:46.842-0400] {dag.py:2977} INFO - Setting next_dagrun for example_time_delta_sensor_async to None, run_after=None
[2022-08-29T12:34:46.883-0400] {processor.py:161} INFO - Processing /home/augenz/PycharmProjects/airflow/.env_airflow/lib/python3.9/site-packages/airflow/example_dags/example_time_delta_sensor_async.py took 0.400 seconds
[2022-08-29T12:35:17.489-0400] {processor.py:153} INFO - Started process (PID=540) to work on /home/augenz/PycharmProjects/airflow/.env_airflow/lib/python3.9/site-packages/airflow/example_dags/example_time_delta_sensor_async.py
[2022-08-29T12:35:17.508-0400] {processor.py:640} INFO - Processing file /home/augenz/PycharmProjects/airflow/.env_airflow/lib/python3.9/site-packages/airflow/example_dags/example_time_delta_sensor_async.py for tasks to queue
[2022-08-29T12:35:17.509-0400] {logging_mixin.py:115} INFO - [2022-08-29T12:35:17.508-0400] {dagbag.py:508} INFO - Filling up the DagBag from /home/augenz/PycharmProjects/airflow/.env_airflow/lib/python3.9/site-packages/airflow/example_dags/example_time_delta_sensor_async.py
[2022-08-29T12:35:17.515-0400] {processor.py:650} INFO - DAG(s) dict_keys(['example_time_delta_sensor_async']) retrieved from /home/augenz/PycharmProjects/airflow/.env_airflow/lib/python3.9/site-packages/airflow/example_dags/example_time_delta_sensor_async.py
[2022-08-29T12:35:17.711-0400] {logging_mixin.py:115} INFO - [2022-08-29T12:35:17.710-0400] {dag.py:2429} INFO - Sync 1 DAGs
[2022-08-29T12:35:17.754-0400] {logging_mixin.py:115} INFO - [2022-08-29T12:35:17.753-0400] {dag.py:2977} INFO - Setting next_dagrun for example_time_delta_sensor_async to None, run_after=None
[2022-08-29T12:35:17.793-0400] {processor.py:161} INFO - Processing /home/augenz/PycharmProjects/airflow/.env_airflow/lib/python3.9/site-packages/airflow/example_dags/example_time_delta_sensor_async.py took 0.310 seconds
[2022-08-29T12:35:49.171-0400] {processor.py:153} INFO - Started process (PID=584) to work on /home/augenz/PycharmProjects/airflow/.env_airflow/lib/python3.9/site-packages/airflow/example_dags/example_time_delta_sensor_async.py
[2022-08-29T12:35:49.191-0400] {processor.py:640} INFO - Processing file /home/augenz/PycharmProjects/airflow/.env_airflow/lib/python3.9/site-packages/airflow/example_dags/example_time_delta_sensor_async.py for tasks to queue
[2022-08-29T12:35:49.191-0400] {logging_mixin.py:115} INFO - [2022-08-29T12:35:49.191-0400] {dagbag.py:508} INFO - Filling up the DagBag from /home/augenz/PycharmProjects/airflow/.env_airflow/lib/python3.9/site-packages/airflow/example_dags/example_time_delta_sensor_async.py
[2022-08-29T12:35:49.198-0400] {processor.py:650} INFO - DAG(s) dict_keys(['example_time_delta_sensor_async']) retrieved from /home/augenz/PycharmProjects/airflow/.env_airflow/lib/python3.9/site-packages/airflow/example_dags/example_time_delta_sensor_async.py
[2022-08-29T12:35:49.945-0400] {logging_mixin.py:115} INFO - [2022-08-29T12:35:49.944-0400] {dag.py:2429} INFO - Sync 1 DAGs
[2022-08-29T12:35:49.973-0400] {logging_mixin.py:115} INFO - [2022-08-29T12:35:49.973-0400] {dag.py:2977} INFO - Setting next_dagrun for example_time_delta_sensor_async to None, run_after=None
[2022-08-29T12:35:50.014-0400] {processor.py:161} INFO - Processing /home/augenz/PycharmProjects/airflow/.env_airflow/lib/python3.9/site-packages/airflow/example_dags/example_time_delta_sensor_async.py took 0.847 seconds
[2022-08-29T12:36:20.240-0400] {processor.py:153} INFO - Started process (PID=618) to work on /home/augenz/PycharmProjects/airflow/.env_airflow/lib/python3.9/site-packages/airflow/example_dags/example_time_delta_sensor_async.py
[2022-08-29T12:36:20.244-0400] {processor.py:640} INFO - Processing file /home/augenz/PycharmProjects/airflow/.env_airflow/lib/python3.9/site-packages/airflow/example_dags/example_time_delta_sensor_async.py for tasks to queue
[2022-08-29T12:36:20.244-0400] {logging_mixin.py:115} INFO - [2022-08-29T12:36:20.244-0400] {dagbag.py:508} INFO - Filling up the DagBag from /home/augenz/PycharmProjects/airflow/.env_airflow/lib/python3.9/site-packages/airflow/example_dags/example_time_delta_sensor_async.py
[2022-08-29T12:36:20.250-0400] {processor.py:650} INFO - DAG(s) dict_keys(['example_time_delta_sensor_async']) retrieved from /home/augenz/PycharmProjects/airflow/.env_airflow/lib/python3.9/site-packages/airflow/example_dags/example_time_delta_sensor_async.py
[2022-08-29T12:36:21.067-0400] {logging_mixin.py:115} INFO - [2022-08-29T12:36:21.066-0400] {dag.py:2429} INFO - Sync 1 DAGs
[2022-08-29T12:36:21.093-0400] {logging_mixin.py:115} INFO - [2022-08-29T12:36:21.093-0400] {dag.py:2977} INFO - Setting next_dagrun for example_time_delta_sensor_async to None, run_after=None
[2022-08-29T12:36:21.126-0400] {processor.py:161} INFO - Processing /home/augenz/PycharmProjects/airflow/.env_airflow/lib/python3.9/site-packages/airflow/example_dags/example_time_delta_sensor_async.py took 0.890 seconds
[2022-08-29T12:36:51.456-0400] {processor.py:153} INFO - Started process (PID=654) to work on /home/augenz/PycharmProjects/airflow/.env_airflow/lib/python3.9/site-packages/airflow/example_dags/example_time_delta_sensor_async.py
[2022-08-29T12:36:51.459-0400] {processor.py:640} INFO - Processing file /home/augenz/PycharmProjects/airflow/.env_airflow/lib/python3.9/site-packages/airflow/example_dags/example_time_delta_sensor_async.py for tasks to queue
[2022-08-29T12:36:51.460-0400] {logging_mixin.py:115} INFO - [2022-08-29T12:36:51.460-0400] {dagbag.py:508} INFO - Filling up the DagBag from /home/augenz/PycharmProjects/airflow/.env_airflow/lib/python3.9/site-packages/airflow/example_dags/example_time_delta_sensor_async.py
[2022-08-29T12:36:51.467-0400] {processor.py:650} INFO - DAG(s) dict_keys(['example_time_delta_sensor_async']) retrieved from /home/augenz/PycharmProjects/airflow/.env_airflow/lib/python3.9/site-packages/airflow/example_dags/example_time_delta_sensor_async.py
[2022-08-29T12:36:52.206-0400] {logging_mixin.py:115} INFO - [2022-08-29T12:36:52.206-0400] {dag.py:2429} INFO - Sync 1 DAGs
[2022-08-29T12:36:52.248-0400] {logging_mixin.py:115} INFO - [2022-08-29T12:36:52.247-0400] {dag.py:2977} INFO - Setting next_dagrun for example_time_delta_sensor_async to None, run_after=None
[2022-08-29T12:36:52.299-0400] {processor.py:161} INFO - Processing /home/augenz/PycharmProjects/airflow/.env_airflow/lib/python3.9/site-packages/airflow/example_dags/example_time_delta_sensor_async.py took 0.847 seconds
[2022-08-29T12:37:25.179-0400] {processor.py:153} INFO - Started process (PID=709) to work on /home/augenz/PycharmProjects/airflow/.env_airflow/lib/python3.9/site-packages/airflow/example_dags/example_time_delta_sensor_async.py
[2022-08-29T12:37:25.184-0400] {processor.py:640} INFO - Processing file /home/augenz/PycharmProjects/airflow/.env_airflow/lib/python3.9/site-packages/airflow/example_dags/example_time_delta_sensor_async.py for tasks to queue
[2022-08-29T12:37:25.186-0400] {logging_mixin.py:115} INFO - [2022-08-29T12:37:25.185-0400] {dagbag.py:508} INFO - Filling up the DagBag from /home/augenz/PycharmProjects/airflow/.env_airflow/lib/python3.9/site-packages/airflow/example_dags/example_time_delta_sensor_async.py
[2022-08-29T12:37:25.207-0400] {processor.py:650} INFO - DAG(s) dict_keys(['example_time_delta_sensor_async']) retrieved from /home/augenz/PycharmProjects/airflow/.env_airflow/lib/python3.9/site-packages/airflow/example_dags/example_time_delta_sensor_async.py
[2022-08-29T12:37:26.949-0400] {logging_mixin.py:115} INFO - [2022-08-29T12:37:26.948-0400] {dag.py:2429} INFO - Sync 1 DAGs
[2022-08-29T12:37:27.001-0400] {logging_mixin.py:115} INFO - [2022-08-29T12:37:27.000-0400] {dag.py:2977} INFO - Setting next_dagrun for example_time_delta_sensor_async to None, run_after=None
[2022-08-29T12:37:27.053-0400] {processor.py:161} INFO - Processing /home/augenz/PycharmProjects/airflow/.env_airflow/lib/python3.9/site-packages/airflow/example_dags/example_time_delta_sensor_async.py took 1.890 seconds
[2022-08-29T12:37:58.238-0400] {processor.py:153} INFO - Started process (PID=757) to work on /home/augenz/PycharmProjects/airflow/.env_airflow/lib/python3.9/site-packages/airflow/example_dags/example_time_delta_sensor_async.py
[2022-08-29T12:37:58.269-0400] {processor.py:640} INFO - Processing file /home/augenz/PycharmProjects/airflow/.env_airflow/lib/python3.9/site-packages/airflow/example_dags/example_time_delta_sensor_async.py for tasks to queue
[2022-08-29T12:37:58.271-0400] {logging_mixin.py:115} INFO - [2022-08-29T12:37:58.270-0400] {dagbag.py:508} INFO - Filling up the DagBag from /home/augenz/PycharmProjects/airflow/.env_airflow/lib/python3.9/site-packages/airflow/example_dags/example_time_delta_sensor_async.py
[2022-08-29T12:37:58.286-0400] {processor.py:650} INFO - DAG(s) dict_keys(['example_time_delta_sensor_async']) retrieved from /home/augenz/PycharmProjects/airflow/.env_airflow/lib/python3.9/site-packages/airflow/example_dags/example_time_delta_sensor_async.py
[2022-08-29T12:37:59.843-0400] {logging_mixin.py:115} INFO - [2022-08-29T12:37:59.842-0400] {dag.py:2429} INFO - Sync 1 DAGs
[2022-08-29T12:37:59.904-0400] {logging_mixin.py:115} INFO - [2022-08-29T12:37:59.903-0400] {dag.py:2977} INFO - Setting next_dagrun for example_time_delta_sensor_async to None, run_after=None
[2022-08-29T12:37:59.973-0400] {processor.py:161} INFO - Processing /home/augenz/PycharmProjects/airflow/.env_airflow/lib/python3.9/site-packages/airflow/example_dags/example_time_delta_sensor_async.py took 1.746 seconds
[2022-08-29T12:38:30.042-0400] {processor.py:153} INFO - Started process (PID=808) to work on /home/augenz/PycharmProjects/airflow/.env_airflow/lib/python3.9/site-packages/airflow/example_dags/example_time_delta_sensor_async.py
[2022-08-29T12:38:30.046-0400] {processor.py:640} INFO - Processing file /home/augenz/PycharmProjects/airflow/.env_airflow/lib/python3.9/site-packages/airflow/example_dags/example_time_delta_sensor_async.py for tasks to queue
[2022-08-29T12:38:30.047-0400] {logging_mixin.py:115} INFO - [2022-08-29T12:38:30.047-0400] {dagbag.py:508} INFO - Filling up the DagBag from /home/augenz/PycharmProjects/airflow/.env_airflow/lib/python3.9/site-packages/airflow/example_dags/example_time_delta_sensor_async.py
[2022-08-29T12:38:30.067-0400] {processor.py:650} INFO - DAG(s) dict_keys(['example_time_delta_sensor_async']) retrieved from /home/augenz/PycharmProjects/airflow/.env_airflow/lib/python3.9/site-packages/airflow/example_dags/example_time_delta_sensor_async.py
[2022-08-29T12:38:31.743-0400] {logging_mixin.py:115} INFO - [2022-08-29T12:38:31.742-0400] {dag.py:2429} INFO - Sync 1 DAGs
[2022-08-29T12:38:31.818-0400] {logging_mixin.py:115} INFO - [2022-08-29T12:38:31.817-0400] {dag.py:2977} INFO - Setting next_dagrun for example_time_delta_sensor_async to None, run_after=None
[2022-08-29T12:38:31.870-0400] {processor.py:161} INFO - Processing /home/augenz/PycharmProjects/airflow/.env_airflow/lib/python3.9/site-packages/airflow/example_dags/example_time_delta_sensor_async.py took 1.835 seconds
[2022-08-29T12:39:02.234-0400] {processor.py:153} INFO - Started process (PID=842) to work on /home/augenz/PycharmProjects/airflow/.env_airflow/lib/python3.9/site-packages/airflow/example_dags/example_time_delta_sensor_async.py
[2022-08-29T12:39:02.239-0400] {processor.py:640} INFO - Processing file /home/augenz/PycharmProjects/airflow/.env_airflow/lib/python3.9/site-packages/airflow/example_dags/example_time_delta_sensor_async.py for tasks to queue
[2022-08-29T12:39:02.240-0400] {logging_mixin.py:115} INFO - [2022-08-29T12:39:02.240-0400] {dagbag.py:508} INFO - Filling up the DagBag from /home/augenz/PycharmProjects/airflow/.env_airflow/lib/python3.9/site-packages/airflow/example_dags/example_time_delta_sensor_async.py
[2022-08-29T12:39:02.249-0400] {processor.py:650} INFO - DAG(s) dict_keys(['example_time_delta_sensor_async']) retrieved from /home/augenz/PycharmProjects/airflow/.env_airflow/lib/python3.9/site-packages/airflow/example_dags/example_time_delta_sensor_async.py
[2022-08-29T12:39:02.865-0400] {logging_mixin.py:115} INFO - [2022-08-29T12:39:02.865-0400] {dag.py:2429} INFO - Sync 1 DAGs
[2022-08-29T12:39:02.893-0400] {logging_mixin.py:115} INFO - [2022-08-29T12:39:02.892-0400] {dag.py:2977} INFO - Setting next_dagrun for example_time_delta_sensor_async to None, run_after=None
[2022-08-29T12:39:02.931-0400] {processor.py:161} INFO - Processing /home/augenz/PycharmProjects/airflow/.env_airflow/lib/python3.9/site-packages/airflow/example_dags/example_time_delta_sensor_async.py took 0.700 seconds
[2022-08-29T12:39:33.316-0400] {processor.py:153} INFO - Started process (PID=877) to work on /home/augenz/PycharmProjects/airflow/.env_airflow/lib/python3.9/site-packages/airflow/example_dags/example_time_delta_sensor_async.py
[2022-08-29T12:39:33.319-0400] {processor.py:640} INFO - Processing file /home/augenz/PycharmProjects/airflow/.env_airflow/lib/python3.9/site-packages/airflow/example_dags/example_time_delta_sensor_async.py for tasks to queue
[2022-08-29T12:39:33.319-0400] {logging_mixin.py:115} INFO - [2022-08-29T12:39:33.319-0400] {dagbag.py:508} INFO - Filling up the DagBag from /home/augenz/PycharmProjects/airflow/.env_airflow/lib/python3.9/site-packages/airflow/example_dags/example_time_delta_sensor_async.py
[2022-08-29T12:39:33.326-0400] {processor.py:650} INFO - DAG(s) dict_keys(['example_time_delta_sensor_async']) retrieved from /home/augenz/PycharmProjects/airflow/.env_airflow/lib/python3.9/site-packages/airflow/example_dags/example_time_delta_sensor_async.py
[2022-08-29T12:39:33.899-0400] {logging_mixin.py:115} INFO - [2022-08-29T12:39:33.898-0400] {dag.py:2429} INFO - Sync 1 DAGs
[2022-08-29T12:39:33.926-0400] {logging_mixin.py:115} INFO - [2022-08-29T12:39:33.926-0400] {dag.py:2977} INFO - Setting next_dagrun for example_time_delta_sensor_async to None, run_after=None
[2022-08-29T12:39:33.961-0400] {processor.py:161} INFO - Processing /home/augenz/PycharmProjects/airflow/.env_airflow/lib/python3.9/site-packages/airflow/example_dags/example_time_delta_sensor_async.py took 0.649 seconds
[2022-08-29T12:40:04.093-0400] {processor.py:153} INFO - Started process (PID=916) to work on /home/augenz/PycharmProjects/airflow/.env_airflow/lib/python3.9/site-packages/airflow/example_dags/example_time_delta_sensor_async.py
[2022-08-29T12:40:04.095-0400] {processor.py:640} INFO - Processing file /home/augenz/PycharmProjects/airflow/.env_airflow/lib/python3.9/site-packages/airflow/example_dags/example_time_delta_sensor_async.py for tasks to queue
[2022-08-29T12:40:04.096-0400] {logging_mixin.py:115} INFO - [2022-08-29T12:40:04.096-0400] {dagbag.py:508} INFO - Filling up the DagBag from /home/augenz/PycharmProjects/airflow/.env_airflow/lib/python3.9/site-packages/airflow/example_dags/example_time_delta_sensor_async.py
[2022-08-29T12:40:04.103-0400] {processor.py:650} INFO - DAG(s) dict_keys(['example_time_delta_sensor_async']) retrieved from /home/augenz/PycharmProjects/airflow/.env_airflow/lib/python3.9/site-packages/airflow/example_dags/example_time_delta_sensor_async.py
[2022-08-29T12:40:04.647-0400] {logging_mixin.py:115} INFO - [2022-08-29T12:40:04.647-0400] {dag.py:2429} INFO - Sync 1 DAGs
[2022-08-29T12:40:04.672-0400] {logging_mixin.py:115} INFO - [2022-08-29T12:40:04.672-0400] {dag.py:2977} INFO - Setting next_dagrun for example_time_delta_sensor_async to None, run_after=None
[2022-08-29T12:40:04.717-0400] {processor.py:161} INFO - Processing /home/augenz/PycharmProjects/airflow/.env_airflow/lib/python3.9/site-packages/airflow/example_dags/example_time_delta_sensor_async.py took 0.629 seconds
[2022-08-29T12:40:34.766-0400] {processor.py:153} INFO - Started process (PID=951) to work on /home/augenz/PycharmProjects/airflow/.env_airflow/lib/python3.9/site-packages/airflow/example_dags/example_time_delta_sensor_async.py
[2022-08-29T12:40:34.770-0400] {processor.py:640} INFO - Processing file /home/augenz/PycharmProjects/airflow/.env_airflow/lib/python3.9/site-packages/airflow/example_dags/example_time_delta_sensor_async.py for tasks to queue
[2022-08-29T12:40:34.770-0400] {logging_mixin.py:115} INFO - [2022-08-29T12:40:34.770-0400] {dagbag.py:508} INFO - Filling up the DagBag from /home/augenz/PycharmProjects/airflow/.env_airflow/lib/python3.9/site-packages/airflow/example_dags/example_time_delta_sensor_async.py
[2022-08-29T12:40:34.776-0400] {processor.py:650} INFO - DAG(s) dict_keys(['example_time_delta_sensor_async']) retrieved from /home/augenz/PycharmProjects/airflow/.env_airflow/lib/python3.9/site-packages/airflow/example_dags/example_time_delta_sensor_async.py
[2022-08-29T12:40:35.402-0400] {logging_mixin.py:115} INFO - [2022-08-29T12:40:35.401-0400] {dag.py:2429} INFO - Sync 1 DAGs
[2022-08-29T12:40:35.430-0400] {logging_mixin.py:115} INFO - [2022-08-29T12:40:35.430-0400] {dag.py:2977} INFO - Setting next_dagrun for example_time_delta_sensor_async to None, run_after=None
[2022-08-29T12:40:35.470-0400] {processor.py:161} INFO - Processing /home/augenz/PycharmProjects/airflow/.env_airflow/lib/python3.9/site-packages/airflow/example_dags/example_time_delta_sensor_async.py took 0.708 seconds
[2022-08-29T12:41:05.517-0400] {processor.py:153} INFO - Started process (PID=985) to work on /home/augenz/PycharmProjects/airflow/.env_airflow/lib/python3.9/site-packages/airflow/example_dags/example_time_delta_sensor_async.py
[2022-08-29T12:41:05.518-0400] {processor.py:640} INFO - Processing file /home/augenz/PycharmProjects/airflow/.env_airflow/lib/python3.9/site-packages/airflow/example_dags/example_time_delta_sensor_async.py for tasks to queue
[2022-08-29T12:41:05.519-0400] {logging_mixin.py:115} INFO - [2022-08-29T12:41:05.519-0400] {dagbag.py:508} INFO - Filling up the DagBag from /home/augenz/PycharmProjects/airflow/.env_airflow/lib/python3.9/site-packages/airflow/example_dags/example_time_delta_sensor_async.py
[2022-08-29T12:41:05.528-0400] {processor.py:650} INFO - DAG(s) dict_keys(['example_time_delta_sensor_async']) retrieved from /home/augenz/PycharmProjects/airflow/.env_airflow/lib/python3.9/site-packages/airflow/example_dags/example_time_delta_sensor_async.py
[2022-08-29T12:41:06.267-0400] {logging_mixin.py:115} INFO - [2022-08-29T12:41:06.266-0400] {dag.py:2429} INFO - Sync 1 DAGs
[2022-08-29T12:41:06.294-0400] {logging_mixin.py:115} INFO - [2022-08-29T12:41:06.294-0400] {dag.py:2977} INFO - Setting next_dagrun for example_time_delta_sensor_async to None, run_after=None
[2022-08-29T12:41:06.325-0400] {processor.py:161} INFO - Processing /home/augenz/PycharmProjects/airflow/.env_airflow/lib/python3.9/site-packages/airflow/example_dags/example_time_delta_sensor_async.py took 0.812 seconds
[2022-08-29T12:41:36.620-0400] {processor.py:153} INFO - Started process (PID=1029) to work on /home/augenz/PycharmProjects/airflow/.env_airflow/lib/python3.9/site-packages/airflow/example_dags/example_time_delta_sensor_async.py
[2022-08-29T12:41:36.628-0400] {processor.py:640} INFO - Processing file /home/augenz/PycharmProjects/airflow/.env_airflow/lib/python3.9/site-packages/airflow/example_dags/example_time_delta_sensor_async.py for tasks to queue
[2022-08-29T12:41:36.629-0400] {logging_mixin.py:115} INFO - [2022-08-29T12:41:36.628-0400] {dagbag.py:508} INFO - Filling up the DagBag from /home/augenz/PycharmProjects/airflow/.env_airflow/lib/python3.9/site-packages/airflow/example_dags/example_time_delta_sensor_async.py
[2022-08-29T12:41:36.635-0400] {processor.py:650} INFO - DAG(s) dict_keys(['example_time_delta_sensor_async']) retrieved from /home/augenz/PycharmProjects/airflow/.env_airflow/lib/python3.9/site-packages/airflow/example_dags/example_time_delta_sensor_async.py
[2022-08-29T12:41:37.242-0400] {logging_mixin.py:115} INFO - [2022-08-29T12:41:37.242-0400] {dag.py:2429} INFO - Sync 1 DAGs
[2022-08-29T12:41:37.270-0400] {logging_mixin.py:115} INFO - [2022-08-29T12:41:37.270-0400] {dag.py:2977} INFO - Setting next_dagrun for example_time_delta_sensor_async to None, run_after=None
[2022-08-29T12:41:37.305-0400] {processor.py:161} INFO - Processing /home/augenz/PycharmProjects/airflow/.env_airflow/lib/python3.9/site-packages/airflow/example_dags/example_time_delta_sensor_async.py took 0.690 seconds
[2022-08-29T12:42:08.158-0400] {processor.py:153} INFO - Started process (PID=1063) to work on /home/augenz/PycharmProjects/airflow/.env_airflow/lib/python3.9/site-packages/airflow/example_dags/example_time_delta_sensor_async.py
[2022-08-29T12:42:08.159-0400] {processor.py:640} INFO - Processing file /home/augenz/PycharmProjects/airflow/.env_airflow/lib/python3.9/site-packages/airflow/example_dags/example_time_delta_sensor_async.py for tasks to queue
[2022-08-29T12:42:08.160-0400] {logging_mixin.py:115} INFO - [2022-08-29T12:42:08.160-0400] {dagbag.py:508} INFO - Filling up the DagBag from /home/augenz/PycharmProjects/airflow/.env_airflow/lib/python3.9/site-packages/airflow/example_dags/example_time_delta_sensor_async.py
[2022-08-29T12:42:08.166-0400] {processor.py:650} INFO - DAG(s) dict_keys(['example_time_delta_sensor_async']) retrieved from /home/augenz/PycharmProjects/airflow/.env_airflow/lib/python3.9/site-packages/airflow/example_dags/example_time_delta_sensor_async.py
[2022-08-29T12:42:08.846-0400] {logging_mixin.py:115} INFO - [2022-08-29T12:42:08.846-0400] {dag.py:2429} INFO - Sync 1 DAGs
[2022-08-29T12:42:08.880-0400] {logging_mixin.py:115} INFO - [2022-08-29T12:42:08.879-0400] {dag.py:2977} INFO - Setting next_dagrun for example_time_delta_sensor_async to None, run_after=None
[2022-08-29T12:42:08.934-0400] {processor.py:161} INFO - Processing /home/augenz/PycharmProjects/airflow/.env_airflow/lib/python3.9/site-packages/airflow/example_dags/example_time_delta_sensor_async.py took 0.780 seconds
[2022-08-29T12:42:38.962-0400] {processor.py:153} INFO - Started process (PID=1096) to work on /home/augenz/PycharmProjects/airflow/.env_airflow/lib/python3.9/site-packages/airflow/example_dags/example_time_delta_sensor_async.py
[2022-08-29T12:42:38.964-0400] {processor.py:640} INFO - Processing file /home/augenz/PycharmProjects/airflow/.env_airflow/lib/python3.9/site-packages/airflow/example_dags/example_time_delta_sensor_async.py for tasks to queue
[2022-08-29T12:42:38.965-0400] {logging_mixin.py:115} INFO - [2022-08-29T12:42:38.965-0400] {dagbag.py:508} INFO - Filling up the DagBag from /home/augenz/PycharmProjects/airflow/.env_airflow/lib/python3.9/site-packages/airflow/example_dags/example_time_delta_sensor_async.py
[2022-08-29T12:42:38.972-0400] {processor.py:650} INFO - DAG(s) dict_keys(['example_time_delta_sensor_async']) retrieved from /home/augenz/PycharmProjects/airflow/.env_airflow/lib/python3.9/site-packages/airflow/example_dags/example_time_delta_sensor_async.py
[2022-08-29T12:42:39.517-0400] {logging_mixin.py:115} INFO - [2022-08-29T12:42:39.517-0400] {dag.py:2429} INFO - Sync 1 DAGs
[2022-08-29T12:42:39.544-0400] {logging_mixin.py:115} INFO - [2022-08-29T12:42:39.544-0400] {dag.py:2977} INFO - Setting next_dagrun for example_time_delta_sensor_async to None, run_after=None
[2022-08-29T12:42:39.599-0400] {processor.py:161} INFO - Processing /home/augenz/PycharmProjects/airflow/.env_airflow/lib/python3.9/site-packages/airflow/example_dags/example_time_delta_sensor_async.py took 0.641 seconds
[2022-08-29T12:43:09.855-0400] {processor.py:153} INFO - Started process (PID=1131) to work on /home/augenz/PycharmProjects/airflow/.env_airflow/lib/python3.9/site-packages/airflow/example_dags/example_time_delta_sensor_async.py
[2022-08-29T12:43:09.858-0400] {processor.py:640} INFO - Processing file /home/augenz/PycharmProjects/airflow/.env_airflow/lib/python3.9/site-packages/airflow/example_dags/example_time_delta_sensor_async.py for tasks to queue
[2022-08-29T12:43:09.859-0400] {logging_mixin.py:115} INFO - [2022-08-29T12:43:09.859-0400] {dagbag.py:508} INFO - Filling up the DagBag from /home/augenz/PycharmProjects/airflow/.env_airflow/lib/python3.9/site-packages/airflow/example_dags/example_time_delta_sensor_async.py
[2022-08-29T12:43:09.866-0400] {processor.py:650} INFO - DAG(s) dict_keys(['example_time_delta_sensor_async']) retrieved from /home/augenz/PycharmProjects/airflow/.env_airflow/lib/python3.9/site-packages/airflow/example_dags/example_time_delta_sensor_async.py
[2022-08-29T12:43:10.416-0400] {logging_mixin.py:115} INFO - [2022-08-29T12:43:10.415-0400] {dag.py:2429} INFO - Sync 1 DAGs
[2022-08-29T12:43:10.443-0400] {logging_mixin.py:115} INFO - [2022-08-29T12:43:10.443-0400] {dag.py:2977} INFO - Setting next_dagrun for example_time_delta_sensor_async to None, run_after=None
[2022-08-29T12:43:10.477-0400] {processor.py:161} INFO - Processing /home/augenz/PycharmProjects/airflow/.env_airflow/lib/python3.9/site-packages/airflow/example_dags/example_time_delta_sensor_async.py took 0.627 seconds
[2022-08-29T12:43:40.849-0400] {processor.py:153} INFO - Started process (PID=1165) to work on /home/augenz/PycharmProjects/airflow/.env_airflow/lib/python3.9/site-packages/airflow/example_dags/example_time_delta_sensor_async.py
[2022-08-29T12:43:40.854-0400] {processor.py:640} INFO - Processing file /home/augenz/PycharmProjects/airflow/.env_airflow/lib/python3.9/site-packages/airflow/example_dags/example_time_delta_sensor_async.py for tasks to queue
[2022-08-29T12:43:40.855-0400] {logging_mixin.py:115} INFO - [2022-08-29T12:43:40.854-0400] {dagbag.py:508} INFO - Filling up the DagBag from /home/augenz/PycharmProjects/airflow/.env_airflow/lib/python3.9/site-packages/airflow/example_dags/example_time_delta_sensor_async.py
[2022-08-29T12:43:40.863-0400] {processor.py:650} INFO - DAG(s) dict_keys(['example_time_delta_sensor_async']) retrieved from /home/augenz/PycharmProjects/airflow/.env_airflow/lib/python3.9/site-packages/airflow/example_dags/example_time_delta_sensor_async.py
[2022-08-29T12:43:41.472-0400] {logging_mixin.py:115} INFO - [2022-08-29T12:43:41.471-0400] {dag.py:2429} INFO - Sync 1 DAGs
[2022-08-29T12:43:41.500-0400] {logging_mixin.py:115} INFO - [2022-08-29T12:43:41.500-0400] {dag.py:2977} INFO - Setting next_dagrun for example_time_delta_sensor_async to None, run_after=None
[2022-08-29T12:43:41.549-0400] {processor.py:161} INFO - Processing /home/augenz/PycharmProjects/airflow/.env_airflow/lib/python3.9/site-packages/airflow/example_dags/example_time_delta_sensor_async.py took 0.705 seconds
[2022-08-29T12:44:11.821-0400] {processor.py:153} INFO - Started process (PID=1199) to work on /home/augenz/PycharmProjects/airflow/.env_airflow/lib/python3.9/site-packages/airflow/example_dags/example_time_delta_sensor_async.py
[2022-08-29T12:44:11.824-0400] {processor.py:640} INFO - Processing file /home/augenz/PycharmProjects/airflow/.env_airflow/lib/python3.9/site-packages/airflow/example_dags/example_time_delta_sensor_async.py for tasks to queue
[2022-08-29T12:44:11.826-0400] {logging_mixin.py:115} INFO - [2022-08-29T12:44:11.825-0400] {dagbag.py:508} INFO - Filling up the DagBag from /home/augenz/PycharmProjects/airflow/.env_airflow/lib/python3.9/site-packages/airflow/example_dags/example_time_delta_sensor_async.py
[2022-08-29T12:44:11.834-0400] {processor.py:650} INFO - DAG(s) dict_keys(['example_time_delta_sensor_async']) retrieved from /home/augenz/PycharmProjects/airflow/.env_airflow/lib/python3.9/site-packages/airflow/example_dags/example_time_delta_sensor_async.py
[2022-08-29T12:44:12.383-0400] {logging_mixin.py:115} INFO - [2022-08-29T12:44:12.382-0400] {dag.py:2429} INFO - Sync 1 DAGs
[2022-08-29T12:44:12.409-0400] {logging_mixin.py:115} INFO - [2022-08-29T12:44:12.409-0400] {dag.py:2977} INFO - Setting next_dagrun for example_time_delta_sensor_async to None, run_after=None
[2022-08-29T12:44:12.469-0400] {processor.py:161} INFO - Processing /home/augenz/PycharmProjects/airflow/.env_airflow/lib/python3.9/site-packages/airflow/example_dags/example_time_delta_sensor_async.py took 0.654 seconds
[2022-08-29T12:44:42.806-0400] {processor.py:153} INFO - Started process (PID=1247) to work on /home/augenz/PycharmProjects/airflow/.env_airflow/lib/python3.9/site-packages/airflow/example_dags/example_time_delta_sensor_async.py
[2022-08-29T12:44:42.808-0400] {processor.py:640} INFO - Processing file /home/augenz/PycharmProjects/airflow/.env_airflow/lib/python3.9/site-packages/airflow/example_dags/example_time_delta_sensor_async.py for tasks to queue
[2022-08-29T12:44:42.809-0400] {logging_mixin.py:115} INFO - [2022-08-29T12:44:42.809-0400] {dagbag.py:508} INFO - Filling up the DagBag from /home/augenz/PycharmProjects/airflow/.env_airflow/lib/python3.9/site-packages/airflow/example_dags/example_time_delta_sensor_async.py
[2022-08-29T12:44:42.817-0400] {processor.py:650} INFO - DAG(s) dict_keys(['example_time_delta_sensor_async']) retrieved from /home/augenz/PycharmProjects/airflow/.env_airflow/lib/python3.9/site-packages/airflow/example_dags/example_time_delta_sensor_async.py
[2022-08-29T12:44:43.378-0400] {logging_mixin.py:115} INFO - [2022-08-29T12:44:43.378-0400] {dag.py:2429} INFO - Sync 1 DAGs
[2022-08-29T12:44:43.405-0400] {logging_mixin.py:115} INFO - [2022-08-29T12:44:43.404-0400] {dag.py:2977} INFO - Setting next_dagrun for example_time_delta_sensor_async to None, run_after=None
[2022-08-29T12:44:43.450-0400] {processor.py:161} INFO - Processing /home/augenz/PycharmProjects/airflow/.env_airflow/lib/python3.9/site-packages/airflow/example_dags/example_time_delta_sensor_async.py took 0.649 seconds
[2022-08-29T12:45:14.448-0400] {processor.py:153} INFO - Started process (PID=1282) to work on /home/augenz/PycharmProjects/airflow/.env_airflow/lib/python3.9/site-packages/airflow/example_dags/example_time_delta_sensor_async.py
[2022-08-29T12:45:14.449-0400] {processor.py:640} INFO - Processing file /home/augenz/PycharmProjects/airflow/.env_airflow/lib/python3.9/site-packages/airflow/example_dags/example_time_delta_sensor_async.py for tasks to queue
[2022-08-29T12:45:14.450-0400] {logging_mixin.py:115} INFO - [2022-08-29T12:45:14.450-0400] {dagbag.py:508} INFO - Filling up the DagBag from /home/augenz/PycharmProjects/airflow/.env_airflow/lib/python3.9/site-packages/airflow/example_dags/example_time_delta_sensor_async.py
[2022-08-29T12:45:14.459-0400] {processor.py:650} INFO - DAG(s) dict_keys(['example_time_delta_sensor_async']) retrieved from /home/augenz/PycharmProjects/airflow/.env_airflow/lib/python3.9/site-packages/airflow/example_dags/example_time_delta_sensor_async.py
[2022-08-29T12:45:15.118-0400] {logging_mixin.py:115} INFO - [2022-08-29T12:45:15.117-0400] {dag.py:2429} INFO - Sync 1 DAGs
[2022-08-29T12:45:15.146-0400] {logging_mixin.py:115} INFO - [2022-08-29T12:45:15.146-0400] {dag.py:2977} INFO - Setting next_dagrun for example_time_delta_sensor_async to None, run_after=None
[2022-08-29T12:45:15.187-0400] {processor.py:161} INFO - Processing /home/augenz/PycharmProjects/airflow/.env_airflow/lib/python3.9/site-packages/airflow/example_dags/example_time_delta_sensor_async.py took 0.744 seconds
[2022-08-29T12:45:45.617-0400] {processor.py:153} INFO - Started process (PID=1316) to work on /home/augenz/PycharmProjects/airflow/.env_airflow/lib/python3.9/site-packages/airflow/example_dags/example_time_delta_sensor_async.py
[2022-08-29T12:45:45.619-0400] {processor.py:640} INFO - Processing file /home/augenz/PycharmProjects/airflow/.env_airflow/lib/python3.9/site-packages/airflow/example_dags/example_time_delta_sensor_async.py for tasks to queue
[2022-08-29T12:45:45.619-0400] {logging_mixin.py:115} INFO - [2022-08-29T12:45:45.619-0400] {dagbag.py:508} INFO - Filling up the DagBag from /home/augenz/PycharmProjects/airflow/.env_airflow/lib/python3.9/site-packages/airflow/example_dags/example_time_delta_sensor_async.py
[2022-08-29T12:45:45.626-0400] {processor.py:650} INFO - DAG(s) dict_keys(['example_time_delta_sensor_async']) retrieved from /home/augenz/PycharmProjects/airflow/.env_airflow/lib/python3.9/site-packages/airflow/example_dags/example_time_delta_sensor_async.py
[2022-08-29T12:45:46.228-0400] {logging_mixin.py:115} INFO - [2022-08-29T12:45:46.228-0400] {dag.py:2429} INFO - Sync 1 DAGs
[2022-08-29T12:45:46.255-0400] {logging_mixin.py:115} INFO - [2022-08-29T12:45:46.255-0400] {dag.py:2977} INFO - Setting next_dagrun for example_time_delta_sensor_async to None, run_after=None
[2022-08-29T12:45:46.292-0400] {processor.py:161} INFO - Processing /home/augenz/PycharmProjects/airflow/.env_airflow/lib/python3.9/site-packages/airflow/example_dags/example_time_delta_sensor_async.py took 0.680 seconds
[2022-08-29T12:46:16.602-0400] {processor.py:153} INFO - Started process (PID=1351) to work on /home/augenz/PycharmProjects/airflow/.env_airflow/lib/python3.9/site-packages/airflow/example_dags/example_time_delta_sensor_async.py
[2022-08-29T12:46:16.604-0400] {processor.py:640} INFO - Processing file /home/augenz/PycharmProjects/airflow/.env_airflow/lib/python3.9/site-packages/airflow/example_dags/example_time_delta_sensor_async.py for tasks to queue
[2022-08-29T12:46:16.605-0400] {logging_mixin.py:115} INFO - [2022-08-29T12:46:16.605-0400] {dagbag.py:508} INFO - Filling up the DagBag from /home/augenz/PycharmProjects/airflow/.env_airflow/lib/python3.9/site-packages/airflow/example_dags/example_time_delta_sensor_async.py
[2022-08-29T12:46:16.615-0400] {processor.py:650} INFO - DAG(s) dict_keys(['example_time_delta_sensor_async']) retrieved from /home/augenz/PycharmProjects/airflow/.env_airflow/lib/python3.9/site-packages/airflow/example_dags/example_time_delta_sensor_async.py
[2022-08-29T12:46:17.220-0400] {logging_mixin.py:115} INFO - [2022-08-29T12:46:17.219-0400] {dag.py:2429} INFO - Sync 1 DAGs
[2022-08-29T12:46:17.249-0400] {logging_mixin.py:115} INFO - [2022-08-29T12:46:17.249-0400] {dag.py:2977} INFO - Setting next_dagrun for example_time_delta_sensor_async to None, run_after=None
[2022-08-29T12:46:17.279-0400] {processor.py:161} INFO - Processing /home/augenz/PycharmProjects/airflow/.env_airflow/lib/python3.9/site-packages/airflow/example_dags/example_time_delta_sensor_async.py took 0.682 seconds
[2022-08-29T12:46:47.568-0400] {processor.py:153} INFO - Started process (PID=1386) to work on /home/augenz/PycharmProjects/airflow/.env_airflow/lib/python3.9/site-packages/airflow/example_dags/example_time_delta_sensor_async.py
[2022-08-29T12:46:47.570-0400] {processor.py:640} INFO - Processing file /home/augenz/PycharmProjects/airflow/.env_airflow/lib/python3.9/site-packages/airflow/example_dags/example_time_delta_sensor_async.py for tasks to queue
[2022-08-29T12:46:47.571-0400] {logging_mixin.py:115} INFO - [2022-08-29T12:46:47.570-0400] {dagbag.py:508} INFO - Filling up the DagBag from /home/augenz/PycharmProjects/airflow/.env_airflow/lib/python3.9/site-packages/airflow/example_dags/example_time_delta_sensor_async.py
[2022-08-29T12:46:47.581-0400] {processor.py:650} INFO - DAG(s) dict_keys(['example_time_delta_sensor_async']) retrieved from /home/augenz/PycharmProjects/airflow/.env_airflow/lib/python3.9/site-packages/airflow/example_dags/example_time_delta_sensor_async.py
[2022-08-29T12:46:48.361-0400] {logging_mixin.py:115} INFO - [2022-08-29T12:46:48.360-0400] {dag.py:2429} INFO - Sync 1 DAGs
[2022-08-29T12:46:48.388-0400] {logging_mixin.py:115} INFO - [2022-08-29T12:46:48.388-0400] {dag.py:2977} INFO - Setting next_dagrun for example_time_delta_sensor_async to None, run_after=None
[2022-08-29T12:46:48.435-0400] {processor.py:161} INFO - Processing /home/augenz/PycharmProjects/airflow/.env_airflow/lib/python3.9/site-packages/airflow/example_dags/example_time_delta_sensor_async.py took 0.874 seconds
[2022-08-29T12:47:18.590-0400] {processor.py:153} INFO - Started process (PID=1420) to work on /home/augenz/PycharmProjects/airflow/.env_airflow/lib/python3.9/site-packages/airflow/example_dags/example_time_delta_sensor_async.py
[2022-08-29T12:47:18.593-0400] {processor.py:640} INFO - Processing file /home/augenz/PycharmProjects/airflow/.env_airflow/lib/python3.9/site-packages/airflow/example_dags/example_time_delta_sensor_async.py for tasks to queue
[2022-08-29T12:47:18.594-0400] {logging_mixin.py:115} INFO - [2022-08-29T12:47:18.594-0400] {dagbag.py:508} INFO - Filling up the DagBag from /home/augenz/PycharmProjects/airflow/.env_airflow/lib/python3.9/site-packages/airflow/example_dags/example_time_delta_sensor_async.py
[2022-08-29T12:47:18.601-0400] {processor.py:650} INFO - DAG(s) dict_keys(['example_time_delta_sensor_async']) retrieved from /home/augenz/PycharmProjects/airflow/.env_airflow/lib/python3.9/site-packages/airflow/example_dags/example_time_delta_sensor_async.py
[2022-08-29T12:47:19.202-0400] {logging_mixin.py:115} INFO - [2022-08-29T12:47:19.201-0400] {dag.py:2429} INFO - Sync 1 DAGs
[2022-08-29T12:47:19.230-0400] {logging_mixin.py:115} INFO - [2022-08-29T12:47:19.229-0400] {dag.py:2977} INFO - Setting next_dagrun for example_time_delta_sensor_async to None, run_after=None
[2022-08-29T12:47:19.284-0400] {processor.py:161} INFO - Processing /home/augenz/PycharmProjects/airflow/.env_airflow/lib/python3.9/site-packages/airflow/example_dags/example_time_delta_sensor_async.py took 0.699 seconds
[2022-08-29T12:47:49.744-0400] {processor.py:153} INFO - Started process (PID=1462) to work on /home/augenz/PycharmProjects/airflow/.env_airflow/lib/python3.9/site-packages/airflow/example_dags/example_time_delta_sensor_async.py
[2022-08-29T12:47:49.745-0400] {processor.py:640} INFO - Processing file /home/augenz/PycharmProjects/airflow/.env_airflow/lib/python3.9/site-packages/airflow/example_dags/example_time_delta_sensor_async.py for tasks to queue
[2022-08-29T12:47:49.746-0400] {logging_mixin.py:115} INFO - [2022-08-29T12:47:49.746-0400] {dagbag.py:508} INFO - Filling up the DagBag from /home/augenz/PycharmProjects/airflow/.env_airflow/lib/python3.9/site-packages/airflow/example_dags/example_time_delta_sensor_async.py
[2022-08-29T12:47:49.753-0400] {processor.py:650} INFO - DAG(s) dict_keys(['example_time_delta_sensor_async']) retrieved from /home/augenz/PycharmProjects/airflow/.env_airflow/lib/python3.9/site-packages/airflow/example_dags/example_time_delta_sensor_async.py
[2022-08-29T12:47:50.522-0400] {logging_mixin.py:115} INFO - [2022-08-29T12:47:50.522-0400] {dag.py:2429} INFO - Sync 1 DAGs
[2022-08-29T12:47:50.566-0400] {logging_mixin.py:115} INFO - [2022-08-29T12:47:50.566-0400] {dag.py:2977} INFO - Setting next_dagrun for example_time_delta_sensor_async to None, run_after=None
[2022-08-29T12:47:50.596-0400] {processor.py:161} INFO - Processing /home/augenz/PycharmProjects/airflow/.env_airflow/lib/python3.9/site-packages/airflow/example_dags/example_time_delta_sensor_async.py took 0.859 seconds
[2022-08-29T12:48:21.371-0400] {processor.py:153} INFO - Started process (PID=1496) to work on /home/augenz/PycharmProjects/airflow/.env_airflow/lib/python3.9/site-packages/airflow/example_dags/example_time_delta_sensor_async.py
[2022-08-29T12:48:21.372-0400] {processor.py:640} INFO - Processing file /home/augenz/PycharmProjects/airflow/.env_airflow/lib/python3.9/site-packages/airflow/example_dags/example_time_delta_sensor_async.py for tasks to queue
[2022-08-29T12:48:21.373-0400] {logging_mixin.py:115} INFO - [2022-08-29T12:48:21.373-0400] {dagbag.py:508} INFO - Filling up the DagBag from /home/augenz/PycharmProjects/airflow/.env_airflow/lib/python3.9/site-packages/airflow/example_dags/example_time_delta_sensor_async.py
[2022-08-29T12:48:21.381-0400] {processor.py:650} INFO - DAG(s) dict_keys(['example_time_delta_sensor_async']) retrieved from /home/augenz/PycharmProjects/airflow/.env_airflow/lib/python3.9/site-packages/airflow/example_dags/example_time_delta_sensor_async.py
[2022-08-29T12:48:21.963-0400] {logging_mixin.py:115} INFO - [2022-08-29T12:48:21.963-0400] {dag.py:2429} INFO - Sync 1 DAGs
[2022-08-29T12:48:21.990-0400] {logging_mixin.py:115} INFO - [2022-08-29T12:48:21.990-0400] {dag.py:2977} INFO - Setting next_dagrun for example_time_delta_sensor_async to None, run_after=None
[2022-08-29T12:48:22.025-0400] {processor.py:161} INFO - Processing /home/augenz/PycharmProjects/airflow/.env_airflow/lib/python3.9/site-packages/airflow/example_dags/example_time_delta_sensor_async.py took 0.659 seconds
[2022-08-29T12:48:52.622-0400] {processor.py:153} INFO - Started process (PID=1531) to work on /home/augenz/PycharmProjects/airflow/.env_airflow/lib/python3.9/site-packages/airflow/example_dags/example_time_delta_sensor_async.py
[2022-08-29T12:48:52.624-0400] {processor.py:640} INFO - Processing file /home/augenz/PycharmProjects/airflow/.env_airflow/lib/python3.9/site-packages/airflow/example_dags/example_time_delta_sensor_async.py for tasks to queue
[2022-08-29T12:48:52.625-0400] {logging_mixin.py:115} INFO - [2022-08-29T12:48:52.625-0400] {dagbag.py:508} INFO - Filling up the DagBag from /home/augenz/PycharmProjects/airflow/.env_airflow/lib/python3.9/site-packages/airflow/example_dags/example_time_delta_sensor_async.py
[2022-08-29T12:48:52.636-0400] {processor.py:650} INFO - DAG(s) dict_keys(['example_time_delta_sensor_async']) retrieved from /home/augenz/PycharmProjects/airflow/.env_airflow/lib/python3.9/site-packages/airflow/example_dags/example_time_delta_sensor_async.py
[2022-08-29T12:48:53.239-0400] {logging_mixin.py:115} INFO - [2022-08-29T12:48:53.239-0400] {dag.py:2429} INFO - Sync 1 DAGs
[2022-08-29T12:48:53.267-0400] {logging_mixin.py:115} INFO - [2022-08-29T12:48:53.267-0400] {dag.py:2977} INFO - Setting next_dagrun for example_time_delta_sensor_async to None, run_after=None
[2022-08-29T12:48:53.314-0400] {processor.py:161} INFO - Processing /home/augenz/PycharmProjects/airflow/.env_airflow/lib/python3.9/site-packages/airflow/example_dags/example_time_delta_sensor_async.py took 0.697 seconds
[2022-08-29T12:49:23.881-0400] {processor.py:153} INFO - Started process (PID=1573) to work on /home/augenz/PycharmProjects/airflow/.env_airflow/lib/python3.9/site-packages/airflow/example_dags/example_time_delta_sensor_async.py
[2022-08-29T12:49:23.894-0400] {processor.py:640} INFO - Processing file /home/augenz/PycharmProjects/airflow/.env_airflow/lib/python3.9/site-packages/airflow/example_dags/example_time_delta_sensor_async.py for tasks to queue
[2022-08-29T12:49:23.896-0400] {logging_mixin.py:115} INFO - [2022-08-29T12:49:23.895-0400] {dagbag.py:508} INFO - Filling up the DagBag from /home/augenz/PycharmProjects/airflow/.env_airflow/lib/python3.9/site-packages/airflow/example_dags/example_time_delta_sensor_async.py
[2022-08-29T12:49:23.906-0400] {processor.py:650} INFO - DAG(s) dict_keys(['example_time_delta_sensor_async']) retrieved from /home/augenz/PycharmProjects/airflow/.env_airflow/lib/python3.9/site-packages/airflow/example_dags/example_time_delta_sensor_async.py
[2022-08-29T12:49:24.835-0400] {logging_mixin.py:115} INFO - [2022-08-29T12:49:24.835-0400] {dag.py:2429} INFO - Sync 1 DAGs
[2022-08-29T12:49:24.878-0400] {logging_mixin.py:115} INFO - [2022-08-29T12:49:24.878-0400] {dag.py:2977} INFO - Setting next_dagrun for example_time_delta_sensor_async to None, run_after=None
[2022-08-29T12:49:24.929-0400] {processor.py:161} INFO - Processing /home/augenz/PycharmProjects/airflow/.env_airflow/lib/python3.9/site-packages/airflow/example_dags/example_time_delta_sensor_async.py took 1.053 seconds
[2022-08-29T12:49:55.726-0400] {processor.py:153} INFO - Started process (PID=1609) to work on /home/augenz/PycharmProjects/airflow/.env_airflow/lib/python3.9/site-packages/airflow/example_dags/example_time_delta_sensor_async.py
[2022-08-29T12:49:55.727-0400] {processor.py:640} INFO - Processing file /home/augenz/PycharmProjects/airflow/.env_airflow/lib/python3.9/site-packages/airflow/example_dags/example_time_delta_sensor_async.py for tasks to queue
[2022-08-29T12:49:55.729-0400] {logging_mixin.py:115} INFO - [2022-08-29T12:49:55.728-0400] {dagbag.py:508} INFO - Filling up the DagBag from /home/augenz/PycharmProjects/airflow/.env_airflow/lib/python3.9/site-packages/airflow/example_dags/example_time_delta_sensor_async.py
[2022-08-29T12:49:55.739-0400] {processor.py:650} INFO - DAG(s) dict_keys(['example_time_delta_sensor_async']) retrieved from /home/augenz/PycharmProjects/airflow/.env_airflow/lib/python3.9/site-packages/airflow/example_dags/example_time_delta_sensor_async.py
[2022-08-29T12:49:56.346-0400] {logging_mixin.py:115} INFO - [2022-08-29T12:49:56.346-0400] {dag.py:2429} INFO - Sync 1 DAGs
[2022-08-29T12:49:56.374-0400] {logging_mixin.py:115} INFO - [2022-08-29T12:49:56.374-0400] {dag.py:2977} INFO - Setting next_dagrun for example_time_delta_sensor_async to None, run_after=None
[2022-08-29T12:49:56.416-0400] {processor.py:161} INFO - Processing /home/augenz/PycharmProjects/airflow/.env_airflow/lib/python3.9/site-packages/airflow/example_dags/example_time_delta_sensor_async.py took 0.695 seconds
[2022-08-29T12:50:26.548-0400] {processor.py:153} INFO - Started process (PID=1648) to work on /home/augenz/PycharmProjects/airflow/.env_airflow/lib/python3.9/site-packages/airflow/example_dags/example_time_delta_sensor_async.py
[2022-08-29T12:50:26.552-0400] {processor.py:640} INFO - Processing file /home/augenz/PycharmProjects/airflow/.env_airflow/lib/python3.9/site-packages/airflow/example_dags/example_time_delta_sensor_async.py for tasks to queue
[2022-08-29T12:50:26.554-0400] {logging_mixin.py:115} INFO - [2022-08-29T12:50:26.553-0400] {dagbag.py:508} INFO - Filling up the DagBag from /home/augenz/PycharmProjects/airflow/.env_airflow/lib/python3.9/site-packages/airflow/example_dags/example_time_delta_sensor_async.py
[2022-08-29T12:50:26.565-0400] {processor.py:650} INFO - DAG(s) dict_keys(['example_time_delta_sensor_async']) retrieved from /home/augenz/PycharmProjects/airflow/.env_airflow/lib/python3.9/site-packages/airflow/example_dags/example_time_delta_sensor_async.py
[2022-08-29T12:50:27.384-0400] {logging_mixin.py:115} INFO - [2022-08-29T12:50:27.384-0400] {dag.py:2429} INFO - Sync 1 DAGs
[2022-08-29T12:50:27.418-0400] {logging_mixin.py:115} INFO - [2022-08-29T12:50:27.418-0400] {dag.py:2977} INFO - Setting next_dagrun for example_time_delta_sensor_async to None, run_after=None
[2022-08-29T12:50:27.462-0400] {processor.py:161} INFO - Processing /home/augenz/PycharmProjects/airflow/.env_airflow/lib/python3.9/site-packages/airflow/example_dags/example_time_delta_sensor_async.py took 0.922 seconds
[2022-08-29T12:50:57.738-0400] {processor.py:153} INFO - Started process (PID=1682) to work on /home/augenz/PycharmProjects/airflow/.env_airflow/lib/python3.9/site-packages/airflow/example_dags/example_time_delta_sensor_async.py
[2022-08-29T12:50:57.739-0400] {processor.py:640} INFO - Processing file /home/augenz/PycharmProjects/airflow/.env_airflow/lib/python3.9/site-packages/airflow/example_dags/example_time_delta_sensor_async.py for tasks to queue
[2022-08-29T12:50:57.740-0400] {logging_mixin.py:115} INFO - [2022-08-29T12:50:57.740-0400] {dagbag.py:508} INFO - Filling up the DagBag from /home/augenz/PycharmProjects/airflow/.env_airflow/lib/python3.9/site-packages/airflow/example_dags/example_time_delta_sensor_async.py
[2022-08-29T12:50:57.747-0400] {processor.py:650} INFO - DAG(s) dict_keys(['example_time_delta_sensor_async']) retrieved from /home/augenz/PycharmProjects/airflow/.env_airflow/lib/python3.9/site-packages/airflow/example_dags/example_time_delta_sensor_async.py
[2022-08-29T12:50:58.352-0400] {logging_mixin.py:115} INFO - [2022-08-29T12:50:58.351-0400] {dag.py:2429} INFO - Sync 1 DAGs
[2022-08-29T12:50:58.381-0400] {logging_mixin.py:115} INFO - [2022-08-29T12:50:58.380-0400] {dag.py:2977} INFO - Setting next_dagrun for example_time_delta_sensor_async to None, run_after=None
[2022-08-29T12:50:58.426-0400] {processor.py:161} INFO - Processing /home/augenz/PycharmProjects/airflow/.env_airflow/lib/python3.9/site-packages/airflow/example_dags/example_time_delta_sensor_async.py took 0.692 seconds
[2022-08-29T12:51:29.444-0400] {processor.py:153} INFO - Started process (PID=1720) to work on /home/augenz/PycharmProjects/airflow/.env_airflow/lib/python3.9/site-packages/airflow/example_dags/example_time_delta_sensor_async.py
[2022-08-29T12:51:29.446-0400] {processor.py:640} INFO - Processing file /home/augenz/PycharmProjects/airflow/.env_airflow/lib/python3.9/site-packages/airflow/example_dags/example_time_delta_sensor_async.py for tasks to queue
[2022-08-29T12:51:29.448-0400] {logging_mixin.py:115} INFO - [2022-08-29T12:51:29.447-0400] {dagbag.py:508} INFO - Filling up the DagBag from /home/augenz/PycharmProjects/airflow/.env_airflow/lib/python3.9/site-packages/airflow/example_dags/example_time_delta_sensor_async.py
[2022-08-29T12:51:29.459-0400] {processor.py:650} INFO - DAG(s) dict_keys(['example_time_delta_sensor_async']) retrieved from /home/augenz/PycharmProjects/airflow/.env_airflow/lib/python3.9/site-packages/airflow/example_dags/example_time_delta_sensor_async.py
[2022-08-29T12:51:30.118-0400] {logging_mixin.py:115} INFO - [2022-08-29T12:51:30.118-0400] {dag.py:2429} INFO - Sync 1 DAGs
[2022-08-29T12:51:30.147-0400] {logging_mixin.py:115} INFO - [2022-08-29T12:51:30.147-0400] {dag.py:2977} INFO - Setting next_dagrun for example_time_delta_sensor_async to None, run_after=None
[2022-08-29T12:51:30.194-0400] {processor.py:161} INFO - Processing /home/augenz/PycharmProjects/airflow/.env_airflow/lib/python3.9/site-packages/airflow/example_dags/example_time_delta_sensor_async.py took 0.760 seconds
[2022-08-29T12:52:00.303-0400] {processor.py:153} INFO - Started process (PID=1754) to work on /home/augenz/PycharmProjects/airflow/.env_airflow/lib/python3.9/site-packages/airflow/example_dags/example_time_delta_sensor_async.py
[2022-08-29T12:52:00.304-0400] {processor.py:640} INFO - Processing file /home/augenz/PycharmProjects/airflow/.env_airflow/lib/python3.9/site-packages/airflow/example_dags/example_time_delta_sensor_async.py for tasks to queue
[2022-08-29T12:52:00.305-0400] {logging_mixin.py:115} INFO - [2022-08-29T12:52:00.305-0400] {dagbag.py:508} INFO - Filling up the DagBag from /home/augenz/PycharmProjects/airflow/.env_airflow/lib/python3.9/site-packages/airflow/example_dags/example_time_delta_sensor_async.py
[2022-08-29T12:52:00.312-0400] {processor.py:650} INFO - DAG(s) dict_keys(['example_time_delta_sensor_async']) retrieved from /home/augenz/PycharmProjects/airflow/.env_airflow/lib/python3.9/site-packages/airflow/example_dags/example_time_delta_sensor_async.py
[2022-08-29T12:52:00.910-0400] {logging_mixin.py:115} INFO - [2022-08-29T12:52:00.910-0400] {dag.py:2429} INFO - Sync 1 DAGs
[2022-08-29T12:52:00.938-0400] {logging_mixin.py:115} INFO - [2022-08-29T12:52:00.937-0400] {dag.py:2977} INFO - Setting next_dagrun for example_time_delta_sensor_async to None, run_after=None
[2022-08-29T12:52:00.969-0400] {processor.py:161} INFO - Processing /home/augenz/PycharmProjects/airflow/.env_airflow/lib/python3.9/site-packages/airflow/example_dags/example_time_delta_sensor_async.py took 0.673 seconds
[2022-08-29T12:52:31.310-0400] {processor.py:153} INFO - Started process (PID=1788) to work on /home/augenz/PycharmProjects/airflow/.env_airflow/lib/python3.9/site-packages/airflow/example_dags/example_time_delta_sensor_async.py
[2022-08-29T12:52:31.311-0400] {processor.py:640} INFO - Processing file /home/augenz/PycharmProjects/airflow/.env_airflow/lib/python3.9/site-packages/airflow/example_dags/example_time_delta_sensor_async.py for tasks to queue
[2022-08-29T12:52:31.312-0400] {logging_mixin.py:115} INFO - [2022-08-29T12:52:31.312-0400] {dagbag.py:508} INFO - Filling up the DagBag from /home/augenz/PycharmProjects/airflow/.env_airflow/lib/python3.9/site-packages/airflow/example_dags/example_time_delta_sensor_async.py
[2022-08-29T12:52:31.319-0400] {processor.py:650} INFO - DAG(s) dict_keys(['example_time_delta_sensor_async']) retrieved from /home/augenz/PycharmProjects/airflow/.env_airflow/lib/python3.9/site-packages/airflow/example_dags/example_time_delta_sensor_async.py
[2022-08-29T12:52:31.925-0400] {logging_mixin.py:115} INFO - [2022-08-29T12:52:31.925-0400] {dag.py:2429} INFO - Sync 1 DAGs
[2022-08-29T12:52:31.953-0400] {logging_mixin.py:115} INFO - [2022-08-29T12:52:31.953-0400] {dag.py:2977} INFO - Setting next_dagrun for example_time_delta_sensor_async to None, run_after=None
[2022-08-29T12:52:31.992-0400] {processor.py:161} INFO - Processing /home/augenz/PycharmProjects/airflow/.env_airflow/lib/python3.9/site-packages/airflow/example_dags/example_time_delta_sensor_async.py took 0.687 seconds
[2022-08-29T12:53:02.084-0400] {processor.py:153} INFO - Started process (PID=1822) to work on /home/augenz/PycharmProjects/airflow/.env_airflow/lib/python3.9/site-packages/airflow/example_dags/example_time_delta_sensor_async.py
[2022-08-29T12:53:02.085-0400] {processor.py:640} INFO - Processing file /home/augenz/PycharmProjects/airflow/.env_airflow/lib/python3.9/site-packages/airflow/example_dags/example_time_delta_sensor_async.py for tasks to queue
[2022-08-29T12:53:02.086-0400] {logging_mixin.py:115} INFO - [2022-08-29T12:53:02.086-0400] {dagbag.py:508} INFO - Filling up the DagBag from /home/augenz/PycharmProjects/airflow/.env_airflow/lib/python3.9/site-packages/airflow/example_dags/example_time_delta_sensor_async.py
[2022-08-29T12:53:02.093-0400] {processor.py:650} INFO - DAG(s) dict_keys(['example_time_delta_sensor_async']) retrieved from /home/augenz/PycharmProjects/airflow/.env_airflow/lib/python3.9/site-packages/airflow/example_dags/example_time_delta_sensor_async.py
[2022-08-29T12:53:02.743-0400] {logging_mixin.py:115} INFO - [2022-08-29T12:53:02.743-0400] {dag.py:2429} INFO - Sync 1 DAGs
[2022-08-29T12:53:02.778-0400] {logging_mixin.py:115} INFO - [2022-08-29T12:53:02.778-0400] {dag.py:2977} INFO - Setting next_dagrun for example_time_delta_sensor_async to None, run_after=None
[2022-08-29T12:53:02.815-0400] {processor.py:161} INFO - Processing /home/augenz/PycharmProjects/airflow/.env_airflow/lib/python3.9/site-packages/airflow/example_dags/example_time_delta_sensor_async.py took 0.737 seconds
[2022-08-29T12:53:33.137-0400] {processor.py:153} INFO - Started process (PID=1859) to work on /home/augenz/PycharmProjects/airflow/.env_airflow/lib/python3.9/site-packages/airflow/example_dags/example_time_delta_sensor_async.py
[2022-08-29T12:53:33.150-0400] {processor.py:640} INFO - Processing file /home/augenz/PycharmProjects/airflow/.env_airflow/lib/python3.9/site-packages/airflow/example_dags/example_time_delta_sensor_async.py for tasks to queue
[2022-08-29T12:53:33.151-0400] {logging_mixin.py:115} INFO - [2022-08-29T12:53:33.151-0400] {dagbag.py:508} INFO - Filling up the DagBag from /home/augenz/PycharmProjects/airflow/.env_airflow/lib/python3.9/site-packages/airflow/example_dags/example_time_delta_sensor_async.py
[2022-08-29T12:53:33.158-0400] {processor.py:650} INFO - DAG(s) dict_keys(['example_time_delta_sensor_async']) retrieved from /home/augenz/PycharmProjects/airflow/.env_airflow/lib/python3.9/site-packages/airflow/example_dags/example_time_delta_sensor_async.py
[2022-08-29T12:53:33.761-0400] {logging_mixin.py:115} INFO - [2022-08-29T12:53:33.760-0400] {dag.py:2429} INFO - Sync 1 DAGs
[2022-08-29T12:53:33.787-0400] {logging_mixin.py:115} INFO - [2022-08-29T12:53:33.787-0400] {dag.py:2977} INFO - Setting next_dagrun for example_time_delta_sensor_async to None, run_after=None
[2022-08-29T12:53:33.826-0400] {processor.py:161} INFO - Processing /home/augenz/PycharmProjects/airflow/.env_airflow/lib/python3.9/site-packages/airflow/example_dags/example_time_delta_sensor_async.py took 0.694 seconds
