[2022-08-29T12:33:13.541-0400] {processor.py:153} INFO - Started process (PID=368) to work on /home/augenz/PycharmProjects/airflow/.env_airflow/lib/python3.9/site-packages/airflow/example_dags/example_task_group.py
[2022-08-29T12:33:13.542-0400] {processor.py:640} INFO - Processing file /home/augenz/PycharmProjects/airflow/.env_airflow/lib/python3.9/site-packages/airflow/example_dags/example_task_group.py for tasks to queue
[2022-08-29T12:33:13.543-0400] {logging_mixin.py:115} INFO - [2022-08-29T12:33:13.542-0400] {dagbag.py:508} INFO - Filling up the DagBag from /home/augenz/PycharmProjects/airflow/.env_airflow/lib/python3.9/site-packages/airflow/example_dags/example_task_group.py
[2022-08-29T12:33:13.554-0400] {processor.py:650} INFO - DAG(s) dict_keys(['example_task_group']) retrieved from /home/augenz/PycharmProjects/airflow/.env_airflow/lib/python3.9/site-packages/airflow/example_dags/example_task_group.py
[2022-08-29T12:33:13.709-0400] {logging_mixin.py:115} INFO - [2022-08-29T12:33:13.708-0400] {manager.py:508} INFO - Created Permission View: can delete on DAG:example_task_group
[2022-08-29T12:33:13.742-0400] {logging_mixin.py:115} INFO - [2022-08-29T12:33:13.742-0400] {manager.py:508} INFO - Created Permission View: can read on DAG:example_task_group
[2022-08-29T12:33:13.776-0400] {logging_mixin.py:115} INFO - [2022-08-29T12:33:13.775-0400] {manager.py:508} INFO - Created Permission View: can edit on DAG:example_task_group
[2022-08-29T12:33:13.777-0400] {logging_mixin.py:115} INFO - [2022-08-29T12:33:13.776-0400] {dag.py:2429} INFO - Sync 1 DAGs
[2022-08-29T12:33:13.804-0400] {logging_mixin.py:115} INFO - [2022-08-29T12:33:13.804-0400] {dag.py:2448} INFO - Creating ORM DAG for example_task_group
[2022-08-29T12:33:13.832-0400] {logging_mixin.py:115} INFO - [2022-08-29T12:33:13.831-0400] {dag.py:2977} INFO - Setting next_dagrun for example_task_group to 2022-08-28T16:33:13.831256+00:00, run_after=2022-08-29T16:33:13.831256+00:00
[2022-08-29T12:33:13.883-0400] {processor.py:161} INFO - Processing /home/augenz/PycharmProjects/airflow/.env_airflow/lib/python3.9/site-packages/airflow/example_dags/example_task_group.py took 0.346 seconds
[2022-08-29T12:33:44.016-0400] {processor.py:153} INFO - Started process (PID=408) to work on /home/augenz/PycharmProjects/airflow/.env_airflow/lib/python3.9/site-packages/airflow/example_dags/example_task_group.py
[2022-08-29T12:33:44.020-0400] {processor.py:640} INFO - Processing file /home/augenz/PycharmProjects/airflow/.env_airflow/lib/python3.9/site-packages/airflow/example_dags/example_task_group.py for tasks to queue
[2022-08-29T12:33:44.021-0400] {logging_mixin.py:115} INFO - [2022-08-29T12:33:44.021-0400] {dagbag.py:508} INFO - Filling up the DagBag from /home/augenz/PycharmProjects/airflow/.env_airflow/lib/python3.9/site-packages/airflow/example_dags/example_task_group.py
[2022-08-29T12:33:44.031-0400] {processor.py:650} INFO - DAG(s) dict_keys(['example_task_group']) retrieved from /home/augenz/PycharmProjects/airflow/.env_airflow/lib/python3.9/site-packages/airflow/example_dags/example_task_group.py
[2022-08-29T12:33:44.077-0400] {logging_mixin.py:115} INFO - [2022-08-29T12:33:44.077-0400] {dag.py:2429} INFO - Sync 1 DAGs
[2022-08-29T12:33:44.116-0400] {logging_mixin.py:115} INFO - [2022-08-29T12:33:44.116-0400] {dag.py:2977} INFO - Setting next_dagrun for example_task_group to 2022-08-28T16:33:44.116046+00:00, run_after=2022-08-29T16:33:44.116046+00:00
[2022-08-29T12:33:44.187-0400] {processor.py:161} INFO - Processing /home/augenz/PycharmProjects/airflow/.env_airflow/lib/python3.9/site-packages/airflow/example_dags/example_task_group.py took 0.176 seconds
[2022-08-29T12:34:14.288-0400] {processor.py:153} INFO - Started process (PID=443) to work on /home/augenz/PycharmProjects/airflow/.env_airflow/lib/python3.9/site-packages/airflow/example_dags/example_task_group.py
[2022-08-29T12:34:14.291-0400] {processor.py:640} INFO - Processing file /home/augenz/PycharmProjects/airflow/.env_airflow/lib/python3.9/site-packages/airflow/example_dags/example_task_group.py for tasks to queue
[2022-08-29T12:34:14.294-0400] {logging_mixin.py:115} INFO - [2022-08-29T12:34:14.293-0400] {dagbag.py:508} INFO - Filling up the DagBag from /home/augenz/PycharmProjects/airflow/.env_airflow/lib/python3.9/site-packages/airflow/example_dags/example_task_group.py
[2022-08-29T12:34:14.314-0400] {processor.py:650} INFO - DAG(s) dict_keys(['example_task_group']) retrieved from /home/augenz/PycharmProjects/airflow/.env_airflow/lib/python3.9/site-packages/airflow/example_dags/example_task_group.py
[2022-08-29T12:34:14.368-0400] {logging_mixin.py:115} INFO - [2022-08-29T12:34:14.368-0400] {dag.py:2429} INFO - Sync 1 DAGs
[2022-08-29T12:34:14.416-0400] {logging_mixin.py:115} INFO - [2022-08-29T12:34:14.416-0400] {dag.py:2977} INFO - Setting next_dagrun for example_task_group to 2022-08-28T16:34:14.415601+00:00, run_after=2022-08-29T16:34:14.415601+00:00
[2022-08-29T12:34:14.460-0400] {processor.py:161} INFO - Processing /home/augenz/PycharmProjects/airflow/.env_airflow/lib/python3.9/site-packages/airflow/example_dags/example_task_group.py took 0.180 seconds
[2022-08-29T12:34:45.020-0400] {processor.py:153} INFO - Started process (PID=478) to work on /home/augenz/PycharmProjects/airflow/.env_airflow/lib/python3.9/site-packages/airflow/example_dags/example_task_group.py
[2022-08-29T12:34:45.038-0400] {processor.py:640} INFO - Processing file /home/augenz/PycharmProjects/airflow/.env_airflow/lib/python3.9/site-packages/airflow/example_dags/example_task_group.py for tasks to queue
[2022-08-29T12:34:45.039-0400] {logging_mixin.py:115} INFO - [2022-08-29T12:34:45.039-0400] {dagbag.py:508} INFO - Filling up the DagBag from /home/augenz/PycharmProjects/airflow/.env_airflow/lib/python3.9/site-packages/airflow/example_dags/example_task_group.py
[2022-08-29T12:34:45.054-0400] {processor.py:650} INFO - DAG(s) dict_keys(['example_task_group']) retrieved from /home/augenz/PycharmProjects/airflow/.env_airflow/lib/python3.9/site-packages/airflow/example_dags/example_task_group.py
[2022-08-29T12:34:45.102-0400] {logging_mixin.py:115} INFO - [2022-08-29T12:34:45.102-0400] {dag.py:2429} INFO - Sync 1 DAGs
[2022-08-29T12:34:45.144-0400] {logging_mixin.py:115} INFO - [2022-08-29T12:34:45.144-0400] {dag.py:2977} INFO - Setting next_dagrun for example_task_group to 2022-08-28T16:34:45.144066+00:00, run_after=2022-08-29T16:34:45.144066+00:00
[2022-08-29T12:34:45.182-0400] {processor.py:161} INFO - Processing /home/augenz/PycharmProjects/airflow/.env_airflow/lib/python3.9/site-packages/airflow/example_dags/example_task_group.py took 0.167 seconds
[2022-08-29T12:35:15.960-0400] {processor.py:153} INFO - Started process (PID=533) to work on /home/augenz/PycharmProjects/airflow/.env_airflow/lib/python3.9/site-packages/airflow/example_dags/example_task_group.py
[2022-08-29T12:35:15.978-0400] {processor.py:640} INFO - Processing file /home/augenz/PycharmProjects/airflow/.env_airflow/lib/python3.9/site-packages/airflow/example_dags/example_task_group.py for tasks to queue
[2022-08-29T12:35:15.979-0400] {logging_mixin.py:115} INFO - [2022-08-29T12:35:15.979-0400] {dagbag.py:508} INFO - Filling up the DagBag from /home/augenz/PycharmProjects/airflow/.env_airflow/lib/python3.9/site-packages/airflow/example_dags/example_task_group.py
[2022-08-29T12:35:15.988-0400] {processor.py:650} INFO - DAG(s) dict_keys(['example_task_group']) retrieved from /home/augenz/PycharmProjects/airflow/.env_airflow/lib/python3.9/site-packages/airflow/example_dags/example_task_group.py
[2022-08-29T12:35:16.032-0400] {logging_mixin.py:115} INFO - [2022-08-29T12:35:16.032-0400] {dag.py:2429} INFO - Sync 1 DAGs
[2022-08-29T12:35:16.074-0400] {logging_mixin.py:115} INFO - [2022-08-29T12:35:16.074-0400] {dag.py:2977} INFO - Setting next_dagrun for example_task_group to 2022-08-28T16:35:16.073953+00:00, run_after=2022-08-29T16:35:16.073953+00:00
[2022-08-29T12:35:16.118-0400] {processor.py:161} INFO - Processing /home/augenz/PycharmProjects/airflow/.env_airflow/lib/python3.9/site-packages/airflow/example_dags/example_task_group.py took 0.163 seconds
[2022-08-29T12:35:46.143-0400] {processor.py:153} INFO - Started process (PID=578) to work on /home/augenz/PycharmProjects/airflow/.env_airflow/lib/python3.9/site-packages/airflow/example_dags/example_task_group.py
[2022-08-29T12:35:46.147-0400] {processor.py:640} INFO - Processing file /home/augenz/PycharmProjects/airflow/.env_airflow/lib/python3.9/site-packages/airflow/example_dags/example_task_group.py for tasks to queue
[2022-08-29T12:35:46.148-0400] {logging_mixin.py:115} INFO - [2022-08-29T12:35:46.148-0400] {dagbag.py:508} INFO - Filling up the DagBag from /home/augenz/PycharmProjects/airflow/.env_airflow/lib/python3.9/site-packages/airflow/example_dags/example_task_group.py
[2022-08-29T12:35:46.158-0400] {processor.py:650} INFO - DAG(s) dict_keys(['example_task_group']) retrieved from /home/augenz/PycharmProjects/airflow/.env_airflow/lib/python3.9/site-packages/airflow/example_dags/example_task_group.py
[2022-08-29T12:35:46.659-0400] {logging_mixin.py:115} INFO - [2022-08-29T12:35:46.658-0400] {dag.py:2429} INFO - Sync 1 DAGs
[2022-08-29T12:35:46.684-0400] {logging_mixin.py:115} INFO - [2022-08-29T12:35:46.684-0400] {dag.py:2977} INFO - Setting next_dagrun for example_task_group to 2022-08-28T16:35:46.684193+00:00, run_after=2022-08-29T16:35:46.684193+00:00
[2022-08-29T12:35:46.740-0400] {processor.py:161} INFO - Processing /home/augenz/PycharmProjects/airflow/.env_airflow/lib/python3.9/site-packages/airflow/example_dags/example_task_group.py took 0.602 seconds
[2022-08-29T12:36:17.689-0400] {processor.py:153} INFO - Started process (PID=612) to work on /home/augenz/PycharmProjects/airflow/.env_airflow/lib/python3.9/site-packages/airflow/example_dags/example_task_group.py
[2022-08-29T12:36:17.693-0400] {processor.py:640} INFO - Processing file /home/augenz/PycharmProjects/airflow/.env_airflow/lib/python3.9/site-packages/airflow/example_dags/example_task_group.py for tasks to queue
[2022-08-29T12:36:17.694-0400] {logging_mixin.py:115} INFO - [2022-08-29T12:36:17.694-0400] {dagbag.py:508} INFO - Filling up the DagBag from /home/augenz/PycharmProjects/airflow/.env_airflow/lib/python3.9/site-packages/airflow/example_dags/example_task_group.py
[2022-08-29T12:36:17.704-0400] {processor.py:650} INFO - DAG(s) dict_keys(['example_task_group']) retrieved from /home/augenz/PycharmProjects/airflow/.env_airflow/lib/python3.9/site-packages/airflow/example_dags/example_task_group.py
[2022-08-29T12:36:18.142-0400] {logging_mixin.py:115} INFO - [2022-08-29T12:36:18.141-0400] {dag.py:2429} INFO - Sync 1 DAGs
[2022-08-29T12:36:18.168-0400] {logging_mixin.py:115} INFO - [2022-08-29T12:36:18.168-0400] {dag.py:2977} INFO - Setting next_dagrun for example_task_group to 2022-08-28T16:36:18.168432+00:00, run_after=2022-08-29T16:36:18.168432+00:00
[2022-08-29T12:36:18.203-0400] {processor.py:161} INFO - Processing /home/augenz/PycharmProjects/airflow/.env_airflow/lib/python3.9/site-packages/airflow/example_dags/example_task_group.py took 0.520 seconds
[2022-08-29T12:36:49.123-0400] {processor.py:153} INFO - Started process (PID=648) to work on /home/augenz/PycharmProjects/airflow/.env_airflow/lib/python3.9/site-packages/airflow/example_dags/example_task_group.py
[2022-08-29T12:36:49.146-0400] {processor.py:640} INFO - Processing file /home/augenz/PycharmProjects/airflow/.env_airflow/lib/python3.9/site-packages/airflow/example_dags/example_task_group.py for tasks to queue
[2022-08-29T12:36:49.148-0400] {logging_mixin.py:115} INFO - [2022-08-29T12:36:49.147-0400] {dagbag.py:508} INFO - Filling up the DagBag from /home/augenz/PycharmProjects/airflow/.env_airflow/lib/python3.9/site-packages/airflow/example_dags/example_task_group.py
[2022-08-29T12:36:49.159-0400] {processor.py:650} INFO - DAG(s) dict_keys(['example_task_group']) retrieved from /home/augenz/PycharmProjects/airflow/.env_airflow/lib/python3.9/site-packages/airflow/example_dags/example_task_group.py
[2022-08-29T12:36:49.595-0400] {logging_mixin.py:115} INFO - [2022-08-29T12:36:49.594-0400] {dag.py:2429} INFO - Sync 1 DAGs
[2022-08-29T12:36:49.620-0400] {logging_mixin.py:115} INFO - [2022-08-29T12:36:49.620-0400] {dag.py:2977} INFO - Setting next_dagrun for example_task_group to 2022-08-28T16:36:49.620444+00:00, run_after=2022-08-29T16:36:49.620444+00:00
[2022-08-29T12:36:49.675-0400] {processor.py:161} INFO - Processing /home/augenz/PycharmProjects/airflow/.env_airflow/lib/python3.9/site-packages/airflow/example_dags/example_task_group.py took 0.557 seconds
[2022-08-29T12:37:19.779-0400] {processor.py:153} INFO - Started process (PID=703) to work on /home/augenz/PycharmProjects/airflow/.env_airflow/lib/python3.9/site-packages/airflow/example_dags/example_task_group.py
[2022-08-29T12:37:19.804-0400] {processor.py:640} INFO - Processing file /home/augenz/PycharmProjects/airflow/.env_airflow/lib/python3.9/site-packages/airflow/example_dags/example_task_group.py for tasks to queue
[2022-08-29T12:37:19.806-0400] {logging_mixin.py:115} INFO - [2022-08-29T12:37:19.805-0400] {dagbag.py:508} INFO - Filling up the DagBag from /home/augenz/PycharmProjects/airflow/.env_airflow/lib/python3.9/site-packages/airflow/example_dags/example_task_group.py
[2022-08-29T12:37:19.877-0400] {processor.py:650} INFO - DAG(s) dict_keys(['example_task_group']) retrieved from /home/augenz/PycharmProjects/airflow/.env_airflow/lib/python3.9/site-packages/airflow/example_dags/example_task_group.py
[2022-08-29T12:37:20.875-0400] {logging_mixin.py:115} INFO - [2022-08-29T12:37:20.874-0400] {dag.py:2429} INFO - Sync 1 DAGs
[2022-08-29T12:37:20.944-0400] {logging_mixin.py:115} INFO - [2022-08-29T12:37:20.943-0400] {dag.py:2977} INFO - Setting next_dagrun for example_task_group to 2022-08-28T16:37:20.943468+00:00, run_after=2022-08-29T16:37:20.943468+00:00
[2022-08-29T12:37:21.030-0400] {processor.py:161} INFO - Processing /home/augenz/PycharmProjects/airflow/.env_airflow/lib/python3.9/site-packages/airflow/example_dags/example_task_group.py took 1.265 seconds
[2022-08-29T12:37:53.350-0400] {processor.py:153} INFO - Started process (PID=744) to work on /home/augenz/PycharmProjects/airflow/.env_airflow/lib/python3.9/site-packages/airflow/example_dags/example_task_group.py
[2022-08-29T12:37:53.353-0400] {processor.py:640} INFO - Processing file /home/augenz/PycharmProjects/airflow/.env_airflow/lib/python3.9/site-packages/airflow/example_dags/example_task_group.py for tasks to queue
[2022-08-29T12:37:53.355-0400] {logging_mixin.py:115} INFO - [2022-08-29T12:37:53.355-0400] {dagbag.py:508} INFO - Filling up the DagBag from /home/augenz/PycharmProjects/airflow/.env_airflow/lib/python3.9/site-packages/airflow/example_dags/example_task_group.py
[2022-08-29T12:37:53.375-0400] {processor.py:650} INFO - DAG(s) dict_keys(['example_task_group']) retrieved from /home/augenz/PycharmProjects/airflow/.env_airflow/lib/python3.9/site-packages/airflow/example_dags/example_task_group.py
[2022-08-29T12:37:55.044-0400] {logging_mixin.py:115} INFO - [2022-08-29T12:37:55.043-0400] {dag.py:2429} INFO - Sync 1 DAGs
[2022-08-29T12:37:55.093-0400] {logging_mixin.py:115} INFO - [2022-08-29T12:37:55.093-0400] {dag.py:2977} INFO - Setting next_dagrun for example_task_group to 2022-08-28T16:37:55.092780+00:00, run_after=2022-08-29T16:37:55.092780+00:00
[2022-08-29T12:37:55.140-0400] {processor.py:161} INFO - Processing /home/augenz/PycharmProjects/airflow/.env_airflow/lib/python3.9/site-packages/airflow/example_dags/example_task_group.py took 1.801 seconds
[2022-08-29T12:38:25.252-0400] {processor.py:153} INFO - Started process (PID=800) to work on /home/augenz/PycharmProjects/airflow/.env_airflow/lib/python3.9/site-packages/airflow/example_dags/example_task_group.py
[2022-08-29T12:38:25.255-0400] {processor.py:640} INFO - Processing file /home/augenz/PycharmProjects/airflow/.env_airflow/lib/python3.9/site-packages/airflow/example_dags/example_task_group.py for tasks to queue
[2022-08-29T12:38:25.257-0400] {logging_mixin.py:115} INFO - [2022-08-29T12:38:25.256-0400] {dagbag.py:508} INFO - Filling up the DagBag from /home/augenz/PycharmProjects/airflow/.env_airflow/lib/python3.9/site-packages/airflow/example_dags/example_task_group.py
[2022-08-29T12:38:25.273-0400] {processor.py:650} INFO - DAG(s) dict_keys(['example_task_group']) retrieved from /home/augenz/PycharmProjects/airflow/.env_airflow/lib/python3.9/site-packages/airflow/example_dags/example_task_group.py
[2022-08-29T12:38:26.517-0400] {logging_mixin.py:115} INFO - [2022-08-29T12:38:26.516-0400] {dag.py:2429} INFO - Sync 1 DAGs
[2022-08-29T12:38:26.586-0400] {logging_mixin.py:115} INFO - [2022-08-29T12:38:26.586-0400] {dag.py:2977} INFO - Setting next_dagrun for example_task_group to 2022-08-28T16:38:26.585620+00:00, run_after=2022-08-29T16:38:26.585620+00:00
[2022-08-29T12:38:26.635-0400] {processor.py:161} INFO - Processing /home/augenz/PycharmProjects/airflow/.env_airflow/lib/python3.9/site-packages/airflow/example_dags/example_task_group.py took 1.389 seconds
[2022-08-29T12:38:57.181-0400] {processor.py:153} INFO - Started process (PID=835) to work on /home/augenz/PycharmProjects/airflow/.env_airflow/lib/python3.9/site-packages/airflow/example_dags/example_task_group.py
[2022-08-29T12:38:57.186-0400] {processor.py:640} INFO - Processing file /home/augenz/PycharmProjects/airflow/.env_airflow/lib/python3.9/site-packages/airflow/example_dags/example_task_group.py for tasks to queue
[2022-08-29T12:38:57.187-0400] {logging_mixin.py:115} INFO - [2022-08-29T12:38:57.187-0400] {dagbag.py:508} INFO - Filling up the DagBag from /home/augenz/PycharmProjects/airflow/.env_airflow/lib/python3.9/site-packages/airflow/example_dags/example_task_group.py
[2022-08-29T12:38:57.198-0400] {processor.py:650} INFO - DAG(s) dict_keys(['example_task_group']) retrieved from /home/augenz/PycharmProjects/airflow/.env_airflow/lib/python3.9/site-packages/airflow/example_dags/example_task_group.py
[2022-08-29T12:38:57.758-0400] {logging_mixin.py:115} INFO - [2022-08-29T12:38:57.757-0400] {dag.py:2429} INFO - Sync 1 DAGs
[2022-08-29T12:38:57.785-0400] {logging_mixin.py:115} INFO - [2022-08-29T12:38:57.784-0400] {dag.py:2977} INFO - Setting next_dagrun for example_task_group to 2022-08-28T16:38:57.784706+00:00, run_after=2022-08-29T16:38:57.784706+00:00
[2022-08-29T12:38:57.817-0400] {processor.py:161} INFO - Processing /home/augenz/PycharmProjects/airflow/.env_airflow/lib/python3.9/site-packages/airflow/example_dags/example_task_group.py took 0.641 seconds
[2022-08-29T12:39:27.860-0400] {processor.py:153} INFO - Started process (PID=870) to work on /home/augenz/PycharmProjects/airflow/.env_airflow/lib/python3.9/site-packages/airflow/example_dags/example_task_group.py
[2022-08-29T12:39:27.865-0400] {processor.py:640} INFO - Processing file /home/augenz/PycharmProjects/airflow/.env_airflow/lib/python3.9/site-packages/airflow/example_dags/example_task_group.py for tasks to queue
[2022-08-29T12:39:27.868-0400] {logging_mixin.py:115} INFO - [2022-08-29T12:39:27.867-0400] {dagbag.py:508} INFO - Filling up the DagBag from /home/augenz/PycharmProjects/airflow/.env_airflow/lib/python3.9/site-packages/airflow/example_dags/example_task_group.py
[2022-08-29T12:39:27.882-0400] {processor.py:650} INFO - DAG(s) dict_keys(['example_task_group']) retrieved from /home/augenz/PycharmProjects/airflow/.env_airflow/lib/python3.9/site-packages/airflow/example_dags/example_task_group.py
[2022-08-29T12:39:28.352-0400] {logging_mixin.py:115} INFO - [2022-08-29T12:39:28.351-0400] {dag.py:2429} INFO - Sync 1 DAGs
[2022-08-29T12:39:28.389-0400] {logging_mixin.py:115} INFO - [2022-08-29T12:39:28.388-0400] {dag.py:2977} INFO - Setting next_dagrun for example_task_group to 2022-08-28T16:39:28.387841+00:00, run_after=2022-08-29T16:39:28.387841+00:00
[2022-08-29T12:39:28.438-0400] {processor.py:161} INFO - Processing /home/augenz/PycharmProjects/airflow/.env_airflow/lib/python3.9/site-packages/airflow/example_dags/example_task_group.py took 0.583 seconds
[2022-08-29T12:39:58.565-0400] {processor.py:153} INFO - Started process (PID=909) to work on /home/augenz/PycharmProjects/airflow/.env_airflow/lib/python3.9/site-packages/airflow/example_dags/example_task_group.py
[2022-08-29T12:39:58.570-0400] {processor.py:640} INFO - Processing file /home/augenz/PycharmProjects/airflow/.env_airflow/lib/python3.9/site-packages/airflow/example_dags/example_task_group.py for tasks to queue
[2022-08-29T12:39:58.571-0400] {logging_mixin.py:115} INFO - [2022-08-29T12:39:58.571-0400] {dagbag.py:508} INFO - Filling up the DagBag from /home/augenz/PycharmProjects/airflow/.env_airflow/lib/python3.9/site-packages/airflow/example_dags/example_task_group.py
[2022-08-29T12:39:58.582-0400] {processor.py:650} INFO - DAG(s) dict_keys(['example_task_group']) retrieved from /home/augenz/PycharmProjects/airflow/.env_airflow/lib/python3.9/site-packages/airflow/example_dags/example_task_group.py
[2022-08-29T12:39:59.038-0400] {logging_mixin.py:115} INFO - [2022-08-29T12:39:59.038-0400] {dag.py:2429} INFO - Sync 1 DAGs
[2022-08-29T12:39:59.066-0400] {logging_mixin.py:115} INFO - [2022-08-29T12:39:59.066-0400] {dag.py:2977} INFO - Setting next_dagrun for example_task_group to 2022-08-28T16:39:59.066332+00:00, run_after=2022-08-29T16:39:59.066332+00:00
[2022-08-29T12:39:59.119-0400] {processor.py:161} INFO - Processing /home/augenz/PycharmProjects/airflow/.env_airflow/lib/python3.9/site-packages/airflow/example_dags/example_task_group.py took 0.559 seconds
[2022-08-29T12:40:29.270-0400] {processor.py:153} INFO - Started process (PID=944) to work on /home/augenz/PycharmProjects/airflow/.env_airflow/lib/python3.9/site-packages/airflow/example_dags/example_task_group.py
[2022-08-29T12:40:29.275-0400] {processor.py:640} INFO - Processing file /home/augenz/PycharmProjects/airflow/.env_airflow/lib/python3.9/site-packages/airflow/example_dags/example_task_group.py for tasks to queue
[2022-08-29T12:40:29.276-0400] {logging_mixin.py:115} INFO - [2022-08-29T12:40:29.276-0400] {dagbag.py:508} INFO - Filling up the DagBag from /home/augenz/PycharmProjects/airflow/.env_airflow/lib/python3.9/site-packages/airflow/example_dags/example_task_group.py
[2022-08-29T12:40:29.285-0400] {processor.py:650} INFO - DAG(s) dict_keys(['example_task_group']) retrieved from /home/augenz/PycharmProjects/airflow/.env_airflow/lib/python3.9/site-packages/airflow/example_dags/example_task_group.py
[2022-08-29T12:40:29.794-0400] {logging_mixin.py:115} INFO - [2022-08-29T12:40:29.794-0400] {dag.py:2429} INFO - Sync 1 DAGs
[2022-08-29T12:40:29.822-0400] {logging_mixin.py:115} INFO - [2022-08-29T12:40:29.822-0400] {dag.py:2977} INFO - Setting next_dagrun for example_task_group to 2022-08-28T16:40:29.822164+00:00, run_after=2022-08-29T16:40:29.822164+00:00
[2022-08-29T12:40:29.856-0400] {processor.py:161} INFO - Processing /home/augenz/PycharmProjects/airflow/.env_airflow/lib/python3.9/site-packages/airflow/example_dags/example_task_group.py took 0.592 seconds
[2022-08-29T12:41:00.069-0400] {processor.py:153} INFO - Started process (PID=978) to work on /home/augenz/PycharmProjects/airflow/.env_airflow/lib/python3.9/site-packages/airflow/example_dags/example_task_group.py
[2022-08-29T12:41:00.074-0400] {processor.py:640} INFO - Processing file /home/augenz/PycharmProjects/airflow/.env_airflow/lib/python3.9/site-packages/airflow/example_dags/example_task_group.py for tasks to queue
[2022-08-29T12:41:00.075-0400] {logging_mixin.py:115} INFO - [2022-08-29T12:41:00.074-0400] {dagbag.py:508} INFO - Filling up the DagBag from /home/augenz/PycharmProjects/airflow/.env_airflow/lib/python3.9/site-packages/airflow/example_dags/example_task_group.py
[2022-08-29T12:41:00.084-0400] {processor.py:650} INFO - DAG(s) dict_keys(['example_task_group']) retrieved from /home/augenz/PycharmProjects/airflow/.env_airflow/lib/python3.9/site-packages/airflow/example_dags/example_task_group.py
[2022-08-29T12:41:00.537-0400] {logging_mixin.py:115} INFO - [2022-08-29T12:41:00.537-0400] {dag.py:2429} INFO - Sync 1 DAGs
[2022-08-29T12:41:00.563-0400] {logging_mixin.py:115} INFO - [2022-08-29T12:41:00.563-0400] {dag.py:2977} INFO - Setting next_dagrun for example_task_group to 2022-08-28T16:41:00.563437+00:00, run_after=2022-08-29T16:41:00.563437+00:00
[2022-08-29T12:41:00.621-0400] {processor.py:161} INFO - Processing /home/augenz/PycharmProjects/airflow/.env_airflow/lib/python3.9/site-packages/airflow/example_dags/example_task_group.py took 0.557 seconds
[2022-08-29T12:41:31.565-0400] {processor.py:153} INFO - Started process (PID=1012) to work on /home/augenz/PycharmProjects/airflow/.env_airflow/lib/python3.9/site-packages/airflow/example_dags/example_task_group.py
[2022-08-29T12:41:31.569-0400] {processor.py:640} INFO - Processing file /home/augenz/PycharmProjects/airflow/.env_airflow/lib/python3.9/site-packages/airflow/example_dags/example_task_group.py for tasks to queue
[2022-08-29T12:41:31.570-0400] {logging_mixin.py:115} INFO - [2022-08-29T12:41:31.570-0400] {dagbag.py:508} INFO - Filling up the DagBag from /home/augenz/PycharmProjects/airflow/.env_airflow/lib/python3.9/site-packages/airflow/example_dags/example_task_group.py
[2022-08-29T12:41:31.581-0400] {processor.py:650} INFO - DAG(s) dict_keys(['example_task_group']) retrieved from /home/augenz/PycharmProjects/airflow/.env_airflow/lib/python3.9/site-packages/airflow/example_dags/example_task_group.py
[2022-08-29T12:41:32.040-0400] {logging_mixin.py:115} INFO - [2022-08-29T12:41:32.040-0400] {dag.py:2429} INFO - Sync 1 DAGs
[2022-08-29T12:41:32.068-0400] {logging_mixin.py:115} INFO - [2022-08-29T12:41:32.068-0400] {dag.py:2977} INFO - Setting next_dagrun for example_task_group to 2022-08-28T16:41:32.067774+00:00, run_after=2022-08-29T16:41:32.067774+00:00
[2022-08-29T12:41:32.107-0400] {processor.py:161} INFO - Processing /home/augenz/PycharmProjects/airflow/.env_airflow/lib/python3.9/site-packages/airflow/example_dags/example_task_group.py took 0.548 seconds
[2022-08-29T12:42:03.063-0400] {processor.py:153} INFO - Started process (PID=1056) to work on /home/augenz/PycharmProjects/airflow/.env_airflow/lib/python3.9/site-packages/airflow/example_dags/example_task_group.py
[2022-08-29T12:42:03.068-0400] {processor.py:640} INFO - Processing file /home/augenz/PycharmProjects/airflow/.env_airflow/lib/python3.9/site-packages/airflow/example_dags/example_task_group.py for tasks to queue
[2022-08-29T12:42:03.069-0400] {logging_mixin.py:115} INFO - [2022-08-29T12:42:03.069-0400] {dagbag.py:508} INFO - Filling up the DagBag from /home/augenz/PycharmProjects/airflow/.env_airflow/lib/python3.9/site-packages/airflow/example_dags/example_task_group.py
[2022-08-29T12:42:03.085-0400] {processor.py:650} INFO - DAG(s) dict_keys(['example_task_group']) retrieved from /home/augenz/PycharmProjects/airflow/.env_airflow/lib/python3.9/site-packages/airflow/example_dags/example_task_group.py
[2022-08-29T12:42:03.659-0400] {logging_mixin.py:115} INFO - [2022-08-29T12:42:03.659-0400] {dag.py:2429} INFO - Sync 1 DAGs
[2022-08-29T12:42:03.686-0400] {logging_mixin.py:115} INFO - [2022-08-29T12:42:03.686-0400] {dag.py:2977} INFO - Setting next_dagrun for example_task_group to 2022-08-28T16:42:03.685827+00:00, run_after=2022-08-29T16:42:03.685827+00:00
[2022-08-29T12:42:03.729-0400] {processor.py:161} INFO - Processing /home/augenz/PycharmProjects/airflow/.env_airflow/lib/python3.9/site-packages/airflow/example_dags/example_task_group.py took 0.673 seconds
[2022-08-29T12:42:33.961-0400] {processor.py:153} INFO - Started process (PID=1090) to work on /home/augenz/PycharmProjects/airflow/.env_airflow/lib/python3.9/site-packages/airflow/example_dags/example_task_group.py
[2022-08-29T12:42:33.966-0400] {processor.py:640} INFO - Processing file /home/augenz/PycharmProjects/airflow/.env_airflow/lib/python3.9/site-packages/airflow/example_dags/example_task_group.py for tasks to queue
[2022-08-29T12:42:33.967-0400] {logging_mixin.py:115} INFO - [2022-08-29T12:42:33.966-0400] {dagbag.py:508} INFO - Filling up the DagBag from /home/augenz/PycharmProjects/airflow/.env_airflow/lib/python3.9/site-packages/airflow/example_dags/example_task_group.py
[2022-08-29T12:42:33.982-0400] {processor.py:650} INFO - DAG(s) dict_keys(['example_task_group']) retrieved from /home/augenz/PycharmProjects/airflow/.env_airflow/lib/python3.9/site-packages/airflow/example_dags/example_task_group.py
[2022-08-29T12:42:34.597-0400] {logging_mixin.py:115} INFO - [2022-08-29T12:42:34.597-0400] {dag.py:2429} INFO - Sync 1 DAGs
[2022-08-29T12:42:34.624-0400] {logging_mixin.py:115} INFO - [2022-08-29T12:42:34.624-0400] {dag.py:2977} INFO - Setting next_dagrun for example_task_group to 2022-08-28T16:42:34.623801+00:00, run_after=2022-08-29T16:42:34.623801+00:00
[2022-08-29T12:42:34.674-0400] {processor.py:161} INFO - Processing /home/augenz/PycharmProjects/airflow/.env_airflow/lib/python3.9/site-packages/airflow/example_dags/example_task_group.py took 0.719 seconds
[2022-08-29T12:43:04.957-0400] {processor.py:153} INFO - Started process (PID=1125) to work on /home/augenz/PycharmProjects/airflow/.env_airflow/lib/python3.9/site-packages/airflow/example_dags/example_task_group.py
[2022-08-29T12:43:04.962-0400] {processor.py:640} INFO - Processing file /home/augenz/PycharmProjects/airflow/.env_airflow/lib/python3.9/site-packages/airflow/example_dags/example_task_group.py for tasks to queue
[2022-08-29T12:43:04.963-0400] {logging_mixin.py:115} INFO - [2022-08-29T12:43:04.963-0400] {dagbag.py:508} INFO - Filling up the DagBag from /home/augenz/PycharmProjects/airflow/.env_airflow/lib/python3.9/site-packages/airflow/example_dags/example_task_group.py
[2022-08-29T12:43:04.974-0400] {processor.py:650} INFO - DAG(s) dict_keys(['example_task_group']) retrieved from /home/augenz/PycharmProjects/airflow/.env_airflow/lib/python3.9/site-packages/airflow/example_dags/example_task_group.py
[2022-08-29T12:43:05.469-0400] {logging_mixin.py:115} INFO - [2022-08-29T12:43:05.469-0400] {dag.py:2429} INFO - Sync 1 DAGs
[2022-08-29T12:43:05.498-0400] {logging_mixin.py:115} INFO - [2022-08-29T12:43:05.497-0400] {dag.py:2977} INFO - Setting next_dagrun for example_task_group to 2022-08-28T16:43:05.497728+00:00, run_after=2022-08-29T16:43:05.497728+00:00
[2022-08-29T12:43:05.538-0400] {processor.py:161} INFO - Processing /home/augenz/PycharmProjects/airflow/.env_airflow/lib/python3.9/site-packages/airflow/example_dags/example_task_group.py took 0.586 seconds
[2022-08-29T12:43:36.037-0400] {processor.py:153} INFO - Started process (PID=1159) to work on /home/augenz/PycharmProjects/airflow/.env_airflow/lib/python3.9/site-packages/airflow/example_dags/example_task_group.py
[2022-08-29T12:43:36.041-0400] {processor.py:640} INFO - Processing file /home/augenz/PycharmProjects/airflow/.env_airflow/lib/python3.9/site-packages/airflow/example_dags/example_task_group.py for tasks to queue
[2022-08-29T12:43:36.042-0400] {logging_mixin.py:115} INFO - [2022-08-29T12:43:36.042-0400] {dagbag.py:508} INFO - Filling up the DagBag from /home/augenz/PycharmProjects/airflow/.env_airflow/lib/python3.9/site-packages/airflow/example_dags/example_task_group.py
[2022-08-29T12:43:36.056-0400] {processor.py:650} INFO - DAG(s) dict_keys(['example_task_group']) retrieved from /home/augenz/PycharmProjects/airflow/.env_airflow/lib/python3.9/site-packages/airflow/example_dags/example_task_group.py
[2022-08-29T12:43:36.513-0400] {logging_mixin.py:115} INFO - [2022-08-29T12:43:36.512-0400] {dag.py:2429} INFO - Sync 1 DAGs
[2022-08-29T12:43:36.539-0400] {logging_mixin.py:115} INFO - [2022-08-29T12:43:36.539-0400] {dag.py:2977} INFO - Setting next_dagrun for example_task_group to 2022-08-28T16:43:36.538941+00:00, run_after=2022-08-29T16:43:36.538941+00:00
[2022-08-29T12:43:36.567-0400] {processor.py:161} INFO - Processing /home/augenz/PycharmProjects/airflow/.env_airflow/lib/python3.9/site-packages/airflow/example_dags/example_task_group.py took 0.535 seconds
[2022-08-29T12:44:06.812-0400] {processor.py:153} INFO - Started process (PID=1193) to work on /home/augenz/PycharmProjects/airflow/.env_airflow/lib/python3.9/site-packages/airflow/example_dags/example_task_group.py
[2022-08-29T12:44:06.817-0400] {processor.py:640} INFO - Processing file /home/augenz/PycharmProjects/airflow/.env_airflow/lib/python3.9/site-packages/airflow/example_dags/example_task_group.py for tasks to queue
[2022-08-29T12:44:06.819-0400] {logging_mixin.py:115} INFO - [2022-08-29T12:44:06.818-0400] {dagbag.py:508} INFO - Filling up the DagBag from /home/augenz/PycharmProjects/airflow/.env_airflow/lib/python3.9/site-packages/airflow/example_dags/example_task_group.py
[2022-08-29T12:44:06.833-0400] {processor.py:650} INFO - DAG(s) dict_keys(['example_task_group']) retrieved from /home/augenz/PycharmProjects/airflow/.env_airflow/lib/python3.9/site-packages/airflow/example_dags/example_task_group.py
[2022-08-29T12:44:07.459-0400] {logging_mixin.py:115} INFO - [2022-08-29T12:44:07.459-0400] {dag.py:2429} INFO - Sync 1 DAGs
[2022-08-29T12:44:07.486-0400] {logging_mixin.py:115} INFO - [2022-08-29T12:44:07.486-0400] {dag.py:2977} INFO - Setting next_dagrun for example_task_group to 2022-08-28T16:44:07.486481+00:00, run_after=2022-08-29T16:44:07.486481+00:00
[2022-08-29T12:44:07.522-0400] {processor.py:161} INFO - Processing /home/augenz/PycharmProjects/airflow/.env_airflow/lib/python3.9/site-packages/airflow/example_dags/example_task_group.py took 0.715 seconds
[2022-08-29T12:44:37.669-0400] {processor.py:153} INFO - Started process (PID=1237) to work on /home/augenz/PycharmProjects/airflow/.env_airflow/lib/python3.9/site-packages/airflow/example_dags/example_task_group.py
[2022-08-29T12:44:37.671-0400] {processor.py:640} INFO - Processing file /home/augenz/PycharmProjects/airflow/.env_airflow/lib/python3.9/site-packages/airflow/example_dags/example_task_group.py for tasks to queue
[2022-08-29T12:44:37.672-0400] {logging_mixin.py:115} INFO - [2022-08-29T12:44:37.671-0400] {dagbag.py:508} INFO - Filling up the DagBag from /home/augenz/PycharmProjects/airflow/.env_airflow/lib/python3.9/site-packages/airflow/example_dags/example_task_group.py
[2022-08-29T12:44:37.684-0400] {processor.py:650} INFO - DAG(s) dict_keys(['example_task_group']) retrieved from /home/augenz/PycharmProjects/airflow/.env_airflow/lib/python3.9/site-packages/airflow/example_dags/example_task_group.py
[2022-08-29T12:44:38.296-0400] {logging_mixin.py:115} INFO - [2022-08-29T12:44:38.295-0400] {dag.py:2429} INFO - Sync 1 DAGs
[2022-08-29T12:44:38.323-0400] {logging_mixin.py:115} INFO - [2022-08-29T12:44:38.323-0400] {dag.py:2977} INFO - Setting next_dagrun for example_task_group to 2022-08-28T16:44:38.323366+00:00, run_after=2022-08-29T16:44:38.323366+00:00
[2022-08-29T12:44:38.368-0400] {processor.py:161} INFO - Processing /home/augenz/PycharmProjects/airflow/.env_airflow/lib/python3.9/site-packages/airflow/example_dags/example_task_group.py took 0.704 seconds
[2022-08-29T12:45:08.511-0400] {processor.py:153} INFO - Started process (PID=1275) to work on /home/augenz/PycharmProjects/airflow/.env_airflow/lib/python3.9/site-packages/airflow/example_dags/example_task_group.py
[2022-08-29T12:45:08.515-0400] {processor.py:640} INFO - Processing file /home/augenz/PycharmProjects/airflow/.env_airflow/lib/python3.9/site-packages/airflow/example_dags/example_task_group.py for tasks to queue
[2022-08-29T12:45:08.516-0400] {logging_mixin.py:115} INFO - [2022-08-29T12:45:08.516-0400] {dagbag.py:508} INFO - Filling up the DagBag from /home/augenz/PycharmProjects/airflow/.env_airflow/lib/python3.9/site-packages/airflow/example_dags/example_task_group.py
[2022-08-29T12:45:08.527-0400] {processor.py:650} INFO - DAG(s) dict_keys(['example_task_group']) retrieved from /home/augenz/PycharmProjects/airflow/.env_airflow/lib/python3.9/site-packages/airflow/example_dags/example_task_group.py
[2022-08-29T12:45:09.162-0400] {logging_mixin.py:115} INFO - [2022-08-29T12:45:09.161-0400] {dag.py:2429} INFO - Sync 1 DAGs
[2022-08-29T12:45:09.188-0400] {logging_mixin.py:115} INFO - [2022-08-29T12:45:09.188-0400] {dag.py:2977} INFO - Setting next_dagrun for example_task_group to 2022-08-28T16:45:09.188196+00:00, run_after=2022-08-29T16:45:09.188196+00:00
[2022-08-29T12:45:09.248-0400] {processor.py:161} INFO - Processing /home/augenz/PycharmProjects/airflow/.env_airflow/lib/python3.9/site-packages/airflow/example_dags/example_task_group.py took 0.744 seconds
[2022-08-29T12:45:39.639-0400] {processor.py:153} INFO - Started process (PID=1309) to work on /home/augenz/PycharmProjects/airflow/.env_airflow/lib/python3.9/site-packages/airflow/example_dags/example_task_group.py
[2022-08-29T12:45:39.642-0400] {processor.py:640} INFO - Processing file /home/augenz/PycharmProjects/airflow/.env_airflow/lib/python3.9/site-packages/airflow/example_dags/example_task_group.py for tasks to queue
[2022-08-29T12:45:39.643-0400] {logging_mixin.py:115} INFO - [2022-08-29T12:45:39.643-0400] {dagbag.py:508} INFO - Filling up the DagBag from /home/augenz/PycharmProjects/airflow/.env_airflow/lib/python3.9/site-packages/airflow/example_dags/example_task_group.py
[2022-08-29T12:45:39.653-0400] {processor.py:650} INFO - DAG(s) dict_keys(['example_task_group']) retrieved from /home/augenz/PycharmProjects/airflow/.env_airflow/lib/python3.9/site-packages/airflow/example_dags/example_task_group.py
[2022-08-29T12:45:40.124-0400] {logging_mixin.py:115} INFO - [2022-08-29T12:45:40.123-0400] {dag.py:2429} INFO - Sync 1 DAGs
[2022-08-29T12:45:40.152-0400] {logging_mixin.py:115} INFO - [2022-08-29T12:45:40.151-0400] {dag.py:2977} INFO - Setting next_dagrun for example_task_group to 2022-08-28T16:45:40.151566+00:00, run_after=2022-08-29T16:45:40.151566+00:00
[2022-08-29T12:45:40.186-0400] {processor.py:161} INFO - Processing /home/augenz/PycharmProjects/airflow/.env_airflow/lib/python3.9/site-packages/airflow/example_dags/example_task_group.py took 0.551 seconds
[2022-08-29T12:46:10.386-0400] {processor.py:153} INFO - Started process (PID=1344) to work on /home/augenz/PycharmProjects/airflow/.env_airflow/lib/python3.9/site-packages/airflow/example_dags/example_task_group.py
[2022-08-29T12:46:10.388-0400] {processor.py:640} INFO - Processing file /home/augenz/PycharmProjects/airflow/.env_airflow/lib/python3.9/site-packages/airflow/example_dags/example_task_group.py for tasks to queue
[2022-08-29T12:46:10.389-0400] {logging_mixin.py:115} INFO - [2022-08-29T12:46:10.389-0400] {dagbag.py:508} INFO - Filling up the DagBag from /home/augenz/PycharmProjects/airflow/.env_airflow/lib/python3.9/site-packages/airflow/example_dags/example_task_group.py
[2022-08-29T12:46:10.400-0400] {processor.py:650} INFO - DAG(s) dict_keys(['example_task_group']) retrieved from /home/augenz/PycharmProjects/airflow/.env_airflow/lib/python3.9/site-packages/airflow/example_dags/example_task_group.py
[2022-08-29T12:46:10.875-0400] {logging_mixin.py:115} INFO - [2022-08-29T12:46:10.875-0400] {dag.py:2429} INFO - Sync 1 DAGs
[2022-08-29T12:46:10.902-0400] {logging_mixin.py:115} INFO - [2022-08-29T12:46:10.902-0400] {dag.py:2977} INFO - Setting next_dagrun for example_task_group to 2022-08-28T16:46:10.902290+00:00, run_after=2022-08-29T16:46:10.902290+00:00
[2022-08-29T12:46:10.941-0400] {processor.py:161} INFO - Processing /home/augenz/PycharmProjects/airflow/.env_airflow/lib/python3.9/site-packages/airflow/example_dags/example_task_group.py took 0.560 seconds
[2022-08-29T12:46:41.097-0400] {processor.py:153} INFO - Started process (PID=1377) to work on /home/augenz/PycharmProjects/airflow/.env_airflow/lib/python3.9/site-packages/airflow/example_dags/example_task_group.py
[2022-08-29T12:46:41.110-0400] {processor.py:640} INFO - Processing file /home/augenz/PycharmProjects/airflow/.env_airflow/lib/python3.9/site-packages/airflow/example_dags/example_task_group.py for tasks to queue
[2022-08-29T12:46:41.112-0400] {logging_mixin.py:115} INFO - [2022-08-29T12:46:41.111-0400] {dagbag.py:508} INFO - Filling up the DagBag from /home/augenz/PycharmProjects/airflow/.env_airflow/lib/python3.9/site-packages/airflow/example_dags/example_task_group.py
[2022-08-29T12:46:41.121-0400] {processor.py:650} INFO - DAG(s) dict_keys(['example_task_group']) retrieved from /home/augenz/PycharmProjects/airflow/.env_airflow/lib/python3.9/site-packages/airflow/example_dags/example_task_group.py
[2022-08-29T12:46:41.647-0400] {logging_mixin.py:115} INFO - [2022-08-29T12:46:41.646-0400] {dag.py:2429} INFO - Sync 1 DAGs
[2022-08-29T12:46:41.678-0400] {logging_mixin.py:115} INFO - [2022-08-29T12:46:41.677-0400] {dag.py:2977} INFO - Setting next_dagrun for example_task_group to 2022-08-28T16:46:41.677699+00:00, run_after=2022-08-29T16:46:41.677699+00:00
[2022-08-29T12:46:41.713-0400] {processor.py:161} INFO - Processing /home/augenz/PycharmProjects/airflow/.env_airflow/lib/python3.9/site-packages/airflow/example_dags/example_task_group.py took 0.624 seconds
[2022-08-29T12:47:12.187-0400] {processor.py:153} INFO - Started process (PID=1411) to work on /home/augenz/PycharmProjects/airflow/.env_airflow/lib/python3.9/site-packages/airflow/example_dags/example_task_group.py
[2022-08-29T12:47:12.199-0400] {processor.py:640} INFO - Processing file /home/augenz/PycharmProjects/airflow/.env_airflow/lib/python3.9/site-packages/airflow/example_dags/example_task_group.py for tasks to queue
[2022-08-29T12:47:12.200-0400] {logging_mixin.py:115} INFO - [2022-08-29T12:47:12.200-0400] {dagbag.py:508} INFO - Filling up the DagBag from /home/augenz/PycharmProjects/airflow/.env_airflow/lib/python3.9/site-packages/airflow/example_dags/example_task_group.py
[2022-08-29T12:47:12.210-0400] {processor.py:650} INFO - DAG(s) dict_keys(['example_task_group']) retrieved from /home/augenz/PycharmProjects/airflow/.env_airflow/lib/python3.9/site-packages/airflow/example_dags/example_task_group.py
[2022-08-29T12:47:12.670-0400] {logging_mixin.py:115} INFO - [2022-08-29T12:47:12.670-0400] {dag.py:2429} INFO - Sync 1 DAGs
[2022-08-29T12:47:12.696-0400] {logging_mixin.py:115} INFO - [2022-08-29T12:47:12.696-0400] {dag.py:2977} INFO - Setting next_dagrun for example_task_group to 2022-08-28T16:47:12.695816+00:00, run_after=2022-08-29T16:47:12.695816+00:00
[2022-08-29T12:47:12.735-0400] {processor.py:161} INFO - Processing /home/augenz/PycharmProjects/airflow/.env_airflow/lib/python3.9/site-packages/airflow/example_dags/example_task_group.py took 0.553 seconds
[2022-08-29T12:47:42.888-0400] {processor.py:153} INFO - Started process (PID=1453) to work on /home/augenz/PycharmProjects/airflow/.env_airflow/lib/python3.9/site-packages/airflow/example_dags/example_task_group.py
[2022-08-29T12:47:42.893-0400] {processor.py:640} INFO - Processing file /home/augenz/PycharmProjects/airflow/.env_airflow/lib/python3.9/site-packages/airflow/example_dags/example_task_group.py for tasks to queue
[2022-08-29T12:47:42.894-0400] {logging_mixin.py:115} INFO - [2022-08-29T12:47:42.894-0400] {dagbag.py:508} INFO - Filling up the DagBag from /home/augenz/PycharmProjects/airflow/.env_airflow/lib/python3.9/site-packages/airflow/example_dags/example_task_group.py
[2022-08-29T12:47:42.910-0400] {processor.py:650} INFO - DAG(s) dict_keys(['example_task_group']) retrieved from /home/augenz/PycharmProjects/airflow/.env_airflow/lib/python3.9/site-packages/airflow/example_dags/example_task_group.py
[2022-08-29T12:47:43.486-0400] {logging_mixin.py:115} INFO - [2022-08-29T12:47:43.485-0400] {dag.py:2429} INFO - Sync 1 DAGs
[2022-08-29T12:47:43.513-0400] {logging_mixin.py:115} INFO - [2022-08-29T12:47:43.513-0400] {dag.py:2977} INFO - Setting next_dagrun for example_task_group to 2022-08-28T16:47:43.512861+00:00, run_after=2022-08-29T16:47:43.512861+00:00
[2022-08-29T12:47:43.556-0400] {processor.py:161} INFO - Processing /home/augenz/PycharmProjects/airflow/.env_airflow/lib/python3.9/site-packages/airflow/example_dags/example_task_group.py took 0.673 seconds
[2022-08-29T12:48:13.993-0400] {processor.py:153} INFO - Started process (PID=1487) to work on /home/augenz/PycharmProjects/airflow/.env_airflow/lib/python3.9/site-packages/airflow/example_dags/example_task_group.py
[2022-08-29T12:48:13.998-0400] {processor.py:640} INFO - Processing file /home/augenz/PycharmProjects/airflow/.env_airflow/lib/python3.9/site-packages/airflow/example_dags/example_task_group.py for tasks to queue
[2022-08-29T12:48:13.999-0400] {logging_mixin.py:115} INFO - [2022-08-29T12:48:13.999-0400] {dagbag.py:508} INFO - Filling up the DagBag from /home/augenz/PycharmProjects/airflow/.env_airflow/lib/python3.9/site-packages/airflow/example_dags/example_task_group.py
[2022-08-29T12:48:14.013-0400] {processor.py:650} INFO - DAG(s) dict_keys(['example_task_group']) retrieved from /home/augenz/PycharmProjects/airflow/.env_airflow/lib/python3.9/site-packages/airflow/example_dags/example_task_group.py
[2022-08-29T12:48:14.483-0400] {logging_mixin.py:115} INFO - [2022-08-29T12:48:14.483-0400] {dag.py:2429} INFO - Sync 1 DAGs
[2022-08-29T12:48:14.512-0400] {logging_mixin.py:115} INFO - [2022-08-29T12:48:14.512-0400] {dag.py:2977} INFO - Setting next_dagrun for example_task_group to 2022-08-28T16:48:14.511623+00:00, run_after=2022-08-29T16:48:14.511623+00:00
[2022-08-29T12:48:14.547-0400] {processor.py:161} INFO - Processing /home/augenz/PycharmProjects/airflow/.env_airflow/lib/python3.9/site-packages/airflow/example_dags/example_task_group.py took 0.559 seconds
[2022-08-29T12:48:44.944-0400] {processor.py:153} INFO - Started process (PID=1522) to work on /home/augenz/PycharmProjects/airflow/.env_airflow/lib/python3.9/site-packages/airflow/example_dags/example_task_group.py
[2022-08-29T12:48:44.959-0400] {processor.py:640} INFO - Processing file /home/augenz/PycharmProjects/airflow/.env_airflow/lib/python3.9/site-packages/airflow/example_dags/example_task_group.py for tasks to queue
[2022-08-29T12:48:44.960-0400] {logging_mixin.py:115} INFO - [2022-08-29T12:48:44.960-0400] {dagbag.py:508} INFO - Filling up the DagBag from /home/augenz/PycharmProjects/airflow/.env_airflow/lib/python3.9/site-packages/airflow/example_dags/example_task_group.py
[2022-08-29T12:48:44.975-0400] {processor.py:650} INFO - DAG(s) dict_keys(['example_task_group']) retrieved from /home/augenz/PycharmProjects/airflow/.env_airflow/lib/python3.9/site-packages/airflow/example_dags/example_task_group.py
[2022-08-29T12:48:45.455-0400] {logging_mixin.py:115} INFO - [2022-08-29T12:48:45.454-0400] {dag.py:2429} INFO - Sync 1 DAGs
[2022-08-29T12:48:45.481-0400] {logging_mixin.py:115} INFO - [2022-08-29T12:48:45.481-0400] {dag.py:2977} INFO - Setting next_dagrun for example_task_group to 2022-08-28T16:48:45.481040+00:00, run_after=2022-08-29T16:48:45.481040+00:00
[2022-08-29T12:48:45.526-0400] {processor.py:161} INFO - Processing /home/augenz/PycharmProjects/airflow/.env_airflow/lib/python3.9/site-packages/airflow/example_dags/example_task_group.py took 0.588 seconds
[2022-08-29T12:49:15.635-0400] {processor.py:153} INFO - Started process (PID=1564) to work on /home/augenz/PycharmProjects/airflow/.env_airflow/lib/python3.9/site-packages/airflow/example_dags/example_task_group.py
[2022-08-29T12:49:15.649-0400] {processor.py:640} INFO - Processing file /home/augenz/PycharmProjects/airflow/.env_airflow/lib/python3.9/site-packages/airflow/example_dags/example_task_group.py for tasks to queue
[2022-08-29T12:49:15.650-0400] {logging_mixin.py:115} INFO - [2022-08-29T12:49:15.650-0400] {dagbag.py:508} INFO - Filling up the DagBag from /home/augenz/PycharmProjects/airflow/.env_airflow/lib/python3.9/site-packages/airflow/example_dags/example_task_group.py
[2022-08-29T12:49:15.661-0400] {processor.py:650} INFO - DAG(s) dict_keys(['example_task_group']) retrieved from /home/augenz/PycharmProjects/airflow/.env_airflow/lib/python3.9/site-packages/airflow/example_dags/example_task_group.py
[2022-08-29T12:49:16.374-0400] {logging_mixin.py:115} INFO - [2022-08-29T12:49:16.373-0400] {dag.py:2429} INFO - Sync 1 DAGs
[2022-08-29T12:49:16.401-0400] {logging_mixin.py:115} INFO - [2022-08-29T12:49:16.401-0400] {dag.py:2977} INFO - Setting next_dagrun for example_task_group to 2022-08-28T16:49:16.400955+00:00, run_after=2022-08-29T16:49:16.400955+00:00
[2022-08-29T12:49:16.448-0400] {processor.py:161} INFO - Processing /home/augenz/PycharmProjects/airflow/.env_airflow/lib/python3.9/site-packages/airflow/example_dags/example_task_group.py took 0.817 seconds
[2022-08-29T12:49:46.757-0400] {processor.py:153} INFO - Started process (PID=1600) to work on /home/augenz/PycharmProjects/airflow/.env_airflow/lib/python3.9/site-packages/airflow/example_dags/example_task_group.py
[2022-08-29T12:49:46.760-0400] {processor.py:640} INFO - Processing file /home/augenz/PycharmProjects/airflow/.env_airflow/lib/python3.9/site-packages/airflow/example_dags/example_task_group.py for tasks to queue
[2022-08-29T12:49:46.761-0400] {logging_mixin.py:115} INFO - [2022-08-29T12:49:46.761-0400] {dagbag.py:508} INFO - Filling up the DagBag from /home/augenz/PycharmProjects/airflow/.env_airflow/lib/python3.9/site-packages/airflow/example_dags/example_task_group.py
[2022-08-29T12:49:46.775-0400] {processor.py:650} INFO - DAG(s) dict_keys(['example_task_group']) retrieved from /home/augenz/PycharmProjects/airflow/.env_airflow/lib/python3.9/site-packages/airflow/example_dags/example_task_group.py
[2022-08-29T12:49:47.244-0400] {logging_mixin.py:115} INFO - [2022-08-29T12:49:47.244-0400] {dag.py:2429} INFO - Sync 1 DAGs
[2022-08-29T12:49:47.272-0400] {logging_mixin.py:115} INFO - [2022-08-29T12:49:47.272-0400] {dag.py:2977} INFO - Setting next_dagrun for example_task_group to 2022-08-28T16:49:47.272461+00:00, run_after=2022-08-29T16:49:47.272461+00:00
[2022-08-29T12:49:47.320-0400] {processor.py:161} INFO - Processing /home/augenz/PycharmProjects/airflow/.env_airflow/lib/python3.9/site-packages/airflow/example_dags/example_task_group.py took 0.572 seconds
[2022-08-29T12:50:17.985-0400] {processor.py:153} INFO - Started process (PID=1634) to work on /home/augenz/PycharmProjects/airflow/.env_airflow/lib/python3.9/site-packages/airflow/example_dags/example_task_group.py
[2022-08-29T12:50:17.988-0400] {processor.py:640} INFO - Processing file /home/augenz/PycharmProjects/airflow/.env_airflow/lib/python3.9/site-packages/airflow/example_dags/example_task_group.py for tasks to queue
[2022-08-29T12:50:17.988-0400] {logging_mixin.py:115} INFO - [2022-08-29T12:50:17.988-0400] {dagbag.py:508} INFO - Filling up the DagBag from /home/augenz/PycharmProjects/airflow/.env_airflow/lib/python3.9/site-packages/airflow/example_dags/example_task_group.py
[2022-08-29T12:50:17.998-0400] {processor.py:650} INFO - DAG(s) dict_keys(['example_task_group']) retrieved from /home/augenz/PycharmProjects/airflow/.env_airflow/lib/python3.9/site-packages/airflow/example_dags/example_task_group.py
[2022-08-29T12:50:18.746-0400] {logging_mixin.py:115} INFO - [2022-08-29T12:50:18.746-0400] {dag.py:2429} INFO - Sync 1 DAGs
[2022-08-29T12:50:18.789-0400] {logging_mixin.py:115} INFO - [2022-08-29T12:50:18.789-0400] {dag.py:2977} INFO - Setting next_dagrun for example_task_group to 2022-08-28T16:50:18.788982+00:00, run_after=2022-08-29T16:50:18.788982+00:00
[2022-08-29T12:50:18.862-0400] {processor.py:161} INFO - Processing /home/augenz/PycharmProjects/airflow/.env_airflow/lib/python3.9/site-packages/airflow/example_dags/example_task_group.py took 0.881 seconds
[2022-08-29T12:50:49.845-0400] {processor.py:153} INFO - Started process (PID=1673) to work on /home/augenz/PycharmProjects/airflow/.env_airflow/lib/python3.9/site-packages/airflow/example_dags/example_task_group.py
[2022-08-29T12:50:49.862-0400] {processor.py:640} INFO - Processing file /home/augenz/PycharmProjects/airflow/.env_airflow/lib/python3.9/site-packages/airflow/example_dags/example_task_group.py for tasks to queue
[2022-08-29T12:50:49.864-0400] {logging_mixin.py:115} INFO - [2022-08-29T12:50:49.863-0400] {dagbag.py:508} INFO - Filling up the DagBag from /home/augenz/PycharmProjects/airflow/.env_airflow/lib/python3.9/site-packages/airflow/example_dags/example_task_group.py
[2022-08-29T12:50:49.878-0400] {processor.py:650} INFO - DAG(s) dict_keys(['example_task_group']) retrieved from /home/augenz/PycharmProjects/airflow/.env_airflow/lib/python3.9/site-packages/airflow/example_dags/example_task_group.py
[2022-08-29T12:50:50.443-0400] {logging_mixin.py:115} INFO - [2022-08-29T12:50:50.443-0400] {dag.py:2429} INFO - Sync 1 DAGs
[2022-08-29T12:50:50.470-0400] {logging_mixin.py:115} INFO - [2022-08-29T12:50:50.470-0400] {dag.py:2977} INFO - Setting next_dagrun for example_task_group to 2022-08-28T16:50:50.470255+00:00, run_after=2022-08-29T16:50:50.470255+00:00
[2022-08-29T12:50:50.514-0400] {processor.py:161} INFO - Processing /home/augenz/PycharmProjects/airflow/.env_airflow/lib/python3.9/site-packages/airflow/example_dags/example_task_group.py took 0.674 seconds
[2022-08-29T12:51:21.159-0400] {processor.py:153} INFO - Started process (PID=1707) to work on /home/augenz/PycharmProjects/airflow/.env_airflow/lib/python3.9/site-packages/airflow/example_dags/example_task_group.py
[2022-08-29T12:51:21.177-0400] {processor.py:640} INFO - Processing file /home/augenz/PycharmProjects/airflow/.env_airflow/lib/python3.9/site-packages/airflow/example_dags/example_task_group.py for tasks to queue
[2022-08-29T12:51:21.180-0400] {logging_mixin.py:115} INFO - [2022-08-29T12:51:21.179-0400] {dagbag.py:508} INFO - Filling up the DagBag from /home/augenz/PycharmProjects/airflow/.env_airflow/lib/python3.9/site-packages/airflow/example_dags/example_task_group.py
[2022-08-29T12:51:21.202-0400] {processor.py:650} INFO - DAG(s) dict_keys(['example_task_group']) retrieved from /home/augenz/PycharmProjects/airflow/.env_airflow/lib/python3.9/site-packages/airflow/example_dags/example_task_group.py
[2022-08-29T12:51:21.913-0400] {logging_mixin.py:115} INFO - [2022-08-29T12:51:21.913-0400] {dag.py:2429} INFO - Sync 1 DAGs
[2022-08-29T12:51:21.940-0400] {logging_mixin.py:115} INFO - [2022-08-29T12:51:21.940-0400] {dag.py:2977} INFO - Setting next_dagrun for example_task_group to 2022-08-28T16:51:21.940434+00:00, run_after=2022-08-29T16:51:21.940434+00:00
[2022-08-29T12:51:22.009-0400] {processor.py:161} INFO - Processing /home/augenz/PycharmProjects/airflow/.env_airflow/lib/python3.9/site-packages/airflow/example_dags/example_task_group.py took 0.856 seconds
[2022-08-29T12:51:52.770-0400] {processor.py:153} INFO - Started process (PID=1745) to work on /home/augenz/PycharmProjects/airflow/.env_airflow/lib/python3.9/site-packages/airflow/example_dags/example_task_group.py
[2022-08-29T12:51:52.777-0400] {processor.py:640} INFO - Processing file /home/augenz/PycharmProjects/airflow/.env_airflow/lib/python3.9/site-packages/airflow/example_dags/example_task_group.py for tasks to queue
[2022-08-29T12:51:52.778-0400] {logging_mixin.py:115} INFO - [2022-08-29T12:51:52.778-0400] {dagbag.py:508} INFO - Filling up the DagBag from /home/augenz/PycharmProjects/airflow/.env_airflow/lib/python3.9/site-packages/airflow/example_dags/example_task_group.py
[2022-08-29T12:51:52.793-0400] {processor.py:650} INFO - DAG(s) dict_keys(['example_task_group']) retrieved from /home/augenz/PycharmProjects/airflow/.env_airflow/lib/python3.9/site-packages/airflow/example_dags/example_task_group.py
[2022-08-29T12:51:53.254-0400] {logging_mixin.py:115} INFO - [2022-08-29T12:51:53.254-0400] {dag.py:2429} INFO - Sync 1 DAGs
[2022-08-29T12:51:53.281-0400] {logging_mixin.py:115} INFO - [2022-08-29T12:51:53.281-0400] {dag.py:2977} INFO - Setting next_dagrun for example_task_group to 2022-08-28T16:51:53.281139+00:00, run_after=2022-08-29T16:51:53.281139+00:00
[2022-08-29T12:51:53.333-0400] {processor.py:161} INFO - Processing /home/augenz/PycharmProjects/airflow/.env_airflow/lib/python3.9/site-packages/airflow/example_dags/example_task_group.py took 0.568 seconds
[2022-08-29T12:52:23.844-0400] {processor.py:153} INFO - Started process (PID=1779) to work on /home/augenz/PycharmProjects/airflow/.env_airflow/lib/python3.9/site-packages/airflow/example_dags/example_task_group.py
[2022-08-29T12:52:23.862-0400] {processor.py:640} INFO - Processing file /home/augenz/PycharmProjects/airflow/.env_airflow/lib/python3.9/site-packages/airflow/example_dags/example_task_group.py for tasks to queue
[2022-08-29T12:52:23.864-0400] {logging_mixin.py:115} INFO - [2022-08-29T12:52:23.863-0400] {dagbag.py:508} INFO - Filling up the DagBag from /home/augenz/PycharmProjects/airflow/.env_airflow/lib/python3.9/site-packages/airflow/example_dags/example_task_group.py
[2022-08-29T12:52:23.879-0400] {processor.py:650} INFO - DAG(s) dict_keys(['example_task_group']) retrieved from /home/augenz/PycharmProjects/airflow/.env_airflow/lib/python3.9/site-packages/airflow/example_dags/example_task_group.py
[2022-08-29T12:52:24.349-0400] {logging_mixin.py:115} INFO - [2022-08-29T12:52:24.349-0400] {dag.py:2429} INFO - Sync 1 DAGs
[2022-08-29T12:52:24.377-0400] {logging_mixin.py:115} INFO - [2022-08-29T12:52:24.376-0400] {dag.py:2977} INFO - Setting next_dagrun for example_task_group to 2022-08-28T16:52:24.376681+00:00, run_after=2022-08-29T16:52:24.376681+00:00
[2022-08-29T12:52:24.471-0400] {processor.py:161} INFO - Processing /home/augenz/PycharmProjects/airflow/.env_airflow/lib/python3.9/site-packages/airflow/example_dags/example_task_group.py took 0.635 seconds
[2022-08-29T12:52:54.545-0400] {processor.py:153} INFO - Started process (PID=1813) to work on /home/augenz/PycharmProjects/airflow/.env_airflow/lib/python3.9/site-packages/airflow/example_dags/example_task_group.py
[2022-08-29T12:52:54.550-0400] {processor.py:640} INFO - Processing file /home/augenz/PycharmProjects/airflow/.env_airflow/lib/python3.9/site-packages/airflow/example_dags/example_task_group.py for tasks to queue
[2022-08-29T12:52:54.551-0400] {logging_mixin.py:115} INFO - [2022-08-29T12:52:54.551-0400] {dagbag.py:508} INFO - Filling up the DagBag from /home/augenz/PycharmProjects/airflow/.env_airflow/lib/python3.9/site-packages/airflow/example_dags/example_task_group.py
[2022-08-29T12:52:54.565-0400] {processor.py:650} INFO - DAG(s) dict_keys(['example_task_group']) retrieved from /home/augenz/PycharmProjects/airflow/.env_airflow/lib/python3.9/site-packages/airflow/example_dags/example_task_group.py
[2022-08-29T12:52:55.028-0400] {logging_mixin.py:115} INFO - [2022-08-29T12:52:55.028-0400] {dag.py:2429} INFO - Sync 1 DAGs
[2022-08-29T12:52:55.055-0400] {logging_mixin.py:115} INFO - [2022-08-29T12:52:55.055-0400] {dag.py:2977} INFO - Setting next_dagrun for example_task_group to 2022-08-28T16:52:55.055341+00:00, run_after=2022-08-29T16:52:55.055341+00:00
[2022-08-29T12:52:55.100-0400] {processor.py:161} INFO - Processing /home/augenz/PycharmProjects/airflow/.env_airflow/lib/python3.9/site-packages/airflow/example_dags/example_task_group.py took 0.560 seconds
[2022-08-29T12:53:25.685-0400] {processor.py:153} INFO - Started process (PID=1850) to work on /home/augenz/PycharmProjects/airflow/.env_airflow/lib/python3.9/site-packages/airflow/example_dags/example_task_group.py
[2022-08-29T12:53:25.690-0400] {processor.py:640} INFO - Processing file /home/augenz/PycharmProjects/airflow/.env_airflow/lib/python3.9/site-packages/airflow/example_dags/example_task_group.py for tasks to queue
[2022-08-29T12:53:25.691-0400] {logging_mixin.py:115} INFO - [2022-08-29T12:53:25.691-0400] {dagbag.py:508} INFO - Filling up the DagBag from /home/augenz/PycharmProjects/airflow/.env_airflow/lib/python3.9/site-packages/airflow/example_dags/example_task_group.py
[2022-08-29T12:53:25.702-0400] {processor.py:650} INFO - DAG(s) dict_keys(['example_task_group']) retrieved from /home/augenz/PycharmProjects/airflow/.env_airflow/lib/python3.9/site-packages/airflow/example_dags/example_task_group.py
[2022-08-29T12:53:26.173-0400] {logging_mixin.py:115} INFO - [2022-08-29T12:53:26.172-0400] {dag.py:2429} INFO - Sync 1 DAGs
[2022-08-29T12:53:26.200-0400] {logging_mixin.py:115} INFO - [2022-08-29T12:53:26.200-0400] {dag.py:2977} INFO - Setting next_dagrun for example_task_group to 2022-08-28T16:53:26.199823+00:00, run_after=2022-08-29T16:53:26.199823+00:00
[2022-08-29T12:53:26.264-0400] {processor.py:161} INFO - Processing /home/augenz/PycharmProjects/airflow/.env_airflow/lib/python3.9/site-packages/airflow/example_dags/example_task_group.py took 0.584 seconds
[2022-08-29T12:53:57.114-0400] {processor.py:153} INFO - Started process (PID=1892) to work on /home/augenz/PycharmProjects/airflow/.env_airflow/lib/python3.9/site-packages/airflow/example_dags/example_task_group.py
[2022-08-29T12:53:57.119-0400] {processor.py:640} INFO - Processing file /home/augenz/PycharmProjects/airflow/.env_airflow/lib/python3.9/site-packages/airflow/example_dags/example_task_group.py for tasks to queue
[2022-08-29T12:53:57.121-0400] {logging_mixin.py:115} INFO - [2022-08-29T12:53:57.121-0400] {dagbag.py:508} INFO - Filling up the DagBag from /home/augenz/PycharmProjects/airflow/.env_airflow/lib/python3.9/site-packages/airflow/example_dags/example_task_group.py
[2022-08-29T12:53:57.135-0400] {processor.py:650} INFO - DAG(s) dict_keys(['example_task_group']) retrieved from /home/augenz/PycharmProjects/airflow/.env_airflow/lib/python3.9/site-packages/airflow/example_dags/example_task_group.py
[2022-08-29T12:53:57.749-0400] {logging_mixin.py:115} INFO - [2022-08-29T12:53:57.749-0400] {dag.py:2429} INFO - Sync 1 DAGs
[2022-08-29T12:53:57.778-0400] {logging_mixin.py:115} INFO - [2022-08-29T12:53:57.778-0400] {dag.py:2977} INFO - Setting next_dagrun for example_task_group to 2022-08-28T16:53:57.777798+00:00, run_after=2022-08-29T16:53:57.777798+00:00
[2022-08-29T12:53:57.836-0400] {processor.py:161} INFO - Processing /home/augenz/PycharmProjects/airflow/.env_airflow/lib/python3.9/site-packages/airflow/example_dags/example_task_group.py took 0.729 seconds
