[2022-08-29T12:33:13.907-0400] {processor.py:153} INFO - Started process (PID=369) to work on /home/augenz/PycharmProjects/airflow/.env_airflow/lib/python3.9/site-packages/airflow/example_dags/tutorial_taskflow_api_etl.py
[2022-08-29T12:33:13.908-0400] {processor.py:640} INFO - Processing file /home/augenz/PycharmProjects/airflow/.env_airflow/lib/python3.9/site-packages/airflow/example_dags/tutorial_taskflow_api_etl.py for tasks to queue
[2022-08-29T12:33:13.909-0400] {logging_mixin.py:115} INFO - [2022-08-29T12:33:13.908-0400] {dagbag.py:508} INFO - Filling up the DagBag from /home/augenz/PycharmProjects/airflow/.env_airflow/lib/python3.9/site-packages/airflow/example_dags/tutorial_taskflow_api_etl.py
[2022-08-29T12:33:13.972-0400] {processor.py:650} INFO - DAG(s) dict_keys(['tutorial_taskflow_api_etl']) retrieved from /home/augenz/PycharmProjects/airflow/.env_airflow/lib/python3.9/site-packages/airflow/example_dags/tutorial_taskflow_api_etl.py
[2022-08-29T12:33:14.151-0400] {logging_mixin.py:115} INFO - [2022-08-29T12:33:14.150-0400] {manager.py:508} INFO - Created Permission View: can delete on DAG:tutorial_taskflow_api_etl
[2022-08-29T12:33:14.200-0400] {logging_mixin.py:115} INFO - [2022-08-29T12:33:14.200-0400] {manager.py:508} INFO - Created Permission View: can read on DAG:tutorial_taskflow_api_etl
[2022-08-29T12:33:14.250-0400] {logging_mixin.py:115} INFO - [2022-08-29T12:33:14.250-0400] {manager.py:508} INFO - Created Permission View: can edit on DAG:tutorial_taskflow_api_etl
[2022-08-29T12:33:14.251-0400] {logging_mixin.py:115} INFO - [2022-08-29T12:33:14.251-0400] {dag.py:2429} INFO - Sync 1 DAGs
[2022-08-29T12:33:14.277-0400] {logging_mixin.py:115} INFO - [2022-08-29T12:33:14.276-0400] {dag.py:2448} INFO - Creating ORM DAG for tutorial_taskflow_api_etl
[2022-08-29T12:33:14.311-0400] {logging_mixin.py:115} INFO - [2022-08-29T12:33:14.311-0400] {dag.py:2977} INFO - Setting next_dagrun for tutorial_taskflow_api_etl to None, run_after=None
[2022-08-29T12:33:14.365-0400] {processor.py:161} INFO - Processing /home/augenz/PycharmProjects/airflow/.env_airflow/lib/python3.9/site-packages/airflow/example_dags/tutorial_taskflow_api_etl.py took 0.463 seconds
[2022-08-29T12:33:45.036-0400] {processor.py:153} INFO - Started process (PID=409) to work on /home/augenz/PycharmProjects/airflow/.env_airflow/lib/python3.9/site-packages/airflow/example_dags/tutorial_taskflow_api_etl.py
[2022-08-29T12:33:45.040-0400] {processor.py:640} INFO - Processing file /home/augenz/PycharmProjects/airflow/.env_airflow/lib/python3.9/site-packages/airflow/example_dags/tutorial_taskflow_api_etl.py for tasks to queue
[2022-08-29T12:33:45.042-0400] {logging_mixin.py:115} INFO - [2022-08-29T12:33:45.041-0400] {dagbag.py:508} INFO - Filling up the DagBag from /home/augenz/PycharmProjects/airflow/.env_airflow/lib/python3.9/site-packages/airflow/example_dags/tutorial_taskflow_api_etl.py
[2022-08-29T12:33:45.068-0400] {processor.py:650} INFO - DAG(s) dict_keys(['tutorial_taskflow_api_etl']) retrieved from /home/augenz/PycharmProjects/airflow/.env_airflow/lib/python3.9/site-packages/airflow/example_dags/tutorial_taskflow_api_etl.py
[2022-08-29T12:33:45.164-0400] {logging_mixin.py:115} INFO - [2022-08-29T12:33:45.164-0400] {dag.py:2429} INFO - Sync 1 DAGs
[2022-08-29T12:33:45.197-0400] {logging_mixin.py:115} INFO - [2022-08-29T12:33:45.197-0400] {dag.py:2977} INFO - Setting next_dagrun for tutorial_taskflow_api_etl to None, run_after=None
[2022-08-29T12:33:45.245-0400] {processor.py:161} INFO - Processing /home/augenz/PycharmProjects/airflow/.env_airflow/lib/python3.9/site-packages/airflow/example_dags/tutorial_taskflow_api_etl.py took 0.214 seconds
[2022-08-29T12:34:15.296-0400] {processor.py:153} INFO - Started process (PID=444) to work on /home/augenz/PycharmProjects/airflow/.env_airflow/lib/python3.9/site-packages/airflow/example_dags/tutorial_taskflow_api_etl.py
[2022-08-29T12:34:15.314-0400] {processor.py:640} INFO - Processing file /home/augenz/PycharmProjects/airflow/.env_airflow/lib/python3.9/site-packages/airflow/example_dags/tutorial_taskflow_api_etl.py for tasks to queue
[2022-08-29T12:34:15.315-0400] {logging_mixin.py:115} INFO - [2022-08-29T12:34:15.314-0400] {dagbag.py:508} INFO - Filling up the DagBag from /home/augenz/PycharmProjects/airflow/.env_airflow/lib/python3.9/site-packages/airflow/example_dags/tutorial_taskflow_api_etl.py
[2022-08-29T12:34:15.342-0400] {processor.py:650} INFO - DAG(s) dict_keys(['tutorial_taskflow_api_etl']) retrieved from /home/augenz/PycharmProjects/airflow/.env_airflow/lib/python3.9/site-packages/airflow/example_dags/tutorial_taskflow_api_etl.py
[2022-08-29T12:34:15.481-0400] {logging_mixin.py:115} INFO - [2022-08-29T12:34:15.481-0400] {dag.py:2429} INFO - Sync 1 DAGs
[2022-08-29T12:34:15.529-0400] {logging_mixin.py:115} INFO - [2022-08-29T12:34:15.529-0400] {dag.py:2977} INFO - Setting next_dagrun for tutorial_taskflow_api_etl to None, run_after=None
[2022-08-29T12:34:15.586-0400] {processor.py:161} INFO - Processing /home/augenz/PycharmProjects/airflow/.env_airflow/lib/python3.9/site-packages/airflow/example_dags/tutorial_taskflow_api_etl.py took 0.297 seconds
[2022-08-29T12:34:46.031-0400] {processor.py:153} INFO - Started process (PID=479) to work on /home/augenz/PycharmProjects/airflow/.env_airflow/lib/python3.9/site-packages/airflow/example_dags/tutorial_taskflow_api_etl.py
[2022-08-29T12:34:46.033-0400] {processor.py:640} INFO - Processing file /home/augenz/PycharmProjects/airflow/.env_airflow/lib/python3.9/site-packages/airflow/example_dags/tutorial_taskflow_api_etl.py for tasks to queue
[2022-08-29T12:34:46.035-0400] {logging_mixin.py:115} INFO - [2022-08-29T12:34:46.035-0400] {dagbag.py:508} INFO - Filling up the DagBag from /home/augenz/PycharmProjects/airflow/.env_airflow/lib/python3.9/site-packages/airflow/example_dags/tutorial_taskflow_api_etl.py
[2022-08-29T12:34:46.070-0400] {processor.py:650} INFO - DAG(s) dict_keys(['tutorial_taskflow_api_etl']) retrieved from /home/augenz/PycharmProjects/airflow/.env_airflow/lib/python3.9/site-packages/airflow/example_dags/tutorial_taskflow_api_etl.py
[2022-08-29T12:34:46.191-0400] {logging_mixin.py:115} INFO - [2022-08-29T12:34:46.190-0400] {dag.py:2429} INFO - Sync 1 DAGs
[2022-08-29T12:34:46.233-0400] {logging_mixin.py:115} INFO - [2022-08-29T12:34:46.233-0400] {dag.py:2977} INFO - Setting next_dagrun for tutorial_taskflow_api_etl to None, run_after=None
[2022-08-29T12:34:46.272-0400] {processor.py:161} INFO - Processing /home/augenz/PycharmProjects/airflow/.env_airflow/lib/python3.9/site-packages/airflow/example_dags/tutorial_taskflow_api_etl.py took 0.247 seconds
[2022-08-29T12:35:16.974-0400] {processor.py:153} INFO - Started process (PID=534) to work on /home/augenz/PycharmProjects/airflow/.env_airflow/lib/python3.9/site-packages/airflow/example_dags/tutorial_taskflow_api_etl.py
[2022-08-29T12:35:16.977-0400] {processor.py:640} INFO - Processing file /home/augenz/PycharmProjects/airflow/.env_airflow/lib/python3.9/site-packages/airflow/example_dags/tutorial_taskflow_api_etl.py for tasks to queue
[2022-08-29T12:35:16.978-0400] {logging_mixin.py:115} INFO - [2022-08-29T12:35:16.978-0400] {dagbag.py:508} INFO - Filling up the DagBag from /home/augenz/PycharmProjects/airflow/.env_airflow/lib/python3.9/site-packages/airflow/example_dags/tutorial_taskflow_api_etl.py
[2022-08-29T12:35:17.011-0400] {processor.py:650} INFO - DAG(s) dict_keys(['tutorial_taskflow_api_etl']) retrieved from /home/augenz/PycharmProjects/airflow/.env_airflow/lib/python3.9/site-packages/airflow/example_dags/tutorial_taskflow_api_etl.py
[2022-08-29T12:35:17.104-0400] {logging_mixin.py:115} INFO - [2022-08-29T12:35:17.104-0400] {dag.py:2429} INFO - Sync 1 DAGs
[2022-08-29T12:35:17.134-0400] {logging_mixin.py:115} INFO - [2022-08-29T12:35:17.134-0400] {dag.py:2977} INFO - Setting next_dagrun for tutorial_taskflow_api_etl to None, run_after=None
[2022-08-29T12:35:17.193-0400] {processor.py:161} INFO - Processing /home/augenz/PycharmProjects/airflow/.env_airflow/lib/python3.9/site-packages/airflow/example_dags/tutorial_taskflow_api_etl.py took 0.224 seconds
[2022-08-29T12:35:47.778-0400] {processor.py:153} INFO - Started process (PID=579) to work on /home/augenz/PycharmProjects/airflow/.env_airflow/lib/python3.9/site-packages/airflow/example_dags/tutorial_taskflow_api_etl.py
[2022-08-29T12:35:47.781-0400] {processor.py:640} INFO - Processing file /home/augenz/PycharmProjects/airflow/.env_airflow/lib/python3.9/site-packages/airflow/example_dags/tutorial_taskflow_api_etl.py for tasks to queue
[2022-08-29T12:35:47.783-0400] {logging_mixin.py:115} INFO - [2022-08-29T12:35:47.782-0400] {dagbag.py:508} INFO - Filling up the DagBag from /home/augenz/PycharmProjects/airflow/.env_airflow/lib/python3.9/site-packages/airflow/example_dags/tutorial_taskflow_api_etl.py
[2022-08-29T12:35:47.814-0400] {processor.py:650} INFO - DAG(s) dict_keys(['tutorial_taskflow_api_etl']) retrieved from /home/augenz/PycharmProjects/airflow/.env_airflow/lib/python3.9/site-packages/airflow/example_dags/tutorial_taskflow_api_etl.py
[2022-08-29T12:35:48.326-0400] {logging_mixin.py:115} INFO - [2022-08-29T12:35:48.325-0400] {dag.py:2429} INFO - Sync 1 DAGs
[2022-08-29T12:35:48.358-0400] {logging_mixin.py:115} INFO - [2022-08-29T12:35:48.358-0400] {dag.py:2977} INFO - Setting next_dagrun for tutorial_taskflow_api_etl to None, run_after=None
[2022-08-29T12:35:48.398-0400] {processor.py:161} INFO - Processing /home/augenz/PycharmProjects/airflow/.env_airflow/lib/python3.9/site-packages/airflow/example_dags/tutorial_taskflow_api_etl.py took 0.625 seconds
[2022-08-29T12:36:18.761-0400] {processor.py:153} INFO - Started process (PID=613) to work on /home/augenz/PycharmProjects/airflow/.env_airflow/lib/python3.9/site-packages/airflow/example_dags/tutorial_taskflow_api_etl.py
[2022-08-29T12:36:18.785-0400] {processor.py:640} INFO - Processing file /home/augenz/PycharmProjects/airflow/.env_airflow/lib/python3.9/site-packages/airflow/example_dags/tutorial_taskflow_api_etl.py for tasks to queue
[2022-08-29T12:36:18.786-0400] {logging_mixin.py:115} INFO - [2022-08-29T12:36:18.786-0400] {dagbag.py:508} INFO - Filling up the DagBag from /home/augenz/PycharmProjects/airflow/.env_airflow/lib/python3.9/site-packages/airflow/example_dags/tutorial_taskflow_api_etl.py
[2022-08-29T12:36:18.814-0400] {processor.py:650} INFO - DAG(s) dict_keys(['tutorial_taskflow_api_etl']) retrieved from /home/augenz/PycharmProjects/airflow/.env_airflow/lib/python3.9/site-packages/airflow/example_dags/tutorial_taskflow_api_etl.py
[2022-08-29T12:36:19.281-0400] {logging_mixin.py:115} INFO - [2022-08-29T12:36:19.280-0400] {dag.py:2429} INFO - Sync 1 DAGs
[2022-08-29T12:36:19.307-0400] {logging_mixin.py:115} INFO - [2022-08-29T12:36:19.307-0400] {dag.py:2977} INFO - Setting next_dagrun for tutorial_taskflow_api_etl to None, run_after=None
[2022-08-29T12:36:19.353-0400] {processor.py:161} INFO - Processing /home/augenz/PycharmProjects/airflow/.env_airflow/lib/python3.9/site-packages/airflow/example_dags/tutorial_taskflow_api_etl.py took 0.597 seconds
[2022-08-29T12:36:49.707-0400] {processor.py:153} INFO - Started process (PID=649) to work on /home/augenz/PycharmProjects/airflow/.env_airflow/lib/python3.9/site-packages/airflow/example_dags/tutorial_taskflow_api_etl.py
[2022-08-29T12:36:49.710-0400] {processor.py:640} INFO - Processing file /home/augenz/PycharmProjects/airflow/.env_airflow/lib/python3.9/site-packages/airflow/example_dags/tutorial_taskflow_api_etl.py for tasks to queue
[2022-08-29T12:36:49.711-0400] {logging_mixin.py:115} INFO - [2022-08-29T12:36:49.711-0400] {dagbag.py:508} INFO - Filling up the DagBag from /home/augenz/PycharmProjects/airflow/.env_airflow/lib/python3.9/site-packages/airflow/example_dags/tutorial_taskflow_api_etl.py
[2022-08-29T12:36:49.742-0400] {processor.py:650} INFO - DAG(s) dict_keys(['tutorial_taskflow_api_etl']) retrieved from /home/augenz/PycharmProjects/airflow/.env_airflow/lib/python3.9/site-packages/airflow/example_dags/tutorial_taskflow_api_etl.py
[2022-08-29T12:36:50.207-0400] {logging_mixin.py:115} INFO - [2022-08-29T12:36:50.207-0400] {dag.py:2429} INFO - Sync 1 DAGs
[2022-08-29T12:36:50.234-0400] {logging_mixin.py:115} INFO - [2022-08-29T12:36:50.234-0400] {dag.py:2977} INFO - Setting next_dagrun for tutorial_taskflow_api_etl to None, run_after=None
[2022-08-29T12:36:50.282-0400] {processor.py:161} INFO - Processing /home/augenz/PycharmProjects/airflow/.env_airflow/lib/python3.9/site-packages/airflow/example_dags/tutorial_taskflow_api_etl.py took 0.579 seconds
[2022-08-29T12:37:20.800-0400] {processor.py:153} INFO - Started process (PID=704) to work on /home/augenz/PycharmProjects/airflow/.env_airflow/lib/python3.9/site-packages/airflow/example_dags/tutorial_taskflow_api_etl.py
[2022-08-29T12:37:20.812-0400] {processor.py:640} INFO - Processing file /home/augenz/PycharmProjects/airflow/.env_airflow/lib/python3.9/site-packages/airflow/example_dags/tutorial_taskflow_api_etl.py for tasks to queue
[2022-08-29T12:37:20.814-0400] {logging_mixin.py:115} INFO - [2022-08-29T12:37:20.813-0400] {dagbag.py:508} INFO - Filling up the DagBag from /home/augenz/PycharmProjects/airflow/.env_airflow/lib/python3.9/site-packages/airflow/example_dags/tutorial_taskflow_api_etl.py
[2022-08-29T12:37:20.920-0400] {processor.py:650} INFO - DAG(s) dict_keys(['tutorial_taskflow_api_etl']) retrieved from /home/augenz/PycharmProjects/airflow/.env_airflow/lib/python3.9/site-packages/airflow/example_dags/tutorial_taskflow_api_etl.py
[2022-08-29T12:37:22.852-0400] {logging_mixin.py:115} INFO - [2022-08-29T12:37:22.852-0400] {dag.py:2429} INFO - Sync 1 DAGs
[2022-08-29T12:37:22.925-0400] {logging_mixin.py:115} INFO - [2022-08-29T12:37:22.924-0400] {dag.py:2977} INFO - Setting next_dagrun for tutorial_taskflow_api_etl to None, run_after=None
[2022-08-29T12:37:22.980-0400] {processor.py:161} INFO - Processing /home/augenz/PycharmProjects/airflow/.env_airflow/lib/python3.9/site-packages/airflow/example_dags/tutorial_taskflow_api_etl.py took 2.198 seconds
[2022-08-29T12:37:54.940-0400] {processor.py:153} INFO - Started process (PID=748) to work on /home/augenz/PycharmProjects/airflow/.env_airflow/lib/python3.9/site-packages/airflow/example_dags/tutorial_taskflow_api_etl.py
[2022-08-29T12:37:54.966-0400] {processor.py:640} INFO - Processing file /home/augenz/PycharmProjects/airflow/.env_airflow/lib/python3.9/site-packages/airflow/example_dags/tutorial_taskflow_api_etl.py for tasks to queue
[2022-08-29T12:37:54.968-0400] {logging_mixin.py:115} INFO - [2022-08-29T12:37:54.967-0400] {dagbag.py:508} INFO - Filling up the DagBag from /home/augenz/PycharmProjects/airflow/.env_airflow/lib/python3.9/site-packages/airflow/example_dags/tutorial_taskflow_api_etl.py
[2022-08-29T12:37:55.008-0400] {processor.py:650} INFO - DAG(s) dict_keys(['tutorial_taskflow_api_etl']) retrieved from /home/augenz/PycharmProjects/airflow/.env_airflow/lib/python3.9/site-packages/airflow/example_dags/tutorial_taskflow_api_etl.py
[2022-08-29T12:37:56.037-0400] {logging_mixin.py:115} INFO - [2022-08-29T12:37:56.036-0400] {dag.py:2429} INFO - Sync 1 DAGs
[2022-08-29T12:37:56.105-0400] {logging_mixin.py:115} INFO - [2022-08-29T12:37:56.104-0400] {dag.py:2977} INFO - Setting next_dagrun for tutorial_taskflow_api_etl to None, run_after=None
[2022-08-29T12:37:56.156-0400] {processor.py:161} INFO - Processing /home/augenz/PycharmProjects/airflow/.env_airflow/lib/python3.9/site-packages/airflow/example_dags/tutorial_taskflow_api_etl.py took 1.222 seconds
[2022-08-29T12:38:26.678-0400] {processor.py:153} INFO - Started process (PID=802) to work on /home/augenz/PycharmProjects/airflow/.env_airflow/lib/python3.9/site-packages/airflow/example_dags/tutorial_taskflow_api_etl.py
[2022-08-29T12:38:26.684-0400] {processor.py:640} INFO - Processing file /home/augenz/PycharmProjects/airflow/.env_airflow/lib/python3.9/site-packages/airflow/example_dags/tutorial_taskflow_api_etl.py for tasks to queue
[2022-08-29T12:38:26.686-0400] {logging_mixin.py:115} INFO - [2022-08-29T12:38:26.686-0400] {dagbag.py:508} INFO - Filling up the DagBag from /home/augenz/PycharmProjects/airflow/.env_airflow/lib/python3.9/site-packages/airflow/example_dags/tutorial_taskflow_api_etl.py
[2022-08-29T12:38:26.733-0400] {processor.py:650} INFO - DAG(s) dict_keys(['tutorial_taskflow_api_etl']) retrieved from /home/augenz/PycharmProjects/airflow/.env_airflow/lib/python3.9/site-packages/airflow/example_dags/tutorial_taskflow_api_etl.py
[2022-08-29T12:38:27.971-0400] {logging_mixin.py:115} INFO - [2022-08-29T12:38:27.970-0400] {dag.py:2429} INFO - Sync 1 DAGs
[2022-08-29T12:38:28.012-0400] {logging_mixin.py:115} INFO - [2022-08-29T12:38:28.011-0400] {dag.py:2977} INFO - Setting next_dagrun for tutorial_taskflow_api_etl to None, run_after=None
[2022-08-29T12:38:28.147-0400] {processor.py:161} INFO - Processing /home/augenz/PycharmProjects/airflow/.env_airflow/lib/python3.9/site-packages/airflow/example_dags/tutorial_taskflow_api_etl.py took 1.476 seconds
[2022-08-29T12:38:58.860-0400] {processor.py:153} INFO - Started process (PID=837) to work on /home/augenz/PycharmProjects/airflow/.env_airflow/lib/python3.9/site-packages/airflow/example_dags/tutorial_taskflow_api_etl.py
[2022-08-29T12:38:58.865-0400] {processor.py:640} INFO - Processing file /home/augenz/PycharmProjects/airflow/.env_airflow/lib/python3.9/site-packages/airflow/example_dags/tutorial_taskflow_api_etl.py for tasks to queue
[2022-08-29T12:38:58.866-0400] {logging_mixin.py:115} INFO - [2022-08-29T12:38:58.866-0400] {dagbag.py:508} INFO - Filling up the DagBag from /home/augenz/PycharmProjects/airflow/.env_airflow/lib/python3.9/site-packages/airflow/example_dags/tutorial_taskflow_api_etl.py
[2022-08-29T12:38:58.898-0400] {processor.py:650} INFO - DAG(s) dict_keys(['tutorial_taskflow_api_etl']) retrieved from /home/augenz/PycharmProjects/airflow/.env_airflow/lib/python3.9/site-packages/airflow/example_dags/tutorial_taskflow_api_etl.py
[2022-08-29T12:38:59.486-0400] {logging_mixin.py:115} INFO - [2022-08-29T12:38:59.485-0400] {dag.py:2429} INFO - Sync 1 DAGs
[2022-08-29T12:38:59.549-0400] {logging_mixin.py:115} INFO - [2022-08-29T12:38:59.548-0400] {dag.py:2977} INFO - Setting next_dagrun for tutorial_taskflow_api_etl to None, run_after=None
[2022-08-29T12:38:59.601-0400] {processor.py:161} INFO - Processing /home/augenz/PycharmProjects/airflow/.env_airflow/lib/python3.9/site-packages/airflow/example_dags/tutorial_taskflow_api_etl.py took 0.748 seconds
[2022-08-29T12:39:30.477-0400] {processor.py:153} INFO - Started process (PID=872) to work on /home/augenz/PycharmProjects/airflow/.env_airflow/lib/python3.9/site-packages/airflow/example_dags/tutorial_taskflow_api_etl.py
[2022-08-29T12:39:30.482-0400] {processor.py:640} INFO - Processing file /home/augenz/PycharmProjects/airflow/.env_airflow/lib/python3.9/site-packages/airflow/example_dags/tutorial_taskflow_api_etl.py for tasks to queue
[2022-08-29T12:39:30.483-0400] {logging_mixin.py:115} INFO - [2022-08-29T12:39:30.483-0400] {dagbag.py:508} INFO - Filling up the DagBag from /home/augenz/PycharmProjects/airflow/.env_airflow/lib/python3.9/site-packages/airflow/example_dags/tutorial_taskflow_api_etl.py
[2022-08-29T12:39:30.514-0400] {processor.py:650} INFO - DAG(s) dict_keys(['tutorial_taskflow_api_etl']) retrieved from /home/augenz/PycharmProjects/airflow/.env_airflow/lib/python3.9/site-packages/airflow/example_dags/tutorial_taskflow_api_etl.py
[2022-08-29T12:39:31.089-0400] {logging_mixin.py:115} INFO - [2022-08-29T12:39:31.088-0400] {dag.py:2429} INFO - Sync 1 DAGs
[2022-08-29T12:39:31.115-0400] {logging_mixin.py:115} INFO - [2022-08-29T12:39:31.115-0400] {dag.py:2977} INFO - Setting next_dagrun for tutorial_taskflow_api_etl to None, run_after=None
[2022-08-29T12:39:31.172-0400] {processor.py:161} INFO - Processing /home/augenz/PycharmProjects/airflow/.env_airflow/lib/python3.9/site-packages/airflow/example_dags/tutorial_taskflow_api_etl.py took 0.700 seconds
[2022-08-29T12:40:02.170-0400] {processor.py:153} INFO - Started process (PID=911) to work on /home/augenz/PycharmProjects/airflow/.env_airflow/lib/python3.9/site-packages/airflow/example_dags/tutorial_taskflow_api_etl.py
[2022-08-29T12:40:02.174-0400] {processor.py:640} INFO - Processing file /home/augenz/PycharmProjects/airflow/.env_airflow/lib/python3.9/site-packages/airflow/example_dags/tutorial_taskflow_api_etl.py for tasks to queue
[2022-08-29T12:40:02.175-0400] {logging_mixin.py:115} INFO - [2022-08-29T12:40:02.175-0400] {dagbag.py:508} INFO - Filling up the DagBag from /home/augenz/PycharmProjects/airflow/.env_airflow/lib/python3.9/site-packages/airflow/example_dags/tutorial_taskflow_api_etl.py
[2022-08-29T12:40:02.205-0400] {processor.py:650} INFO - DAG(s) dict_keys(['tutorial_taskflow_api_etl']) retrieved from /home/augenz/PycharmProjects/airflow/.env_airflow/lib/python3.9/site-packages/airflow/example_dags/tutorial_taskflow_api_etl.py
[2022-08-29T12:40:02.770-0400] {logging_mixin.py:115} INFO - [2022-08-29T12:40:02.770-0400] {dag.py:2429} INFO - Sync 1 DAGs
[2022-08-29T12:40:02.798-0400] {logging_mixin.py:115} INFO - [2022-08-29T12:40:02.798-0400] {dag.py:2977} INFO - Setting next_dagrun for tutorial_taskflow_api_etl to None, run_after=None
[2022-08-29T12:40:02.843-0400] {processor.py:161} INFO - Processing /home/augenz/PycharmProjects/airflow/.env_airflow/lib/python3.9/site-packages/airflow/example_dags/tutorial_taskflow_api_etl.py took 0.679 seconds
[2022-08-29T12:40:32.907-0400] {processor.py:153} INFO - Started process (PID=946) to work on /home/augenz/PycharmProjects/airflow/.env_airflow/lib/python3.9/site-packages/airflow/example_dags/tutorial_taskflow_api_etl.py
[2022-08-29T12:40:32.911-0400] {processor.py:640} INFO - Processing file /home/augenz/PycharmProjects/airflow/.env_airflow/lib/python3.9/site-packages/airflow/example_dags/tutorial_taskflow_api_etl.py for tasks to queue
[2022-08-29T12:40:32.912-0400] {logging_mixin.py:115} INFO - [2022-08-29T12:40:32.912-0400] {dagbag.py:508} INFO - Filling up the DagBag from /home/augenz/PycharmProjects/airflow/.env_airflow/lib/python3.9/site-packages/airflow/example_dags/tutorial_taskflow_api_etl.py
[2022-08-29T12:40:32.937-0400] {processor.py:650} INFO - DAG(s) dict_keys(['tutorial_taskflow_api_etl']) retrieved from /home/augenz/PycharmProjects/airflow/.env_airflow/lib/python3.9/site-packages/airflow/example_dags/tutorial_taskflow_api_etl.py
[2022-08-29T12:40:33.408-0400] {logging_mixin.py:115} INFO - [2022-08-29T12:40:33.407-0400] {dag.py:2429} INFO - Sync 1 DAGs
[2022-08-29T12:40:33.434-0400] {logging_mixin.py:115} INFO - [2022-08-29T12:40:33.434-0400] {dag.py:2977} INFO - Setting next_dagrun for tutorial_taskflow_api_etl to None, run_after=None
[2022-08-29T12:40:33.489-0400] {processor.py:161} INFO - Processing /home/augenz/PycharmProjects/airflow/.env_airflow/lib/python3.9/site-packages/airflow/example_dags/tutorial_taskflow_api_etl.py took 0.589 seconds
[2022-08-29T12:41:03.673-0400] {processor.py:153} INFO - Started process (PID=980) to work on /home/augenz/PycharmProjects/airflow/.env_airflow/lib/python3.9/site-packages/airflow/example_dags/tutorial_taskflow_api_etl.py
[2022-08-29T12:41:03.704-0400] {processor.py:640} INFO - Processing file /home/augenz/PycharmProjects/airflow/.env_airflow/lib/python3.9/site-packages/airflow/example_dags/tutorial_taskflow_api_etl.py for tasks to queue
[2022-08-29T12:41:03.706-0400] {logging_mixin.py:115} INFO - [2022-08-29T12:41:03.705-0400] {dagbag.py:508} INFO - Filling up the DagBag from /home/augenz/PycharmProjects/airflow/.env_airflow/lib/python3.9/site-packages/airflow/example_dags/tutorial_taskflow_api_etl.py
[2022-08-29T12:41:03.742-0400] {processor.py:650} INFO - DAG(s) dict_keys(['tutorial_taskflow_api_etl']) retrieved from /home/augenz/PycharmProjects/airflow/.env_airflow/lib/python3.9/site-packages/airflow/example_dags/tutorial_taskflow_api_etl.py
[2022-08-29T12:41:04.317-0400] {logging_mixin.py:115} INFO - [2022-08-29T12:41:04.317-0400] {dag.py:2429} INFO - Sync 1 DAGs
[2022-08-29T12:41:04.343-0400] {logging_mixin.py:115} INFO - [2022-08-29T12:41:04.343-0400] {dag.py:2977} INFO - Setting next_dagrun for tutorial_taskflow_api_etl to None, run_after=None
[2022-08-29T12:41:04.410-0400] {processor.py:161} INFO - Processing /home/augenz/PycharmProjects/airflow/.env_airflow/lib/python3.9/site-packages/airflow/example_dags/tutorial_taskflow_api_etl.py took 0.741 seconds
[2022-08-29T12:41:35.150-0400] {processor.py:153} INFO - Started process (PID=1022) to work on /home/augenz/PycharmProjects/airflow/.env_airflow/lib/python3.9/site-packages/airflow/example_dags/tutorial_taskflow_api_etl.py
[2022-08-29T12:41:35.160-0400] {processor.py:640} INFO - Processing file /home/augenz/PycharmProjects/airflow/.env_airflow/lib/python3.9/site-packages/airflow/example_dags/tutorial_taskflow_api_etl.py for tasks to queue
[2022-08-29T12:41:35.161-0400] {logging_mixin.py:115} INFO - [2022-08-29T12:41:35.161-0400] {dagbag.py:508} INFO - Filling up the DagBag from /home/augenz/PycharmProjects/airflow/.env_airflow/lib/python3.9/site-packages/airflow/example_dags/tutorial_taskflow_api_etl.py
[2022-08-29T12:41:35.186-0400] {processor.py:650} INFO - DAG(s) dict_keys(['tutorial_taskflow_api_etl']) retrieved from /home/augenz/PycharmProjects/airflow/.env_airflow/lib/python3.9/site-packages/airflow/example_dags/tutorial_taskflow_api_etl.py
[2022-08-29T12:41:35.766-0400] {logging_mixin.py:115} INFO - [2022-08-29T12:41:35.765-0400] {dag.py:2429} INFO - Sync 1 DAGs
[2022-08-29T12:41:35.795-0400] {logging_mixin.py:115} INFO - [2022-08-29T12:41:35.794-0400] {dag.py:2977} INFO - Setting next_dagrun for tutorial_taskflow_api_etl to None, run_after=None
[2022-08-29T12:41:35.831-0400] {processor.py:161} INFO - Processing /home/augenz/PycharmProjects/airflow/.env_airflow/lib/python3.9/site-packages/airflow/example_dags/tutorial_taskflow_api_etl.py took 0.687 seconds
[2022-08-29T12:42:06.780-0400] {processor.py:153} INFO - Started process (PID=1058) to work on /home/augenz/PycharmProjects/airflow/.env_airflow/lib/python3.9/site-packages/airflow/example_dags/tutorial_taskflow_api_etl.py
[2022-08-29T12:42:06.806-0400] {processor.py:640} INFO - Processing file /home/augenz/PycharmProjects/airflow/.env_airflow/lib/python3.9/site-packages/airflow/example_dags/tutorial_taskflow_api_etl.py for tasks to queue
[2022-08-29T12:42:06.808-0400] {logging_mixin.py:115} INFO - [2022-08-29T12:42:06.807-0400] {dagbag.py:508} INFO - Filling up the DagBag from /home/augenz/PycharmProjects/airflow/.env_airflow/lib/python3.9/site-packages/airflow/example_dags/tutorial_taskflow_api_etl.py
[2022-08-29T12:42:06.846-0400] {processor.py:650} INFO - DAG(s) dict_keys(['tutorial_taskflow_api_etl']) retrieved from /home/augenz/PycharmProjects/airflow/.env_airflow/lib/python3.9/site-packages/airflow/example_dags/tutorial_taskflow_api_etl.py
[2022-08-29T12:42:07.445-0400] {logging_mixin.py:115} INFO - [2022-08-29T12:42:07.445-0400] {dag.py:2429} INFO - Sync 1 DAGs
[2022-08-29T12:42:07.473-0400] {logging_mixin.py:115} INFO - [2022-08-29T12:42:07.472-0400] {dag.py:2977} INFO - Setting next_dagrun for tutorial_taskflow_api_etl to None, run_after=None
[2022-08-29T12:42:07.545-0400] {processor.py:161} INFO - Processing /home/augenz/PycharmProjects/airflow/.env_airflow/lib/python3.9/site-packages/airflow/example_dags/tutorial_taskflow_api_etl.py took 0.772 seconds
[2022-08-29T12:42:37.729-0400] {processor.py:153} INFO - Started process (PID=1092) to work on /home/augenz/PycharmProjects/airflow/.env_airflow/lib/python3.9/site-packages/airflow/example_dags/tutorial_taskflow_api_etl.py
[2022-08-29T12:42:37.734-0400] {processor.py:640} INFO - Processing file /home/augenz/PycharmProjects/airflow/.env_airflow/lib/python3.9/site-packages/airflow/example_dags/tutorial_taskflow_api_etl.py for tasks to queue
[2022-08-29T12:42:37.735-0400] {logging_mixin.py:115} INFO - [2022-08-29T12:42:37.735-0400] {dagbag.py:508} INFO - Filling up the DagBag from /home/augenz/PycharmProjects/airflow/.env_airflow/lib/python3.9/site-packages/airflow/example_dags/tutorial_taskflow_api_etl.py
[2022-08-29T12:42:37.765-0400] {processor.py:650} INFO - DAG(s) dict_keys(['tutorial_taskflow_api_etl']) retrieved from /home/augenz/PycharmProjects/airflow/.env_airflow/lib/python3.9/site-packages/airflow/example_dags/tutorial_taskflow_api_etl.py
[2022-08-29T12:42:38.288-0400] {logging_mixin.py:115} INFO - [2022-08-29T12:42:38.288-0400] {dag.py:2429} INFO - Sync 1 DAGs
[2022-08-29T12:42:38.322-0400] {logging_mixin.py:115} INFO - [2022-08-29T12:42:38.322-0400] {dag.py:2977} INFO - Setting next_dagrun for tutorial_taskflow_api_etl to None, run_after=None
[2022-08-29T12:42:38.365-0400] {processor.py:161} INFO - Processing /home/augenz/PycharmProjects/airflow/.env_airflow/lib/python3.9/site-packages/airflow/example_dags/tutorial_taskflow_api_etl.py took 0.643 seconds
[2022-08-29T12:43:08.594-0400] {processor.py:153} INFO - Started process (PID=1127) to work on /home/augenz/PycharmProjects/airflow/.env_airflow/lib/python3.9/site-packages/airflow/example_dags/tutorial_taskflow_api_etl.py
[2022-08-29T12:43:08.606-0400] {processor.py:640} INFO - Processing file /home/augenz/PycharmProjects/airflow/.env_airflow/lib/python3.9/site-packages/airflow/example_dags/tutorial_taskflow_api_etl.py for tasks to queue
[2022-08-29T12:43:08.607-0400] {logging_mixin.py:115} INFO - [2022-08-29T12:43:08.607-0400] {dagbag.py:508} INFO - Filling up the DagBag from /home/augenz/PycharmProjects/airflow/.env_airflow/lib/python3.9/site-packages/airflow/example_dags/tutorial_taskflow_api_etl.py
[2022-08-29T12:43:08.644-0400] {processor.py:650} INFO - DAG(s) dict_keys(['tutorial_taskflow_api_etl']) retrieved from /home/augenz/PycharmProjects/airflow/.env_airflow/lib/python3.9/site-packages/airflow/example_dags/tutorial_taskflow_api_etl.py
[2022-08-29T12:43:09.214-0400] {logging_mixin.py:115} INFO - [2022-08-29T12:43:09.214-0400] {dag.py:2429} INFO - Sync 1 DAGs
[2022-08-29T12:43:09.241-0400] {logging_mixin.py:115} INFO - [2022-08-29T12:43:09.241-0400] {dag.py:2977} INFO - Setting next_dagrun for tutorial_taskflow_api_etl to None, run_after=None
[2022-08-29T12:43:09.296-0400] {processor.py:161} INFO - Processing /home/augenz/PycharmProjects/airflow/.env_airflow/lib/python3.9/site-packages/airflow/example_dags/tutorial_taskflow_api_etl.py took 0.709 seconds
[2022-08-29T12:43:39.617-0400] {processor.py:153} INFO - Started process (PID=1161) to work on /home/augenz/PycharmProjects/airflow/.env_airflow/lib/python3.9/site-packages/airflow/example_dags/tutorial_taskflow_api_etl.py
[2022-08-29T12:43:39.628-0400] {processor.py:640} INFO - Processing file /home/augenz/PycharmProjects/airflow/.env_airflow/lib/python3.9/site-packages/airflow/example_dags/tutorial_taskflow_api_etl.py for tasks to queue
[2022-08-29T12:43:39.629-0400] {logging_mixin.py:115} INFO - [2022-08-29T12:43:39.629-0400] {dagbag.py:508} INFO - Filling up the DagBag from /home/augenz/PycharmProjects/airflow/.env_airflow/lib/python3.9/site-packages/airflow/example_dags/tutorial_taskflow_api_etl.py
[2022-08-29T12:43:39.655-0400] {processor.py:650} INFO - DAG(s) dict_keys(['tutorial_taskflow_api_etl']) retrieved from /home/augenz/PycharmProjects/airflow/.env_airflow/lib/python3.9/site-packages/airflow/example_dags/tutorial_taskflow_api_etl.py
[2022-08-29T12:43:40.164-0400] {logging_mixin.py:115} INFO - [2022-08-29T12:43:40.164-0400] {dag.py:2429} INFO - Sync 1 DAGs
[2022-08-29T12:43:40.188-0400] {logging_mixin.py:115} INFO - [2022-08-29T12:43:40.188-0400] {dag.py:2977} INFO - Setting next_dagrun for tutorial_taskflow_api_etl to None, run_after=None
[2022-08-29T12:43:40.233-0400] {processor.py:161} INFO - Processing /home/augenz/PycharmProjects/airflow/.env_airflow/lib/python3.9/site-packages/airflow/example_dags/tutorial_taskflow_api_etl.py took 0.621 seconds
[2022-08-29T12:44:10.573-0400] {processor.py:153} INFO - Started process (PID=1195) to work on /home/augenz/PycharmProjects/airflow/.env_airflow/lib/python3.9/site-packages/airflow/example_dags/tutorial_taskflow_api_etl.py
[2022-08-29T12:44:10.585-0400] {processor.py:640} INFO - Processing file /home/augenz/PycharmProjects/airflow/.env_airflow/lib/python3.9/site-packages/airflow/example_dags/tutorial_taskflow_api_etl.py for tasks to queue
[2022-08-29T12:44:10.586-0400] {logging_mixin.py:115} INFO - [2022-08-29T12:44:10.586-0400] {dagbag.py:508} INFO - Filling up the DagBag from /home/augenz/PycharmProjects/airflow/.env_airflow/lib/python3.9/site-packages/airflow/example_dags/tutorial_taskflow_api_etl.py
[2022-08-29T12:44:10.614-0400] {processor.py:650} INFO - DAG(s) dict_keys(['tutorial_taskflow_api_etl']) retrieved from /home/augenz/PycharmProjects/airflow/.env_airflow/lib/python3.9/site-packages/airflow/example_dags/tutorial_taskflow_api_etl.py
[2022-08-29T12:44:11.066-0400] {logging_mixin.py:115} INFO - [2022-08-29T12:44:11.065-0400] {dag.py:2429} INFO - Sync 1 DAGs
[2022-08-29T12:44:11.093-0400] {logging_mixin.py:115} INFO - [2022-08-29T12:44:11.093-0400] {dag.py:2977} INFO - Setting next_dagrun for tutorial_taskflow_api_etl to None, run_after=None
[2022-08-29T12:44:11.171-0400] {processor.py:161} INFO - Processing /home/augenz/PycharmProjects/airflow/.env_airflow/lib/python3.9/site-packages/airflow/example_dags/tutorial_taskflow_api_etl.py took 0.603 seconds
[2022-08-29T12:44:41.422-0400] {processor.py:153} INFO - Started process (PID=1243) to work on /home/augenz/PycharmProjects/airflow/.env_airflow/lib/python3.9/site-packages/airflow/example_dags/tutorial_taskflow_api_etl.py
[2022-08-29T12:44:41.434-0400] {processor.py:640} INFO - Processing file /home/augenz/PycharmProjects/airflow/.env_airflow/lib/python3.9/site-packages/airflow/example_dags/tutorial_taskflow_api_etl.py for tasks to queue
[2022-08-29T12:44:41.435-0400] {logging_mixin.py:115} INFO - [2022-08-29T12:44:41.435-0400] {dagbag.py:508} INFO - Filling up the DagBag from /home/augenz/PycharmProjects/airflow/.env_airflow/lib/python3.9/site-packages/airflow/example_dags/tutorial_taskflow_api_etl.py
[2022-08-29T12:44:41.470-0400] {processor.py:650} INFO - DAG(s) dict_keys(['tutorial_taskflow_api_etl']) retrieved from /home/augenz/PycharmProjects/airflow/.env_airflow/lib/python3.9/site-packages/airflow/example_dags/tutorial_taskflow_api_etl.py
[2022-08-29T12:44:41.989-0400] {logging_mixin.py:115} INFO - [2022-08-29T12:44:41.988-0400] {dag.py:2429} INFO - Sync 1 DAGs
[2022-08-29T12:44:42.020-0400] {logging_mixin.py:115} INFO - [2022-08-29T12:44:42.020-0400] {dag.py:2977} INFO - Setting next_dagrun for tutorial_taskflow_api_etl to None, run_after=None
[2022-08-29T12:44:42.058-0400] {processor.py:161} INFO - Processing /home/augenz/PycharmProjects/airflow/.env_airflow/lib/python3.9/site-packages/airflow/example_dags/tutorial_taskflow_api_etl.py took 0.644 seconds
[2022-08-29T12:45:12.273-0400] {processor.py:153} INFO - Started process (PID=1277) to work on /home/augenz/PycharmProjects/airflow/.env_airflow/lib/python3.9/site-packages/airflow/example_dags/tutorial_taskflow_api_etl.py
[2022-08-29T12:45:12.278-0400] {processor.py:640} INFO - Processing file /home/augenz/PycharmProjects/airflow/.env_airflow/lib/python3.9/site-packages/airflow/example_dags/tutorial_taskflow_api_etl.py for tasks to queue
[2022-08-29T12:45:12.279-0400] {logging_mixin.py:115} INFO - [2022-08-29T12:45:12.279-0400] {dagbag.py:508} INFO - Filling up the DagBag from /home/augenz/PycharmProjects/airflow/.env_airflow/lib/python3.9/site-packages/airflow/example_dags/tutorial_taskflow_api_etl.py
[2022-08-29T12:45:12.306-0400] {processor.py:650} INFO - DAG(s) dict_keys(['tutorial_taskflow_api_etl']) retrieved from /home/augenz/PycharmProjects/airflow/.env_airflow/lib/python3.9/site-packages/airflow/example_dags/tutorial_taskflow_api_etl.py
[2022-08-29T12:45:12.764-0400] {logging_mixin.py:115} INFO - [2022-08-29T12:45:12.763-0400] {dag.py:2429} INFO - Sync 1 DAGs
[2022-08-29T12:45:12.790-0400] {logging_mixin.py:115} INFO - [2022-08-29T12:45:12.790-0400] {dag.py:2977} INFO - Setting next_dagrun for tutorial_taskflow_api_etl to None, run_after=None
[2022-08-29T12:45:12.847-0400] {processor.py:161} INFO - Processing /home/augenz/PycharmProjects/airflow/.env_airflow/lib/python3.9/site-packages/airflow/example_dags/tutorial_taskflow_api_etl.py took 0.578 seconds
[2022-08-29T12:45:43.236-0400] {processor.py:153} INFO - Started process (PID=1311) to work on /home/augenz/PycharmProjects/airflow/.env_airflow/lib/python3.9/site-packages/airflow/example_dags/tutorial_taskflow_api_etl.py
[2022-08-29T12:45:43.240-0400] {processor.py:640} INFO - Processing file /home/augenz/PycharmProjects/airflow/.env_airflow/lib/python3.9/site-packages/airflow/example_dags/tutorial_taskflow_api_etl.py for tasks to queue
[2022-08-29T12:45:43.241-0400] {logging_mixin.py:115} INFO - [2022-08-29T12:45:43.241-0400] {dagbag.py:508} INFO - Filling up the DagBag from /home/augenz/PycharmProjects/airflow/.env_airflow/lib/python3.9/site-packages/airflow/example_dags/tutorial_taskflow_api_etl.py
[2022-08-29T12:45:43.266-0400] {processor.py:650} INFO - DAG(s) dict_keys(['tutorial_taskflow_api_etl']) retrieved from /home/augenz/PycharmProjects/airflow/.env_airflow/lib/python3.9/site-packages/airflow/example_dags/tutorial_taskflow_api_etl.py
[2022-08-29T12:45:43.896-0400] {logging_mixin.py:115} INFO - [2022-08-29T12:45:43.895-0400] {dag.py:2429} INFO - Sync 1 DAGs
[2022-08-29T12:45:43.929-0400] {logging_mixin.py:115} INFO - [2022-08-29T12:45:43.929-0400] {dag.py:2977} INFO - Setting next_dagrun for tutorial_taskflow_api_etl to None, run_after=None
[2022-08-29T12:45:43.985-0400] {processor.py:161} INFO - Processing /home/augenz/PycharmProjects/airflow/.env_airflow/lib/python3.9/site-packages/airflow/example_dags/tutorial_taskflow_api_etl.py took 0.753 seconds
[2022-08-29T12:46:14.583-0400] {processor.py:153} INFO - Started process (PID=1347) to work on /home/augenz/PycharmProjects/airflow/.env_airflow/lib/python3.9/site-packages/airflow/example_dags/tutorial_taskflow_api_etl.py
[2022-08-29T12:46:14.585-0400] {processor.py:640} INFO - Processing file /home/augenz/PycharmProjects/airflow/.env_airflow/lib/python3.9/site-packages/airflow/example_dags/tutorial_taskflow_api_etl.py for tasks to queue
[2022-08-29T12:46:14.586-0400] {logging_mixin.py:115} INFO - [2022-08-29T12:46:14.586-0400] {dagbag.py:508} INFO - Filling up the DagBag from /home/augenz/PycharmProjects/airflow/.env_airflow/lib/python3.9/site-packages/airflow/example_dags/tutorial_taskflow_api_etl.py
[2022-08-29T12:46:14.610-0400] {processor.py:650} INFO - DAG(s) dict_keys(['tutorial_taskflow_api_etl']) retrieved from /home/augenz/PycharmProjects/airflow/.env_airflow/lib/python3.9/site-packages/airflow/example_dags/tutorial_taskflow_api_etl.py
[2022-08-29T12:46:15.074-0400] {logging_mixin.py:115} INFO - [2022-08-29T12:46:15.074-0400] {dag.py:2429} INFO - Sync 1 DAGs
[2022-08-29T12:46:15.103-0400] {logging_mixin.py:115} INFO - [2022-08-29T12:46:15.102-0400] {dag.py:2977} INFO - Setting next_dagrun for tutorial_taskflow_api_etl to None, run_after=None
[2022-08-29T12:46:15.138-0400] {processor.py:161} INFO - Processing /home/augenz/PycharmProjects/airflow/.env_airflow/lib/python3.9/site-packages/airflow/example_dags/tutorial_taskflow_api_etl.py took 0.559 seconds
[2022-08-29T12:46:45.377-0400] {processor.py:153} INFO - Started process (PID=1381) to work on /home/augenz/PycharmProjects/airflow/.env_airflow/lib/python3.9/site-packages/airflow/example_dags/tutorial_taskflow_api_etl.py
[2022-08-29T12:46:45.382-0400] {processor.py:640} INFO - Processing file /home/augenz/PycharmProjects/airflow/.env_airflow/lib/python3.9/site-packages/airflow/example_dags/tutorial_taskflow_api_etl.py for tasks to queue
[2022-08-29T12:46:45.383-0400] {logging_mixin.py:115} INFO - [2022-08-29T12:46:45.382-0400] {dagbag.py:508} INFO - Filling up the DagBag from /home/augenz/PycharmProjects/airflow/.env_airflow/lib/python3.9/site-packages/airflow/example_dags/tutorial_taskflow_api_etl.py
[2022-08-29T12:46:45.407-0400] {processor.py:650} INFO - DAG(s) dict_keys(['tutorial_taskflow_api_etl']) retrieved from /home/augenz/PycharmProjects/airflow/.env_airflow/lib/python3.9/site-packages/airflow/example_dags/tutorial_taskflow_api_etl.py
[2022-08-29T12:46:45.869-0400] {logging_mixin.py:115} INFO - [2022-08-29T12:46:45.868-0400] {dag.py:2429} INFO - Sync 1 DAGs
[2022-08-29T12:46:45.895-0400] {logging_mixin.py:115} INFO - [2022-08-29T12:46:45.894-0400] {dag.py:2977} INFO - Setting next_dagrun for tutorial_taskflow_api_etl to None, run_after=None
[2022-08-29T12:46:45.946-0400] {processor.py:161} INFO - Processing /home/augenz/PycharmProjects/airflow/.env_airflow/lib/python3.9/site-packages/airflow/example_dags/tutorial_taskflow_api_etl.py took 0.574 seconds
[2022-08-29T12:47:16.386-0400] {processor.py:153} INFO - Started process (PID=1415) to work on /home/augenz/PycharmProjects/airflow/.env_airflow/lib/python3.9/site-packages/airflow/example_dags/tutorial_taskflow_api_etl.py
[2022-08-29T12:47:16.390-0400] {processor.py:640} INFO - Processing file /home/augenz/PycharmProjects/airflow/.env_airflow/lib/python3.9/site-packages/airflow/example_dags/tutorial_taskflow_api_etl.py for tasks to queue
[2022-08-29T12:47:16.391-0400] {logging_mixin.py:115} INFO - [2022-08-29T12:47:16.391-0400] {dagbag.py:508} INFO - Filling up the DagBag from /home/augenz/PycharmProjects/airflow/.env_airflow/lib/python3.9/site-packages/airflow/example_dags/tutorial_taskflow_api_etl.py
[2022-08-29T12:47:16.418-0400] {processor.py:650} INFO - DAG(s) dict_keys(['tutorial_taskflow_api_etl']) retrieved from /home/augenz/PycharmProjects/airflow/.env_airflow/lib/python3.9/site-packages/airflow/example_dags/tutorial_taskflow_api_etl.py
[2022-08-29T12:47:16.886-0400] {logging_mixin.py:115} INFO - [2022-08-29T12:47:16.885-0400] {dag.py:2429} INFO - Sync 1 DAGs
[2022-08-29T12:47:16.912-0400] {logging_mixin.py:115} INFO - [2022-08-29T12:47:16.912-0400] {dag.py:2977} INFO - Setting next_dagrun for tutorial_taskflow_api_etl to None, run_after=None
[2022-08-29T12:47:16.951-0400] {processor.py:161} INFO - Processing /home/augenz/PycharmProjects/airflow/.env_airflow/lib/python3.9/site-packages/airflow/example_dags/tutorial_taskflow_api_etl.py took 0.570 seconds
[2022-08-29T12:47:47.329-0400] {processor.py:153} INFO - Started process (PID=1457) to work on /home/augenz/PycharmProjects/airflow/.env_airflow/lib/python3.9/site-packages/airflow/example_dags/tutorial_taskflow_api_etl.py
[2022-08-29T12:47:47.345-0400] {processor.py:640} INFO - Processing file /home/augenz/PycharmProjects/airflow/.env_airflow/lib/python3.9/site-packages/airflow/example_dags/tutorial_taskflow_api_etl.py for tasks to queue
[2022-08-29T12:47:47.346-0400] {logging_mixin.py:115} INFO - [2022-08-29T12:47:47.346-0400] {dagbag.py:508} INFO - Filling up the DagBag from /home/augenz/PycharmProjects/airflow/.env_airflow/lib/python3.9/site-packages/airflow/example_dags/tutorial_taskflow_api_etl.py
[2022-08-29T12:47:47.379-0400] {processor.py:650} INFO - DAG(s) dict_keys(['tutorial_taskflow_api_etl']) retrieved from /home/augenz/PycharmProjects/airflow/.env_airflow/lib/python3.9/site-packages/airflow/example_dags/tutorial_taskflow_api_etl.py
[2022-08-29T12:47:48.039-0400] {logging_mixin.py:115} INFO - [2022-08-29T12:47:48.039-0400] {dag.py:2429} INFO - Sync 1 DAGs
[2022-08-29T12:47:48.073-0400] {logging_mixin.py:115} INFO - [2022-08-29T12:47:48.073-0400] {dag.py:2977} INFO - Setting next_dagrun for tutorial_taskflow_api_etl to None, run_after=None
[2022-08-29T12:47:48.122-0400] {processor.py:161} INFO - Processing /home/augenz/PycharmProjects/airflow/.env_airflow/lib/python3.9/site-packages/airflow/example_dags/tutorial_taskflow_api_etl.py took 0.798 seconds
[2022-08-29T12:48:18.212-0400] {processor.py:153} INFO - Started process (PID=1491) to work on /home/augenz/PycharmProjects/airflow/.env_airflow/lib/python3.9/site-packages/airflow/example_dags/tutorial_taskflow_api_etl.py
[2022-08-29T12:48:18.226-0400] {processor.py:640} INFO - Processing file /home/augenz/PycharmProjects/airflow/.env_airflow/lib/python3.9/site-packages/airflow/example_dags/tutorial_taskflow_api_etl.py for tasks to queue
[2022-08-29T12:48:18.227-0400] {logging_mixin.py:115} INFO - [2022-08-29T12:48:18.227-0400] {dagbag.py:508} INFO - Filling up the DagBag from /home/augenz/PycharmProjects/airflow/.env_airflow/lib/python3.9/site-packages/airflow/example_dags/tutorial_taskflow_api_etl.py
[2022-08-29T12:48:18.256-0400] {processor.py:650} INFO - DAG(s) dict_keys(['tutorial_taskflow_api_etl']) retrieved from /home/augenz/PycharmProjects/airflow/.env_airflow/lib/python3.9/site-packages/airflow/example_dags/tutorial_taskflow_api_etl.py
[2022-08-29T12:48:18.751-0400] {logging_mixin.py:115} INFO - [2022-08-29T12:48:18.750-0400] {dag.py:2429} INFO - Sync 1 DAGs
[2022-08-29T12:48:18.776-0400] {logging_mixin.py:115} INFO - [2022-08-29T12:48:18.776-0400] {dag.py:2977} INFO - Setting next_dagrun for tutorial_taskflow_api_etl to None, run_after=None
[2022-08-29T12:48:18.819-0400] {processor.py:161} INFO - Processing /home/augenz/PycharmProjects/airflow/.env_airflow/lib/python3.9/site-packages/airflow/example_dags/tutorial_taskflow_api_etl.py took 0.612 seconds
[2022-08-29T12:48:49.329-0400] {processor.py:153} INFO - Started process (PID=1526) to work on /home/augenz/PycharmProjects/airflow/.env_airflow/lib/python3.9/site-packages/airflow/example_dags/tutorial_taskflow_api_etl.py
[2022-08-29T12:48:49.343-0400] {processor.py:640} INFO - Processing file /home/augenz/PycharmProjects/airflow/.env_airflow/lib/python3.9/site-packages/airflow/example_dags/tutorial_taskflow_api_etl.py for tasks to queue
[2022-08-29T12:48:49.344-0400] {logging_mixin.py:115} INFO - [2022-08-29T12:48:49.344-0400] {dagbag.py:508} INFO - Filling up the DagBag from /home/augenz/PycharmProjects/airflow/.env_airflow/lib/python3.9/site-packages/airflow/example_dags/tutorial_taskflow_api_etl.py
[2022-08-29T12:48:49.377-0400] {processor.py:650} INFO - DAG(s) dict_keys(['tutorial_taskflow_api_etl']) retrieved from /home/augenz/PycharmProjects/airflow/.env_airflow/lib/python3.9/site-packages/airflow/example_dags/tutorial_taskflow_api_etl.py
[2022-08-29T12:48:49.949-0400] {logging_mixin.py:115} INFO - [2022-08-29T12:48:49.949-0400] {dag.py:2429} INFO - Sync 1 DAGs
[2022-08-29T12:48:49.973-0400] {logging_mixin.py:115} INFO - [2022-08-29T12:48:49.972-0400] {dag.py:2977} INFO - Setting next_dagrun for tutorial_taskflow_api_etl to None, run_after=None
[2022-08-29T12:48:50.017-0400] {processor.py:161} INFO - Processing /home/augenz/PycharmProjects/airflow/.env_airflow/lib/python3.9/site-packages/airflow/example_dags/tutorial_taskflow_api_etl.py took 0.693 seconds
[2022-08-29T12:49:20.283-0400] {processor.py:153} INFO - Started process (PID=1568) to work on /home/augenz/PycharmProjects/airflow/.env_airflow/lib/python3.9/site-packages/airflow/example_dags/tutorial_taskflow_api_etl.py
[2022-08-29T12:49:20.297-0400] {processor.py:640} INFO - Processing file /home/augenz/PycharmProjects/airflow/.env_airflow/lib/python3.9/site-packages/airflow/example_dags/tutorial_taskflow_api_etl.py for tasks to queue
[2022-08-29T12:49:20.298-0400] {logging_mixin.py:115} INFO - [2022-08-29T12:49:20.298-0400] {dagbag.py:508} INFO - Filling up the DagBag from /home/augenz/PycharmProjects/airflow/.env_airflow/lib/python3.9/site-packages/airflow/example_dags/tutorial_taskflow_api_etl.py
[2022-08-29T12:49:20.326-0400] {processor.py:650} INFO - DAG(s) dict_keys(['tutorial_taskflow_api_etl']) retrieved from /home/augenz/PycharmProjects/airflow/.env_airflow/lib/python3.9/site-packages/airflow/example_dags/tutorial_taskflow_api_etl.py
[2022-08-29T12:49:21.035-0400] {logging_mixin.py:115} INFO - [2022-08-29T12:49:21.034-0400] {dag.py:2429} INFO - Sync 1 DAGs
[2022-08-29T12:49:21.069-0400] {logging_mixin.py:115} INFO - [2022-08-29T12:49:21.069-0400] {dag.py:2977} INFO - Setting next_dagrun for tutorial_taskflow_api_etl to None, run_after=None
[2022-08-29T12:49:21.122-0400] {processor.py:161} INFO - Processing /home/augenz/PycharmProjects/airflow/.env_airflow/lib/python3.9/site-packages/airflow/example_dags/tutorial_taskflow_api_etl.py took 0.846 seconds
[2022-08-29T12:49:51.187-0400] {processor.py:153} INFO - Started process (PID=1605) to work on /home/augenz/PycharmProjects/airflow/.env_airflow/lib/python3.9/site-packages/airflow/example_dags/tutorial_taskflow_api_etl.py
[2022-08-29T12:49:51.206-0400] {processor.py:640} INFO - Processing file /home/augenz/PycharmProjects/airflow/.env_airflow/lib/python3.9/site-packages/airflow/example_dags/tutorial_taskflow_api_etl.py for tasks to queue
[2022-08-29T12:49:51.207-0400] {logging_mixin.py:115} INFO - [2022-08-29T12:49:51.206-0400] {dagbag.py:508} INFO - Filling up the DagBag from /home/augenz/PycharmProjects/airflow/.env_airflow/lib/python3.9/site-packages/airflow/example_dags/tutorial_taskflow_api_etl.py
[2022-08-29T12:49:51.234-0400] {processor.py:650} INFO - DAG(s) dict_keys(['tutorial_taskflow_api_etl']) retrieved from /home/augenz/PycharmProjects/airflow/.env_airflow/lib/python3.9/site-packages/airflow/example_dags/tutorial_taskflow_api_etl.py
[2022-08-29T12:49:51.898-0400] {logging_mixin.py:115} INFO - [2022-08-29T12:49:51.897-0400] {dag.py:2429} INFO - Sync 1 DAGs
[2022-08-29T12:49:51.925-0400] {logging_mixin.py:115} INFO - [2022-08-29T12:49:51.925-0400] {dag.py:2977} INFO - Setting next_dagrun for tutorial_taskflow_api_etl to None, run_after=None
[2022-08-29T12:49:51.977-0400] {processor.py:161} INFO - Processing /home/augenz/PycharmProjects/airflow/.env_airflow/lib/python3.9/site-packages/airflow/example_dags/tutorial_taskflow_api_etl.py took 0.795 seconds
[2022-08-29T12:50:22.789-0400] {processor.py:153} INFO - Started process (PID=1643) to work on /home/augenz/PycharmProjects/airflow/.env_airflow/lib/python3.9/site-packages/airflow/example_dags/tutorial_taskflow_api_etl.py
[2022-08-29T12:50:22.806-0400] {processor.py:640} INFO - Processing file /home/augenz/PycharmProjects/airflow/.env_airflow/lib/python3.9/site-packages/airflow/example_dags/tutorial_taskflow_api_etl.py for tasks to queue
[2022-08-29T12:50:22.808-0400] {logging_mixin.py:115} INFO - [2022-08-29T12:50:22.808-0400] {dagbag.py:508} INFO - Filling up the DagBag from /home/augenz/PycharmProjects/airflow/.env_airflow/lib/python3.9/site-packages/airflow/example_dags/tutorial_taskflow_api_etl.py
[2022-08-29T12:50:22.840-0400] {processor.py:650} INFO - DAG(s) dict_keys(['tutorial_taskflow_api_etl']) retrieved from /home/augenz/PycharmProjects/airflow/.env_airflow/lib/python3.9/site-packages/airflow/example_dags/tutorial_taskflow_api_etl.py
[2022-08-29T12:50:23.687-0400] {logging_mixin.py:115} INFO - [2022-08-29T12:50:23.687-0400] {dag.py:2429} INFO - Sync 1 DAGs
[2022-08-29T12:50:23.717-0400] {logging_mixin.py:115} INFO - [2022-08-29T12:50:23.716-0400] {dag.py:2977} INFO - Setting next_dagrun for tutorial_taskflow_api_etl to None, run_after=None
[2022-08-29T12:50:23.779-0400] {processor.py:161} INFO - Processing /home/augenz/PycharmProjects/airflow/.env_airflow/lib/python3.9/site-packages/airflow/example_dags/tutorial_taskflow_api_etl.py took 0.997 seconds
[2022-08-29T12:50:54.229-0400] {processor.py:153} INFO - Started process (PID=1677) to work on /home/augenz/PycharmProjects/airflow/.env_airflow/lib/python3.9/site-packages/airflow/example_dags/tutorial_taskflow_api_etl.py
[2022-08-29T12:50:54.233-0400] {processor.py:640} INFO - Processing file /home/augenz/PycharmProjects/airflow/.env_airflow/lib/python3.9/site-packages/airflow/example_dags/tutorial_taskflow_api_etl.py for tasks to queue
[2022-08-29T12:50:54.235-0400] {logging_mixin.py:115} INFO - [2022-08-29T12:50:54.234-0400] {dagbag.py:508} INFO - Filling up the DagBag from /home/augenz/PycharmProjects/airflow/.env_airflow/lib/python3.9/site-packages/airflow/example_dags/tutorial_taskflow_api_etl.py
[2022-08-29T12:50:54.267-0400] {processor.py:650} INFO - DAG(s) dict_keys(['tutorial_taskflow_api_etl']) retrieved from /home/augenz/PycharmProjects/airflow/.env_airflow/lib/python3.9/site-packages/airflow/example_dags/tutorial_taskflow_api_etl.py
[2022-08-29T12:50:54.817-0400] {logging_mixin.py:115} INFO - [2022-08-29T12:50:54.817-0400] {dag.py:2429} INFO - Sync 1 DAGs
[2022-08-29T12:50:54.843-0400] {logging_mixin.py:115} INFO - [2022-08-29T12:50:54.843-0400] {dag.py:2977} INFO - Setting next_dagrun for tutorial_taskflow_api_etl to None, run_after=None
[2022-08-29T12:50:54.886-0400] {processor.py:161} INFO - Processing /home/augenz/PycharmProjects/airflow/.env_airflow/lib/python3.9/site-packages/airflow/example_dags/tutorial_taskflow_api_etl.py took 0.663 seconds
[2022-08-29T12:51:24.955-0400] {processor.py:153} INFO - Started process (PID=1714) to work on /home/augenz/PycharmProjects/airflow/.env_airflow/lib/python3.9/site-packages/airflow/example_dags/tutorial_taskflow_api_etl.py
[2022-08-29T12:51:24.973-0400] {processor.py:640} INFO - Processing file /home/augenz/PycharmProjects/airflow/.env_airflow/lib/python3.9/site-packages/airflow/example_dags/tutorial_taskflow_api_etl.py for tasks to queue
[2022-08-29T12:51:24.974-0400] {logging_mixin.py:115} INFO - [2022-08-29T12:51:24.974-0400] {dagbag.py:508} INFO - Filling up the DagBag from /home/augenz/PycharmProjects/airflow/.env_airflow/lib/python3.9/site-packages/airflow/example_dags/tutorial_taskflow_api_etl.py
[2022-08-29T12:51:25.010-0400] {processor.py:650} INFO - DAG(s) dict_keys(['tutorial_taskflow_api_etl']) retrieved from /home/augenz/PycharmProjects/airflow/.env_airflow/lib/python3.9/site-packages/airflow/example_dags/tutorial_taskflow_api_etl.py
[2022-08-29T12:51:25.570-0400] {logging_mixin.py:115} INFO - [2022-08-29T12:51:25.569-0400] {dag.py:2429} INFO - Sync 1 DAGs
[2022-08-29T12:51:25.596-0400] {logging_mixin.py:115} INFO - [2022-08-29T12:51:25.596-0400] {dag.py:2977} INFO - Setting next_dagrun for tutorial_taskflow_api_etl to None, run_after=None
[2022-08-29T12:51:25.678-0400] {processor.py:161} INFO - Processing /home/augenz/PycharmProjects/airflow/.env_airflow/lib/python3.9/site-packages/airflow/example_dags/tutorial_taskflow_api_etl.py took 0.729 seconds
[2022-08-29T12:51:56.082-0400] {processor.py:153} INFO - Started process (PID=1749) to work on /home/augenz/PycharmProjects/airflow/.env_airflow/lib/python3.9/site-packages/airflow/example_dags/tutorial_taskflow_api_etl.py
[2022-08-29T12:51:56.100-0400] {processor.py:640} INFO - Processing file /home/augenz/PycharmProjects/airflow/.env_airflow/lib/python3.9/site-packages/airflow/example_dags/tutorial_taskflow_api_etl.py for tasks to queue
[2022-08-29T12:51:56.101-0400] {logging_mixin.py:115} INFO - [2022-08-29T12:51:56.101-0400] {dagbag.py:508} INFO - Filling up the DagBag from /home/augenz/PycharmProjects/airflow/.env_airflow/lib/python3.9/site-packages/airflow/example_dags/tutorial_taskflow_api_etl.py
[2022-08-29T12:51:56.137-0400] {processor.py:650} INFO - DAG(s) dict_keys(['tutorial_taskflow_api_etl']) retrieved from /home/augenz/PycharmProjects/airflow/.env_airflow/lib/python3.9/site-packages/airflow/example_dags/tutorial_taskflow_api_etl.py
[2022-08-29T12:51:56.596-0400] {logging_mixin.py:115} INFO - [2022-08-29T12:51:56.595-0400] {dag.py:2429} INFO - Sync 1 DAGs
[2022-08-29T12:51:56.623-0400] {logging_mixin.py:115} INFO - [2022-08-29T12:51:56.622-0400] {dag.py:2977} INFO - Setting next_dagrun for tutorial_taskflow_api_etl to None, run_after=None
[2022-08-29T12:51:56.672-0400] {processor.py:161} INFO - Processing /home/augenz/PycharmProjects/airflow/.env_airflow/lib/python3.9/site-packages/airflow/example_dags/tutorial_taskflow_api_etl.py took 0.595 seconds
[2022-08-29T12:52:27.086-0400] {processor.py:153} INFO - Started process (PID=1783) to work on /home/augenz/PycharmProjects/airflow/.env_airflow/lib/python3.9/site-packages/airflow/example_dags/tutorial_taskflow_api_etl.py
[2022-08-29T12:52:27.091-0400] {processor.py:640} INFO - Processing file /home/augenz/PycharmProjects/airflow/.env_airflow/lib/python3.9/site-packages/airflow/example_dags/tutorial_taskflow_api_etl.py for tasks to queue
[2022-08-29T12:52:27.093-0400] {logging_mixin.py:115} INFO - [2022-08-29T12:52:27.092-0400] {dagbag.py:508} INFO - Filling up the DagBag from /home/augenz/PycharmProjects/airflow/.env_airflow/lib/python3.9/site-packages/airflow/example_dags/tutorial_taskflow_api_etl.py
[2022-08-29T12:52:27.126-0400] {processor.py:650} INFO - DAG(s) dict_keys(['tutorial_taskflow_api_etl']) retrieved from /home/augenz/PycharmProjects/airflow/.env_airflow/lib/python3.9/site-packages/airflow/example_dags/tutorial_taskflow_api_etl.py
[2022-08-29T12:52:27.624-0400] {logging_mixin.py:115} INFO - [2022-08-29T12:52:27.623-0400] {dag.py:2429} INFO - Sync 1 DAGs
[2022-08-29T12:52:27.650-0400] {logging_mixin.py:115} INFO - [2022-08-29T12:52:27.650-0400] {dag.py:2977} INFO - Setting next_dagrun for tutorial_taskflow_api_etl to None, run_after=None
[2022-08-29T12:52:27.685-0400] {processor.py:161} INFO - Processing /home/augenz/PycharmProjects/airflow/.env_airflow/lib/python3.9/site-packages/airflow/example_dags/tutorial_taskflow_api_etl.py took 0.606 seconds
[2022-08-29T12:52:57.745-0400] {processor.py:153} INFO - Started process (PID=1817) to work on /home/augenz/PycharmProjects/airflow/.env_airflow/lib/python3.9/site-packages/airflow/example_dags/tutorial_taskflow_api_etl.py
[2022-08-29T12:52:57.749-0400] {processor.py:640} INFO - Processing file /home/augenz/PycharmProjects/airflow/.env_airflow/lib/python3.9/site-packages/airflow/example_dags/tutorial_taskflow_api_etl.py for tasks to queue
[2022-08-29T12:52:57.750-0400] {logging_mixin.py:115} INFO - [2022-08-29T12:52:57.750-0400] {dagbag.py:508} INFO - Filling up the DagBag from /home/augenz/PycharmProjects/airflow/.env_airflow/lib/python3.9/site-packages/airflow/example_dags/tutorial_taskflow_api_etl.py
[2022-08-29T12:52:57.777-0400] {processor.py:650} INFO - DAG(s) dict_keys(['tutorial_taskflow_api_etl']) retrieved from /home/augenz/PycharmProjects/airflow/.env_airflow/lib/python3.9/site-packages/airflow/example_dags/tutorial_taskflow_api_etl.py
[2022-08-29T12:52:58.234-0400] {logging_mixin.py:115} INFO - [2022-08-29T12:52:58.233-0400] {dag.py:2429} INFO - Sync 1 DAGs
[2022-08-29T12:52:58.261-0400] {logging_mixin.py:115} INFO - [2022-08-29T12:52:58.261-0400] {dag.py:2977} INFO - Setting next_dagrun for tutorial_taskflow_api_etl to None, run_after=None
[2022-08-29T12:52:58.325-0400] {processor.py:161} INFO - Processing /home/augenz/PycharmProjects/airflow/.env_airflow/lib/python3.9/site-packages/airflow/example_dags/tutorial_taskflow_api_etl.py took 0.585 seconds
[2022-08-29T12:53:28.909-0400] {processor.py:153} INFO - Started process (PID=1854) to work on /home/augenz/PycharmProjects/airflow/.env_airflow/lib/python3.9/site-packages/airflow/example_dags/tutorial_taskflow_api_etl.py
[2022-08-29T12:53:28.914-0400] {processor.py:640} INFO - Processing file /home/augenz/PycharmProjects/airflow/.env_airflow/lib/python3.9/site-packages/airflow/example_dags/tutorial_taskflow_api_etl.py for tasks to queue
[2022-08-29T12:53:28.915-0400] {logging_mixin.py:115} INFO - [2022-08-29T12:53:28.914-0400] {dagbag.py:508} INFO - Filling up the DagBag from /home/augenz/PycharmProjects/airflow/.env_airflow/lib/python3.9/site-packages/airflow/example_dags/tutorial_taskflow_api_etl.py
[2022-08-29T12:53:28.939-0400] {processor.py:650} INFO - DAG(s) dict_keys(['tutorial_taskflow_api_etl']) retrieved from /home/augenz/PycharmProjects/airflow/.env_airflow/lib/python3.9/site-packages/airflow/example_dags/tutorial_taskflow_api_etl.py
[2022-08-29T12:53:29.431-0400] {logging_mixin.py:115} INFO - [2022-08-29T12:53:29.430-0400] {dag.py:2429} INFO - Sync 1 DAGs
[2022-08-29T12:53:29.456-0400] {logging_mixin.py:115} INFO - [2022-08-29T12:53:29.455-0400] {dag.py:2977} INFO - Setting next_dagrun for tutorial_taskflow_api_etl to None, run_after=None
[2022-08-29T12:53:29.503-0400] {processor.py:161} INFO - Processing /home/augenz/PycharmProjects/airflow/.env_airflow/lib/python3.9/site-packages/airflow/example_dags/tutorial_taskflow_api_etl.py took 0.599 seconds
[2022-08-29T12:53:59.534-0400] {processor.py:153} INFO - Started process (PID=1897) to work on /home/augenz/PycharmProjects/airflow/.env_airflow/lib/python3.9/site-packages/airflow/example_dags/tutorial_taskflow_api_etl.py
[2022-08-29T12:53:59.547-0400] {processor.py:640} INFO - Processing file /home/augenz/PycharmProjects/airflow/.env_airflow/lib/python3.9/site-packages/airflow/example_dags/tutorial_taskflow_api_etl.py for tasks to queue
[2022-08-29T12:53:59.548-0400] {logging_mixin.py:115} INFO - [2022-08-29T12:53:59.548-0400] {dagbag.py:508} INFO - Filling up the DagBag from /home/augenz/PycharmProjects/airflow/.env_airflow/lib/python3.9/site-packages/airflow/example_dags/tutorial_taskflow_api_etl.py
[2022-08-29T12:53:59.579-0400] {processor.py:650} INFO - DAG(s) dict_keys(['tutorial_taskflow_api_etl']) retrieved from /home/augenz/PycharmProjects/airflow/.env_airflow/lib/python3.9/site-packages/airflow/example_dags/tutorial_taskflow_api_etl.py
[2022-08-29T12:54:00.386-0400] {logging_mixin.py:115} INFO - [2022-08-29T12:54:00.385-0400] {dag.py:2429} INFO - Sync 1 DAGs
[2022-08-29T12:54:00.412-0400] {logging_mixin.py:115} INFO - [2022-08-29T12:54:00.411-0400] {dag.py:2977} INFO - Setting next_dagrun for tutorial_taskflow_api_etl to None, run_after=None
[2022-08-29T12:54:00.459-0400] {processor.py:161} INFO - Processing /home/augenz/PycharmProjects/airflow/.env_airflow/lib/python3.9/site-packages/airflow/example_dags/tutorial_taskflow_api_etl.py took 0.929 seconds
