[2022-08-29T12:33:15.410-0400] {processor.py:153} INFO - Started process (PID=376) to work on /home/augenz/PycharmProjects/airflow/.env_airflow/lib/python3.9/site-packages/airflow/example_dags/tutorial_taskflow_api_etl_virtualenv.py
[2022-08-29T12:33:15.411-0400] {processor.py:640} INFO - Processing file /home/augenz/PycharmProjects/airflow/.env_airflow/lib/python3.9/site-packages/airflow/example_dags/tutorial_taskflow_api_etl_virtualenv.py for tasks to queue
[2022-08-29T12:33:15.412-0400] {logging_mixin.py:115} INFO - [2022-08-29T12:33:15.412-0400] {dagbag.py:508} INFO - Filling up the DagBag from /home/augenz/PycharmProjects/airflow/.env_airflow/lib/python3.9/site-packages/airflow/example_dags/tutorial_taskflow_api_etl_virtualenv.py
[2022-08-29T12:33:15.436-0400] {processor.py:650} INFO - DAG(s) dict_keys(['tutorial_taskflow_api_etl_virtualenv']) retrieved from /home/augenz/PycharmProjects/airflow/.env_airflow/lib/python3.9/site-packages/airflow/example_dags/tutorial_taskflow_api_etl_virtualenv.py
[2022-08-29T12:33:15.608-0400] {logging_mixin.py:115} INFO - [2022-08-29T12:33:15.607-0400] {manager.py:508} INFO - Created Permission View: can delete on DAG:tutorial_taskflow_api_etl_virtualenv
[2022-08-29T12:33:15.650-0400] {logging_mixin.py:115} INFO - [2022-08-29T12:33:15.649-0400] {manager.py:508} INFO - Created Permission View: can read on DAG:tutorial_taskflow_api_etl_virtualenv
[2022-08-29T12:33:15.683-0400] {logging_mixin.py:115} INFO - [2022-08-29T12:33:15.683-0400] {manager.py:508} INFO - Created Permission View: can edit on DAG:tutorial_taskflow_api_etl_virtualenv
[2022-08-29T12:33:15.684-0400] {logging_mixin.py:115} INFO - [2022-08-29T12:33:15.683-0400] {dag.py:2429} INFO - Sync 1 DAGs
[2022-08-29T12:33:15.702-0400] {logging_mixin.py:115} INFO - [2022-08-29T12:33:15.702-0400] {dag.py:2448} INFO - Creating ORM DAG for tutorial_taskflow_api_etl_virtualenv
[2022-08-29T12:33:15.725-0400] {logging_mixin.py:115} INFO - [2022-08-29T12:33:15.725-0400] {dag.py:2977} INFO - Setting next_dagrun for tutorial_taskflow_api_etl_virtualenv to None, run_after=None
[2022-08-29T12:33:15.790-0400] {processor.py:161} INFO - Processing /home/augenz/PycharmProjects/airflow/.env_airflow/lib/python3.9/site-packages/airflow/example_dags/tutorial_taskflow_api_etl_virtualenv.py took 0.384 seconds
[2022-08-29T12:33:45.826-0400] {processor.py:153} INFO - Started process (PID=416) to work on /home/augenz/PycharmProjects/airflow/.env_airflow/lib/python3.9/site-packages/airflow/example_dags/tutorial_taskflow_api_etl_virtualenv.py
[2022-08-29T12:33:45.827-0400] {processor.py:640} INFO - Processing file /home/augenz/PycharmProjects/airflow/.env_airflow/lib/python3.9/site-packages/airflow/example_dags/tutorial_taskflow_api_etl_virtualenv.py for tasks to queue
[2022-08-29T12:33:45.828-0400] {logging_mixin.py:115} INFO - [2022-08-29T12:33:45.828-0400] {dagbag.py:508} INFO - Filling up the DagBag from /home/augenz/PycharmProjects/airflow/.env_airflow/lib/python3.9/site-packages/airflow/example_dags/tutorial_taskflow_api_etl_virtualenv.py
[2022-08-29T12:33:45.855-0400] {processor.py:650} INFO - DAG(s) dict_keys(['tutorial_taskflow_api_etl_virtualenv']) retrieved from /home/augenz/PycharmProjects/airflow/.env_airflow/lib/python3.9/site-packages/airflow/example_dags/tutorial_taskflow_api_etl_virtualenv.py
[2022-08-29T12:33:45.943-0400] {logging_mixin.py:115} INFO - [2022-08-29T12:33:45.943-0400] {dag.py:2429} INFO - Sync 1 DAGs
[2022-08-29T12:33:45.972-0400] {logging_mixin.py:115} INFO - [2022-08-29T12:33:45.972-0400] {dag.py:2977} INFO - Setting next_dagrun for tutorial_taskflow_api_etl_virtualenv to None, run_after=None
[2022-08-29T12:33:46.020-0400] {processor.py:161} INFO - Processing /home/augenz/PycharmProjects/airflow/.env_airflow/lib/python3.9/site-packages/airflow/example_dags/tutorial_taskflow_api_etl_virtualenv.py took 0.200 seconds
[2022-08-29T12:34:16.393-0400] {processor.py:153} INFO - Started process (PID=451) to work on /home/augenz/PycharmProjects/airflow/.env_airflow/lib/python3.9/site-packages/airflow/example_dags/tutorial_taskflow_api_etl_virtualenv.py
[2022-08-29T12:34:16.396-0400] {processor.py:640} INFO - Processing file /home/augenz/PycharmProjects/airflow/.env_airflow/lib/python3.9/site-packages/airflow/example_dags/tutorial_taskflow_api_etl_virtualenv.py for tasks to queue
[2022-08-29T12:34:16.397-0400] {logging_mixin.py:115} INFO - [2022-08-29T12:34:16.397-0400] {dagbag.py:508} INFO - Filling up the DagBag from /home/augenz/PycharmProjects/airflow/.env_airflow/lib/python3.9/site-packages/airflow/example_dags/tutorial_taskflow_api_etl_virtualenv.py
[2022-08-29T12:34:16.437-0400] {processor.py:650} INFO - DAG(s) dict_keys(['tutorial_taskflow_api_etl_virtualenv']) retrieved from /home/augenz/PycharmProjects/airflow/.env_airflow/lib/python3.9/site-packages/airflow/example_dags/tutorial_taskflow_api_etl_virtualenv.py
[2022-08-29T12:34:16.573-0400] {logging_mixin.py:115} INFO - [2022-08-29T12:34:16.573-0400] {dag.py:2429} INFO - Sync 1 DAGs
[2022-08-29T12:34:16.614-0400] {logging_mixin.py:115} INFO - [2022-08-29T12:34:16.614-0400] {dag.py:2977} INFO - Setting next_dagrun for tutorial_taskflow_api_etl_virtualenv to None, run_after=None
[2022-08-29T12:34:16.669-0400] {processor.py:161} INFO - Processing /home/augenz/PycharmProjects/airflow/.env_airflow/lib/python3.9/site-packages/airflow/example_dags/tutorial_taskflow_api_etl_virtualenv.py took 0.282 seconds
[2022-08-29T12:34:46.914-0400] {processor.py:153} INFO - Started process (PID=486) to work on /home/augenz/PycharmProjects/airflow/.env_airflow/lib/python3.9/site-packages/airflow/example_dags/tutorial_taskflow_api_etl_virtualenv.py
[2022-08-29T12:34:46.915-0400] {processor.py:640} INFO - Processing file /home/augenz/PycharmProjects/airflow/.env_airflow/lib/python3.9/site-packages/airflow/example_dags/tutorial_taskflow_api_etl_virtualenv.py for tasks to queue
[2022-08-29T12:34:46.917-0400] {logging_mixin.py:115} INFO - [2022-08-29T12:34:46.916-0400] {dagbag.py:508} INFO - Filling up the DagBag from /home/augenz/PycharmProjects/airflow/.env_airflow/lib/python3.9/site-packages/airflow/example_dags/tutorial_taskflow_api_etl_virtualenv.py
[2022-08-29T12:34:46.964-0400] {processor.py:650} INFO - DAG(s) dict_keys(['tutorial_taskflow_api_etl_virtualenv']) retrieved from /home/augenz/PycharmProjects/airflow/.env_airflow/lib/python3.9/site-packages/airflow/example_dags/tutorial_taskflow_api_etl_virtualenv.py
[2022-08-29T12:34:47.092-0400] {logging_mixin.py:115} INFO - [2022-08-29T12:34:47.091-0400] {dag.py:2429} INFO - Sync 1 DAGs
[2022-08-29T12:34:47.135-0400] {logging_mixin.py:115} INFO - [2022-08-29T12:34:47.135-0400] {dag.py:2977} INFO - Setting next_dagrun for tutorial_taskflow_api_etl_virtualenv to None, run_after=None
[2022-08-29T12:34:47.183-0400] {processor.py:161} INFO - Processing /home/augenz/PycharmProjects/airflow/.env_airflow/lib/python3.9/site-packages/airflow/example_dags/tutorial_taskflow_api_etl_virtualenv.py took 0.276 seconds
[2022-08-29T12:35:17.814-0400] {processor.py:153} INFO - Started process (PID=543) to work on /home/augenz/PycharmProjects/airflow/.env_airflow/lib/python3.9/site-packages/airflow/example_dags/tutorial_taskflow_api_etl_virtualenv.py
[2022-08-29T12:35:17.817-0400] {processor.py:640} INFO - Processing file /home/augenz/PycharmProjects/airflow/.env_airflow/lib/python3.9/site-packages/airflow/example_dags/tutorial_taskflow_api_etl_virtualenv.py for tasks to queue
[2022-08-29T12:35:17.817-0400] {logging_mixin.py:115} INFO - [2022-08-29T12:35:17.817-0400] {dagbag.py:508} INFO - Filling up the DagBag from /home/augenz/PycharmProjects/airflow/.env_airflow/lib/python3.9/site-packages/airflow/example_dags/tutorial_taskflow_api_etl_virtualenv.py
[2022-08-29T12:35:17.847-0400] {processor.py:650} INFO - DAG(s) dict_keys(['tutorial_taskflow_api_etl_virtualenv']) retrieved from /home/augenz/PycharmProjects/airflow/.env_airflow/lib/python3.9/site-packages/airflow/example_dags/tutorial_taskflow_api_etl_virtualenv.py
[2022-08-29T12:35:17.950-0400] {logging_mixin.py:115} INFO - [2022-08-29T12:35:17.950-0400] {dag.py:2429} INFO - Sync 1 DAGs
[2022-08-29T12:35:17.983-0400] {logging_mixin.py:115} INFO - [2022-08-29T12:35:17.982-0400] {dag.py:2977} INFO - Setting next_dagrun for tutorial_taskflow_api_etl_virtualenv to None, run_after=None
[2022-08-29T12:35:18.026-0400] {processor.py:161} INFO - Processing /home/augenz/PycharmProjects/airflow/.env_airflow/lib/python3.9/site-packages/airflow/example_dags/tutorial_taskflow_api_etl_virtualenv.py took 0.217 seconds
[2022-08-29T12:35:50.038-0400] {processor.py:153} INFO - Started process (PID=586) to work on /home/augenz/PycharmProjects/airflow/.env_airflow/lib/python3.9/site-packages/airflow/example_dags/tutorial_taskflow_api_etl_virtualenv.py
[2022-08-29T12:35:50.058-0400] {processor.py:640} INFO - Processing file /home/augenz/PycharmProjects/airflow/.env_airflow/lib/python3.9/site-packages/airflow/example_dags/tutorial_taskflow_api_etl_virtualenv.py for tasks to queue
[2022-08-29T12:35:50.059-0400] {logging_mixin.py:115} INFO - [2022-08-29T12:35:50.059-0400] {dagbag.py:508} INFO - Filling up the DagBag from /home/augenz/PycharmProjects/airflow/.env_airflow/lib/python3.9/site-packages/airflow/example_dags/tutorial_taskflow_api_etl_virtualenv.py
[2022-08-29T12:35:50.088-0400] {processor.py:650} INFO - DAG(s) dict_keys(['tutorial_taskflow_api_etl_virtualenv']) retrieved from /home/augenz/PycharmProjects/airflow/.env_airflow/lib/python3.9/site-packages/airflow/example_dags/tutorial_taskflow_api_etl_virtualenv.py
[2022-08-29T12:35:50.606-0400] {logging_mixin.py:115} INFO - [2022-08-29T12:35:50.606-0400] {dag.py:2429} INFO - Sync 1 DAGs
[2022-08-29T12:35:50.634-0400] {logging_mixin.py:115} INFO - [2022-08-29T12:35:50.634-0400] {dag.py:2977} INFO - Setting next_dagrun for tutorial_taskflow_api_etl_virtualenv to None, run_after=None
[2022-08-29T12:35:50.672-0400] {processor.py:161} INFO - Processing /home/augenz/PycharmProjects/airflow/.env_airflow/lib/python3.9/site-packages/airflow/example_dags/tutorial_taskflow_api_etl_virtualenv.py took 0.638 seconds
[2022-08-29T12:36:21.147-0400] {processor.py:153} INFO - Started process (PID=620) to work on /home/augenz/PycharmProjects/airflow/.env_airflow/lib/python3.9/site-packages/airflow/example_dags/tutorial_taskflow_api_etl_virtualenv.py
[2022-08-29T12:36:21.149-0400] {processor.py:640} INFO - Processing file /home/augenz/PycharmProjects/airflow/.env_airflow/lib/python3.9/site-packages/airflow/example_dags/tutorial_taskflow_api_etl_virtualenv.py for tasks to queue
[2022-08-29T12:36:21.149-0400] {logging_mixin.py:115} INFO - [2022-08-29T12:36:21.149-0400] {dagbag.py:508} INFO - Filling up the DagBag from /home/augenz/PycharmProjects/airflow/.env_airflow/lib/python3.9/site-packages/airflow/example_dags/tutorial_taskflow_api_etl_virtualenv.py
[2022-08-29T12:36:21.173-0400] {processor.py:650} INFO - DAG(s) dict_keys(['tutorial_taskflow_api_etl_virtualenv']) retrieved from /home/augenz/PycharmProjects/airflow/.env_airflow/lib/python3.9/site-packages/airflow/example_dags/tutorial_taskflow_api_etl_virtualenv.py
[2022-08-29T12:36:21.687-0400] {logging_mixin.py:115} INFO - [2022-08-29T12:36:21.687-0400] {dag.py:2429} INFO - Sync 1 DAGs
[2022-08-29T12:36:21.714-0400] {logging_mixin.py:115} INFO - [2022-08-29T12:36:21.713-0400] {dag.py:2977} INFO - Setting next_dagrun for tutorial_taskflow_api_etl_virtualenv to None, run_after=None
[2022-08-29T12:36:21.751-0400] {processor.py:161} INFO - Processing /home/augenz/PycharmProjects/airflow/.env_airflow/lib/python3.9/site-packages/airflow/example_dags/tutorial_taskflow_api_etl_virtualenv.py took 0.607 seconds
[2022-08-29T12:36:52.351-0400] {processor.py:153} INFO - Started process (PID=656) to work on /home/augenz/PycharmProjects/airflow/.env_airflow/lib/python3.9/site-packages/airflow/example_dags/tutorial_taskflow_api_etl_virtualenv.py
[2022-08-29T12:36:52.354-0400] {processor.py:640} INFO - Processing file /home/augenz/PycharmProjects/airflow/.env_airflow/lib/python3.9/site-packages/airflow/example_dags/tutorial_taskflow_api_etl_virtualenv.py for tasks to queue
[2022-08-29T12:36:52.356-0400] {logging_mixin.py:115} INFO - [2022-08-29T12:36:52.355-0400] {dagbag.py:508} INFO - Filling up the DagBag from /home/augenz/PycharmProjects/airflow/.env_airflow/lib/python3.9/site-packages/airflow/example_dags/tutorial_taskflow_api_etl_virtualenv.py
[2022-08-29T12:36:52.404-0400] {processor.py:650} INFO - DAG(s) dict_keys(['tutorial_taskflow_api_etl_virtualenv']) retrieved from /home/augenz/PycharmProjects/airflow/.env_airflow/lib/python3.9/site-packages/airflow/example_dags/tutorial_taskflow_api_etl_virtualenv.py
[2022-08-29T12:36:53.305-0400] {logging_mixin.py:115} INFO - [2022-08-29T12:36:53.304-0400] {dag.py:2429} INFO - Sync 1 DAGs
[2022-08-29T12:36:53.387-0400] {logging_mixin.py:115} INFO - [2022-08-29T12:36:53.387-0400] {dag.py:2977} INFO - Setting next_dagrun for tutorial_taskflow_api_etl_virtualenv to None, run_after=None
[2022-08-29T12:36:53.449-0400] {processor.py:161} INFO - Processing /home/augenz/PycharmProjects/airflow/.env_airflow/lib/python3.9/site-packages/airflow/example_dags/tutorial_taskflow_api_etl_virtualenv.py took 1.117 seconds
[2022-08-29T12:37:27.098-0400] {processor.py:153} INFO - Started process (PID=711) to work on /home/augenz/PycharmProjects/airflow/.env_airflow/lib/python3.9/site-packages/airflow/example_dags/tutorial_taskflow_api_etl_virtualenv.py
[2022-08-29T12:37:27.102-0400] {processor.py:640} INFO - Processing file /home/augenz/PycharmProjects/airflow/.env_airflow/lib/python3.9/site-packages/airflow/example_dags/tutorial_taskflow_api_etl_virtualenv.py for tasks to queue
[2022-08-29T12:37:27.104-0400] {logging_mixin.py:115} INFO - [2022-08-29T12:37:27.103-0400] {dagbag.py:508} INFO - Filling up the DagBag from /home/augenz/PycharmProjects/airflow/.env_airflow/lib/python3.9/site-packages/airflow/example_dags/tutorial_taskflow_api_etl_virtualenv.py
[2022-08-29T12:37:27.175-0400] {processor.py:650} INFO - DAG(s) dict_keys(['tutorial_taskflow_api_etl_virtualenv']) retrieved from /home/augenz/PycharmProjects/airflow/.env_airflow/lib/python3.9/site-packages/airflow/example_dags/tutorial_taskflow_api_etl_virtualenv.py
[2022-08-29T12:37:28.536-0400] {logging_mixin.py:115} INFO - [2022-08-29T12:37:28.535-0400] {dag.py:2429} INFO - Sync 1 DAGs
[2022-08-29T12:37:28.601-0400] {logging_mixin.py:115} INFO - [2022-08-29T12:37:28.600-0400] {dag.py:2977} INFO - Setting next_dagrun for tutorial_taskflow_api_etl_virtualenv to None, run_after=None
[2022-08-29T12:37:28.655-0400] {processor.py:161} INFO - Processing /home/augenz/PycharmProjects/airflow/.env_airflow/lib/python3.9/site-packages/airflow/example_dags/tutorial_taskflow_api_etl_virtualenv.py took 1.571 seconds
[2022-08-29T12:38:00.029-0400] {processor.py:153} INFO - Started process (PID=760) to work on /home/augenz/PycharmProjects/airflow/.env_airflow/lib/python3.9/site-packages/airflow/example_dags/tutorial_taskflow_api_etl_virtualenv.py
[2022-08-29T12:38:00.033-0400] {processor.py:640} INFO - Processing file /home/augenz/PycharmProjects/airflow/.env_airflow/lib/python3.9/site-packages/airflow/example_dags/tutorial_taskflow_api_etl_virtualenv.py for tasks to queue
[2022-08-29T12:38:00.035-0400] {logging_mixin.py:115} INFO - [2022-08-29T12:38:00.034-0400] {dagbag.py:508} INFO - Filling up the DagBag from /home/augenz/PycharmProjects/airflow/.env_airflow/lib/python3.9/site-packages/airflow/example_dags/tutorial_taskflow_api_etl_virtualenv.py
[2022-08-29T12:38:00.100-0400] {processor.py:650} INFO - DAG(s) dict_keys(['tutorial_taskflow_api_etl_virtualenv']) retrieved from /home/augenz/PycharmProjects/airflow/.env_airflow/lib/python3.9/site-packages/airflow/example_dags/tutorial_taskflow_api_etl_virtualenv.py
[2022-08-29T12:38:01.278-0400] {logging_mixin.py:115} INFO - [2022-08-29T12:38:01.277-0400] {dag.py:2429} INFO - Sync 1 DAGs
[2022-08-29T12:38:01.333-0400] {logging_mixin.py:115} INFO - [2022-08-29T12:38:01.333-0400] {dag.py:2977} INFO - Setting next_dagrun for tutorial_taskflow_api_etl_virtualenv to None, run_after=None
[2022-08-29T12:38:01.408-0400] {processor.py:161} INFO - Processing /home/augenz/PycharmProjects/airflow/.env_airflow/lib/python3.9/site-packages/airflow/example_dags/tutorial_taskflow_api_etl_virtualenv.py took 1.386 seconds
[2022-08-29T12:38:31.915-0400] {processor.py:153} INFO - Started process (PID=810) to work on /home/augenz/PycharmProjects/airflow/.env_airflow/lib/python3.9/site-packages/airflow/example_dags/tutorial_taskflow_api_etl_virtualenv.py
[2022-08-29T12:38:31.924-0400] {processor.py:640} INFO - Processing file /home/augenz/PycharmProjects/airflow/.env_airflow/lib/python3.9/site-packages/airflow/example_dags/tutorial_taskflow_api_etl_virtualenv.py for tasks to queue
[2022-08-29T12:38:31.926-0400] {logging_mixin.py:115} INFO - [2022-08-29T12:38:31.925-0400] {dagbag.py:508} INFO - Filling up the DagBag from /home/augenz/PycharmProjects/airflow/.env_airflow/lib/python3.9/site-packages/airflow/example_dags/tutorial_taskflow_api_etl_virtualenv.py
[2022-08-29T12:38:31.981-0400] {processor.py:650} INFO - DAG(s) dict_keys(['tutorial_taskflow_api_etl_virtualenv']) retrieved from /home/augenz/PycharmProjects/airflow/.env_airflow/lib/python3.9/site-packages/airflow/example_dags/tutorial_taskflow_api_etl_virtualenv.py
[2022-08-29T12:38:32.913-0400] {logging_mixin.py:115} INFO - [2022-08-29T12:38:32.912-0400] {dag.py:2429} INFO - Sync 1 DAGs
[2022-08-29T12:38:32.944-0400] {logging_mixin.py:115} INFO - [2022-08-29T12:38:32.944-0400] {dag.py:2977} INFO - Setting next_dagrun for tutorial_taskflow_api_etl_virtualenv to None, run_after=None
[2022-08-29T12:38:33.002-0400] {processor.py:161} INFO - Processing /home/augenz/PycharmProjects/airflow/.env_airflow/lib/python3.9/site-packages/airflow/example_dags/tutorial_taskflow_api_etl_virtualenv.py took 1.102 seconds
[2022-08-29T12:39:03.428-0400] {processor.py:153} INFO - Started process (PID=844) to work on /home/augenz/PycharmProjects/airflow/.env_airflow/lib/python3.9/site-packages/airflow/example_dags/tutorial_taskflow_api_etl_virtualenv.py
[2022-08-29T12:39:03.431-0400] {processor.py:640} INFO - Processing file /home/augenz/PycharmProjects/airflow/.env_airflow/lib/python3.9/site-packages/airflow/example_dags/tutorial_taskflow_api_etl_virtualenv.py for tasks to queue
[2022-08-29T12:39:03.431-0400] {logging_mixin.py:115} INFO - [2022-08-29T12:39:03.431-0400] {dagbag.py:508} INFO - Filling up the DagBag from /home/augenz/PycharmProjects/airflow/.env_airflow/lib/python3.9/site-packages/airflow/example_dags/tutorial_taskflow_api_etl_virtualenv.py
[2022-08-29T12:39:03.455-0400] {processor.py:650} INFO - DAG(s) dict_keys(['tutorial_taskflow_api_etl_virtualenv']) retrieved from /home/augenz/PycharmProjects/airflow/.env_airflow/lib/python3.9/site-packages/airflow/example_dags/tutorial_taskflow_api_etl_virtualenv.py
[2022-08-29T12:39:03.945-0400] {logging_mixin.py:115} INFO - [2022-08-29T12:39:03.944-0400] {dag.py:2429} INFO - Sync 1 DAGs
[2022-08-29T12:39:03.971-0400] {logging_mixin.py:115} INFO - [2022-08-29T12:39:03.970-0400] {dag.py:2977} INFO - Setting next_dagrun for tutorial_taskflow_api_etl_virtualenv to None, run_after=None
[2022-08-29T12:39:04.015-0400] {processor.py:161} INFO - Processing /home/augenz/PycharmProjects/airflow/.env_airflow/lib/python3.9/site-packages/airflow/example_dags/tutorial_taskflow_api_etl_virtualenv.py took 0.592 seconds
[2022-08-29T12:39:34.513-0400] {processor.py:153} INFO - Started process (PID=879) to work on /home/augenz/PycharmProjects/airflow/.env_airflow/lib/python3.9/site-packages/airflow/example_dags/tutorial_taskflow_api_etl_virtualenv.py
[2022-08-29T12:39:34.516-0400] {processor.py:640} INFO - Processing file /home/augenz/PycharmProjects/airflow/.env_airflow/lib/python3.9/site-packages/airflow/example_dags/tutorial_taskflow_api_etl_virtualenv.py for tasks to queue
[2022-08-29T12:39:34.517-0400] {logging_mixin.py:115} INFO - [2022-08-29T12:39:34.517-0400] {dagbag.py:508} INFO - Filling up the DagBag from /home/augenz/PycharmProjects/airflow/.env_airflow/lib/python3.9/site-packages/airflow/example_dags/tutorial_taskflow_api_etl_virtualenv.py
[2022-08-29T12:39:34.542-0400] {processor.py:650} INFO - DAG(s) dict_keys(['tutorial_taskflow_api_etl_virtualenv']) retrieved from /home/augenz/PycharmProjects/airflow/.env_airflow/lib/python3.9/site-packages/airflow/example_dags/tutorial_taskflow_api_etl_virtualenv.py
[2022-08-29T12:39:34.963-0400] {logging_mixin.py:115} INFO - [2022-08-29T12:39:34.963-0400] {dag.py:2429} INFO - Sync 1 DAGs
[2022-08-29T12:39:34.993-0400] {logging_mixin.py:115} INFO - [2022-08-29T12:39:34.993-0400] {dag.py:2977} INFO - Setting next_dagrun for tutorial_taskflow_api_etl_virtualenv to None, run_after=None
[2022-08-29T12:39:35.028-0400] {processor.py:161} INFO - Processing /home/augenz/PycharmProjects/airflow/.env_airflow/lib/python3.9/site-packages/airflow/example_dags/tutorial_taskflow_api_etl_virtualenv.py took 0.519 seconds
[2022-08-29T12:40:05.100-0400] {processor.py:153} INFO - Started process (PID=918) to work on /home/augenz/PycharmProjects/airflow/.env_airflow/lib/python3.9/site-packages/airflow/example_dags/tutorial_taskflow_api_etl_virtualenv.py
[2022-08-29T12:40:05.103-0400] {processor.py:640} INFO - Processing file /home/augenz/PycharmProjects/airflow/.env_airflow/lib/python3.9/site-packages/airflow/example_dags/tutorial_taskflow_api_etl_virtualenv.py for tasks to queue
[2022-08-29T12:40:05.104-0400] {logging_mixin.py:115} INFO - [2022-08-29T12:40:05.104-0400] {dagbag.py:508} INFO - Filling up the DagBag from /home/augenz/PycharmProjects/airflow/.env_airflow/lib/python3.9/site-packages/airflow/example_dags/tutorial_taskflow_api_etl_virtualenv.py
[2022-08-29T12:40:05.131-0400] {processor.py:650} INFO - DAG(s) dict_keys(['tutorial_taskflow_api_etl_virtualenv']) retrieved from /home/augenz/PycharmProjects/airflow/.env_airflow/lib/python3.9/site-packages/airflow/example_dags/tutorial_taskflow_api_etl_virtualenv.py
[2022-08-29T12:40:05.702-0400] {logging_mixin.py:115} INFO - [2022-08-29T12:40:05.702-0400] {dag.py:2429} INFO - Sync 1 DAGs
[2022-08-29T12:40:05.729-0400] {logging_mixin.py:115} INFO - [2022-08-29T12:40:05.728-0400] {dag.py:2977} INFO - Setting next_dagrun for tutorial_taskflow_api_etl_virtualenv to None, run_after=None
[2022-08-29T12:40:05.774-0400] {processor.py:161} INFO - Processing /home/augenz/PycharmProjects/airflow/.env_airflow/lib/python3.9/site-packages/airflow/example_dags/tutorial_taskflow_api_etl_virtualenv.py took 0.679 seconds
[2022-08-29T12:40:35.977-0400] {processor.py:153} INFO - Started process (PID=953) to work on /home/augenz/PycharmProjects/airflow/.env_airflow/lib/python3.9/site-packages/airflow/example_dags/tutorial_taskflow_api_etl_virtualenv.py
[2022-08-29T12:40:35.979-0400] {processor.py:640} INFO - Processing file /home/augenz/PycharmProjects/airflow/.env_airflow/lib/python3.9/site-packages/airflow/example_dags/tutorial_taskflow_api_etl_virtualenv.py for tasks to queue
[2022-08-29T12:40:35.981-0400] {logging_mixin.py:115} INFO - [2022-08-29T12:40:35.980-0400] {dagbag.py:508} INFO - Filling up the DagBag from /home/augenz/PycharmProjects/airflow/.env_airflow/lib/python3.9/site-packages/airflow/example_dags/tutorial_taskflow_api_etl_virtualenv.py
[2022-08-29T12:40:36.016-0400] {processor.py:650} INFO - DAG(s) dict_keys(['tutorial_taskflow_api_etl_virtualenv']) retrieved from /home/augenz/PycharmProjects/airflow/.env_airflow/lib/python3.9/site-packages/airflow/example_dags/tutorial_taskflow_api_etl_virtualenv.py
[2022-08-29T12:40:36.442-0400] {logging_mixin.py:115} INFO - [2022-08-29T12:40:36.441-0400] {dag.py:2429} INFO - Sync 1 DAGs
[2022-08-29T12:40:36.468-0400] {logging_mixin.py:115} INFO - [2022-08-29T12:40:36.467-0400] {dag.py:2977} INFO - Setting next_dagrun for tutorial_taskflow_api_etl_virtualenv to None, run_after=None
[2022-08-29T12:40:36.503-0400] {processor.py:161} INFO - Processing /home/augenz/PycharmProjects/airflow/.env_airflow/lib/python3.9/site-packages/airflow/example_dags/tutorial_taskflow_api_etl_virtualenv.py took 0.530 seconds
[2022-08-29T12:41:06.928-0400] {processor.py:153} INFO - Started process (PID=987) to work on /home/augenz/PycharmProjects/airflow/.env_airflow/lib/python3.9/site-packages/airflow/example_dags/tutorial_taskflow_api_etl_virtualenv.py
[2022-08-29T12:41:06.939-0400] {processor.py:640} INFO - Processing file /home/augenz/PycharmProjects/airflow/.env_airflow/lib/python3.9/site-packages/airflow/example_dags/tutorial_taskflow_api_etl_virtualenv.py for tasks to queue
[2022-08-29T12:41:06.940-0400] {logging_mixin.py:115} INFO - [2022-08-29T12:41:06.940-0400] {dagbag.py:508} INFO - Filling up the DagBag from /home/augenz/PycharmProjects/airflow/.env_airflow/lib/python3.9/site-packages/airflow/example_dags/tutorial_taskflow_api_etl_virtualenv.py
[2022-08-29T12:41:06.968-0400] {processor.py:650} INFO - DAG(s) dict_keys(['tutorial_taskflow_api_etl_virtualenv']) retrieved from /home/augenz/PycharmProjects/airflow/.env_airflow/lib/python3.9/site-packages/airflow/example_dags/tutorial_taskflow_api_etl_virtualenv.py
[2022-08-29T12:41:07.438-0400] {logging_mixin.py:115} INFO - [2022-08-29T12:41:07.437-0400] {dag.py:2429} INFO - Sync 1 DAGs
[2022-08-29T12:41:07.462-0400] {logging_mixin.py:115} INFO - [2022-08-29T12:41:07.462-0400] {dag.py:2977} INFO - Setting next_dagrun for tutorial_taskflow_api_etl_virtualenv to None, run_after=None
[2022-08-29T12:41:07.491-0400] {processor.py:161} INFO - Processing /home/augenz/PycharmProjects/airflow/.env_airflow/lib/python3.9/site-packages/airflow/example_dags/tutorial_taskflow_api_etl_virtualenv.py took 0.568 seconds
[2022-08-29T12:41:37.887-0400] {processor.py:153} INFO - Started process (PID=1031) to work on /home/augenz/PycharmProjects/airflow/.env_airflow/lib/python3.9/site-packages/airflow/example_dags/tutorial_taskflow_api_etl_virtualenv.py
[2022-08-29T12:41:37.891-0400] {processor.py:640} INFO - Processing file /home/augenz/PycharmProjects/airflow/.env_airflow/lib/python3.9/site-packages/airflow/example_dags/tutorial_taskflow_api_etl_virtualenv.py for tasks to queue
[2022-08-29T12:41:37.892-0400] {logging_mixin.py:115} INFO - [2022-08-29T12:41:37.892-0400] {dagbag.py:508} INFO - Filling up the DagBag from /home/augenz/PycharmProjects/airflow/.env_airflow/lib/python3.9/site-packages/airflow/example_dags/tutorial_taskflow_api_etl_virtualenv.py
[2022-08-29T12:41:37.916-0400] {processor.py:650} INFO - DAG(s) dict_keys(['tutorial_taskflow_api_etl_virtualenv']) retrieved from /home/augenz/PycharmProjects/airflow/.env_airflow/lib/python3.9/site-packages/airflow/example_dags/tutorial_taskflow_api_etl_virtualenv.py
[2022-08-29T12:41:38.372-0400] {logging_mixin.py:115} INFO - [2022-08-29T12:41:38.372-0400] {dag.py:2429} INFO - Sync 1 DAGs
[2022-08-29T12:41:38.400-0400] {logging_mixin.py:115} INFO - [2022-08-29T12:41:38.400-0400] {dag.py:2977} INFO - Setting next_dagrun for tutorial_taskflow_api_etl_virtualenv to None, run_after=None
[2022-08-29T12:41:38.438-0400] {processor.py:161} INFO - Processing /home/augenz/PycharmProjects/airflow/.env_airflow/lib/python3.9/site-packages/airflow/example_dags/tutorial_taskflow_api_etl_virtualenv.py took 0.556 seconds
[2022-08-29T12:42:08.985-0400] {processor.py:153} INFO - Started process (PID=1065) to work on /home/augenz/PycharmProjects/airflow/.env_airflow/lib/python3.9/site-packages/airflow/example_dags/tutorial_taskflow_api_etl_virtualenv.py
[2022-08-29T12:42:08.986-0400] {processor.py:640} INFO - Processing file /home/augenz/PycharmProjects/airflow/.env_airflow/lib/python3.9/site-packages/airflow/example_dags/tutorial_taskflow_api_etl_virtualenv.py for tasks to queue
[2022-08-29T12:42:08.987-0400] {logging_mixin.py:115} INFO - [2022-08-29T12:42:08.987-0400] {dagbag.py:508} INFO - Filling up the DagBag from /home/augenz/PycharmProjects/airflow/.env_airflow/lib/python3.9/site-packages/airflow/example_dags/tutorial_taskflow_api_etl_virtualenv.py
[2022-08-29T12:42:09.011-0400] {processor.py:650} INFO - DAG(s) dict_keys(['tutorial_taskflow_api_etl_virtualenv']) retrieved from /home/augenz/PycharmProjects/airflow/.env_airflow/lib/python3.9/site-packages/airflow/example_dags/tutorial_taskflow_api_etl_virtualenv.py
[2022-08-29T12:42:09.508-0400] {logging_mixin.py:115} INFO - [2022-08-29T12:42:09.507-0400] {dag.py:2429} INFO - Sync 1 DAGs
[2022-08-29T12:42:09.532-0400] {logging_mixin.py:115} INFO - [2022-08-29T12:42:09.532-0400] {dag.py:2977} INFO - Setting next_dagrun for tutorial_taskflow_api_etl_virtualenv to None, run_after=None
[2022-08-29T12:42:09.592-0400] {processor.py:161} INFO - Processing /home/augenz/PycharmProjects/airflow/.env_airflow/lib/python3.9/site-packages/airflow/example_dags/tutorial_taskflow_api_etl_virtualenv.py took 0.611 seconds
[2022-08-29T12:42:40.393-0400] {processor.py:153} INFO - Started process (PID=1099) to work on /home/augenz/PycharmProjects/airflow/.env_airflow/lib/python3.9/site-packages/airflow/example_dags/tutorial_taskflow_api_etl_virtualenv.py
[2022-08-29T12:42:40.396-0400] {processor.py:640} INFO - Processing file /home/augenz/PycharmProjects/airflow/.env_airflow/lib/python3.9/site-packages/airflow/example_dags/tutorial_taskflow_api_etl_virtualenv.py for tasks to queue
[2022-08-29T12:42:40.397-0400] {logging_mixin.py:115} INFO - [2022-08-29T12:42:40.397-0400] {dagbag.py:508} INFO - Filling up the DagBag from /home/augenz/PycharmProjects/airflow/.env_airflow/lib/python3.9/site-packages/airflow/example_dags/tutorial_taskflow_api_etl_virtualenv.py
[2022-08-29T12:42:40.421-0400] {processor.py:650} INFO - DAG(s) dict_keys(['tutorial_taskflow_api_etl_virtualenv']) retrieved from /home/augenz/PycharmProjects/airflow/.env_airflow/lib/python3.9/site-packages/airflow/example_dags/tutorial_taskflow_api_etl_virtualenv.py
[2022-08-29T12:42:40.883-0400] {logging_mixin.py:115} INFO - [2022-08-29T12:42:40.883-0400] {dag.py:2429} INFO - Sync 1 DAGs
[2022-08-29T12:42:40.908-0400] {logging_mixin.py:115} INFO - [2022-08-29T12:42:40.908-0400] {dag.py:2977} INFO - Setting next_dagrun for tutorial_taskflow_api_etl_virtualenv to None, run_after=None
[2022-08-29T12:42:40.956-0400] {processor.py:161} INFO - Processing /home/augenz/PycharmProjects/airflow/.env_airflow/lib/python3.9/site-packages/airflow/example_dags/tutorial_taskflow_api_etl_virtualenv.py took 0.568 seconds
[2022-08-29T12:43:11.149-0400] {processor.py:153} INFO - Started process (PID=1134) to work on /home/augenz/PycharmProjects/airflow/.env_airflow/lib/python3.9/site-packages/airflow/example_dags/tutorial_taskflow_api_etl_virtualenv.py
[2022-08-29T12:43:11.160-0400] {processor.py:640} INFO - Processing file /home/augenz/PycharmProjects/airflow/.env_airflow/lib/python3.9/site-packages/airflow/example_dags/tutorial_taskflow_api_etl_virtualenv.py for tasks to queue
[2022-08-29T12:43:11.160-0400] {logging_mixin.py:115} INFO - [2022-08-29T12:43:11.160-0400] {dagbag.py:508} INFO - Filling up the DagBag from /home/augenz/PycharmProjects/airflow/.env_airflow/lib/python3.9/site-packages/airflow/example_dags/tutorial_taskflow_api_etl_virtualenv.py
[2022-08-29T12:43:11.183-0400] {processor.py:650} INFO - DAG(s) dict_keys(['tutorial_taskflow_api_etl_virtualenv']) retrieved from /home/augenz/PycharmProjects/airflow/.env_airflow/lib/python3.9/site-packages/airflow/example_dags/tutorial_taskflow_api_etl_virtualenv.py
[2022-08-29T12:43:11.664-0400] {logging_mixin.py:115} INFO - [2022-08-29T12:43:11.664-0400] {dag.py:2429} INFO - Sync 1 DAGs
[2022-08-29T12:43:11.691-0400] {logging_mixin.py:115} INFO - [2022-08-29T12:43:11.691-0400] {dag.py:2977} INFO - Setting next_dagrun for tutorial_taskflow_api_etl_virtualenv to None, run_after=None
[2022-08-29T12:43:11.719-0400] {processor.py:161} INFO - Processing /home/augenz/PycharmProjects/airflow/.env_airflow/lib/python3.9/site-packages/airflow/example_dags/tutorial_taskflow_api_etl_virtualenv.py took 0.574 seconds
[2022-08-29T12:43:42.287-0400] {processor.py:153} INFO - Started process (PID=1168) to work on /home/augenz/PycharmProjects/airflow/.env_airflow/lib/python3.9/site-packages/airflow/example_dags/tutorial_taskflow_api_etl_virtualenv.py
[2022-08-29T12:43:42.290-0400] {processor.py:640} INFO - Processing file /home/augenz/PycharmProjects/airflow/.env_airflow/lib/python3.9/site-packages/airflow/example_dags/tutorial_taskflow_api_etl_virtualenv.py for tasks to queue
[2022-08-29T12:43:42.290-0400] {logging_mixin.py:115} INFO - [2022-08-29T12:43:42.290-0400] {dagbag.py:508} INFO - Filling up the DagBag from /home/augenz/PycharmProjects/airflow/.env_airflow/lib/python3.9/site-packages/airflow/example_dags/tutorial_taskflow_api_etl_virtualenv.py
[2022-08-29T12:43:42.314-0400] {processor.py:650} INFO - DAG(s) dict_keys(['tutorial_taskflow_api_etl_virtualenv']) retrieved from /home/augenz/PycharmProjects/airflow/.env_airflow/lib/python3.9/site-packages/airflow/example_dags/tutorial_taskflow_api_etl_virtualenv.py
[2022-08-29T12:43:42.782-0400] {logging_mixin.py:115} INFO - [2022-08-29T12:43:42.781-0400] {dag.py:2429} INFO - Sync 1 DAGs
[2022-08-29T12:43:42.806-0400] {logging_mixin.py:115} INFO - [2022-08-29T12:43:42.806-0400] {dag.py:2977} INFO - Setting next_dagrun for tutorial_taskflow_api_etl_virtualenv to None, run_after=None
[2022-08-29T12:43:42.849-0400] {processor.py:161} INFO - Processing /home/augenz/PycharmProjects/airflow/.env_airflow/lib/python3.9/site-packages/airflow/example_dags/tutorial_taskflow_api_etl_virtualenv.py took 0.566 seconds
[2022-08-29T12:44:13.076-0400] {processor.py:153} INFO - Started process (PID=1202) to work on /home/augenz/PycharmProjects/airflow/.env_airflow/lib/python3.9/site-packages/airflow/example_dags/tutorial_taskflow_api_etl_virtualenv.py
[2022-08-29T12:44:13.087-0400] {processor.py:640} INFO - Processing file /home/augenz/PycharmProjects/airflow/.env_airflow/lib/python3.9/site-packages/airflow/example_dags/tutorial_taskflow_api_etl_virtualenv.py for tasks to queue
[2022-08-29T12:44:13.088-0400] {logging_mixin.py:115} INFO - [2022-08-29T12:44:13.088-0400] {dagbag.py:508} INFO - Filling up the DagBag from /home/augenz/PycharmProjects/airflow/.env_airflow/lib/python3.9/site-packages/airflow/example_dags/tutorial_taskflow_api_etl_virtualenv.py
[2022-08-29T12:44:13.113-0400] {processor.py:650} INFO - DAG(s) dict_keys(['tutorial_taskflow_api_etl_virtualenv']) retrieved from /home/augenz/PycharmProjects/airflow/.env_airflow/lib/python3.9/site-packages/airflow/example_dags/tutorial_taskflow_api_etl_virtualenv.py
[2022-08-29T12:44:13.535-0400] {logging_mixin.py:115} INFO - [2022-08-29T12:44:13.534-0400] {dag.py:2429} INFO - Sync 1 DAGs
[2022-08-29T12:44:13.560-0400] {logging_mixin.py:115} INFO - [2022-08-29T12:44:13.560-0400] {dag.py:2977} INFO - Setting next_dagrun for tutorial_taskflow_api_etl_virtualenv to None, run_after=None
[2022-08-29T12:44:13.602-0400] {processor.py:161} INFO - Processing /home/augenz/PycharmProjects/airflow/.env_airflow/lib/python3.9/site-packages/airflow/example_dags/tutorial_taskflow_api_etl_virtualenv.py took 0.530 seconds
[2022-08-29T12:44:44.081-0400] {processor.py:153} INFO - Started process (PID=1250) to work on /home/augenz/PycharmProjects/airflow/.env_airflow/lib/python3.9/site-packages/airflow/example_dags/tutorial_taskflow_api_etl_virtualenv.py
[2022-08-29T12:44:44.092-0400] {processor.py:640} INFO - Processing file /home/augenz/PycharmProjects/airflow/.env_airflow/lib/python3.9/site-packages/airflow/example_dags/tutorial_taskflow_api_etl_virtualenv.py for tasks to queue
[2022-08-29T12:44:44.093-0400] {logging_mixin.py:115} INFO - [2022-08-29T12:44:44.093-0400] {dagbag.py:508} INFO - Filling up the DagBag from /home/augenz/PycharmProjects/airflow/.env_airflow/lib/python3.9/site-packages/airflow/example_dags/tutorial_taskflow_api_etl_virtualenv.py
[2022-08-29T12:44:44.116-0400] {processor.py:650} INFO - DAG(s) dict_keys(['tutorial_taskflow_api_etl_virtualenv']) retrieved from /home/augenz/PycharmProjects/airflow/.env_airflow/lib/python3.9/site-packages/airflow/example_dags/tutorial_taskflow_api_etl_virtualenv.py
[2022-08-29T12:44:44.592-0400] {logging_mixin.py:115} INFO - [2022-08-29T12:44:44.591-0400] {dag.py:2429} INFO - Sync 1 DAGs
[2022-08-29T12:44:44.619-0400] {logging_mixin.py:115} INFO - [2022-08-29T12:44:44.618-0400] {dag.py:2977} INFO - Setting next_dagrun for tutorial_taskflow_api_etl_virtualenv to None, run_after=None
[2022-08-29T12:44:44.658-0400] {processor.py:161} INFO - Processing /home/augenz/PycharmProjects/airflow/.env_airflow/lib/python3.9/site-packages/airflow/example_dags/tutorial_taskflow_api_etl_virtualenv.py took 0.582 seconds
[2022-08-29T12:45:15.237-0400] {processor.py:153} INFO - Started process (PID=1284) to work on /home/augenz/PycharmProjects/airflow/.env_airflow/lib/python3.9/site-packages/airflow/example_dags/tutorial_taskflow_api_etl_virtualenv.py
[2022-08-29T12:45:15.238-0400] {processor.py:640} INFO - Processing file /home/augenz/PycharmProjects/airflow/.env_airflow/lib/python3.9/site-packages/airflow/example_dags/tutorial_taskflow_api_etl_virtualenv.py for tasks to queue
[2022-08-29T12:45:15.239-0400] {logging_mixin.py:115} INFO - [2022-08-29T12:45:15.238-0400] {dagbag.py:508} INFO - Filling up the DagBag from /home/augenz/PycharmProjects/airflow/.env_airflow/lib/python3.9/site-packages/airflow/example_dags/tutorial_taskflow_api_etl_virtualenv.py
[2022-08-29T12:45:15.261-0400] {processor.py:650} INFO - DAG(s) dict_keys(['tutorial_taskflow_api_etl_virtualenv']) retrieved from /home/augenz/PycharmProjects/airflow/.env_airflow/lib/python3.9/site-packages/airflow/example_dags/tutorial_taskflow_api_etl_virtualenv.py
[2022-08-29T12:45:15.857-0400] {logging_mixin.py:115} INFO - [2022-08-29T12:45:15.857-0400] {dag.py:2429} INFO - Sync 1 DAGs
[2022-08-29T12:45:15.885-0400] {logging_mixin.py:115} INFO - [2022-08-29T12:45:15.885-0400] {dag.py:2977} INFO - Setting next_dagrun for tutorial_taskflow_api_etl_virtualenv to None, run_after=None
[2022-08-29T12:45:15.929-0400] {processor.py:161} INFO - Processing /home/augenz/PycharmProjects/airflow/.env_airflow/lib/python3.9/site-packages/airflow/example_dags/tutorial_taskflow_api_etl_virtualenv.py took 0.697 seconds
[2022-08-29T12:45:46.341-0400] {processor.py:153} INFO - Started process (PID=1318) to work on /home/augenz/PycharmProjects/airflow/.env_airflow/lib/python3.9/site-packages/airflow/example_dags/tutorial_taskflow_api_etl_virtualenv.py
[2022-08-29T12:45:46.342-0400] {processor.py:640} INFO - Processing file /home/augenz/PycharmProjects/airflow/.env_airflow/lib/python3.9/site-packages/airflow/example_dags/tutorial_taskflow_api_etl_virtualenv.py for tasks to queue
[2022-08-29T12:45:46.343-0400] {logging_mixin.py:115} INFO - [2022-08-29T12:45:46.343-0400] {dagbag.py:508} INFO - Filling up the DagBag from /home/augenz/PycharmProjects/airflow/.env_airflow/lib/python3.9/site-packages/airflow/example_dags/tutorial_taskflow_api_etl_virtualenv.py
[2022-08-29T12:45:46.367-0400] {processor.py:650} INFO - DAG(s) dict_keys(['tutorial_taskflow_api_etl_virtualenv']) retrieved from /home/augenz/PycharmProjects/airflow/.env_airflow/lib/python3.9/site-packages/airflow/example_dags/tutorial_taskflow_api_etl_virtualenv.py
[2022-08-29T12:45:46.824-0400] {logging_mixin.py:115} INFO - [2022-08-29T12:45:46.824-0400] {dag.py:2429} INFO - Sync 1 DAGs
[2022-08-29T12:45:46.850-0400] {logging_mixin.py:115} INFO - [2022-08-29T12:45:46.849-0400] {dag.py:2977} INFO - Setting next_dagrun for tutorial_taskflow_api_etl_virtualenv to None, run_after=None
[2022-08-29T12:45:46.917-0400] {processor.py:161} INFO - Processing /home/augenz/PycharmProjects/airflow/.env_airflow/lib/python3.9/site-packages/airflow/example_dags/tutorial_taskflow_api_etl_virtualenv.py took 0.580 seconds
[2022-08-29T12:46:17.340-0400] {processor.py:153} INFO - Started process (PID=1353) to work on /home/augenz/PycharmProjects/airflow/.env_airflow/lib/python3.9/site-packages/airflow/example_dags/tutorial_taskflow_api_etl_virtualenv.py
[2022-08-29T12:46:17.342-0400] {processor.py:640} INFO - Processing file /home/augenz/PycharmProjects/airflow/.env_airflow/lib/python3.9/site-packages/airflow/example_dags/tutorial_taskflow_api_etl_virtualenv.py for tasks to queue
[2022-08-29T12:46:17.342-0400] {logging_mixin.py:115} INFO - [2022-08-29T12:46:17.342-0400] {dagbag.py:508} INFO - Filling up the DagBag from /home/augenz/PycharmProjects/airflow/.env_airflow/lib/python3.9/site-packages/airflow/example_dags/tutorial_taskflow_api_etl_virtualenv.py
[2022-08-29T12:46:17.365-0400] {processor.py:650} INFO - DAG(s) dict_keys(['tutorial_taskflow_api_etl_virtualenv']) retrieved from /home/augenz/PycharmProjects/airflow/.env_airflow/lib/python3.9/site-packages/airflow/example_dags/tutorial_taskflow_api_etl_virtualenv.py
[2022-08-29T12:46:18.035-0400] {logging_mixin.py:115} INFO - [2022-08-29T12:46:18.034-0400] {dag.py:2429} INFO - Sync 1 DAGs
[2022-08-29T12:46:18.061-0400] {logging_mixin.py:115} INFO - [2022-08-29T12:46:18.061-0400] {dag.py:2977} INFO - Setting next_dagrun for tutorial_taskflow_api_etl_virtualenv to None, run_after=None
[2022-08-29T12:46:18.105-0400] {processor.py:161} INFO - Processing /home/augenz/PycharmProjects/airflow/.env_airflow/lib/python3.9/site-packages/airflow/example_dags/tutorial_taskflow_api_etl_virtualenv.py took 0.769 seconds
[2022-08-29T12:46:48.489-0400] {processor.py:153} INFO - Started process (PID=1388) to work on /home/augenz/PycharmProjects/airflow/.env_airflow/lib/python3.9/site-packages/airflow/example_dags/tutorial_taskflow_api_etl_virtualenv.py
[2022-08-29T12:46:48.490-0400] {processor.py:640} INFO - Processing file /home/augenz/PycharmProjects/airflow/.env_airflow/lib/python3.9/site-packages/airflow/example_dags/tutorial_taskflow_api_etl_virtualenv.py for tasks to queue
[2022-08-29T12:46:48.491-0400] {logging_mixin.py:115} INFO - [2022-08-29T12:46:48.491-0400] {dagbag.py:508} INFO - Filling up the DagBag from /home/augenz/PycharmProjects/airflow/.env_airflow/lib/python3.9/site-packages/airflow/example_dags/tutorial_taskflow_api_etl_virtualenv.py
[2022-08-29T12:46:48.514-0400] {processor.py:650} INFO - DAG(s) dict_keys(['tutorial_taskflow_api_etl_virtualenv']) retrieved from /home/augenz/PycharmProjects/airflow/.env_airflow/lib/python3.9/site-packages/airflow/example_dags/tutorial_taskflow_api_etl_virtualenv.py
[2022-08-29T12:46:48.971-0400] {logging_mixin.py:115} INFO - [2022-08-29T12:46:48.970-0400] {dag.py:2429} INFO - Sync 1 DAGs
[2022-08-29T12:46:48.998-0400] {logging_mixin.py:115} INFO - [2022-08-29T12:46:48.998-0400] {dag.py:2977} INFO - Setting next_dagrun for tutorial_taskflow_api_etl_virtualenv to None, run_after=None
[2022-08-29T12:46:49.052-0400] {processor.py:161} INFO - Processing /home/augenz/PycharmProjects/airflow/.env_airflow/lib/python3.9/site-packages/airflow/example_dags/tutorial_taskflow_api_etl_virtualenv.py took 0.567 seconds
[2022-08-29T12:47:19.336-0400] {processor.py:153} INFO - Started process (PID=1422) to work on /home/augenz/PycharmProjects/airflow/.env_airflow/lib/python3.9/site-packages/airflow/example_dags/tutorial_taskflow_api_etl_virtualenv.py
[2022-08-29T12:47:19.337-0400] {processor.py:640} INFO - Processing file /home/augenz/PycharmProjects/airflow/.env_airflow/lib/python3.9/site-packages/airflow/example_dags/tutorial_taskflow_api_etl_virtualenv.py for tasks to queue
[2022-08-29T12:47:19.338-0400] {logging_mixin.py:115} INFO - [2022-08-29T12:47:19.338-0400] {dagbag.py:508} INFO - Filling up the DagBag from /home/augenz/PycharmProjects/airflow/.env_airflow/lib/python3.9/site-packages/airflow/example_dags/tutorial_taskflow_api_etl_virtualenv.py
[2022-08-29T12:47:19.363-0400] {processor.py:650} INFO - DAG(s) dict_keys(['tutorial_taskflow_api_etl_virtualenv']) retrieved from /home/augenz/PycharmProjects/airflow/.env_airflow/lib/python3.9/site-packages/airflow/example_dags/tutorial_taskflow_api_etl_virtualenv.py
[2022-08-29T12:47:19.836-0400] {logging_mixin.py:115} INFO - [2022-08-29T12:47:19.836-0400] {dag.py:2429} INFO - Sync 1 DAGs
[2022-08-29T12:47:19.863-0400] {logging_mixin.py:115} INFO - [2022-08-29T12:47:19.863-0400] {dag.py:2977} INFO - Setting next_dagrun for tutorial_taskflow_api_etl_virtualenv to None, run_after=None
[2022-08-29T12:47:19.916-0400] {processor.py:161} INFO - Processing /home/augenz/PycharmProjects/airflow/.env_airflow/lib/python3.9/site-packages/airflow/example_dags/tutorial_taskflow_api_etl_virtualenv.py took 0.585 seconds
[2022-08-29T12:47:50.672-0400] {processor.py:153} INFO - Started process (PID=1464) to work on /home/augenz/PycharmProjects/airflow/.env_airflow/lib/python3.9/site-packages/airflow/example_dags/tutorial_taskflow_api_etl_virtualenv.py
[2022-08-29T12:47:50.674-0400] {processor.py:640} INFO - Processing file /home/augenz/PycharmProjects/airflow/.env_airflow/lib/python3.9/site-packages/airflow/example_dags/tutorial_taskflow_api_etl_virtualenv.py for tasks to queue
[2022-08-29T12:47:50.675-0400] {logging_mixin.py:115} INFO - [2022-08-29T12:47:50.674-0400] {dagbag.py:508} INFO - Filling up the DagBag from /home/augenz/PycharmProjects/airflow/.env_airflow/lib/python3.9/site-packages/airflow/example_dags/tutorial_taskflow_api_etl_virtualenv.py
[2022-08-29T12:47:50.703-0400] {processor.py:650} INFO - DAG(s) dict_keys(['tutorial_taskflow_api_etl_virtualenv']) retrieved from /home/augenz/PycharmProjects/airflow/.env_airflow/lib/python3.9/site-packages/airflow/example_dags/tutorial_taskflow_api_etl_virtualenv.py
[2022-08-29T12:47:51.199-0400] {logging_mixin.py:115} INFO - [2022-08-29T12:47:51.199-0400] {dag.py:2429} INFO - Sync 1 DAGs
[2022-08-29T12:47:51.226-0400] {logging_mixin.py:115} INFO - [2022-08-29T12:47:51.226-0400] {dag.py:2977} INFO - Setting next_dagrun for tutorial_taskflow_api_etl_virtualenv to None, run_after=None
[2022-08-29T12:47:51.263-0400] {processor.py:161} INFO - Processing /home/augenz/PycharmProjects/airflow/.env_airflow/lib/python3.9/site-packages/airflow/example_dags/tutorial_taskflow_api_etl_virtualenv.py took 0.595 seconds
[2022-08-29T12:48:22.092-0400] {processor.py:153} INFO - Started process (PID=1498) to work on /home/augenz/PycharmProjects/airflow/.env_airflow/lib/python3.9/site-packages/airflow/example_dags/tutorial_taskflow_api_etl_virtualenv.py
[2022-08-29T12:48:22.093-0400] {processor.py:640} INFO - Processing file /home/augenz/PycharmProjects/airflow/.env_airflow/lib/python3.9/site-packages/airflow/example_dags/tutorial_taskflow_api_etl_virtualenv.py for tasks to queue
[2022-08-29T12:48:22.094-0400] {logging_mixin.py:115} INFO - [2022-08-29T12:48:22.094-0400] {dagbag.py:508} INFO - Filling up the DagBag from /home/augenz/PycharmProjects/airflow/.env_airflow/lib/python3.9/site-packages/airflow/example_dags/tutorial_taskflow_api_etl_virtualenv.py
[2022-08-29T12:48:22.119-0400] {processor.py:650} INFO - DAG(s) dict_keys(['tutorial_taskflow_api_etl_virtualenv']) retrieved from /home/augenz/PycharmProjects/airflow/.env_airflow/lib/python3.9/site-packages/airflow/example_dags/tutorial_taskflow_api_etl_virtualenv.py
[2022-08-29T12:48:22.766-0400] {logging_mixin.py:115} INFO - [2022-08-29T12:48:22.766-0400] {dag.py:2429} INFO - Sync 1 DAGs
[2022-08-29T12:48:22.791-0400] {logging_mixin.py:115} INFO - [2022-08-29T12:48:22.791-0400] {dag.py:2977} INFO - Setting next_dagrun for tutorial_taskflow_api_etl_virtualenv to None, run_after=None
[2022-08-29T12:48:22.825-0400] {processor.py:161} INFO - Processing /home/augenz/PycharmProjects/airflow/.env_airflow/lib/python3.9/site-packages/airflow/example_dags/tutorial_taskflow_api_etl_virtualenv.py took 0.740 seconds
[2022-08-29T12:48:53.355-0400] {processor.py:153} INFO - Started process (PID=1533) to work on /home/augenz/PycharmProjects/airflow/.env_airflow/lib/python3.9/site-packages/airflow/example_dags/tutorial_taskflow_api_etl_virtualenv.py
[2022-08-29T12:48:53.356-0400] {processor.py:640} INFO - Processing file /home/augenz/PycharmProjects/airflow/.env_airflow/lib/python3.9/site-packages/airflow/example_dags/tutorial_taskflow_api_etl_virtualenv.py for tasks to queue
[2022-08-29T12:48:53.357-0400] {logging_mixin.py:115} INFO - [2022-08-29T12:48:53.357-0400] {dagbag.py:508} INFO - Filling up the DagBag from /home/augenz/PycharmProjects/airflow/.env_airflow/lib/python3.9/site-packages/airflow/example_dags/tutorial_taskflow_api_etl_virtualenv.py
[2022-08-29T12:48:53.380-0400] {processor.py:650} INFO - DAG(s) dict_keys(['tutorial_taskflow_api_etl_virtualenv']) retrieved from /home/augenz/PycharmProjects/airflow/.env_airflow/lib/python3.9/site-packages/airflow/example_dags/tutorial_taskflow_api_etl_virtualenv.py
[2022-08-29T12:48:53.951-0400] {logging_mixin.py:115} INFO - [2022-08-29T12:48:53.950-0400] {dag.py:2429} INFO - Sync 1 DAGs
[2022-08-29T12:48:53.982-0400] {logging_mixin.py:115} INFO - [2022-08-29T12:48:53.981-0400] {dag.py:2977} INFO - Setting next_dagrun for tutorial_taskflow_api_etl_virtualenv to None, run_after=None
[2022-08-29T12:48:54.057-0400] {processor.py:161} INFO - Processing /home/augenz/PycharmProjects/airflow/.env_airflow/lib/python3.9/site-packages/airflow/example_dags/tutorial_taskflow_api_etl_virtualenv.py took 0.706 seconds
[2022-08-29T12:49:25.089-0400] {processor.py:153} INFO - Started process (PID=1575) to work on /home/augenz/PycharmProjects/airflow/.env_airflow/lib/python3.9/site-packages/airflow/example_dags/tutorial_taskflow_api_etl_virtualenv.py
[2022-08-29T12:49:25.092-0400] {processor.py:640} INFO - Processing file /home/augenz/PycharmProjects/airflow/.env_airflow/lib/python3.9/site-packages/airflow/example_dags/tutorial_taskflow_api_etl_virtualenv.py for tasks to queue
[2022-08-29T12:49:25.094-0400] {logging_mixin.py:115} INFO - [2022-08-29T12:49:25.093-0400] {dagbag.py:508} INFO - Filling up the DagBag from /home/augenz/PycharmProjects/airflow/.env_airflow/lib/python3.9/site-packages/airflow/example_dags/tutorial_taskflow_api_etl_virtualenv.py
[2022-08-29T12:49:25.125-0400] {processor.py:650} INFO - DAG(s) dict_keys(['tutorial_taskflow_api_etl_virtualenv']) retrieved from /home/augenz/PycharmProjects/airflow/.env_airflow/lib/python3.9/site-packages/airflow/example_dags/tutorial_taskflow_api_etl_virtualenv.py
[2022-08-29T12:49:25.785-0400] {logging_mixin.py:115} INFO - [2022-08-29T12:49:25.784-0400] {dag.py:2429} INFO - Sync 1 DAGs
[2022-08-29T12:49:25.840-0400] {logging_mixin.py:115} INFO - [2022-08-29T12:49:25.840-0400] {dag.py:2977} INFO - Setting next_dagrun for tutorial_taskflow_api_etl_virtualenv to None, run_after=None
[2022-08-29T12:49:25.907-0400] {processor.py:161} INFO - Processing /home/augenz/PycharmProjects/airflow/.env_airflow/lib/python3.9/site-packages/airflow/example_dags/tutorial_taskflow_api_etl_virtualenv.py took 0.823 seconds
[2022-08-29T12:49:56.489-0400] {processor.py:153} INFO - Started process (PID=1611) to work on /home/augenz/PycharmProjects/airflow/.env_airflow/lib/python3.9/site-packages/airflow/example_dags/tutorial_taskflow_api_etl_virtualenv.py
[2022-08-29T12:49:56.491-0400] {processor.py:640} INFO - Processing file /home/augenz/PycharmProjects/airflow/.env_airflow/lib/python3.9/site-packages/airflow/example_dags/tutorial_taskflow_api_etl_virtualenv.py for tasks to queue
[2022-08-29T12:49:56.492-0400] {logging_mixin.py:115} INFO - [2022-08-29T12:49:56.492-0400] {dagbag.py:508} INFO - Filling up the DagBag from /home/augenz/PycharmProjects/airflow/.env_airflow/lib/python3.9/site-packages/airflow/example_dags/tutorial_taskflow_api_etl_virtualenv.py
[2022-08-29T12:49:56.517-0400] {processor.py:650} INFO - DAG(s) dict_keys(['tutorial_taskflow_api_etl_virtualenv']) retrieved from /home/augenz/PycharmProjects/airflow/.env_airflow/lib/python3.9/site-packages/airflow/example_dags/tutorial_taskflow_api_etl_virtualenv.py
[2022-08-29T12:49:56.972-0400] {logging_mixin.py:115} INFO - [2022-08-29T12:49:56.971-0400] {dag.py:2429} INFO - Sync 1 DAGs
[2022-08-29T12:49:56.999-0400] {logging_mixin.py:115} INFO - [2022-08-29T12:49:56.999-0400] {dag.py:2977} INFO - Setting next_dagrun for tutorial_taskflow_api_etl_virtualenv to None, run_after=None
[2022-08-29T12:49:57.066-0400] {processor.py:161} INFO - Processing /home/augenz/PycharmProjects/airflow/.env_airflow/lib/python3.9/site-packages/airflow/example_dags/tutorial_taskflow_api_etl_virtualenv.py took 0.583 seconds
[2022-08-29T12:50:27.621-0400] {processor.py:153} INFO - Started process (PID=1650) to work on /home/augenz/PycharmProjects/airflow/.env_airflow/lib/python3.9/site-packages/airflow/example_dags/tutorial_taskflow_api_etl_virtualenv.py
[2022-08-29T12:50:27.624-0400] {processor.py:640} INFO - Processing file /home/augenz/PycharmProjects/airflow/.env_airflow/lib/python3.9/site-packages/airflow/example_dags/tutorial_taskflow_api_etl_virtualenv.py for tasks to queue
[2022-08-29T12:50:27.627-0400] {logging_mixin.py:115} INFO - [2022-08-29T12:50:27.626-0400] {dagbag.py:508} INFO - Filling up the DagBag from /home/augenz/PycharmProjects/airflow/.env_airflow/lib/python3.9/site-packages/airflow/example_dags/tutorial_taskflow_api_etl_virtualenv.py
[2022-08-29T12:50:27.673-0400] {processor.py:650} INFO - DAG(s) dict_keys(['tutorial_taskflow_api_etl_virtualenv']) retrieved from /home/augenz/PycharmProjects/airflow/.env_airflow/lib/python3.9/site-packages/airflow/example_dags/tutorial_taskflow_api_etl_virtualenv.py
[2022-08-29T12:50:28.503-0400] {logging_mixin.py:115} INFO - [2022-08-29T12:50:28.502-0400] {dag.py:2429} INFO - Sync 1 DAGs
[2022-08-29T12:50:28.565-0400] {logging_mixin.py:115} INFO - [2022-08-29T12:50:28.565-0400] {dag.py:2977} INFO - Setting next_dagrun for tutorial_taskflow_api_etl_virtualenv to None, run_after=None
[2022-08-29T12:50:28.614-0400] {processor.py:161} INFO - Processing /home/augenz/PycharmProjects/airflow/.env_airflow/lib/python3.9/site-packages/airflow/example_dags/tutorial_taskflow_api_etl_virtualenv.py took 1.000 seconds
[2022-08-29T12:50:59.471-0400] {processor.py:153} INFO - Started process (PID=1684) to work on /home/augenz/PycharmProjects/airflow/.env_airflow/lib/python3.9/site-packages/airflow/example_dags/tutorial_taskflow_api_etl_virtualenv.py
[2022-08-29T12:50:59.472-0400] {processor.py:640} INFO - Processing file /home/augenz/PycharmProjects/airflow/.env_airflow/lib/python3.9/site-packages/airflow/example_dags/tutorial_taskflow_api_etl_virtualenv.py for tasks to queue
[2022-08-29T12:50:59.473-0400] {logging_mixin.py:115} INFO - [2022-08-29T12:50:59.473-0400] {dagbag.py:508} INFO - Filling up the DagBag from /home/augenz/PycharmProjects/airflow/.env_airflow/lib/python3.9/site-packages/airflow/example_dags/tutorial_taskflow_api_etl_virtualenv.py
[2022-08-29T12:50:59.500-0400] {processor.py:650} INFO - DAG(s) dict_keys(['tutorial_taskflow_api_etl_virtualenv']) retrieved from /home/augenz/PycharmProjects/airflow/.env_airflow/lib/python3.9/site-packages/airflow/example_dags/tutorial_taskflow_api_etl_virtualenv.py
[2022-08-29T12:51:00.180-0400] {logging_mixin.py:115} INFO - [2022-08-29T12:51:00.179-0400] {dag.py:2429} INFO - Sync 1 DAGs
[2022-08-29T12:51:00.218-0400] {logging_mixin.py:115} INFO - [2022-08-29T12:51:00.218-0400] {dag.py:2977} INFO - Setting next_dagrun for tutorial_taskflow_api_etl_virtualenv to None, run_after=None
[2022-08-29T12:51:00.259-0400] {processor.py:161} INFO - Processing /home/augenz/PycharmProjects/airflow/.env_airflow/lib/python3.9/site-packages/airflow/example_dags/tutorial_taskflow_api_etl_virtualenv.py took 0.794 seconds
[2022-08-29T12:51:31.248-0400] {processor.py:153} INFO - Started process (PID=1722) to work on /home/augenz/PycharmProjects/airflow/.env_airflow/lib/python3.9/site-packages/airflow/example_dags/tutorial_taskflow_api_etl_virtualenv.py
[2022-08-29T12:51:31.255-0400] {processor.py:640} INFO - Processing file /home/augenz/PycharmProjects/airflow/.env_airflow/lib/python3.9/site-packages/airflow/example_dags/tutorial_taskflow_api_etl_virtualenv.py for tasks to queue
[2022-08-29T12:51:31.256-0400] {logging_mixin.py:115} INFO - [2022-08-29T12:51:31.256-0400] {dagbag.py:508} INFO - Filling up the DagBag from /home/augenz/PycharmProjects/airflow/.env_airflow/lib/python3.9/site-packages/airflow/example_dags/tutorial_taskflow_api_etl_virtualenv.py
[2022-08-29T12:51:31.303-0400] {processor.py:650} INFO - DAG(s) dict_keys(['tutorial_taskflow_api_etl_virtualenv']) retrieved from /home/augenz/PycharmProjects/airflow/.env_airflow/lib/python3.9/site-packages/airflow/example_dags/tutorial_taskflow_api_etl_virtualenv.py
[2022-08-29T12:51:31.831-0400] {logging_mixin.py:115} INFO - [2022-08-29T12:51:31.831-0400] {dag.py:2429} INFO - Sync 1 DAGs
[2022-08-29T12:51:31.858-0400] {logging_mixin.py:115} INFO - [2022-08-29T12:51:31.858-0400] {dag.py:2977} INFO - Setting next_dagrun for tutorial_taskflow_api_etl_virtualenv to None, run_after=None
[2022-08-29T12:51:31.923-0400] {processor.py:161} INFO - Processing /home/augenz/PycharmProjects/airflow/.env_airflow/lib/python3.9/site-packages/airflow/example_dags/tutorial_taskflow_api_etl_virtualenv.py took 0.682 seconds
[2022-08-29T12:52:02.006-0400] {processor.py:153} INFO - Started process (PID=1755) to work on /home/augenz/PycharmProjects/airflow/.env_airflow/lib/python3.9/site-packages/airflow/example_dags/tutorial_taskflow_api_etl_virtualenv.py
[2022-08-29T12:52:02.011-0400] {processor.py:640} INFO - Processing file /home/augenz/PycharmProjects/airflow/.env_airflow/lib/python3.9/site-packages/airflow/example_dags/tutorial_taskflow_api_etl_virtualenv.py for tasks to queue
[2022-08-29T12:52:02.012-0400] {logging_mixin.py:115} INFO - [2022-08-29T12:52:02.012-0400] {dagbag.py:508} INFO - Filling up the DagBag from /home/augenz/PycharmProjects/airflow/.env_airflow/lib/python3.9/site-packages/airflow/example_dags/tutorial_taskflow_api_etl_virtualenv.py
[2022-08-29T12:52:02.039-0400] {processor.py:650} INFO - DAG(s) dict_keys(['tutorial_taskflow_api_etl_virtualenv']) retrieved from /home/augenz/PycharmProjects/airflow/.env_airflow/lib/python3.9/site-packages/airflow/example_dags/tutorial_taskflow_api_etl_virtualenv.py
[2022-08-29T12:52:02.538-0400] {logging_mixin.py:115} INFO - [2022-08-29T12:52:02.538-0400] {dag.py:2429} INFO - Sync 1 DAGs
[2022-08-29T12:52:02.563-0400] {logging_mixin.py:115} INFO - [2022-08-29T12:52:02.563-0400] {dag.py:2977} INFO - Setting next_dagrun for tutorial_taskflow_api_etl_virtualenv to None, run_after=None
[2022-08-29T12:52:02.627-0400] {processor.py:161} INFO - Processing /home/augenz/PycharmProjects/airflow/.env_airflow/lib/python3.9/site-packages/airflow/example_dags/tutorial_taskflow_api_etl_virtualenv.py took 0.627 seconds
[2022-08-29T12:52:33.036-0400] {processor.py:153} INFO - Started process (PID=1790) to work on /home/augenz/PycharmProjects/airflow/.env_airflow/lib/python3.9/site-packages/airflow/example_dags/tutorial_taskflow_api_etl_virtualenv.py
[2022-08-29T12:52:33.037-0400] {processor.py:640} INFO - Processing file /home/augenz/PycharmProjects/airflow/.env_airflow/lib/python3.9/site-packages/airflow/example_dags/tutorial_taskflow_api_etl_virtualenv.py for tasks to queue
[2022-08-29T12:52:33.038-0400] {logging_mixin.py:115} INFO - [2022-08-29T12:52:33.038-0400] {dagbag.py:508} INFO - Filling up the DagBag from /home/augenz/PycharmProjects/airflow/.env_airflow/lib/python3.9/site-packages/airflow/example_dags/tutorial_taskflow_api_etl_virtualenv.py
[2022-08-29T12:52:33.064-0400] {processor.py:650} INFO - DAG(s) dict_keys(['tutorial_taskflow_api_etl_virtualenv']) retrieved from /home/augenz/PycharmProjects/airflow/.env_airflow/lib/python3.9/site-packages/airflow/example_dags/tutorial_taskflow_api_etl_virtualenv.py
[2022-08-29T12:52:33.566-0400] {logging_mixin.py:115} INFO - [2022-08-29T12:52:33.566-0400] {dag.py:2429} INFO - Sync 1 DAGs
[2022-08-29T12:52:33.592-0400] {logging_mixin.py:115} INFO - [2022-08-29T12:52:33.592-0400] {dag.py:2977} INFO - Setting next_dagrun for tutorial_taskflow_api_etl_virtualenv to None, run_after=None
[2022-08-29T12:52:33.692-0400] {processor.py:161} INFO - Processing /home/augenz/PycharmProjects/airflow/.env_airflow/lib/python3.9/site-packages/airflow/example_dags/tutorial_taskflow_api_etl_virtualenv.py took 0.663 seconds
[2022-08-29T12:53:03.856-0400] {processor.py:153} INFO - Started process (PID=1827) to work on /home/augenz/PycharmProjects/airflow/.env_airflow/lib/python3.9/site-packages/airflow/example_dags/tutorial_taskflow_api_etl_virtualenv.py
[2022-08-29T12:53:03.869-0400] {processor.py:640} INFO - Processing file /home/augenz/PycharmProjects/airflow/.env_airflow/lib/python3.9/site-packages/airflow/example_dags/tutorial_taskflow_api_etl_virtualenv.py for tasks to queue
[2022-08-29T12:53:03.870-0400] {logging_mixin.py:115} INFO - [2022-08-29T12:53:03.870-0400] {dagbag.py:508} INFO - Filling up the DagBag from /home/augenz/PycharmProjects/airflow/.env_airflow/lib/python3.9/site-packages/airflow/example_dags/tutorial_taskflow_api_etl_virtualenv.py
[2022-08-29T12:53:03.923-0400] {processor.py:650} INFO - DAG(s) dict_keys(['tutorial_taskflow_api_etl_virtualenv']) retrieved from /home/augenz/PycharmProjects/airflow/.env_airflow/lib/python3.9/site-packages/airflow/example_dags/tutorial_taskflow_api_etl_virtualenv.py
[2022-08-29T12:53:04.627-0400] {logging_mixin.py:115} INFO - [2022-08-29T12:53:04.627-0400] {dag.py:2429} INFO - Sync 1 DAGs
[2022-08-29T12:53:04.655-0400] {logging_mixin.py:115} INFO - [2022-08-29T12:53:04.655-0400] {dag.py:2977} INFO - Setting next_dagrun for tutorial_taskflow_api_etl_virtualenv to None, run_after=None
[2022-08-29T12:53:04.714-0400] {processor.py:161} INFO - Processing /home/augenz/PycharmProjects/airflow/.env_airflow/lib/python3.9/site-packages/airflow/example_dags/tutorial_taskflow_api_etl_virtualenv.py took 0.864 seconds
[2022-08-29T12:53:34.884-0400] {processor.py:153} INFO - Started process (PID=1861) to work on /home/augenz/PycharmProjects/airflow/.env_airflow/lib/python3.9/site-packages/airflow/example_dags/tutorial_taskflow_api_etl_virtualenv.py
[2022-08-29T12:53:34.885-0400] {processor.py:640} INFO - Processing file /home/augenz/PycharmProjects/airflow/.env_airflow/lib/python3.9/site-packages/airflow/example_dags/tutorial_taskflow_api_etl_virtualenv.py for tasks to queue
[2022-08-29T12:53:34.886-0400] {logging_mixin.py:115} INFO - [2022-08-29T12:53:34.886-0400] {dagbag.py:508} INFO - Filling up the DagBag from /home/augenz/PycharmProjects/airflow/.env_airflow/lib/python3.9/site-packages/airflow/example_dags/tutorial_taskflow_api_etl_virtualenv.py
[2022-08-29T12:53:34.912-0400] {processor.py:650} INFO - DAG(s) dict_keys(['tutorial_taskflow_api_etl_virtualenv']) retrieved from /home/augenz/PycharmProjects/airflow/.env_airflow/lib/python3.9/site-packages/airflow/example_dags/tutorial_taskflow_api_etl_virtualenv.py
[2022-08-29T12:53:35.428-0400] {logging_mixin.py:115} INFO - [2022-08-29T12:53:35.428-0400] {dag.py:2429} INFO - Sync 1 DAGs
[2022-08-29T12:53:35.453-0400] {logging_mixin.py:115} INFO - [2022-08-29T12:53:35.453-0400] {dag.py:2977} INFO - Setting next_dagrun for tutorial_taskflow_api_etl_virtualenv to None, run_after=None
[2022-08-29T12:53:35.536-0400] {processor.py:161} INFO - Processing /home/augenz/PycharmProjects/airflow/.env_airflow/lib/python3.9/site-packages/airflow/example_dags/tutorial_taskflow_api_etl_virtualenv.py took 0.657 seconds
