[2022-08-29T12:33:13.912-0400] {processor.py:153} INFO - Started process (PID=370) to work on /home/augenz/PycharmProjects/airflow/.env_airflow/lib/python3.9/site-packages/airflow/example_dags/tutorial.py
[2022-08-29T12:33:13.913-0400] {processor.py:640} INFO - Processing file /home/augenz/PycharmProjects/airflow/.env_airflow/lib/python3.9/site-packages/airflow/example_dags/tutorial.py for tasks to queue
[2022-08-29T12:33:13.914-0400] {logging_mixin.py:115} INFO - [2022-08-29T12:33:13.914-0400] {dagbag.py:508} INFO - Filling up the DagBag from /home/augenz/PycharmProjects/airflow/.env_airflow/lib/python3.9/site-packages/airflow/example_dags/tutorial.py
[2022-08-29T12:33:13.921-0400] {processor.py:650} INFO - DAG(s) dict_keys(['tutorial']) retrieved from /home/augenz/PycharmProjects/airflow/.env_airflow/lib/python3.9/site-packages/airflow/example_dags/tutorial.py
[2022-08-29T12:33:14.075-0400] {logging_mixin.py:115} INFO - [2022-08-29T12:33:14.075-0400] {manager.py:508} INFO - Created Permission View: can delete on DAG:tutorial
[2022-08-29T12:33:14.125-0400] {logging_mixin.py:115} INFO - [2022-08-29T12:33:14.125-0400] {manager.py:508} INFO - Created Permission View: can read on DAG:tutorial
[2022-08-29T12:33:14.176-0400] {logging_mixin.py:115} INFO - [2022-08-29T12:33:14.175-0400] {manager.py:508} INFO - Created Permission View: can edit on DAG:tutorial
[2022-08-29T12:33:14.177-0400] {logging_mixin.py:115} INFO - [2022-08-29T12:33:14.176-0400] {dag.py:2429} INFO - Sync 1 DAGs
[2022-08-29T12:33:14.199-0400] {logging_mixin.py:115} INFO - [2022-08-29T12:33:14.199-0400] {dag.py:2448} INFO - Creating ORM DAG for tutorial
[2022-08-29T12:33:14.231-0400] {logging_mixin.py:115} INFO - [2022-08-29T12:33:14.231-0400] {dag.py:2977} INFO - Setting next_dagrun for tutorial to 2022-08-28T16:33:14.230758+00:00, run_after=2022-08-29T16:33:14.230758+00:00
[2022-08-29T12:33:14.293-0400] {processor.py:161} INFO - Processing /home/augenz/PycharmProjects/airflow/.env_airflow/lib/python3.9/site-packages/airflow/example_dags/tutorial.py took 0.386 seconds
[2022-08-29T12:33:45.042-0400] {processor.py:153} INFO - Started process (PID=410) to work on /home/augenz/PycharmProjects/airflow/.env_airflow/lib/python3.9/site-packages/airflow/example_dags/tutorial.py
[2022-08-29T12:33:45.044-0400] {processor.py:640} INFO - Processing file /home/augenz/PycharmProjects/airflow/.env_airflow/lib/python3.9/site-packages/airflow/example_dags/tutorial.py for tasks to queue
[2022-08-29T12:33:45.045-0400] {logging_mixin.py:115} INFO - [2022-08-29T12:33:45.044-0400] {dagbag.py:508} INFO - Filling up the DagBag from /home/augenz/PycharmProjects/airflow/.env_airflow/lib/python3.9/site-packages/airflow/example_dags/tutorial.py
[2022-08-29T12:33:45.052-0400] {processor.py:650} INFO - DAG(s) dict_keys(['tutorial']) retrieved from /home/augenz/PycharmProjects/airflow/.env_airflow/lib/python3.9/site-packages/airflow/example_dags/tutorial.py
[2022-08-29T12:33:45.095-0400] {logging_mixin.py:115} INFO - [2022-08-29T12:33:45.095-0400] {dag.py:2429} INFO - Sync 1 DAGs
[2022-08-29T12:33:45.128-0400] {logging_mixin.py:115} INFO - [2022-08-29T12:33:45.128-0400] {dag.py:2977} INFO - Setting next_dagrun for tutorial to 2022-08-28T16:33:45.127516+00:00, run_after=2022-08-29T16:33:45.127516+00:00
[2022-08-29T12:33:45.186-0400] {processor.py:161} INFO - Processing /home/augenz/PycharmProjects/airflow/.env_airflow/lib/python3.9/site-packages/airflow/example_dags/tutorial.py took 0.150 seconds
[2022-08-29T12:34:15.303-0400] {processor.py:153} INFO - Started process (PID=445) to work on /home/augenz/PycharmProjects/airflow/.env_airflow/lib/python3.9/site-packages/airflow/example_dags/tutorial.py
[2022-08-29T12:34:15.314-0400] {processor.py:640} INFO - Processing file /home/augenz/PycharmProjects/airflow/.env_airflow/lib/python3.9/site-packages/airflow/example_dags/tutorial.py for tasks to queue
[2022-08-29T12:34:15.315-0400] {logging_mixin.py:115} INFO - [2022-08-29T12:34:15.315-0400] {dagbag.py:508} INFO - Filling up the DagBag from /home/augenz/PycharmProjects/airflow/.env_airflow/lib/python3.9/site-packages/airflow/example_dags/tutorial.py
[2022-08-29T12:34:15.322-0400] {processor.py:650} INFO - DAG(s) dict_keys(['tutorial']) retrieved from /home/augenz/PycharmProjects/airflow/.env_airflow/lib/python3.9/site-packages/airflow/example_dags/tutorial.py
[2022-08-29T12:34:15.374-0400] {logging_mixin.py:115} INFO - [2022-08-29T12:34:15.373-0400] {dag.py:2429} INFO - Sync 1 DAGs
[2022-08-29T12:34:15.428-0400] {logging_mixin.py:115} INFO - [2022-08-29T12:34:15.428-0400] {dag.py:2977} INFO - Setting next_dagrun for tutorial to 2022-08-28T16:34:15.427699+00:00, run_after=2022-08-29T16:34:15.427699+00:00
[2022-08-29T12:34:15.484-0400] {processor.py:161} INFO - Processing /home/augenz/PycharmProjects/airflow/.env_airflow/lib/python3.9/site-packages/airflow/example_dags/tutorial.py took 0.185 seconds
[2022-08-29T12:34:46.041-0400] {processor.py:153} INFO - Started process (PID=480) to work on /home/augenz/PycharmProjects/airflow/.env_airflow/lib/python3.9/site-packages/airflow/example_dags/tutorial.py
[2022-08-29T12:34:46.042-0400] {processor.py:640} INFO - Processing file /home/augenz/PycharmProjects/airflow/.env_airflow/lib/python3.9/site-packages/airflow/example_dags/tutorial.py for tasks to queue
[2022-08-29T12:34:46.044-0400] {logging_mixin.py:115} INFO - [2022-08-29T12:34:46.044-0400] {dagbag.py:508} INFO - Filling up the DagBag from /home/augenz/PycharmProjects/airflow/.env_airflow/lib/python3.9/site-packages/airflow/example_dags/tutorial.py
[2022-08-29T12:34:46.052-0400] {processor.py:650} INFO - DAG(s) dict_keys(['tutorial']) retrieved from /home/augenz/PycharmProjects/airflow/.env_airflow/lib/python3.9/site-packages/airflow/example_dags/tutorial.py
[2022-08-29T12:34:46.103-0400] {logging_mixin.py:115} INFO - [2022-08-29T12:34:46.102-0400] {dag.py:2429} INFO - Sync 1 DAGs
[2022-08-29T12:34:46.145-0400] {logging_mixin.py:115} INFO - [2022-08-29T12:34:46.145-0400] {dag.py:2977} INFO - Setting next_dagrun for tutorial to 2022-08-28T16:34:46.144612+00:00, run_after=2022-08-29T16:34:46.144612+00:00
[2022-08-29T12:34:46.189-0400] {processor.py:161} INFO - Processing /home/augenz/PycharmProjects/airflow/.env_airflow/lib/python3.9/site-packages/airflow/example_dags/tutorial.py took 0.155 seconds
[2022-08-29T12:35:16.980-0400] {processor.py:153} INFO - Started process (PID=535) to work on /home/augenz/PycharmProjects/airflow/.env_airflow/lib/python3.9/site-packages/airflow/example_dags/tutorial.py
[2022-08-29T12:35:16.981-0400] {processor.py:640} INFO - Processing file /home/augenz/PycharmProjects/airflow/.env_airflow/lib/python3.9/site-packages/airflow/example_dags/tutorial.py for tasks to queue
[2022-08-29T12:35:16.983-0400] {logging_mixin.py:115} INFO - [2022-08-29T12:35:16.982-0400] {dagbag.py:508} INFO - Filling up the DagBag from /home/augenz/PycharmProjects/airflow/.env_airflow/lib/python3.9/site-packages/airflow/example_dags/tutorial.py
[2022-08-29T12:35:16.993-0400] {processor.py:650} INFO - DAG(s) dict_keys(['tutorial']) retrieved from /home/augenz/PycharmProjects/airflow/.env_airflow/lib/python3.9/site-packages/airflow/example_dags/tutorial.py
[2022-08-29T12:35:17.042-0400] {logging_mixin.py:115} INFO - [2022-08-29T12:35:17.042-0400] {dag.py:2429} INFO - Sync 1 DAGs
[2022-08-29T12:35:17.080-0400] {logging_mixin.py:115} INFO - [2022-08-29T12:35:17.080-0400] {dag.py:2977} INFO - Setting next_dagrun for tutorial to 2022-08-28T16:35:17.080029+00:00, run_after=2022-08-29T16:35:17.080029+00:00
[2022-08-29T12:35:17.135-0400] {processor.py:161} INFO - Processing /home/augenz/PycharmProjects/airflow/.env_airflow/lib/python3.9/site-packages/airflow/example_dags/tutorial.py took 0.161 seconds
[2022-08-29T12:35:47.785-0400] {processor.py:153} INFO - Started process (PID=580) to work on /home/augenz/PycharmProjects/airflow/.env_airflow/lib/python3.9/site-packages/airflow/example_dags/tutorial.py
[2022-08-29T12:35:47.786-0400] {processor.py:640} INFO - Processing file /home/augenz/PycharmProjects/airflow/.env_airflow/lib/python3.9/site-packages/airflow/example_dags/tutorial.py for tasks to queue
[2022-08-29T12:35:47.788-0400] {logging_mixin.py:115} INFO - [2022-08-29T12:35:47.787-0400] {dagbag.py:508} INFO - Filling up the DagBag from /home/augenz/PycharmProjects/airflow/.env_airflow/lib/python3.9/site-packages/airflow/example_dags/tutorial.py
[2022-08-29T12:35:47.798-0400] {processor.py:650} INFO - DAG(s) dict_keys(['tutorial']) retrieved from /home/augenz/PycharmProjects/airflow/.env_airflow/lib/python3.9/site-packages/airflow/example_dags/tutorial.py
[2022-08-29T12:35:48.263-0400] {logging_mixin.py:115} INFO - [2022-08-29T12:35:48.263-0400] {dag.py:2429} INFO - Sync 1 DAGs
[2022-08-29T12:35:48.290-0400] {logging_mixin.py:115} INFO - [2022-08-29T12:35:48.290-0400] {dag.py:2977} INFO - Setting next_dagrun for tutorial to 2022-08-28T16:35:48.289836+00:00, run_after=2022-08-29T16:35:48.289836+00:00
[2022-08-29T12:35:48.330-0400] {processor.py:161} INFO - Processing /home/augenz/PycharmProjects/airflow/.env_airflow/lib/python3.9/site-packages/airflow/example_dags/tutorial.py took 0.552 seconds
[2022-08-29T12:36:18.770-0400] {processor.py:153} INFO - Started process (PID=614) to work on /home/augenz/PycharmProjects/airflow/.env_airflow/lib/python3.9/site-packages/airflow/example_dags/tutorial.py
[2022-08-29T12:36:18.785-0400] {processor.py:640} INFO - Processing file /home/augenz/PycharmProjects/airflow/.env_airflow/lib/python3.9/site-packages/airflow/example_dags/tutorial.py for tasks to queue
[2022-08-29T12:36:18.786-0400] {logging_mixin.py:115} INFO - [2022-08-29T12:36:18.786-0400] {dagbag.py:508} INFO - Filling up the DagBag from /home/augenz/PycharmProjects/airflow/.env_airflow/lib/python3.9/site-packages/airflow/example_dags/tutorial.py
[2022-08-29T12:36:18.794-0400] {processor.py:650} INFO - DAG(s) dict_keys(['tutorial']) retrieved from /home/augenz/PycharmProjects/airflow/.env_airflow/lib/python3.9/site-packages/airflow/example_dags/tutorial.py
[2022-08-29T12:36:19.255-0400] {logging_mixin.py:115} INFO - [2022-08-29T12:36:19.254-0400] {dag.py:2429} INFO - Sync 1 DAGs
[2022-08-29T12:36:19.288-0400] {logging_mixin.py:115} INFO - [2022-08-29T12:36:19.288-0400] {dag.py:2977} INFO - Setting next_dagrun for tutorial to 2022-08-28T16:36:19.288321+00:00, run_after=2022-08-29T16:36:19.288321+00:00
[2022-08-29T12:36:19.328-0400] {processor.py:161} INFO - Processing /home/augenz/PycharmProjects/airflow/.env_airflow/lib/python3.9/site-packages/airflow/example_dags/tutorial.py took 0.565 seconds
[2022-08-29T12:36:49.713-0400] {processor.py:153} INFO - Started process (PID=650) to work on /home/augenz/PycharmProjects/airflow/.env_airflow/lib/python3.9/site-packages/airflow/example_dags/tutorial.py
[2022-08-29T12:36:49.714-0400] {processor.py:640} INFO - Processing file /home/augenz/PycharmProjects/airflow/.env_airflow/lib/python3.9/site-packages/airflow/example_dags/tutorial.py for tasks to queue
[2022-08-29T12:36:49.716-0400] {logging_mixin.py:115} INFO - [2022-08-29T12:36:49.715-0400] {dagbag.py:508} INFO - Filling up the DagBag from /home/augenz/PycharmProjects/airflow/.env_airflow/lib/python3.9/site-packages/airflow/example_dags/tutorial.py
[2022-08-29T12:36:49.725-0400] {processor.py:650} INFO - DAG(s) dict_keys(['tutorial']) retrieved from /home/augenz/PycharmProjects/airflow/.env_airflow/lib/python3.9/site-packages/airflow/example_dags/tutorial.py
[2022-08-29T12:36:50.194-0400] {logging_mixin.py:115} INFO - [2022-08-29T12:36:50.194-0400] {dag.py:2429} INFO - Sync 1 DAGs
[2022-08-29T12:36:50.221-0400] {logging_mixin.py:115} INFO - [2022-08-29T12:36:50.221-0400] {dag.py:2977} INFO - Setting next_dagrun for tutorial to 2022-08-28T16:36:50.221293+00:00, run_after=2022-08-29T16:36:50.221293+00:00
[2022-08-29T12:36:50.257-0400] {processor.py:161} INFO - Processing /home/augenz/PycharmProjects/airflow/.env_airflow/lib/python3.9/site-packages/airflow/example_dags/tutorial.py took 0.550 seconds
[2022-08-29T12:37:21.085-0400] {processor.py:153} INFO - Started process (PID=705) to work on /home/augenz/PycharmProjects/airflow/.env_airflow/lib/python3.9/site-packages/airflow/example_dags/tutorial.py
[2022-08-29T12:37:21.090-0400] {processor.py:640} INFO - Processing file /home/augenz/PycharmProjects/airflow/.env_airflow/lib/python3.9/site-packages/airflow/example_dags/tutorial.py for tasks to queue
[2022-08-29T12:37:21.091-0400] {logging_mixin.py:115} INFO - [2022-08-29T12:37:21.091-0400] {dagbag.py:508} INFO - Filling up the DagBag from /home/augenz/PycharmProjects/airflow/.env_airflow/lib/python3.9/site-packages/airflow/example_dags/tutorial.py
[2022-08-29T12:37:21.107-0400] {processor.py:650} INFO - DAG(s) dict_keys(['tutorial']) retrieved from /home/augenz/PycharmProjects/airflow/.env_airflow/lib/python3.9/site-packages/airflow/example_dags/tutorial.py
[2022-08-29T12:37:22.790-0400] {logging_mixin.py:115} INFO - [2022-08-29T12:37:22.789-0400] {dag.py:2429} INFO - Sync 1 DAGs
[2022-08-29T12:37:22.861-0400] {logging_mixin.py:115} INFO - [2022-08-29T12:37:22.861-0400] {dag.py:2977} INFO - Setting next_dagrun for tutorial to 2022-08-28T16:37:22.860691+00:00, run_after=2022-08-29T16:37:22.860691+00:00
[2022-08-29T12:37:22.914-0400] {processor.py:161} INFO - Processing /home/augenz/PycharmProjects/airflow/.env_airflow/lib/python3.9/site-packages/airflow/example_dags/tutorial.py took 1.840 seconds
[2022-08-29T12:37:55.189-0400] {processor.py:153} INFO - Started process (PID=749) to work on /home/augenz/PycharmProjects/airflow/.env_airflow/lib/python3.9/site-packages/airflow/example_dags/tutorial.py
[2022-08-29T12:37:55.194-0400] {processor.py:640} INFO - Processing file /home/augenz/PycharmProjects/airflow/.env_airflow/lib/python3.9/site-packages/airflow/example_dags/tutorial.py for tasks to queue
[2022-08-29T12:37:55.201-0400] {logging_mixin.py:115} INFO - [2022-08-29T12:37:55.200-0400] {dagbag.py:508} INFO - Filling up the DagBag from /home/augenz/PycharmProjects/airflow/.env_airflow/lib/python3.9/site-packages/airflow/example_dags/tutorial.py
[2022-08-29T12:37:55.213-0400] {processor.py:650} INFO - DAG(s) dict_keys(['tutorial']) retrieved from /home/augenz/PycharmProjects/airflow/.env_airflow/lib/python3.9/site-packages/airflow/example_dags/tutorial.py
[2022-08-29T12:37:56.301-0400] {logging_mixin.py:115} INFO - [2022-08-29T12:37:56.300-0400] {dag.py:2429} INFO - Sync 1 DAGs
[2022-08-29T12:37:56.361-0400] {logging_mixin.py:115} INFO - [2022-08-29T12:37:56.361-0400] {dag.py:2977} INFO - Setting next_dagrun for tutorial to 2022-08-28T16:37:56.360851+00:00, run_after=2022-08-29T16:37:56.360851+00:00
[2022-08-29T12:37:56.417-0400] {processor.py:161} INFO - Processing /home/augenz/PycharmProjects/airflow/.env_airflow/lib/python3.9/site-packages/airflow/example_dags/tutorial.py took 1.235 seconds
[2022-08-29T12:38:26.982-0400] {processor.py:153} INFO - Started process (PID=803) to work on /home/augenz/PycharmProjects/airflow/.env_airflow/lib/python3.9/site-packages/airflow/example_dags/tutorial.py
[2022-08-29T12:38:26.989-0400] {processor.py:640} INFO - Processing file /home/augenz/PycharmProjects/airflow/.env_airflow/lib/python3.9/site-packages/airflow/example_dags/tutorial.py for tasks to queue
[2022-08-29T12:38:26.991-0400] {logging_mixin.py:115} INFO - [2022-08-29T12:38:26.990-0400] {dagbag.py:508} INFO - Filling up the DagBag from /home/augenz/PycharmProjects/airflow/.env_airflow/lib/python3.9/site-packages/airflow/example_dags/tutorial.py
[2022-08-29T12:38:27.016-0400] {processor.py:650} INFO - DAG(s) dict_keys(['tutorial']) retrieved from /home/augenz/PycharmProjects/airflow/.env_airflow/lib/python3.9/site-packages/airflow/example_dags/tutorial.py
[2022-08-29T12:38:28.061-0400] {logging_mixin.py:115} INFO - [2022-08-29T12:38:28.061-0400] {dag.py:2429} INFO - Sync 1 DAGs
[2022-08-29T12:38:28.094-0400] {logging_mixin.py:115} INFO - [2022-08-29T12:38:28.094-0400] {dag.py:2977} INFO - Setting next_dagrun for tutorial to 2022-08-28T16:38:28.093693+00:00, run_after=2022-08-29T16:38:28.093693+00:00
[2022-08-29T12:38:28.180-0400] {processor.py:161} INFO - Processing /home/augenz/PycharmProjects/airflow/.env_airflow/lib/python3.9/site-packages/airflow/example_dags/tutorial.py took 1.206 seconds
[2022-08-29T12:38:58.870-0400] {processor.py:153} INFO - Started process (PID=838) to work on /home/augenz/PycharmProjects/airflow/.env_airflow/lib/python3.9/site-packages/airflow/example_dags/tutorial.py
[2022-08-29T12:38:58.871-0400] {processor.py:640} INFO - Processing file /home/augenz/PycharmProjects/airflow/.env_airflow/lib/python3.9/site-packages/airflow/example_dags/tutorial.py for tasks to queue
[2022-08-29T12:38:58.873-0400] {logging_mixin.py:115} INFO - [2022-08-29T12:38:58.872-0400] {dagbag.py:508} INFO - Filling up the DagBag from /home/augenz/PycharmProjects/airflow/.env_airflow/lib/python3.9/site-packages/airflow/example_dags/tutorial.py
[2022-08-29T12:38:58.882-0400] {processor.py:650} INFO - DAG(s) dict_keys(['tutorial']) retrieved from /home/augenz/PycharmProjects/airflow/.env_airflow/lib/python3.9/site-packages/airflow/example_dags/tutorial.py
[2022-08-29T12:38:59.414-0400] {logging_mixin.py:115} INFO - [2022-08-29T12:38:59.413-0400] {dag.py:2429} INFO - Sync 1 DAGs
[2022-08-29T12:38:59.442-0400] {logging_mixin.py:115} INFO - [2022-08-29T12:38:59.442-0400] {dag.py:2977} INFO - Setting next_dagrun for tutorial to 2022-08-28T16:38:59.441957+00:00, run_after=2022-08-29T16:38:59.441957+00:00
[2022-08-29T12:38:59.498-0400] {processor.py:161} INFO - Processing /home/augenz/PycharmProjects/airflow/.env_airflow/lib/python3.9/site-packages/airflow/example_dags/tutorial.py took 0.635 seconds
[2022-08-29T12:39:30.483-0400] {processor.py:153} INFO - Started process (PID=873) to work on /home/augenz/PycharmProjects/airflow/.env_airflow/lib/python3.9/site-packages/airflow/example_dags/tutorial.py
[2022-08-29T12:39:30.485-0400] {processor.py:640} INFO - Processing file /home/augenz/PycharmProjects/airflow/.env_airflow/lib/python3.9/site-packages/airflow/example_dags/tutorial.py for tasks to queue
[2022-08-29T12:39:30.486-0400] {logging_mixin.py:115} INFO - [2022-08-29T12:39:30.486-0400] {dagbag.py:508} INFO - Filling up the DagBag from /home/augenz/PycharmProjects/airflow/.env_airflow/lib/python3.9/site-packages/airflow/example_dags/tutorial.py
[2022-08-29T12:39:30.497-0400] {processor.py:650} INFO - DAG(s) dict_keys(['tutorial']) retrieved from /home/augenz/PycharmProjects/airflow/.env_airflow/lib/python3.9/site-packages/airflow/example_dags/tutorial.py
[2022-08-29T12:39:31.079-0400] {logging_mixin.py:115} INFO - [2022-08-29T12:39:31.079-0400] {dag.py:2429} INFO - Sync 1 DAGs
[2022-08-29T12:39:31.106-0400] {logging_mixin.py:115} INFO - [2022-08-29T12:39:31.105-0400] {dag.py:2977} INFO - Setting next_dagrun for tutorial to 2022-08-28T16:39:31.105589+00:00, run_after=2022-08-29T16:39:31.105589+00:00
[2022-08-29T12:39:31.149-0400] {processor.py:161} INFO - Processing /home/augenz/PycharmProjects/airflow/.env_airflow/lib/python3.9/site-packages/airflow/example_dags/tutorial.py took 0.671 seconds
[2022-08-29T12:40:02.176-0400] {processor.py:153} INFO - Started process (PID=912) to work on /home/augenz/PycharmProjects/airflow/.env_airflow/lib/python3.9/site-packages/airflow/example_dags/tutorial.py
[2022-08-29T12:40:02.177-0400] {processor.py:640} INFO - Processing file /home/augenz/PycharmProjects/airflow/.env_airflow/lib/python3.9/site-packages/airflow/example_dags/tutorial.py for tasks to queue
[2022-08-29T12:40:02.178-0400] {logging_mixin.py:115} INFO - [2022-08-29T12:40:02.178-0400] {dagbag.py:508} INFO - Filling up the DagBag from /home/augenz/PycharmProjects/airflow/.env_airflow/lib/python3.9/site-packages/airflow/example_dags/tutorial.py
[2022-08-29T12:40:02.186-0400] {processor.py:650} INFO - DAG(s) dict_keys(['tutorial']) retrieved from /home/augenz/PycharmProjects/airflow/.env_airflow/lib/python3.9/site-packages/airflow/example_dags/tutorial.py
[2022-08-29T12:40:02.705-0400] {logging_mixin.py:115} INFO - [2022-08-29T12:40:02.705-0400] {dag.py:2429} INFO - Sync 1 DAGs
[2022-08-29T12:40:02.737-0400] {logging_mixin.py:115} INFO - [2022-08-29T12:40:02.737-0400] {dag.py:2977} INFO - Setting next_dagrun for tutorial to 2022-08-28T16:40:02.736778+00:00, run_after=2022-08-29T16:40:02.736778+00:00
[2022-08-29T12:40:02.793-0400] {processor.py:161} INFO - Processing /home/augenz/PycharmProjects/airflow/.env_airflow/lib/python3.9/site-packages/airflow/example_dags/tutorial.py took 0.623 seconds
[2022-08-29T12:40:32.911-0400] {processor.py:153} INFO - Started process (PID=947) to work on /home/augenz/PycharmProjects/airflow/.env_airflow/lib/python3.9/site-packages/airflow/example_dags/tutorial.py
[2022-08-29T12:40:32.912-0400] {processor.py:640} INFO - Processing file /home/augenz/PycharmProjects/airflow/.env_airflow/lib/python3.9/site-packages/airflow/example_dags/tutorial.py for tasks to queue
[2022-08-29T12:40:32.912-0400] {logging_mixin.py:115} INFO - [2022-08-29T12:40:32.912-0400] {dagbag.py:508} INFO - Filling up the DagBag from /home/augenz/PycharmProjects/airflow/.env_airflow/lib/python3.9/site-packages/airflow/example_dags/tutorial.py
[2022-08-29T12:40:32.920-0400] {processor.py:650} INFO - DAG(s) dict_keys(['tutorial']) retrieved from /home/augenz/PycharmProjects/airflow/.env_airflow/lib/python3.9/site-packages/airflow/example_dags/tutorial.py
[2022-08-29T12:40:33.384-0400] {logging_mixin.py:115} INFO - [2022-08-29T12:40:33.383-0400] {dag.py:2429} INFO - Sync 1 DAGs
[2022-08-29T12:40:33.411-0400] {logging_mixin.py:115} INFO - [2022-08-29T12:40:33.410-0400] {dag.py:2977} INFO - Setting next_dagrun for tutorial to 2022-08-28T16:40:33.410675+00:00, run_after=2022-08-29T16:40:33.410675+00:00
[2022-08-29T12:40:33.455-0400] {processor.py:161} INFO - Processing /home/augenz/PycharmProjects/airflow/.env_airflow/lib/python3.9/site-packages/airflow/example_dags/tutorial.py took 0.549 seconds
[2022-08-29T12:41:03.681-0400] {processor.py:153} INFO - Started process (PID=981) to work on /home/augenz/PycharmProjects/airflow/.env_airflow/lib/python3.9/site-packages/airflow/example_dags/tutorial.py
[2022-08-29T12:41:03.704-0400] {processor.py:640} INFO - Processing file /home/augenz/PycharmProjects/airflow/.env_airflow/lib/python3.9/site-packages/airflow/example_dags/tutorial.py for tasks to queue
[2022-08-29T12:41:03.706-0400] {logging_mixin.py:115} INFO - [2022-08-29T12:41:03.705-0400] {dagbag.py:508} INFO - Filling up the DagBag from /home/augenz/PycharmProjects/airflow/.env_airflow/lib/python3.9/site-packages/airflow/example_dags/tutorial.py
[2022-08-29T12:41:03.718-0400] {processor.py:650} INFO - DAG(s) dict_keys(['tutorial']) retrieved from /home/augenz/PycharmProjects/airflow/.env_airflow/lib/python3.9/site-packages/airflow/example_dags/tutorial.py
[2022-08-29T12:41:04.312-0400] {logging_mixin.py:115} INFO - [2022-08-29T12:41:04.312-0400] {dag.py:2429} INFO - Sync 1 DAGs
[2022-08-29T12:41:04.339-0400] {logging_mixin.py:115} INFO - [2022-08-29T12:41:04.339-0400] {dag.py:2977} INFO - Setting next_dagrun for tutorial to 2022-08-28T16:41:04.338817+00:00, run_after=2022-08-29T16:41:04.338817+00:00
[2022-08-29T12:41:04.376-0400] {processor.py:161} INFO - Processing /home/augenz/PycharmProjects/airflow/.env_airflow/lib/python3.9/site-packages/airflow/example_dags/tutorial.py took 0.702 seconds
[2022-08-29T12:41:35.152-0400] {processor.py:153} INFO - Started process (PID=1023) to work on /home/augenz/PycharmProjects/airflow/.env_airflow/lib/python3.9/site-packages/airflow/example_dags/tutorial.py
[2022-08-29T12:41:35.160-0400] {processor.py:640} INFO - Processing file /home/augenz/PycharmProjects/airflow/.env_airflow/lib/python3.9/site-packages/airflow/example_dags/tutorial.py for tasks to queue
[2022-08-29T12:41:35.162-0400] {logging_mixin.py:115} INFO - [2022-08-29T12:41:35.161-0400] {dagbag.py:508} INFO - Filling up the DagBag from /home/augenz/PycharmProjects/airflow/.env_airflow/lib/python3.9/site-packages/airflow/example_dags/tutorial.py
[2022-08-29T12:41:35.171-0400] {processor.py:650} INFO - DAG(s) dict_keys(['tutorial']) retrieved from /home/augenz/PycharmProjects/airflow/.env_airflow/lib/python3.9/site-packages/airflow/example_dags/tutorial.py
[2022-08-29T12:41:35.768-0400] {logging_mixin.py:115} INFO - [2022-08-29T12:41:35.768-0400] {dag.py:2429} INFO - Sync 1 DAGs
[2022-08-29T12:41:35.796-0400] {logging_mixin.py:115} INFO - [2022-08-29T12:41:35.796-0400] {dag.py:2977} INFO - Setting next_dagrun for tutorial to 2022-08-28T16:41:35.796221+00:00, run_after=2022-08-29T16:41:35.796221+00:00
[2022-08-29T12:41:35.857-0400] {processor.py:161} INFO - Processing /home/augenz/PycharmProjects/airflow/.env_airflow/lib/python3.9/site-packages/airflow/example_dags/tutorial.py took 0.710 seconds
[2022-08-29T12:42:06.784-0400] {processor.py:153} INFO - Started process (PID=1059) to work on /home/augenz/PycharmProjects/airflow/.env_airflow/lib/python3.9/site-packages/airflow/example_dags/tutorial.py
[2022-08-29T12:42:06.806-0400] {processor.py:640} INFO - Processing file /home/augenz/PycharmProjects/airflow/.env_airflow/lib/python3.9/site-packages/airflow/example_dags/tutorial.py for tasks to queue
[2022-08-29T12:42:06.808-0400] {logging_mixin.py:115} INFO - [2022-08-29T12:42:06.807-0400] {dagbag.py:508} INFO - Filling up the DagBag from /home/augenz/PycharmProjects/airflow/.env_airflow/lib/python3.9/site-packages/airflow/example_dags/tutorial.py
[2022-08-29T12:42:06.820-0400] {processor.py:650} INFO - DAG(s) dict_keys(['tutorial']) retrieved from /home/augenz/PycharmProjects/airflow/.env_airflow/lib/python3.9/site-packages/airflow/example_dags/tutorial.py
[2022-08-29T12:42:07.434-0400] {logging_mixin.py:115} INFO - [2022-08-29T12:42:07.434-0400] {dag.py:2429} INFO - Sync 1 DAGs
[2022-08-29T12:42:07.461-0400] {logging_mixin.py:115} INFO - [2022-08-29T12:42:07.461-0400] {dag.py:2977} INFO - Setting next_dagrun for tutorial to 2022-08-28T16:42:07.460943+00:00, run_after=2022-08-29T16:42:07.460943+00:00
[2022-08-29T12:42:07.520-0400] {processor.py:161} INFO - Processing /home/augenz/PycharmProjects/airflow/.env_airflow/lib/python3.9/site-packages/airflow/example_dags/tutorial.py took 0.741 seconds
[2022-08-29T12:42:37.732-0400] {processor.py:153} INFO - Started process (PID=1093) to work on /home/augenz/PycharmProjects/airflow/.env_airflow/lib/python3.9/site-packages/airflow/example_dags/tutorial.py
[2022-08-29T12:42:37.734-0400] {processor.py:640} INFO - Processing file /home/augenz/PycharmProjects/airflow/.env_airflow/lib/python3.9/site-packages/airflow/example_dags/tutorial.py for tasks to queue
[2022-08-29T12:42:37.735-0400] {logging_mixin.py:115} INFO - [2022-08-29T12:42:37.735-0400] {dagbag.py:508} INFO - Filling up the DagBag from /home/augenz/PycharmProjects/airflow/.env_airflow/lib/python3.9/site-packages/airflow/example_dags/tutorial.py
[2022-08-29T12:42:37.745-0400] {processor.py:650} INFO - DAG(s) dict_keys(['tutorial']) retrieved from /home/augenz/PycharmProjects/airflow/.env_airflow/lib/python3.9/site-packages/airflow/example_dags/tutorial.py
[2022-08-29T12:42:38.211-0400] {logging_mixin.py:115} INFO - [2022-08-29T12:42:38.211-0400] {dag.py:2429} INFO - Sync 1 DAGs
[2022-08-29T12:42:38.250-0400] {logging_mixin.py:115} INFO - [2022-08-29T12:42:38.250-0400] {dag.py:2977} INFO - Setting next_dagrun for tutorial to 2022-08-28T16:42:38.249775+00:00, run_after=2022-08-29T16:42:38.249775+00:00
[2022-08-29T12:42:38.307-0400] {processor.py:161} INFO - Processing /home/augenz/PycharmProjects/airflow/.env_airflow/lib/python3.9/site-packages/airflow/example_dags/tutorial.py took 0.579 seconds
[2022-08-29T12:43:08.600-0400] {processor.py:153} INFO - Started process (PID=1128) to work on /home/augenz/PycharmProjects/airflow/.env_airflow/lib/python3.9/site-packages/airflow/example_dags/tutorial.py
[2022-08-29T12:43:08.606-0400] {processor.py:640} INFO - Processing file /home/augenz/PycharmProjects/airflow/.env_airflow/lib/python3.9/site-packages/airflow/example_dags/tutorial.py for tasks to queue
[2022-08-29T12:43:08.607-0400] {logging_mixin.py:115} INFO - [2022-08-29T12:43:08.607-0400] {dagbag.py:508} INFO - Filling up the DagBag from /home/augenz/PycharmProjects/airflow/.env_airflow/lib/python3.9/site-packages/airflow/example_dags/tutorial.py
[2022-08-29T12:43:08.619-0400] {processor.py:650} INFO - DAG(s) dict_keys(['tutorial']) retrieved from /home/augenz/PycharmProjects/airflow/.env_airflow/lib/python3.9/site-packages/airflow/example_dags/tutorial.py
[2022-08-29T12:43:09.199-0400] {logging_mixin.py:115} INFO - [2022-08-29T12:43:09.199-0400] {dag.py:2429} INFO - Sync 1 DAGs
[2022-08-29T12:43:09.226-0400] {logging_mixin.py:115} INFO - [2022-08-29T12:43:09.225-0400] {dag.py:2977} INFO - Setting next_dagrun for tutorial to 2022-08-28T16:43:09.225661+00:00, run_after=2022-08-29T16:43:09.225661+00:00
[2022-08-29T12:43:09.271-0400] {processor.py:161} INFO - Processing /home/augenz/PycharmProjects/airflow/.env_airflow/lib/python3.9/site-packages/airflow/example_dags/tutorial.py took 0.676 seconds
[2022-08-29T12:43:39.624-0400] {processor.py:153} INFO - Started process (PID=1162) to work on /home/augenz/PycharmProjects/airflow/.env_airflow/lib/python3.9/site-packages/airflow/example_dags/tutorial.py
[2022-08-29T12:43:39.628-0400] {processor.py:640} INFO - Processing file /home/augenz/PycharmProjects/airflow/.env_airflow/lib/python3.9/site-packages/airflow/example_dags/tutorial.py for tasks to queue
[2022-08-29T12:43:39.629-0400] {logging_mixin.py:115} INFO - [2022-08-29T12:43:39.629-0400] {dagbag.py:508} INFO - Filling up the DagBag from /home/augenz/PycharmProjects/airflow/.env_airflow/lib/python3.9/site-packages/airflow/example_dags/tutorial.py
[2022-08-29T12:43:39.637-0400] {processor.py:650} INFO - DAG(s) dict_keys(['tutorial']) retrieved from /home/augenz/PycharmProjects/airflow/.env_airflow/lib/python3.9/site-packages/airflow/example_dags/tutorial.py
[2022-08-29T12:43:40.091-0400] {logging_mixin.py:115} INFO - [2022-08-29T12:43:40.090-0400] {dag.py:2429} INFO - Sync 1 DAGs
[2022-08-29T12:43:40.128-0400] {logging_mixin.py:115} INFO - [2022-08-29T12:43:40.128-0400] {dag.py:2977} INFO - Setting next_dagrun for tutorial to 2022-08-28T16:43:40.127887+00:00, run_after=2022-08-29T16:43:40.127887+00:00
[2022-08-29T12:43:40.192-0400] {processor.py:161} INFO - Processing /home/augenz/PycharmProjects/airflow/.env_airflow/lib/python3.9/site-packages/airflow/example_dags/tutorial.py took 0.573 seconds
[2022-08-29T12:44:10.580-0400] {processor.py:153} INFO - Started process (PID=1196) to work on /home/augenz/PycharmProjects/airflow/.env_airflow/lib/python3.9/site-packages/airflow/example_dags/tutorial.py
[2022-08-29T12:44:10.585-0400] {processor.py:640} INFO - Processing file /home/augenz/PycharmProjects/airflow/.env_airflow/lib/python3.9/site-packages/airflow/example_dags/tutorial.py for tasks to queue
[2022-08-29T12:44:10.586-0400] {logging_mixin.py:115} INFO - [2022-08-29T12:44:10.586-0400] {dagbag.py:508} INFO - Filling up the DagBag from /home/augenz/PycharmProjects/airflow/.env_airflow/lib/python3.9/site-packages/airflow/example_dags/tutorial.py
[2022-08-29T12:44:10.595-0400] {processor.py:650} INFO - DAG(s) dict_keys(['tutorial']) retrieved from /home/augenz/PycharmProjects/airflow/.env_airflow/lib/python3.9/site-packages/airflow/example_dags/tutorial.py
[2022-08-29T12:44:11.050-0400] {logging_mixin.py:115} INFO - [2022-08-29T12:44:11.050-0400] {dag.py:2429} INFO - Sync 1 DAGs
[2022-08-29T12:44:11.080-0400] {logging_mixin.py:115} INFO - [2022-08-29T12:44:11.080-0400] {dag.py:2977} INFO - Setting next_dagrun for tutorial to 2022-08-28T16:44:11.079859+00:00, run_after=2022-08-29T16:44:11.079859+00:00
[2022-08-29T12:44:11.137-0400] {processor.py:161} INFO - Processing /home/augenz/PycharmProjects/airflow/.env_airflow/lib/python3.9/site-packages/airflow/example_dags/tutorial.py took 0.563 seconds
[2022-08-29T12:44:41.428-0400] {processor.py:153} INFO - Started process (PID=1244) to work on /home/augenz/PycharmProjects/airflow/.env_airflow/lib/python3.9/site-packages/airflow/example_dags/tutorial.py
[2022-08-29T12:44:41.434-0400] {processor.py:640} INFO - Processing file /home/augenz/PycharmProjects/airflow/.env_airflow/lib/python3.9/site-packages/airflow/example_dags/tutorial.py for tasks to queue
[2022-08-29T12:44:41.435-0400] {logging_mixin.py:115} INFO - [2022-08-29T12:44:41.435-0400] {dagbag.py:508} INFO - Filling up the DagBag from /home/augenz/PycharmProjects/airflow/.env_airflow/lib/python3.9/site-packages/airflow/example_dags/tutorial.py
[2022-08-29T12:44:41.447-0400] {processor.py:650} INFO - DAG(s) dict_keys(['tutorial']) retrieved from /home/augenz/PycharmProjects/airflow/.env_airflow/lib/python3.9/site-packages/airflow/example_dags/tutorial.py
[2022-08-29T12:44:41.970-0400] {logging_mixin.py:115} INFO - [2022-08-29T12:44:41.969-0400] {dag.py:2429} INFO - Sync 1 DAGs
[2022-08-29T12:44:41.999-0400] {logging_mixin.py:115} INFO - [2022-08-29T12:44:41.999-0400] {dag.py:2977} INFO - Setting next_dagrun for tutorial to 2022-08-28T16:44:41.999035+00:00, run_after=2022-08-29T16:44:41.999035+00:00
[2022-08-29T12:44:42.035-0400] {processor.py:161} INFO - Processing /home/augenz/PycharmProjects/airflow/.env_airflow/lib/python3.9/site-packages/airflow/example_dags/tutorial.py took 0.613 seconds
[2022-08-29T12:45:12.281-0400] {processor.py:153} INFO - Started process (PID=1278) to work on /home/augenz/PycharmProjects/airflow/.env_airflow/lib/python3.9/site-packages/airflow/example_dags/tutorial.py
[2022-08-29T12:45:12.282-0400] {processor.py:640} INFO - Processing file /home/augenz/PycharmProjects/airflow/.env_airflow/lib/python3.9/site-packages/airflow/example_dags/tutorial.py for tasks to queue
[2022-08-29T12:45:12.283-0400] {logging_mixin.py:115} INFO - [2022-08-29T12:45:12.282-0400] {dagbag.py:508} INFO - Filling up the DagBag from /home/augenz/PycharmProjects/airflow/.env_airflow/lib/python3.9/site-packages/airflow/example_dags/tutorial.py
[2022-08-29T12:45:12.291-0400] {processor.py:650} INFO - DAG(s) dict_keys(['tutorial']) retrieved from /home/augenz/PycharmProjects/airflow/.env_airflow/lib/python3.9/site-packages/airflow/example_dags/tutorial.py
[2022-08-29T12:45:12.749-0400] {logging_mixin.py:115} INFO - [2022-08-29T12:45:12.748-0400] {dag.py:2429} INFO - Sync 1 DAGs
[2022-08-29T12:45:12.775-0400] {logging_mixin.py:115} INFO - [2022-08-29T12:45:12.775-0400] {dag.py:2977} INFO - Setting next_dagrun for tutorial to 2022-08-28T16:45:12.775348+00:00, run_after=2022-08-29T16:45:12.775348+00:00
[2022-08-29T12:45:12.822-0400] {processor.py:161} INFO - Processing /home/augenz/PycharmProjects/airflow/.env_airflow/lib/python3.9/site-packages/airflow/example_dags/tutorial.py took 0.548 seconds
[2022-08-29T12:45:43.242-0400] {processor.py:153} INFO - Started process (PID=1312) to work on /home/augenz/PycharmProjects/airflow/.env_airflow/lib/python3.9/site-packages/airflow/example_dags/tutorial.py
[2022-08-29T12:45:43.243-0400] {processor.py:640} INFO - Processing file /home/augenz/PycharmProjects/airflow/.env_airflow/lib/python3.9/site-packages/airflow/example_dags/tutorial.py for tasks to queue
[2022-08-29T12:45:43.244-0400] {logging_mixin.py:115} INFO - [2022-08-29T12:45:43.244-0400] {dagbag.py:508} INFO - Filling up the DagBag from /home/augenz/PycharmProjects/airflow/.env_airflow/lib/python3.9/site-packages/airflow/example_dags/tutorial.py
[2022-08-29T12:45:43.251-0400] {processor.py:650} INFO - DAG(s) dict_keys(['tutorial']) retrieved from /home/augenz/PycharmProjects/airflow/.env_airflow/lib/python3.9/site-packages/airflow/example_dags/tutorial.py
[2022-08-29T12:45:43.884-0400] {logging_mixin.py:115} INFO - [2022-08-29T12:45:43.884-0400] {dag.py:2429} INFO - Sync 1 DAGs
[2022-08-29T12:45:43.919-0400] {logging_mixin.py:115} INFO - [2022-08-29T12:45:43.919-0400] {dag.py:2977} INFO - Setting next_dagrun for tutorial to 2022-08-28T16:45:43.918933+00:00, run_after=2022-08-29T16:45:43.918933+00:00
[2022-08-29T12:45:43.968-0400] {processor.py:161} INFO - Processing /home/augenz/PycharmProjects/airflow/.env_airflow/lib/python3.9/site-packages/airflow/example_dags/tutorial.py took 0.731 seconds
[2022-08-29T12:46:14.005-0400] {processor.py:153} INFO - Started process (PID=1346) to work on /home/augenz/PycharmProjects/airflow/.env_airflow/lib/python3.9/site-packages/airflow/example_dags/tutorial.py
[2022-08-29T12:46:14.018-0400] {processor.py:640} INFO - Processing file /home/augenz/PycharmProjects/airflow/.env_airflow/lib/python3.9/site-packages/airflow/example_dags/tutorial.py for tasks to queue
[2022-08-29T12:46:14.019-0400] {logging_mixin.py:115} INFO - [2022-08-29T12:46:14.019-0400] {dagbag.py:508} INFO - Filling up the DagBag from /home/augenz/PycharmProjects/airflow/.env_airflow/lib/python3.9/site-packages/airflow/example_dags/tutorial.py
[2022-08-29T12:46:14.028-0400] {processor.py:650} INFO - DAG(s) dict_keys(['tutorial']) retrieved from /home/augenz/PycharmProjects/airflow/.env_airflow/lib/python3.9/site-packages/airflow/example_dags/tutorial.py
[2022-08-29T12:46:14.490-0400] {logging_mixin.py:115} INFO - [2022-08-29T12:46:14.490-0400] {dag.py:2429} INFO - Sync 1 DAGs
[2022-08-29T12:46:14.520-0400] {logging_mixin.py:115} INFO - [2022-08-29T12:46:14.520-0400] {dag.py:2977} INFO - Setting next_dagrun for tutorial to 2022-08-28T16:46:14.520452+00:00, run_after=2022-08-29T16:46:14.520452+00:00
[2022-08-29T12:46:14.556-0400] {processor.py:161} INFO - Processing /home/augenz/PycharmProjects/airflow/.env_airflow/lib/python3.9/site-packages/airflow/example_dags/tutorial.py took 0.555 seconds
[2022-08-29T12:46:45.384-0400] {processor.py:153} INFO - Started process (PID=1382) to work on /home/augenz/PycharmProjects/airflow/.env_airflow/lib/python3.9/site-packages/airflow/example_dags/tutorial.py
[2022-08-29T12:46:45.385-0400] {processor.py:640} INFO - Processing file /home/augenz/PycharmProjects/airflow/.env_airflow/lib/python3.9/site-packages/airflow/example_dags/tutorial.py for tasks to queue
[2022-08-29T12:46:45.386-0400] {logging_mixin.py:115} INFO - [2022-08-29T12:46:45.386-0400] {dagbag.py:508} INFO - Filling up the DagBag from /home/augenz/PycharmProjects/airflow/.env_airflow/lib/python3.9/site-packages/airflow/example_dags/tutorial.py
[2022-08-29T12:46:45.393-0400] {processor.py:650} INFO - DAG(s) dict_keys(['tutorial']) retrieved from /home/augenz/PycharmProjects/airflow/.env_airflow/lib/python3.9/site-packages/airflow/example_dags/tutorial.py
[2022-08-29T12:46:45.862-0400] {logging_mixin.py:115} INFO - [2022-08-29T12:46:45.861-0400] {dag.py:2429} INFO - Sync 1 DAGs
[2022-08-29T12:46:45.888-0400] {logging_mixin.py:115} INFO - [2022-08-29T12:46:45.888-0400] {dag.py:2977} INFO - Setting next_dagrun for tutorial to 2022-08-28T16:46:45.888129+00:00, run_after=2022-08-29T16:46:45.888129+00:00
[2022-08-29T12:46:45.929-0400] {processor.py:161} INFO - Processing /home/augenz/PycharmProjects/airflow/.env_airflow/lib/python3.9/site-packages/airflow/example_dags/tutorial.py took 0.550 seconds
[2022-08-29T12:47:16.391-0400] {processor.py:153} INFO - Started process (PID=1416) to work on /home/augenz/PycharmProjects/airflow/.env_airflow/lib/python3.9/site-packages/airflow/example_dags/tutorial.py
[2022-08-29T12:47:16.393-0400] {processor.py:640} INFO - Processing file /home/augenz/PycharmProjects/airflow/.env_airflow/lib/python3.9/site-packages/airflow/example_dags/tutorial.py for tasks to queue
[2022-08-29T12:47:16.394-0400] {logging_mixin.py:115} INFO - [2022-08-29T12:47:16.393-0400] {dagbag.py:508} INFO - Filling up the DagBag from /home/augenz/PycharmProjects/airflow/.env_airflow/lib/python3.9/site-packages/airflow/example_dags/tutorial.py
[2022-08-29T12:47:16.402-0400] {processor.py:650} INFO - DAG(s) dict_keys(['tutorial']) retrieved from /home/augenz/PycharmProjects/airflow/.env_airflow/lib/python3.9/site-packages/airflow/example_dags/tutorial.py
[2022-08-29T12:47:16.874-0400] {logging_mixin.py:115} INFO - [2022-08-29T12:47:16.873-0400] {dag.py:2429} INFO - Sync 1 DAGs
[2022-08-29T12:47:16.901-0400] {logging_mixin.py:115} INFO - [2022-08-29T12:47:16.901-0400] {dag.py:2977} INFO - Setting next_dagrun for tutorial to 2022-08-28T16:47:16.900904+00:00, run_after=2022-08-29T16:47:16.900904+00:00
[2022-08-29T12:47:16.933-0400] {processor.py:161} INFO - Processing /home/augenz/PycharmProjects/airflow/.env_airflow/lib/python3.9/site-packages/airflow/example_dags/tutorial.py took 0.546 seconds
[2022-08-29T12:47:47.336-0400] {processor.py:153} INFO - Started process (PID=1458) to work on /home/augenz/PycharmProjects/airflow/.env_airflow/lib/python3.9/site-packages/airflow/example_dags/tutorial.py
[2022-08-29T12:47:47.345-0400] {processor.py:640} INFO - Processing file /home/augenz/PycharmProjects/airflow/.env_airflow/lib/python3.9/site-packages/airflow/example_dags/tutorial.py for tasks to queue
[2022-08-29T12:47:47.346-0400] {logging_mixin.py:115} INFO - [2022-08-29T12:47:47.346-0400] {dagbag.py:508} INFO - Filling up the DagBag from /home/augenz/PycharmProjects/airflow/.env_airflow/lib/python3.9/site-packages/airflow/example_dags/tutorial.py
[2022-08-29T12:47:47.358-0400] {processor.py:650} INFO - DAG(s) dict_keys(['tutorial']) retrieved from /home/augenz/PycharmProjects/airflow/.env_airflow/lib/python3.9/site-packages/airflow/example_dags/tutorial.py
[2022-08-29T12:47:48.036-0400] {logging_mixin.py:115} INFO - [2022-08-29T12:47:48.035-0400] {dag.py:2429} INFO - Sync 1 DAGs
[2022-08-29T12:47:48.074-0400] {logging_mixin.py:115} INFO - [2022-08-29T12:47:48.073-0400] {dag.py:2977} INFO - Setting next_dagrun for tutorial to 2022-08-28T16:47:48.073509+00:00, run_after=2022-08-29T16:47:48.073509+00:00
[2022-08-29T12:47:48.147-0400] {processor.py:161} INFO - Processing /home/augenz/PycharmProjects/airflow/.env_airflow/lib/python3.9/site-packages/airflow/example_dags/tutorial.py took 0.816 seconds
[2022-08-29T12:48:18.219-0400] {processor.py:153} INFO - Started process (PID=1492) to work on /home/augenz/PycharmProjects/airflow/.env_airflow/lib/python3.9/site-packages/airflow/example_dags/tutorial.py
[2022-08-29T12:48:18.226-0400] {processor.py:640} INFO - Processing file /home/augenz/PycharmProjects/airflow/.env_airflow/lib/python3.9/site-packages/airflow/example_dags/tutorial.py for tasks to queue
[2022-08-29T12:48:18.227-0400] {logging_mixin.py:115} INFO - [2022-08-29T12:48:18.227-0400] {dagbag.py:508} INFO - Filling up the DagBag from /home/augenz/PycharmProjects/airflow/.env_airflow/lib/python3.9/site-packages/airflow/example_dags/tutorial.py
[2022-08-29T12:48:18.235-0400] {processor.py:650} INFO - DAG(s) dict_keys(['tutorial']) retrieved from /home/augenz/PycharmProjects/airflow/.env_airflow/lib/python3.9/site-packages/airflow/example_dags/tutorial.py
[2022-08-29T12:48:18.699-0400] {logging_mixin.py:115} INFO - [2022-08-29T12:48:18.699-0400] {dag.py:2429} INFO - Sync 1 DAGs
[2022-08-29T12:48:18.726-0400] {logging_mixin.py:115} INFO - [2022-08-29T12:48:18.726-0400] {dag.py:2977} INFO - Setting next_dagrun for tutorial to 2022-08-28T16:48:18.726037+00:00, run_after=2022-08-29T16:48:18.726037+00:00
[2022-08-29T12:48:18.760-0400] {processor.py:161} INFO - Processing /home/augenz/PycharmProjects/airflow/.env_airflow/lib/python3.9/site-packages/airflow/example_dags/tutorial.py took 0.547 seconds
[2022-08-29T12:48:49.335-0400] {processor.py:153} INFO - Started process (PID=1527) to work on /home/augenz/PycharmProjects/airflow/.env_airflow/lib/python3.9/site-packages/airflow/example_dags/tutorial.py
[2022-08-29T12:48:49.343-0400] {processor.py:640} INFO - Processing file /home/augenz/PycharmProjects/airflow/.env_airflow/lib/python3.9/site-packages/airflow/example_dags/tutorial.py for tasks to queue
[2022-08-29T12:48:49.344-0400] {logging_mixin.py:115} INFO - [2022-08-29T12:48:49.344-0400] {dagbag.py:508} INFO - Filling up the DagBag from /home/augenz/PycharmProjects/airflow/.env_airflow/lib/python3.9/site-packages/airflow/example_dags/tutorial.py
[2022-08-29T12:48:49.356-0400] {processor.py:650} INFO - DAG(s) dict_keys(['tutorial']) retrieved from /home/augenz/PycharmProjects/airflow/.env_airflow/lib/python3.9/site-packages/airflow/example_dags/tutorial.py
[2022-08-29T12:48:49.895-0400] {logging_mixin.py:115} INFO - [2022-08-29T12:48:49.894-0400] {dag.py:2429} INFO - Sync 1 DAGs
[2022-08-29T12:48:49.921-0400] {logging_mixin.py:115} INFO - [2022-08-29T12:48:49.921-0400] {dag.py:2977} INFO - Setting next_dagrun for tutorial to 2022-08-28T16:48:49.921257+00:00, run_after=2022-08-29T16:48:49.921257+00:00
[2022-08-29T12:48:49.982-0400] {processor.py:161} INFO - Processing /home/augenz/PycharmProjects/airflow/.env_airflow/lib/python3.9/site-packages/airflow/example_dags/tutorial.py took 0.652 seconds
[2022-08-29T12:49:20.290-0400] {processor.py:153} INFO - Started process (PID=1569) to work on /home/augenz/PycharmProjects/airflow/.env_airflow/lib/python3.9/site-packages/airflow/example_dags/tutorial.py
[2022-08-29T12:49:20.297-0400] {processor.py:640} INFO - Processing file /home/augenz/PycharmProjects/airflow/.env_airflow/lib/python3.9/site-packages/airflow/example_dags/tutorial.py for tasks to queue
[2022-08-29T12:49:20.298-0400] {logging_mixin.py:115} INFO - [2022-08-29T12:49:20.298-0400] {dagbag.py:508} INFO - Filling up the DagBag from /home/augenz/PycharmProjects/airflow/.env_airflow/lib/python3.9/site-packages/airflow/example_dags/tutorial.py
[2022-08-29T12:49:20.306-0400] {processor.py:650} INFO - DAG(s) dict_keys(['tutorial']) retrieved from /home/augenz/PycharmProjects/airflow/.env_airflow/lib/python3.9/site-packages/airflow/example_dags/tutorial.py
[2022-08-29T12:49:20.965-0400] {logging_mixin.py:115} INFO - [2022-08-29T12:49:20.964-0400] {dag.py:2429} INFO - Sync 1 DAGs
[2022-08-29T12:49:21.012-0400] {logging_mixin.py:115} INFO - [2022-08-29T12:49:21.009-0400] {dag.py:2977} INFO - Setting next_dagrun for tutorial to 2022-08-28T16:49:21.009302+00:00, run_after=2022-08-29T16:49:21.009302+00:00
[2022-08-29T12:49:21.064-0400] {processor.py:161} INFO - Processing /home/augenz/PycharmProjects/airflow/.env_airflow/lib/python3.9/site-packages/airflow/example_dags/tutorial.py took 0.780 seconds
[2022-08-29T12:49:51.160-0400] {processor.py:153} INFO - Started process (PID=1604) to work on /home/augenz/PycharmProjects/airflow/.env_airflow/lib/python3.9/site-packages/airflow/example_dags/tutorial.py
[2022-08-29T12:49:51.178-0400] {processor.py:640} INFO - Processing file /home/augenz/PycharmProjects/airflow/.env_airflow/lib/python3.9/site-packages/airflow/example_dags/tutorial.py for tasks to queue
[2022-08-29T12:49:51.180-0400] {logging_mixin.py:115} INFO - [2022-08-29T12:49:51.179-0400] {dagbag.py:508} INFO - Filling up the DagBag from /home/augenz/PycharmProjects/airflow/.env_airflow/lib/python3.9/site-packages/airflow/example_dags/tutorial.py
[2022-08-29T12:49:51.189-0400] {processor.py:650} INFO - DAG(s) dict_keys(['tutorial']) retrieved from /home/augenz/PycharmProjects/airflow/.env_airflow/lib/python3.9/site-packages/airflow/example_dags/tutorial.py
[2022-08-29T12:49:51.816-0400] {logging_mixin.py:115} INFO - [2022-08-29T12:49:51.816-0400] {dag.py:2429} INFO - Sync 1 DAGs
[2022-08-29T12:49:51.842-0400] {logging_mixin.py:115} INFO - [2022-08-29T12:49:51.842-0400] {dag.py:2977} INFO - Setting next_dagrun for tutorial to 2022-08-28T16:49:51.842283+00:00, run_after=2022-08-29T16:49:51.842283+00:00
[2022-08-29T12:49:51.884-0400] {processor.py:161} INFO - Processing /home/augenz/PycharmProjects/airflow/.env_airflow/lib/python3.9/site-packages/airflow/example_dags/tutorial.py took 0.729 seconds
[2022-08-29T12:50:22.798-0400] {processor.py:153} INFO - Started process (PID=1644) to work on /home/augenz/PycharmProjects/airflow/.env_airflow/lib/python3.9/site-packages/airflow/example_dags/tutorial.py
[2022-08-29T12:50:22.806-0400] {processor.py:640} INFO - Processing file /home/augenz/PycharmProjects/airflow/.env_airflow/lib/python3.9/site-packages/airflow/example_dags/tutorial.py for tasks to queue
[2022-08-29T12:50:22.808-0400] {logging_mixin.py:115} INFO - [2022-08-29T12:50:22.808-0400] {dagbag.py:508} INFO - Filling up the DagBag from /home/augenz/PycharmProjects/airflow/.env_airflow/lib/python3.9/site-packages/airflow/example_dags/tutorial.py
[2022-08-29T12:50:22.818-0400] {processor.py:650} INFO - DAG(s) dict_keys(['tutorial']) retrieved from /home/augenz/PycharmProjects/airflow/.env_airflow/lib/python3.9/site-packages/airflow/example_dags/tutorial.py
[2022-08-29T12:50:23.575-0400] {logging_mixin.py:115} INFO - [2022-08-29T12:50:23.574-0400] {dag.py:2429} INFO - Sync 1 DAGs
[2022-08-29T12:50:23.634-0400] {logging_mixin.py:115} INFO - [2022-08-29T12:50:23.634-0400] {dag.py:2977} INFO - Setting next_dagrun for tutorial to 2022-08-28T16:50:23.633757+00:00, run_after=2022-08-29T16:50:23.633757+00:00
[2022-08-29T12:50:23.681-0400] {processor.py:161} INFO - Processing /home/augenz/PycharmProjects/airflow/.env_airflow/lib/python3.9/site-packages/airflow/example_dags/tutorial.py took 0.888 seconds
[2022-08-29T12:50:54.234-0400] {processor.py:153} INFO - Started process (PID=1678) to work on /home/augenz/PycharmProjects/airflow/.env_airflow/lib/python3.9/site-packages/airflow/example_dags/tutorial.py
[2022-08-29T12:50:54.237-0400] {processor.py:640} INFO - Processing file /home/augenz/PycharmProjects/airflow/.env_airflow/lib/python3.9/site-packages/airflow/example_dags/tutorial.py for tasks to queue
[2022-08-29T12:50:54.239-0400] {logging_mixin.py:115} INFO - [2022-08-29T12:50:54.238-0400] {dagbag.py:508} INFO - Filling up the DagBag from /home/augenz/PycharmProjects/airflow/.env_airflow/lib/python3.9/site-packages/airflow/example_dags/tutorial.py
[2022-08-29T12:50:54.249-0400] {processor.py:650} INFO - DAG(s) dict_keys(['tutorial']) retrieved from /home/augenz/PycharmProjects/airflow/.env_airflow/lib/python3.9/site-packages/airflow/example_dags/tutorial.py
[2022-08-29T12:50:54.767-0400] {logging_mixin.py:115} INFO - [2022-08-29T12:50:54.767-0400] {dag.py:2429} INFO - Sync 1 DAGs
[2022-08-29T12:50:54.799-0400] {logging_mixin.py:115} INFO - [2022-08-29T12:50:54.798-0400] {dag.py:2977} INFO - Setting next_dagrun for tutorial to 2022-08-28T16:50:54.798538+00:00, run_after=2022-08-29T16:50:54.798538+00:00
[2022-08-29T12:50:54.844-0400] {processor.py:161} INFO - Processing /home/augenz/PycharmProjects/airflow/.env_airflow/lib/python3.9/site-packages/airflow/example_dags/tutorial.py took 0.615 seconds
[2022-08-29T12:51:24.964-0400] {processor.py:153} INFO - Started process (PID=1715) to work on /home/augenz/PycharmProjects/airflow/.env_airflow/lib/python3.9/site-packages/airflow/example_dags/tutorial.py
[2022-08-29T12:51:24.973-0400] {processor.py:640} INFO - Processing file /home/augenz/PycharmProjects/airflow/.env_airflow/lib/python3.9/site-packages/airflow/example_dags/tutorial.py for tasks to queue
[2022-08-29T12:51:24.974-0400] {logging_mixin.py:115} INFO - [2022-08-29T12:51:24.974-0400] {dagbag.py:508} INFO - Filling up the DagBag from /home/augenz/PycharmProjects/airflow/.env_airflow/lib/python3.9/site-packages/airflow/example_dags/tutorial.py
[2022-08-29T12:51:24.986-0400] {processor.py:650} INFO - DAG(s) dict_keys(['tutorial']) retrieved from /home/augenz/PycharmProjects/airflow/.env_airflow/lib/python3.9/site-packages/airflow/example_dags/tutorial.py
[2022-08-29T12:51:25.562-0400] {logging_mixin.py:115} INFO - [2022-08-29T12:51:25.562-0400] {dag.py:2429} INFO - Sync 1 DAGs
[2022-08-29T12:51:25.589-0400] {logging_mixin.py:115} INFO - [2022-08-29T12:51:25.589-0400] {dag.py:2977} INFO - Setting next_dagrun for tutorial to 2022-08-28T16:51:25.589064+00:00, run_after=2022-08-29T16:51:25.589064+00:00
[2022-08-29T12:51:25.651-0400] {processor.py:161} INFO - Processing /home/augenz/PycharmProjects/airflow/.env_airflow/lib/python3.9/site-packages/airflow/example_dags/tutorial.py took 0.695 seconds
[2022-08-29T12:51:56.088-0400] {processor.py:153} INFO - Started process (PID=1750) to work on /home/augenz/PycharmProjects/airflow/.env_airflow/lib/python3.9/site-packages/airflow/example_dags/tutorial.py
[2022-08-29T12:51:56.100-0400] {processor.py:640} INFO - Processing file /home/augenz/PycharmProjects/airflow/.env_airflow/lib/python3.9/site-packages/airflow/example_dags/tutorial.py for tasks to queue
[2022-08-29T12:51:56.101-0400] {logging_mixin.py:115} INFO - [2022-08-29T12:51:56.101-0400] {dagbag.py:508} INFO - Filling up the DagBag from /home/augenz/PycharmProjects/airflow/.env_airflow/lib/python3.9/site-packages/airflow/example_dags/tutorial.py
[2022-08-29T12:51:56.113-0400] {processor.py:650} INFO - DAG(s) dict_keys(['tutorial']) retrieved from /home/augenz/PycharmProjects/airflow/.env_airflow/lib/python3.9/site-packages/airflow/example_dags/tutorial.py
[2022-08-29T12:51:56.576-0400] {logging_mixin.py:115} INFO - [2022-08-29T12:51:56.576-0400] {dag.py:2429} INFO - Sync 1 DAGs
[2022-08-29T12:51:56.603-0400] {logging_mixin.py:115} INFO - [2022-08-29T12:51:56.603-0400] {dag.py:2977} INFO - Setting next_dagrun for tutorial to 2022-08-28T16:51:56.602961+00:00, run_after=2022-08-29T16:51:56.602961+00:00
[2022-08-29T12:51:56.647-0400] {processor.py:161} INFO - Processing /home/augenz/PycharmProjects/airflow/.env_airflow/lib/python3.9/site-packages/airflow/example_dags/tutorial.py took 0.564 seconds
[2022-08-29T12:52:27.091-0400] {processor.py:153} INFO - Started process (PID=1784) to work on /home/augenz/PycharmProjects/airflow/.env_airflow/lib/python3.9/site-packages/airflow/example_dags/tutorial.py
[2022-08-29T12:52:27.093-0400] {processor.py:640} INFO - Processing file /home/augenz/PycharmProjects/airflow/.env_airflow/lib/python3.9/site-packages/airflow/example_dags/tutorial.py for tasks to queue
[2022-08-29T12:52:27.094-0400] {logging_mixin.py:115} INFO - [2022-08-29T12:52:27.093-0400] {dagbag.py:508} INFO - Filling up the DagBag from /home/augenz/PycharmProjects/airflow/.env_airflow/lib/python3.9/site-packages/airflow/example_dags/tutorial.py
[2022-08-29T12:52:27.105-0400] {processor.py:650} INFO - DAG(s) dict_keys(['tutorial']) retrieved from /home/augenz/PycharmProjects/airflow/.env_airflow/lib/python3.9/site-packages/airflow/example_dags/tutorial.py
[2022-08-29T12:52:27.606-0400] {logging_mixin.py:115} INFO - [2022-08-29T12:52:27.606-0400] {dag.py:2429} INFO - Sync 1 DAGs
[2022-08-29T12:52:27.634-0400] {logging_mixin.py:115} INFO - [2022-08-29T12:52:27.633-0400] {dag.py:2977} INFO - Setting next_dagrun for tutorial to 2022-08-28T16:52:27.633689+00:00, run_after=2022-08-29T16:52:27.633689+00:00
[2022-08-29T12:52:27.668-0400] {processor.py:161} INFO - Processing /home/augenz/PycharmProjects/airflow/.env_airflow/lib/python3.9/site-packages/airflow/example_dags/tutorial.py took 0.583 seconds
[2022-08-29T12:52:57.751-0400] {processor.py:153} INFO - Started process (PID=1818) to work on /home/augenz/PycharmProjects/airflow/.env_airflow/lib/python3.9/site-packages/airflow/example_dags/tutorial.py
[2022-08-29T12:52:57.752-0400] {processor.py:640} INFO - Processing file /home/augenz/PycharmProjects/airflow/.env_airflow/lib/python3.9/site-packages/airflow/example_dags/tutorial.py for tasks to queue
[2022-08-29T12:52:57.753-0400] {logging_mixin.py:115} INFO - [2022-08-29T12:52:57.753-0400] {dagbag.py:508} INFO - Filling up the DagBag from /home/augenz/PycharmProjects/airflow/.env_airflow/lib/python3.9/site-packages/airflow/example_dags/tutorial.py
[2022-08-29T12:52:57.761-0400] {processor.py:650} INFO - DAG(s) dict_keys(['tutorial']) retrieved from /home/augenz/PycharmProjects/airflow/.env_airflow/lib/python3.9/site-packages/airflow/example_dags/tutorial.py
[2022-08-29T12:52:58.223-0400] {logging_mixin.py:115} INFO - [2022-08-29T12:52:58.222-0400] {dag.py:2429} INFO - Sync 1 DAGs
[2022-08-29T12:52:58.251-0400] {logging_mixin.py:115} INFO - [2022-08-29T12:52:58.251-0400] {dag.py:2977} INFO - Setting next_dagrun for tutorial to 2022-08-28T16:52:58.250783+00:00, run_after=2022-08-29T16:52:58.250783+00:00
[2022-08-29T12:52:58.299-0400] {processor.py:161} INFO - Processing /home/augenz/PycharmProjects/airflow/.env_airflow/lib/python3.9/site-packages/airflow/example_dags/tutorial.py took 0.553 seconds
[2022-08-29T12:53:28.915-0400] {processor.py:153} INFO - Started process (PID=1855) to work on /home/augenz/PycharmProjects/airflow/.env_airflow/lib/python3.9/site-packages/airflow/example_dags/tutorial.py
[2022-08-29T12:53:28.916-0400] {processor.py:640} INFO - Processing file /home/augenz/PycharmProjects/airflow/.env_airflow/lib/python3.9/site-packages/airflow/example_dags/tutorial.py for tasks to queue
[2022-08-29T12:53:28.917-0400] {logging_mixin.py:115} INFO - [2022-08-29T12:53:28.916-0400] {dagbag.py:508} INFO - Filling up the DagBag from /home/augenz/PycharmProjects/airflow/.env_airflow/lib/python3.9/site-packages/airflow/example_dags/tutorial.py
[2022-08-29T12:53:28.924-0400] {processor.py:650} INFO - DAG(s) dict_keys(['tutorial']) retrieved from /home/augenz/PycharmProjects/airflow/.env_airflow/lib/python3.9/site-packages/airflow/example_dags/tutorial.py
[2022-08-29T12:53:29.377-0400] {logging_mixin.py:115} INFO - [2022-08-29T12:53:29.377-0400] {dag.py:2429} INFO - Sync 1 DAGs
[2022-08-29T12:53:29.404-0400] {logging_mixin.py:115} INFO - [2022-08-29T12:53:29.404-0400] {dag.py:2977} INFO - Setting next_dagrun for tutorial to 2022-08-28T16:53:29.403991+00:00, run_after=2022-08-29T16:53:29.403991+00:00
[2022-08-29T12:53:29.471-0400] {processor.py:161} INFO - Processing /home/augenz/PycharmProjects/airflow/.env_airflow/lib/python3.9/site-packages/airflow/example_dags/tutorial.py took 0.562 seconds
[2022-08-29T12:53:59.516-0400] {processor.py:153} INFO - Started process (PID=1896) to work on /home/augenz/PycharmProjects/airflow/.env_airflow/lib/python3.9/site-packages/airflow/example_dags/tutorial.py
[2022-08-29T12:53:59.535-0400] {processor.py:640} INFO - Processing file /home/augenz/PycharmProjects/airflow/.env_airflow/lib/python3.9/site-packages/airflow/example_dags/tutorial.py for tasks to queue
[2022-08-29T12:53:59.536-0400] {logging_mixin.py:115} INFO - [2022-08-29T12:53:59.536-0400] {dagbag.py:508} INFO - Filling up the DagBag from /home/augenz/PycharmProjects/airflow/.env_airflow/lib/python3.9/site-packages/airflow/example_dags/tutorial.py
[2022-08-29T12:53:59.543-0400] {processor.py:650} INFO - DAG(s) dict_keys(['tutorial']) retrieved from /home/augenz/PycharmProjects/airflow/.env_airflow/lib/python3.9/site-packages/airflow/example_dags/tutorial.py
[2022-08-29T12:54:00.281-0400] {logging_mixin.py:115} INFO - [2022-08-29T12:54:00.280-0400] {dag.py:2429} INFO - Sync 1 DAGs
[2022-08-29T12:54:00.332-0400] {logging_mixin.py:115} INFO - [2022-08-29T12:54:00.331-0400] {dag.py:2977} INFO - Setting next_dagrun for tutorial to 2022-08-28T16:54:00.331181+00:00, run_after=2022-08-29T16:54:00.331181+00:00
[2022-08-29T12:54:00.383-0400] {processor.py:161} INFO - Processing /home/augenz/PycharmProjects/airflow/.env_airflow/lib/python3.9/site-packages/airflow/example_dags/tutorial.py took 0.872 seconds
