[2022-08-29T17:38:41.771-0400] {taskinstance.py:1171} INFO - Dependencies all met for <TaskInstance: dag_with_python_operator_v05.greet manual__2022-08-29T21:38:35.139128+00:00 [queued]>
[2022-08-29T17:38:41.786-0400] {taskinstance.py:1171} INFO - Dependencies all met for <TaskInstance: dag_with_python_operator_v05.greet manual__2022-08-29T21:38:35.139128+00:00 [queued]>
[2022-08-29T17:38:41.786-0400] {taskinstance.py:1368} INFO - 
--------------------------------------------------------------------------------
[2022-08-29T17:38:41.786-0400] {taskinstance.py:1369} INFO - Starting attempt 1 of 6
[2022-08-29T17:38:41.786-0400] {taskinstance.py:1370} INFO - 
--------------------------------------------------------------------------------
[2022-08-29T17:38:41.820-0400] {taskinstance.py:1389} INFO - Executing <Task(PythonOperator): greet> on 2022-08-29 21:38:35.139128+00:00
[2022-08-29T17:38:41.822-0400] {standard_task_runner.py:52} INFO - Started process 6922 to run task
[2022-08-29T17:38:41.827-0400] {standard_task_runner.py:79} INFO - Running: ['airflow', 'tasks', 'run', 'dag_with_python_operator_v05', 'greet', 'manual__2022-08-29T21:38:35.139128+00:00', '--job-id', '12', '--raw', '--subdir', '/home/augenz/PycharmProjects/airflow/dags/dag_with_python_operator_v05.py', '--cfg-path', '/run/user/1000/app/com.jetbrains.PyCharm-Community/tmpn2734086', '--error-file', '/run/user/1000/app/com.jetbrains.PyCharm-Community/tmp1pg0nk82']
[2022-08-29T17:38:41.828-0400] {standard_task_runner.py:80} INFO - Job 12: Subtask greet
[2022-08-29T17:38:41.984-0400] {task_command.py:371} INFO - Running <TaskInstance: dag_with_python_operator_v05.greet manual__2022-08-29T21:38:35.139128+00:00 [running]> on host pop-os.localdomain
[2022-08-29T17:38:42.182-0400] {taskinstance.py:1581} INFO - Exporting the following env vars:
AIRFLOW_CTX_DAG_OWNER=admin
AIRFLOW_CTX_DAG_ID=dag_with_python_operator_v05
AIRFLOW_CTX_TASK_ID=greet
AIRFLOW_CTX_EXECUTION_DATE=2022-08-29T21:38:35.139128+00:00
AIRFLOW_CTX_TRY_NUMBER=1
AIRFLOW_CTX_DAG_RUN_ID=manual__2022-08-29T21:38:35.139128+00:00
[2022-08-29T17:38:42.235-0400] {logging_mixin.py:115} INFO - Hello World! my name is AugustEnzo and my age is 21.
[2022-08-29T17:38:42.235-0400] {python.py:173} INFO - Done. Returned value was: None
[2022-08-29T17:38:42.269-0400] {taskinstance.py:1407} INFO - Marking task as SUCCESS. dag_id=dag_with_python_operator_v05, task_id=greet, execution_date=20220829T213835, start_date=20220829T213841, end_date=20220829T213842
[2022-08-29T17:38:42.362-0400] {local_task_job.py:156} INFO - Task exited with return code 0
[2022-08-29T17:38:42.469-0400] {local_task_job.py:279} INFO - 0 downstream tasks scheduled from follow-on schedule check
[2022-08-29T17:38:42.541-0400] {dagrun.py:567} INFO - Marking run <DagRun dag_with_python_operator_v05 @ 2022-08-29 21:38:35.139128+00:00: manual__2022-08-29T21:38:35.139128+00:00, state:running, queued_at: 2022-08-29 21:38:35.194075+00:00. externally triggered: True> successful
[2022-08-29T17:38:42.543-0400] {dagrun.py:612} INFO - DagRun Finished: dag_id=dag_with_python_operator_v05, execution_date=2022-08-29 21:38:35.139128+00:00, run_id=manual__2022-08-29T21:38:35.139128+00:00, run_start_date=2022-08-29 21:38:35.368279+00:00, run_end_date=2022-08-29 21:38:42.543306+00:00, run_duration=7.175027, state=success, external_trigger=True, run_type=manual, data_interval_start=2022-08-28 00:00:00+00:00, data_interval_end=2022-08-29 00:00:00+00:00, dag_hash=eacc13c201bd55f996357818586bfb12
