[2022-08-29T12:33:13.482-0400] {processor.py:153} INFO - Started process (PID=367) to work on /home/augenz/PycharmProjects/airflow/.env_airflow/lib/python3.9/site-packages/airflow/example_dags/subdags/subdag.py
[2022-08-29T12:33:13.483-0400] {processor.py:640} INFO - Processing file /home/augenz/PycharmProjects/airflow/.env_airflow/lib/python3.9/site-packages/airflow/example_dags/subdags/subdag.py for tasks to queue
[2022-08-29T12:33:13.484-0400] {logging_mixin.py:115} INFO - [2022-08-29T12:33:13.484-0400] {dagbag.py:508} INFO - Filling up the DagBag from /home/augenz/PycharmProjects/airflow/.env_airflow/lib/python3.9/site-packages/airflow/example_dags/subdags/subdag.py
[2022-08-29T12:33:13.487-0400] {processor.py:652} WARNING - No viable dags retrieved from /home/augenz/PycharmProjects/airflow/.env_airflow/lib/python3.9/site-packages/airflow/example_dags/subdags/subdag.py
[2022-08-29T12:33:13.523-0400] {processor.py:161} INFO - Processing /home/augenz/PycharmProjects/airflow/.env_airflow/lib/python3.9/site-packages/airflow/example_dags/subdags/subdag.py took 0.046 seconds
[2022-08-29T12:33:43.953-0400] {processor.py:153} INFO - Started process (PID=407) to work on /home/augenz/PycharmProjects/airflow/.env_airflow/lib/python3.9/site-packages/airflow/example_dags/subdags/subdag.py
[2022-08-29T12:33:43.955-0400] {processor.py:640} INFO - Processing file /home/augenz/PycharmProjects/airflow/.env_airflow/lib/python3.9/site-packages/airflow/example_dags/subdags/subdag.py for tasks to queue
[2022-08-29T12:33:43.956-0400] {logging_mixin.py:115} INFO - [2022-08-29T12:33:43.956-0400] {dagbag.py:508} INFO - Filling up the DagBag from /home/augenz/PycharmProjects/airflow/.env_airflow/lib/python3.9/site-packages/airflow/example_dags/subdags/subdag.py
[2022-08-29T12:33:43.958-0400] {processor.py:652} WARNING - No viable dags retrieved from /home/augenz/PycharmProjects/airflow/.env_airflow/lib/python3.9/site-packages/airflow/example_dags/subdags/subdag.py
[2022-08-29T12:33:43.992-0400] {processor.py:161} INFO - Processing /home/augenz/PycharmProjects/airflow/.env_airflow/lib/python3.9/site-packages/airflow/example_dags/subdags/subdag.py took 0.044 seconds
[2022-08-29T12:34:14.203-0400] {processor.py:153} INFO - Started process (PID=442) to work on /home/augenz/PycharmProjects/airflow/.env_airflow/lib/python3.9/site-packages/airflow/example_dags/subdags/subdag.py
[2022-08-29T12:34:14.206-0400] {processor.py:640} INFO - Processing file /home/augenz/PycharmProjects/airflow/.env_airflow/lib/python3.9/site-packages/airflow/example_dags/subdags/subdag.py for tasks to queue
[2022-08-29T12:34:14.208-0400] {logging_mixin.py:115} INFO - [2022-08-29T12:34:14.207-0400] {dagbag.py:508} INFO - Filling up the DagBag from /home/augenz/PycharmProjects/airflow/.env_airflow/lib/python3.9/site-packages/airflow/example_dags/subdags/subdag.py
[2022-08-29T12:34:14.210-0400] {processor.py:652} WARNING - No viable dags retrieved from /home/augenz/PycharmProjects/airflow/.env_airflow/lib/python3.9/site-packages/airflow/example_dags/subdags/subdag.py
[2022-08-29T12:34:14.258-0400] {processor.py:161} INFO - Processing /home/augenz/PycharmProjects/airflow/.env_airflow/lib/python3.9/site-packages/airflow/example_dags/subdags/subdag.py took 0.061 seconds
[2022-08-29T12:34:44.961-0400] {processor.py:153} INFO - Started process (PID=477) to work on /home/augenz/PycharmProjects/airflow/.env_airflow/lib/python3.9/site-packages/airflow/example_dags/subdags/subdag.py
[2022-08-29T12:34:44.964-0400] {processor.py:640} INFO - Processing file /home/augenz/PycharmProjects/airflow/.env_airflow/lib/python3.9/site-packages/airflow/example_dags/subdags/subdag.py for tasks to queue
[2022-08-29T12:34:44.965-0400] {logging_mixin.py:115} INFO - [2022-08-29T12:34:44.965-0400] {dagbag.py:508} INFO - Filling up the DagBag from /home/augenz/PycharmProjects/airflow/.env_airflow/lib/python3.9/site-packages/airflow/example_dags/subdags/subdag.py
[2022-08-29T12:34:44.967-0400] {processor.py:652} WARNING - No viable dags retrieved from /home/augenz/PycharmProjects/airflow/.env_airflow/lib/python3.9/site-packages/airflow/example_dags/subdags/subdag.py
[2022-08-29T12:34:45.000-0400] {processor.py:161} INFO - Processing /home/augenz/PycharmProjects/airflow/.env_airflow/lib/python3.9/site-packages/airflow/example_dags/subdags/subdag.py took 0.047 seconds
[2022-08-29T12:35:15.894-0400] {processor.py:153} INFO - Started process (PID=532) to work on /home/augenz/PycharmProjects/airflow/.env_airflow/lib/python3.9/site-packages/airflow/example_dags/subdags/subdag.py
[2022-08-29T12:35:15.906-0400] {processor.py:640} INFO - Processing file /home/augenz/PycharmProjects/airflow/.env_airflow/lib/python3.9/site-packages/airflow/example_dags/subdags/subdag.py for tasks to queue
[2022-08-29T12:35:15.907-0400] {logging_mixin.py:115} INFO - [2022-08-29T12:35:15.907-0400] {dagbag.py:508} INFO - Filling up the DagBag from /home/augenz/PycharmProjects/airflow/.env_airflow/lib/python3.9/site-packages/airflow/example_dags/subdags/subdag.py
[2022-08-29T12:35:15.909-0400] {processor.py:652} WARNING - No viable dags retrieved from /home/augenz/PycharmProjects/airflow/.env_airflow/lib/python3.9/site-packages/airflow/example_dags/subdags/subdag.py
[2022-08-29T12:35:15.941-0400] {processor.py:161} INFO - Processing /home/augenz/PycharmProjects/airflow/.env_airflow/lib/python3.9/site-packages/airflow/example_dags/subdags/subdag.py took 0.052 seconds
[2022-08-29T12:35:46.083-0400] {processor.py:153} INFO - Started process (PID=577) to work on /home/augenz/PycharmProjects/airflow/.env_airflow/lib/python3.9/site-packages/airflow/example_dags/subdags/subdag.py
[2022-08-29T12:35:46.085-0400] {processor.py:640} INFO - Processing file /home/augenz/PycharmProjects/airflow/.env_airflow/lib/python3.9/site-packages/airflow/example_dags/subdags/subdag.py for tasks to queue
[2022-08-29T12:35:46.086-0400] {logging_mixin.py:115} INFO - [2022-08-29T12:35:46.086-0400] {dagbag.py:508} INFO - Filling up the DagBag from /home/augenz/PycharmProjects/airflow/.env_airflow/lib/python3.9/site-packages/airflow/example_dags/subdags/subdag.py
[2022-08-29T12:35:46.089-0400] {processor.py:652} WARNING - No viable dags retrieved from /home/augenz/PycharmProjects/airflow/.env_airflow/lib/python3.9/site-packages/airflow/example_dags/subdags/subdag.py
[2022-08-29T12:35:46.122-0400] {processor.py:161} INFO - Processing /home/augenz/PycharmProjects/airflow/.env_airflow/lib/python3.9/site-packages/airflow/example_dags/subdags/subdag.py took 0.046 seconds
[2022-08-29T12:36:16.662-0400] {processor.py:153} INFO - Started process (PID=611) to work on /home/augenz/PycharmProjects/airflow/.env_airflow/lib/python3.9/site-packages/airflow/example_dags/subdags/subdag.py
[2022-08-29T12:36:16.677-0400] {processor.py:640} INFO - Processing file /home/augenz/PycharmProjects/airflow/.env_airflow/lib/python3.9/site-packages/airflow/example_dags/subdags/subdag.py for tasks to queue
[2022-08-29T12:36:16.679-0400] {logging_mixin.py:115} INFO - [2022-08-29T12:36:16.678-0400] {dagbag.py:508} INFO - Filling up the DagBag from /home/augenz/PycharmProjects/airflow/.env_airflow/lib/python3.9/site-packages/airflow/example_dags/subdags/subdag.py
[2022-08-29T12:36:16.681-0400] {processor.py:652} WARNING - No viable dags retrieved from /home/augenz/PycharmProjects/airflow/.env_airflow/lib/python3.9/site-packages/airflow/example_dags/subdags/subdag.py
[2022-08-29T12:36:16.723-0400] {processor.py:161} INFO - Processing /home/augenz/PycharmProjects/airflow/.env_airflow/lib/python3.9/site-packages/airflow/example_dags/subdags/subdag.py took 0.068 seconds
[2022-08-29T12:36:47.023-0400] {processor.py:153} INFO - Started process (PID=647) to work on /home/augenz/PycharmProjects/airflow/.env_airflow/lib/python3.9/site-packages/airflow/example_dags/subdags/subdag.py
[2022-08-29T12:36:47.037-0400] {processor.py:640} INFO - Processing file /home/augenz/PycharmProjects/airflow/.env_airflow/lib/python3.9/site-packages/airflow/example_dags/subdags/subdag.py for tasks to queue
[2022-08-29T12:36:47.039-0400] {logging_mixin.py:115} INFO - [2022-08-29T12:36:47.039-0400] {dagbag.py:508} INFO - Filling up the DagBag from /home/augenz/PycharmProjects/airflow/.env_airflow/lib/python3.9/site-packages/airflow/example_dags/subdags/subdag.py
[2022-08-29T12:36:47.042-0400] {processor.py:652} WARNING - No viable dags retrieved from /home/augenz/PycharmProjects/airflow/.env_airflow/lib/python3.9/site-packages/airflow/example_dags/subdags/subdag.py
[2022-08-29T12:36:47.079-0400] {processor.py:161} INFO - Processing /home/augenz/PycharmProjects/airflow/.env_airflow/lib/python3.9/site-packages/airflow/example_dags/subdags/subdag.py took 0.064 seconds
[2022-08-29T12:37:17.644-0400] {processor.py:153} INFO - Started process (PID=702) to work on /home/augenz/PycharmProjects/airflow/.env_airflow/lib/python3.9/site-packages/airflow/example_dags/subdags/subdag.py
[2022-08-29T12:37:17.659-0400] {processor.py:640} INFO - Processing file /home/augenz/PycharmProjects/airflow/.env_airflow/lib/python3.9/site-packages/airflow/example_dags/subdags/subdag.py for tasks to queue
[2022-08-29T12:37:17.671-0400] {logging_mixin.py:115} INFO - [2022-08-29T12:37:17.670-0400] {dagbag.py:508} INFO - Filling up the DagBag from /home/augenz/PycharmProjects/airflow/.env_airflow/lib/python3.9/site-packages/airflow/example_dags/subdags/subdag.py
[2022-08-29T12:37:17.690-0400] {processor.py:652} WARNING - No viable dags retrieved from /home/augenz/PycharmProjects/airflow/.env_airflow/lib/python3.9/site-packages/airflow/example_dags/subdags/subdag.py
[2022-08-29T12:37:17.809-0400] {processor.py:161} INFO - Processing /home/augenz/PycharmProjects/airflow/.env_airflow/lib/python3.9/site-packages/airflow/example_dags/subdags/subdag.py took 0.184 seconds
[2022-08-29T12:37:53.160-0400] {processor.py:153} INFO - Started process (PID=743) to work on /home/augenz/PycharmProjects/airflow/.env_airflow/lib/python3.9/site-packages/airflow/example_dags/subdags/subdag.py
[2022-08-29T12:37:53.162-0400] {processor.py:640} INFO - Processing file /home/augenz/PycharmProjects/airflow/.env_airflow/lib/python3.9/site-packages/airflow/example_dags/subdags/subdag.py for tasks to queue
[2022-08-29T12:37:53.168-0400] {logging_mixin.py:115} INFO - [2022-08-29T12:37:53.163-0400] {dagbag.py:508} INFO - Filling up the DagBag from /home/augenz/PycharmProjects/airflow/.env_airflow/lib/python3.9/site-packages/airflow/example_dags/subdags/subdag.py
[2022-08-29T12:37:53.171-0400] {processor.py:652} WARNING - No viable dags retrieved from /home/augenz/PycharmProjects/airflow/.env_airflow/lib/python3.9/site-packages/airflow/example_dags/subdags/subdag.py
[2022-08-29T12:37:53.310-0400] {processor.py:161} INFO - Processing /home/augenz/PycharmProjects/airflow/.env_airflow/lib/python3.9/site-packages/airflow/example_dags/subdags/subdag.py took 0.157 seconds
[2022-08-29T12:38:23.430-0400] {processor.py:153} INFO - Started process (PID=797) to work on /home/augenz/PycharmProjects/airflow/.env_airflow/lib/python3.9/site-packages/airflow/example_dags/subdags/subdag.py
[2022-08-29T12:38:23.431-0400] {processor.py:640} INFO - Processing file /home/augenz/PycharmProjects/airflow/.env_airflow/lib/python3.9/site-packages/airflow/example_dags/subdags/subdag.py for tasks to queue
[2022-08-29T12:38:23.434-0400] {logging_mixin.py:115} INFO - [2022-08-29T12:38:23.433-0400] {dagbag.py:508} INFO - Filling up the DagBag from /home/augenz/PycharmProjects/airflow/.env_airflow/lib/python3.9/site-packages/airflow/example_dags/subdags/subdag.py
[2022-08-29T12:38:23.438-0400] {processor.py:652} WARNING - No viable dags retrieved from /home/augenz/PycharmProjects/airflow/.env_airflow/lib/python3.9/site-packages/airflow/example_dags/subdags/subdag.py
[2022-08-29T12:38:23.507-0400] {processor.py:161} INFO - Processing /home/augenz/PycharmProjects/airflow/.env_airflow/lib/python3.9/site-packages/airflow/example_dags/subdags/subdag.py took 0.089 seconds
[2022-08-29T12:38:53.569-0400] {processor.py:153} INFO - Started process (PID=832) to work on /home/augenz/PycharmProjects/airflow/.env_airflow/lib/python3.9/site-packages/airflow/example_dags/subdags/subdag.py
[2022-08-29T12:38:53.570-0400] {processor.py:640} INFO - Processing file /home/augenz/PycharmProjects/airflow/.env_airflow/lib/python3.9/site-packages/airflow/example_dags/subdags/subdag.py for tasks to queue
[2022-08-29T12:38:53.571-0400] {logging_mixin.py:115} INFO - [2022-08-29T12:38:53.571-0400] {dagbag.py:508} INFO - Filling up the DagBag from /home/augenz/PycharmProjects/airflow/.env_airflow/lib/python3.9/site-packages/airflow/example_dags/subdags/subdag.py
[2022-08-29T12:38:53.573-0400] {processor.py:652} WARNING - No viable dags retrieved from /home/augenz/PycharmProjects/airflow/.env_airflow/lib/python3.9/site-packages/airflow/example_dags/subdags/subdag.py
[2022-08-29T12:38:53.603-0400] {processor.py:161} INFO - Processing /home/augenz/PycharmProjects/airflow/.env_airflow/lib/python3.9/site-packages/airflow/example_dags/subdags/subdag.py took 0.041 seconds
[2022-08-29T12:39:24.247-0400] {processor.py:153} INFO - Started process (PID=867) to work on /home/augenz/PycharmProjects/airflow/.env_airflow/lib/python3.9/site-packages/airflow/example_dags/subdags/subdag.py
[2022-08-29T12:39:24.249-0400] {processor.py:640} INFO - Processing file /home/augenz/PycharmProjects/airflow/.env_airflow/lib/python3.9/site-packages/airflow/example_dags/subdags/subdag.py for tasks to queue
[2022-08-29T12:39:24.250-0400] {logging_mixin.py:115} INFO - [2022-08-29T12:39:24.250-0400] {dagbag.py:508} INFO - Filling up the DagBag from /home/augenz/PycharmProjects/airflow/.env_airflow/lib/python3.9/site-packages/airflow/example_dags/subdags/subdag.py
[2022-08-29T12:39:24.252-0400] {processor.py:652} WARNING - No viable dags retrieved from /home/augenz/PycharmProjects/airflow/.env_airflow/lib/python3.9/site-packages/airflow/example_dags/subdags/subdag.py
[2022-08-29T12:39:24.286-0400] {processor.py:161} INFO - Processing /home/augenz/PycharmProjects/airflow/.env_airflow/lib/python3.9/site-packages/airflow/example_dags/subdags/subdag.py took 0.044 seconds
[2022-08-29T12:39:54.729-0400] {processor.py:153} INFO - Started process (PID=904) to work on /home/augenz/PycharmProjects/airflow/.env_airflow/lib/python3.9/site-packages/airflow/example_dags/subdags/subdag.py
[2022-08-29T12:39:54.733-0400] {processor.py:640} INFO - Processing file /home/augenz/PycharmProjects/airflow/.env_airflow/lib/python3.9/site-packages/airflow/example_dags/subdags/subdag.py for tasks to queue
[2022-08-29T12:39:54.734-0400] {logging_mixin.py:115} INFO - [2022-08-29T12:39:54.734-0400] {dagbag.py:508} INFO - Filling up the DagBag from /home/augenz/PycharmProjects/airflow/.env_airflow/lib/python3.9/site-packages/airflow/example_dags/subdags/subdag.py
[2022-08-29T12:39:54.737-0400] {processor.py:652} WARNING - No viable dags retrieved from /home/augenz/PycharmProjects/airflow/.env_airflow/lib/python3.9/site-packages/airflow/example_dags/subdags/subdag.py
[2022-08-29T12:39:54.771-0400] {processor.py:161} INFO - Processing /home/augenz/PycharmProjects/airflow/.env_airflow/lib/python3.9/site-packages/airflow/example_dags/subdags/subdag.py took 0.048 seconds
[2022-08-29T12:40:24.943-0400] {processor.py:153} INFO - Started process (PID=939) to work on /home/augenz/PycharmProjects/airflow/.env_airflow/lib/python3.9/site-packages/airflow/example_dags/subdags/subdag.py
[2022-08-29T12:40:24.945-0400] {processor.py:640} INFO - Processing file /home/augenz/PycharmProjects/airflow/.env_airflow/lib/python3.9/site-packages/airflow/example_dags/subdags/subdag.py for tasks to queue
[2022-08-29T12:40:24.946-0400] {logging_mixin.py:115} INFO - [2022-08-29T12:40:24.946-0400] {dagbag.py:508} INFO - Filling up the DagBag from /home/augenz/PycharmProjects/airflow/.env_airflow/lib/python3.9/site-packages/airflow/example_dags/subdags/subdag.py
[2022-08-29T12:40:24.947-0400] {processor.py:652} WARNING - No viable dags retrieved from /home/augenz/PycharmProjects/airflow/.env_airflow/lib/python3.9/site-packages/airflow/example_dags/subdags/subdag.py
[2022-08-29T12:40:24.983-0400] {processor.py:161} INFO - Processing /home/augenz/PycharmProjects/airflow/.env_airflow/lib/python3.9/site-packages/airflow/example_dags/subdags/subdag.py took 0.045 seconds
[2022-08-29T12:40:55.833-0400] {processor.py:153} INFO - Started process (PID=973) to work on /home/augenz/PycharmProjects/airflow/.env_airflow/lib/python3.9/site-packages/airflow/example_dags/subdags/subdag.py
[2022-08-29T12:40:55.838-0400] {processor.py:640} INFO - Processing file /home/augenz/PycharmProjects/airflow/.env_airflow/lib/python3.9/site-packages/airflow/example_dags/subdags/subdag.py for tasks to queue
[2022-08-29T12:40:55.840-0400] {logging_mixin.py:115} INFO - [2022-08-29T12:40:55.840-0400] {dagbag.py:508} INFO - Filling up the DagBag from /home/augenz/PycharmProjects/airflow/.env_airflow/lib/python3.9/site-packages/airflow/example_dags/subdags/subdag.py
[2022-08-29T12:40:55.842-0400] {processor.py:652} WARNING - No viable dags retrieved from /home/augenz/PycharmProjects/airflow/.env_airflow/lib/python3.9/site-packages/airflow/example_dags/subdags/subdag.py
[2022-08-29T12:40:55.879-0400] {processor.py:161} INFO - Processing /home/augenz/PycharmProjects/airflow/.env_airflow/lib/python3.9/site-packages/airflow/example_dags/subdags/subdag.py took 0.051 seconds
[2022-08-29T12:41:26.249-0400] {processor.py:153} INFO - Started process (PID=1007) to work on /home/augenz/PycharmProjects/airflow/.env_airflow/lib/python3.9/site-packages/airflow/example_dags/subdags/subdag.py
[2022-08-29T12:41:26.252-0400] {processor.py:640} INFO - Processing file /home/augenz/PycharmProjects/airflow/.env_airflow/lib/python3.9/site-packages/airflow/example_dags/subdags/subdag.py for tasks to queue
[2022-08-29T12:41:26.253-0400] {logging_mixin.py:115} INFO - [2022-08-29T12:41:26.252-0400] {dagbag.py:508} INFO - Filling up the DagBag from /home/augenz/PycharmProjects/airflow/.env_airflow/lib/python3.9/site-packages/airflow/example_dags/subdags/subdag.py
[2022-08-29T12:41:26.254-0400] {processor.py:652} WARNING - No viable dags retrieved from /home/augenz/PycharmProjects/airflow/.env_airflow/lib/python3.9/site-packages/airflow/example_dags/subdags/subdag.py
[2022-08-29T12:41:26.290-0400] {processor.py:161} INFO - Processing /home/augenz/PycharmProjects/airflow/.env_airflow/lib/python3.9/site-packages/airflow/example_dags/subdags/subdag.py took 0.045 seconds
[2022-08-29T12:41:56.789-0400] {processor.py:153} INFO - Started process (PID=1051) to work on /home/augenz/PycharmProjects/airflow/.env_airflow/lib/python3.9/site-packages/airflow/example_dags/subdags/subdag.py
[2022-08-29T12:41:56.794-0400] {processor.py:640} INFO - Processing file /home/augenz/PycharmProjects/airflow/.env_airflow/lib/python3.9/site-packages/airflow/example_dags/subdags/subdag.py for tasks to queue
[2022-08-29T12:41:56.795-0400] {logging_mixin.py:115} INFO - [2022-08-29T12:41:56.795-0400] {dagbag.py:508} INFO - Filling up the DagBag from /home/augenz/PycharmProjects/airflow/.env_airflow/lib/python3.9/site-packages/airflow/example_dags/subdags/subdag.py
[2022-08-29T12:41:56.797-0400] {processor.py:652} WARNING - No viable dags retrieved from /home/augenz/PycharmProjects/airflow/.env_airflow/lib/python3.9/site-packages/airflow/example_dags/subdags/subdag.py
[2022-08-29T12:41:56.833-0400] {processor.py:161} INFO - Processing /home/augenz/PycharmProjects/airflow/.env_airflow/lib/python3.9/site-packages/airflow/example_dags/subdags/subdag.py took 0.049 seconds
[2022-08-29T12:42:27.640-0400] {processor.py:153} INFO - Started process (PID=1085) to work on /home/augenz/PycharmProjects/airflow/.env_airflow/lib/python3.9/site-packages/airflow/example_dags/subdags/subdag.py
[2022-08-29T12:42:27.664-0400] {processor.py:640} INFO - Processing file /home/augenz/PycharmProjects/airflow/.env_airflow/lib/python3.9/site-packages/airflow/example_dags/subdags/subdag.py for tasks to queue
[2022-08-29T12:42:27.665-0400] {logging_mixin.py:115} INFO - [2022-08-29T12:42:27.665-0400] {dagbag.py:508} INFO - Filling up the DagBag from /home/augenz/PycharmProjects/airflow/.env_airflow/lib/python3.9/site-packages/airflow/example_dags/subdags/subdag.py
[2022-08-29T12:42:27.668-0400] {processor.py:652} WARNING - No viable dags retrieved from /home/augenz/PycharmProjects/airflow/.env_airflow/lib/python3.9/site-packages/airflow/example_dags/subdags/subdag.py
[2022-08-29T12:42:27.701-0400] {processor.py:161} INFO - Processing /home/augenz/PycharmProjects/airflow/.env_airflow/lib/python3.9/site-packages/airflow/example_dags/subdags/subdag.py took 0.066 seconds
[2022-08-29T12:42:58.593-0400] {processor.py:153} INFO - Started process (PID=1120) to work on /home/augenz/PycharmProjects/airflow/.env_airflow/lib/python3.9/site-packages/airflow/example_dags/subdags/subdag.py
[2022-08-29T12:42:58.598-0400] {processor.py:640} INFO - Processing file /home/augenz/PycharmProjects/airflow/.env_airflow/lib/python3.9/site-packages/airflow/example_dags/subdags/subdag.py for tasks to queue
[2022-08-29T12:42:58.599-0400] {logging_mixin.py:115} INFO - [2022-08-29T12:42:58.599-0400] {dagbag.py:508} INFO - Filling up the DagBag from /home/augenz/PycharmProjects/airflow/.env_airflow/lib/python3.9/site-packages/airflow/example_dags/subdags/subdag.py
[2022-08-29T12:42:58.601-0400] {processor.py:652} WARNING - No viable dags retrieved from /home/augenz/PycharmProjects/airflow/.env_airflow/lib/python3.9/site-packages/airflow/example_dags/subdags/subdag.py
[2022-08-29T12:42:58.635-0400] {processor.py:161} INFO - Processing /home/augenz/PycharmProjects/airflow/.env_airflow/lib/python3.9/site-packages/airflow/example_dags/subdags/subdag.py took 0.047 seconds
[2022-08-29T12:43:28.793-0400] {processor.py:153} INFO - Started process (PID=1154) to work on /home/augenz/PycharmProjects/airflow/.env_airflow/lib/python3.9/site-packages/airflow/example_dags/subdags/subdag.py
[2022-08-29T12:43:28.805-0400] {processor.py:640} INFO - Processing file /home/augenz/PycharmProjects/airflow/.env_airflow/lib/python3.9/site-packages/airflow/example_dags/subdags/subdag.py for tasks to queue
[2022-08-29T12:43:28.806-0400] {logging_mixin.py:115} INFO - [2022-08-29T12:43:28.806-0400] {dagbag.py:508} INFO - Filling up the DagBag from /home/augenz/PycharmProjects/airflow/.env_airflow/lib/python3.9/site-packages/airflow/example_dags/subdags/subdag.py
[2022-08-29T12:43:28.808-0400] {processor.py:652} WARNING - No viable dags retrieved from /home/augenz/PycharmProjects/airflow/.env_airflow/lib/python3.9/site-packages/airflow/example_dags/subdags/subdag.py
[2022-08-29T12:43:28.844-0400] {processor.py:161} INFO - Processing /home/augenz/PycharmProjects/airflow/.env_airflow/lib/python3.9/site-packages/airflow/example_dags/subdags/subdag.py took 0.056 seconds
[2022-08-29T12:43:58.889-0400] {processor.py:153} INFO - Started process (PID=1186) to work on /home/augenz/PycharmProjects/airflow/.env_airflow/lib/python3.9/site-packages/airflow/example_dags/subdags/subdag.py
[2022-08-29T12:43:58.894-0400] {processor.py:640} INFO - Processing file /home/augenz/PycharmProjects/airflow/.env_airflow/lib/python3.9/site-packages/airflow/example_dags/subdags/subdag.py for tasks to queue
[2022-08-29T12:43:58.895-0400] {logging_mixin.py:115} INFO - [2022-08-29T12:43:58.894-0400] {dagbag.py:508} INFO - Filling up the DagBag from /home/augenz/PycharmProjects/airflow/.env_airflow/lib/python3.9/site-packages/airflow/example_dags/subdags/subdag.py
[2022-08-29T12:43:58.896-0400] {processor.py:652} WARNING - No viable dags retrieved from /home/augenz/PycharmProjects/airflow/.env_airflow/lib/python3.9/site-packages/airflow/example_dags/subdags/subdag.py
[2022-08-29T12:43:58.930-0400] {processor.py:161} INFO - Processing /home/augenz/PycharmProjects/airflow/.env_airflow/lib/python3.9/site-packages/airflow/example_dags/subdags/subdag.py took 0.046 seconds
[2022-08-29T12:44:29.180-0400] {processor.py:153} INFO - Started process (PID=1220) to work on /home/augenz/PycharmProjects/airflow/.env_airflow/lib/python3.9/site-packages/airflow/example_dags/subdags/subdag.py
[2022-08-29T12:44:29.183-0400] {processor.py:640} INFO - Processing file /home/augenz/PycharmProjects/airflow/.env_airflow/lib/python3.9/site-packages/airflow/example_dags/subdags/subdag.py for tasks to queue
[2022-08-29T12:44:29.184-0400] {logging_mixin.py:115} INFO - [2022-08-29T12:44:29.183-0400] {dagbag.py:508} INFO - Filling up the DagBag from /home/augenz/PycharmProjects/airflow/.env_airflow/lib/python3.9/site-packages/airflow/example_dags/subdags/subdag.py
[2022-08-29T12:44:29.185-0400] {processor.py:652} WARNING - No viable dags retrieved from /home/augenz/PycharmProjects/airflow/.env_airflow/lib/python3.9/site-packages/airflow/example_dags/subdags/subdag.py
[2022-08-29T12:44:29.218-0400] {processor.py:161} INFO - Processing /home/augenz/PycharmProjects/airflow/.env_airflow/lib/python3.9/site-packages/airflow/example_dags/subdags/subdag.py took 0.044 seconds
[2022-08-29T12:44:59.404-0400] {processor.py:153} INFO - Started process (PID=1266) to work on /home/augenz/PycharmProjects/airflow/.env_airflow/lib/python3.9/site-packages/airflow/example_dags/subdags/subdag.py
[2022-08-29T12:44:59.416-0400] {processor.py:640} INFO - Processing file /home/augenz/PycharmProjects/airflow/.env_airflow/lib/python3.9/site-packages/airflow/example_dags/subdags/subdag.py for tasks to queue
[2022-08-29T12:44:59.417-0400] {logging_mixin.py:115} INFO - [2022-08-29T12:44:59.417-0400] {dagbag.py:508} INFO - Filling up the DagBag from /home/augenz/PycharmProjects/airflow/.env_airflow/lib/python3.9/site-packages/airflow/example_dags/subdags/subdag.py
[2022-08-29T12:44:59.419-0400] {processor.py:652} WARNING - No viable dags retrieved from /home/augenz/PycharmProjects/airflow/.env_airflow/lib/python3.9/site-packages/airflow/example_dags/subdags/subdag.py
[2022-08-29T12:44:59.454-0400] {processor.py:161} INFO - Processing /home/augenz/PycharmProjects/airflow/.env_airflow/lib/python3.9/site-packages/airflow/example_dags/subdags/subdag.py took 0.055 seconds
[2022-08-29T12:45:29.985-0400] {processor.py:153} INFO - Started process (PID=1300) to work on /home/augenz/PycharmProjects/airflow/.env_airflow/lib/python3.9/site-packages/airflow/example_dags/subdags/subdag.py
[2022-08-29T12:45:29.989-0400] {processor.py:640} INFO - Processing file /home/augenz/PycharmProjects/airflow/.env_airflow/lib/python3.9/site-packages/airflow/example_dags/subdags/subdag.py for tasks to queue
[2022-08-29T12:45:29.991-0400] {logging_mixin.py:115} INFO - [2022-08-29T12:45:29.991-0400] {dagbag.py:508} INFO - Filling up the DagBag from /home/augenz/PycharmProjects/airflow/.env_airflow/lib/python3.9/site-packages/airflow/example_dags/subdags/subdag.py
[2022-08-29T12:45:29.993-0400] {processor.py:652} WARNING - No viable dags retrieved from /home/augenz/PycharmProjects/airflow/.env_airflow/lib/python3.9/site-packages/airflow/example_dags/subdags/subdag.py
[2022-08-29T12:45:30.031-0400] {processor.py:161} INFO - Processing /home/augenz/PycharmProjects/airflow/.env_airflow/lib/python3.9/site-packages/airflow/example_dags/subdags/subdag.py took 0.051 seconds
[2022-08-29T12:46:00.809-0400] {processor.py:153} INFO - Started process (PID=1335) to work on /home/augenz/PycharmProjects/airflow/.env_airflow/lib/python3.9/site-packages/airflow/example_dags/subdags/subdag.py
[2022-08-29T12:46:00.822-0400] {processor.py:640} INFO - Processing file /home/augenz/PycharmProjects/airflow/.env_airflow/lib/python3.9/site-packages/airflow/example_dags/subdags/subdag.py for tasks to queue
[2022-08-29T12:46:00.823-0400] {logging_mixin.py:115} INFO - [2022-08-29T12:46:00.823-0400] {dagbag.py:508} INFO - Filling up the DagBag from /home/augenz/PycharmProjects/airflow/.env_airflow/lib/python3.9/site-packages/airflow/example_dags/subdags/subdag.py
[2022-08-29T12:46:00.825-0400] {processor.py:652} WARNING - No viable dags retrieved from /home/augenz/PycharmProjects/airflow/.env_airflow/lib/python3.9/site-packages/airflow/example_dags/subdags/subdag.py
[2022-08-29T12:46:00.864-0400] {processor.py:161} INFO - Processing /home/augenz/PycharmProjects/airflow/.env_airflow/lib/python3.9/site-packages/airflow/example_dags/subdags/subdag.py took 0.061 seconds
[2022-08-29T12:46:30.982-0400] {processor.py:153} INFO - Started process (PID=1369) to work on /home/augenz/PycharmProjects/airflow/.env_airflow/lib/python3.9/site-packages/airflow/example_dags/subdags/subdag.py
[2022-08-29T12:46:30.985-0400] {processor.py:640} INFO - Processing file /home/augenz/PycharmProjects/airflow/.env_airflow/lib/python3.9/site-packages/airflow/example_dags/subdags/subdag.py for tasks to queue
[2022-08-29T12:46:30.985-0400] {logging_mixin.py:115} INFO - [2022-08-29T12:46:30.985-0400] {dagbag.py:508} INFO - Filling up the DagBag from /home/augenz/PycharmProjects/airflow/.env_airflow/lib/python3.9/site-packages/airflow/example_dags/subdags/subdag.py
[2022-08-29T12:46:30.987-0400] {processor.py:652} WARNING - No viable dags retrieved from /home/augenz/PycharmProjects/airflow/.env_airflow/lib/python3.9/site-packages/airflow/example_dags/subdags/subdag.py
[2022-08-29T12:46:31.018-0400] {processor.py:161} INFO - Processing /home/augenz/PycharmProjects/airflow/.env_airflow/lib/python3.9/site-packages/airflow/example_dags/subdags/subdag.py took 0.040 seconds
[2022-08-29T12:47:01.429-0400] {processor.py:153} INFO - Started process (PID=1403) to work on /home/augenz/PycharmProjects/airflow/.env_airflow/lib/python3.9/site-packages/airflow/example_dags/subdags/subdag.py
[2022-08-29T12:47:01.442-0400] {processor.py:640} INFO - Processing file /home/augenz/PycharmProjects/airflow/.env_airflow/lib/python3.9/site-packages/airflow/example_dags/subdags/subdag.py for tasks to queue
[2022-08-29T12:47:01.443-0400] {logging_mixin.py:115} INFO - [2022-08-29T12:47:01.443-0400] {dagbag.py:508} INFO - Filling up the DagBag from /home/augenz/PycharmProjects/airflow/.env_airflow/lib/python3.9/site-packages/airflow/example_dags/subdags/subdag.py
[2022-08-29T12:47:01.445-0400] {processor.py:652} WARNING - No viable dags retrieved from /home/augenz/PycharmProjects/airflow/.env_airflow/lib/python3.9/site-packages/airflow/example_dags/subdags/subdag.py
[2022-08-29T12:47:01.480-0400] {processor.py:161} INFO - Processing /home/augenz/PycharmProjects/airflow/.env_airflow/lib/python3.9/site-packages/airflow/example_dags/subdags/subdag.py took 0.056 seconds
[2022-08-29T12:47:32.081-0400] {processor.py:153} INFO - Started process (PID=1444) to work on /home/augenz/PycharmProjects/airflow/.env_airflow/lib/python3.9/site-packages/airflow/example_dags/subdags/subdag.py
[2022-08-29T12:47:32.095-0400] {processor.py:640} INFO - Processing file /home/augenz/PycharmProjects/airflow/.env_airflow/lib/python3.9/site-packages/airflow/example_dags/subdags/subdag.py for tasks to queue
[2022-08-29T12:47:32.096-0400] {logging_mixin.py:115} INFO - [2022-08-29T12:47:32.096-0400] {dagbag.py:508} INFO - Filling up the DagBag from /home/augenz/PycharmProjects/airflow/.env_airflow/lib/python3.9/site-packages/airflow/example_dags/subdags/subdag.py
[2022-08-29T12:47:32.099-0400] {processor.py:652} WARNING - No viable dags retrieved from /home/augenz/PycharmProjects/airflow/.env_airflow/lib/python3.9/site-packages/airflow/example_dags/subdags/subdag.py
[2022-08-29T12:47:32.134-0400] {processor.py:161} INFO - Processing /home/augenz/PycharmProjects/airflow/.env_airflow/lib/python3.9/site-packages/airflow/example_dags/subdags/subdag.py took 0.058 seconds
[2022-08-29T12:48:02.288-0400] {processor.py:153} INFO - Started process (PID=1478) to work on /home/augenz/PycharmProjects/airflow/.env_airflow/lib/python3.9/site-packages/airflow/example_dags/subdags/subdag.py
[2022-08-29T12:48:02.302-0400] {processor.py:640} INFO - Processing file /home/augenz/PycharmProjects/airflow/.env_airflow/lib/python3.9/site-packages/airflow/example_dags/subdags/subdag.py for tasks to queue
[2022-08-29T12:48:02.303-0400] {logging_mixin.py:115} INFO - [2022-08-29T12:48:02.303-0400] {dagbag.py:508} INFO - Filling up the DagBag from /home/augenz/PycharmProjects/airflow/.env_airflow/lib/python3.9/site-packages/airflow/example_dags/subdags/subdag.py
[2022-08-29T12:48:02.305-0400] {processor.py:652} WARNING - No viable dags retrieved from /home/augenz/PycharmProjects/airflow/.env_airflow/lib/python3.9/site-packages/airflow/example_dags/subdags/subdag.py
[2022-08-29T12:48:02.344-0400] {processor.py:161} INFO - Processing /home/augenz/PycharmProjects/airflow/.env_airflow/lib/python3.9/site-packages/airflow/example_dags/subdags/subdag.py took 0.060 seconds
[2022-08-29T12:48:32.724-0400] {processor.py:153} INFO - Started process (PID=1512) to work on /home/augenz/PycharmProjects/airflow/.env_airflow/lib/python3.9/site-packages/airflow/example_dags/subdags/subdag.py
[2022-08-29T12:48:32.737-0400] {processor.py:640} INFO - Processing file /home/augenz/PycharmProjects/airflow/.env_airflow/lib/python3.9/site-packages/airflow/example_dags/subdags/subdag.py for tasks to queue
[2022-08-29T12:48:32.738-0400] {logging_mixin.py:115} INFO - [2022-08-29T12:48:32.738-0400] {dagbag.py:508} INFO - Filling up the DagBag from /home/augenz/PycharmProjects/airflow/.env_airflow/lib/python3.9/site-packages/airflow/example_dags/subdags/subdag.py
[2022-08-29T12:48:32.740-0400] {processor.py:652} WARNING - No viable dags retrieved from /home/augenz/PycharmProjects/airflow/.env_airflow/lib/python3.9/site-packages/airflow/example_dags/subdags/subdag.py
[2022-08-29T12:48:32.777-0400] {processor.py:161} INFO - Processing /home/augenz/PycharmProjects/airflow/.env_airflow/lib/python3.9/site-packages/airflow/example_dags/subdags/subdag.py took 0.058 seconds
[2022-08-29T12:49:02.817-0400] {processor.py:153} INFO - Started process (PID=1547) to work on /home/augenz/PycharmProjects/airflow/.env_airflow/lib/python3.9/site-packages/airflow/example_dags/subdags/subdag.py
[2022-08-29T12:49:02.819-0400] {processor.py:640} INFO - Processing file /home/augenz/PycharmProjects/airflow/.env_airflow/lib/python3.9/site-packages/airflow/example_dags/subdags/subdag.py for tasks to queue
[2022-08-29T12:49:02.820-0400] {logging_mixin.py:115} INFO - [2022-08-29T12:49:02.820-0400] {dagbag.py:508} INFO - Filling up the DagBag from /home/augenz/PycharmProjects/airflow/.env_airflow/lib/python3.9/site-packages/airflow/example_dags/subdags/subdag.py
[2022-08-29T12:49:02.822-0400] {processor.py:652} WARNING - No viable dags retrieved from /home/augenz/PycharmProjects/airflow/.env_airflow/lib/python3.9/site-packages/airflow/example_dags/subdags/subdag.py
[2022-08-29T12:49:02.856-0400] {processor.py:161} INFO - Processing /home/augenz/PycharmProjects/airflow/.env_airflow/lib/python3.9/site-packages/airflow/example_dags/subdags/subdag.py took 0.043 seconds
[2022-08-29T12:49:33.440-0400] {processor.py:153} INFO - Started process (PID=1590) to work on /home/augenz/PycharmProjects/airflow/.env_airflow/lib/python3.9/site-packages/airflow/example_dags/subdags/subdag.py
[2022-08-29T12:49:33.443-0400] {processor.py:640} INFO - Processing file /home/augenz/PycharmProjects/airflow/.env_airflow/lib/python3.9/site-packages/airflow/example_dags/subdags/subdag.py for tasks to queue
[2022-08-29T12:49:33.445-0400] {logging_mixin.py:115} INFO - [2022-08-29T12:49:33.444-0400] {dagbag.py:508} INFO - Filling up the DagBag from /home/augenz/PycharmProjects/airflow/.env_airflow/lib/python3.9/site-packages/airflow/example_dags/subdags/subdag.py
[2022-08-29T12:49:33.447-0400] {processor.py:652} WARNING - No viable dags retrieved from /home/augenz/PycharmProjects/airflow/.env_airflow/lib/python3.9/site-packages/airflow/example_dags/subdags/subdag.py
[2022-08-29T12:49:33.479-0400] {processor.py:161} INFO - Processing /home/augenz/PycharmProjects/airflow/.env_airflow/lib/python3.9/site-packages/airflow/example_dags/subdags/subdag.py took 0.047 seconds
[2022-08-29T12:50:03.718-0400] {processor.py:153} INFO - Started process (PID=1623) to work on /home/augenz/PycharmProjects/airflow/.env_airflow/lib/python3.9/site-packages/airflow/example_dags/subdags/subdag.py
[2022-08-29T12:50:03.722-0400] {processor.py:640} INFO - Processing file /home/augenz/PycharmProjects/airflow/.env_airflow/lib/python3.9/site-packages/airflow/example_dags/subdags/subdag.py for tasks to queue
[2022-08-29T12:50:03.723-0400] {logging_mixin.py:115} INFO - [2022-08-29T12:50:03.723-0400] {dagbag.py:508} INFO - Filling up the DagBag from /home/augenz/PycharmProjects/airflow/.env_airflow/lib/python3.9/site-packages/airflow/example_dags/subdags/subdag.py
[2022-08-29T12:50:03.725-0400] {processor.py:652} WARNING - No viable dags retrieved from /home/augenz/PycharmProjects/airflow/.env_airflow/lib/python3.9/site-packages/airflow/example_dags/subdags/subdag.py
[2022-08-29T12:50:03.758-0400] {processor.py:161} INFO - Processing /home/augenz/PycharmProjects/airflow/.env_airflow/lib/python3.9/site-packages/airflow/example_dags/subdags/subdag.py took 0.045 seconds
[2022-08-29T12:50:34.644-0400] {processor.py:153} INFO - Started process (PID=1662) to work on /home/augenz/PycharmProjects/airflow/.env_airflow/lib/python3.9/site-packages/airflow/example_dags/subdags/subdag.py
[2022-08-29T12:50:34.661-0400] {processor.py:640} INFO - Processing file /home/augenz/PycharmProjects/airflow/.env_airflow/lib/python3.9/site-packages/airflow/example_dags/subdags/subdag.py for tasks to queue
[2022-08-29T12:50:34.662-0400] {logging_mixin.py:115} INFO - [2022-08-29T12:50:34.662-0400] {dagbag.py:508} INFO - Filling up the DagBag from /home/augenz/PycharmProjects/airflow/.env_airflow/lib/python3.9/site-packages/airflow/example_dags/subdags/subdag.py
[2022-08-29T12:50:34.665-0400] {processor.py:652} WARNING - No viable dags retrieved from /home/augenz/PycharmProjects/airflow/.env_airflow/lib/python3.9/site-packages/airflow/example_dags/subdags/subdag.py
[2022-08-29T12:50:34.710-0400] {processor.py:161} INFO - Processing /home/augenz/PycharmProjects/airflow/.env_airflow/lib/python3.9/site-packages/airflow/example_dags/subdags/subdag.py took 0.074 seconds
[2022-08-29T12:51:05.536-0400] {processor.py:153} INFO - Started process (PID=1694) to work on /home/augenz/PycharmProjects/airflow/.env_airflow/lib/python3.9/site-packages/airflow/example_dags/subdags/subdag.py
[2022-08-29T12:51:05.555-0400] {processor.py:640} INFO - Processing file /home/augenz/PycharmProjects/airflow/.env_airflow/lib/python3.9/site-packages/airflow/example_dags/subdags/subdag.py for tasks to queue
[2022-08-29T12:51:05.556-0400] {logging_mixin.py:115} INFO - [2022-08-29T12:51:05.556-0400] {dagbag.py:508} INFO - Filling up the DagBag from /home/augenz/PycharmProjects/airflow/.env_airflow/lib/python3.9/site-packages/airflow/example_dags/subdags/subdag.py
[2022-08-29T12:51:05.559-0400] {processor.py:652} WARNING - No viable dags retrieved from /home/augenz/PycharmProjects/airflow/.env_airflow/lib/python3.9/site-packages/airflow/example_dags/subdags/subdag.py
[2022-08-29T12:51:05.596-0400] {processor.py:161} INFO - Processing /home/augenz/PycharmProjects/airflow/.env_airflow/lib/python3.9/site-packages/airflow/example_dags/subdags/subdag.py took 0.065 seconds
[2022-08-29T12:51:35.653-0400] {processor.py:153} INFO - Started process (PID=1732) to work on /home/augenz/PycharmProjects/airflow/.env_airflow/lib/python3.9/site-packages/airflow/example_dags/subdags/subdag.py
[2022-08-29T12:51:35.671-0400] {processor.py:640} INFO - Processing file /home/augenz/PycharmProjects/airflow/.env_airflow/lib/python3.9/site-packages/airflow/example_dags/subdags/subdag.py for tasks to queue
[2022-08-29T12:51:35.672-0400] {logging_mixin.py:115} INFO - [2022-08-29T12:51:35.672-0400] {dagbag.py:508} INFO - Filling up the DagBag from /home/augenz/PycharmProjects/airflow/.env_airflow/lib/python3.9/site-packages/airflow/example_dags/subdags/subdag.py
[2022-08-29T12:51:35.674-0400] {processor.py:652} WARNING - No viable dags retrieved from /home/augenz/PycharmProjects/airflow/.env_airflow/lib/python3.9/site-packages/airflow/example_dags/subdags/subdag.py
[2022-08-29T12:51:35.709-0400] {processor.py:161} INFO - Processing /home/augenz/PycharmProjects/airflow/.env_airflow/lib/python3.9/site-packages/airflow/example_dags/subdags/subdag.py took 0.061 seconds
[2022-08-29T12:52:05.987-0400] {processor.py:153} INFO - Started process (PID=1765) to work on /home/augenz/PycharmProjects/airflow/.env_airflow/lib/python3.9/site-packages/airflow/example_dags/subdags/subdag.py
[2022-08-29T12:52:05.990-0400] {processor.py:640} INFO - Processing file /home/augenz/PycharmProjects/airflow/.env_airflow/lib/python3.9/site-packages/airflow/example_dags/subdags/subdag.py for tasks to queue
[2022-08-29T12:52:05.992-0400] {logging_mixin.py:115} INFO - [2022-08-29T12:52:05.991-0400] {dagbag.py:508} INFO - Filling up the DagBag from /home/augenz/PycharmProjects/airflow/.env_airflow/lib/python3.9/site-packages/airflow/example_dags/subdags/subdag.py
[2022-08-29T12:52:05.994-0400] {processor.py:652} WARNING - No viable dags retrieved from /home/augenz/PycharmProjects/airflow/.env_airflow/lib/python3.9/site-packages/airflow/example_dags/subdags/subdag.py
[2022-08-29T12:52:06.028-0400] {processor.py:161} INFO - Processing /home/augenz/PycharmProjects/airflow/.env_airflow/lib/python3.9/site-packages/airflow/example_dags/subdags/subdag.py took 0.045 seconds
[2022-08-29T12:52:36.538-0400] {processor.py:153} INFO - Started process (PID=1798) to work on /home/augenz/PycharmProjects/airflow/.env_airflow/lib/python3.9/site-packages/airflow/example_dags/subdags/subdag.py
[2022-08-29T12:52:36.541-0400] {processor.py:640} INFO - Processing file /home/augenz/PycharmProjects/airflow/.env_airflow/lib/python3.9/site-packages/airflow/example_dags/subdags/subdag.py for tasks to queue
[2022-08-29T12:52:36.543-0400] {logging_mixin.py:115} INFO - [2022-08-29T12:52:36.542-0400] {dagbag.py:508} INFO - Filling up the DagBag from /home/augenz/PycharmProjects/airflow/.env_airflow/lib/python3.9/site-packages/airflow/example_dags/subdags/subdag.py
[2022-08-29T12:52:36.545-0400] {processor.py:652} WARNING - No viable dags retrieved from /home/augenz/PycharmProjects/airflow/.env_airflow/lib/python3.9/site-packages/airflow/example_dags/subdags/subdag.py
[2022-08-29T12:52:36.579-0400] {processor.py:161} INFO - Processing /home/augenz/PycharmProjects/airflow/.env_airflow/lib/python3.9/site-packages/airflow/example_dags/subdags/subdag.py took 0.047 seconds
[2022-08-29T12:53:06.972-0400] {processor.py:153} INFO - Started process (PID=1833) to work on /home/augenz/PycharmProjects/airflow/.env_airflow/lib/python3.9/site-packages/airflow/example_dags/subdags/subdag.py
[2022-08-29T12:53:06.976-0400] {processor.py:640} INFO - Processing file /home/augenz/PycharmProjects/airflow/.env_airflow/lib/python3.9/site-packages/airflow/example_dags/subdags/subdag.py for tasks to queue
[2022-08-29T12:53:06.978-0400] {logging_mixin.py:115} INFO - [2022-08-29T12:53:06.977-0400] {dagbag.py:508} INFO - Filling up the DagBag from /home/augenz/PycharmProjects/airflow/.env_airflow/lib/python3.9/site-packages/airflow/example_dags/subdags/subdag.py
[2022-08-29T12:53:06.980-0400] {processor.py:652} WARNING - No viable dags retrieved from /home/augenz/PycharmProjects/airflow/.env_airflow/lib/python3.9/site-packages/airflow/example_dags/subdags/subdag.py
[2022-08-29T12:53:07.013-0400] {processor.py:161} INFO - Processing /home/augenz/PycharmProjects/airflow/.env_airflow/lib/python3.9/site-packages/airflow/example_dags/subdags/subdag.py took 0.046 seconds
[2022-08-29T12:53:37.215-0400] {processor.py:153} INFO - Started process (PID=1865) to work on /home/augenz/PycharmProjects/airflow/.env_airflow/lib/python3.9/site-packages/airflow/example_dags/subdags/subdag.py
[2022-08-29T12:53:37.233-0400] {processor.py:640} INFO - Processing file /home/augenz/PycharmProjects/airflow/.env_airflow/lib/python3.9/site-packages/airflow/example_dags/subdags/subdag.py for tasks to queue
[2022-08-29T12:53:37.234-0400] {logging_mixin.py:115} INFO - [2022-08-29T12:53:37.234-0400] {dagbag.py:508} INFO - Filling up the DagBag from /home/augenz/PycharmProjects/airflow/.env_airflow/lib/python3.9/site-packages/airflow/example_dags/subdags/subdag.py
[2022-08-29T12:53:37.235-0400] {processor.py:652} WARNING - No viable dags retrieved from /home/augenz/PycharmProjects/airflow/.env_airflow/lib/python3.9/site-packages/airflow/example_dags/subdags/subdag.py
[2022-08-29T12:53:37.268-0400] {processor.py:161} INFO - Processing /home/augenz/PycharmProjects/airflow/.env_airflow/lib/python3.9/site-packages/airflow/example_dags/subdags/subdag.py took 0.057 seconds
