[2022-08-29T15:26:58.927-0400] {taskinstance.py:1171} INFO - Dependencies all met for <TaskInstance: dag_with_python_operator_v04.greet manual__2022-08-29T19:26:51.976924+00:00 [queued]>
[2022-08-29T15:26:58.945-0400] {taskinstance.py:1171} INFO - Dependencies all met for <TaskInstance: dag_with_python_operator_v04.greet manual__2022-08-29T19:26:51.976924+00:00 [queued]>
[2022-08-29T15:26:58.945-0400] {taskinstance.py:1368} INFO - 
--------------------------------------------------------------------------------
[2022-08-29T15:26:58.946-0400] {taskinstance.py:1369} INFO - Starting attempt 1 of 6
[2022-08-29T15:26:58.946-0400] {taskinstance.py:1370} INFO - 
--------------------------------------------------------------------------------
[2022-08-29T15:26:58.999-0400] {taskinstance.py:1389} INFO - Executing <Task(PythonOperator): greet> on 2022-08-29 19:26:51.976924+00:00
[2022-08-29T15:26:59.003-0400] {standard_task_runner.py:52} INFO - Started process 4367 to run task
[2022-08-29T15:26:59.009-0400] {standard_task_runner.py:79} INFO - Running: ['airflow', 'tasks', 'run', 'dag_with_python_operator_v04', 'greet', 'manual__2022-08-29T19:26:51.976924+00:00', '--job-id', '9', '--raw', '--subdir', '/home/augenz/PycharmProjects/airflow/dags/dag_with_python_operator_v04.py', '--cfg-path', '/run/user/1000/app/com.jetbrains.PyCharm-Community/tmp_40xef_o', '--error-file', '/run/user/1000/app/com.jetbrains.PyCharm-Community/tmp723fmrjj']
[2022-08-29T15:26:59.011-0400] {standard_task_runner.py:80} INFO - Job 9: Subtask greet
[2022-08-29T15:26:59.209-0400] {task_command.py:371} INFO - Running <TaskInstance: dag_with_python_operator_v04.greet manual__2022-08-29T19:26:51.976924+00:00 [running]> on host pop-os.localdomain
[2022-08-29T15:26:59.447-0400] {taskinstance.py:1581} INFO - Exporting the following env vars:
AIRFLOW_CTX_DAG_OWNER=admin
AIRFLOW_CTX_DAG_ID=dag_with_python_operator_v04
AIRFLOW_CTX_TASK_ID=greet
AIRFLOW_CTX_EXECUTION_DATE=2022-08-29T19:26:51.976924+00:00
AIRFLOW_CTX_TRY_NUMBER=1
AIRFLOW_CTX_DAG_RUN_ID=manual__2022-08-29T19:26:51.976924+00:00
[2022-08-29T15:26:59.476-0400] {logging_mixin.py:115} INFO - Hello World! my name is August and my age is 21.
[2022-08-29T15:26:59.476-0400] {python.py:173} INFO - Done. Returned value was: None
[2022-08-29T15:26:59.511-0400] {taskinstance.py:1407} INFO - Marking task as SUCCESS. dag_id=dag_with_python_operator_v04, task_id=greet, execution_date=20220829T192651, start_date=20220829T192658, end_date=20220829T192659
[2022-08-29T15:26:59.592-0400] {local_task_job.py:156} INFO - Task exited with return code 0
[2022-08-29T15:26:59.690-0400] {local_task_job.py:279} INFO - 0 downstream tasks scheduled from follow-on schedule check
