[2022-08-29T22:01:30.970-0400] {taskinstance.py:1171} INFO - Dependencies all met for <TaskInstance: dag_with_postgres_operator_v01.create_postgres_table scheduled__2022-08-29T00:00:00+00:00 [queued]>
[2022-08-29T22:01:30.987-0400] {taskinstance.py:1171} INFO - Dependencies all met for <TaskInstance: dag_with_postgres_operator_v01.create_postgres_table scheduled__2022-08-29T00:00:00+00:00 [queued]>
[2022-08-29T22:01:30.987-0400] {taskinstance.py:1368} INFO - 
--------------------------------------------------------------------------------
[2022-08-29T22:01:30.987-0400] {taskinstance.py:1369} INFO - Starting attempt 1 of 6
[2022-08-29T22:01:30.988-0400] {taskinstance.py:1370} INFO - 
--------------------------------------------------------------------------------
[2022-08-29T22:01:31.038-0400] {taskinstance.py:1389} INFO - Executing <Task(PostgresOperator): create_postgres_table> on 2022-08-29 00:00:00+00:00
[2022-08-29T22:01:31.044-0400] {standard_task_runner.py:52} INFO - Started process 16678 to run task
[2022-08-29T22:01:31.047-0400] {standard_task_runner.py:79} INFO - Running: ['airflow', 'tasks', 'run', 'dag_with_postgres_operator_v01', 'create_postgres_table', 'scheduled__2022-08-29T00:00:00+00:00', '--job-id', '50', '--raw', '--subdir', '/home/augenz/PycharmProjects/airflow/dags/dag_with_postgres_operator_v01.py', '--cfg-path', '/run/user/1000/app/com.jetbrains.PyCharm-Community/tmp9_kra7or', '--error-file', '/run/user/1000/app/com.jetbrains.PyCharm-Community/tmpuek7nr4h']
[2022-08-29T22:01:31.049-0400] {standard_task_runner.py:80} INFO - Job 50: Subtask create_postgres_table
[2022-08-29T22:01:31.259-0400] {task_command.py:371} INFO - Running <TaskInstance: dag_with_postgres_operator_v01.create_postgres_table scheduled__2022-08-29T00:00:00+00:00 [running]> on host pop-os.localdomain
[2022-08-29T22:01:31.596-0400] {taskinstance.py:1581} INFO - Exporting the following env vars:
AIRFLOW_CTX_DAG_OWNER=admin
AIRFLOW_CTX_DAG_ID=dag_with_postgres_operator_v01
AIRFLOW_CTX_TASK_ID=create_postgres_table
AIRFLOW_CTX_EXECUTION_DATE=2022-08-29T00:00:00+00:00
AIRFLOW_CTX_TRY_NUMBER=1
AIRFLOW_CTX_DAG_RUN_ID=scheduled__2022-08-29T00:00:00+00:00
[2022-08-29T22:01:31.624-0400] {base.py:68} INFO - Using connection ID 'database-server_postgres' for task execution.
[2022-08-29T22:01:31.641-0400] {sql.py:315} INFO - Running statement: CREATE TABLE IF NOT EXISTS dag_runs (
            df date,
            dag_id character varying,
            primary key (dt, dag_id)
            ), parameters: None
[2022-08-29T22:01:31.643-0400] {taskinstance.py:1902} ERROR - Task failed with exception
Traceback (most recent call last):
  File "/home/augenz/PycharmProjects/airflow/.env_airflow/lib/python3.9/site-packages/airflow/providers/postgres/operators/postgres.py", line 92, in execute
    self.hook.run(self.sql, self.autocommit, parameters=self.parameters)
  File "/home/augenz/PycharmProjects/airflow/.env_airflow/lib/python3.9/site-packages/airflow/providers/common/sql/hooks/sql.py", line 295, in run
    self._run_command(cur, sql_statement, parameters)
  File "/home/augenz/PycharmProjects/airflow/.env_airflow/lib/python3.9/site-packages/airflow/providers/common/sql/hooks/sql.py", line 320, in _run_command
    cur.execute(sql_statement)
psycopg2.errors.UndefinedColumn: column "dt" named in key does not exist
LINE 4:             primary key (dt, dag_id)
                    ^

[2022-08-29T22:01:31.683-0400] {taskinstance.py:1407} INFO - Marking task as UP_FOR_RETRY. dag_id=dag_with_postgres_operator_v01, task_id=create_postgres_table, execution_date=20220829T000000, start_date=20220830T020130, end_date=20220830T020131
[2022-08-29T22:01:31.737-0400] {standard_task_runner.py:92} ERROR - Failed to execute job 50 for task create_postgres_table (column "dt" named in key does not exist
LINE 4:             primary key (dt, dag_id)
                    ^
; 16678)
[2022-08-29T22:01:31.752-0400] {local_task_job.py:156} INFO - Task exited with return code 1
[2022-08-29T22:01:31.904-0400] {local_task_job.py:279} INFO - 0 downstream tasks scheduled from follow-on schedule check
