[2022-08-29T19:43:59.279-0400] {processor.py:153} INFO - Started process (PID=10910) to work on /home/augenz/PycharmProjects/airflow/dags/dag_with_cron_expression_v04.py
[2022-08-29T19:43:59.280-0400] {processor.py:640} INFO - Processing file /home/augenz/PycharmProjects/airflow/dags/dag_with_cron_expression_v04.py for tasks to queue
[2022-08-29T19:43:59.281-0400] {logging_mixin.py:115} INFO - [2022-08-29T19:43:59.281-0400] {dagbag.py:508} INFO - Filling up the DagBag from /home/augenz/PycharmProjects/airflow/dags/dag_with_cron_expression_v04.py
[2022-08-29T19:43:59.291-0400] {processor.py:650} INFO - DAG(s) dict_keys(['dag_with_cron_expression_v04']) retrieved from /home/augenz/PycharmProjects/airflow/dags/dag_with_cron_expression_v04.py
[2022-08-29T19:43:59.440-0400] {logging_mixin.py:115} INFO - [2022-08-29T19:43:59.439-0400] {manager.py:508} INFO - Created Permission View: can delete on DAG:dag_with_cron_expression_v04
[2022-08-29T19:43:59.489-0400] {logging_mixin.py:115} INFO - [2022-08-29T19:43:59.489-0400] {manager.py:508} INFO - Created Permission View: can edit on DAG:dag_with_cron_expression_v04
[2022-08-29T19:43:59.531-0400] {logging_mixin.py:115} INFO - [2022-08-29T19:43:59.530-0400] {manager.py:508} INFO - Created Permission View: can read on DAG:dag_with_cron_expression_v04
[2022-08-29T19:43:59.532-0400] {logging_mixin.py:115} INFO - [2022-08-29T19:43:59.531-0400] {dag.py:2429} INFO - Sync 1 DAGs
[2022-08-29T19:43:59.563-0400] {logging_mixin.py:115} INFO - [2022-08-29T19:43:59.562-0400] {dag.py:2448} INFO - Creating ORM DAG for dag_with_cron_expression_v04
[2022-08-29T19:43:59.598-0400] {logging_mixin.py:115} INFO - [2022-08-29T19:43:59.597-0400] {dag.py:2977} INFO - Setting next_dagrun for dag_with_cron_expression_v04 to 2022-08-30T03:00:00+00:00, run_after=2022-08-31T03:00:00+00:00
[2022-08-29T19:43:59.646-0400] {processor.py:161} INFO - Processing /home/augenz/PycharmProjects/airflow/dags/dag_with_cron_expression_v04.py took 0.370 seconds
[2022-08-29T19:44:30.676-0400] {processor.py:153} INFO - Started process (PID=10944) to work on /home/augenz/PycharmProjects/airflow/dags/dag_with_cron_expression_v04.py
[2022-08-29T19:44:30.693-0400] {processor.py:640} INFO - Processing file /home/augenz/PycharmProjects/airflow/dags/dag_with_cron_expression_v04.py for tasks to queue
[2022-08-29T19:44:30.694-0400] {logging_mixin.py:115} INFO - [2022-08-29T19:44:30.694-0400] {dagbag.py:508} INFO - Filling up the DagBag from /home/augenz/PycharmProjects/airflow/dags/dag_with_cron_expression_v04.py
[2022-08-29T19:44:30.705-0400] {processor.py:650} INFO - DAG(s) dict_keys(['dag_with_cron_expression_v04']) retrieved from /home/augenz/PycharmProjects/airflow/dags/dag_with_cron_expression_v04.py
[2022-08-29T19:44:30.760-0400] {logging_mixin.py:115} INFO - [2022-08-29T19:44:30.760-0400] {dag.py:2429} INFO - Sync 1 DAGs
[2022-08-29T19:44:30.800-0400] {logging_mixin.py:115} INFO - [2022-08-29T19:44:30.800-0400] {dag.py:2977} INFO - Setting next_dagrun for dag_with_cron_expression_v04 to 2022-08-30T03:00:00+00:00, run_after=2022-08-31T03:00:00+00:00
[2022-08-29T19:44:30.904-0400] {processor.py:161} INFO - Processing /home/augenz/PycharmProjects/airflow/dags/dag_with_cron_expression_v04.py took 0.232 seconds
[2022-08-29T19:45:01.344-0400] {processor.py:153} INFO - Started process (PID=10972) to work on /home/augenz/PycharmProjects/airflow/dags/dag_with_cron_expression_v04.py
[2022-08-29T19:45:01.348-0400] {processor.py:640} INFO - Processing file /home/augenz/PycharmProjects/airflow/dags/dag_with_cron_expression_v04.py for tasks to queue
[2022-08-29T19:45:01.349-0400] {logging_mixin.py:115} INFO - [2022-08-29T19:45:01.349-0400] {dagbag.py:508} INFO - Filling up the DagBag from /home/augenz/PycharmProjects/airflow/dags/dag_with_cron_expression_v04.py
[2022-08-29T19:45:01.360-0400] {processor.py:650} INFO - DAG(s) dict_keys(['dag_with_cron_expression_v04']) retrieved from /home/augenz/PycharmProjects/airflow/dags/dag_with_cron_expression_v04.py
[2022-08-29T19:45:01.415-0400] {logging_mixin.py:115} INFO - [2022-08-29T19:45:01.414-0400] {dag.py:2429} INFO - Sync 1 DAGs
[2022-08-29T19:45:01.534-0400] {logging_mixin.py:115} INFO - [2022-08-29T19:45:01.532-0400] {dag.py:2977} INFO - Setting next_dagrun for dag_with_cron_expression_v04 to 2022-08-30T03:00:00+00:00, run_after=2022-08-31T03:00:00+00:00
[2022-08-29T19:45:01.638-0400] {processor.py:161} INFO - Processing /home/augenz/PycharmProjects/airflow/dags/dag_with_cron_expression_v04.py took 0.300 seconds
[2022-08-29T19:45:32.145-0400] {processor.py:153} INFO - Started process (PID=11003) to work on /home/augenz/PycharmProjects/airflow/dags/dag_with_cron_expression_v04.py
[2022-08-29T19:45:32.167-0400] {processor.py:640} INFO - Processing file /home/augenz/PycharmProjects/airflow/dags/dag_with_cron_expression_v04.py for tasks to queue
[2022-08-29T19:45:32.168-0400] {logging_mixin.py:115} INFO - [2022-08-29T19:45:32.167-0400] {dagbag.py:508} INFO - Filling up the DagBag from /home/augenz/PycharmProjects/airflow/dags/dag_with_cron_expression_v04.py
[2022-08-29T19:45:32.177-0400] {processor.py:650} INFO - DAG(s) dict_keys(['dag_with_cron_expression_v04']) retrieved from /home/augenz/PycharmProjects/airflow/dags/dag_with_cron_expression_v04.py
[2022-08-29T19:45:32.225-0400] {logging_mixin.py:115} INFO - [2022-08-29T19:45:32.224-0400] {dag.py:2429} INFO - Sync 1 DAGs
[2022-08-29T19:45:32.262-0400] {logging_mixin.py:115} INFO - [2022-08-29T19:45:32.262-0400] {dag.py:2977} INFO - Setting next_dagrun for dag_with_cron_expression_v04 to 2022-08-30T03:00:00+00:00, run_after=2022-08-31T03:00:00+00:00
[2022-08-29T19:45:32.309-0400] {processor.py:161} INFO - Processing /home/augenz/PycharmProjects/airflow/dags/dag_with_cron_expression_v04.py took 0.169 seconds
[2022-08-29T19:46:03.215-0400] {processor.py:153} INFO - Started process (PID=11035) to work on /home/augenz/PycharmProjects/airflow/dags/dag_with_cron_expression_v04.py
[2022-08-29T19:46:03.221-0400] {processor.py:640} INFO - Processing file /home/augenz/PycharmProjects/airflow/dags/dag_with_cron_expression_v04.py for tasks to queue
[2022-08-29T19:46:03.223-0400] {logging_mixin.py:115} INFO - [2022-08-29T19:46:03.223-0400] {dagbag.py:508} INFO - Filling up the DagBag from /home/augenz/PycharmProjects/airflow/dags/dag_with_cron_expression_v04.py
[2022-08-29T19:46:03.241-0400] {processor.py:650} INFO - DAG(s) dict_keys(['dag_with_cron_expression_v04']) retrieved from /home/augenz/PycharmProjects/airflow/dags/dag_with_cron_expression_v04.py
[2022-08-29T19:46:03.321-0400] {logging_mixin.py:115} INFO - [2022-08-29T19:46:03.321-0400] {dag.py:2429} INFO - Sync 1 DAGs
[2022-08-29T19:46:03.390-0400] {logging_mixin.py:115} INFO - [2022-08-29T19:46:03.390-0400] {dag.py:2977} INFO - Setting next_dagrun for dag_with_cron_expression_v04 to 2022-08-30T03:00:00+00:00, run_after=2022-08-31T03:00:00+00:00
[2022-08-29T19:46:03.450-0400] {processor.py:161} INFO - Processing /home/augenz/PycharmProjects/airflow/dags/dag_with_cron_expression_v04.py took 0.243 seconds
[2022-08-29T19:46:33.802-0400] {processor.py:153} INFO - Started process (PID=11144) to work on /home/augenz/PycharmProjects/airflow/dags/dag_with_cron_expression_v04.py
[2022-08-29T19:46:33.837-0400] {processor.py:640} INFO - Processing file /home/augenz/PycharmProjects/airflow/dags/dag_with_cron_expression_v04.py for tasks to queue
[2022-08-29T19:46:33.840-0400] {logging_mixin.py:115} INFO - [2022-08-29T19:46:33.839-0400] {dagbag.py:508} INFO - Filling up the DagBag from /home/augenz/PycharmProjects/airflow/dags/dag_with_cron_expression_v04.py
[2022-08-29T19:46:33.870-0400] {processor.py:650} INFO - DAG(s) dict_keys(['dag_with_cron_expression_v04']) retrieved from /home/augenz/PycharmProjects/airflow/dags/dag_with_cron_expression_v04.py
[2022-08-29T19:46:33.983-0400] {logging_mixin.py:115} INFO - [2022-08-29T19:46:33.982-0400] {dag.py:2429} INFO - Sync 1 DAGs
[2022-08-29T19:46:34.075-0400] {logging_mixin.py:115} INFO - [2022-08-29T19:46:34.075-0400] {dag.py:2977} INFO - Setting next_dagrun for dag_with_cron_expression_v04 to 2022-08-30T03:00:00+00:00, run_after=2022-08-31T03:00:00+00:00
[2022-08-29T19:46:34.178-0400] {processor.py:161} INFO - Processing /home/augenz/PycharmProjects/airflow/dags/dag_with_cron_expression_v04.py took 0.394 seconds
[2022-08-29T19:47:04.762-0400] {processor.py:153} INFO - Started process (PID=11226) to work on /home/augenz/PycharmProjects/airflow/dags/dag_with_cron_expression_v04.py
[2022-08-29T19:47:04.828-0400] {processor.py:640} INFO - Processing file /home/augenz/PycharmProjects/airflow/dags/dag_with_cron_expression_v04.py for tasks to queue
[2022-08-29T19:47:04.830-0400] {logging_mixin.py:115} INFO - [2022-08-29T19:47:04.829-0400] {dagbag.py:508} INFO - Filling up the DagBag from /home/augenz/PycharmProjects/airflow/dags/dag_with_cron_expression_v04.py
[2022-08-29T19:47:04.850-0400] {processor.py:650} INFO - DAG(s) dict_keys(['dag_with_cron_expression_v04']) retrieved from /home/augenz/PycharmProjects/airflow/dags/dag_with_cron_expression_v04.py
[2022-08-29T19:47:04.916-0400] {logging_mixin.py:115} INFO - [2022-08-29T19:47:04.916-0400] {dag.py:2429} INFO - Sync 1 DAGs
[2022-08-29T19:47:04.974-0400] {logging_mixin.py:115} INFO - [2022-08-29T19:47:04.974-0400] {dag.py:2977} INFO - Setting next_dagrun for dag_with_cron_expression_v04 to 2022-08-30T03:00:00+00:00, run_after=2022-08-31T03:00:00+00:00
[2022-08-29T19:47:05.050-0400] {processor.py:161} INFO - Processing /home/augenz/PycharmProjects/airflow/dags/dag_with_cron_expression_v04.py took 0.296 seconds
[2022-08-29T19:47:35.395-0400] {processor.py:153} INFO - Started process (PID=11316) to work on /home/augenz/PycharmProjects/airflow/dags/dag_with_cron_expression_v04.py
[2022-08-29T19:47:35.401-0400] {processor.py:640} INFO - Processing file /home/augenz/PycharmProjects/airflow/dags/dag_with_cron_expression_v04.py for tasks to queue
[2022-08-29T19:47:35.403-0400] {logging_mixin.py:115} INFO - [2022-08-29T19:47:35.402-0400] {dagbag.py:508} INFO - Filling up the DagBag from /home/augenz/PycharmProjects/airflow/dags/dag_with_cron_expression_v04.py
[2022-08-29T19:47:35.422-0400] {processor.py:650} INFO - DAG(s) dict_keys(['dag_with_cron_expression_v04']) retrieved from /home/augenz/PycharmProjects/airflow/dags/dag_with_cron_expression_v04.py
[2022-08-29T19:47:35.493-0400] {logging_mixin.py:115} INFO - [2022-08-29T19:47:35.492-0400] {dag.py:2429} INFO - Sync 1 DAGs
[2022-08-29T19:47:35.558-0400] {logging_mixin.py:115} INFO - [2022-08-29T19:47:35.558-0400] {dag.py:2977} INFO - Setting next_dagrun for dag_with_cron_expression_v04 to 2022-08-30T03:00:00+00:00, run_after=2022-08-31T03:00:00+00:00
[2022-08-29T19:47:35.639-0400] {processor.py:161} INFO - Processing /home/augenz/PycharmProjects/airflow/dags/dag_with_cron_expression_v04.py took 0.250 seconds
[2022-08-29T19:48:13.187-0400] {processor.py:153} INFO - Started process (PID=11388) to work on /home/augenz/PycharmProjects/airflow/dags/dag_with_cron_expression_v04.py
[2022-08-29T19:48:13.189-0400] {processor.py:640} INFO - Processing file /home/augenz/PycharmProjects/airflow/dags/dag_with_cron_expression_v04.py for tasks to queue
[2022-08-29T19:48:13.190-0400] {logging_mixin.py:115} INFO - [2022-08-29T19:48:13.190-0400] {dagbag.py:508} INFO - Filling up the DagBag from /home/augenz/PycharmProjects/airflow/dags/dag_with_cron_expression_v04.py
[2022-08-29T19:48:13.215-0400] {processor.py:650} INFO - DAG(s) dict_keys(['dag_with_cron_expression_v04']) retrieved from /home/augenz/PycharmProjects/airflow/dags/dag_with_cron_expression_v04.py
[2022-08-29T19:48:13.357-0400] {logging_mixin.py:115} INFO - [2022-08-29T19:48:13.356-0400] {dag.py:2429} INFO - Sync 1 DAGs
[2022-08-29T19:48:13.506-0400] {logging_mixin.py:115} INFO - [2022-08-29T19:48:13.499-0400] {dag.py:2977} INFO - Setting next_dagrun for dag_with_cron_expression_v04 to 2022-08-30T03:00:00+00:00, run_after=2022-08-31T03:00:00+00:00
[2022-08-29T19:48:13.574-0400] {processor.py:161} INFO - Processing /home/augenz/PycharmProjects/airflow/dags/dag_with_cron_expression_v04.py took 0.394 seconds
[2022-08-29T19:48:44.232-0400] {processor.py:153} INFO - Started process (PID=11422) to work on /home/augenz/PycharmProjects/airflow/dags/dag_with_cron_expression_v04.py
[2022-08-29T19:48:44.237-0400] {processor.py:640} INFO - Processing file /home/augenz/PycharmProjects/airflow/dags/dag_with_cron_expression_v04.py for tasks to queue
[2022-08-29T19:48:44.238-0400] {logging_mixin.py:115} INFO - [2022-08-29T19:48:44.238-0400] {dagbag.py:508} INFO - Filling up the DagBag from /home/augenz/PycharmProjects/airflow/dags/dag_with_cron_expression_v04.py
[2022-08-29T19:48:44.249-0400] {processor.py:650} INFO - DAG(s) dict_keys(['dag_with_cron_expression_v04']) retrieved from /home/augenz/PycharmProjects/airflow/dags/dag_with_cron_expression_v04.py
[2022-08-29T19:48:44.296-0400] {logging_mixin.py:115} INFO - [2022-08-29T19:48:44.296-0400] {dag.py:2429} INFO - Sync 1 DAGs
[2022-08-29T19:48:44.334-0400] {logging_mixin.py:115} INFO - [2022-08-29T19:48:44.334-0400] {dag.py:2977} INFO - Setting next_dagrun for dag_with_cron_expression_v04 to 2022-08-30T03:00:00+00:00, run_after=2022-08-31T03:00:00+00:00
[2022-08-29T19:48:44.378-0400] {processor.py:161} INFO - Processing /home/augenz/PycharmProjects/airflow/dags/dag_with_cron_expression_v04.py took 0.151 seconds
[2022-08-29T19:49:15.216-0400] {processor.py:153} INFO - Started process (PID=11444) to work on /home/augenz/PycharmProjects/airflow/dags/dag_with_cron_expression_v04.py
[2022-08-29T19:49:15.220-0400] {processor.py:640} INFO - Processing file /home/augenz/PycharmProjects/airflow/dags/dag_with_cron_expression_v04.py for tasks to queue
[2022-08-29T19:49:15.221-0400] {logging_mixin.py:115} INFO - [2022-08-29T19:49:15.221-0400] {dagbag.py:508} INFO - Filling up the DagBag from /home/augenz/PycharmProjects/airflow/dags/dag_with_cron_expression_v04.py
[2022-08-29T19:49:15.234-0400] {processor.py:650} INFO - DAG(s) dict_keys(['dag_with_cron_expression_v04']) retrieved from /home/augenz/PycharmProjects/airflow/dags/dag_with_cron_expression_v04.py
[2022-08-29T19:49:15.291-0400] {logging_mixin.py:115} INFO - [2022-08-29T19:49:15.291-0400] {dag.py:2429} INFO - Sync 1 DAGs
[2022-08-29T19:49:15.358-0400] {logging_mixin.py:115} INFO - [2022-08-29T19:49:15.358-0400] {dag.py:2977} INFO - Setting next_dagrun for dag_with_cron_expression_v04 to 2022-08-30T03:00:00+00:00, run_after=2022-08-31T03:00:00+00:00
[2022-08-29T19:49:15.432-0400] {processor.py:161} INFO - Processing /home/augenz/PycharmProjects/airflow/dags/dag_with_cron_expression_v04.py took 0.222 seconds
[2022-08-29T19:49:45.584-0400] {processor.py:153} INFO - Started process (PID=11462) to work on /home/augenz/PycharmProjects/airflow/dags/dag_with_cron_expression_v04.py
[2022-08-29T19:49:45.598-0400] {processor.py:640} INFO - Processing file /home/augenz/PycharmProjects/airflow/dags/dag_with_cron_expression_v04.py for tasks to queue
[2022-08-29T19:49:45.599-0400] {logging_mixin.py:115} INFO - [2022-08-29T19:49:45.599-0400] {dagbag.py:508} INFO - Filling up the DagBag from /home/augenz/PycharmProjects/airflow/dags/dag_with_cron_expression_v04.py
[2022-08-29T19:49:45.610-0400] {processor.py:650} INFO - DAG(s) dict_keys(['dag_with_cron_expression_v04']) retrieved from /home/augenz/PycharmProjects/airflow/dags/dag_with_cron_expression_v04.py
[2022-08-29T19:49:45.664-0400] {logging_mixin.py:115} INFO - [2022-08-29T19:49:45.664-0400] {dag.py:2429} INFO - Sync 1 DAGs
[2022-08-29T19:49:45.703-0400] {logging_mixin.py:115} INFO - [2022-08-29T19:49:45.703-0400] {dag.py:2977} INFO - Setting next_dagrun for dag_with_cron_expression_v04 to 2022-08-30T03:00:00+00:00, run_after=2022-08-31T03:00:00+00:00
[2022-08-29T19:49:45.745-0400] {processor.py:161} INFO - Processing /home/augenz/PycharmProjects/airflow/dags/dag_with_cron_expression_v04.py took 0.168 seconds
[2022-08-29T19:50:16.620-0400] {processor.py:153} INFO - Started process (PID=11480) to work on /home/augenz/PycharmProjects/airflow/dags/dag_with_cron_expression_v04.py
[2022-08-29T19:50:16.624-0400] {processor.py:640} INFO - Processing file /home/augenz/PycharmProjects/airflow/dags/dag_with_cron_expression_v04.py for tasks to queue
[2022-08-29T19:50:16.625-0400] {logging_mixin.py:115} INFO - [2022-08-29T19:50:16.625-0400] {dagbag.py:508} INFO - Filling up the DagBag from /home/augenz/PycharmProjects/airflow/dags/dag_with_cron_expression_v04.py
[2022-08-29T19:50:16.636-0400] {processor.py:650} INFO - DAG(s) dict_keys(['dag_with_cron_expression_v04']) retrieved from /home/augenz/PycharmProjects/airflow/dags/dag_with_cron_expression_v04.py
[2022-08-29T19:50:16.682-0400] {logging_mixin.py:115} INFO - [2022-08-29T19:50:16.682-0400] {dag.py:2429} INFO - Sync 1 DAGs
[2022-08-29T19:50:16.720-0400] {logging_mixin.py:115} INFO - [2022-08-29T19:50:16.720-0400] {dag.py:2977} INFO - Setting next_dagrun for dag_with_cron_expression_v04 to 2022-08-30T03:00:00+00:00, run_after=2022-08-31T03:00:00+00:00
[2022-08-29T19:50:16.802-0400] {processor.py:161} INFO - Processing /home/augenz/PycharmProjects/airflow/dags/dag_with_cron_expression_v04.py took 0.189 seconds
[2022-08-29T19:50:47.613-0400] {processor.py:153} INFO - Started process (PID=11498) to work on /home/augenz/PycharmProjects/airflow/dags/dag_with_cron_expression_v04.py
[2022-08-29T19:50:47.615-0400] {processor.py:640} INFO - Processing file /home/augenz/PycharmProjects/airflow/dags/dag_with_cron_expression_v04.py for tasks to queue
[2022-08-29T19:50:47.617-0400] {logging_mixin.py:115} INFO - [2022-08-29T19:50:47.616-0400] {dagbag.py:508} INFO - Filling up the DagBag from /home/augenz/PycharmProjects/airflow/dags/dag_with_cron_expression_v04.py
[2022-08-29T19:50:47.631-0400] {processor.py:650} INFO - DAG(s) dict_keys(['dag_with_cron_expression_v04']) retrieved from /home/augenz/PycharmProjects/airflow/dags/dag_with_cron_expression_v04.py
[2022-08-29T19:50:47.686-0400] {logging_mixin.py:115} INFO - [2022-08-29T19:50:47.685-0400] {dag.py:2429} INFO - Sync 1 DAGs
[2022-08-29T19:50:47.741-0400] {logging_mixin.py:115} INFO - [2022-08-29T19:50:47.740-0400] {dag.py:2977} INFO - Setting next_dagrun for dag_with_cron_expression_v04 to 2022-08-30T03:00:00+00:00, run_after=2022-08-31T03:00:00+00:00
[2022-08-29T19:50:47.788-0400] {processor.py:161} INFO - Processing /home/augenz/PycharmProjects/airflow/dags/dag_with_cron_expression_v04.py took 0.180 seconds
[2022-08-29T19:51:18.733-0400] {processor.py:153} INFO - Started process (PID=11516) to work on /home/augenz/PycharmProjects/airflow/dags/dag_with_cron_expression_v04.py
[2022-08-29T19:51:18.750-0400] {processor.py:640} INFO - Processing file /home/augenz/PycharmProjects/airflow/dags/dag_with_cron_expression_v04.py for tasks to queue
[2022-08-29T19:51:18.753-0400] {logging_mixin.py:115} INFO - [2022-08-29T19:51:18.752-0400] {dagbag.py:508} INFO - Filling up the DagBag from /home/augenz/PycharmProjects/airflow/dags/dag_with_cron_expression_v04.py
[2022-08-29T19:51:18.768-0400] {processor.py:650} INFO - DAG(s) dict_keys(['dag_with_cron_expression_v04']) retrieved from /home/augenz/PycharmProjects/airflow/dags/dag_with_cron_expression_v04.py
[2022-08-29T19:51:18.840-0400] {logging_mixin.py:115} INFO - [2022-08-29T19:51:18.839-0400] {dag.py:2429} INFO - Sync 1 DAGs
[2022-08-29T19:51:18.910-0400] {logging_mixin.py:115} INFO - [2022-08-29T19:51:18.908-0400] {dag.py:2977} INFO - Setting next_dagrun for dag_with_cron_expression_v04 to 2022-08-30T03:00:00+00:00, run_after=2022-08-31T03:00:00+00:00
[2022-08-29T19:51:18.951-0400] {processor.py:161} INFO - Processing /home/augenz/PycharmProjects/airflow/dags/dag_with_cron_expression_v04.py took 0.222 seconds
[2022-08-29T19:51:49.018-0400] {processor.py:153} INFO - Started process (PID=11536) to work on /home/augenz/PycharmProjects/airflow/dags/dag_with_cron_expression_v04.py
[2022-08-29T19:51:49.035-0400] {processor.py:640} INFO - Processing file /home/augenz/PycharmProjects/airflow/dags/dag_with_cron_expression_v04.py for tasks to queue
[2022-08-29T19:51:49.036-0400] {logging_mixin.py:115} INFO - [2022-08-29T19:51:49.036-0400] {dagbag.py:508} INFO - Filling up the DagBag from /home/augenz/PycharmProjects/airflow/dags/dag_with_cron_expression_v04.py
[2022-08-29T19:51:49.051-0400] {processor.py:650} INFO - DAG(s) dict_keys(['dag_with_cron_expression_v04']) retrieved from /home/augenz/PycharmProjects/airflow/dags/dag_with_cron_expression_v04.py
[2022-08-29T19:51:49.108-0400] {logging_mixin.py:115} INFO - [2022-08-29T19:51:49.107-0400] {dag.py:2429} INFO - Sync 1 DAGs
[2022-08-29T19:51:49.161-0400] {logging_mixin.py:115} INFO - [2022-08-29T19:51:49.161-0400] {dag.py:2977} INFO - Setting next_dagrun for dag_with_cron_expression_v04 to 2022-08-30T03:00:00+00:00, run_after=2022-08-31T03:00:00+00:00
[2022-08-29T19:51:49.208-0400] {processor.py:161} INFO - Processing /home/augenz/PycharmProjects/airflow/dags/dag_with_cron_expression_v04.py took 0.196 seconds
[2022-08-29T19:52:19.525-0400] {processor.py:153} INFO - Started process (PID=11554) to work on /home/augenz/PycharmProjects/airflow/dags/dag_with_cron_expression_v04.py
[2022-08-29T19:52:19.529-0400] {processor.py:640} INFO - Processing file /home/augenz/PycharmProjects/airflow/dags/dag_with_cron_expression_v04.py for tasks to queue
[2022-08-29T19:52:19.531-0400] {logging_mixin.py:115} INFO - [2022-08-29T19:52:19.530-0400] {dagbag.py:508} INFO - Filling up the DagBag from /home/augenz/PycharmProjects/airflow/dags/dag_with_cron_expression_v04.py
[2022-08-29T19:52:19.549-0400] {processor.py:650} INFO - DAG(s) dict_keys(['dag_with_cron_expression_v04']) retrieved from /home/augenz/PycharmProjects/airflow/dags/dag_with_cron_expression_v04.py
[2022-08-29T19:52:19.605-0400] {logging_mixin.py:115} INFO - [2022-08-29T19:52:19.604-0400] {dag.py:2429} INFO - Sync 1 DAGs
[2022-08-29T19:52:19.659-0400] {logging_mixin.py:115} INFO - [2022-08-29T19:52:19.659-0400] {dag.py:2977} INFO - Setting next_dagrun for dag_with_cron_expression_v04 to 2022-08-30T03:00:00+00:00, run_after=2022-08-31T03:00:00+00:00
[2022-08-29T19:52:19.706-0400] {processor.py:161} INFO - Processing /home/augenz/PycharmProjects/airflow/dags/dag_with_cron_expression_v04.py took 0.188 seconds
[2022-08-29T19:52:50.731-0400] {processor.py:153} INFO - Started process (PID=11582) to work on /home/augenz/PycharmProjects/airflow/dags/dag_with_cron_expression_v04.py
[2022-08-29T19:52:50.734-0400] {processor.py:640} INFO - Processing file /home/augenz/PycharmProjects/airflow/dags/dag_with_cron_expression_v04.py for tasks to queue
[2022-08-29T19:52:50.735-0400] {logging_mixin.py:115} INFO - [2022-08-29T19:52:50.735-0400] {dagbag.py:508} INFO - Filling up the DagBag from /home/augenz/PycharmProjects/airflow/dags/dag_with_cron_expression_v04.py
[2022-08-29T19:52:50.749-0400] {processor.py:650} INFO - DAG(s) dict_keys(['dag_with_cron_expression_v04']) retrieved from /home/augenz/PycharmProjects/airflow/dags/dag_with_cron_expression_v04.py
[2022-08-29T19:52:50.816-0400] {logging_mixin.py:115} INFO - [2022-08-29T19:52:50.815-0400] {dag.py:2429} INFO - Sync 1 DAGs
[2022-08-29T19:52:50.869-0400] {logging_mixin.py:115} INFO - [2022-08-29T19:52:50.868-0400] {dag.py:2977} INFO - Setting next_dagrun for dag_with_cron_expression_v04 to 2022-08-30T03:00:00+00:00, run_after=2022-08-31T03:00:00+00:00
[2022-08-29T19:52:50.941-0400] {processor.py:161} INFO - Processing /home/augenz/PycharmProjects/airflow/dags/dag_with_cron_expression_v04.py took 0.215 seconds
[2022-08-29T19:53:21.848-0400] {processor.py:153} INFO - Started process (PID=11601) to work on /home/augenz/PycharmProjects/airflow/dags/dag_with_cron_expression_v04.py
[2022-08-29T19:53:21.853-0400] {processor.py:640} INFO - Processing file /home/augenz/PycharmProjects/airflow/dags/dag_with_cron_expression_v04.py for tasks to queue
[2022-08-29T19:53:21.854-0400] {logging_mixin.py:115} INFO - [2022-08-29T19:53:21.854-0400] {dagbag.py:508} INFO - Filling up the DagBag from /home/augenz/PycharmProjects/airflow/dags/dag_with_cron_expression_v04.py
[2022-08-29T19:53:21.866-0400] {processor.py:650} INFO - DAG(s) dict_keys(['dag_with_cron_expression_v04']) retrieved from /home/augenz/PycharmProjects/airflow/dags/dag_with_cron_expression_v04.py
[2022-08-29T19:53:21.914-0400] {logging_mixin.py:115} INFO - [2022-08-29T19:53:21.914-0400] {dag.py:2429} INFO - Sync 1 DAGs
[2022-08-29T19:53:21.959-0400] {logging_mixin.py:115} INFO - [2022-08-29T19:53:21.958-0400] {dag.py:2977} INFO - Setting next_dagrun for dag_with_cron_expression_v04 to 2022-08-30T03:00:00+00:00, run_after=2022-08-31T03:00:00+00:00
[2022-08-29T19:53:21.996-0400] {processor.py:161} INFO - Processing /home/augenz/PycharmProjects/airflow/dags/dag_with_cron_expression_v04.py took 0.153 seconds
[2022-08-29T19:53:52.771-0400] {processor.py:153} INFO - Started process (PID=11628) to work on /home/augenz/PycharmProjects/airflow/dags/dag_with_cron_expression_v04.py
[2022-08-29T19:53:52.773-0400] {processor.py:640} INFO - Processing file /home/augenz/PycharmProjects/airflow/dags/dag_with_cron_expression_v04.py for tasks to queue
[2022-08-29T19:53:52.774-0400] {logging_mixin.py:115} INFO - [2022-08-29T19:53:52.774-0400] {dagbag.py:508} INFO - Filling up the DagBag from /home/augenz/PycharmProjects/airflow/dags/dag_with_cron_expression_v04.py
[2022-08-29T19:53:52.785-0400] {processor.py:650} INFO - DAG(s) dict_keys(['dag_with_cron_expression_v04']) retrieved from /home/augenz/PycharmProjects/airflow/dags/dag_with_cron_expression_v04.py
[2022-08-29T19:53:52.845-0400] {logging_mixin.py:115} INFO - [2022-08-29T19:53:52.844-0400] {dag.py:2429} INFO - Sync 1 DAGs
[2022-08-29T19:53:52.900-0400] {logging_mixin.py:115} INFO - [2022-08-29T19:53:52.900-0400] {dag.py:2977} INFO - Setting next_dagrun for dag_with_cron_expression_v04 to 2022-08-30T03:00:00+00:00, run_after=2022-08-31T03:00:00+00:00
[2022-08-29T19:53:52.993-0400] {processor.py:161} INFO - Processing /home/augenz/PycharmProjects/airflow/dags/dag_with_cron_expression_v04.py took 0.229 seconds
[2022-08-29T19:54:23.770-0400] {processor.py:153} INFO - Started process (PID=11650) to work on /home/augenz/PycharmProjects/airflow/dags/dag_with_cron_expression_v04.py
[2022-08-29T19:54:23.790-0400] {processor.py:640} INFO - Processing file /home/augenz/PycharmProjects/airflow/dags/dag_with_cron_expression_v04.py for tasks to queue
[2022-08-29T19:54:23.791-0400] {logging_mixin.py:115} INFO - [2022-08-29T19:54:23.791-0400] {dagbag.py:508} INFO - Filling up the DagBag from /home/augenz/PycharmProjects/airflow/dags/dag_with_cron_expression_v04.py
[2022-08-29T19:54:23.805-0400] {processor.py:650} INFO - DAG(s) dict_keys(['dag_with_cron_expression_v04']) retrieved from /home/augenz/PycharmProjects/airflow/dags/dag_with_cron_expression_v04.py
[2022-08-29T19:54:23.858-0400] {logging_mixin.py:115} INFO - [2022-08-29T19:54:23.858-0400] {dag.py:2429} INFO - Sync 1 DAGs
[2022-08-29T19:54:23.917-0400] {logging_mixin.py:115} INFO - [2022-08-29T19:54:23.917-0400] {dag.py:2977} INFO - Setting next_dagrun for dag_with_cron_expression_v04 to 2022-08-30T03:00:00+00:00, run_after=2022-08-31T03:00:00+00:00
[2022-08-29T19:54:24.004-0400] {processor.py:161} INFO - Processing /home/augenz/PycharmProjects/airflow/dags/dag_with_cron_expression_v04.py took 0.240 seconds
[2022-08-29T19:54:54.774-0400] {processor.py:153} INFO - Started process (PID=11679) to work on /home/augenz/PycharmProjects/airflow/dags/dag_with_cron_expression_v04.py
[2022-08-29T19:54:54.778-0400] {processor.py:640} INFO - Processing file /home/augenz/PycharmProjects/airflow/dags/dag_with_cron_expression_v04.py for tasks to queue
[2022-08-29T19:54:54.780-0400] {logging_mixin.py:115} INFO - [2022-08-29T19:54:54.779-0400] {dagbag.py:508} INFO - Filling up the DagBag from /home/augenz/PycharmProjects/airflow/dags/dag_with_cron_expression_v04.py
[2022-08-29T19:54:54.795-0400] {processor.py:650} INFO - DAG(s) dict_keys(['dag_with_cron_expression_v04']) retrieved from /home/augenz/PycharmProjects/airflow/dags/dag_with_cron_expression_v04.py
[2022-08-29T19:54:54.848-0400] {logging_mixin.py:115} INFO - [2022-08-29T19:54:54.848-0400] {dag.py:2429} INFO - Sync 1 DAGs
[2022-08-29T19:54:54.896-0400] {logging_mixin.py:115} INFO - [2022-08-29T19:54:54.896-0400] {dag.py:2977} INFO - Setting next_dagrun for dag_with_cron_expression_v04 to 2022-08-30T03:00:00+00:00, run_after=2022-08-31T03:00:00+00:00
[2022-08-29T19:54:54.980-0400] {processor.py:161} INFO - Processing /home/augenz/PycharmProjects/airflow/dags/dag_with_cron_expression_v04.py took 0.212 seconds
[2022-08-29T19:55:25.627-0400] {processor.py:153} INFO - Started process (PID=11704) to work on /home/augenz/PycharmProjects/airflow/dags/dag_with_cron_expression_v04.py
[2022-08-29T19:55:25.631-0400] {processor.py:640} INFO - Processing file /home/augenz/PycharmProjects/airflow/dags/dag_with_cron_expression_v04.py for tasks to queue
[2022-08-29T19:55:25.632-0400] {logging_mixin.py:115} INFO - [2022-08-29T19:55:25.632-0400] {dagbag.py:508} INFO - Filling up the DagBag from /home/augenz/PycharmProjects/airflow/dags/dag_with_cron_expression_v04.py
[2022-08-29T19:55:25.642-0400] {processor.py:650} INFO - DAG(s) dict_keys(['dag_with_cron_expression_v04']) retrieved from /home/augenz/PycharmProjects/airflow/dags/dag_with_cron_expression_v04.py
[2022-08-29T19:55:25.694-0400] {logging_mixin.py:115} INFO - [2022-08-29T19:55:25.694-0400] {dag.py:2429} INFO - Sync 1 DAGs
[2022-08-29T19:55:25.738-0400] {logging_mixin.py:115} INFO - [2022-08-29T19:55:25.738-0400] {dag.py:2977} INFO - Setting next_dagrun for dag_with_cron_expression_v04 to 2022-08-30T03:00:00+00:00, run_after=2022-08-31T03:00:00+00:00
[2022-08-29T19:55:25.783-0400] {processor.py:161} INFO - Processing /home/augenz/PycharmProjects/airflow/dags/dag_with_cron_expression_v04.py took 0.160 seconds
[2022-08-29T19:55:56.684-0400] {processor.py:153} INFO - Started process (PID=11722) to work on /home/augenz/PycharmProjects/airflow/dags/dag_with_cron_expression_v04.py
[2022-08-29T19:55:56.704-0400] {processor.py:640} INFO - Processing file /home/augenz/PycharmProjects/airflow/dags/dag_with_cron_expression_v04.py for tasks to queue
[2022-08-29T19:55:56.705-0400] {logging_mixin.py:115} INFO - [2022-08-29T19:55:56.705-0400] {dagbag.py:508} INFO - Filling up the DagBag from /home/augenz/PycharmProjects/airflow/dags/dag_with_cron_expression_v04.py
[2022-08-29T19:55:56.721-0400] {processor.py:650} INFO - DAG(s) dict_keys(['dag_with_cron_expression_v04']) retrieved from /home/augenz/PycharmProjects/airflow/dags/dag_with_cron_expression_v04.py
[2022-08-29T19:55:56.777-0400] {logging_mixin.py:115} INFO - [2022-08-29T19:55:56.776-0400] {dag.py:2429} INFO - Sync 1 DAGs
[2022-08-29T19:55:56.833-0400] {logging_mixin.py:115} INFO - [2022-08-29T19:55:56.833-0400] {dag.py:2977} INFO - Setting next_dagrun for dag_with_cron_expression_v04 to 2022-08-30T03:00:00+00:00, run_after=2022-08-31T03:00:00+00:00
[2022-08-29T19:55:56.912-0400] {processor.py:161} INFO - Processing /home/augenz/PycharmProjects/airflow/dags/dag_with_cron_expression_v04.py took 0.232 seconds
[2022-08-29T19:56:27.623-0400] {processor.py:153} INFO - Started process (PID=11740) to work on /home/augenz/PycharmProjects/airflow/dags/dag_with_cron_expression_v04.py
[2022-08-29T19:56:27.630-0400] {processor.py:640} INFO - Processing file /home/augenz/PycharmProjects/airflow/dags/dag_with_cron_expression_v04.py for tasks to queue
[2022-08-29T19:56:27.632-0400] {logging_mixin.py:115} INFO - [2022-08-29T19:56:27.631-0400] {dagbag.py:508} INFO - Filling up the DagBag from /home/augenz/PycharmProjects/airflow/dags/dag_with_cron_expression_v04.py
[2022-08-29T19:56:27.646-0400] {processor.py:650} INFO - DAG(s) dict_keys(['dag_with_cron_expression_v04']) retrieved from /home/augenz/PycharmProjects/airflow/dags/dag_with_cron_expression_v04.py
[2022-08-29T19:56:27.695-0400] {logging_mixin.py:115} INFO - [2022-08-29T19:56:27.694-0400] {dag.py:2429} INFO - Sync 1 DAGs
[2022-08-29T19:56:27.731-0400] {logging_mixin.py:115} INFO - [2022-08-29T19:56:27.731-0400] {dag.py:2977} INFO - Setting next_dagrun for dag_with_cron_expression_v04 to 2022-08-30T03:00:00+00:00, run_after=2022-08-31T03:00:00+00:00
[2022-08-29T19:56:27.799-0400] {processor.py:161} INFO - Processing /home/augenz/PycharmProjects/airflow/dags/dag_with_cron_expression_v04.py took 0.183 seconds
[2022-08-29T19:56:58.457-0400] {processor.py:153} INFO - Started process (PID=11767) to work on /home/augenz/PycharmProjects/airflow/dags/dag_with_cron_expression_v04.py
[2022-08-29T19:56:58.462-0400] {processor.py:640} INFO - Processing file /home/augenz/PycharmProjects/airflow/dags/dag_with_cron_expression_v04.py for tasks to queue
[2022-08-29T19:56:58.463-0400] {logging_mixin.py:115} INFO - [2022-08-29T19:56:58.463-0400] {dagbag.py:508} INFO - Filling up the DagBag from /home/augenz/PycharmProjects/airflow/dags/dag_with_cron_expression_v04.py
[2022-08-29T19:56:58.474-0400] {processor.py:650} INFO - DAG(s) dict_keys(['dag_with_cron_expression_v04']) retrieved from /home/augenz/PycharmProjects/airflow/dags/dag_with_cron_expression_v04.py
[2022-08-29T19:56:58.529-0400] {logging_mixin.py:115} INFO - [2022-08-29T19:56:58.529-0400] {dag.py:2429} INFO - Sync 1 DAGs
[2022-08-29T19:56:58.581-0400] {logging_mixin.py:115} INFO - [2022-08-29T19:56:58.581-0400] {dag.py:2977} INFO - Setting next_dagrun for dag_with_cron_expression_v04 to 2022-08-30T03:00:00+00:00, run_after=2022-08-31T03:00:00+00:00
[2022-08-29T19:56:58.666-0400] {processor.py:161} INFO - Processing /home/augenz/PycharmProjects/airflow/dags/dag_with_cron_expression_v04.py took 0.214 seconds
[2022-08-29T19:57:29.328-0400] {processor.py:153} INFO - Started process (PID=11796) to work on /home/augenz/PycharmProjects/airflow/dags/dag_with_cron_expression_v04.py
[2022-08-29T19:57:29.331-0400] {processor.py:640} INFO - Processing file /home/augenz/PycharmProjects/airflow/dags/dag_with_cron_expression_v04.py for tasks to queue
[2022-08-29T19:57:29.332-0400] {logging_mixin.py:115} INFO - [2022-08-29T19:57:29.332-0400] {dagbag.py:508} INFO - Filling up the DagBag from /home/augenz/PycharmProjects/airflow/dags/dag_with_cron_expression_v04.py
[2022-08-29T19:57:29.343-0400] {processor.py:650} INFO - DAG(s) dict_keys(['dag_with_cron_expression_v04']) retrieved from /home/augenz/PycharmProjects/airflow/dags/dag_with_cron_expression_v04.py
[2022-08-29T19:57:29.389-0400] {logging_mixin.py:115} INFO - [2022-08-29T19:57:29.389-0400] {dag.py:2429} INFO - Sync 1 DAGs
[2022-08-29T19:57:29.428-0400] {logging_mixin.py:115} INFO - [2022-08-29T19:57:29.428-0400] {dag.py:2977} INFO - Setting next_dagrun for dag_with_cron_expression_v04 to 2022-08-30T03:00:00+00:00, run_after=2022-08-31T03:00:00+00:00
[2022-08-29T19:57:29.494-0400] {processor.py:161} INFO - Processing /home/augenz/PycharmProjects/airflow/dags/dag_with_cron_expression_v04.py took 0.173 seconds
[2022-08-29T19:58:00.422-0400] {processor.py:153} INFO - Started process (PID=11820) to work on /home/augenz/PycharmProjects/airflow/dags/dag_with_cron_expression_v04.py
[2022-08-29T19:58:00.425-0400] {processor.py:640} INFO - Processing file /home/augenz/PycharmProjects/airflow/dags/dag_with_cron_expression_v04.py for tasks to queue
[2022-08-29T19:58:00.426-0400] {logging_mixin.py:115} INFO - [2022-08-29T19:58:00.426-0400] {dagbag.py:508} INFO - Filling up the DagBag from /home/augenz/PycharmProjects/airflow/dags/dag_with_cron_expression_v04.py
[2022-08-29T19:58:00.437-0400] {processor.py:650} INFO - DAG(s) dict_keys(['dag_with_cron_expression_v04']) retrieved from /home/augenz/PycharmProjects/airflow/dags/dag_with_cron_expression_v04.py
[2022-08-29T19:58:00.492-0400] {logging_mixin.py:115} INFO - [2022-08-29T19:58:00.491-0400] {dag.py:2429} INFO - Sync 1 DAGs
[2022-08-29T19:58:00.534-0400] {logging_mixin.py:115} INFO - [2022-08-29T19:58:00.533-0400] {dag.py:2977} INFO - Setting next_dagrun for dag_with_cron_expression_v04 to 2022-08-30T03:00:00+00:00, run_after=2022-08-31T03:00:00+00:00
[2022-08-29T19:58:00.606-0400] {processor.py:161} INFO - Processing /home/augenz/PycharmProjects/airflow/dags/dag_with_cron_expression_v04.py took 0.190 seconds
[2022-08-29T19:58:31.352-0400] {processor.py:153} INFO - Started process (PID=11838) to work on /home/augenz/PycharmProjects/airflow/dags/dag_with_cron_expression_v04.py
[2022-08-29T19:58:31.356-0400] {processor.py:640} INFO - Processing file /home/augenz/PycharmProjects/airflow/dags/dag_with_cron_expression_v04.py for tasks to queue
[2022-08-29T19:58:31.357-0400] {logging_mixin.py:115} INFO - [2022-08-29T19:58:31.357-0400] {dagbag.py:508} INFO - Filling up the DagBag from /home/augenz/PycharmProjects/airflow/dags/dag_with_cron_expression_v04.py
[2022-08-29T19:58:31.368-0400] {processor.py:650} INFO - DAG(s) dict_keys(['dag_with_cron_expression_v04']) retrieved from /home/augenz/PycharmProjects/airflow/dags/dag_with_cron_expression_v04.py
[2022-08-29T19:58:31.417-0400] {logging_mixin.py:115} INFO - [2022-08-29T19:58:31.416-0400] {dag.py:2429} INFO - Sync 1 DAGs
[2022-08-29T19:58:31.455-0400] {logging_mixin.py:115} INFO - [2022-08-29T19:58:31.455-0400] {dag.py:2977} INFO - Setting next_dagrun for dag_with_cron_expression_v04 to 2022-08-30T03:00:00+00:00, run_after=2022-08-31T03:00:00+00:00
[2022-08-29T19:58:31.495-0400] {processor.py:161} INFO - Processing /home/augenz/PycharmProjects/airflow/dags/dag_with_cron_expression_v04.py took 0.149 seconds
[2022-08-29T19:59:02.201-0400] {processor.py:153} INFO - Started process (PID=11869) to work on /home/augenz/PycharmProjects/airflow/dags/dag_with_cron_expression_v04.py
[2022-08-29T19:59:02.222-0400] {processor.py:640} INFO - Processing file /home/augenz/PycharmProjects/airflow/dags/dag_with_cron_expression_v04.py for tasks to queue
[2022-08-29T19:59:02.224-0400] {logging_mixin.py:115} INFO - [2022-08-29T19:59:02.223-0400] {dagbag.py:508} INFO - Filling up the DagBag from /home/augenz/PycharmProjects/airflow/dags/dag_with_cron_expression_v04.py
[2022-08-29T19:59:02.234-0400] {processor.py:650} INFO - DAG(s) dict_keys(['dag_with_cron_expression_v04']) retrieved from /home/augenz/PycharmProjects/airflow/dags/dag_with_cron_expression_v04.py
[2022-08-29T19:59:02.282-0400] {logging_mixin.py:115} INFO - [2022-08-29T19:59:02.282-0400] {dag.py:2429} INFO - Sync 1 DAGs
[2022-08-29T19:59:02.320-0400] {logging_mixin.py:115} INFO - [2022-08-29T19:59:02.320-0400] {dag.py:2977} INFO - Setting next_dagrun for dag_with_cron_expression_v04 to 2022-08-30T03:00:00+00:00, run_after=2022-08-31T03:00:00+00:00
[2022-08-29T19:59:02.395-0400] {processor.py:161} INFO - Processing /home/augenz/PycharmProjects/airflow/dags/dag_with_cron_expression_v04.py took 0.199 seconds
[2022-08-29T19:59:33.196-0400] {processor.py:153} INFO - Started process (PID=11894) to work on /home/augenz/PycharmProjects/airflow/dags/dag_with_cron_expression_v04.py
[2022-08-29T19:59:33.200-0400] {processor.py:640} INFO - Processing file /home/augenz/PycharmProjects/airflow/dags/dag_with_cron_expression_v04.py for tasks to queue
[2022-08-29T19:59:33.201-0400] {logging_mixin.py:115} INFO - [2022-08-29T19:59:33.201-0400] {dagbag.py:508} INFO - Filling up the DagBag from /home/augenz/PycharmProjects/airflow/dags/dag_with_cron_expression_v04.py
[2022-08-29T19:59:33.216-0400] {processor.py:650} INFO - DAG(s) dict_keys(['dag_with_cron_expression_v04']) retrieved from /home/augenz/PycharmProjects/airflow/dags/dag_with_cron_expression_v04.py
[2022-08-29T19:59:33.266-0400] {logging_mixin.py:115} INFO - [2022-08-29T19:59:33.266-0400] {dag.py:2429} INFO - Sync 1 DAGs
[2022-08-29T19:59:33.303-0400] {logging_mixin.py:115} INFO - [2022-08-29T19:59:33.303-0400] {dag.py:2977} INFO - Setting next_dagrun for dag_with_cron_expression_v04 to 2022-08-30T03:00:00+00:00, run_after=2022-08-31T03:00:00+00:00
[2022-08-29T19:59:33.356-0400] {processor.py:161} INFO - Processing /home/augenz/PycharmProjects/airflow/dags/dag_with_cron_expression_v04.py took 0.167 seconds
