[2022-08-29T19:38:58.814-0400] {processor.py:153} INFO - Started process (PID=10694) to work on /home/augenz/PycharmProjects/airflow/dags/dag_with_cron_expression_v02.py
[2022-08-29T19:38:58.815-0400] {processor.py:640} INFO - Processing file /home/augenz/PycharmProjects/airflow/dags/dag_with_cron_expression_v02.py for tasks to queue
[2022-08-29T19:38:58.821-0400] {logging_mixin.py:115} INFO - [2022-08-29T19:38:58.820-0400] {dagbag.py:508} INFO - Filling up the DagBag from /home/augenz/PycharmProjects/airflow/dags/dag_with_cron_expression_v02.py
[2022-08-29T19:38:58.841-0400] {processor.py:650} INFO - DAG(s) dict_keys(['dag_with_cron_expression_v02']) retrieved from /home/augenz/PycharmProjects/airflow/dags/dag_with_cron_expression_v02.py
[2022-08-29T19:38:59.030-0400] {logging_mixin.py:115} INFO - [2022-08-29T19:38:59.029-0400] {manager.py:508} INFO - Created Permission View: can delete on DAG:dag_with_cron_expression_v02
[2022-08-29T19:38:59.072-0400] {logging_mixin.py:115} INFO - [2022-08-29T19:38:59.071-0400] {manager.py:508} INFO - Created Permission View: can edit on DAG:dag_with_cron_expression_v02
[2022-08-29T19:38:59.114-0400] {logging_mixin.py:115} INFO - [2022-08-29T19:38:59.113-0400] {manager.py:508} INFO - Created Permission View: can read on DAG:dag_with_cron_expression_v02
[2022-08-29T19:38:59.115-0400] {logging_mixin.py:115} INFO - [2022-08-29T19:38:59.115-0400] {dag.py:2429} INFO - Sync 1 DAGs
[2022-08-29T19:38:59.146-0400] {logging_mixin.py:115} INFO - [2022-08-29T19:38:59.145-0400] {dag.py:2448} INFO - Creating ORM DAG for dag_with_cron_expression_v02
[2022-08-29T19:38:59.177-0400] {logging_mixin.py:115} INFO - [2022-08-29T19:38:59.176-0400] {dag.py:2977} INFO - Setting next_dagrun for dag_with_cron_expression_v02 to 2022-08-29T00:00:00+00:00, run_after=2022-08-30T00:00:00+00:00
[2022-08-29T19:38:59.223-0400] {processor.py:161} INFO - Processing /home/augenz/PycharmProjects/airflow/dags/dag_with_cron_expression_v02.py took 0.414 seconds
[2022-08-29T19:39:29.851-0400] {processor.py:153} INFO - Started process (PID=10718) to work on /home/augenz/PycharmProjects/airflow/dags/dag_with_cron_expression_v02.py
[2022-08-29T19:39:29.862-0400] {processor.py:640} INFO - Processing file /home/augenz/PycharmProjects/airflow/dags/dag_with_cron_expression_v02.py for tasks to queue
[2022-08-29T19:39:29.864-0400] {logging_mixin.py:115} INFO - [2022-08-29T19:39:29.864-0400] {dagbag.py:508} INFO - Filling up the DagBag from /home/augenz/PycharmProjects/airflow/dags/dag_with_cron_expression_v02.py
[2022-08-29T19:39:29.881-0400] {processor.py:650} INFO - DAG(s) dict_keys(['dag_with_cron_expression_v02']) retrieved from /home/augenz/PycharmProjects/airflow/dags/dag_with_cron_expression_v02.py
[2022-08-29T19:39:29.919-0400] {logging_mixin.py:115} INFO - [2022-08-29T19:39:29.918-0400] {dag.py:2429} INFO - Sync 1 DAGs
[2022-08-29T19:39:30.038-0400] {logging_mixin.py:115} INFO - [2022-08-29T19:39:30.037-0400] {dag.py:2977} INFO - Setting next_dagrun for dag_with_cron_expression_v02 to 2022-08-29T00:00:00+00:00, run_after=2022-08-30T00:00:00+00:00
[2022-08-29T19:39:30.123-0400] {processor.py:161} INFO - Processing /home/augenz/PycharmProjects/airflow/dags/dag_with_cron_expression_v02.py took 0.283 seconds
[2022-08-29T19:40:00.455-0400] {processor.py:153} INFO - Started process (PID=10739) to work on /home/augenz/PycharmProjects/airflow/dags/dag_with_cron_expression_v02.py
[2022-08-29T19:40:00.457-0400] {processor.py:640} INFO - Processing file /home/augenz/PycharmProjects/airflow/dags/dag_with_cron_expression_v02.py for tasks to queue
[2022-08-29T19:40:00.458-0400] {logging_mixin.py:115} INFO - [2022-08-29T19:40:00.458-0400] {dagbag.py:508} INFO - Filling up the DagBag from /home/augenz/PycharmProjects/airflow/dags/dag_with_cron_expression_v02.py
[2022-08-29T19:40:00.473-0400] {processor.py:650} INFO - DAG(s) dict_keys(['dag_with_cron_expression_v02']) retrieved from /home/augenz/PycharmProjects/airflow/dags/dag_with_cron_expression_v02.py
[2022-08-29T19:40:00.572-0400] {logging_mixin.py:115} INFO - [2022-08-29T19:40:00.572-0400] {dag.py:2429} INFO - Sync 1 DAGs
[2022-08-29T19:40:00.602-0400] {logging_mixin.py:115} INFO - [2022-08-29T19:40:00.602-0400] {dag.py:2977} INFO - Setting next_dagrun for dag_with_cron_expression_v02 to 2022-08-29T00:00:00+00:00, run_after=2022-08-30T00:00:00+00:00
[2022-08-29T19:40:00.656-0400] {processor.py:161} INFO - Processing /home/augenz/PycharmProjects/airflow/dags/dag_with_cron_expression_v02.py took 0.207 seconds
[2022-08-29T19:40:31.219-0400] {processor.py:153} INFO - Started process (PID=10757) to work on /home/augenz/PycharmProjects/airflow/dags/dag_with_cron_expression_v02.py
[2022-08-29T19:40:31.223-0400] {processor.py:640} INFO - Processing file /home/augenz/PycharmProjects/airflow/dags/dag_with_cron_expression_v02.py for tasks to queue
[2022-08-29T19:40:31.225-0400] {logging_mixin.py:115} INFO - [2022-08-29T19:40:31.224-0400] {dagbag.py:508} INFO - Filling up the DagBag from /home/augenz/PycharmProjects/airflow/dags/dag_with_cron_expression_v02.py
[2022-08-29T19:40:31.238-0400] {processor.py:650} INFO - DAG(s) dict_keys(['dag_with_cron_expression_v02']) retrieved from /home/augenz/PycharmProjects/airflow/dags/dag_with_cron_expression_v02.py
[2022-08-29T19:40:31.293-0400] {logging_mixin.py:115} INFO - [2022-08-29T19:40:31.293-0400] {dag.py:2429} INFO - Sync 1 DAGs
[2022-08-29T19:40:31.337-0400] {logging_mixin.py:115} INFO - [2022-08-29T19:40:31.337-0400] {dag.py:2977} INFO - Setting next_dagrun for dag_with_cron_expression_v02 to 2022-08-29T00:00:00+00:00, run_after=2022-08-30T00:00:00+00:00
[2022-08-29T19:40:31.429-0400] {processor.py:161} INFO - Processing /home/augenz/PycharmProjects/airflow/dags/dag_with_cron_expression_v02.py took 0.215 seconds
[2022-08-29T19:41:02.008-0400] {processor.py:153} INFO - Started process (PID=10778) to work on /home/augenz/PycharmProjects/airflow/dags/dag_with_cron_expression_v02.py
[2022-08-29T19:41:02.012-0400] {processor.py:640} INFO - Processing file /home/augenz/PycharmProjects/airflow/dags/dag_with_cron_expression_v02.py for tasks to queue
[2022-08-29T19:41:02.013-0400] {logging_mixin.py:115} INFO - [2022-08-29T19:41:02.013-0400] {dagbag.py:508} INFO - Filling up the DagBag from /home/augenz/PycharmProjects/airflow/dags/dag_with_cron_expression_v02.py
[2022-08-29T19:41:02.023-0400] {processor.py:650} INFO - DAG(s) dict_keys(['dag_with_cron_expression_v02']) retrieved from /home/augenz/PycharmProjects/airflow/dags/dag_with_cron_expression_v02.py
[2022-08-29T19:41:02.074-0400] {logging_mixin.py:115} INFO - [2022-08-29T19:41:02.073-0400] {dag.py:2429} INFO - Sync 1 DAGs
[2022-08-29T19:41:02.113-0400] {logging_mixin.py:115} INFO - [2022-08-29T19:41:02.112-0400] {dag.py:2977} INFO - Setting next_dagrun for dag_with_cron_expression_v02 to 2022-08-29T00:00:00+00:00, run_after=2022-08-30T00:00:00+00:00
[2022-08-29T19:41:02.172-0400] {processor.py:161} INFO - Processing /home/augenz/PycharmProjects/airflow/dags/dag_with_cron_expression_v02.py took 0.168 seconds
[2022-08-29T19:41:33.138-0400] {processor.py:153} INFO - Started process (PID=10800) to work on /home/augenz/PycharmProjects/airflow/dags/dag_with_cron_expression_v02.py
[2022-08-29T19:41:33.141-0400] {processor.py:640} INFO - Processing file /home/augenz/PycharmProjects/airflow/dags/dag_with_cron_expression_v02.py for tasks to queue
[2022-08-29T19:41:33.143-0400] {logging_mixin.py:115} INFO - [2022-08-29T19:41:33.142-0400] {dagbag.py:508} INFO - Filling up the DagBag from /home/augenz/PycharmProjects/airflow/dags/dag_with_cron_expression_v02.py
[2022-08-29T19:41:33.155-0400] {processor.py:650} INFO - DAG(s) dict_keys(['dag_with_cron_expression_v02']) retrieved from /home/augenz/PycharmProjects/airflow/dags/dag_with_cron_expression_v02.py
[2022-08-29T19:41:33.215-0400] {logging_mixin.py:115} INFO - [2022-08-29T19:41:33.214-0400] {dag.py:2429} INFO - Sync 1 DAGs
[2022-08-29T19:41:33.259-0400] {logging_mixin.py:115} INFO - [2022-08-29T19:41:33.259-0400] {dag.py:2977} INFO - Setting next_dagrun for dag_with_cron_expression_v02 to 2022-08-29T00:00:00+00:00, run_after=2022-08-30T00:00:00+00:00
[2022-08-29T19:41:33.296-0400] {processor.py:161} INFO - Processing /home/augenz/PycharmProjects/airflow/dags/dag_with_cron_expression_v02.py took 0.166 seconds
[2022-08-29T19:42:03.392-0400] {processor.py:153} INFO - Started process (PID=10818) to work on /home/augenz/PycharmProjects/airflow/dags/dag_with_cron_expression_v02.py
[2022-08-29T19:42:03.393-0400] {processor.py:640} INFO - Processing file /home/augenz/PycharmProjects/airflow/dags/dag_with_cron_expression_v02.py for tasks to queue
[2022-08-29T19:42:03.394-0400] {logging_mixin.py:115} INFO - [2022-08-29T19:42:03.394-0400] {dagbag.py:508} INFO - Filling up the DagBag from /home/augenz/PycharmProjects/airflow/dags/dag_with_cron_expression_v02.py
[2022-08-29T19:42:03.406-0400] {processor.py:650} INFO - DAG(s) dict_keys(['dag_with_cron_expression_v02']) retrieved from /home/augenz/PycharmProjects/airflow/dags/dag_with_cron_expression_v02.py
[2022-08-29T19:42:03.464-0400] {logging_mixin.py:115} INFO - [2022-08-29T19:42:03.463-0400] {dag.py:2429} INFO - Sync 1 DAGs
[2022-08-29T19:42:03.499-0400] {logging_mixin.py:115} INFO - [2022-08-29T19:42:03.499-0400] {dag.py:2977} INFO - Setting next_dagrun for dag_with_cron_expression_v02 to 2022-08-29T00:00:00+00:00, run_after=2022-08-30T00:00:00+00:00
[2022-08-29T19:42:03.568-0400] {processor.py:161} INFO - Processing /home/augenz/PycharmProjects/airflow/dags/dag_with_cron_expression_v02.py took 0.181 seconds
[2022-08-29T19:42:34.232-0400] {processor.py:153} INFO - Started process (PID=10857) to work on /home/augenz/PycharmProjects/airflow/dags/dag_with_cron_expression_v02.py
[2022-08-29T19:42:34.234-0400] {processor.py:640} INFO - Processing file /home/augenz/PycharmProjects/airflow/dags/dag_with_cron_expression_v02.py for tasks to queue
[2022-08-29T19:42:34.235-0400] {logging_mixin.py:115} INFO - [2022-08-29T19:42:34.235-0400] {dagbag.py:508} INFO - Filling up the DagBag from /home/augenz/PycharmProjects/airflow/dags/dag_with_cron_expression_v02.py
[2022-08-29T19:42:34.250-0400] {processor.py:650} INFO - DAG(s) dict_keys(['dag_with_cron_expression_v02']) retrieved from /home/augenz/PycharmProjects/airflow/dags/dag_with_cron_expression_v02.py
[2022-08-29T19:42:34.314-0400] {logging_mixin.py:115} INFO - [2022-08-29T19:42:34.314-0400] {dag.py:2429} INFO - Sync 1 DAGs
[2022-08-29T19:42:34.360-0400] {logging_mixin.py:115} INFO - [2022-08-29T19:42:34.360-0400] {dag.py:2977} INFO - Setting next_dagrun for dag_with_cron_expression_v02 to 2022-08-29T00:00:00+00:00, run_after=2022-08-30T00:00:00+00:00
[2022-08-29T19:42:34.424-0400] {processor.py:161} INFO - Processing /home/augenz/PycharmProjects/airflow/dags/dag_with_cron_expression_v02.py took 0.198 seconds
[2022-08-29T19:43:05.079-0400] {processor.py:153} INFO - Started process (PID=10874) to work on /home/augenz/PycharmProjects/airflow/dags/dag_with_cron_expression_v02.py
[2022-08-29T19:43:05.080-0400] {processor.py:640} INFO - Processing file /home/augenz/PycharmProjects/airflow/dags/dag_with_cron_expression_v02.py for tasks to queue
[2022-08-29T19:43:05.081-0400] {logging_mixin.py:115} INFO - [2022-08-29T19:43:05.081-0400] {dagbag.py:508} INFO - Filling up the DagBag from /home/augenz/PycharmProjects/airflow/dags/dag_with_cron_expression_v02.py
[2022-08-29T19:43:05.095-0400] {processor.py:650} INFO - DAG(s) dict_keys(['dag_with_cron_expression_v02']) retrieved from /home/augenz/PycharmProjects/airflow/dags/dag_with_cron_expression_v02.py
[2022-08-29T19:43:05.152-0400] {logging_mixin.py:115} INFO - [2022-08-29T19:43:05.152-0400] {dag.py:2429} INFO - Sync 1 DAGs
[2022-08-29T19:43:05.204-0400] {logging_mixin.py:115} INFO - [2022-08-29T19:43:05.203-0400] {dag.py:2977} INFO - Setting next_dagrun for dag_with_cron_expression_v02 to 2022-08-29T00:00:00+00:00, run_after=2022-08-30T00:00:00+00:00
[2022-08-29T19:43:05.297-0400] {processor.py:161} INFO - Processing /home/augenz/PycharmProjects/airflow/dags/dag_with_cron_expression_v02.py took 0.225 seconds
[2022-08-29T19:43:35.973-0400] {processor.py:153} INFO - Started process (PID=10900) to work on /home/augenz/PycharmProjects/airflow/dags/dag_with_cron_expression_v02.py
[2022-08-29T19:43:35.974-0400] {processor.py:640} INFO - Processing file /home/augenz/PycharmProjects/airflow/dags/dag_with_cron_expression_v02.py for tasks to queue
[2022-08-29T19:43:35.975-0400] {logging_mixin.py:115} INFO - [2022-08-29T19:43:35.975-0400] {dagbag.py:508} INFO - Filling up the DagBag from /home/augenz/PycharmProjects/airflow/dags/dag_with_cron_expression_v02.py
[2022-08-29T19:43:35.987-0400] {processor.py:650} INFO - DAG(s) dict_keys(['dag_with_cron_expression_v02']) retrieved from /home/augenz/PycharmProjects/airflow/dags/dag_with_cron_expression_v02.py
[2022-08-29T19:43:36.045-0400] {logging_mixin.py:115} INFO - [2022-08-29T19:43:36.045-0400] {dag.py:2429} INFO - Sync 1 DAGs
[2022-08-29T19:43:36.087-0400] {logging_mixin.py:115} INFO - [2022-08-29T19:43:36.086-0400] {dag.py:2977} INFO - Setting next_dagrun for dag_with_cron_expression_v02 to 2022-08-29T00:00:00+00:00, run_after=2022-08-30T00:00:00+00:00
[2022-08-29T19:43:36.193-0400] {processor.py:161} INFO - Processing /home/augenz/PycharmProjects/airflow/dags/dag_with_cron_expression_v02.py took 0.227 seconds
[2022-08-29T19:44:06.423-0400] {processor.py:153} INFO - Started process (PID=10918) to work on /home/augenz/PycharmProjects/airflow/dags/dag_with_cron_expression_v02.py
[2022-08-29T19:44:06.426-0400] {processor.py:640} INFO - Processing file /home/augenz/PycharmProjects/airflow/dags/dag_with_cron_expression_v02.py for tasks to queue
[2022-08-29T19:44:06.427-0400] {logging_mixin.py:115} INFO - [2022-08-29T19:44:06.427-0400] {dagbag.py:508} INFO - Filling up the DagBag from /home/augenz/PycharmProjects/airflow/dags/dag_with_cron_expression_v02.py
[2022-08-29T19:44:06.443-0400] {processor.py:650} INFO - DAG(s) dict_keys(['dag_with_cron_expression_v02']) retrieved from /home/augenz/PycharmProjects/airflow/dags/dag_with_cron_expression_v02.py
[2022-08-29T19:44:06.498-0400] {logging_mixin.py:115} INFO - [2022-08-29T19:44:06.498-0400] {dag.py:2429} INFO - Sync 1 DAGs
[2022-08-29T19:44:06.543-0400] {logging_mixin.py:115} INFO - [2022-08-29T19:44:06.542-0400] {dag.py:2977} INFO - Setting next_dagrun for dag_with_cron_expression_v02 to 2022-08-29T00:00:00+00:00, run_after=2022-08-30T00:00:00+00:00
[2022-08-29T19:44:06.585-0400] {processor.py:161} INFO - Processing /home/augenz/PycharmProjects/airflow/dags/dag_with_cron_expression_v02.py took 0.168 seconds
[2022-08-29T19:44:37.294-0400] {processor.py:153} INFO - Started process (PID=10955) to work on /home/augenz/PycharmProjects/airflow/dags/dag_with_cron_expression_v02.py
[2022-08-29T19:44:37.295-0400] {processor.py:640} INFO - Processing file /home/augenz/PycharmProjects/airflow/dags/dag_with_cron_expression_v02.py for tasks to queue
[2022-08-29T19:44:37.295-0400] {logging_mixin.py:115} INFO - [2022-08-29T19:44:37.295-0400] {dagbag.py:508} INFO - Filling up the DagBag from /home/augenz/PycharmProjects/airflow/dags/dag_with_cron_expression_v02.py
[2022-08-29T19:44:37.306-0400] {processor.py:650} INFO - DAG(s) dict_keys(['dag_with_cron_expression_v02']) retrieved from /home/augenz/PycharmProjects/airflow/dags/dag_with_cron_expression_v02.py
[2022-08-29T19:44:37.349-0400] {logging_mixin.py:115} INFO - [2022-08-29T19:44:37.348-0400] {dag.py:2429} INFO - Sync 1 DAGs
[2022-08-29T19:44:37.385-0400] {logging_mixin.py:115} INFO - [2022-08-29T19:44:37.385-0400] {dag.py:2977} INFO - Setting next_dagrun for dag_with_cron_expression_v02 to 2022-08-29T00:00:00+00:00, run_after=2022-08-30T00:00:00+00:00
[2022-08-29T19:44:37.438-0400] {processor.py:161} INFO - Processing /home/augenz/PycharmProjects/airflow/dags/dag_with_cron_expression_v02.py took 0.149 seconds
[2022-08-29T19:45:08.064-0400] {processor.py:153} INFO - Started process (PID=10984) to work on /home/augenz/PycharmProjects/airflow/dags/dag_with_cron_expression_v02.py
[2022-08-29T19:45:08.066-0400] {processor.py:640} INFO - Processing file /home/augenz/PycharmProjects/airflow/dags/dag_with_cron_expression_v02.py for tasks to queue
[2022-08-29T19:45:08.067-0400] {logging_mixin.py:115} INFO - [2022-08-29T19:45:08.067-0400] {dagbag.py:508} INFO - Filling up the DagBag from /home/augenz/PycharmProjects/airflow/dags/dag_with_cron_expression_v02.py
[2022-08-29T19:45:08.079-0400] {processor.py:650} INFO - DAG(s) dict_keys(['dag_with_cron_expression_v02']) retrieved from /home/augenz/PycharmProjects/airflow/dags/dag_with_cron_expression_v02.py
[2022-08-29T19:45:08.135-0400] {logging_mixin.py:115} INFO - [2022-08-29T19:45:08.135-0400] {dag.py:2429} INFO - Sync 1 DAGs
[2022-08-29T19:45:08.176-0400] {logging_mixin.py:115} INFO - [2022-08-29T19:45:08.175-0400] {dag.py:2977} INFO - Setting next_dagrun for dag_with_cron_expression_v02 to 2022-08-29T00:00:00+00:00, run_after=2022-08-30T00:00:00+00:00
[2022-08-29T19:45:08.235-0400] {processor.py:161} INFO - Processing /home/augenz/PycharmProjects/airflow/dags/dag_with_cron_expression_v02.py took 0.177 seconds
[2022-08-29T19:45:38.908-0400] {processor.py:153} INFO - Started process (PID=11013) to work on /home/augenz/PycharmProjects/airflow/dags/dag_with_cron_expression_v02.py
[2022-08-29T19:45:38.922-0400] {processor.py:640} INFO - Processing file /home/augenz/PycharmProjects/airflow/dags/dag_with_cron_expression_v02.py for tasks to queue
[2022-08-29T19:45:38.923-0400] {logging_mixin.py:115} INFO - [2022-08-29T19:45:38.923-0400] {dagbag.py:508} INFO - Filling up the DagBag from /home/augenz/PycharmProjects/airflow/dags/dag_with_cron_expression_v02.py
[2022-08-29T19:45:38.954-0400] {processor.py:650} INFO - DAG(s) dict_keys(['dag_with_cron_expression_v02']) retrieved from /home/augenz/PycharmProjects/airflow/dags/dag_with_cron_expression_v02.py
[2022-08-29T19:45:39.005-0400] {logging_mixin.py:115} INFO - [2022-08-29T19:45:39.004-0400] {dag.py:2429} INFO - Sync 1 DAGs
[2022-08-29T19:45:39.042-0400] {logging_mixin.py:115} INFO - [2022-08-29T19:45:39.042-0400] {dag.py:2977} INFO - Setting next_dagrun for dag_with_cron_expression_v02 to 2022-08-29T00:00:00+00:00, run_after=2022-08-30T00:00:00+00:00
[2022-08-29T19:45:39.122-0400] {processor.py:161} INFO - Processing /home/augenz/PycharmProjects/airflow/dags/dag_with_cron_expression_v02.py took 0.221 seconds
[2022-08-29T19:46:09.906-0400] {processor.py:153} INFO - Started process (PID=11050) to work on /home/augenz/PycharmProjects/airflow/dags/dag_with_cron_expression_v02.py
[2022-08-29T19:46:09.912-0400] {processor.py:640} INFO - Processing file /home/augenz/PycharmProjects/airflow/dags/dag_with_cron_expression_v02.py for tasks to queue
[2022-08-29T19:46:09.913-0400] {logging_mixin.py:115} INFO - [2022-08-29T19:46:09.913-0400] {dagbag.py:508} INFO - Filling up the DagBag from /home/augenz/PycharmProjects/airflow/dags/dag_with_cron_expression_v02.py
[2022-08-29T19:46:09.934-0400] {processor.py:650} INFO - DAG(s) dict_keys(['dag_with_cron_expression_v02']) retrieved from /home/augenz/PycharmProjects/airflow/dags/dag_with_cron_expression_v02.py
[2022-08-29T19:46:10.042-0400] {logging_mixin.py:115} INFO - [2022-08-29T19:46:10.042-0400] {dag.py:2429} INFO - Sync 1 DAGs
[2022-08-29T19:46:10.102-0400] {logging_mixin.py:115} INFO - [2022-08-29T19:46:10.102-0400] {dag.py:2977} INFO - Setting next_dagrun for dag_with_cron_expression_v02 to 2022-08-29T00:00:00+00:00, run_after=2022-08-30T00:00:00+00:00
[2022-08-29T19:46:10.170-0400] {processor.py:161} INFO - Processing /home/augenz/PycharmProjects/airflow/dags/dag_with_cron_expression_v02.py took 0.270 seconds
[2022-08-29T19:46:40.736-0400] {processor.py:153} INFO - Started process (PID=11168) to work on /home/augenz/PycharmProjects/airflow/dags/dag_with_cron_expression_v02.py
[2022-08-29T19:46:40.747-0400] {processor.py:640} INFO - Processing file /home/augenz/PycharmProjects/airflow/dags/dag_with_cron_expression_v02.py for tasks to queue
[2022-08-29T19:46:40.749-0400] {logging_mixin.py:115} INFO - [2022-08-29T19:46:40.748-0400] {dagbag.py:508} INFO - Filling up the DagBag from /home/augenz/PycharmProjects/airflow/dags/dag_with_cron_expression_v02.py
[2022-08-29T19:46:40.763-0400] {processor.py:650} INFO - DAG(s) dict_keys(['dag_with_cron_expression_v02']) retrieved from /home/augenz/PycharmProjects/airflow/dags/dag_with_cron_expression_v02.py
[2022-08-29T19:46:40.835-0400] {logging_mixin.py:115} INFO - [2022-08-29T19:46:40.834-0400] {dag.py:2429} INFO - Sync 1 DAGs
[2022-08-29T19:46:40.960-0400] {logging_mixin.py:115} INFO - [2022-08-29T19:46:40.960-0400] {dag.py:2977} INFO - Setting next_dagrun for dag_with_cron_expression_v02 to 2022-08-29T00:00:00+00:00, run_after=2022-08-30T00:00:00+00:00
[2022-08-29T19:46:41.060-0400] {processor.py:161} INFO - Processing /home/augenz/PycharmProjects/airflow/dags/dag_with_cron_expression_v02.py took 0.337 seconds
[2022-08-29T19:47:11.382-0400] {processor.py:153} INFO - Started process (PID=11254) to work on /home/augenz/PycharmProjects/airflow/dags/dag_with_cron_expression_v02.py
[2022-08-29T19:47:11.422-0400] {processor.py:640} INFO - Processing file /home/augenz/PycharmProjects/airflow/dags/dag_with_cron_expression_v02.py for tasks to queue
[2022-08-29T19:47:11.424-0400] {logging_mixin.py:115} INFO - [2022-08-29T19:47:11.423-0400] {dagbag.py:508} INFO - Filling up the DagBag from /home/augenz/PycharmProjects/airflow/dags/dag_with_cron_expression_v02.py
[2022-08-29T19:47:11.443-0400] {processor.py:650} INFO - DAG(s) dict_keys(['dag_with_cron_expression_v02']) retrieved from /home/augenz/PycharmProjects/airflow/dags/dag_with_cron_expression_v02.py
[2022-08-29T19:47:11.521-0400] {logging_mixin.py:115} INFO - [2022-08-29T19:47:11.520-0400] {dag.py:2429} INFO - Sync 1 DAGs
[2022-08-29T19:47:11.589-0400] {logging_mixin.py:115} INFO - [2022-08-29T19:47:11.589-0400] {dag.py:2977} INFO - Setting next_dagrun for dag_with_cron_expression_v02 to 2022-08-29T00:00:00+00:00, run_after=2022-08-30T00:00:00+00:00
[2022-08-29T19:47:11.723-0400] {processor.py:161} INFO - Processing /home/augenz/PycharmProjects/airflow/dags/dag_with_cron_expression_v02.py took 0.358 seconds
[2022-08-29T19:47:42.038-0400] {processor.py:153} INFO - Started process (PID=11336) to work on /home/augenz/PycharmProjects/airflow/dags/dag_with_cron_expression_v02.py
[2022-08-29T19:47:42.048-0400] {processor.py:640} INFO - Processing file /home/augenz/PycharmProjects/airflow/dags/dag_with_cron_expression_v02.py for tasks to queue
[2022-08-29T19:47:42.051-0400] {logging_mixin.py:115} INFO - [2022-08-29T19:47:42.050-0400] {dagbag.py:508} INFO - Filling up the DagBag from /home/augenz/PycharmProjects/airflow/dags/dag_with_cron_expression_v02.py
[2022-08-29T19:47:42.083-0400] {processor.py:650} INFO - DAG(s) dict_keys(['dag_with_cron_expression_v02']) retrieved from /home/augenz/PycharmProjects/airflow/dags/dag_with_cron_expression_v02.py
[2022-08-29T19:47:42.173-0400] {logging_mixin.py:115} INFO - [2022-08-29T19:47:42.172-0400] {dag.py:2429} INFO - Sync 1 DAGs
[2022-08-29T19:47:42.231-0400] {logging_mixin.py:115} INFO - [2022-08-29T19:47:42.231-0400] {dag.py:2977} INFO - Setting next_dagrun for dag_with_cron_expression_v02 to 2022-08-29T00:00:00+00:00, run_after=2022-08-30T00:00:00+00:00
[2022-08-29T19:47:42.353-0400] {processor.py:161} INFO - Processing /home/augenz/PycharmProjects/airflow/dags/dag_with_cron_expression_v02.py took 0.327 seconds
[2022-08-29T19:48:13.805-0400] {processor.py:153} INFO - Started process (PID=11405) to work on /home/augenz/PycharmProjects/airflow/dags/dag_with_cron_expression_v02.py
[2022-08-29T19:48:13.817-0400] {processor.py:640} INFO - Processing file /home/augenz/PycharmProjects/airflow/dags/dag_with_cron_expression_v02.py for tasks to queue
[2022-08-29T19:48:13.820-0400] {logging_mixin.py:115} INFO - [2022-08-29T19:48:13.819-0400] {dagbag.py:508} INFO - Filling up the DagBag from /home/augenz/PycharmProjects/airflow/dags/dag_with_cron_expression_v02.py
[2022-08-29T19:48:13.858-0400] {processor.py:650} INFO - DAG(s) dict_keys(['dag_with_cron_expression_v02']) retrieved from /home/augenz/PycharmProjects/airflow/dags/dag_with_cron_expression_v02.py
[2022-08-29T19:48:13.977-0400] {logging_mixin.py:115} INFO - [2022-08-29T19:48:13.977-0400] {dag.py:2429} INFO - Sync 1 DAGs
[2022-08-29T19:48:14.048-0400] {logging_mixin.py:115} INFO - [2022-08-29T19:48:14.048-0400] {dag.py:2977} INFO - Setting next_dagrun for dag_with_cron_expression_v02 to 2022-08-29T00:00:00+00:00, run_after=2022-08-30T00:00:00+00:00
[2022-08-29T19:48:14.186-0400] {processor.py:161} INFO - Processing /home/augenz/PycharmProjects/airflow/dags/dag_with_cron_expression_v02.py took 0.444 seconds
[2022-08-29T19:48:44.408-0400] {processor.py:153} INFO - Started process (PID=11424) to work on /home/augenz/PycharmProjects/airflow/dags/dag_with_cron_expression_v02.py
[2022-08-29T19:48:44.412-0400] {processor.py:640} INFO - Processing file /home/augenz/PycharmProjects/airflow/dags/dag_with_cron_expression_v02.py for tasks to queue
[2022-08-29T19:48:44.413-0400] {logging_mixin.py:115} INFO - [2022-08-29T19:48:44.413-0400] {dagbag.py:508} INFO - Filling up the DagBag from /home/augenz/PycharmProjects/airflow/dags/dag_with_cron_expression_v02.py
[2022-08-29T19:48:44.425-0400] {processor.py:650} INFO - DAG(s) dict_keys(['dag_with_cron_expression_v02']) retrieved from /home/augenz/PycharmProjects/airflow/dags/dag_with_cron_expression_v02.py
[2022-08-29T19:48:44.475-0400] {logging_mixin.py:115} INFO - [2022-08-29T19:48:44.475-0400] {dag.py:2429} INFO - Sync 1 DAGs
[2022-08-29T19:48:44.523-0400] {logging_mixin.py:115} INFO - [2022-08-29T19:48:44.522-0400] {dag.py:2977} INFO - Setting next_dagrun for dag_with_cron_expression_v02 to 2022-08-29T00:00:00+00:00, run_after=2022-08-30T00:00:00+00:00
[2022-08-29T19:48:44.571-0400] {processor.py:161} INFO - Processing /home/augenz/PycharmProjects/airflow/dags/dag_with_cron_expression_v02.py took 0.170 seconds
[2022-08-29T19:49:15.438-0400] {processor.py:153} INFO - Started process (PID=11446) to work on /home/augenz/PycharmProjects/airflow/dags/dag_with_cron_expression_v02.py
[2022-08-29T19:49:15.446-0400] {processor.py:640} INFO - Processing file /home/augenz/PycharmProjects/airflow/dags/dag_with_cron_expression_v02.py for tasks to queue
[2022-08-29T19:49:15.447-0400] {logging_mixin.py:115} INFO - [2022-08-29T19:49:15.447-0400] {dagbag.py:508} INFO - Filling up the DagBag from /home/augenz/PycharmProjects/airflow/dags/dag_with_cron_expression_v02.py
[2022-08-29T19:49:15.461-0400] {processor.py:650} INFO - DAG(s) dict_keys(['dag_with_cron_expression_v02']) retrieved from /home/augenz/PycharmProjects/airflow/dags/dag_with_cron_expression_v02.py
[2022-08-29T19:49:15.527-0400] {logging_mixin.py:115} INFO - [2022-08-29T19:49:15.527-0400] {dag.py:2429} INFO - Sync 1 DAGs
[2022-08-29T19:49:15.579-0400] {logging_mixin.py:115} INFO - [2022-08-29T19:49:15.579-0400] {dag.py:2977} INFO - Setting next_dagrun for dag_with_cron_expression_v02 to 2022-08-29T00:00:00+00:00, run_after=2022-08-30T00:00:00+00:00
[2022-08-29T19:49:15.629-0400] {processor.py:161} INFO - Processing /home/augenz/PycharmProjects/airflow/dags/dag_with_cron_expression_v02.py took 0.196 seconds
[2022-08-29T19:49:45.776-0400] {processor.py:153} INFO - Started process (PID=11464) to work on /home/augenz/PycharmProjects/airflow/dags/dag_with_cron_expression_v02.py
[2022-08-29T19:49:45.779-0400] {processor.py:640} INFO - Processing file /home/augenz/PycharmProjects/airflow/dags/dag_with_cron_expression_v02.py for tasks to queue
[2022-08-29T19:49:45.780-0400] {logging_mixin.py:115} INFO - [2022-08-29T19:49:45.780-0400] {dagbag.py:508} INFO - Filling up the DagBag from /home/augenz/PycharmProjects/airflow/dags/dag_with_cron_expression_v02.py
[2022-08-29T19:49:45.793-0400] {processor.py:650} INFO - DAG(s) dict_keys(['dag_with_cron_expression_v02']) retrieved from /home/augenz/PycharmProjects/airflow/dags/dag_with_cron_expression_v02.py
[2022-08-29T19:49:45.841-0400] {logging_mixin.py:115} INFO - [2022-08-29T19:49:45.841-0400] {dag.py:2429} INFO - Sync 1 DAGs
[2022-08-29T19:49:45.878-0400] {logging_mixin.py:115} INFO - [2022-08-29T19:49:45.878-0400] {dag.py:2977} INFO - Setting next_dagrun for dag_with_cron_expression_v02 to 2022-08-29T00:00:00+00:00, run_after=2022-08-30T00:00:00+00:00
[2022-08-29T19:49:45.921-0400] {processor.py:161} INFO - Processing /home/augenz/PycharmProjects/airflow/dags/dag_with_cron_expression_v02.py took 0.152 seconds
[2022-08-29T19:50:16.831-0400] {processor.py:153} INFO - Started process (PID=11482) to work on /home/augenz/PycharmProjects/airflow/dags/dag_with_cron_expression_v02.py
[2022-08-29T19:50:16.835-0400] {processor.py:640} INFO - Processing file /home/augenz/PycharmProjects/airflow/dags/dag_with_cron_expression_v02.py for tasks to queue
[2022-08-29T19:50:16.836-0400] {logging_mixin.py:115} INFO - [2022-08-29T19:50:16.836-0400] {dagbag.py:508} INFO - Filling up the DagBag from /home/augenz/PycharmProjects/airflow/dags/dag_with_cron_expression_v02.py
[2022-08-29T19:50:16.850-0400] {processor.py:650} INFO - DAG(s) dict_keys(['dag_with_cron_expression_v02']) retrieved from /home/augenz/PycharmProjects/airflow/dags/dag_with_cron_expression_v02.py
[2022-08-29T19:50:16.897-0400] {logging_mixin.py:115} INFO - [2022-08-29T19:50:16.896-0400] {dag.py:2429} INFO - Sync 1 DAGs
[2022-08-29T19:50:16.942-0400] {logging_mixin.py:115} INFO - [2022-08-29T19:50:16.942-0400] {dag.py:2977} INFO - Setting next_dagrun for dag_with_cron_expression_v02 to 2022-08-29T00:00:00+00:00, run_after=2022-08-30T00:00:00+00:00
[2022-08-29T19:50:16.992-0400] {processor.py:161} INFO - Processing /home/augenz/PycharmProjects/airflow/dags/dag_with_cron_expression_v02.py took 0.166 seconds
[2022-08-29T19:50:47.815-0400] {processor.py:153} INFO - Started process (PID=11500) to work on /home/augenz/PycharmProjects/airflow/dags/dag_with_cron_expression_v02.py
[2022-08-29T19:50:47.818-0400] {processor.py:640} INFO - Processing file /home/augenz/PycharmProjects/airflow/dags/dag_with_cron_expression_v02.py for tasks to queue
[2022-08-29T19:50:47.819-0400] {logging_mixin.py:115} INFO - [2022-08-29T19:50:47.819-0400] {dagbag.py:508} INFO - Filling up the DagBag from /home/augenz/PycharmProjects/airflow/dags/dag_with_cron_expression_v02.py
[2022-08-29T19:50:47.833-0400] {processor.py:650} INFO - DAG(s) dict_keys(['dag_with_cron_expression_v02']) retrieved from /home/augenz/PycharmProjects/airflow/dags/dag_with_cron_expression_v02.py
[2022-08-29T19:50:47.898-0400] {logging_mixin.py:115} INFO - [2022-08-29T19:50:47.897-0400] {dag.py:2429} INFO - Sync 1 DAGs
[2022-08-29T19:50:47.961-0400] {logging_mixin.py:115} INFO - [2022-08-29T19:50:47.954-0400] {dag.py:2977} INFO - Setting next_dagrun for dag_with_cron_expression_v02 to 2022-08-29T00:00:00+00:00, run_after=2022-08-30T00:00:00+00:00
[2022-08-29T19:50:48.023-0400] {processor.py:161} INFO - Processing /home/augenz/PycharmProjects/airflow/dags/dag_with_cron_expression_v02.py took 0.212 seconds
[2022-08-29T19:51:18.976-0400] {processor.py:153} INFO - Started process (PID=11518) to work on /home/augenz/PycharmProjects/airflow/dags/dag_with_cron_expression_v02.py
[2022-08-29T19:51:18.979-0400] {processor.py:640} INFO - Processing file /home/augenz/PycharmProjects/airflow/dags/dag_with_cron_expression_v02.py for tasks to queue
[2022-08-29T19:51:18.980-0400] {logging_mixin.py:115} INFO - [2022-08-29T19:51:18.980-0400] {dagbag.py:508} INFO - Filling up the DagBag from /home/augenz/PycharmProjects/airflow/dags/dag_with_cron_expression_v02.py
[2022-08-29T19:51:18.993-0400] {processor.py:650} INFO - DAG(s) dict_keys(['dag_with_cron_expression_v02']) retrieved from /home/augenz/PycharmProjects/airflow/dags/dag_with_cron_expression_v02.py
[2022-08-29T19:51:19.067-0400] {logging_mixin.py:115} INFO - [2022-08-29T19:51:19.066-0400] {dag.py:2429} INFO - Sync 1 DAGs
[2022-08-29T19:51:19.145-0400] {logging_mixin.py:115} INFO - [2022-08-29T19:51:19.145-0400] {dag.py:2977} INFO - Setting next_dagrun for dag_with_cron_expression_v02 to 2022-08-29T00:00:00+00:00, run_after=2022-08-30T00:00:00+00:00
[2022-08-29T19:51:19.222-0400] {processor.py:161} INFO - Processing /home/augenz/PycharmProjects/airflow/dags/dag_with_cron_expression_v02.py took 0.250 seconds
[2022-08-29T19:51:49.260-0400] {processor.py:153} INFO - Started process (PID=11538) to work on /home/augenz/PycharmProjects/airflow/dags/dag_with_cron_expression_v02.py
[2022-08-29T19:51:49.263-0400] {processor.py:640} INFO - Processing file /home/augenz/PycharmProjects/airflow/dags/dag_with_cron_expression_v02.py for tasks to queue
[2022-08-29T19:51:49.264-0400] {logging_mixin.py:115} INFO - [2022-08-29T19:51:49.264-0400] {dagbag.py:508} INFO - Filling up the DagBag from /home/augenz/PycharmProjects/airflow/dags/dag_with_cron_expression_v02.py
[2022-08-29T19:51:49.275-0400] {processor.py:650} INFO - DAG(s) dict_keys(['dag_with_cron_expression_v02']) retrieved from /home/augenz/PycharmProjects/airflow/dags/dag_with_cron_expression_v02.py
[2022-08-29T19:51:49.330-0400] {logging_mixin.py:115} INFO - [2022-08-29T19:51:49.330-0400] {dag.py:2429} INFO - Sync 1 DAGs
[2022-08-29T19:51:49.373-0400] {logging_mixin.py:115} INFO - [2022-08-29T19:51:49.373-0400] {dag.py:2977} INFO - Setting next_dagrun for dag_with_cron_expression_v02 to 2022-08-29T00:00:00+00:00, run_after=2022-08-30T00:00:00+00:00
[2022-08-29T19:51:49.432-0400] {processor.py:161} INFO - Processing /home/augenz/PycharmProjects/airflow/dags/dag_with_cron_expression_v02.py took 0.177 seconds
[2022-08-29T19:52:19.736-0400] {processor.py:153} INFO - Started process (PID=11556) to work on /home/augenz/PycharmProjects/airflow/dags/dag_with_cron_expression_v02.py
[2022-08-29T19:52:19.740-0400] {processor.py:640} INFO - Processing file /home/augenz/PycharmProjects/airflow/dags/dag_with_cron_expression_v02.py for tasks to queue
[2022-08-29T19:52:19.741-0400] {logging_mixin.py:115} INFO - [2022-08-29T19:52:19.741-0400] {dagbag.py:508} INFO - Filling up the DagBag from /home/augenz/PycharmProjects/airflow/dags/dag_with_cron_expression_v02.py
[2022-08-29T19:52:19.758-0400] {processor.py:650} INFO - DAG(s) dict_keys(['dag_with_cron_expression_v02']) retrieved from /home/augenz/PycharmProjects/airflow/dags/dag_with_cron_expression_v02.py
[2022-08-29T19:52:19.813-0400] {logging_mixin.py:115} INFO - [2022-08-29T19:52:19.812-0400] {dag.py:2429} INFO - Sync 1 DAGs
[2022-08-29T19:52:19.865-0400] {logging_mixin.py:115} INFO - [2022-08-29T19:52:19.865-0400] {dag.py:2977} INFO - Setting next_dagrun for dag_with_cron_expression_v02 to 2022-08-29T00:00:00+00:00, run_after=2022-08-30T00:00:00+00:00
[2022-08-29T19:52:19.912-0400] {processor.py:161} INFO - Processing /home/augenz/PycharmProjects/airflow/dags/dag_with_cron_expression_v02.py took 0.182 seconds
[2022-08-29T19:52:50.938-0400] {processor.py:153} INFO - Started process (PID=11584) to work on /home/augenz/PycharmProjects/airflow/dags/dag_with_cron_expression_v02.py
[2022-08-29T19:52:50.942-0400] {processor.py:640} INFO - Processing file /home/augenz/PycharmProjects/airflow/dags/dag_with_cron_expression_v02.py for tasks to queue
[2022-08-29T19:52:50.943-0400] {logging_mixin.py:115} INFO - [2022-08-29T19:52:50.942-0400] {dagbag.py:508} INFO - Filling up the DagBag from /home/augenz/PycharmProjects/airflow/dags/dag_with_cron_expression_v02.py
[2022-08-29T19:52:50.954-0400] {processor.py:650} INFO - DAG(s) dict_keys(['dag_with_cron_expression_v02']) retrieved from /home/augenz/PycharmProjects/airflow/dags/dag_with_cron_expression_v02.py
[2022-08-29T19:52:51.003-0400] {logging_mixin.py:115} INFO - [2022-08-29T19:52:51.002-0400] {dag.py:2429} INFO - Sync 1 DAGs
[2022-08-29T19:52:51.043-0400] {logging_mixin.py:115} INFO - [2022-08-29T19:52:51.043-0400] {dag.py:2977} INFO - Setting next_dagrun for dag_with_cron_expression_v02 to 2022-08-29T00:00:00+00:00, run_after=2022-08-30T00:00:00+00:00
[2022-08-29T19:52:51.083-0400] {processor.py:161} INFO - Processing /home/augenz/PycharmProjects/airflow/dags/dag_with_cron_expression_v02.py took 0.150 seconds
[2022-08-29T19:53:22.023-0400] {processor.py:153} INFO - Started process (PID=11603) to work on /home/augenz/PycharmProjects/airflow/dags/dag_with_cron_expression_v02.py
[2022-08-29T19:53:22.024-0400] {processor.py:640} INFO - Processing file /home/augenz/PycharmProjects/airflow/dags/dag_with_cron_expression_v02.py for tasks to queue
[2022-08-29T19:53:22.025-0400] {logging_mixin.py:115} INFO - [2022-08-29T19:53:22.025-0400] {dagbag.py:508} INFO - Filling up the DagBag from /home/augenz/PycharmProjects/airflow/dags/dag_with_cron_expression_v02.py
[2022-08-29T19:53:22.035-0400] {processor.py:650} INFO - DAG(s) dict_keys(['dag_with_cron_expression_v02']) retrieved from /home/augenz/PycharmProjects/airflow/dags/dag_with_cron_expression_v02.py
[2022-08-29T19:53:22.081-0400] {logging_mixin.py:115} INFO - [2022-08-29T19:53:22.081-0400] {dag.py:2429} INFO - Sync 1 DAGs
[2022-08-29T19:53:22.117-0400] {logging_mixin.py:115} INFO - [2022-08-29T19:53:22.117-0400] {dag.py:2977} INFO - Setting next_dagrun for dag_with_cron_expression_v02 to 2022-08-29T00:00:00+00:00, run_after=2022-08-30T00:00:00+00:00
[2022-08-29T19:53:22.154-0400] {processor.py:161} INFO - Processing /home/augenz/PycharmProjects/airflow/dags/dag_with_cron_expression_v02.py took 0.135 seconds
[2022-08-29T19:53:53.020-0400] {processor.py:153} INFO - Started process (PID=11630) to work on /home/augenz/PycharmProjects/airflow/dags/dag_with_cron_expression_v02.py
[2022-08-29T19:53:53.024-0400] {processor.py:640} INFO - Processing file /home/augenz/PycharmProjects/airflow/dags/dag_with_cron_expression_v02.py for tasks to queue
[2022-08-29T19:53:53.025-0400] {logging_mixin.py:115} INFO - [2022-08-29T19:53:53.025-0400] {dagbag.py:508} INFO - Filling up the DagBag from /home/augenz/PycharmProjects/airflow/dags/dag_with_cron_expression_v02.py
[2022-08-29T19:53:53.034-0400] {processor.py:650} INFO - DAG(s) dict_keys(['dag_with_cron_expression_v02']) retrieved from /home/augenz/PycharmProjects/airflow/dags/dag_with_cron_expression_v02.py
[2022-08-29T19:53:53.080-0400] {logging_mixin.py:115} INFO - [2022-08-29T19:53:53.079-0400] {dag.py:2429} INFO - Sync 1 DAGs
[2022-08-29T19:53:53.114-0400] {logging_mixin.py:115} INFO - [2022-08-29T19:53:53.113-0400] {dag.py:2977} INFO - Setting next_dagrun for dag_with_cron_expression_v02 to 2022-08-29T00:00:00+00:00, run_after=2022-08-30T00:00:00+00:00
[2022-08-29T19:53:53.152-0400] {processor.py:161} INFO - Processing /home/augenz/PycharmProjects/airflow/dags/dag_with_cron_expression_v02.py took 0.137 seconds
[2022-08-29T19:54:24.045-0400] {processor.py:153} INFO - Started process (PID=11652) to work on /home/augenz/PycharmProjects/airflow/dags/dag_with_cron_expression_v02.py
[2022-08-29T19:54:24.052-0400] {processor.py:640} INFO - Processing file /home/augenz/PycharmProjects/airflow/dags/dag_with_cron_expression_v02.py for tasks to queue
[2022-08-29T19:54:24.053-0400] {logging_mixin.py:115} INFO - [2022-08-29T19:54:24.053-0400] {dagbag.py:508} INFO - Filling up the DagBag from /home/augenz/PycharmProjects/airflow/dags/dag_with_cron_expression_v02.py
[2022-08-29T19:54:24.066-0400] {processor.py:650} INFO - DAG(s) dict_keys(['dag_with_cron_expression_v02']) retrieved from /home/augenz/PycharmProjects/airflow/dags/dag_with_cron_expression_v02.py
[2022-08-29T19:54:24.144-0400] {logging_mixin.py:115} INFO - [2022-08-29T19:54:24.144-0400] {dag.py:2429} INFO - Sync 1 DAGs
[2022-08-29T19:54:24.212-0400] {logging_mixin.py:115} INFO - [2022-08-29T19:54:24.211-0400] {dag.py:2977} INFO - Setting next_dagrun for dag_with_cron_expression_v02 to 2022-08-29T00:00:00+00:00, run_after=2022-08-30T00:00:00+00:00
[2022-08-29T19:54:24.255-0400] {processor.py:161} INFO - Processing /home/augenz/PycharmProjects/airflow/dags/dag_with_cron_expression_v02.py took 0.215 seconds
[2022-08-29T19:54:55.008-0400] {processor.py:153} INFO - Started process (PID=11681) to work on /home/augenz/PycharmProjects/airflow/dags/dag_with_cron_expression_v02.py
[2022-08-29T19:54:55.010-0400] {processor.py:640} INFO - Processing file /home/augenz/PycharmProjects/airflow/dags/dag_with_cron_expression_v02.py for tasks to queue
[2022-08-29T19:54:55.011-0400] {logging_mixin.py:115} INFO - [2022-08-29T19:54:55.011-0400] {dagbag.py:508} INFO - Filling up the DagBag from /home/augenz/PycharmProjects/airflow/dags/dag_with_cron_expression_v02.py
[2022-08-29T19:54:55.021-0400] {processor.py:650} INFO - DAG(s) dict_keys(['dag_with_cron_expression_v02']) retrieved from /home/augenz/PycharmProjects/airflow/dags/dag_with_cron_expression_v02.py
[2022-08-29T19:54:55.071-0400] {logging_mixin.py:115} INFO - [2022-08-29T19:54:55.070-0400] {dag.py:2429} INFO - Sync 1 DAGs
[2022-08-29T19:54:55.110-0400] {logging_mixin.py:115} INFO - [2022-08-29T19:54:55.110-0400] {dag.py:2977} INFO - Setting next_dagrun for dag_with_cron_expression_v02 to 2022-08-29T00:00:00+00:00, run_after=2022-08-30T00:00:00+00:00
[2022-08-29T19:54:55.152-0400] {processor.py:161} INFO - Processing /home/augenz/PycharmProjects/airflow/dags/dag_with_cron_expression_v02.py took 0.149 seconds
[2022-08-29T19:55:25.807-0400] {processor.py:153} INFO - Started process (PID=11706) to work on /home/augenz/PycharmProjects/airflow/dags/dag_with_cron_expression_v02.py
[2022-08-29T19:55:25.810-0400] {processor.py:640} INFO - Processing file /home/augenz/PycharmProjects/airflow/dags/dag_with_cron_expression_v02.py for tasks to queue
[2022-08-29T19:55:25.812-0400] {logging_mixin.py:115} INFO - [2022-08-29T19:55:25.811-0400] {dagbag.py:508} INFO - Filling up the DagBag from /home/augenz/PycharmProjects/airflow/dags/dag_with_cron_expression_v02.py
[2022-08-29T19:55:25.825-0400] {processor.py:650} INFO - DAG(s) dict_keys(['dag_with_cron_expression_v02']) retrieved from /home/augenz/PycharmProjects/airflow/dags/dag_with_cron_expression_v02.py
[2022-08-29T19:55:25.878-0400] {logging_mixin.py:115} INFO - [2022-08-29T19:55:25.877-0400] {dag.py:2429} INFO - Sync 1 DAGs
[2022-08-29T19:55:25.922-0400] {logging_mixin.py:115} INFO - [2022-08-29T19:55:25.922-0400] {dag.py:2977} INFO - Setting next_dagrun for dag_with_cron_expression_v02 to 2022-08-29T00:00:00+00:00, run_after=2022-08-30T00:00:00+00:00
[2022-08-29T19:55:25.966-0400] {processor.py:161} INFO - Processing /home/augenz/PycharmProjects/airflow/dags/dag_with_cron_expression_v02.py took 0.163 seconds
[2022-08-29T19:55:56.935-0400] {processor.py:153} INFO - Started process (PID=11724) to work on /home/augenz/PycharmProjects/airflow/dags/dag_with_cron_expression_v02.py
[2022-08-29T19:55:56.938-0400] {processor.py:640} INFO - Processing file /home/augenz/PycharmProjects/airflow/dags/dag_with_cron_expression_v02.py for tasks to queue
[2022-08-29T19:55:56.939-0400] {logging_mixin.py:115} INFO - [2022-08-29T19:55:56.939-0400] {dagbag.py:508} INFO - Filling up the DagBag from /home/augenz/PycharmProjects/airflow/dags/dag_with_cron_expression_v02.py
[2022-08-29T19:55:56.949-0400] {processor.py:650} INFO - DAG(s) dict_keys(['dag_with_cron_expression_v02']) retrieved from /home/augenz/PycharmProjects/airflow/dags/dag_with_cron_expression_v02.py
[2022-08-29T19:55:56.997-0400] {logging_mixin.py:115} INFO - [2022-08-29T19:55:56.997-0400] {dag.py:2429} INFO - Sync 1 DAGs
[2022-08-29T19:55:57.032-0400] {logging_mixin.py:115} INFO - [2022-08-29T19:55:57.032-0400] {dag.py:2977} INFO - Setting next_dagrun for dag_with_cron_expression_v02 to 2022-08-29T00:00:00+00:00, run_after=2022-08-30T00:00:00+00:00
[2022-08-29T19:55:57.071-0400] {processor.py:161} INFO - Processing /home/augenz/PycharmProjects/airflow/dags/dag_with_cron_expression_v02.py took 0.140 seconds
[2022-08-29T19:56:27.826-0400] {processor.py:153} INFO - Started process (PID=11742) to work on /home/augenz/PycharmProjects/airflow/dags/dag_with_cron_expression_v02.py
[2022-08-29T19:56:27.829-0400] {processor.py:640} INFO - Processing file /home/augenz/PycharmProjects/airflow/dags/dag_with_cron_expression_v02.py for tasks to queue
[2022-08-29T19:56:27.831-0400] {logging_mixin.py:115} INFO - [2022-08-29T19:56:27.830-0400] {dagbag.py:508} INFO - Filling up the DagBag from /home/augenz/PycharmProjects/airflow/dags/dag_with_cron_expression_v02.py
[2022-08-29T19:56:27.841-0400] {processor.py:650} INFO - DAG(s) dict_keys(['dag_with_cron_expression_v02']) retrieved from /home/augenz/PycharmProjects/airflow/dags/dag_with_cron_expression_v02.py
[2022-08-29T19:56:27.888-0400] {logging_mixin.py:115} INFO - [2022-08-29T19:56:27.887-0400] {dag.py:2429} INFO - Sync 1 DAGs
[2022-08-29T19:56:27.925-0400] {logging_mixin.py:115} INFO - [2022-08-29T19:56:27.925-0400] {dag.py:2977} INFO - Setting next_dagrun for dag_with_cron_expression_v02 to 2022-08-29T00:00:00+00:00, run_after=2022-08-30T00:00:00+00:00
[2022-08-29T19:56:27.959-0400] {processor.py:161} INFO - Processing /home/augenz/PycharmProjects/airflow/dags/dag_with_cron_expression_v02.py took 0.138 seconds
[2022-08-29T19:56:58.669-0400] {processor.py:153} INFO - Started process (PID=11769) to work on /home/augenz/PycharmProjects/airflow/dags/dag_with_cron_expression_v02.py
[2022-08-29T19:56:58.673-0400] {processor.py:640} INFO - Processing file /home/augenz/PycharmProjects/airflow/dags/dag_with_cron_expression_v02.py for tasks to queue
[2022-08-29T19:56:58.674-0400] {logging_mixin.py:115} INFO - [2022-08-29T19:56:58.674-0400] {dagbag.py:508} INFO - Filling up the DagBag from /home/augenz/PycharmProjects/airflow/dags/dag_with_cron_expression_v02.py
[2022-08-29T19:56:58.688-0400] {processor.py:650} INFO - DAG(s) dict_keys(['dag_with_cron_expression_v02']) retrieved from /home/augenz/PycharmProjects/airflow/dags/dag_with_cron_expression_v02.py
[2022-08-29T19:56:58.743-0400] {logging_mixin.py:115} INFO - [2022-08-29T19:56:58.742-0400] {dag.py:2429} INFO - Sync 1 DAGs
[2022-08-29T19:56:58.797-0400] {logging_mixin.py:115} INFO - [2022-08-29T19:56:58.796-0400] {dag.py:2977} INFO - Setting next_dagrun for dag_with_cron_expression_v02 to 2022-08-29T00:00:00+00:00, run_after=2022-08-30T00:00:00+00:00
[2022-08-29T19:56:58.864-0400] {processor.py:161} INFO - Processing /home/augenz/PycharmProjects/airflow/dags/dag_with_cron_expression_v02.py took 0.201 seconds
[2022-08-29T19:57:29.519-0400] {processor.py:153} INFO - Started process (PID=11798) to work on /home/augenz/PycharmProjects/airflow/dags/dag_with_cron_expression_v02.py
[2022-08-29T19:57:29.522-0400] {processor.py:640} INFO - Processing file /home/augenz/PycharmProjects/airflow/dags/dag_with_cron_expression_v02.py for tasks to queue
[2022-08-29T19:57:29.524-0400] {logging_mixin.py:115} INFO - [2022-08-29T19:57:29.523-0400] {dagbag.py:508} INFO - Filling up the DagBag from /home/augenz/PycharmProjects/airflow/dags/dag_with_cron_expression_v02.py
[2022-08-29T19:57:29.538-0400] {processor.py:650} INFO - DAG(s) dict_keys(['dag_with_cron_expression_v02']) retrieved from /home/augenz/PycharmProjects/airflow/dags/dag_with_cron_expression_v02.py
[2022-08-29T19:57:29.610-0400] {logging_mixin.py:115} INFO - [2022-08-29T19:57:29.610-0400] {dag.py:2429} INFO - Sync 1 DAGs
[2022-08-29T19:57:29.660-0400] {logging_mixin.py:115} INFO - [2022-08-29T19:57:29.660-0400] {dag.py:2977} INFO - Setting next_dagrun for dag_with_cron_expression_v02 to 2022-08-29T00:00:00+00:00, run_after=2022-08-30T00:00:00+00:00
[2022-08-29T19:57:29.710-0400] {processor.py:161} INFO - Processing /home/augenz/PycharmProjects/airflow/dags/dag_with_cron_expression_v02.py took 0.197 seconds
[2022-08-29T19:58:00.631-0400] {processor.py:153} INFO - Started process (PID=11822) to work on /home/augenz/PycharmProjects/airflow/dags/dag_with_cron_expression_v02.py
[2022-08-29T19:58:00.635-0400] {processor.py:640} INFO - Processing file /home/augenz/PycharmProjects/airflow/dags/dag_with_cron_expression_v02.py for tasks to queue
[2022-08-29T19:58:00.636-0400] {logging_mixin.py:115} INFO - [2022-08-29T19:58:00.636-0400] {dagbag.py:508} INFO - Filling up the DagBag from /home/augenz/PycharmProjects/airflow/dags/dag_with_cron_expression_v02.py
[2022-08-29T19:58:00.646-0400] {processor.py:650} INFO - DAG(s) dict_keys(['dag_with_cron_expression_v02']) retrieved from /home/augenz/PycharmProjects/airflow/dags/dag_with_cron_expression_v02.py
[2022-08-29T19:58:00.692-0400] {logging_mixin.py:115} INFO - [2022-08-29T19:58:00.691-0400] {dag.py:2429} INFO - Sync 1 DAGs
[2022-08-29T19:58:00.732-0400] {logging_mixin.py:115} INFO - [2022-08-29T19:58:00.731-0400] {dag.py:2977} INFO - Setting next_dagrun for dag_with_cron_expression_v02 to 2022-08-29T00:00:00+00:00, run_after=2022-08-30T00:00:00+00:00
[2022-08-29T19:58:00.782-0400] {processor.py:161} INFO - Processing /home/augenz/PycharmProjects/airflow/dags/dag_with_cron_expression_v02.py took 0.156 seconds
[2022-08-29T19:58:31.525-0400] {processor.py:153} INFO - Started process (PID=11840) to work on /home/augenz/PycharmProjects/airflow/dags/dag_with_cron_expression_v02.py
[2022-08-29T19:58:31.528-0400] {processor.py:640} INFO - Processing file /home/augenz/PycharmProjects/airflow/dags/dag_with_cron_expression_v02.py for tasks to queue
[2022-08-29T19:58:31.530-0400] {logging_mixin.py:115} INFO - [2022-08-29T19:58:31.530-0400] {dagbag.py:508} INFO - Filling up the DagBag from /home/augenz/PycharmProjects/airflow/dags/dag_with_cron_expression_v02.py
[2022-08-29T19:58:31.542-0400] {processor.py:650} INFO - DAG(s) dict_keys(['dag_with_cron_expression_v02']) retrieved from /home/augenz/PycharmProjects/airflow/dags/dag_with_cron_expression_v02.py
[2022-08-29T19:58:31.590-0400] {logging_mixin.py:115} INFO - [2022-08-29T19:58:31.590-0400] {dag.py:2429} INFO - Sync 1 DAGs
[2022-08-29T19:58:31.625-0400] {logging_mixin.py:115} INFO - [2022-08-29T19:58:31.625-0400] {dag.py:2977} INFO - Setting next_dagrun for dag_with_cron_expression_v02 to 2022-08-29T00:00:00+00:00, run_after=2022-08-30T00:00:00+00:00
[2022-08-29T19:58:31.670-0400] {processor.py:161} INFO - Processing /home/augenz/PycharmProjects/airflow/dags/dag_with_cron_expression_v02.py took 0.150 seconds
[2022-08-29T19:59:02.422-0400] {processor.py:153} INFO - Started process (PID=11871) to work on /home/augenz/PycharmProjects/airflow/dags/dag_with_cron_expression_v02.py
[2022-08-29T19:59:02.425-0400] {processor.py:640} INFO - Processing file /home/augenz/PycharmProjects/airflow/dags/dag_with_cron_expression_v02.py for tasks to queue
[2022-08-29T19:59:02.426-0400] {logging_mixin.py:115} INFO - [2022-08-29T19:59:02.425-0400] {dagbag.py:508} INFO - Filling up the DagBag from /home/augenz/PycharmProjects/airflow/dags/dag_with_cron_expression_v02.py
[2022-08-29T19:59:02.436-0400] {processor.py:650} INFO - DAG(s) dict_keys(['dag_with_cron_expression_v02']) retrieved from /home/augenz/PycharmProjects/airflow/dags/dag_with_cron_expression_v02.py
[2022-08-29T19:59:02.484-0400] {logging_mixin.py:115} INFO - [2022-08-29T19:59:02.484-0400] {dag.py:2429} INFO - Sync 1 DAGs
[2022-08-29T19:59:02.522-0400] {logging_mixin.py:115} INFO - [2022-08-29T19:59:02.522-0400] {dag.py:2977} INFO - Setting next_dagrun for dag_with_cron_expression_v02 to 2022-08-29T00:00:00+00:00, run_after=2022-08-30T00:00:00+00:00
[2022-08-29T19:59:02.594-0400] {processor.py:161} INFO - Processing /home/augenz/PycharmProjects/airflow/dags/dag_with_cron_expression_v02.py took 0.176 seconds
[2022-08-29T19:59:33.364-0400] {processor.py:153} INFO - Started process (PID=11896) to work on /home/augenz/PycharmProjects/airflow/dags/dag_with_cron_expression_v02.py
[2022-08-29T19:59:33.368-0400] {processor.py:640} INFO - Processing file /home/augenz/PycharmProjects/airflow/dags/dag_with_cron_expression_v02.py for tasks to queue
[2022-08-29T19:59:33.369-0400] {logging_mixin.py:115} INFO - [2022-08-29T19:59:33.369-0400] {dagbag.py:508} INFO - Filling up the DagBag from /home/augenz/PycharmProjects/airflow/dags/dag_with_cron_expression_v02.py
[2022-08-29T19:59:33.381-0400] {processor.py:650} INFO - DAG(s) dict_keys(['dag_with_cron_expression_v02']) retrieved from /home/augenz/PycharmProjects/airflow/dags/dag_with_cron_expression_v02.py
[2022-08-29T19:59:33.429-0400] {logging_mixin.py:115} INFO - [2022-08-29T19:59:33.429-0400] {dag.py:2429} INFO - Sync 1 DAGs
[2022-08-29T19:59:33.477-0400] {logging_mixin.py:115} INFO - [2022-08-29T19:59:33.477-0400] {dag.py:2977} INFO - Setting next_dagrun for dag_with_cron_expression_v02 to 2022-08-29T00:00:00+00:00, run_after=2022-08-30T00:00:00+00:00
[2022-08-29T19:59:33.513-0400] {processor.py:161} INFO - Processing /home/augenz/PycharmProjects/airflow/dags/dag_with_cron_expression_v02.py took 0.153 seconds
