[2022-08-29T17:47:50.557-0400] {processor.py:153} INFO - Started process (PID=7230) to work on /home/augenz/PycharmProjects/airflow/dags/dag_with_taskflow_api.py
[2022-08-29T17:47:50.558-0400] {processor.py:640} INFO - Processing file /home/augenz/PycharmProjects/airflow/dags/dag_with_taskflow_api.py for tasks to queue
[2022-08-29T17:47:50.559-0400] {logging_mixin.py:115} INFO - [2022-08-29T17:47:50.559-0400] {dagbag.py:508} INFO - Filling up the DagBag from /home/augenz/PycharmProjects/airflow/dags/dag_with_taskflow_api.py
[2022-08-29T17:47:50.566-0400] {logging_mixin.py:115} INFO - [2022-08-29T17:47:50.560-0400] {dagbag.py:321} ERROR - Failed to import: /home/augenz/PycharmProjects/airflow/dags/dag_with_taskflow_api.py
Traceback (most recent call last):
  File "/home/augenz/PycharmProjects/airflow/.env_airflow/lib/python3.9/site-packages/airflow/models/dagbag.py", line 318, in parse
    loader.exec_module(new_module)
  File "<frozen importlib._bootstrap_external>", line 846, in exec_module
  File "<frozen importlib._bootstrap_external>", line 983, in get_code
  File "<frozen importlib._bootstrap_external>", line 913, in source_to_code
  File "<frozen importlib._bootstrap>", line 228, in _call_with_frames_removed
  File "/home/augenz/PycharmProjects/airflow/dags/dag_with_taskflow_api.py", line 11
    @dag(dag_id=)
                ^
SyntaxError: invalid syntax
[2022-08-29T17:47:50.566-0400] {processor.py:652} WARNING - No viable dags retrieved from /home/augenz/PycharmProjects/airflow/dags/dag_with_taskflow_api.py
[2022-08-29T17:47:50.627-0400] {processor.py:161} INFO - Processing /home/augenz/PycharmProjects/airflow/dags/dag_with_taskflow_api.py took 0.074 seconds
[2022-08-29T17:48:20.823-0400] {processor.py:153} INFO - Started process (PID=7241) to work on /home/augenz/PycharmProjects/airflow/dags/dag_with_taskflow_api.py
[2022-08-29T17:48:20.827-0400] {processor.py:640} INFO - Processing file /home/augenz/PycharmProjects/airflow/dags/dag_with_taskflow_api.py for tasks to queue
[2022-08-29T17:48:20.828-0400] {logging_mixin.py:115} INFO - [2022-08-29T17:48:20.828-0400] {dagbag.py:508} INFO - Filling up the DagBag from /home/augenz/PycharmProjects/airflow/dags/dag_with_taskflow_api.py
[2022-08-29T17:48:20.833-0400] {logging_mixin.py:115} INFO - [2022-08-29T17:48:20.831-0400] {dagbag.py:321} ERROR - Failed to import: /home/augenz/PycharmProjects/airflow/dags/dag_with_taskflow_api.py
Traceback (most recent call last):
  File "/home/augenz/PycharmProjects/airflow/.env_airflow/lib/python3.9/site-packages/airflow/models/dagbag.py", line 318, in parse
    loader.exec_module(new_module)
  File "<frozen importlib._bootstrap_external>", line 846, in exec_module
  File "<frozen importlib._bootstrap_external>", line 983, in get_code
  File "<frozen importlib._bootstrap_external>", line 913, in source_to_code
  File "<frozen importlib._bootstrap>", line 228, in _call_with_frames_removed
  File "/home/augenz/PycharmProjects/airflow/dags/dag_with_taskflow_api.py", line 11
    @dag(dag_id=)
                ^
SyntaxError: invalid syntax
[2022-08-29T17:48:20.833-0400] {processor.py:652} WARNING - No viable dags retrieved from /home/augenz/PycharmProjects/airflow/dags/dag_with_taskflow_api.py
[2022-08-29T17:48:20.908-0400] {processor.py:161} INFO - Processing /home/augenz/PycharmProjects/airflow/dags/dag_with_taskflow_api.py took 0.091 seconds
[2022-08-29T17:48:51.101-0400] {processor.py:153} INFO - Started process (PID=7257) to work on /home/augenz/PycharmProjects/airflow/dags/dag_with_taskflow_api.py
[2022-08-29T17:48:51.106-0400] {processor.py:640} INFO - Processing file /home/augenz/PycharmProjects/airflow/dags/dag_with_taskflow_api.py for tasks to queue
[2022-08-29T17:48:51.107-0400] {logging_mixin.py:115} INFO - [2022-08-29T17:48:51.107-0400] {dagbag.py:508} INFO - Filling up the DagBag from /home/augenz/PycharmProjects/airflow/dags/dag_with_taskflow_api.py
[2022-08-29T17:48:51.110-0400] {logging_mixin.py:115} INFO - [2022-08-29T17:48:51.109-0400] {dagbag.py:321} ERROR - Failed to import: /home/augenz/PycharmProjects/airflow/dags/dag_with_taskflow_api.py
Traceback (most recent call last):
  File "/home/augenz/PycharmProjects/airflow/.env_airflow/lib/python3.9/site-packages/airflow/models/dagbag.py", line 318, in parse
    loader.exec_module(new_module)
  File "<frozen importlib._bootstrap_external>", line 846, in exec_module
  File "<frozen importlib._bootstrap_external>", line 983, in get_code
  File "<frozen importlib._bootstrap_external>", line 913, in source_to_code
  File "<frozen importlib._bootstrap>", line 228, in _call_with_frames_removed
  File "/home/augenz/PycharmProjects/airflow/dags/dag_with_taskflow_api.py", line 11
    @dag(dag_id=)
                ^
SyntaxError: invalid syntax
[2022-08-29T17:48:51.110-0400] {processor.py:652} WARNING - No viable dags retrieved from /home/augenz/PycharmProjects/airflow/dags/dag_with_taskflow_api.py
[2022-08-29T17:48:51.171-0400] {processor.py:161} INFO - Processing /home/augenz/PycharmProjects/airflow/dags/dag_with_taskflow_api.py took 0.076 seconds
[2022-08-29T17:49:21.504-0400] {processor.py:153} INFO - Started process (PID=7279) to work on /home/augenz/PycharmProjects/airflow/dags/dag_with_taskflow_api.py
[2022-08-29T17:49:21.508-0400] {processor.py:640} INFO - Processing file /home/augenz/PycharmProjects/airflow/dags/dag_with_taskflow_api.py for tasks to queue
[2022-08-29T17:49:21.509-0400] {logging_mixin.py:115} INFO - [2022-08-29T17:49:21.509-0400] {dagbag.py:508} INFO - Filling up the DagBag from /home/augenz/PycharmProjects/airflow/dags/dag_with_taskflow_api.py
[2022-08-29T17:49:21.539-0400] {processor.py:652} WARNING - No viable dags retrieved from /home/augenz/PycharmProjects/airflow/dags/dag_with_taskflow_api.py
[2022-08-29T17:49:21.610-0400] {processor.py:161} INFO - Processing /home/augenz/PycharmProjects/airflow/dags/dag_with_taskflow_api.py took 0.110 seconds
[2022-08-29T17:49:51.790-0400] {processor.py:153} INFO - Started process (PID=7292) to work on /home/augenz/PycharmProjects/airflow/dags/dag_with_taskflow_api.py
[2022-08-29T17:49:51.805-0400] {processor.py:640} INFO - Processing file /home/augenz/PycharmProjects/airflow/dags/dag_with_taskflow_api.py for tasks to queue
[2022-08-29T17:49:51.807-0400] {logging_mixin.py:115} INFO - [2022-08-29T17:49:51.806-0400] {dagbag.py:508} INFO - Filling up the DagBag from /home/augenz/PycharmProjects/airflow/dags/dag_with_taskflow_api.py
[2022-08-29T17:49:51.836-0400] {processor.py:652} WARNING - No viable dags retrieved from /home/augenz/PycharmProjects/airflow/dags/dag_with_taskflow_api.py
[2022-08-29T17:49:51.872-0400] {processor.py:161} INFO - Processing /home/augenz/PycharmProjects/airflow/dags/dag_with_taskflow_api.py took 0.087 seconds
[2022-08-29T17:50:22.184-0400] {processor.py:153} INFO - Started process (PID=7311) to work on /home/augenz/PycharmProjects/airflow/dags/dag_with_taskflow_api.py
[2022-08-29T17:50:22.189-0400] {processor.py:640} INFO - Processing file /home/augenz/PycharmProjects/airflow/dags/dag_with_taskflow_api.py for tasks to queue
[2022-08-29T17:50:22.189-0400] {logging_mixin.py:115} INFO - [2022-08-29T17:50:22.189-0400] {dagbag.py:508} INFO - Filling up the DagBag from /home/augenz/PycharmProjects/airflow/dags/dag_with_taskflow_api.py
[2022-08-29T17:50:22.210-0400] {processor.py:652} WARNING - No viable dags retrieved from /home/augenz/PycharmProjects/airflow/dags/dag_with_taskflow_api.py
[2022-08-29T17:50:22.240-0400] {processor.py:161} INFO - Processing /home/augenz/PycharmProjects/airflow/dags/dag_with_taskflow_api.py took 0.061 seconds
[2022-08-29T17:50:53.154-0400] {processor.py:153} INFO - Started process (PID=7328) to work on /home/augenz/PycharmProjects/airflow/dags/dag_with_taskflow_api.py
[2022-08-29T17:50:53.158-0400] {processor.py:640} INFO - Processing file /home/augenz/PycharmProjects/airflow/dags/dag_with_taskflow_api.py for tasks to queue
[2022-08-29T17:50:53.159-0400] {logging_mixin.py:115} INFO - [2022-08-29T17:50:53.159-0400] {dagbag.py:508} INFO - Filling up the DagBag from /home/augenz/PycharmProjects/airflow/dags/dag_with_taskflow_api.py
[2022-08-29T17:50:53.188-0400] {processor.py:652} WARNING - No viable dags retrieved from /home/augenz/PycharmProjects/airflow/dags/dag_with_taskflow_api.py
[2022-08-29T17:50:53.219-0400] {processor.py:161} INFO - Processing /home/augenz/PycharmProjects/airflow/dags/dag_with_taskflow_api.py took 0.071 seconds
[2022-08-29T17:51:24.058-0400] {processor.py:153} INFO - Started process (PID=7343) to work on /home/augenz/PycharmProjects/airflow/dags/dag_with_taskflow_api.py
[2022-08-29T17:51:24.063-0400] {processor.py:640} INFO - Processing file /home/augenz/PycharmProjects/airflow/dags/dag_with_taskflow_api.py for tasks to queue
[2022-08-29T17:51:24.064-0400] {logging_mixin.py:115} INFO - [2022-08-29T17:51:24.064-0400] {dagbag.py:508} INFO - Filling up the DagBag from /home/augenz/PycharmProjects/airflow/dags/dag_with_taskflow_api.py
[2022-08-29T17:51:24.085-0400] {processor.py:652} WARNING - No viable dags retrieved from /home/augenz/PycharmProjects/airflow/dags/dag_with_taskflow_api.py
[2022-08-29T17:51:24.117-0400] {processor.py:161} INFO - Processing /home/augenz/PycharmProjects/airflow/dags/dag_with_taskflow_api.py took 0.063 seconds
[2022-08-29T17:51:54.249-0400] {processor.py:153} INFO - Started process (PID=7363) to work on /home/augenz/PycharmProjects/airflow/dags/dag_with_taskflow_api.py
[2022-08-29T17:51:54.266-0400] {processor.py:640} INFO - Processing file /home/augenz/PycharmProjects/airflow/dags/dag_with_taskflow_api.py for tasks to queue
[2022-08-29T17:51:54.268-0400] {logging_mixin.py:115} INFO - [2022-08-29T17:51:54.268-0400] {dagbag.py:508} INFO - Filling up the DagBag from /home/augenz/PycharmProjects/airflow/dags/dag_with_taskflow_api.py
[2022-08-29T17:51:54.292-0400] {processor.py:652} WARNING - No viable dags retrieved from /home/augenz/PycharmProjects/airflow/dags/dag_with_taskflow_api.py
[2022-08-29T17:51:54.322-0400] {processor.py:161} INFO - Processing /home/augenz/PycharmProjects/airflow/dags/dag_with_taskflow_api.py took 0.079 seconds
[2022-08-29T17:52:25.136-0400] {processor.py:153} INFO - Started process (PID=7384) to work on /home/augenz/PycharmProjects/airflow/dags/dag_with_taskflow_api.py
[2022-08-29T17:52:25.153-0400] {processor.py:640} INFO - Processing file /home/augenz/PycharmProjects/airflow/dags/dag_with_taskflow_api.py for tasks to queue
[2022-08-29T17:52:25.154-0400] {logging_mixin.py:115} INFO - [2022-08-29T17:52:25.154-0400] {dagbag.py:508} INFO - Filling up the DagBag from /home/augenz/PycharmProjects/airflow/dags/dag_with_taskflow_api.py
[2022-08-29T17:52:25.182-0400] {processor.py:652} WARNING - No viable dags retrieved from /home/augenz/PycharmProjects/airflow/dags/dag_with_taskflow_api.py
[2022-08-29T17:52:25.214-0400] {processor.py:161} INFO - Processing /home/augenz/PycharmProjects/airflow/dags/dag_with_taskflow_api.py took 0.085 seconds
[2022-08-29T17:52:55.417-0400] {processor.py:153} INFO - Started process (PID=7401) to work on /home/augenz/PycharmProjects/airflow/dags/dag_with_taskflow_api.py
[2022-08-29T17:52:55.435-0400] {processor.py:640} INFO - Processing file /home/augenz/PycharmProjects/airflow/dags/dag_with_taskflow_api.py for tasks to queue
[2022-08-29T17:52:55.436-0400] {logging_mixin.py:115} INFO - [2022-08-29T17:52:55.436-0400] {dagbag.py:508} INFO - Filling up the DagBag from /home/augenz/PycharmProjects/airflow/dags/dag_with_taskflow_api.py
[2022-08-29T17:52:55.462-0400] {processor.py:652} WARNING - No viable dags retrieved from /home/augenz/PycharmProjects/airflow/dags/dag_with_taskflow_api.py
[2022-08-29T17:52:55.498-0400] {processor.py:161} INFO - Processing /home/augenz/PycharmProjects/airflow/dags/dag_with_taskflow_api.py took 0.087 seconds
[2022-08-29T17:53:25.616-0400] {processor.py:153} INFO - Started process (PID=7423) to work on /home/augenz/PycharmProjects/airflow/dags/dag_with_taskflow_api.py
[2022-08-29T17:53:25.635-0400] {processor.py:640} INFO - Processing file /home/augenz/PycharmProjects/airflow/dags/dag_with_taskflow_api.py for tasks to queue
[2022-08-29T17:53:25.636-0400] {logging_mixin.py:115} INFO - [2022-08-29T17:53:25.636-0400] {dagbag.py:508} INFO - Filling up the DagBag from /home/augenz/PycharmProjects/airflow/dags/dag_with_taskflow_api.py
[2022-08-29T17:53:25.669-0400] {processor.py:652} WARNING - No viable dags retrieved from /home/augenz/PycharmProjects/airflow/dags/dag_with_taskflow_api.py
[2022-08-29T17:53:25.703-0400] {processor.py:161} INFO - Processing /home/augenz/PycharmProjects/airflow/dags/dag_with_taskflow_api.py took 0.092 seconds
[2022-08-29T17:53:55.869-0400] {processor.py:153} INFO - Started process (PID=7441) to work on /home/augenz/PycharmProjects/airflow/dags/dag_with_taskflow_api.py
[2022-08-29T17:53:55.889-0400] {processor.py:640} INFO - Processing file /home/augenz/PycharmProjects/airflow/dags/dag_with_taskflow_api.py for tasks to queue
[2022-08-29T17:53:55.891-0400] {logging_mixin.py:115} INFO - [2022-08-29T17:53:55.890-0400] {dagbag.py:508} INFO - Filling up the DagBag from /home/augenz/PycharmProjects/airflow/dags/dag_with_taskflow_api.py
[2022-08-29T17:53:55.915-0400] {processor.py:652} WARNING - No viable dags retrieved from /home/augenz/PycharmProjects/airflow/dags/dag_with_taskflow_api.py
[2022-08-29T17:53:55.949-0400] {processor.py:161} INFO - Processing /home/augenz/PycharmProjects/airflow/dags/dag_with_taskflow_api.py took 0.085 seconds
[2022-08-29T17:54:26.128-0400] {processor.py:153} INFO - Started process (PID=7455) to work on /home/augenz/PycharmProjects/airflow/dags/dag_with_taskflow_api.py
[2022-08-29T17:54:26.147-0400] {processor.py:640} INFO - Processing file /home/augenz/PycharmProjects/airflow/dags/dag_with_taskflow_api.py for tasks to queue
[2022-08-29T17:54:26.149-0400] {logging_mixin.py:115} INFO - [2022-08-29T17:54:26.148-0400] {dagbag.py:508} INFO - Filling up the DagBag from /home/augenz/PycharmProjects/airflow/dags/dag_with_taskflow_api.py
[2022-08-29T17:54:26.183-0400] {processor.py:650} INFO - DAG(s) dict_keys(['dag_with_taskflow_api_v01']) retrieved from /home/augenz/PycharmProjects/airflow/dags/dag_with_taskflow_api.py
[2022-08-29T17:54:26.395-0400] {logging_mixin.py:115} INFO - [2022-08-29T17:54:26.394-0400] {manager.py:508} INFO - Created Permission View: can read on DAG:dag_with_taskflow_api_v01
[2022-08-29T17:54:26.461-0400] {logging_mixin.py:115} INFO - [2022-08-29T17:54:26.460-0400] {manager.py:508} INFO - Created Permission View: can delete on DAG:dag_with_taskflow_api_v01
[2022-08-29T17:54:26.494-0400] {logging_mixin.py:115} INFO - [2022-08-29T17:54:26.493-0400] {manager.py:508} INFO - Created Permission View: can edit on DAG:dag_with_taskflow_api_v01
[2022-08-29T17:54:26.494-0400] {logging_mixin.py:115} INFO - [2022-08-29T17:54:26.494-0400] {dag.py:2429} INFO - Sync 1 DAGs
[2022-08-29T17:54:26.511-0400] {logging_mixin.py:115} INFO - [2022-08-29T17:54:26.510-0400] {dag.py:2448} INFO - Creating ORM DAG for dag_with_taskflow_api_v01
[2022-08-29T17:54:26.535-0400] {logging_mixin.py:115} INFO - [2022-08-29T17:54:26.535-0400] {dag.py:2977} INFO - Setting next_dagrun for dag_with_taskflow_api_v01 to 2022-08-29T00:00:00+00:00, run_after=2022-08-30T00:00:00+00:00
[2022-08-29T17:54:26.575-0400] {processor.py:161} INFO - Processing /home/augenz/PycharmProjects/airflow/dags/dag_with_taskflow_api.py took 0.452 seconds
