[2022-08-29T19:09:30.905-0400] {taskinstance.py:1171} INFO - Dependencies all met for <TaskInstance: dag_with_taskflow_api_v02.greet manual__2022-08-29T23:06:55.658109+00:00 [queued]>
[2022-08-29T19:09:30.923-0400] {taskinstance.py:1171} INFO - Dependencies all met for <TaskInstance: dag_with_taskflow_api_v02.greet manual__2022-08-29T23:06:55.658109+00:00 [queued]>
[2022-08-29T19:09:30.924-0400] {taskinstance.py:1368} INFO - 
--------------------------------------------------------------------------------
[2022-08-29T19:09:30.924-0400] {taskinstance.py:1369} INFO - Starting attempt 1 of 6
[2022-08-29T19:09:30.924-0400] {taskinstance.py:1370} INFO - 
--------------------------------------------------------------------------------
[2022-08-29T19:09:30.958-0400] {taskinstance.py:1389} INFO - Executing <Task(_PythonDecoratedOperator): greet> on 2022-08-29 23:06:55.658109+00:00
[2022-08-29T19:09:30.961-0400] {standard_task_runner.py:52} INFO - Started process 9522 to run task
[2022-08-29T19:09:30.964-0400] {standard_task_runner.py:79} INFO - Running: ['airflow', 'tasks', 'run', 'dag_with_taskflow_api_v02', 'greet', 'manual__2022-08-29T23:06:55.658109+00:00', '--job-id', '18', '--raw', '--subdir', '/home/augenz/PycharmProjects/airflow/dags/dag_with_taskflow_api_v02.py', '--cfg-path', '/run/user/1000/app/com.jetbrains.PyCharm-Community/tmp1c7yotwr', '--error-file', '/run/user/1000/app/com.jetbrains.PyCharm-Community/tmp9ybyuu82']
[2022-08-29T19:09:30.965-0400] {standard_task_runner.py:80} INFO - Job 18: Subtask greet
[2022-08-29T19:09:31.119-0400] {task_command.py:371} INFO - Running <TaskInstance: dag_with_taskflow_api_v02.greet manual__2022-08-29T23:06:55.658109+00:00 [running]> on host pop-os.localdomain
[2022-08-29T19:09:31.384-0400] {taskinstance.py:1581} INFO - Exporting the following env vars:
AIRFLOW_CTX_DAG_OWNER=admin
AIRFLOW_CTX_DAG_ID=dag_with_taskflow_api_v02
AIRFLOW_CTX_TASK_ID=greet
AIRFLOW_CTX_EXECUTION_DATE=2022-08-29T23:06:55.658109+00:00
AIRFLOW_CTX_TRY_NUMBER=1
AIRFLOW_CTX_DAG_RUN_ID=manual__2022-08-29T23:06:55.658109+00:00
[2022-08-29T19:09:31.386-0400] {logging_mixin.py:115} INFO - Hello World! My name is August Enzo and I am 20 years old!
[2022-08-29T19:09:31.386-0400] {python.py:173} INFO - Done. Returned value was: None
[2022-08-29T19:09:31.423-0400] {taskinstance.py:1407} INFO - Marking task as SUCCESS. dag_id=dag_with_taskflow_api_v02, task_id=greet, execution_date=20220829T230655, start_date=20220829T230930, end_date=20220829T230931
[2022-08-29T19:09:31.499-0400] {local_task_job.py:156} INFO - Task exited with return code 0
[2022-08-29T19:09:31.625-0400] {local_task_job.py:279} INFO - 0 downstream tasks scheduled from follow-on schedule check
[2022-08-29T19:09:31.689-0400] {dagrun.py:567} INFO - Marking run <DagRun dag_with_taskflow_api_v02 @ 2022-08-29 23:06:55.658109+00:00: manual__2022-08-29T23:06:55.658109+00:00, state:running, queued_at: 2022-08-29 23:06:55.719840+00:00. externally triggered: True> successful
[2022-08-29T19:09:31.690-0400] {dagrun.py:612} INFO - DagRun Finished: dag_id=dag_with_taskflow_api_v02, execution_date=2022-08-29 23:06:55.658109+00:00, run_id=manual__2022-08-29T23:06:55.658109+00:00, run_start_date=2022-08-29 23:06:56.393033+00:00, run_end_date=2022-08-29 23:09:31.690553+00:00, run_duration=155.29752, state=success, external_trigger=True, run_type=manual, data_interval_start=2022-08-28 00:00:00+00:00, data_interval_end=2022-08-29 00:00:00+00:00, dag_hash=af1526dfa331fe9a1ee9e161328d9a49
