[2022-08-29T12:35:09.724-0400] {taskinstance.py:1171} INFO - Dependencies all met for <TaskInstance: example_bash_operator.also_run_this scheduled__2022-08-28T00:00:00+00:00 [queued]>
[2022-08-29T12:35:09.742-0400] {taskinstance.py:1171} INFO - Dependencies all met for <TaskInstance: example_bash_operator.also_run_this scheduled__2022-08-28T00:00:00+00:00 [queued]>
[2022-08-29T12:35:09.743-0400] {taskinstance.py:1368} INFO - 
--------------------------------------------------------------------------------
[2022-08-29T12:35:09.743-0400] {taskinstance.py:1369} INFO - Starting attempt 1 of 1
[2022-08-29T12:35:09.743-0400] {taskinstance.py:1370} INFO - 
--------------------------------------------------------------------------------
[2022-08-29T12:35:09.790-0400] {taskinstance.py:1389} INFO - Executing <Task(BashOperator): also_run_this> on 2022-08-28 00:00:00+00:00
[2022-08-29T12:35:09.793-0400] {standard_task_runner.py:52} INFO - Started process 521 to run task
[2022-08-29T12:35:09.798-0400] {standard_task_runner.py:79} INFO - Running: ['airflow', 'tasks', 'run', 'example_bash_operator', 'also_run_this', 'scheduled__2022-08-28T00:00:00+00:00', '--job-id', '5', '--raw', '--subdir', '/home/augenz/PycharmProjects/airflow/.env_airflow/lib/python3.9/site-packages/airflow/example_dags/example_bash_operator.py', '--cfg-path', '/run/user/1000/app/com.jetbrains.PyCharm-Community/tmp6zjucna2', '--error-file', '/run/user/1000/app/com.jetbrains.PyCharm-Community/tmp4tcldqno']
[2022-08-29T12:35:09.799-0400] {standard_task_runner.py:80} INFO - Job 5: Subtask also_run_this
[2022-08-29T12:35:09.976-0400] {task_command.py:371} INFO - Running <TaskInstance: example_bash_operator.also_run_this scheduled__2022-08-28T00:00:00+00:00 [running]> on host pop-os.localdomain
[2022-08-29T12:35:10.198-0400] {taskinstance.py:1581} INFO - Exporting the following env vars:
AIRFLOW_CTX_DAG_OWNER=airflow
AIRFLOW_CTX_DAG_ID=example_bash_operator
AIRFLOW_CTX_TASK_ID=also_run_this
AIRFLOW_CTX_EXECUTION_DATE=2022-08-28T00:00:00+00:00
AIRFLOW_CTX_TRY_NUMBER=1
AIRFLOW_CTX_DAG_RUN_ID=scheduled__2022-08-28T00:00:00+00:00
[2022-08-29T12:35:10.200-0400] {subprocess.py:62} INFO - Tmp dir root location: 
 /run/user/1000/app/com.jetbrains.PyCharm-Community
[2022-08-29T12:35:10.201-0400] {subprocess.py:74} INFO - Running command: ['/usr/bin/bash', '-c', 'echo "run_id=scheduled__2022-08-28T00:00:00+00:00 | dag_run=<DagRun example_bash_operator @ 2022-08-28 00:00:00+00:00: scheduled__2022-08-28T00:00:00+00:00, state:running, queued_at: 2022-08-29 16:34:53.266715+00:00. externally triggered: False>"']
[2022-08-29T12:35:10.212-0400] {subprocess.py:85} INFO - Output:
[2022-08-29T12:35:10.216-0400] {subprocess.py:92} INFO - run_id=scheduled__2022-08-28T00:00:00+00:00 | dag_run=<DagRun example_bash_operator @ 2022-08-28 00:00:00+00:00: scheduled__2022-08-28T00:00:00+00:00, state:running, queued_at: 2022-08-29 16:34:53.266715+00:00. externally triggered: False>
[2022-08-29T12:35:10.217-0400] {subprocess.py:96} INFO - Command exited with return code 0
[2022-08-29T12:35:10.314-0400] {taskinstance.py:1407} INFO - Marking task as SUCCESS. dag_id=example_bash_operator, task_id=also_run_this, execution_date=20220828T000000, start_date=20220829T163509, end_date=20220829T163510
[2022-08-29T12:35:10.371-0400] {local_task_job.py:156} INFO - Task exited with return code 0
[2022-08-29T12:35:10.523-0400] {local_task_job.py:279} INFO - 0 downstream tasks scheduled from follow-on schedule check
