[2022-08-29T19:07:02.662-0400] {taskinstance.py:1171} INFO - Dependencies all met for <TaskInstance: dag_with_taskflow_api_v02.get_age manual__2022-08-29T23:06:55.658109+00:00 [queued]>
[2022-08-29T19:07:02.687-0400] {taskinstance.py:1171} INFO - Dependencies all met for <TaskInstance: dag_with_taskflow_api_v02.get_age manual__2022-08-29T23:06:55.658109+00:00 [queued]>
[2022-08-29T19:07:02.687-0400] {taskinstance.py:1368} INFO - 
--------------------------------------------------------------------------------
[2022-08-29T19:07:02.687-0400] {taskinstance.py:1369} INFO - Starting attempt 1 of 6
[2022-08-29T19:07:02.689-0400] {taskinstance.py:1370} INFO - 
--------------------------------------------------------------------------------
[2022-08-29T19:07:02.747-0400] {taskinstance.py:1389} INFO - Executing <Task(_PythonDecoratedOperator): get_age> on 2022-08-29 23:06:55.658109+00:00
[2022-08-29T19:07:02.756-0400] {standard_task_runner.py:52} INFO - Started process 9460 to run task
[2022-08-29T19:07:02.762-0400] {standard_task_runner.py:79} INFO - Running: ['airflow', 'tasks', 'run', 'dag_with_taskflow_api_v02', 'get_age', 'manual__2022-08-29T23:06:55.658109+00:00', '--job-id', '15', '--raw', '--subdir', '/home/augenz/PycharmProjects/airflow/dags/dag_with_taskflow_api_v02.py', '--cfg-path', '/run/user/1000/app/com.jetbrains.PyCharm-Community/tmphispqug0', '--error-file', '/run/user/1000/app/com.jetbrains.PyCharm-Community/tmpi_663sb9']
[2022-08-29T19:07:02.764-0400] {standard_task_runner.py:80} INFO - Job 15: Subtask get_age
[2022-08-29T19:07:02.984-0400] {task_command.py:371} INFO - Running <TaskInstance: dag_with_taskflow_api_v02.get_age manual__2022-08-29T23:06:55.658109+00:00 [running]> on host pop-os.localdomain
[2022-08-29T19:07:03.218-0400] {taskinstance.py:1581} INFO - Exporting the following env vars:
AIRFLOW_CTX_DAG_OWNER=admin
AIRFLOW_CTX_DAG_ID=dag_with_taskflow_api_v02
AIRFLOW_CTX_TASK_ID=get_age
AIRFLOW_CTX_EXECUTION_DATE=2022-08-29T23:06:55.658109+00:00
AIRFLOW_CTX_TRY_NUMBER=1
AIRFLOW_CTX_DAG_RUN_ID=manual__2022-08-29T23:06:55.658109+00:00
[2022-08-29T19:07:03.219-0400] {python.py:173} INFO - Done. Returned value was: 20
[2022-08-29T19:07:03.305-0400] {taskinstance.py:1407} INFO - Marking task as SUCCESS. dag_id=dag_with_taskflow_api_v02, task_id=get_age, execution_date=20220829T230655, start_date=20220829T230702, end_date=20220829T230703
[2022-08-29T19:07:03.388-0400] {local_task_job.py:156} INFO - Task exited with return code 0
[2022-08-29T19:07:03.546-0400] {local_task_job.py:279} INFO - 1 downstream tasks scheduled from follow-on schedule check
