[2022-08-29T17:38:26.741-0400] {taskinstance.py:1171} INFO - Dependencies all met for <TaskInstance: first_dag.first_task manual__2022-08-29T21:38:21.894509+00:00 [queued]>
[2022-08-29T17:38:26.784-0400] {taskinstance.py:1171} INFO - Dependencies all met for <TaskInstance: first_dag.first_task manual__2022-08-29T21:38:21.894509+00:00 [queued]>
[2022-08-29T17:38:26.784-0400] {taskinstance.py:1368} INFO - 
--------------------------------------------------------------------------------
[2022-08-29T17:38:26.784-0400] {taskinstance.py:1369} INFO - Starting attempt 1 of 6
[2022-08-29T17:38:26.785-0400] {taskinstance.py:1370} INFO - 
--------------------------------------------------------------------------------
[2022-08-29T17:38:26.833-0400] {taskinstance.py:1389} INFO - Executing <Task(BashOperator): first_task> on 2022-08-29 21:38:21.894509+00:00
[2022-08-29T17:38:26.836-0400] {standard_task_runner.py:52} INFO - Started process 6915 to run task
[2022-08-29T17:38:26.839-0400] {standard_task_runner.py:79} INFO - Running: ['airflow', 'tasks', 'run', 'first_dag', 'first_task', 'manual__2022-08-29T21:38:21.894509+00:00', '--job-id', '10', '--raw', '--subdir', '/home/augenz/PycharmProjects/airflow/dags/first_dag.py', '--cfg-path', '/run/user/1000/app/com.jetbrains.PyCharm-Community/tmpkutzmr0v', '--error-file', '/run/user/1000/app/com.jetbrains.PyCharm-Community/tmplmz95v1n']
[2022-08-29T17:38:26.841-0400] {standard_task_runner.py:80} INFO - Job 10: Subtask first_task
[2022-08-29T17:38:27.011-0400] {task_command.py:371} INFO - Running <TaskInstance: first_dag.first_task manual__2022-08-29T21:38:21.894509+00:00 [running]> on host pop-os.localdomain
[2022-08-29T17:38:27.228-0400] {taskinstance.py:1581} INFO - Exporting the following env vars:
AIRFLOW_CTX_DAG_OWNER=admin
AIRFLOW_CTX_DAG_ID=first_dag
AIRFLOW_CTX_TASK_ID=first_task
AIRFLOW_CTX_EXECUTION_DATE=2022-08-29T21:38:21.894509+00:00
AIRFLOW_CTX_TRY_NUMBER=1
AIRFLOW_CTX_DAG_RUN_ID=manual__2022-08-29T21:38:21.894509+00:00
[2022-08-29T17:38:27.233-0400] {subprocess.py:62} INFO - Tmp dir root location: 
 /run/user/1000/app/com.jetbrains.PyCharm-Community
[2022-08-29T17:38:27.233-0400] {subprocess.py:74} INFO - Running command: ['/usr/bin/bash', '-c', 'echo hello world, this is the first task!']
[2022-08-29T17:38:27.242-0400] {subprocess.py:85} INFO - Output:
[2022-08-29T17:38:27.267-0400] {subprocess.py:92} INFO - hello world, this is the first task!
[2022-08-29T17:38:27.268-0400] {subprocess.py:96} INFO - Command exited with return code 0
[2022-08-29T17:38:27.355-0400] {taskinstance.py:1407} INFO - Marking task as SUCCESS. dag_id=first_dag, task_id=first_task, execution_date=20220829T213821, start_date=20220829T213826, end_date=20220829T213827
[2022-08-29T17:38:27.419-0400] {local_task_job.py:156} INFO - Task exited with return code 0
[2022-08-29T17:38:27.542-0400] {local_task_job.py:279} INFO - 0 downstream tasks scheduled from follow-on schedule check
[2022-08-29T17:38:27.619-0400] {dagrun.py:567} INFO - Marking run <DagRun first_dag @ 2022-08-29 21:38:21.894509+00:00: manual__2022-08-29T21:38:21.894509+00:00, state:running, queued_at: 2022-08-29 21:38:21.955008+00:00. externally triggered: True> successful
[2022-08-29T17:38:27.620-0400] {dagrun.py:612} INFO - DagRun Finished: dag_id=first_dag, execution_date=2022-08-29 21:38:21.894509+00:00, run_id=manual__2022-08-29T21:38:21.894509+00:00, run_start_date=2022-08-29 21:38:23.023077+00:00, run_end_date=2022-08-29 21:38:27.620052+00:00, run_duration=4.596975, state=success, external_trigger=True, run_type=manual, data_interval_start=2022-08-28 00:00:00+00:00, data_interval_end=2022-08-29 00:00:00+00:00, dag_hash=a326a3a92f25d19869ddacd4f985de91
