[2022-08-29T12:33:13.477-0400] {processor.py:153} INFO - Started process (PID=366) to work on /home/augenz/PycharmProjects/airflow/.env_airflow/lib/python3.9/site-packages/airflow/example_dags/plugins/workday.py
[2022-08-29T12:33:13.478-0400] {processor.py:640} INFO - Processing file /home/augenz/PycharmProjects/airflow/.env_airflow/lib/python3.9/site-packages/airflow/example_dags/plugins/workday.py for tasks to queue
[2022-08-29T12:33:13.480-0400] {logging_mixin.py:115} INFO - [2022-08-29T12:33:13.479-0400] {dagbag.py:508} INFO - Filling up the DagBag from /home/augenz/PycharmProjects/airflow/.env_airflow/lib/python3.9/site-packages/airflow/example_dags/plugins/workday.py
[2022-08-29T12:33:13.483-0400] {processor.py:652} WARNING - No viable dags retrieved from /home/augenz/PycharmProjects/airflow/.env_airflow/lib/python3.9/site-packages/airflow/example_dags/plugins/workday.py
[2022-08-29T12:33:13.523-0400] {processor.py:161} INFO - Processing /home/augenz/PycharmProjects/airflow/.env_airflow/lib/python3.9/site-packages/airflow/example_dags/plugins/workday.py took 0.051 seconds
[2022-08-29T12:33:43.948-0400] {processor.py:153} INFO - Started process (PID=406) to work on /home/augenz/PycharmProjects/airflow/.env_airflow/lib/python3.9/site-packages/airflow/example_dags/plugins/workday.py
[2022-08-29T12:33:43.952-0400] {processor.py:640} INFO - Processing file /home/augenz/PycharmProjects/airflow/.env_airflow/lib/python3.9/site-packages/airflow/example_dags/plugins/workday.py for tasks to queue
[2022-08-29T12:33:43.953-0400] {logging_mixin.py:115} INFO - [2022-08-29T12:33:43.953-0400] {dagbag.py:508} INFO - Filling up the DagBag from /home/augenz/PycharmProjects/airflow/.env_airflow/lib/python3.9/site-packages/airflow/example_dags/plugins/workday.py
[2022-08-29T12:33:43.957-0400] {processor.py:652} WARNING - No viable dags retrieved from /home/augenz/PycharmProjects/airflow/.env_airflow/lib/python3.9/site-packages/airflow/example_dags/plugins/workday.py
[2022-08-29T12:33:43.992-0400] {processor.py:161} INFO - Processing /home/augenz/PycharmProjects/airflow/.env_airflow/lib/python3.9/site-packages/airflow/example_dags/plugins/workday.py took 0.049 seconds
[2022-08-29T12:34:14.189-0400] {processor.py:153} INFO - Started process (PID=441) to work on /home/augenz/PycharmProjects/airflow/.env_airflow/lib/python3.9/site-packages/airflow/example_dags/plugins/workday.py
[2022-08-29T12:34:14.206-0400] {processor.py:640} INFO - Processing file /home/augenz/PycharmProjects/airflow/.env_airflow/lib/python3.9/site-packages/airflow/example_dags/plugins/workday.py for tasks to queue
[2022-08-29T12:34:14.208-0400] {logging_mixin.py:115} INFO - [2022-08-29T12:34:14.207-0400] {dagbag.py:508} INFO - Filling up the DagBag from /home/augenz/PycharmProjects/airflow/.env_airflow/lib/python3.9/site-packages/airflow/example_dags/plugins/workday.py
[2022-08-29T12:34:14.212-0400] {processor.py:652} WARNING - No viable dags retrieved from /home/augenz/PycharmProjects/airflow/.env_airflow/lib/python3.9/site-packages/airflow/example_dags/plugins/workday.py
[2022-08-29T12:34:14.258-0400] {processor.py:161} INFO - Processing /home/augenz/PycharmProjects/airflow/.env_airflow/lib/python3.9/site-packages/airflow/example_dags/plugins/workday.py took 0.076 seconds
[2022-08-29T12:34:44.953-0400] {processor.py:153} INFO - Started process (PID=476) to work on /home/augenz/PycharmProjects/airflow/.env_airflow/lib/python3.9/site-packages/airflow/example_dags/plugins/workday.py
[2022-08-29T12:34:44.955-0400] {processor.py:640} INFO - Processing file /home/augenz/PycharmProjects/airflow/.env_airflow/lib/python3.9/site-packages/airflow/example_dags/plugins/workday.py for tasks to queue
[2022-08-29T12:34:44.956-0400] {logging_mixin.py:115} INFO - [2022-08-29T12:34:44.956-0400] {dagbag.py:508} INFO - Filling up the DagBag from /home/augenz/PycharmProjects/airflow/.env_airflow/lib/python3.9/site-packages/airflow/example_dags/plugins/workday.py
[2022-08-29T12:34:44.959-0400] {processor.py:652} WARNING - No viable dags retrieved from /home/augenz/PycharmProjects/airflow/.env_airflow/lib/python3.9/site-packages/airflow/example_dags/plugins/workday.py
[2022-08-29T12:34:44.997-0400] {processor.py:161} INFO - Processing /home/augenz/PycharmProjects/airflow/.env_airflow/lib/python3.9/site-packages/airflow/example_dags/plugins/workday.py took 0.050 seconds
[2022-08-29T12:35:15.887-0400] {processor.py:153} INFO - Started process (PID=531) to work on /home/augenz/PycharmProjects/airflow/.env_airflow/lib/python3.9/site-packages/airflow/example_dags/plugins/workday.py
[2022-08-29T12:35:15.906-0400] {processor.py:640} INFO - Processing file /home/augenz/PycharmProjects/airflow/.env_airflow/lib/python3.9/site-packages/airflow/example_dags/plugins/workday.py for tasks to queue
[2022-08-29T12:35:15.907-0400] {logging_mixin.py:115} INFO - [2022-08-29T12:35:15.907-0400] {dagbag.py:508} INFO - Filling up the DagBag from /home/augenz/PycharmProjects/airflow/.env_airflow/lib/python3.9/site-packages/airflow/example_dags/plugins/workday.py
[2022-08-29T12:35:15.911-0400] {processor.py:652} WARNING - No viable dags retrieved from /home/augenz/PycharmProjects/airflow/.env_airflow/lib/python3.9/site-packages/airflow/example_dags/plugins/workday.py
[2022-08-29T12:35:15.946-0400] {processor.py:161} INFO - Processing /home/augenz/PycharmProjects/airflow/.env_airflow/lib/python3.9/site-packages/airflow/example_dags/plugins/workday.py took 0.064 seconds
[2022-08-29T12:35:46.074-0400] {processor.py:153} INFO - Started process (PID=576) to work on /home/augenz/PycharmProjects/airflow/.env_airflow/lib/python3.9/site-packages/airflow/example_dags/plugins/workday.py
[2022-08-29T12:35:46.078-0400] {processor.py:640} INFO - Processing file /home/augenz/PycharmProjects/airflow/.env_airflow/lib/python3.9/site-packages/airflow/example_dags/plugins/workday.py for tasks to queue
[2022-08-29T12:35:46.079-0400] {logging_mixin.py:115} INFO - [2022-08-29T12:35:46.079-0400] {dagbag.py:508} INFO - Filling up the DagBag from /home/augenz/PycharmProjects/airflow/.env_airflow/lib/python3.9/site-packages/airflow/example_dags/plugins/workday.py
[2022-08-29T12:35:46.082-0400] {processor.py:652} WARNING - No viable dags retrieved from /home/augenz/PycharmProjects/airflow/.env_airflow/lib/python3.9/site-packages/airflow/example_dags/plugins/workday.py
[2022-08-29T12:35:46.115-0400] {processor.py:161} INFO - Processing /home/augenz/PycharmProjects/airflow/.env_airflow/lib/python3.9/site-packages/airflow/example_dags/plugins/workday.py took 0.047 seconds
[2022-08-29T12:36:16.653-0400] {processor.py:153} INFO - Started process (PID=610) to work on /home/augenz/PycharmProjects/airflow/.env_airflow/lib/python3.9/site-packages/airflow/example_dags/plugins/workday.py
[2022-08-29T12:36:16.677-0400] {processor.py:640} INFO - Processing file /home/augenz/PycharmProjects/airflow/.env_airflow/lib/python3.9/site-packages/airflow/example_dags/plugins/workday.py for tasks to queue
[2022-08-29T12:36:16.679-0400] {logging_mixin.py:115} INFO - [2022-08-29T12:36:16.678-0400] {dagbag.py:508} INFO - Filling up the DagBag from /home/augenz/PycharmProjects/airflow/.env_airflow/lib/python3.9/site-packages/airflow/example_dags/plugins/workday.py
[2022-08-29T12:36:16.682-0400] {processor.py:652} WARNING - No viable dags retrieved from /home/augenz/PycharmProjects/airflow/.env_airflow/lib/python3.9/site-packages/airflow/example_dags/plugins/workday.py
[2022-08-29T12:36:16.722-0400] {processor.py:161} INFO - Processing /home/augenz/PycharmProjects/airflow/.env_airflow/lib/python3.9/site-packages/airflow/example_dags/plugins/workday.py took 0.073 seconds
[2022-08-29T12:36:47.014-0400] {processor.py:153} INFO - Started process (PID=646) to work on /home/augenz/PycharmProjects/airflow/.env_airflow/lib/python3.9/site-packages/airflow/example_dags/plugins/workday.py
[2022-08-29T12:36:47.037-0400] {processor.py:640} INFO - Processing file /home/augenz/PycharmProjects/airflow/.env_airflow/lib/python3.9/site-packages/airflow/example_dags/plugins/workday.py for tasks to queue
[2022-08-29T12:36:47.039-0400] {logging_mixin.py:115} INFO - [2022-08-29T12:36:47.039-0400] {dagbag.py:508} INFO - Filling up the DagBag from /home/augenz/PycharmProjects/airflow/.env_airflow/lib/python3.9/site-packages/airflow/example_dags/plugins/workday.py
[2022-08-29T12:36:47.043-0400] {processor.py:652} WARNING - No viable dags retrieved from /home/augenz/PycharmProjects/airflow/.env_airflow/lib/python3.9/site-packages/airflow/example_dags/plugins/workday.py
[2022-08-29T12:36:47.082-0400] {processor.py:161} INFO - Processing /home/augenz/PycharmProjects/airflow/.env_airflow/lib/python3.9/site-packages/airflow/example_dags/plugins/workday.py took 0.074 seconds
[2022-08-29T12:37:17.585-0400] {processor.py:153} INFO - Started process (PID=701) to work on /home/augenz/PycharmProjects/airflow/.env_airflow/lib/python3.9/site-packages/airflow/example_dags/plugins/workday.py
[2022-08-29T12:37:17.592-0400] {processor.py:640} INFO - Processing file /home/augenz/PycharmProjects/airflow/.env_airflow/lib/python3.9/site-packages/airflow/example_dags/plugins/workday.py for tasks to queue
[2022-08-29T12:37:17.595-0400] {logging_mixin.py:115} INFO - [2022-08-29T12:37:17.594-0400] {dagbag.py:508} INFO - Filling up the DagBag from /home/augenz/PycharmProjects/airflow/.env_airflow/lib/python3.9/site-packages/airflow/example_dags/plugins/workday.py
[2022-08-29T12:37:17.630-0400] {processor.py:652} WARNING - No viable dags retrieved from /home/augenz/PycharmProjects/airflow/.env_airflow/lib/python3.9/site-packages/airflow/example_dags/plugins/workday.py
[2022-08-29T12:37:17.706-0400] {processor.py:161} INFO - Processing /home/augenz/PycharmProjects/airflow/.env_airflow/lib/python3.9/site-packages/airflow/example_dags/plugins/workday.py took 0.140 seconds
[2022-08-29T12:37:53.001-0400] {processor.py:153} INFO - Started process (PID=742) to work on /home/augenz/PycharmProjects/airflow/.env_airflow/lib/python3.9/site-packages/airflow/example_dags/plugins/workday.py
[2022-08-29T12:37:53.008-0400] {processor.py:640} INFO - Processing file /home/augenz/PycharmProjects/airflow/.env_airflow/lib/python3.9/site-packages/airflow/example_dags/plugins/workday.py for tasks to queue
[2022-08-29T12:37:53.011-0400] {logging_mixin.py:115} INFO - [2022-08-29T12:37:53.010-0400] {dagbag.py:508} INFO - Filling up the DagBag from /home/augenz/PycharmProjects/airflow/.env_airflow/lib/python3.9/site-packages/airflow/example_dags/plugins/workday.py
[2022-08-29T12:37:53.022-0400] {processor.py:652} WARNING - No viable dags retrieved from /home/augenz/PycharmProjects/airflow/.env_airflow/lib/python3.9/site-packages/airflow/example_dags/plugins/workday.py
[2022-08-29T12:37:53.094-0400] {processor.py:161} INFO - Processing /home/augenz/PycharmProjects/airflow/.env_airflow/lib/python3.9/site-packages/airflow/example_dags/plugins/workday.py took 0.134 seconds
[2022-08-29T12:38:23.417-0400] {processor.py:153} INFO - Started process (PID=796) to work on /home/augenz/PycharmProjects/airflow/.env_airflow/lib/python3.9/site-packages/airflow/example_dags/plugins/workday.py
[2022-08-29T12:38:23.424-0400] {processor.py:640} INFO - Processing file /home/augenz/PycharmProjects/airflow/.env_airflow/lib/python3.9/site-packages/airflow/example_dags/plugins/workday.py for tasks to queue
[2022-08-29T12:38:23.426-0400] {logging_mixin.py:115} INFO - [2022-08-29T12:38:23.425-0400] {dagbag.py:508} INFO - Filling up the DagBag from /home/augenz/PycharmProjects/airflow/.env_airflow/lib/python3.9/site-packages/airflow/example_dags/plugins/workday.py
[2022-08-29T12:38:23.429-0400] {processor.py:652} WARNING - No viable dags retrieved from /home/augenz/PycharmProjects/airflow/.env_airflow/lib/python3.9/site-packages/airflow/example_dags/plugins/workday.py
[2022-08-29T12:38:23.487-0400] {processor.py:161} INFO - Processing /home/augenz/PycharmProjects/airflow/.env_airflow/lib/python3.9/site-packages/airflow/example_dags/plugins/workday.py took 0.104 seconds
[2022-08-29T12:38:53.535-0400] {processor.py:153} INFO - Started process (PID=831) to work on /home/augenz/PycharmProjects/airflow/.env_airflow/lib/python3.9/site-packages/airflow/example_dags/plugins/workday.py
[2022-08-29T12:38:53.536-0400] {processor.py:640} INFO - Processing file /home/augenz/PycharmProjects/airflow/.env_airflow/lib/python3.9/site-packages/airflow/example_dags/plugins/workday.py for tasks to queue
[2022-08-29T12:38:53.537-0400] {logging_mixin.py:115} INFO - [2022-08-29T12:38:53.537-0400] {dagbag.py:508} INFO - Filling up the DagBag from /home/augenz/PycharmProjects/airflow/.env_airflow/lib/python3.9/site-packages/airflow/example_dags/plugins/workday.py
[2022-08-29T12:38:53.540-0400] {processor.py:652} WARNING - No viable dags retrieved from /home/augenz/PycharmProjects/airflow/.env_airflow/lib/python3.9/site-packages/airflow/example_dags/plugins/workday.py
[2022-08-29T12:38:53.574-0400] {processor.py:161} INFO - Processing /home/augenz/PycharmProjects/airflow/.env_airflow/lib/python3.9/site-packages/airflow/example_dags/plugins/workday.py took 0.044 seconds
[2022-08-29T12:39:23.609-0400] {processor.py:153} INFO - Started process (PID=864) to work on /home/augenz/PycharmProjects/airflow/.env_airflow/lib/python3.9/site-packages/airflow/example_dags/plugins/workday.py
[2022-08-29T12:39:23.619-0400] {processor.py:640} INFO - Processing file /home/augenz/PycharmProjects/airflow/.env_airflow/lib/python3.9/site-packages/airflow/example_dags/plugins/workday.py for tasks to queue
[2022-08-29T12:39:23.620-0400] {logging_mixin.py:115} INFO - [2022-08-29T12:39:23.620-0400] {dagbag.py:508} INFO - Filling up the DagBag from /home/augenz/PycharmProjects/airflow/.env_airflow/lib/python3.9/site-packages/airflow/example_dags/plugins/workday.py
[2022-08-29T12:39:23.624-0400] {processor.py:652} WARNING - No viable dags retrieved from /home/augenz/PycharmProjects/airflow/.env_airflow/lib/python3.9/site-packages/airflow/example_dags/plugins/workday.py
[2022-08-29T12:39:23.655-0400] {processor.py:161} INFO - Processing /home/augenz/PycharmProjects/airflow/.env_airflow/lib/python3.9/site-packages/airflow/example_dags/plugins/workday.py took 0.052 seconds
[2022-08-29T12:39:53.697-0400] {processor.py:153} INFO - Started process (PID=903) to work on /home/augenz/PycharmProjects/airflow/.env_airflow/lib/python3.9/site-packages/airflow/example_dags/plugins/workday.py
[2022-08-29T12:39:53.707-0400] {processor.py:640} INFO - Processing file /home/augenz/PycharmProjects/airflow/.env_airflow/lib/python3.9/site-packages/airflow/example_dags/plugins/workday.py for tasks to queue
[2022-08-29T12:39:53.709-0400] {logging_mixin.py:115} INFO - [2022-08-29T12:39:53.708-0400] {dagbag.py:508} INFO - Filling up the DagBag from /home/augenz/PycharmProjects/airflow/.env_airflow/lib/python3.9/site-packages/airflow/example_dags/plugins/workday.py
[2022-08-29T12:39:53.712-0400] {processor.py:652} WARNING - No viable dags retrieved from /home/augenz/PycharmProjects/airflow/.env_airflow/lib/python3.9/site-packages/airflow/example_dags/plugins/workday.py
[2022-08-29T12:39:53.747-0400] {processor.py:161} INFO - Processing /home/augenz/PycharmProjects/airflow/.env_airflow/lib/python3.9/site-packages/airflow/example_dags/plugins/workday.py took 0.054 seconds
[2022-08-29T12:40:23.921-0400] {processor.py:153} INFO - Started process (PID=938) to work on /home/augenz/PycharmProjects/airflow/.env_airflow/lib/python3.9/site-packages/airflow/example_dags/plugins/workday.py
[2022-08-29T12:40:23.925-0400] {processor.py:640} INFO - Processing file /home/augenz/PycharmProjects/airflow/.env_airflow/lib/python3.9/site-packages/airflow/example_dags/plugins/workday.py for tasks to queue
[2022-08-29T12:40:23.926-0400] {logging_mixin.py:115} INFO - [2022-08-29T12:40:23.926-0400] {dagbag.py:508} INFO - Filling up the DagBag from /home/augenz/PycharmProjects/airflow/.env_airflow/lib/python3.9/site-packages/airflow/example_dags/plugins/workday.py
[2022-08-29T12:40:23.929-0400] {processor.py:652} WARNING - No viable dags retrieved from /home/augenz/PycharmProjects/airflow/.env_airflow/lib/python3.9/site-packages/airflow/example_dags/plugins/workday.py
[2022-08-29T12:40:23.965-0400] {processor.py:161} INFO - Processing /home/augenz/PycharmProjects/airflow/.env_airflow/lib/python3.9/site-packages/airflow/example_dags/plugins/workday.py took 0.049 seconds
[2022-08-29T12:40:54.802-0400] {processor.py:153} INFO - Started process (PID=972) to work on /home/augenz/PycharmProjects/airflow/.env_airflow/lib/python3.9/site-packages/airflow/example_dags/plugins/workday.py
[2022-08-29T12:40:54.807-0400] {processor.py:640} INFO - Processing file /home/augenz/PycharmProjects/airflow/.env_airflow/lib/python3.9/site-packages/airflow/example_dags/plugins/workday.py for tasks to queue
[2022-08-29T12:40:54.808-0400] {logging_mixin.py:115} INFO - [2022-08-29T12:40:54.808-0400] {dagbag.py:508} INFO - Filling up the DagBag from /home/augenz/PycharmProjects/airflow/.env_airflow/lib/python3.9/site-packages/airflow/example_dags/plugins/workday.py
[2022-08-29T12:40:54.811-0400] {processor.py:652} WARNING - No viable dags retrieved from /home/augenz/PycharmProjects/airflow/.env_airflow/lib/python3.9/site-packages/airflow/example_dags/plugins/workday.py
[2022-08-29T12:40:54.846-0400] {processor.py:161} INFO - Processing /home/augenz/PycharmProjects/airflow/.env_airflow/lib/python3.9/site-packages/airflow/example_dags/plugins/workday.py took 0.050 seconds
[2022-08-29T12:41:25.232-0400] {processor.py:153} INFO - Started process (PID=1006) to work on /home/augenz/PycharmProjects/airflow/.env_airflow/lib/python3.9/site-packages/airflow/example_dags/plugins/workday.py
[2022-08-29T12:41:25.240-0400] {processor.py:640} INFO - Processing file /home/augenz/PycharmProjects/airflow/.env_airflow/lib/python3.9/site-packages/airflow/example_dags/plugins/workday.py for tasks to queue
[2022-08-29T12:41:25.241-0400] {logging_mixin.py:115} INFO - [2022-08-29T12:41:25.240-0400] {dagbag.py:508} INFO - Filling up the DagBag from /home/augenz/PycharmProjects/airflow/.env_airflow/lib/python3.9/site-packages/airflow/example_dags/plugins/workday.py
[2022-08-29T12:41:25.243-0400] {processor.py:652} WARNING - No viable dags retrieved from /home/augenz/PycharmProjects/airflow/.env_airflow/lib/python3.9/site-packages/airflow/example_dags/plugins/workday.py
[2022-08-29T12:41:25.280-0400] {processor.py:161} INFO - Processing /home/augenz/PycharmProjects/airflow/.env_airflow/lib/python3.9/site-packages/airflow/example_dags/plugins/workday.py took 0.052 seconds
[2022-08-29T12:41:55.755-0400] {processor.py:153} INFO - Started process (PID=1050) to work on /home/augenz/PycharmProjects/airflow/.env_airflow/lib/python3.9/site-packages/airflow/example_dags/plugins/workday.py
[2022-08-29T12:41:55.758-0400] {processor.py:640} INFO - Processing file /home/augenz/PycharmProjects/airflow/.env_airflow/lib/python3.9/site-packages/airflow/example_dags/plugins/workday.py for tasks to queue
[2022-08-29T12:41:55.759-0400] {logging_mixin.py:115} INFO - [2022-08-29T12:41:55.759-0400] {dagbag.py:508} INFO - Filling up the DagBag from /home/augenz/PycharmProjects/airflow/.env_airflow/lib/python3.9/site-packages/airflow/example_dags/plugins/workday.py
[2022-08-29T12:41:55.762-0400] {processor.py:652} WARNING - No viable dags retrieved from /home/augenz/PycharmProjects/airflow/.env_airflow/lib/python3.9/site-packages/airflow/example_dags/plugins/workday.py
[2022-08-29T12:41:55.798-0400] {processor.py:161} INFO - Processing /home/augenz/PycharmProjects/airflow/.env_airflow/lib/python3.9/site-packages/airflow/example_dags/plugins/workday.py took 0.048 seconds
[2022-08-29T12:42:25.926-0400] {processor.py:153} INFO - Started process (PID=1082) to work on /home/augenz/PycharmProjects/airflow/.env_airflow/lib/python3.9/site-packages/airflow/example_dags/plugins/workday.py
[2022-08-29T12:42:25.930-0400] {processor.py:640} INFO - Processing file /home/augenz/PycharmProjects/airflow/.env_airflow/lib/python3.9/site-packages/airflow/example_dags/plugins/workday.py for tasks to queue
[2022-08-29T12:42:25.931-0400] {logging_mixin.py:115} INFO - [2022-08-29T12:42:25.931-0400] {dagbag.py:508} INFO - Filling up the DagBag from /home/augenz/PycharmProjects/airflow/.env_airflow/lib/python3.9/site-packages/airflow/example_dags/plugins/workday.py
[2022-08-29T12:42:25.934-0400] {processor.py:652} WARNING - No viable dags retrieved from /home/augenz/PycharmProjects/airflow/.env_airflow/lib/python3.9/site-packages/airflow/example_dags/plugins/workday.py
[2022-08-29T12:42:25.968-0400] {processor.py:161} INFO - Processing /home/augenz/PycharmProjects/airflow/.env_airflow/lib/python3.9/site-packages/airflow/example_dags/plugins/workday.py took 0.048 seconds
[2022-08-29T12:42:56.981-0400] {processor.py:153} INFO - Started process (PID=1116) to work on /home/augenz/PycharmProjects/airflow/.env_airflow/lib/python3.9/site-packages/airflow/example_dags/plugins/workday.py
[2022-08-29T12:42:56.992-0400] {processor.py:640} INFO - Processing file /home/augenz/PycharmProjects/airflow/.env_airflow/lib/python3.9/site-packages/airflow/example_dags/plugins/workday.py for tasks to queue
[2022-08-29T12:42:56.993-0400] {logging_mixin.py:115} INFO - [2022-08-29T12:42:56.993-0400] {dagbag.py:508} INFO - Filling up the DagBag from /home/augenz/PycharmProjects/airflow/.env_airflow/lib/python3.9/site-packages/airflow/example_dags/plugins/workday.py
[2022-08-29T12:42:56.997-0400] {processor.py:652} WARNING - No viable dags retrieved from /home/augenz/PycharmProjects/airflow/.env_airflow/lib/python3.9/site-packages/airflow/example_dags/plugins/workday.py
[2022-08-29T12:42:57.033-0400] {processor.py:161} INFO - Processing /home/augenz/PycharmProjects/airflow/.env_airflow/lib/python3.9/site-packages/airflow/example_dags/plugins/workday.py took 0.058 seconds
[2022-08-29T12:43:27.142-0400] {processor.py:153} INFO - Started process (PID=1151) to work on /home/augenz/PycharmProjects/airflow/.env_airflow/lib/python3.9/site-packages/airflow/example_dags/plugins/workday.py
[2022-08-29T12:43:27.146-0400] {processor.py:640} INFO - Processing file /home/augenz/PycharmProjects/airflow/.env_airflow/lib/python3.9/site-packages/airflow/example_dags/plugins/workday.py for tasks to queue
[2022-08-29T12:43:27.147-0400] {logging_mixin.py:115} INFO - [2022-08-29T12:43:27.147-0400] {dagbag.py:508} INFO - Filling up the DagBag from /home/augenz/PycharmProjects/airflow/.env_airflow/lib/python3.9/site-packages/airflow/example_dags/plugins/workday.py
[2022-08-29T12:43:27.151-0400] {processor.py:652} WARNING - No viable dags retrieved from /home/augenz/PycharmProjects/airflow/.env_airflow/lib/python3.9/site-packages/airflow/example_dags/plugins/workday.py
[2022-08-29T12:43:27.186-0400] {processor.py:161} INFO - Processing /home/augenz/PycharmProjects/airflow/.env_airflow/lib/python3.9/site-packages/airflow/example_dags/plugins/workday.py took 0.048 seconds
[2022-08-29T12:43:57.281-0400] {processor.py:153} INFO - Started process (PID=1183) to work on /home/augenz/PycharmProjects/airflow/.env_airflow/lib/python3.9/site-packages/airflow/example_dags/plugins/workday.py
[2022-08-29T12:43:57.293-0400] {processor.py:640} INFO - Processing file /home/augenz/PycharmProjects/airflow/.env_airflow/lib/python3.9/site-packages/airflow/example_dags/plugins/workday.py for tasks to queue
[2022-08-29T12:43:57.294-0400] {logging_mixin.py:115} INFO - [2022-08-29T12:43:57.293-0400] {dagbag.py:508} INFO - Filling up the DagBag from /home/augenz/PycharmProjects/airflow/.env_airflow/lib/python3.9/site-packages/airflow/example_dags/plugins/workday.py
[2022-08-29T12:43:57.296-0400] {processor.py:652} WARNING - No viable dags retrieved from /home/augenz/PycharmProjects/airflow/.env_airflow/lib/python3.9/site-packages/airflow/example_dags/plugins/workday.py
[2022-08-29T12:43:57.327-0400] {processor.py:161} INFO - Processing /home/augenz/PycharmProjects/airflow/.env_airflow/lib/python3.9/site-packages/airflow/example_dags/plugins/workday.py took 0.051 seconds
[2022-08-29T12:44:27.499-0400] {processor.py:153} INFO - Started process (PID=1217) to work on /home/augenz/PycharmProjects/airflow/.env_airflow/lib/python3.9/site-packages/airflow/example_dags/plugins/workday.py
[2022-08-29T12:44:27.504-0400] {processor.py:640} INFO - Processing file /home/augenz/PycharmProjects/airflow/.env_airflow/lib/python3.9/site-packages/airflow/example_dags/plugins/workday.py for tasks to queue
[2022-08-29T12:44:27.505-0400] {logging_mixin.py:115} INFO - [2022-08-29T12:44:27.505-0400] {dagbag.py:508} INFO - Filling up the DagBag from /home/augenz/PycharmProjects/airflow/.env_airflow/lib/python3.9/site-packages/airflow/example_dags/plugins/workday.py
[2022-08-29T12:44:27.507-0400] {processor.py:652} WARNING - No viable dags retrieved from /home/augenz/PycharmProjects/airflow/.env_airflow/lib/python3.9/site-packages/airflow/example_dags/plugins/workday.py
[2022-08-29T12:44:27.542-0400] {processor.py:161} INFO - Processing /home/augenz/PycharmProjects/airflow/.env_airflow/lib/python3.9/site-packages/airflow/example_dags/plugins/workday.py took 0.048 seconds
[2022-08-29T12:44:57.703-0400] {processor.py:153} INFO - Started process (PID=1264) to work on /home/augenz/PycharmProjects/airflow/.env_airflow/lib/python3.9/site-packages/airflow/example_dags/plugins/workday.py
[2022-08-29T12:44:57.705-0400] {processor.py:640} INFO - Processing file /home/augenz/PycharmProjects/airflow/.env_airflow/lib/python3.9/site-packages/airflow/example_dags/plugins/workday.py for tasks to queue
[2022-08-29T12:44:57.707-0400] {logging_mixin.py:115} INFO - [2022-08-29T12:44:57.706-0400] {dagbag.py:508} INFO - Filling up the DagBag from /home/augenz/PycharmProjects/airflow/.env_airflow/lib/python3.9/site-packages/airflow/example_dags/plugins/workday.py
[2022-08-29T12:44:57.710-0400] {processor.py:652} WARNING - No viable dags retrieved from /home/augenz/PycharmProjects/airflow/.env_airflow/lib/python3.9/site-packages/airflow/example_dags/plugins/workday.py
[2022-08-29T12:44:57.746-0400] {processor.py:161} INFO - Processing /home/augenz/PycharmProjects/airflow/.env_airflow/lib/python3.9/site-packages/airflow/example_dags/plugins/workday.py took 0.048 seconds
[2022-08-29T12:45:27.898-0400] {processor.py:153} INFO - Started process (PID=1297) to work on /home/augenz/PycharmProjects/airflow/.env_airflow/lib/python3.9/site-packages/airflow/example_dags/plugins/workday.py
[2022-08-29T12:45:27.910-0400] {processor.py:640} INFO - Processing file /home/augenz/PycharmProjects/airflow/.env_airflow/lib/python3.9/site-packages/airflow/example_dags/plugins/workday.py for tasks to queue
[2022-08-29T12:45:27.911-0400] {logging_mixin.py:115} INFO - [2022-08-29T12:45:27.911-0400] {dagbag.py:508} INFO - Filling up the DagBag from /home/augenz/PycharmProjects/airflow/.env_airflow/lib/python3.9/site-packages/airflow/example_dags/plugins/workday.py
[2022-08-29T12:45:27.914-0400] {processor.py:652} WARNING - No viable dags retrieved from /home/augenz/PycharmProjects/airflow/.env_airflow/lib/python3.9/site-packages/airflow/example_dags/plugins/workday.py
[2022-08-29T12:45:27.943-0400] {processor.py:161} INFO - Processing /home/augenz/PycharmProjects/airflow/.env_airflow/lib/python3.9/site-packages/airflow/example_dags/plugins/workday.py took 0.051 seconds
[2022-08-29T12:45:58.729-0400] {processor.py:153} INFO - Started process (PID=1332) to work on /home/augenz/PycharmProjects/airflow/.env_airflow/lib/python3.9/site-packages/airflow/example_dags/plugins/workday.py
[2022-08-29T12:45:58.733-0400] {processor.py:640} INFO - Processing file /home/augenz/PycharmProjects/airflow/.env_airflow/lib/python3.9/site-packages/airflow/example_dags/plugins/workday.py for tasks to queue
[2022-08-29T12:45:58.734-0400] {logging_mixin.py:115} INFO - [2022-08-29T12:45:58.734-0400] {dagbag.py:508} INFO - Filling up the DagBag from /home/augenz/PycharmProjects/airflow/.env_airflow/lib/python3.9/site-packages/airflow/example_dags/plugins/workday.py
[2022-08-29T12:45:58.738-0400] {processor.py:652} WARNING - No viable dags retrieved from /home/augenz/PycharmProjects/airflow/.env_airflow/lib/python3.9/site-packages/airflow/example_dags/plugins/workday.py
[2022-08-29T12:45:58.772-0400] {processor.py:161} INFO - Processing /home/augenz/PycharmProjects/airflow/.env_airflow/lib/python3.9/site-packages/airflow/example_dags/plugins/workday.py took 0.048 seconds
[2022-08-29T12:46:28.908-0400] {processor.py:153} INFO - Started process (PID=1366) to work on /home/augenz/PycharmProjects/airflow/.env_airflow/lib/python3.9/site-packages/airflow/example_dags/plugins/workday.py
[2022-08-29T12:46:28.913-0400] {processor.py:640} INFO - Processing file /home/augenz/PycharmProjects/airflow/.env_airflow/lib/python3.9/site-packages/airflow/example_dags/plugins/workday.py for tasks to queue
[2022-08-29T12:46:28.913-0400] {logging_mixin.py:115} INFO - [2022-08-29T12:46:28.913-0400] {dagbag.py:508} INFO - Filling up the DagBag from /home/augenz/PycharmProjects/airflow/.env_airflow/lib/python3.9/site-packages/airflow/example_dags/plugins/workday.py
[2022-08-29T12:46:28.916-0400] {processor.py:652} WARNING - No viable dags retrieved from /home/augenz/PycharmProjects/airflow/.env_airflow/lib/python3.9/site-packages/airflow/example_dags/plugins/workday.py
[2022-08-29T12:46:28.953-0400] {processor.py:161} INFO - Processing /home/augenz/PycharmProjects/airflow/.env_airflow/lib/python3.9/site-packages/airflow/example_dags/plugins/workday.py took 0.053 seconds
[2022-08-29T12:46:59.821-0400] {processor.py:153} INFO - Started process (PID=1401) to work on /home/augenz/PycharmProjects/airflow/.env_airflow/lib/python3.9/site-packages/airflow/example_dags/plugins/workday.py
[2022-08-29T12:46:59.826-0400] {processor.py:640} INFO - Processing file /home/augenz/PycharmProjects/airflow/.env_airflow/lib/python3.9/site-packages/airflow/example_dags/plugins/workday.py for tasks to queue
[2022-08-29T12:46:59.827-0400] {logging_mixin.py:115} INFO - [2022-08-29T12:46:59.827-0400] {dagbag.py:508} INFO - Filling up the DagBag from /home/augenz/PycharmProjects/airflow/.env_airflow/lib/python3.9/site-packages/airflow/example_dags/plugins/workday.py
[2022-08-29T12:46:59.830-0400] {processor.py:652} WARNING - No viable dags retrieved from /home/augenz/PycharmProjects/airflow/.env_airflow/lib/python3.9/site-packages/airflow/example_dags/plugins/workday.py
[2022-08-29T12:46:59.865-0400] {processor.py:161} INFO - Processing /home/augenz/PycharmProjects/airflow/.env_airflow/lib/python3.9/site-packages/airflow/example_dags/plugins/workday.py took 0.049 seconds
[2022-08-29T12:47:30.044-0400] {processor.py:153} INFO - Started process (PID=1443) to work on /home/augenz/PycharmProjects/airflow/.env_airflow/lib/python3.9/site-packages/airflow/example_dags/plugins/workday.py
[2022-08-29T12:47:30.046-0400] {processor.py:640} INFO - Processing file /home/augenz/PycharmProjects/airflow/.env_airflow/lib/python3.9/site-packages/airflow/example_dags/plugins/workday.py for tasks to queue
[2022-08-29T12:47:30.047-0400] {logging_mixin.py:115} INFO - [2022-08-29T12:47:30.047-0400] {dagbag.py:508} INFO - Filling up the DagBag from /home/augenz/PycharmProjects/airflow/.env_airflow/lib/python3.9/site-packages/airflow/example_dags/plugins/workday.py
[2022-08-29T12:47:30.050-0400] {processor.py:652} WARNING - No viable dags retrieved from /home/augenz/PycharmProjects/airflow/.env_airflow/lib/python3.9/site-packages/airflow/example_dags/plugins/workday.py
[2022-08-29T12:47:30.086-0400] {processor.py:161} INFO - Processing /home/augenz/PycharmProjects/airflow/.env_airflow/lib/python3.9/site-packages/airflow/example_dags/plugins/workday.py took 0.049 seconds
[2022-08-29T12:48:00.251-0400] {processor.py:153} INFO - Started process (PID=1477) to work on /home/augenz/PycharmProjects/airflow/.env_airflow/lib/python3.9/site-packages/airflow/example_dags/plugins/workday.py
[2022-08-29T12:48:00.254-0400] {processor.py:640} INFO - Processing file /home/augenz/PycharmProjects/airflow/.env_airflow/lib/python3.9/site-packages/airflow/example_dags/plugins/workday.py for tasks to queue
[2022-08-29T12:48:00.256-0400] {logging_mixin.py:115} INFO - [2022-08-29T12:48:00.255-0400] {dagbag.py:508} INFO - Filling up the DagBag from /home/augenz/PycharmProjects/airflow/.env_airflow/lib/python3.9/site-packages/airflow/example_dags/plugins/workday.py
[2022-08-29T12:48:00.260-0400] {processor.py:652} WARNING - No viable dags retrieved from /home/augenz/PycharmProjects/airflow/.env_airflow/lib/python3.9/site-packages/airflow/example_dags/plugins/workday.py
[2022-08-29T12:48:00.294-0400] {processor.py:161} INFO - Processing /home/augenz/PycharmProjects/airflow/.env_airflow/lib/python3.9/site-packages/airflow/example_dags/plugins/workday.py took 0.049 seconds
[2022-08-29T12:48:30.985-0400] {processor.py:153} INFO - Started process (PID=1509) to work on /home/augenz/PycharmProjects/airflow/.env_airflow/lib/python3.9/site-packages/airflow/example_dags/plugins/workday.py
[2022-08-29T12:48:30.990-0400] {processor.py:640} INFO - Processing file /home/augenz/PycharmProjects/airflow/.env_airflow/lib/python3.9/site-packages/airflow/example_dags/plugins/workday.py for tasks to queue
[2022-08-29T12:48:30.991-0400] {logging_mixin.py:115} INFO - [2022-08-29T12:48:30.991-0400] {dagbag.py:508} INFO - Filling up the DagBag from /home/augenz/PycharmProjects/airflow/.env_airflow/lib/python3.9/site-packages/airflow/example_dags/plugins/workday.py
[2022-08-29T12:48:30.994-0400] {processor.py:652} WARNING - No viable dags retrieved from /home/augenz/PycharmProjects/airflow/.env_airflow/lib/python3.9/site-packages/airflow/example_dags/plugins/workday.py
[2022-08-29T12:48:31.026-0400] {processor.py:161} INFO - Processing /home/augenz/PycharmProjects/airflow/.env_airflow/lib/python3.9/site-packages/airflow/example_dags/plugins/workday.py took 0.045 seconds
[2022-08-29T12:49:01.104-0400] {processor.py:153} INFO - Started process (PID=1544) to work on /home/augenz/PycharmProjects/airflow/.env_airflow/lib/python3.9/site-packages/airflow/example_dags/plugins/workday.py
[2022-08-29T12:49:01.108-0400] {processor.py:640} INFO - Processing file /home/augenz/PycharmProjects/airflow/.env_airflow/lib/python3.9/site-packages/airflow/example_dags/plugins/workday.py for tasks to queue
[2022-08-29T12:49:01.108-0400] {logging_mixin.py:115} INFO - [2022-08-29T12:49:01.108-0400] {dagbag.py:508} INFO - Filling up the DagBag from /home/augenz/PycharmProjects/airflow/.env_airflow/lib/python3.9/site-packages/airflow/example_dags/plugins/workday.py
[2022-08-29T12:49:01.111-0400] {processor.py:652} WARNING - No viable dags retrieved from /home/augenz/PycharmProjects/airflow/.env_airflow/lib/python3.9/site-packages/airflow/example_dags/plugins/workday.py
[2022-08-29T12:49:01.149-0400] {processor.py:161} INFO - Processing /home/augenz/PycharmProjects/airflow/.env_airflow/lib/python3.9/site-packages/airflow/example_dags/plugins/workday.py took 0.050 seconds
[2022-08-29T12:49:31.707-0400] {processor.py:153} INFO - Started process (PID=1588) to work on /home/augenz/PycharmProjects/airflow/.env_airflow/lib/python3.9/site-packages/airflow/example_dags/plugins/workday.py
[2022-08-29T12:49:31.710-0400] {processor.py:640} INFO - Processing file /home/augenz/PycharmProjects/airflow/.env_airflow/lib/python3.9/site-packages/airflow/example_dags/plugins/workday.py for tasks to queue
[2022-08-29T12:49:31.711-0400] {logging_mixin.py:115} INFO - [2022-08-29T12:49:31.711-0400] {dagbag.py:508} INFO - Filling up the DagBag from /home/augenz/PycharmProjects/airflow/.env_airflow/lib/python3.9/site-packages/airflow/example_dags/plugins/workday.py
[2022-08-29T12:49:31.713-0400] {processor.py:652} WARNING - No viable dags retrieved from /home/augenz/PycharmProjects/airflow/.env_airflow/lib/python3.9/site-packages/airflow/example_dags/plugins/workday.py
[2022-08-29T12:49:31.748-0400] {processor.py:161} INFO - Processing /home/augenz/PycharmProjects/airflow/.env_airflow/lib/python3.9/site-packages/airflow/example_dags/plugins/workday.py took 0.047 seconds
[2022-08-29T12:50:02.002-0400] {processor.py:153} INFO - Started process (PID=1620) to work on /home/augenz/PycharmProjects/airflow/.env_airflow/lib/python3.9/site-packages/airflow/example_dags/plugins/workday.py
[2022-08-29T12:50:02.020-0400] {processor.py:640} INFO - Processing file /home/augenz/PycharmProjects/airflow/.env_airflow/lib/python3.9/site-packages/airflow/example_dags/plugins/workday.py for tasks to queue
[2022-08-29T12:50:02.022-0400] {logging_mixin.py:115} INFO - [2022-08-29T12:50:02.022-0400] {dagbag.py:508} INFO - Filling up the DagBag from /home/augenz/PycharmProjects/airflow/.env_airflow/lib/python3.9/site-packages/airflow/example_dags/plugins/workday.py
[2022-08-29T12:50:02.027-0400] {processor.py:652} WARNING - No viable dags retrieved from /home/augenz/PycharmProjects/airflow/.env_airflow/lib/python3.9/site-packages/airflow/example_dags/plugins/workday.py
[2022-08-29T12:50:02.073-0400] {processor.py:161} INFO - Processing /home/augenz/PycharmProjects/airflow/.env_airflow/lib/python3.9/site-packages/airflow/example_dags/plugins/workday.py took 0.082 seconds
[2022-08-29T12:50:32.832-0400] {processor.py:153} INFO - Started process (PID=1658) to work on /home/augenz/PycharmProjects/airflow/.env_airflow/lib/python3.9/site-packages/airflow/example_dags/plugins/workday.py
[2022-08-29T12:50:32.835-0400] {processor.py:640} INFO - Processing file /home/augenz/PycharmProjects/airflow/.env_airflow/lib/python3.9/site-packages/airflow/example_dags/plugins/workday.py for tasks to queue
[2022-08-29T12:50:32.836-0400] {logging_mixin.py:115} INFO - [2022-08-29T12:50:32.836-0400] {dagbag.py:508} INFO - Filling up the DagBag from /home/augenz/PycharmProjects/airflow/.env_airflow/lib/python3.9/site-packages/airflow/example_dags/plugins/workday.py
[2022-08-29T12:50:32.842-0400] {processor.py:652} WARNING - No viable dags retrieved from /home/augenz/PycharmProjects/airflow/.env_airflow/lib/python3.9/site-packages/airflow/example_dags/plugins/workday.py
[2022-08-29T12:50:32.910-0400] {processor.py:161} INFO - Processing /home/augenz/PycharmProjects/airflow/.env_airflow/lib/python3.9/site-packages/airflow/example_dags/plugins/workday.py took 0.090 seconds
[2022-08-29T12:51:03.376-0400] {processor.py:153} INFO - Started process (PID=1690) to work on /home/augenz/PycharmProjects/airflow/.env_airflow/lib/python3.9/site-packages/airflow/example_dags/plugins/workday.py
[2022-08-29T12:51:03.380-0400] {processor.py:640} INFO - Processing file /home/augenz/PycharmProjects/airflow/.env_airflow/lib/python3.9/site-packages/airflow/example_dags/plugins/workday.py for tasks to queue
[2022-08-29T12:51:03.381-0400] {logging_mixin.py:115} INFO - [2022-08-29T12:51:03.381-0400] {dagbag.py:508} INFO - Filling up the DagBag from /home/augenz/PycharmProjects/airflow/.env_airflow/lib/python3.9/site-packages/airflow/example_dags/plugins/workday.py
[2022-08-29T12:51:03.384-0400] {processor.py:652} WARNING - No viable dags retrieved from /home/augenz/PycharmProjects/airflow/.env_airflow/lib/python3.9/site-packages/airflow/example_dags/plugins/workday.py
[2022-08-29T12:51:03.419-0400] {processor.py:161} INFO - Processing /home/augenz/PycharmProjects/airflow/.env_airflow/lib/python3.9/site-packages/airflow/example_dags/plugins/workday.py took 0.047 seconds
[2022-08-29T12:51:33.544-0400] {processor.py:153} INFO - Started process (PID=1727) to work on /home/augenz/PycharmProjects/airflow/.env_airflow/lib/python3.9/site-packages/airflow/example_dags/plugins/workday.py
[2022-08-29T12:51:33.547-0400] {processor.py:640} INFO - Processing file /home/augenz/PycharmProjects/airflow/.env_airflow/lib/python3.9/site-packages/airflow/example_dags/plugins/workday.py for tasks to queue
[2022-08-29T12:51:33.548-0400] {logging_mixin.py:115} INFO - [2022-08-29T12:51:33.548-0400] {dagbag.py:508} INFO - Filling up the DagBag from /home/augenz/PycharmProjects/airflow/.env_airflow/lib/python3.9/site-packages/airflow/example_dags/plugins/workday.py
[2022-08-29T12:51:33.551-0400] {processor.py:652} WARNING - No viable dags retrieved from /home/augenz/PycharmProjects/airflow/.env_airflow/lib/python3.9/site-packages/airflow/example_dags/plugins/workday.py
[2022-08-29T12:51:33.583-0400] {processor.py:161} INFO - Processing /home/augenz/PycharmProjects/airflow/.env_airflow/lib/python3.9/site-packages/airflow/example_dags/plugins/workday.py took 0.043 seconds
[2022-08-29T12:52:03.669-0400] {processor.py:153} INFO - Started process (PID=1757) to work on /home/augenz/PycharmProjects/airflow/.env_airflow/lib/python3.9/site-packages/airflow/example_dags/plugins/workday.py
[2022-08-29T12:52:03.686-0400] {processor.py:640} INFO - Processing file /home/augenz/PycharmProjects/airflow/.env_airflow/lib/python3.9/site-packages/airflow/example_dags/plugins/workday.py for tasks to queue
[2022-08-29T12:52:03.687-0400] {logging_mixin.py:115} INFO - [2022-08-29T12:52:03.687-0400] {dagbag.py:508} INFO - Filling up the DagBag from /home/augenz/PycharmProjects/airflow/.env_airflow/lib/python3.9/site-packages/airflow/example_dags/plugins/workday.py
[2022-08-29T12:52:03.690-0400] {processor.py:652} WARNING - No viable dags retrieved from /home/augenz/PycharmProjects/airflow/.env_airflow/lib/python3.9/site-packages/airflow/example_dags/plugins/workday.py
[2022-08-29T12:52:03.721-0400] {processor.py:161} INFO - Processing /home/augenz/PycharmProjects/airflow/.env_airflow/lib/python3.9/site-packages/airflow/example_dags/plugins/workday.py took 0.058 seconds
[2022-08-29T12:52:34.720-0400] {processor.py:153} INFO - Started process (PID=1791) to work on /home/augenz/PycharmProjects/airflow/.env_airflow/lib/python3.9/site-packages/airflow/example_dags/plugins/workday.py
[2022-08-29T12:52:34.724-0400] {processor.py:640} INFO - Processing file /home/augenz/PycharmProjects/airflow/.env_airflow/lib/python3.9/site-packages/airflow/example_dags/plugins/workday.py for tasks to queue
[2022-08-29T12:52:34.725-0400] {logging_mixin.py:115} INFO - [2022-08-29T12:52:34.725-0400] {dagbag.py:508} INFO - Filling up the DagBag from /home/augenz/PycharmProjects/airflow/.env_airflow/lib/python3.9/site-packages/airflow/example_dags/plugins/workday.py
[2022-08-29T12:52:34.728-0400] {processor.py:652} WARNING - No viable dags retrieved from /home/augenz/PycharmProjects/airflow/.env_airflow/lib/python3.9/site-packages/airflow/example_dags/plugins/workday.py
[2022-08-29T12:52:34.759-0400] {processor.py:161} INFO - Processing /home/augenz/PycharmProjects/airflow/.env_airflow/lib/python3.9/site-packages/airflow/example_dags/plugins/workday.py took 0.044 seconds
[2022-08-29T12:53:05.731-0400] {processor.py:153} INFO - Started process (PID=1828) to work on /home/augenz/PycharmProjects/airflow/.env_airflow/lib/python3.9/site-packages/airflow/example_dags/plugins/workday.py
[2022-08-29T12:53:05.735-0400] {processor.py:640} INFO - Processing file /home/augenz/PycharmProjects/airflow/.env_airflow/lib/python3.9/site-packages/airflow/example_dags/plugins/workday.py for tasks to queue
[2022-08-29T12:53:05.737-0400] {logging_mixin.py:115} INFO - [2022-08-29T12:53:05.737-0400] {dagbag.py:508} INFO - Filling up the DagBag from /home/augenz/PycharmProjects/airflow/.env_airflow/lib/python3.9/site-packages/airflow/example_dags/plugins/workday.py
[2022-08-29T12:53:05.740-0400] {processor.py:652} WARNING - No viable dags retrieved from /home/augenz/PycharmProjects/airflow/.env_airflow/lib/python3.9/site-packages/airflow/example_dags/plugins/workday.py
[2022-08-29T12:53:05.774-0400] {processor.py:161} INFO - Processing /home/augenz/PycharmProjects/airflow/.env_airflow/lib/python3.9/site-packages/airflow/example_dags/plugins/workday.py took 0.051 seconds
[2022-08-29T12:53:36.526-0400] {processor.py:153} INFO - Started process (PID=1862) to work on /home/augenz/PycharmProjects/airflow/.env_airflow/lib/python3.9/site-packages/airflow/example_dags/plugins/workday.py
[2022-08-29T12:53:36.531-0400] {processor.py:640} INFO - Processing file /home/augenz/PycharmProjects/airflow/.env_airflow/lib/python3.9/site-packages/airflow/example_dags/plugins/workday.py for tasks to queue
[2022-08-29T12:53:36.532-0400] {logging_mixin.py:115} INFO - [2022-08-29T12:53:36.532-0400] {dagbag.py:508} INFO - Filling up the DagBag from /home/augenz/PycharmProjects/airflow/.env_airflow/lib/python3.9/site-packages/airflow/example_dags/plugins/workday.py
[2022-08-29T12:53:36.536-0400] {processor.py:652} WARNING - No viable dags retrieved from /home/augenz/PycharmProjects/airflow/.env_airflow/lib/python3.9/site-packages/airflow/example_dags/plugins/workday.py
[2022-08-29T12:53:36.572-0400] {processor.py:161} INFO - Processing /home/augenz/PycharmProjects/airflow/.env_airflow/lib/python3.9/site-packages/airflow/example_dags/plugins/workday.py took 0.051 seconds
